SOLUTION
1 n110w4

ASSIGNMENTS = 375
HN_0 Tue Early HeadNurse
HN_0 Wed Early HeadNurse
HN_0 Thu Day HeadNurse
HN_0 Fri Day HeadNurse
HN_0 Sat Late Nurse
HN_0 Sun Late Nurse
HN_1 Mon Late HeadNurse
HN_1 Tue Late HeadNurse
HN_2 Wed Early Nurse
HN_2 Thu Early HeadNurse
HN_2 Fri Early HeadNurse
HN_3 Mon Late HeadNurse
HN_3 Tue Late HeadNurse
HN_3 Wed Late HeadNurse
HN_3 Thu Late HeadNurse
HN_3 Fri Late HeadNurse
HN_4 Mon Early HeadNurse
HN_4 Tue Early Nurse
HN_4 Wed Day HeadNurse
HN_4 Thu Day HeadNurse
HN_5 Wed Day Nurse
HN_5 Thu Day Nurse
HN_5 Fri Day HeadNurse
HN_6 Mon Early HeadNurse
HN_6 Tue Early Nurse
HN_6 Wed Late HeadNurse
HN_6 Thu Late HeadNurse
HN_6 Fri Late HeadNurse
HN_7 Mon Early Nurse
HN_7 Tue Early Nurse
HN_7 Wed Early Nurse
HN_7 Thu Early Nurse
HN_8 Fri Early Nurse
HN_8 Sat Early Nurse
HN_8 Sun Early Nurse
HN_9 Mon Day HeadNurse
HN_10 Tue Night HeadNurse
HN_10 Wed Night HeadNurse
HN_10 Thu Night HeadNurse
HN_10 Fri Night HeadNurse
HN_11 Mon Late Nurse
HN_11 Tue Late Nurse
HN_12 Mon Early Nurse
HN_13 Mon Night HeadNurse
HN_13 Tue Night HeadNurse
HN_13 Wed Night Nurse
HN_14 Sat Day HeadNurse
HN_14 Sun Day HeadNurse
HN_15 Mon Night HeadNurse
HN_15 Tue Night Nurse
HN_15 Sat Day Nurse
HN_15 Sun Day Nurse
HN_16 Mon Day Nurse
HN_16 Tue Day Nurse
HN_16 Wed Day Nurse
HN_16 Thu Late Nurse
HN_16 Fri Late Nurse
HN_17 Fri Night HeadNurse
HN_17 Sat Night HeadNurse
HN_17 Sun Night HeadNurse
HN_18 Mon Night Nurse
HN_18 Tue Night Nurse
HN_18 Fri Day Nurse
HN_18 Sat Day Nurse
HN_18 Sun Day Nurse
HN_19 Mon Late Nurse
HN_19 Tue Late Nurse
HN_19 Wed Late Nurse
HN_19 Thu Late Nurse
HN_19 Fri Late Nurse
NU_20 Sat Early Caretaker
NU_20 Sun Early Caretaker
NU_21 Mon Day Nurse
NU_21 Tue Day Nurse
NU_21 Wed Early Caretaker
NU_21 Thu Early Nurse
NU_21 Fri Early Nurse
NU_22 Mon Day Nurse
NU_22 Tue Day Caretaker
NU_22 Fri Late Nurse
NU_22 Sat Late Nurse
NU_22 Sun Late Caretaker
NU_23 Thu Night Nurse
NU_23 Fri Night Nurse
NU_23 Sat Night Nurse
NU_23 Sun Night Nurse
NU_24 Mon Day Nurse
NU_24 Tue Day Caretaker
NU_24 Wed Day Nurse
NU_25 Mon Day Caretaker
NU_26 Thu Day Nurse
NU_26 Fri Day Nurse
NU_27 Mon Late Nurse
NU_27 Tue Late Nurse
NU_28 Mon Late Caretaker
NU_28 Tue Late Caretaker
NU_29 Mon Night Nurse
NU_29 Fri Day Nurse
NU_29 Sat Day Caretaker
NU_29 Sun Day Caretaker
NU_30 Fri Night Nurse
NU_30 Sat Night Caretaker
NU_30 Sun Night Nurse
NU_31 Mon Night Nurse
NU_31 Tue Night Caretaker
NU_31 Wed Night Nurse
NU_31 Thu Night Nurse
NU_31 Fri Night Nurse
NU_32 Wed Late Nurse
NU_32 Thu Late Nurse
NU_32 Fri Late Nurse
NU_33 Mon Night Caretaker
NU_33 Tue Night Caretaker
NU_33 Wed Night Caretaker
NU_33 Thu Night Caretaker
NU_33 Fri Night Nurse
NU_34 Thu Late Nurse
NU_34 Fri Late Caretaker
NU_35 Mon Late Caretaker
NU_35 Tue Late Caretaker
NU_35 Wed Late Nurse
NU_36 Sat Late Caretaker
NU_36 Sun Late Caretaker
NU_37 Mon Early Nurse
NU_38 Mon Day Caretaker
NU_38 Thu Day Nurse
NU_38 Fri Day Nurse
NU_38 Sat Early Caretaker
NU_38 Sun Early Caretaker
NU_39 Tue Early Caretaker
NU_39 Wed Early Caretaker
NU_39 Thu Early Nurse
NU_39 Fri Early Caretaker
CT_40 Mon Early Caretaker
CT_40 Tue Early Caretaker
CT_40 Fri Day Caretaker
CT_40 Sat Day Caretaker
CT_41 Mon Night Caretaker
CT_41 Tue Night Caretaker
CT_42 Mon Late Caretaker
CT_42 Thu Night Caretaker
CT_42 Fri Night Caretaker
CT_42 Sat Night Caretaker
CT_42 Sun Night Caretaker
CT_43 Thu Early Caretaker
CT_43 Fri Early Caretaker
CT_44 Fri Late Caretaker
CT_44 Sat Late Caretaker
CT_44 Sun Late Caretaker
CT_45 Wed Day Caretaker
CT_45 Thu Day Caretaker
CT_45 Fri Day Caretaker
CT_45 Sat Early Caretaker
CT_45 Sun Early Caretaker
CT_46 Mon Early Caretaker
CT_47 Mon Night Caretaker
CT_47 Tue Night Caretaker
CT_47 Wed Night Caretaker
CT_47 Thu Night Caretaker
CT_47 Fri Night Caretaker
CT_48 Mon Day Caretaker
CT_49 Mon Early Caretaker
CT_49 Tue Early Caretaker
CT_49 Wed Early Caretaker
CT_49 Thu Early Caretaker
CT_49 Fri Early Caretaker
CT_50 Wed Day Caretaker
CT_50 Thu Day Caretaker
CT_50 Fri Early Caretaker
CT_50 Sat Early Caretaker
CT_50 Sun Day Caretaker
CT_51 Mon Day Caretaker
CT_51 Tue Day Caretaker
CT_51 Wed Early Caretaker
CT_51 Thu Early Caretaker
CT_51 Fri Early Caretaker
CT_52 Mon Night Caretaker
CT_52 Tue Night Caretaker
CT_52 Wed Night Caretaker
CT_52 Thu Night Caretaker
CT_52 Fri Night Caretaker
CT_53 Fri Night Caretaker
CT_53 Sat Night Caretaker
CT_53 Sun Night Caretaker
CT_54 Mon Night Caretaker
CT_54 Tue Night Caretaker
CT_54 Wed Night Caretaker
CT_54 Thu Night Caretaker
CT_54 Fri Night Caretaker
CT_55 Fri Late Caretaker
CT_55 Sat Late Caretaker
CT_56 Mon Early Caretaker
CT_57 Mon Day Caretaker
CT_57 Tue Day Caretaker
CT_57 Wed Late Caretaker
CT_57 Thu Late Caretaker
CT_57 Fri Late Caretaker
CT_59 Tue Late Caretaker
CT_59 Wed Late Caretaker
CT_59 Thu Late Caretaker
CT_59 Fri Late Caretaker
CT_60 Tue Late Caretaker
CT_60 Wed Late Caretaker
CT_60 Thu Late Caretaker
CT_60 Fri Late Caretaker
CT_62 Mon Late Caretaker
CT_62 Thu Night Caretaker
CT_62 Fri Night Caretaker
CT_62 Sat Night Caretaker
CT_62 Sun Night Caretaker
CT_63 Mon Night Caretaker
CT_63 Sat Night Caretaker
CT_63 Sun Night Caretaker
CT_64 Wed Early Caretaker
CT_64 Thu Early Caretaker
CT_64 Fri Early Caretaker
CT_65 Mon Early Caretaker
CT_65 Tue Early Caretaker
CT_65 Wed Early Caretaker
CT_65 Thu Day Caretaker
CT_65 Fri Day Caretaker
CT_66 Mon Day Caretaker
CT_66 Tue Day Caretaker
CT_66 Wed Day Caretaker
CT_66 Thu Day Caretaker
CT_66 Fri Day Caretaker
CT_67 Thu Day Caretaker
CT_67 Fri Day Caretaker
CT_68 Mon Late Caretaker
CT_68 Tue Late Caretaker
CT_68 Wed Late Caretaker
CT_69 Mon Late Caretaker
CT_69 Tue Late Caretaker
CT_69 Wed Late Caretaker
CT_70 Wed Early Caretaker
CT_70 Thu Early Caretaker
CT_70 Fri Early Caretaker
CT_70 Sat Day Caretaker
CT_70 Sun Day Caretaker
CT_71 Mon Day Caretaker
CT_71 Tue Day Caretaker
CT_72 Thu Day Caretaker
CT_72 Fri Day Caretaker
CT_73 Wed Day Caretaker
CT_73 Thu Day Caretaker
CT_74 Mon Day Caretaker
CT_74 Tue Day Caretaker
CT_74 Wed Day Caretaker
CT_75 Tue Late Caretaker
CT_75 Wed Late Caretaker
CT_75 Thu Late Caretaker
CT_75 Fri Late Caretaker
CT_76 Mon Night Caretaker
CT_76 Tue Night Caretaker
CT_76 Wed Night Caretaker
CT_76 Thu Night Caretaker
CT_76 Fri Night Caretaker
CT_77 Mon Late Caretaker
CT_77 Tue Late Caretaker
CT_77 Wed Late Caretaker
CT_77 Thu Late Caretaker
CT_77 Fri Late Caretaker
CT_78 Mon Early Caretaker
CT_78 Tue Early Caretaker
CT_78 Wed Early Caretaker
CT_78 Thu Day Caretaker
CT_78 Fri Day Caretaker
CT_79 Thu Early Caretaker
CT_79 Fri Early Caretaker
TR_80 Mon Early Trainee
TR_80 Tue Early Trainee
TR_80 Wed Early Trainee
TR_80 Thu Late Trainee
TR_80 Fri Late Trainee
TR_81 Mon Late Trainee
TR_81 Tue Late Trainee
TR_81 Wed Late Trainee
TR_81 Thu Late Trainee
TR_82 Mon Late Trainee
TR_82 Tue Late Trainee
TR_82 Wed Late Trainee
TR_83 Tue Night Trainee
TR_83 Wed Night Trainee
TR_83 Thu Night Trainee
TR_83 Fri Night Trainee
TR_84 Wed Day Trainee
TR_84 Thu Day Trainee
TR_84 Fri Day Trainee
TR_84 Sat Late Trainee
TR_84 Sun Late Trainee
TR_85 Mon Early Trainee
TR_86 Fri Night Trainee
TR_86 Sat Night Trainee
TR_86 Sun Night Trainee
TR_87 Tue Day Trainee
TR_87 Wed Day Trainee
TR_87 Thu Early Trainee
TR_87 Fri Early Trainee
TR_88 Mon Night Trainee
TR_88 Sat Early Trainee
TR_88 Sun Early Trainee
TR_89 Mon Night Trainee
TR_89 Tue Night Trainee
TR_89 Wed Night Trainee
TR_89 Thu Night Trainee
TR_89 Fri Night Trainee
TR_90 Mon Day Trainee
TR_90 Tue Day Trainee
TR_90 Wed Day Trainee
TR_91 Mon Day Trainee
TR_91 Tue Day Trainee
TR_91 Wed Early Trainee
TR_91 Thu Early Trainee
TR_91 Fri Early Trainee
TR_92 Fri Late Trainee
TR_92 Sat Late Trainee
TR_93 Mon Early Trainee
TR_93 Tue Early Trainee
TR_93 Wed Early Trainee
TR_94 Mon Late Trainee
TR_94 Tue Late Trainee
TR_94 Wed Late Trainee
TR_94 Thu Late Trainee
TR_94 Fri Late Trainee
TR_95 Mon Late Trainee
TR_95 Tue Late Trainee
TR_96 Wed Night Trainee
TR_96 Thu Night Trainee
TR_96 Fri Night Trainee
TR_96 Sat Night Trainee
TR_96 Sun Night Trainee
TR_97 Mon Late Trainee
TR_97 Tue Late Trainee
TR_97 Fri Day Trainee
TR_97 Sat Day Trainee
TR_97 Sun Day Trainee
TR_98 Mon Night Trainee
TR_98 Tue Night Trainee
TR_98 Wed Night Trainee
TR_99 Mon Day Trainee
TR_99 Sat Day Trainee
TR_99 Sun Day Trainee
TR_100 Wed Early Trainee
TR_100 Thu Early Trainee
TR_100 Fri Early Trainee
TR_101 Mon Early Trainee
TR_101 Tue Early Trainee
TR_101 Wed Early Trainee
TR_101 Thu Late Trainee
TR_101 Fri Late Trainee
TR_102 Mon Day Trainee
TR_102 Tue Day Trainee
TR_103 Mon Night Trainee
TR_104 Wed Day Trainee
TR_104 Thu Day Trainee
TR_104 Fri Day Trainee
TR_105 Mon Early Trainee
TR_105 Tue Early Trainee
TR_105 Wed Late Trainee
TR_105 Thu Late Trainee
TR_106 Mon Night Trainee
TR_106 Tue Night Trainee
TR_106 Wed Night Trainee
TR_106 Thu Night Trainee
TR_106 Fri Night Trainee
TR_107 Tue Day Trainee
TR_107 Wed Day Trainee
TR_107 Thu Day Trainee
TR_107 Fri Day Trainee
TR_108 Mon Day Trainee
TR_108 Thu Day Trainee
TR_108 Fri Day Trainee
TR_109 Fri Early Trainee
TR_109 Sat Early Trainee
TR_109 Sun Early Trainee
