SOLUTION
5 n100w8

ASSIGNMENTS = 313
HN_0 Mon Late HeadNurse
HN_0 Tue Late Nurse
HN_0 Wed Late HeadNurse
HN_2 Mon Day HeadNurse
HN_2 Tue Day Nurse
HN_2 Wed Day HeadNurse
HN_2 Thu Day HeadNurse
HN_3 Mon Late Nurse
HN_4 Wed Late Nurse
HN_4 Thu Late HeadNurse
HN_4 Fri Late HeadNurse
HN_5 Thu Early HeadNurse
HN_5 Fri Early HeadNurse
HN_5 Sat Early HeadNurse
HN_5 Sun Early HeadNurse
HN_6 Wed Late Nurse
HN_6 Thu Late HeadNurse
HN_6 Fri Late HeadNurse
HN_6 Sat Late HeadNurse
HN_6 Sun Late HeadNurse
HN_7 Wed Early HeadNurse
HN_7 Thu Early Nurse
HN_7 Fri Early Nurse
HN_8 Wed Day Nurse
HN_8 Thu Day Nurse
HN_8 Fri Day HeadNurse
HN_9 Mon Night Nurse
HN_9 Tue Night HeadNurse
HN_9 Wed Night Nurse
HN_9 Thu Night HeadNurse
HN_9 Fri Night HeadNurse
HN_10 Mon Late Nurse
HN_10 Tue Late Nurse
HN_11 Wed Day Nurse
HN_11 Thu Day Nurse
HN_11 Fri Day HeadNurse
HN_13 Wed Early Nurse
HN_13 Thu Early Nurse
HN_13 Fri Early Nurse
HN_14 Mon Late Nurse
HN_14 Fri Night Nurse
HN_14 Sat Night HeadNurse
HN_14 Sun Night HeadNurse
HN_15 Mon Early HeadNurse
HN_15 Tue Early Nurse
HN_15 Wed Early Nurse
HN_15 Sat Day HeadNurse
HN_15 Sun Day Nurse
NU_16 Mon Day Nurse
NU_16 Sat Night Nurse
NU_16 Sun Night Nurse
NU_17 Fri Day Nurse
NU_17 Sat Day Nurse
NU_17 Sun Night Caretaker
NU_18 Mon Early Nurse
NU_18 Tue Early Nurse
NU_18 Wed Day Caretaker
NU_18 Thu Day Nurse
NU_19 Tue Late Caretaker
NU_19 Wed Late Caretaker
NU_20 Mon Early Nurse
NU_20 Tue Early Caretaker
NU_20 Wed Early Caretaker
NU_20 Sat Late Nurse
NU_20 Sun Late Nurse
NU_21 Mon Night Nurse
NU_21 Tue Night Nurse
NU_21 Fri Day Nurse
NU_21 Sat Day Nurse
NU_21 Sun Late Nurse
NU_22 Sat Early Nurse
NU_22 Sun Early Nurse
NU_23 Sat Late Caretaker
NU_23 Sun Late Caretaker
NU_24 Mon Early Caretaker
NU_24 Tue Early Caretaker
NU_25 Mon Night Caretaker
NU_25 Tue Night Nurse
NU_25 Wed Night Nurse
NU_25 Thu Night Nurse
NU_26 Mon Night Caretaker
NU_26 Tue Night Caretaker
NU_26 Wed Night Caretaker
NU_26 Thu Night Nurse
NU_27 Mon Day Nurse
NU_27 Tue Day Nurse
NU_27 Wed Day Caretaker
NU_30 Tue Night Caretaker
NU_30 Wed Night Caretaker
NU_30 Thu Night Caretaker
NU_30 Fri Night Nurse
NU_31 Mon Early Caretaker
NU_31 Tue Early Caretaker
NU_31 Wed Late Caretaker
NU_31 Thu Late Nurse
NU_31 Fri Late Nurse
NU_32 Mon Late Caretaker
NU_32 Tue Late Caretaker
NU_32 Wed Late Caretaker
NU_33 Mon Day Caretaker
NU_33 Tue Day Nurse
NU_33 Wed Early Caretaker
NU_33 Thu Early Nurse
NU_34 Mon Early Caretaker
CT_35 Mon Night Caretaker
CT_35 Tue Night Caretaker
CT_35 Wed Night Caretaker
CT_35 Thu Night Caretaker
CT_35 Fri Night Caretaker
CT_36 Mon Day Caretaker
CT_36 Tue Day Caretaker
CT_36 Wed Day Caretaker
CT_37 Mon Early Caretaker
CT_37 Tue Early Caretaker
CT_37 Fri Late Caretaker
CT_37 Sat Late Caretaker
CT_37 Sun Late Caretaker
CT_38 Mon Day Caretaker
CT_38 Tue Day Caretaker
CT_38 Wed Day Caretaker
CT_38 Thu Day Caretaker
CT_38 Fri Day Caretaker
CT_39 Mon Early Caretaker
CT_39 Tue Early Caretaker
CT_39 Wed Day Caretaker
CT_39 Thu Day Caretaker
CT_40 Mon Early Caretaker
CT_40 Tue Early Caretaker
CT_40 Wed Day Caretaker
CT_40 Thu Day Caretaker
CT_40 Fri Day Caretaker
CT_41 Thu Early Caretaker
CT_41 Fri Early Caretaker
CT_42 Mon Early Caretaker
CT_42 Thu Night Caretaker
CT_42 Fri Night Caretaker
CT_42 Sat Night Caretaker
CT_42 Sun Night Caretaker
CT_43 Tue Early Caretaker
CT_43 Wed Early Caretaker
CT_43 Thu Early Caretaker
CT_43 Fri Early Caretaker
CT_44 Mon Late Caretaker
CT_44 Tue Late Caretaker
CT_44 Fri Early Caretaker
CT_44 Sat Early Caretaker
CT_44 Sun Early Caretaker
CT_45 Thu Late Caretaker
CT_45 Fri Late Caretaker
CT_46 Mon Night Caretaker
CT_46 Thu Night Caretaker
CT_46 Fri Night Caretaker
CT_46 Sat Night Caretaker
CT_46 Sun Night Caretaker
CT_48 Tue Night Caretaker
CT_48 Wed Night Caretaker
CT_48 Thu Night Caretaker
CT_48 Fri Night Caretaker
CT_49 Wed Early Caretaker
CT_49 Thu Early Caretaker
CT_50 Mon Night Caretaker
CT_50 Tue Night Caretaker
CT_50 Wed Night Caretaker
CT_50 Thu Night Caretaker
CT_50 Fri Night Caretaker
CT_51 Mon Night Caretaker
CT_51 Tue Night Caretaker
CT_51 Wed Night Caretaker
CT_52 Mon Early Caretaker
CT_52 Fri Day Caretaker
CT_52 Sat Day Caretaker
CT_52 Sun Day Caretaker
CT_53 Thu Day Caretaker
CT_53 Fri Day Caretaker
CT_54 Mon Late Caretaker
CT_54 Tue Late Caretaker
CT_54 Wed Late Caretaker
CT_55 Mon Day Caretaker
CT_55 Tue Day Caretaker
CT_56 Mon Late Caretaker
CT_57 Wed Night Caretaker
CT_57 Thu Night Caretaker
CT_57 Fri Night Caretaker
CT_57 Sat Night Caretaker
CT_57 Sun Night Caretaker
CT_58 Wed Early Caretaker
CT_58 Thu Early Caretaker
CT_58 Fri Late Caretaker
CT_58 Sat Late Caretaker
CT_58 Sun Late Caretaker
CT_59 Thu Early Caretaker
CT_59 Fri Early Caretaker
CT_60 Wed Early Caretaker
CT_60 Thu Early Caretaker
CT_60 Fri Early Caretaker
CT_61 Mon Late Caretaker
CT_61 Sat Day Caretaker
CT_61 Sun Day Caretaker
CT_62 Mon Late Caretaker
CT_62 Tue Late Caretaker
CT_62 Wed Late Caretaker
CT_62 Sat Early Caretaker
CT_62 Sun Early Caretaker
CT_63 Fri Early Caretaker
CT_63 Sat Early Caretaker
CT_63 Sun Early Caretaker
CT_64 Mon Night Caretaker
CT_64 Sat Day Caretaker
CT_64 Sun Day Caretaker
CT_65 Wed Late Caretaker
CT_65 Thu Late Caretaker
CT_65 Fri Late Caretaker
CT_66 Tue Late Caretaker
CT_66 Wed Late Caretaker
CT_66 Thu Late Caretaker
CT_66 Fri Late Caretaker
CT_67 Mon Day Caretaker
CT_67 Tue Day Caretaker
CT_68 Thu Late Caretaker
CT_68 Fri Late Caretaker
CT_69 Tue Day Caretaker
CT_69 Wed Day Caretaker
CT_69 Thu Day Caretaker
CT_69 Fri Day Caretaker
CT_70 Fri Day Caretaker
CT_70 Sat Day Caretaker
CT_70 Sun Late Caretaker
CT_71 Thu Late Caretaker
CT_71 Fri Late Caretaker
CT_72 Mon Day Caretaker
CT_72 Tue Day Caretaker
CT_72 Wed Day Caretaker
CT_72 Thu Day Caretaker
CT_73 Mon Late Caretaker
CT_73 Tue Late Caretaker
CT_73 Wed Late Caretaker
CT_74 Mon Day Caretaker
CT_74 Tue Day Caretaker
CT_74 Wed Early Caretaker
CT_74 Thu Early Caretaker
TR_75 Mon Night Trainee
TR_75 Tue Night Trainee
TR_75 Wed Night Trainee
TR_76 Mon Early Trainee
TR_76 Tue Early Trainee
TR_76 Wed Early Trainee
TR_76 Thu Early Trainee
TR_77 Wed Late Trainee
TR_77 Thu Late Trainee
TR_77 Fri Late Trainee
TR_78 Thu Day Trainee
TR_78 Fri Day Trainee
TR_79 Mon Day Trainee
TR_79 Tue Day Trainee
TR_80 Wed Late Trainee
TR_80 Thu Late Trainee
TR_81 Mon Late Trainee
TR_82 Mon Early Trainee
TR_82 Tue Day Trainee
TR_82 Wed Day Trainee
TR_83 Mon Late Trainee
TR_83 Fri Early Trainee
TR_83 Sat Early Trainee
TR_83 Sun Day Trainee
TR_84 Mon Day Trainee
TR_84 Tue Day Trainee
TR_84 Wed Day Trainee
TR_85 Sat Early Trainee
TR_85 Sun Early Trainee
TR_87 Thu Early Trainee
TR_87 Fri Early Trainee
TR_88 Mon Night Trainee
TR_88 Tue Night Trainee
TR_88 Wed Night Trainee
TR_88 Thu Night Trainee
TR_88 Fri Night Trainee
TR_89 Mon Early Trainee
TR_89 Tue Early Trainee
TR_89 Wed Early Trainee
TR_89 Thu Early Trainee
TR_89 Fri Early Trainee
TR_90 Tue Late Trainee
TR_90 Wed Late Trainee
TR_90 Thu Late Trainee
TR_90 Fri Late Trainee
TR_91 Wed Day Trainee
TR_91 Thu Day Trainee
TR_91 Fri Day Trainee
TR_91 Sat Late Trainee
TR_91 Sun Late Trainee
TR_92 Wed Night Trainee
TR_92 Thu Night Trainee
TR_92 Fri Night Trainee
TR_92 Sat Night Trainee
TR_92 Sun Night Trainee
TR_93 Tue Early Trainee
TR_93 Wed Early Trainee
TR_93 Thu Day Trainee
TR_93 Fri Day Trainee
TR_94 Sat Day Trainee
TR_94 Sun Day Trainee
TR_95 Mon Day Trainee
TR_95 Tue Day Trainee
TR_96 Mon Night Trainee
TR_96 Tue Night Trainee
TR_96 Wed Night Trainee
TR_96 Thu Night Trainee
TR_96 Fri Night Trainee
TR_97 Fri Day Trainee
TR_97 Sat Day Trainee
TR_97 Sun Late Trainee
TR_98 Mon Late Trainee
TR_98 Tue Late Trainee
