SOLUTION
0 n100w8

ASSIGNMENTS = 323
HN_1 Mon Day Nurse
HN_1 Fri Late HeadNurse
HN_1 Sat Late HeadNurse
HN_1 Sun Late HeadNurse
HN_2 Tue Day HeadNurse
HN_2 Wed Day HeadNurse
HN_2 Thu Day HeadNurse
HN_2 Fri Day HeadNurse
HN_3 Fri Late HeadNurse
HN_3 Sat Late Nurse
HN_3 Sun Late Nurse
HN_4 Mon Early HeadNurse
HN_4 Tue Early HeadNurse
HN_4 Wed Early HeadNurse
HN_4 Thu Day HeadNurse
HN_4 Fri Day HeadNurse
HN_5 Wed Early Nurse
HN_5 Thu Early HeadNurse
HN_5 Fri Early HeadNurse
HN_6 Mon Late Nurse
HN_6 Tue Late HeadNurse
HN_6 Wed Late Nurse
HN_7 Wed Early Nurse
HN_7 Thu Early Nurse
HN_7 Fri Early Nurse
HN_8 Fri Night HeadNurse
HN_8 Sat Night Nurse
HN_8 Sun Night HeadNurse
HN_9 Mon Night Nurse
HN_9 Fri Early Nurse
HN_9 Sat Early HeadNurse
HN_9 Sun Early HeadNurse
HN_10 Thu Early Nurse
HN_10 Fri Early Nurse
HN_11 Wed Early Nurse
HN_11 Thu Early Nurse
HN_11 Fri Early Nurse
HN_12 Mon Late Nurse
HN_12 Tue Late Nurse
HN_13 Mon Night Nurse
HN_13 Tue Night Nurse
HN_14 Tue Day HeadNurse
HN_14 Wed Day Nurse
HN_14 Thu Day Nurse
HN_14 Fri Day Nurse
HN_15 Tue Night Nurse
HN_15 Wed Night Nurse
HN_15 Thu Night HeadNurse
HN_15 Fri Night HeadNurse
NU_16 Tue Late Nurse
NU_16 Wed Late Nurse
NU_16 Thu Late Nurse
NU_16 Fri Late Nurse
NU_17 Mon Night Caretaker
NU_17 Tue Night Nurse
NU_17 Wed Night Nurse
NU_17 Thu Night Nurse
NU_18 Wed Night Nurse
NU_18 Thu Night Nurse
NU_18 Fri Night Nurse
NU_18 Sat Night Nurse
NU_18 Sun Night Nurse
NU_19 Mon Day Nurse
NU_19 Tue Day Nurse
NU_20 Tue Night Caretaker
NU_20 Wed Night Caretaker
NU_20 Thu Night Nurse
NU_20 Fri Night Nurse
NU_21 Mon Early Nurse
NU_21 Tue Early Nurse
NU_21 Wed Early Caretaker
NU_21 Thu Early Caretaker
NU_22 Mon Late Caretaker
NU_22 Tue Late Caretaker
NU_23 Thu Late Nurse
NU_23 Fri Late Nurse
NU_24 Sat Early Nurse
NU_24 Sun Early Nurse
NU_25 Tue Day Nurse
NU_25 Wed Day Caretaker
NU_25 Thu Day Caretaker
NU_25 Fri Day Nurse
NU_26 Fri Night Caretaker
NU_26 Sat Night Caretaker
NU_26 Sun Night Nurse
NU_28 Mon Day Nurse
NU_28 Tue Day Nurse
NU_28 Wed Late Nurse
NU_28 Thu Late Caretaker
NU_28 Fri Late Nurse
NU_29 Mon Early Nurse
NU_29 Tue Early Nurse
NU_30 Mon Early Nurse
NU_30 Tue Early Nurse
NU_30 Wed Early Caretaker
NU_30 Thu Day Caretaker
NU_30 Fri Day Caretaker
NU_31 Mon Early Caretaker
NU_31 Tue Early Nurse
NU_31 Fri Late Caretaker
NU_31 Sat Late Nurse
NU_31 Sun Late Caretaker
NU_32 Mon Night Caretaker
NU_32 Tue Night Caretaker
NU_32 Wed Night Caretaker
NU_32 Thu Night Caretaker
NU_33 Tue Night Caretaker
NU_33 Wed Night Caretaker
NU_33 Thu Night Caretaker
NU_33 Fri Night Caretaker
NU_34 Sat Day Nurse
NU_34 Sun Day Nurse
CT_35 Wed Early Caretaker
CT_35 Thu Early Caretaker
CT_35 Fri Early Caretaker
CT_36 Mon Early Caretaker
CT_36 Tue Early Caretaker
CT_36 Wed Early Caretaker
CT_37 Mon Night Caretaker
CT_37 Tue Night Caretaker
CT_37 Wed Night Caretaker
CT_37 Thu Night Caretaker
CT_37 Fri Night Caretaker
CT_38 Mon Night Caretaker
CT_38 Fri Day Caretaker
CT_38 Sat Day Caretaker
CT_38 Sun Day Caretaker
CT_39 Mon Night Caretaker
CT_39 Fri Day Caretaker
CT_39 Sat Day Caretaker
CT_39 Sun Early Caretaker
CT_40 Mon Early Caretaker
CT_40 Thu Early Caretaker
CT_40 Fri Early Caretaker
CT_40 Sat Early Caretaker
CT_40 Sun Early Caretaker
CT_41 Sat Day Caretaker
CT_41 Sun Day Caretaker
CT_42 Mon Day Caretaker
CT_42 Tue Day Caretaker
CT_42 Wed Day Caretaker
CT_42 Thu Day Caretaker
CT_42 Fri Day Caretaker
CT_43 Mon Night Caretaker
CT_43 Fri Day Caretaker
CT_43 Sat Day Caretaker
CT_43 Sun Day Caretaker
CT_44 Mon Day Caretaker
CT_44 Tue Day Caretaker
CT_44 Wed Early Caretaker
CT_44 Thu Early Caretaker
CT_45 Sat Day Caretaker
CT_45 Sun Day Caretaker
CT_46 Mon Early Caretaker
CT_46 Tue Early Caretaker
CT_46 Wed Late Caretaker
CT_46 Thu Late Caretaker
CT_46 Fri Late Caretaker
CT_47 Mon Early Caretaker
CT_47 Fri Late Caretaker
CT_47 Sat Late Caretaker
CT_47 Sun Late Caretaker
CT_48 Fri Night Caretaker
CT_48 Sat Night Caretaker
CT_48 Sun Night Caretaker
CT_49 Tue Day Caretaker
CT_49 Wed Day Caretaker
CT_50 Mon Day Caretaker
CT_50 Tue Day Caretaker
CT_50 Wed Day Caretaker
CT_50 Sat Late Caretaker
CT_50 Sun Late Caretaker
CT_51 Fri Late Caretaker
CT_51 Sat Late Caretaker
CT_51 Sun Night Caretaker
CT_52 Mon Day Caretaker
CT_52 Tue Day Caretaker
CT_52 Wed Day Caretaker
CT_52 Thu Day Caretaker
CT_53 Thu Late Caretaker
CT_53 Fri Late Caretaker
CT_54 Tue Late Caretaker
CT_54 Wed Late Caretaker
CT_54 Thu Late Caretaker
CT_55 Thu Early Caretaker
CT_55 Fri Early Caretaker
CT_56 Wed Late Caretaker
CT_56 Thu Late Caretaker
CT_56 Fri Late Caretaker
CT_57 Mon Late Caretaker
CT_57 Tue Late Caretaker
CT_57 Wed Late Caretaker
CT_58 Mon Late Caretaker
CT_58 Tue Late Caretaker
CT_58 Wed Late Caretaker
CT_59 Thu Early Caretaker
CT_59 Fri Early Caretaker
CT_60 Mon Late Caretaker
CT_60 Tue Late Caretaker
CT_60 Wed Late Caretaker
CT_60 Thu Late Caretaker
CT_60 Fri Late Caretaker
CT_61 Tue Night Caretaker
CT_61 Wed Night Caretaker
CT_61 Thu Night Caretaker
CT_61 Fri Night Caretaker
CT_62 Tue Night Caretaker
CT_62 Wed Night Caretaker
CT_62 Thu Night Caretaker
CT_62 Fri Night Caretaker
CT_63 Wed Early Caretaker
CT_63 Thu Early Caretaker
CT_63 Fri Early Caretaker
CT_64 Mon Early Caretaker
CT_64 Tue Early Caretaker
CT_64 Wed Day Caretaker
CT_64 Thu Day Caretaker
CT_65 Mon Early Caretaker
CT_65 Tue Early Caretaker
CT_65 Wed Early Caretaker
CT_65 Thu Early Caretaker
CT_66 Wed Night Caretaker
CT_66 Thu Night Caretaker
CT_66 Fri Night Caretaker
CT_66 Sat Night Caretaker
CT_66 Sun Night Caretaker
CT_67 Thu Day Caretaker
CT_67 Fri Day Caretaker
CT_68 Mon Day Caretaker
CT_68 Tue Day Caretaker
CT_69 Mon Late Caretaker
CT_70 Mon Early Caretaker
CT_70 Tue Early Caretaker
CT_71 Sat Early Caretaker
CT_71 Sun Early Caretaker
CT_72 Tue Late Caretaker
CT_72 Wed Late Caretaker
CT_72 Thu Late Caretaker
CT_72 Fri Late Caretaker
CT_73 Fri Early Caretaker
CT_73 Sat Early Caretaker
CT_73 Sun Night Caretaker
CT_74 Mon Day Caretaker
CT_74 Tue Day Caretaker
CT_74 Wed Day Caretaker
CT_74 Thu Day Caretaker
CT_74 Fri Day Caretaker
TR_75 Mon Day Trainee
TR_75 Tue Day Trainee
TR_75 Wed Late Trainee
TR_75 Thu Late Trainee
TR_76 Wed Night Trainee
TR_76 Thu Night Trainee
TR_76 Fri Night Trainee
TR_76 Sat Night Trainee
TR_76 Sun Night Trainee
TR_77 Mon Early Trainee
TR_77 Tue Early Trainee
TR_77 Wed Early Trainee
TR_78 Sat Day Trainee
TR_78 Sun Day Trainee
TR_79 Thu Early Trainee
TR_79 Fri Early Trainee
TR_80 Thu Day Trainee
TR_80 Fri Day Trainee
TR_81 Mon Late Trainee
TR_82 Mon Early Trainee
TR_82 Tue Early Trainee
TR_82 Wed Early Trainee
TR_82 Thu Early Trainee
TR_83 Mon Night Trainee
TR_83 Tue Night Trainee
TR_83 Wed Night Trainee
TR_83 Thu Night Trainee
TR_83 Fri Night Trainee
TR_85 Wed Late Trainee
TR_85 Thu Late Trainee
TR_85 Fri Late Trainee
TR_86 Mon Night Trainee
TR_86 Tue Night Trainee
TR_87 Mon Early Trainee
TR_87 Tue Early Trainee
TR_88 Mon Late Trainee
TR_88 Tue Late Trainee
TR_88 Wed Late Trainee
TR_88 Sat Early Trainee
TR_88 Sun Early Trainee
TR_89 Mon Day Trainee
TR_89 Tue Day Trainee
TR_89 Wed Day Trainee
TR_90 Wed Day Trainee
TR_90 Thu Day Trainee
TR_90 Fri Night Trainee
TR_90 Sat Night Trainee
TR_90 Sun Night Trainee
TR_91 Tue Late Trainee
TR_91 Wed Late Trainee
TR_91 Thu Late Trainee
TR_91 Fri Late Trainee
TR_92 Mon Day Trainee
TR_92 Tue Day Trainee
TR_92 Wed Day Trainee
TR_93 Mon Night Trainee
TR_93 Fri Late Trainee
TR_93 Sat Late Trainee
TR_93 Sun Late Trainee
TR_94 Mon Day Trainee
TR_94 Tue Day Trainee
TR_95 Tue Late Trainee
TR_95 Wed Late Trainee
TR_96 Tue Night Trainee
TR_96 Wed Night Trainee
TR_96 Thu Night Trainee
TR_96 Fri Night Trainee
TR_97 Wed Early Trainee
TR_97 Thu Early Trainee
TR_97 Fri Early Trainee
TR_98 Thu Day Trainee
TR_98 Fri Day Trainee
TR_99 Thu Day Trainee
TR_99 Fri Day Trainee
TR_99 Sat Late Trainee
TR_99 Sun Late Trainee
