SOLUTION
2 n070w4

ASSIGNMENTS = 274
HN_0 Fri Night HeadNurse
HN_0 Sat Night HeadNurse
HN_0 Sun Night Nurse
HN_1 Mon Late Nurse
HN_1 Tue Late HeadNurse
HN_1 Wed Late HeadNurse
HN_1 Sat Early HeadNurse
HN_1 Sun Early HeadNurse
HN_2 Mon Early HeadNurse
HN_2 Tue Early HeadNurse
HN_2 Fri Late HeadNurse
HN_2 Sat Late HeadNurse
HN_2 Sun Late HeadNurse
HN_3 Mon Day Nurse
HN_3 Tue Day HeadNurse
HN_3 Wed Early HeadNurse
HN_3 Thu Early Nurse
HN_3 Fri Early Nurse
HN_4 Tue Night Nurse
HN_4 Wed Night HeadNurse
HN_4 Thu Night HeadNurse
HN_4 Fri Night Nurse
HN_5 Mon Late Nurse
HN_5 Tue Late Nurse
HN_6 Mon Day Nurse
HN_6 Tue Day Nurse
HN_7 Thu Day Nurse
HN_7 Fri Day HeadNurse
HN_7 Sat Day HeadNurse
HN_7 Sun Early Nurse
NU_8 Thu Day Nurse
NU_8 Fri Day Nurse
NU_8 Sat Early Nurse
NU_8 Sun Early Nurse
NU_9 Fri Day Nurse
NU_9 Sat Day Nurse
NU_9 Sun Day Nurse
NU_10 Thu Day Nurse
NU_10 Fri Day Nurse
NU_10 Sat Late Nurse
NU_10 Sun Late Nurse
NU_11 Wed Late Nurse
NU_11 Thu Late Nurse
NU_11 Fri Late Nurse
NU_12 Wed Late Nurse
NU_12 Thu Late Nurse
NU_12 Fri Late Nurse
NU_12 Sat Late Nurse
NU_12 Sun Late Caretaker
NU_13 Fri Night Nurse
NU_13 Sat Night Nurse
NU_13 Sun Night Nurse
NU_14 Wed Day Nurse
NU_14 Thu Day Nurse
NU_14 Fri Day Nurse
NU_15 Mon Late Caretaker
NU_15 Fri Day Caretaker
NU_15 Sat Day Caretaker
NU_15 Sun Day Caretaker
NU_16 Mon Night Nurse
NU_16 Tue Night Nurse
NU_16 Wed Night Nurse
NU_16 Thu Night Nurse
NU_16 Fri Night Nurse
NU_17 Mon Late Caretaker
NU_17 Tue Late Nurse
NU_17 Wed Late Nurse
NU_18 Wed Late Nurse
NU_18 Thu Late Caretaker
NU_18 Fri Late Nurse
NU_19 Wed Night Nurse
NU_19 Thu Night Nurse
NU_19 Fri Night Nurse
NU_19 Sat Night Nurse
NU_19 Sun Night Caretaker
NU_20 Mon Day Nurse
NU_20 Tue Day Nurse
NU_20 Wed Late Caretaker
NU_20 Thu Late Caretaker
NU_20 Fri Late Caretaker
NU_21 Tue Early Nurse
NU_21 Wed Early Nurse
NU_21 Thu Day Caretaker
NU_21 Fri Day Caretaker
NU_22 Mon Night Nurse
NU_22 Tue Night Nurse
NU_22 Wed Night Nurse
NU_22 Thu Night Nurse
NU_22 Fri Night Caretaker
NU_23 Mon Day Nurse
NU_23 Tue Day Nurse
NU_23 Wed Day Nurse
NU_23 Thu Late Caretaker
NU_23 Fri Late Caretaker
NU_24 Mon Early Nurse
NU_24 Tue Early Nurse
NU_25 Mon Early Nurse
NU_25 Tue Early Nurse
NU_25 Wed Early Nurse
NU_25 Thu Early Nurse
NU_25 Fri Early Nurse
NU_26 Mon Day Caretaker
NU_26 Tue Day Caretaker
NU_26 Wed Early Caretaker
NU_26 Thu Early Nurse
NU_26 Fri Early Nurse
NU_27 Wed Early Caretaker
NU_27 Thu Early Caretaker
NU_27 Fri Early Caretaker
NU_28 Fri Late Caretaker
NU_28 Sat Late Caretaker
NU_28 Sun Late Caretaker
NU_29 Thu Day Caretaker
NU_29 Fri Day Caretaker
NU_29 Sat Late Caretaker
NU_29 Sun Late Caretaker
NU_30 Tue Night Nurse
NU_30 Wed Night Caretaker
NU_30 Thu Night Caretaker
NU_30 Fri Night Caretaker
NU_31 Mon Early Nurse
NU_31 Tue Early Caretaker
NU_31 Wed Day Nurse
NU_31 Thu Day Caretaker
NU_31 Fri Day Caretaker
NU_32 Mon Late Caretaker
NU_32 Tue Late Caretaker
NU_32 Wed Late Caretaker
NU_33 Mon Night Nurse
NU_33 Tue Night Caretaker
NU_33 Wed Night Caretaker
NU_33 Thu Night Caretaker
NU_33 Fri Night Caretaker
NU_34 Mon Night Caretaker
NU_35 Mon Early Caretaker
NU_35 Tue Early Caretaker
NU_35 Wed Day Nurse
NU_35 Thu Day Caretaker
NU_35 Fri Day Caretaker
NU_36 Tue Day Caretaker
NU_36 Wed Day Caretaker
NU_36 Thu Day Caretaker
NU_36 Fri Day Caretaker
NU_37 Mon Night Caretaker
NU_37 Tue Night Caretaker
NU_37 Wed Night Caretaker
NU_38 Tue Night Caretaker
NU_38 Wed Night Caretaker
NU_38 Thu Night Caretaker
NU_38 Fri Night Caretaker
NU_39 Thu Early Caretaker
NU_39 Fri Early Caretaker
NU_39 Sat Day Caretaker
NU_39 Sun Day Caretaker
CT_40 Mon Early Caretaker
CT_40 Tue Early Caretaker
CT_40 Wed Day Caretaker
CT_40 Thu Day Caretaker
CT_40 Fri Day Caretaker
CT_41 Mon Day Caretaker
CT_41 Tue Day Caretaker
CT_42 Mon Night Caretaker
CT_42 Tue Night Caretaker
CT_42 Wed Night Caretaker
CT_42 Thu Night Caretaker
CT_42 Fri Night Caretaker
CT_43 Mon Day Caretaker
CT_43 Tue Late Caretaker
CT_43 Wed Late Caretaker
CT_44 Mon Late Caretaker
CT_44 Tue Late Caretaker
CT_44 Wed Late Caretaker
CT_44 Sat Night Caretaker
CT_44 Sun Night Caretaker
CT_45 Mon Early Caretaker
CT_45 Tue Early Caretaker
CT_45 Wed Late Caretaker
CT_45 Thu Late Caretaker
CT_45 Fri Late Caretaker
CT_46 Mon Day Caretaker
CT_46 Tue Day Caretaker
CT_46 Wed Day Caretaker
CT_46 Sat Early Caretaker
CT_46 Sun Early Caretaker
CT_47 Mon Late Caretaker
CT_47 Tue Late Caretaker
CT_47 Wed Late Caretaker
CT_47 Sat Night Caretaker
CT_47 Sun Night Caretaker
CT_48 Mon Late Caretaker
CT_48 Tue Late Caretaker
CT_48 Wed Late Caretaker
CT_48 Thu Late Caretaker
CT_48 Fri Late Caretaker
CT_49 Mon Night Caretaker
CT_49 Tue Night Caretaker
CT_49 Wed Night Caretaker
CT_49 Thu Night Caretaker
CT_49 Fri Night Caretaker
CT_50 Mon Day Caretaker
CT_50 Tue Day Caretaker
CT_51 Mon Day Caretaker
CT_51 Tue Day Caretaker
CT_51 Wed Day Caretaker
CT_52 Thu Early Caretaker
CT_52 Fri Early Caretaker
CT_52 Sat Early Caretaker
CT_52 Sun Early Caretaker
CT_53 Wed Early Caretaker
CT_53 Thu Early Caretaker
CT_53 Fri Early Caretaker
CT_54 Mon Day Caretaker
CT_54 Tue Day Caretaker
CT_54 Wed Early Caretaker
CT_54 Thu Early Caretaker
CT_54 Fri Early Caretaker
CT_55 Mon Day Caretaker
CT_55 Tue Day Caretaker
CT_55 Wed Day Caretaker
CT_55 Thu Early Caretaker
CT_55 Fri Early Caretaker
CT_56 Mon Night Caretaker
CT_56 Tue Night Caretaker
CT_56 Wed Night Caretaker
CT_56 Thu Night Caretaker
CT_56 Fri Night Caretaker
CT_57 Mon Late Caretaker
CT_57 Tue Late Caretaker
CT_57 Wed Late Caretaker
CT_58 Tue Early Caretaker
CT_58 Wed Early Caretaker
CT_58 Thu Early Caretaker
CT_58 Fri Early Caretaker
CT_59 Mon Early Caretaker
CT_59 Tue Early Caretaker
TR_60 Mon Early Trainee
TR_60 Tue Early Trainee
TR_60 Wed Early Trainee
TR_60 Sat Night Trainee
TR_60 Sun Night Trainee
TR_61 Thu Early Trainee
TR_61 Fri Early Trainee
TR_61 Sat Late Trainee
TR_61 Sun Late Trainee
TR_62 Mon Night Trainee
TR_62 Tue Night Trainee
TR_62 Wed Night Trainee
TR_62 Thu Night Trainee
TR_62 Fri Night Trainee
TR_63 Mon Day Trainee
TR_63 Tue Day Trainee
TR_64 Thu Day Trainee
TR_64 Fri Day Trainee
TR_64 Sat Day Trainee
TR_64 Sun Early Trainee
TR_65 Mon Late Trainee
TR_65 Tue Late Trainee
TR_65 Wed Late Trainee
TR_65 Sat Early Trainee
TR_65 Sun Early Trainee
TR_66 Mon Late Trainee
TR_67 Tue Day Trainee
TR_67 Wed Day Trainee
TR_67 Thu Late Trainee
TR_67 Fri Late Trainee
TR_68 Wed Early Trainee
TR_68 Thu Early Trainee
TR_68 Fri Early Trainee
TR_69 Tue Day Trainee
TR_69 Wed Day Trainee
TR_69 Thu Day Trainee
TR_69 Fri Night Trainee
TR_69 Sat Night Trainee
TR_69 Sun Night Trainee
