SOLUTION
0 n070w4

ASSIGNMENTS = 278
HN_0 Mon Late HeadNurse
HN_0 Tue Late Nurse
HN_1 Mon Late Nurse
HN_1 Tue Late Nurse
HN_2 Mon Night Nurse
HN_2 Tue Night Nurse
HN_2 Wed Night HeadNurse
HN_2 Thu Night Nurse
HN_2 Fri Night HeadNurse
HN_3 Thu Early HeadNurse
HN_3 Fri Early HeadNurse
HN_3 Sat Late HeadNurse
HN_3 Sun Late Nurse
HN_4 Mon Day HeadNurse
HN_4 Sat Night HeadNurse
HN_4 Sun Night Nurse
HN_5 Tue Early HeadNurse
HN_5 Wed Early HeadNurse
HN_5 Thu Late Nurse
HN_5 Fri Late HeadNurse
HN_6 Mon Late Nurse
HN_6 Tue Late Nurse
HN_6 Wed Late HeadNurse
HN_6 Sat Early HeadNurse
HN_6 Sun Early HeadNurse
HN_7 Mon Day Nurse
HN_7 Tue Day Nurse
HN_7 Wed Day HeadNurse
HN_7 Thu Day Nurse
NU_8 Mon Late Nurse
NU_8 Tue Late Nurse
NU_8 Wed Late Nurse
NU_9 Mon Early Nurse
NU_9 Tue Early Nurse
NU_9 Wed Late Nurse
NU_9 Thu Late Nurse
NU_9 Fri Late Nurse
NU_10 Mon Day Nurse
NU_10 Tue Day Nurse
NU_10 Wed Day Nurse
NU_10 Thu Day Nurse
NU_11 Mon Night Nurse
NU_11 Tue Night Nurse
NU_11 Fri Night Nurse
NU_11 Sat Night Nurse
NU_11 Sun Night Caretaker
NU_12 Mon Day Nurse
NU_12 Tue Day Nurse
NU_12 Wed Late Nurse
NU_12 Thu Late Nurse
NU_12 Fri Late Nurse
NU_13 Mon Night Nurse
NU_13 Tue Night Nurse
NU_14 Tue Night Caretaker
NU_14 Wed Night Nurse
NU_14 Thu Night Nurse
NU_14 Fri Night Nurse
NU_15 Mon Early Nurse
NU_15 Tue Early Nurse
NU_15 Wed Early Nurse
NU_15 Thu Early Nurse
NU_15 Fri Early Nurse
NU_16 Mon Late Caretaker
NU_16 Tue Late Caretaker
NU_16 Wed Late Nurse
NU_17 Fri Night Nurse
NU_17 Sat Night Nurse
NU_17 Sun Night Caretaker
NU_18 Mon Late Caretaker
NU_18 Tue Late Caretaker
NU_18 Wed Late Caretaker
NU_18 Thu Late Caretaker
NU_18 Fri Late Nurse
NU_19 Mon Late Caretaker
NU_19 Tue Late Caretaker
NU_19 Wed Late Caretaker
NU_20 Mon Night Caretaker
NU_20 Tue Night Caretaker
NU_20 Wed Night Nurse
NU_20 Thu Night Caretaker
NU_20 Fri Night Nurse
NU_21 Thu Day Nurse
NU_21 Fri Day Nurse
NU_21 Sat Late Nurse
NU_21 Sun Late Nurse
NU_22 Mon Late Caretaker
NU_22 Thu Early Nurse
NU_22 Fri Early Nurse
NU_22 Sat Day Nurse
NU_22 Sun Day Nurse
NU_23 Mon Early Nurse
NU_23 Tue Early Nurse
NU_23 Wed Day Nurse
NU_23 Thu Day Nurse
NU_24 Wed Night Nurse
NU_24 Thu Night Caretaker
NU_24 Fri Night Caretaker
NU_24 Sat Night Caretaker
NU_25 Mon Early Caretaker
NU_25 Tue Early Caretaker
NU_25 Wed Late Caretaker
NU_25 Thu Late Caretaker
NU_25 Fri Late Nurse
NU_26 Mon Early Caretaker
NU_26 Wed Early Nurse
NU_26 Thu Early Nurse
NU_26 Fri Early Nurse
NU_27 Mon Day Caretaker
NU_27 Tue Day Nurse
NU_27 Fri Early Caretaker
NU_27 Sat Early Nurse
NU_27 Sun Day Caretaker
NU_28 Mon Day Caretaker
NU_28 Tue Day Caretaker
NU_28 Wed Early Nurse
NU_28 Thu Early Nurse
NU_28 Fri Early Caretaker
NU_29 Tue Early Caretaker
NU_29 Wed Early Caretaker
NU_29 Thu Early Caretaker
NU_30 Mon Night Caretaker
NU_30 Tue Night Caretaker
NU_30 Wed Night Nurse
NU_30 Thu Night Caretaker
NU_31 Mon Early Caretaker
NU_31 Tue Early Caretaker
NU_31 Fri Late Caretaker
NU_31 Sat Late Caretaker
NU_31 Sun Late Caretaker
NU_32 Fri Late Caretaker
NU_32 Sat Late Caretaker
NU_32 Sun Late Caretaker
NU_33 Wed Day Nurse
NU_33 Thu Day Caretaker
NU_33 Fri Day Nurse
NU_34 Mon Early Caretaker
NU_34 Tue Early Caretaker
NU_34 Wed Early Caretaker
NU_34 Thu Late Caretaker
NU_34 Fri Late Caretaker
NU_35 Wed Early Caretaker
NU_35 Thu Early Caretaker
NU_35 Fri Early Caretaker
NU_36 Thu Early Caretaker
NU_36 Fri Early Caretaker
NU_36 Sat Day Caretaker
NU_36 Sun Day Caretaker
NU_37 Mon Night Caretaker
NU_37 Sat Day Caretaker
NU_37 Sun Day Caretaker
NU_38 Thu Day Caretaker
NU_38 Fri Day Nurse
NU_38 Sat Day Caretaker
NU_38 Sun Early Nurse
NU_39 Mon Late Caretaker
NU_39 Tue Late Caretaker
CT_40 Mon Early Caretaker
CT_40 Tue Early Caretaker
CT_40 Wed Early Caretaker
CT_40 Thu Early Caretaker
CT_40 Fri Early Caretaker
CT_41 Tue Night Caretaker
CT_41 Wed Night Caretaker
CT_41 Thu Night Caretaker
CT_41 Fri Night Caretaker
CT_42 Wed Day Caretaker
CT_42 Thu Day Caretaker
CT_42 Fri Day Caretaker
CT_43 Thu Day Caretaker
CT_43 Fri Day Caretaker
CT_43 Sat Early Caretaker
CT_43 Sun Early Caretaker
CT_44 Mon Night Caretaker
CT_44 Tue Night Caretaker
CT_44 Wed Night Caretaker
CT_44 Thu Night Caretaker
CT_44 Fri Night Caretaker
CT_45 Mon Late Caretaker
CT_45 Tue Late Caretaker
CT_45 Wed Late Caretaker
CT_45 Thu Late Caretaker
CT_45 Fri Late Caretaker
CT_46 Mon Night Caretaker
CT_46 Tue Night Caretaker
CT_46 Wed Night Caretaker
CT_46 Thu Night Caretaker
CT_46 Fri Night Caretaker
CT_47 Mon Day Caretaker
CT_47 Tue Day Caretaker
CT_47 Wed Day Caretaker
CT_48 Mon Night Caretaker
CT_48 Tue Night Caretaker
CT_48 Wed Night Caretaker
CT_49 Wed Day Caretaker
CT_49 Thu Day Caretaker
CT_49 Fri Day Caretaker
CT_50 Mon Day Caretaker
CT_50 Tue Day Caretaker
CT_50 Wed Early Caretaker
CT_50 Thu Early Caretaker
CT_51 Fri Night Caretaker
CT_51 Sat Night Caretaker
CT_51 Sun Night Caretaker
CT_52 Mon Day Caretaker
CT_52 Tue Day Caretaker
CT_52 Wed Day Caretaker
CT_53 Mon Early Caretaker
CT_53 Tue Late Caretaker
CT_53 Wed Late Caretaker
CT_53 Sat Day Caretaker
CT_53 Sun Day Caretaker
CT_54 Wed Early Caretaker
CT_54 Thu Early Caretaker
CT_54 Fri Early Caretaker
CT_55 Mon Day Caretaker
CT_55 Tue Day Caretaker
CT_55 Wed Late Caretaker
CT_55 Thu Late Caretaker
CT_55 Fri Late Caretaker
CT_56 Mon Day Caretaker
CT_56 Tue Day Caretaker
CT_56 Wed Late Caretaker
CT_56 Thu Late Caretaker
CT_56 Fri Late Caretaker
CT_57 Tue Night Caretaker
CT_57 Wed Night Caretaker
CT_57 Thu Night Caretaker
CT_57 Fri Night Caretaker
CT_58 Mon Early Caretaker
CT_58 Tue Early Caretaker
CT_58 Wed Day Caretaker
CT_58 Thu Day Caretaker
CT_59 Mon Day Caretaker
CT_59 Thu Day Caretaker
CT_59 Fri Day Caretaker
CT_59 Sat Early Caretaker
CT_59 Sun Early Caretaker
TR_60 Mon Night Trainee
TR_60 Tue Night Trainee
TR_60 Wed Night Trainee
TR_60 Thu Night Trainee
TR_60 Fri Night Trainee
TR_61 Mon Day Trainee
TR_61 Tue Day Trainee
TR_62 Mon Night Trainee
TR_62 Tue Night Trainee
TR_62 Wed Night Trainee
TR_62 Thu Night Trainee
TR_62 Fri Night Trainee
TR_63 Tue Day Trainee
TR_63 Wed Day Trainee
TR_63 Thu Late Trainee
TR_63 Fri Late Trainee
TR_64 Wed Day Trainee
TR_64 Thu Day Trainee
TR_64 Fri Day Trainee
TR_65 Mon Early Trainee
TR_65 Tue Early Trainee
TR_65 Wed Early Trainee
TR_65 Thu Early Trainee
TR_65 Fri Early Trainee
TR_66 Wed Late Trainee
TR_66 Thu Late Trainee
TR_66 Fri Night Trainee
TR_66 Sat Night Trainee
TR_67 Thu Day Trainee
TR_67 Fri Day Trainee
TR_67 Sat Day Trainee
TR_67 Sun Late Trainee
TR_68 Mon Late Trainee
TR_68 Tue Late Trainee
TR_68 Sat Early Trainee
TR_68 Sun Early Trainee
TR_69 Mon Early Trainee
TR_69 Tue Early Trainee
TR_69 Wed Early Trainee
TR_69 Thu Early Trainee
TR_69 Fri Early Trainee
