SOLUTION
3 n070w4

ASSIGNMENTS = 276
HN_0 Mon Night HeadNurse
HN_1 Mon Early HeadNurse
HN_1 Tue Day HeadNurse
HN_1 Wed Day Nurse
HN_2 Mon Late HeadNurse
HN_2 Tue Late HeadNurse
HN_3 Fri Day HeadNurse
HN_3 Sat Day HeadNurse
HN_3 Sun Day Nurse
HN_4 Wed Night HeadNurse
HN_4 Thu Night Nurse
HN_4 Fri Night Nurse
HN_4 Sat Night HeadNurse
HN_4 Sun Night HeadNurse
HN_5 Tue Early Nurse
HN_5 Wed Early HeadNurse
HN_5 Thu Early Nurse
HN_5 Fri Early HeadNurse
HN_6 Mon Late Nurse
HN_6 Tue Late Nurse
HN_6 Wed Late HeadNurse
HN_7 Mon Early Nurse
HN_7 Thu Early Nurse
HN_7 Fri Early Nurse
HN_7 Sat Early HeadNurse
HN_7 Sun Late HeadNurse
NU_8 Thu Early Nurse
NU_8 Fri Early Nurse
NU_8 Sat Night Nurse
NU_8 Sun Night Nurse
NU_9 Mon Late Nurse
NU_9 Tue Late Nurse
NU_10 Fri Day Nurse
NU_10 Sat Day Nurse
NU_10 Sun Day Nurse
NU_11 Mon Day Nurse
NU_11 Tue Day Nurse
NU_11 Wed Day Nurse
NU_11 Thu Early Nurse
NU_11 Fri Early Caretaker
NU_12 Fri Night Nurse
NU_12 Sat Night Nurse
NU_12 Sun Night Caretaker
NU_13 Mon Night Nurse
NU_14 Wed Late Nurse
NU_14 Thu Late Nurse
NU_14 Fri Late Nurse
NU_15 Mon Late Nurse
NU_15 Tue Late Nurse
NU_16 Tue Day Nurse
NU_16 Wed Day Nurse
NU_16 Thu Day Nurse
NU_16 Fri Day Nurse
NU_17 Tue Night Nurse
NU_17 Wed Night Nurse
NU_17 Thu Night Nurse
NU_17 Fri Night Nurse
NU_18 Thu Day Nurse
NU_18 Fri Day Nurse
NU_18 Sat Early Nurse
NU_18 Sun Early Nurse
NU_19 Fri Day Nurse
NU_19 Sat Day Caretaker
NU_19 Sun Day Caretaker
NU_20 Mon Early Nurse
NU_20 Tue Early Nurse
NU_20 Wed Late Nurse
NU_20 Thu Late Nurse
NU_20 Fri Late Nurse
NU_21 Fri Late Nurse
NU_21 Sat Late Nurse
NU_21 Sun Late Nurse
NU_22 Mon Early Nurse
NU_22 Tue Early Nurse
NU_22 Wed Late Nurse
NU_22 Thu Late Nurse
NU_22 Fri Late Caretaker
NU_23 Thu Early Nurse
NU_23 Fri Early Caretaker
NU_23 Sat Early Nurse
NU_23 Sun Day Caretaker
NU_24 Mon Day Nurse
NU_24 Tue Day Nurse
NU_24 Wed Early Nurse
NU_24 Thu Early Caretaker
NU_25 Mon Night Nurse
NU_25 Tue Night Nurse
NU_25 Wed Night Nurse
NU_25 Thu Night Nurse
NU_25 Fri Night Nurse
NU_26 Mon Early Nurse
NU_26 Tue Early Caretaker
NU_26 Wed Early Nurse
NU_26 Sat Early Caretaker
NU_26 Sun Early Nurse
NU_27 Mon Night Nurse
NU_27 Tue Night Nurse
NU_27 Wed Night Nurse
NU_27 Thu Night Nurse
NU_27 Fri Night Caretaker
NU_28 Mon Late Caretaker
NU_28 Tue Late Caretaker
NU_29 Mon Late Caretaker
NU_29 Sat Early Caretaker
NU_29 Sun Early Caretaker
NU_30 Thu Early Caretaker
NU_30 Fri Early Caretaker
NU_30 Sat Early Caretaker
NU_30 Sun Day Caretaker
NU_31 Mon Day Nurse
NU_31 Tue Day Nurse
NU_31 Wed Day Caretaker
NU_31 Thu Day Caretaker
NU_31 Fri Day Caretaker
NU_32 Tue Night Nurse
NU_32 Wed Night Caretaker
NU_32 Thu Night Caretaker
NU_32 Fri Night Caretaker
NU_33 Mon Day Caretaker
NU_33 Tue Day Nurse
NU_33 Wed Day Caretaker
NU_33 Thu Day Caretaker
NU_33 Fri Day Caretaker
NU_34 Mon Day Caretaker
NU_34 Tue Day Caretaker
NU_34 Wed Early Nurse
NU_34 Thu Early Caretaker
NU_35 Tue Night Caretaker
NU_35 Wed Night Caretaker
NU_35 Thu Night Caretaker
NU_35 Fri Night Caretaker
NU_36 Fri Night Caretaker
NU_36 Sat Night Caretaker
NU_36 Sun Night Caretaker
NU_37 Mon Night Caretaker
NU_37 Tue Night Caretaker
NU_37 Wed Night Caretaker
NU_37 Thu Night Caretaker
NU_37 Fri Night Caretaker
NU_38 Fri Late Caretaker
NU_38 Sat Late Nurse
NU_38 Sun Late Caretaker
NU_39 Mon Day Caretaker
NU_39 Fri Late Caretaker
NU_39 Sat Late Caretaker
NU_39 Sun Late Caretaker
CT_40 Thu Late Caretaker
CT_40 Fri Late Caretaker
CT_40 Sat Late Caretaker
CT_40 Sun Late Caretaker
CT_41 Mon Early Caretaker
CT_41 Tue Early Caretaker
CT_41 Wed Early Caretaker
CT_41 Thu Early Caretaker
CT_42 Mon Late Caretaker
CT_42 Tue Late Caretaker
CT_42 Wed Late Caretaker
CT_42 Sat Late Caretaker
CT_42 Sun Late Caretaker
CT_43 Tue Day Caretaker
CT_43 Wed Day Caretaker
CT_43 Thu Day Caretaker
CT_43 Fri Day Caretaker
CT_44 Mon Night Caretaker
CT_44 Tue Night Caretaker
CT_44 Wed Night Caretaker
CT_44 Sat Night Caretaker
CT_44 Sun Night Caretaker
CT_45 Mon Early Caretaker
CT_45 Tue Early Caretaker
CT_45 Wed Early Caretaker
CT_45 Thu Day Caretaker
CT_45 Fri Day Caretaker
CT_46 Mon Early Caretaker
CT_46 Tue Early Caretaker
CT_46 Fri Night Caretaker
CT_46 Sat Night Caretaker
CT_46 Sun Night Caretaker
CT_47 Mon Night Caretaker
CT_47 Tue Night Caretaker
CT_47 Wed Night Caretaker
CT_48 Mon Late Caretaker
CT_48 Tue Late Caretaker
CT_48 Wed Late Caretaker
CT_48 Thu Late Caretaker
CT_49 Mon Day Caretaker
CT_49 Tue Day Caretaker
CT_49 Wed Late Caretaker
CT_49 Thu Late Caretaker
CT_49 Fri Late Caretaker
CT_50 Mon Late Caretaker
CT_50 Tue Late Caretaker
CT_50 Wed Late Caretaker
CT_50 Thu Late Caretaker
CT_51 Tue Early Caretaker
CT_51 Wed Early Caretaker
CT_51 Thu Late Caretaker
CT_51 Fri Late Caretaker
CT_52 Wed Early Caretaker
CT_52 Thu Early Caretaker
CT_52 Fri Day Caretaker
CT_52 Sat Day Caretaker
CT_52 Sun Early Caretaker
CT_53 Mon Day Caretaker
CT_53 Tue Day Caretaker
CT_53 Wed Day Caretaker
CT_53 Thu Day Caretaker
CT_53 Fri Day Caretaker
CT_54 Mon Early Caretaker
CT_54 Tue Early Caretaker
CT_54 Wed Day Caretaker
CT_54 Thu Day Caretaker
CT_54 Fri Day Caretaker
CT_55 Mon Late Caretaker
CT_55 Tue Late Caretaker
CT_55 Wed Late Caretaker
CT_55 Thu Late Caretaker
CT_55 Fri Late Caretaker
CT_56 Mon Day Caretaker
CT_56 Tue Day Caretaker
CT_56 Wed Late Caretaker
CT_56 Thu Late Caretaker
CT_56 Fri Late Caretaker
CT_57 Tue Night Caretaker
CT_57 Wed Night Caretaker
CT_57 Thu Night Caretaker
CT_57 Fri Night Caretaker
CT_58 Wed Early Caretaker
CT_58 Thu Early Caretaker
CT_58 Fri Early Caretaker
CT_59 Mon Day Caretaker
CT_59 Tue Day Caretaker
CT_59 Wed Early Caretaker
CT_59 Thu Early Caretaker
CT_59 Fri Early Caretaker
TR_60 Mon Night Trainee
TR_60 Thu Day Trainee
TR_60 Fri Day Trainee
TR_60 Sat Late Trainee
TR_60 Sun Late Trainee
TR_61 Mon Late Trainee
TR_62 Mon Early Trainee
TR_62 Tue Early Trainee
TR_62 Wed Late Trainee
TR_62 Thu Late Trainee
TR_62 Fri Late Trainee
TR_63 Mon Day Trainee
TR_63 Tue Day Trainee
TR_63 Wed Night Trainee
TR_63 Thu Night Trainee
TR_63 Fri Night Trainee
TR_64 Mon Early Trainee
TR_64 Thu Night Trainee
TR_64 Fri Night Trainee
TR_64 Sat Night Trainee
TR_64 Sun Night Trainee
TR_65 Mon Early Trainee
TR_65 Tue Early Trainee
TR_65 Fri Early Trainee
TR_65 Sat Early Trainee
TR_65 Sun Early Trainee
TR_66 Mon Late Trainee
TR_66 Tue Late Trainee
TR_66 Wed Late Trainee
TR_66 Thu Late Trainee
TR_67 Fri Day Trainee
TR_67 Sat Day Trainee
TR_67 Sun Early Trainee
TR_68 Tue Day Trainee
TR_68 Wed Day Trainee
TR_68 Thu Day Trainee
TR_69 Wed Early Trainee
TR_69 Thu Early Trainee
TR_69 Fri Early Trainee
TR_69 Sat Late Trainee
TR_69 Sun Late Trainee
