SOLUTION
3 n070w4

ASSIGNMENTS = 281
HN_0 Mon Day HeadNurse
HN_0 Tue Day HeadNurse
HN_0 Wed Early Nurse
HN_0 Thu Early HeadNurse
HN_1 Thu Night HeadNurse
HN_1 Fri Night HeadNurse
HN_1 Sat Night Nurse
HN_1 Sun Night HeadNurse
HN_2 Mon Early Nurse
HN_2 Tue Early HeadNurse
HN_2 Wed Late Nurse
HN_2 Thu Late Nurse
HN_3 Mon Night HeadNurse
HN_3 Tue Night Nurse
HN_3 Wed Night HeadNurse
HN_4 Wed Late Nurse
HN_4 Thu Late Nurse
HN_4 Fri Late Nurse
HN_5 Thu Day HeadNurse
HN_5 Fri Day HeadNurse
HN_5 Sat Late HeadNurse
HN_5 Sun Late Nurse
HN_6 Thu Day Nurse
HN_6 Fri Day Nurse
HN_6 Sat Early HeadNurse
HN_6 Sun Early HeadNurse
HN_7 Mon Day Nurse
HN_7 Tue Day Nurse
HN_7 Wed Day HeadNurse
NU_8 Wed Early Nurse
NU_8 Thu Early Nurse
NU_8 Fri Early Nurse
NU_9 Mon Late Nurse
NU_9 Thu Night Nurse
NU_9 Fri Night Nurse
NU_9 Sat Night Nurse
NU_9 Sun Night Nurse
NU_10 Thu Night Nurse
NU_10 Fri Night Nurse
NU_10 Sat Night Caretaker
NU_10 Sun Night Nurse
NU_11 Mon Early Nurse
NU_11 Tue Early Nurse
NU_11 Wed Late Nurse
NU_11 Thu Late Nurse
NU_11 Fri Late Nurse
NU_12 Mon Late Nurse
NU_12 Thu Night Nurse
NU_12 Fri Night Nurse
NU_12 Sat Night Caretaker
NU_12 Sun Night Caretaker
NU_13 Thu Night Nurse
NU_13 Fri Night Caretaker
NU_13 Sat Night Caretaker
NU_13 Sun Night Caretaker
NU_14 Mon Late Nurse
NU_14 Sat Early Nurse
NU_14 Sun Early Nurse
NU_15 Mon Day Nurse
NU_15 Tue Day Nurse
NU_15 Wed Day Nurse
NU_16 Mon Night Nurse
NU_16 Tue Night Nurse
NU_16 Wed Night Nurse
NU_16 Thu Night Caretaker
NU_16 Fri Night Caretaker
NU_17 Fri Day Nurse
NU_17 Sat Day Nurse
NU_17 Sun Day Nurse
NU_18 Thu Late Nurse
NU_18 Fri Late Nurse
NU_18 Sat Late Nurse
NU_18 Sun Late Caretaker
NU_19 Mon Late Nurse
NU_19 Tue Late Nurse
NU_20 Mon Early Nurse
NU_20 Tue Early Nurse
NU_20 Wed Early Nurse
NU_20 Thu Early Nurse
NU_20 Fri Early Nurse
NU_21 Mon Early Nurse
NU_21 Tue Early Nurse
NU_21 Wed Late Caretaker
NU_21 Thu Late Nurse
NU_22 Mon Late Caretaker
NU_22 Tue Late Nurse
NU_22 Fri Day Nurse
NU_22 Sat Day Nurse
NU_22 Sun Day Caretaker
NU_23 Mon Late Caretaker
NU_23 Tue Late Nurse
NU_24 Mon Night Nurse
NU_24 Tue Night Nurse
NU_24 Wed Night Nurse
NU_25 Mon Early Caretaker
NU_25 Tue Early Caretaker
NU_25 Wed Late Caretaker
NU_25 Thu Late Caretaker
NU_25 Fri Late Caretaker
NU_26 Mon Early Caretaker
NU_26 Tue Early Caretaker
NU_26 Wed Early Caretaker
NU_26 Thu Early Nurse
NU_26 Fri Early Nurse
NU_27 Mon Early Caretaker
NU_27 Thu Early Caretaker
NU_27 Fri Early Caretaker
NU_27 Sat Early Caretaker
NU_27 Sun Early Caretaker
NU_28 Mon Late Caretaker
NU_28 Fri Day Nurse
NU_28 Sat Day Caretaker
NU_28 Sun Late Caretaker
NU_29 Tue Day Nurse
NU_29 Wed Day Nurse
NU_29 Thu Day Nurse
NU_30 Mon Day Nurse
NU_30 Tue Early Caretaker
NU_30 Wed Early Caretaker
NU_31 Mon Late Caretaker
NU_31 Tue Late Caretaker
NU_31 Wed Night Nurse
NU_31 Thu Night Caretaker
NU_31 Fri Night Caretaker
NU_32 Mon Day Caretaker
NU_32 Tue Day Nurse
NU_32 Wed Late Caretaker
NU_32 Thu Late Caretaker
NU_33 Mon Night Nurse
NU_33 Tue Night Caretaker
NU_33 Wed Night Caretaker
NU_33 Thu Night Caretaker
NU_33 Fri Night Caretaker
NU_34 Tue Day Caretaker
NU_34 Wed Day Caretaker
NU_34 Thu Day Nurse
NU_34 Fri Day Caretaker
NU_35 Thu Day Caretaker
NU_35 Fri Day Caretaker
NU_35 Sat Day Caretaker
NU_35 Sun Early Caretaker
NU_36 Mon Night Caretaker
NU_37 Mon Late Caretaker
NU_37 Tue Late Caretaker
NU_38 Mon Night Caretaker
NU_39 Mon Night Caretaker
NU_39 Tue Night Caretaker
NU_39 Wed Night Caretaker
NU_39 Thu Night Caretaker
CT_40 Wed Day Caretaker
CT_40 Thu Day Caretaker
CT_40 Fri Day Caretaker
CT_41 Tue Late Caretaker
CT_41 Wed Late Caretaker
CT_41 Thu Late Caretaker
CT_41 Fri Late Caretaker
CT_42 Mon Night Caretaker
CT_42 Tue Night Caretaker
CT_42 Wed Night Caretaker
CT_42 Thu Night Caretaker
CT_42 Fri Night Caretaker
CT_43 Mon Day Caretaker
CT_43 Tue Day Caretaker
CT_43 Wed Late Caretaker
CT_43 Thu Late Caretaker
CT_43 Fri Late Caretaker
CT_44 Mon Day Caretaker
CT_44 Tue Day Caretaker
CT_44 Wed Day Caretaker
CT_44 Thu Early Caretaker
CT_44 Fri Early Caretaker
CT_45 Mon Day Caretaker
CT_45 Tue Day Caretaker
CT_45 Wed Day Caretaker
CT_45 Thu Day Caretaker
CT_45 Fri Day Caretaker
CT_46 Mon Early Caretaker
CT_46 Tue Early Caretaker
CT_46 Wed Late Caretaker
CT_46 Thu Late Caretaker
CT_46 Fri Late Caretaker
CT_47 Mon Early Caretaker
CT_47 Tue Early Caretaker
CT_47 Wed Early Caretaker
CT_47 Thu Early Caretaker
CT_47 Fri Early Caretaker
CT_48 Wed Early Caretaker
CT_48 Thu Early Caretaker
CT_48 Fri Late Caretaker
CT_48 Sat Late Caretaker
CT_48 Sun Night Caretaker
CT_49 Mon Early Caretaker
CT_49 Tue Early Caretaker
CT_49 Wed Early Caretaker
CT_49 Sat Early Caretaker
CT_49 Sun Early Caretaker
CT_50 Mon Day Caretaker
CT_50 Tue Day Caretaker
CT_50 Wed Early Caretaker
CT_50 Thu Early Caretaker
CT_50 Fri Early Caretaker
CT_51 Thu Day Caretaker
CT_51 Fri Day Caretaker
CT_51 Sat Late Caretaker
CT_51 Sun Late Caretaker
CT_52 Mon Day Caretaker
CT_52 Tue Day Caretaker
CT_52 Wed Day Caretaker
CT_52 Thu Early Caretaker
CT_52 Fri Early Caretaker
CT_53 Mon Early Caretaker
CT_53 Tue Early Caretaker
CT_53 Wed Early Caretaker
CT_53 Thu Day Caretaker
CT_53 Fri Day Caretaker
CT_54 Mon Night Caretaker
CT_54 Tue Night Caretaker
CT_54 Wed Night Caretaker
CT_54 Thu Night Caretaker
CT_54 Fri Night Caretaker
CT_55 Mon Night Caretaker
CT_55 Tue Night Caretaker
CT_55 Wed Night Caretaker
CT_55 Thu Night Caretaker
CT_55 Fri Night Caretaker
CT_56 Mon Late Caretaker
CT_56 Tue Late Caretaker
CT_56 Wed Late Caretaker
CT_56 Sat Day Caretaker
CT_56 Sun Day Caretaker
CT_57 Wed Day Caretaker
CT_57 Thu Day Caretaker
CT_57 Fri Day Caretaker
CT_58 Tue Day Caretaker
CT_58 Wed Day Caretaker
CT_58 Thu Late Caretaker
CT_58 Fri Late Caretaker
CT_59 Mon Late Caretaker
CT_59 Tue Late Caretaker
CT_59 Wed Late Caretaker
CT_59 Thu Late Caretaker
TR_60 Mon Late Trainee
TR_60 Tue Late Trainee
TR_60 Wed Late Trainee
TR_60 Sat Day Trainee
TR_60 Sun Day Trainee
TR_61 Mon Day Trainee
TR_61 Tue Day Trainee
TR_61 Wed Late Trainee
TR_61 Thu Late Trainee
TR_62 Mon Early Trainee
TR_62 Tue Early Trainee
TR_62 Wed Night Trainee
TR_62 Thu Night Trainee
TR_62 Fri Night Trainee
TR_63 Fri Early Trainee
TR_63 Sat Late Trainee
TR_63 Sun Late Trainee
TR_64 Mon Late Trainee
TR_64 Tue Late Trainee
TR_65 Wed Late Trainee
TR_65 Thu Late Trainee
TR_65 Fri Late Trainee
TR_65 Sat Late Trainee
TR_65 Sun Late Trainee
TR_66 Mon Night Trainee
TR_66 Tue Night Trainee
TR_66 Wed Night Trainee
TR_66 Thu Night Trainee
TR_66 Fri Night Trainee
TR_67 Fri Early Trainee
TR_67 Sat Early Trainee
TR_67 Sun Early Trainee
TR_68 Tue Day Trainee
TR_68 Wed Day Trainee
TR_68 Thu Day Trainee
TR_69 Mon Early Trainee
TR_69 Tue Early Trainee
TR_69 Wed Early Trainee
TR_69 Thu Day Trainee
TR_69 Fri Day Trainee
