SOLUTION
0 n070w4

ASSIGNMENTS = 278
HN_0 Tue Late Nurse
HN_0 Wed Late HeadNurse
HN_0 Thu Late HeadNurse
HN_0 Fri Late HeadNurse
HN_1 Mon Night HeadNurse
HN_1 Tue Night Nurse
HN_1 Wed Night Nurse
HN_1 Thu Night Nurse
HN_2 Mon Late Nurse
HN_2 Sat Night HeadNurse
HN_2 Sun Night Nurse
HN_3 Mon Late Nurse
HN_3 Tue Late Nurse
HN_4 Mon Day HeadNurse
HN_4 Tue Day Nurse
HN_4 Wed Day Nurse
HN_4 Thu Day Nurse
HN_5 Fri Early HeadNurse
HN_5 Sat Early Nurse
HN_5 Sun Early HeadNurse
HN_6 Wed Early HeadNurse
HN_6 Thu Early HeadNurse
HN_6 Fri Late Nurse
HN_6 Sat Late HeadNurse
HN_6 Sun Late HeadNurse
HN_7 Mon Early Nurse
HN_7 Tue Early HeadNurse
HN_7 Fri Day HeadNurse
HN_7 Sat Day HeadNurse
HN_7 Sun Day HeadNurse
NU_8 Tue Day Nurse
NU_8 Wed Day Nurse
NU_8 Thu Day Nurse
NU_9 Mon Late Nurse
NU_9 Tue Late Nurse
NU_9 Wed Late Nurse
NU_10 Tue Night Nurse
NU_10 Wed Night Nurse
NU_10 Thu Night Nurse
NU_10 Fri Night Nurse
NU_11 Mon Early Nurse
NU_11 Tue Early Nurse
NU_11 Fri Day Nurse
NU_11 Sat Day Nurse
NU_11 Sun Day Nurse
NU_12 Tue Early Nurse
NU_12 Wed Early Nurse
NU_12 Thu Day Nurse
NU_12 Fri Day Nurse
NU_13 Fri Night Nurse
NU_13 Sat Night Nurse
NU_13 Sun Night Nurse
NU_14 Mon Day Nurse
NU_14 Tue Day Nurse
NU_14 Wed Day Nurse
NU_14 Thu Day Caretaker
NU_14 Fri Day Nurse
NU_15 Mon Early Nurse
NU_15 Tue Early Nurse
NU_15 Wed Day Caretaker
NU_15 Thu Day Caretaker
NU_16 Mon Day Nurse
NU_16 Thu Night Nurse
NU_16 Fri Night Nurse
NU_16 Sat Night Caretaker
NU_16 Sun Night Caretaker
NU_17 Thu Day Caretaker
NU_17 Fri Day Caretaker
NU_17 Sat Day Nurse
NU_17 Sun Day Nurse
NU_18 Mon Night Nurse
NU_18 Tue Night Nurse
NU_19 Wed Early Nurse
NU_19 Thu Early Nurse
NU_19 Fri Early Nurse
NU_20 Mon Night Nurse
NU_20 Tue Night Nurse
NU_20 Wed Night Nurse
NU_20 Thu Night Nurse
NU_20 Fri Night Nurse
NU_21 Mon Night Nurse
NU_21 Tue Night Caretaker
NU_21 Wed Night Caretaker
NU_21 Thu Night Caretaker
NU_21 Fri Night Caretaker
NU_22 Mon Early Caretaker
NU_22 Tue Early Nurse
NU_22 Wed Early Nurse
NU_22 Thu Early Nurse
NU_22 Fri Early Nurse
NU_23 Mon Late Caretaker
NU_23 Tue Late Nurse
NU_23 Wed Late Nurse
NU_23 Thu Late Nurse
NU_23 Fri Late Nurse
NU_24 Mon Late Caretaker
NU_24 Tue Late Caretaker
NU_25 Mon Day Nurse
NU_25 Thu Day Caretaker
NU_25 Fri Day Caretaker
NU_25 Sat Early Nurse
NU_25 Sun Early Nurse
NU_26 Mon Night Nurse
NU_26 Tue Night Caretaker
NU_26 Wed Night Caretaker
NU_26 Thu Night Caretaker
NU_26 Fri Night Caretaker
NU_27 Wed Late Nurse
NU_27 Thu Late Nurse
NU_27 Fri Late Nurse
NU_28 Mon Early Caretaker
NU_28 Tue Early Caretaker
NU_28 Wed Early Caretaker
NU_29 Mon Night Caretaker
NU_29 Tue Night Caretaker
NU_29 Wed Night Caretaker
NU_29 Thu Night Caretaker
NU_29 Fri Night Caretaker
NU_30 Mon Early Caretaker
NU_30 Tue Early Caretaker
NU_31 Mon Night Caretaker
NU_31 Thu Late Nurse
NU_31 Fri Late Nurse
NU_31 Sat Late Nurse
NU_31 Sun Late Nurse
NU_32 Tue Late Caretaker
NU_32 Wed Late Caretaker
NU_32 Thu Late Caretaker
NU_32 Fri Late Caretaker
NU_33 Mon Late Caretaker
NU_33 Tue Late Caretaker
NU_33 Fri Day Caretaker
NU_33 Sat Day Caretaker
NU_33 Sun Day Caretaker
NU_34 Thu Early Nurse
NU_34 Fri Early Caretaker
NU_34 Sat Late Caretaker
NU_34 Sun Late Caretaker
NU_35 Mon Day Nurse
NU_35 Sat Night Caretaker
NU_35 Sun Night Caretaker
NU_36 Fri Late Caretaker
NU_36 Sat Late Caretaker
NU_36 Sun Night Caretaker
NU_37 Mon Day Caretaker
NU_37 Tue Day Caretaker
NU_37 Wed Day Caretaker
NU_38 Fri Day Caretaker
NU_38 Sat Day Caretaker
NU_38 Sun Early Caretaker
NU_39 Mon Day Caretaker
NU_39 Tue Day Caretaker
NU_39 Wed Early Caretaker
NU_39 Thu Early Caretaker
CT_40 Tue Day Caretaker
CT_40 Wed Day Caretaker
CT_40 Thu Day Caretaker
CT_41 Fri Early Caretaker
CT_41 Sat Early Caretaker
CT_41 Sun Late Caretaker
CT_42 Mon Late Caretaker
CT_42 Tue Late Caretaker
CT_42 Wed Late Caretaker
CT_42 Thu Late Caretaker
CT_42 Fri Late Caretaker
CT_43 Tue Late Caretaker
CT_43 Wed Late Caretaker
CT_43 Thu Late Caretaker
CT_43 Fri Late Caretaker
CT_44 Mon Day Caretaker
CT_44 Tue Day Caretaker
CT_44 Wed Day Caretaker
CT_44 Sat Day Caretaker
CT_44 Sun Day Caretaker
CT_45 Mon Day Caretaker
CT_45 Tue Day Caretaker
CT_45 Fri Night Caretaker
CT_45 Sat Night Caretaker
CT_45 Sun Night Caretaker
CT_46 Mon Night Caretaker
CT_46 Thu Early Caretaker
CT_46 Fri Early Caretaker
CT_46 Sat Late Caretaker
CT_46 Sun Late Caretaker
CT_47 Tue Late Caretaker
CT_47 Wed Late Caretaker
CT_47 Thu Late Caretaker
CT_47 Fri Late Caretaker
CT_48 Mon Early Caretaker
CT_48 Tue Early Caretaker
CT_48 Wed Early Caretaker
CT_48 Thu Early Caretaker
CT_49 Mon Night Caretaker
CT_49 Tue Night Caretaker
CT_49 Wed Night Caretaker
CT_49 Thu Night Caretaker
CT_49 Fri Night Caretaker
CT_50 Mon Early Caretaker
CT_50 Tue Early Caretaker
CT_50 Wed Early Caretaker
CT_50 Thu Early Caretaker
CT_50 Fri Early Caretaker
CT_51 Thu Early Caretaker
CT_51 Fri Early Caretaker
CT_51 Sat Early Caretaker
CT_51 Sun Early Caretaker
CT_52 Mon Night Caretaker
CT_52 Tue Night Caretaker
CT_52 Wed Night Caretaker
CT_52 Thu Night Caretaker
CT_53 Wed Early Caretaker
CT_53 Thu Early Caretaker
CT_53 Fri Early Caretaker
CT_54 Mon Night Caretaker
CT_54 Tue Night Caretaker
CT_54 Wed Night Caretaker
CT_54 Thu Night Caretaker
CT_54 Fri Night Caretaker
CT_55 Mon Late Caretaker
CT_55 Tue Late Caretaker
CT_55 Fri Late Caretaker
CT_55 Sat Late Caretaker
CT_55 Sun Late Caretaker
CT_56 Mon Day Caretaker
CT_56 Tue Day Caretaker
CT_56 Wed Day Caretaker
CT_56 Thu Late Caretaker
CT_56 Fri Late Caretaker
CT_57 Mon Early Caretaker
CT_57 Tue Early Caretaker
CT_57 Wed Early Caretaker
CT_57 Thu Day Caretaker
CT_57 Fri Day Caretaker
CT_58 Mon Day Caretaker
CT_58 Tue Day Caretaker
CT_58 Wed Day Caretaker
CT_59 Mon Late Caretaker
CT_59 Tue Late Caretaker
TR_60 Mon Early Trainee
TR_60 Wed Early Trainee
TR_60 Thu Early Trainee
TR_60 Fri Early Trainee
TR_61 Wed Early Trainee
TR_61 Thu Early Trainee
TR_61 Fri Early Trainee
TR_62 Mon Late Trainee
TR_62 Wed Night Trainee
TR_62 Thu Night Trainee
TR_62 Fri Night Trainee
TR_62 Sat Night Trainee
TR_62 Sun Night Trainee
TR_63 Fri Late Trainee
TR_63 Sat Late Trainee
TR_63 Sun Late Trainee
TR_64 Mon Late Trainee
TR_64 Sat Early Trainee
TR_64 Sun Early Trainee
TR_65 Mon Day Trainee
TR_65 Tue Day Trainee
TR_65 Wed Late Trainee
TR_65 Thu Late Trainee
TR_65 Fri Late Trainee
TR_66 Mon Day Trainee
TR_66 Tue Late Trainee
TR_66 Wed Late Trainee
TR_66 Thu Late Trainee
TR_67 Fri Day Trainee
TR_67 Sat Day Trainee
TR_67 Sun Day Trainee
TR_68 Mon Early Trainee
TR_68 Tue Early Trainee
TR_68 Wed Day Trainee
TR_68 Thu Day Trainee
TR_69 Mon Night Trainee
TR_69 Tue Night Trainee
TR_69 Wed Night Trainee
TR_69 Thu Night Trainee
TR_69 Fri Night Trainee
