SOLUTION
2 n060w4

ASSIGNMENTS = 215
HN_0 Fri Early HeadNurse
HN_0 Sat Early HeadNurse
HN_0 Sun Day Nurse
HN_1 Mon Night HeadNurse
HN_1 Tue Night HeadNurse
HN_1 Wed Night HeadNurse
HN_1 Thu Night Nurse
HN_1 Fri Night HeadNurse
HN_2 Thu Late Nurse
HN_2 Fri Late HeadNurse
HN_2 Sat Late Nurse
HN_2 Sun Late HeadNurse
HN_3 Tue Early HeadNurse
HN_3 Wed Early HeadNurse
HN_3 Thu Early Nurse
HN_3 Fri Early Nurse
HN_4 Mon Late HeadNurse
HN_4 Tue Late HeadNurse
HN_5 Fri Night Nurse
HN_5 Sat Night Nurse
HN_5 Sun Night Nurse
HN_6 Mon Day HeadNurse
HN_6 Tue Day HeadNurse
HN_6 Wed Day Nurse
HN_6 Thu Day HeadNurse
HN_6 Fri Day HeadNurse
NU_7 Mon Early Nurse
NU_7 Tue Early Nurse
NU_7 Wed Early Nurse
NU_7 Thu Early Nurse
NU_7 Fri Early Nurse
NU_8 Mon Late Nurse
NU_8 Tue Late Nurse
NU_8 Wed Late Nurse
NU_9 Mon Early Nurse
NU_9 Tue Early Nurse
NU_9 Wed Early Nurse
NU_9 Thu Day Nurse
NU_9 Fri Day Nurse
NU_10 Mon Night Nurse
NU_10 Tue Night Nurse
NU_10 Wed Night Nurse
NU_10 Thu Night Nurse
NU_11 Thu Early Nurse
NU_11 Fri Early Caretaker
NU_11 Sat Early Nurse
NU_11 Sun Night Nurse
NU_12 Mon Day Nurse
NU_12 Tue Day Nurse
NU_12 Wed Day Nurse
NU_13 Mon Early Nurse
NU_13 Tue Early Nurse
NU_13 Wed Early Nurse
NU_13 Thu Early Caretaker
NU_13 Fri Early Caretaker
NU_14 Mon Late Nurse
NU_14 Tue Late Nurse
NU_15 Sat Early Caretaker
NU_15 Sun Early Nurse
NU_16 Mon Early Caretaker
NU_16 Tue Early Caretaker
NU_16 Wed Early Caretaker
NU_16 Thu Early Caretaker
NU_17 Mon Day Nurse
NU_17 Tue Day Nurse
NU_17 Wed Day Nurse
NU_17 Thu Day Nurse
NU_17 Fri Day Nurse
NU_18 Mon Day Caretaker
NU_18 Tue Day Nurse
NU_18 Wed Day Caretaker
NU_18 Fri Night Nurse
NU_18 Sat Night Caretaker
NU_18 Sun Night Caretaker
NU_19 Mon Late Nurse
NU_19 Tue Late Nurse
NU_20 Mon Early Caretaker
NU_21 Fri Night Caretaker
NU_21 Sat Night Caretaker
NU_21 Sun Night Caretaker
NU_22 Mon Night Nurse
NU_22 Tue Night Nurse
NU_22 Wed Night Caretaker
NU_23 Fri Day Nurse
NU_23 Sat Day Nurse
NU_23 Sun Day Nurse
NU_24 Tue Day Caretaker
NU_24 Wed Day Caretaker
NU_24 Thu Late Nurse
NU_24 Fri Late Nurse
NU_25 Sat Late Nurse
NU_25 Sun Late Nurse
NU_26 Sat Early Caretaker
NU_26 Sun Early Caretaker
NU_27 Mon Day Caretaker
NU_27 Tue Day Caretaker
NU_27 Wed Day Caretaker
NU_27 Thu Late Nurse
NU_27 Fri Late Nurse
NU_28 Mon Day Caretaker
NU_28 Tue Day Caretaker
NU_28 Wed Day Caretaker
NU_28 Thu Day Nurse
NU_28 Fri Day Caretaker
NU_29 Mon Late Caretaker
NU_29 Tue Late Caretaker
NU_29 Wed Late Nurse
NU_29 Thu Late Caretaker
NU_29 Fri Late Nurse
NU_30 Wed Early Caretaker
NU_30 Thu Early Caretaker
NU_30 Fri Early Caretaker
NU_31 Mon Night Caretaker
NU_31 Tue Night Caretaker
NU_31 Wed Night Caretaker
NU_31 Thu Night Caretaker
NU_31 Fri Night Caretaker
NU_32 Mon Late Caretaker
NU_32 Tue Late Caretaker
NU_32 Wed Late Caretaker
NU_32 Thu Late Caretaker
NU_33 Mon Night Caretaker
NU_33 Tue Night Caretaker
NU_33 Wed Night Caretaker
NU_33 Thu Night Caretaker
NU_34 Sat Day Nurse
NU_34 Sun Day Caretaker
NU_35 Mon Late Caretaker
NU_35 Tue Late Caretaker
NU_35 Wed Late Caretaker
NU_35 Thu Late Caretaker
NU_35 Fri Late Caretaker
NU_36 Thu Early Caretaker
NU_36 Fri Early Caretaker
NU_36 Sat Day Caretaker
NU_36 Sun Day Caretaker
CT_37 Mon Late Caretaker
CT_37 Tue Late Caretaker
CT_38 Sat Early Caretaker
CT_38 Sun Early Caretaker
CT_39 Mon Early Caretaker
CT_39 Tue Early Caretaker
CT_39 Wed Early Caretaker
CT_39 Thu Day Caretaker
CT_39 Fri Day Caretaker
CT_40 Mon Night Caretaker
CT_40 Tue Night Caretaker
CT_40 Wed Night Caretaker
CT_40 Thu Night Caretaker
CT_41 Wed Early Caretaker
CT_41 Thu Early Caretaker
CT_41 Fri Early Caretaker
CT_42 Mon Day Caretaker
CT_42 Tue Day Caretaker
CT_42 Wed Day Caretaker
CT_42 Thu Day Caretaker
CT_42 Fri Day Caretaker
CT_43 Mon Early Caretaker
CT_43 Tue Early Caretaker
CT_43 Wed Late Caretaker
CT_43 Thu Late Caretaker
CT_43 Fri Late Caretaker
CT_44 Wed Early Caretaker
CT_44 Thu Early Caretaker
CT_44 Fri Early Caretaker
CT_45 Mon Late Caretaker
CT_45 Tue Late Caretaker
CT_45 Wed Late Caretaker
CT_45 Thu Late Caretaker
CT_45 Fri Late Caretaker
CT_46 Sat Day Caretaker
CT_46 Sun Day Caretaker
CT_47 Mon Early Caretaker
CT_47 Tue Early Caretaker
CT_47 Wed Day Caretaker
CT_47 Thu Day Caretaker
CT_47 Fri Day Caretaker
CT_48 Sat Late Caretaker
CT_48 Sun Late Caretaker
CT_49 Thu Day Caretaker
CT_49 Fri Day Caretaker
CT_49 Sat Late Caretaker
CT_49 Sun Late Caretaker
CT_50 Mon Day Caretaker
CT_50 Tue Day Caretaker
CT_51 Mon Night Caretaker
CT_51 Tue Night Caretaker
CT_51 Wed Night Caretaker
CT_51 Thu Night Caretaker
CT_51 Fri Night Caretaker
TR_52 Wed Late Trainee
TR_52 Thu Late Trainee
TR_52 Fri Late Trainee
TR_52 Sat Late Trainee
TR_52 Sun Late Trainee
TR_53 Mon Day Trainee
TR_53 Sat Early Trainee
TR_53 Sun Early Trainee
TR_54 Wed Day Trainee
TR_54 Thu Day Trainee
TR_54 Fri Day Trainee
TR_55 Mon Early Trainee
TR_55 Tue Early Trainee
TR_55 Wed Early Trainee
TR_55 Thu Day Trainee
TR_56 Sat Day Trainee
TR_56 Sun Day Trainee
TR_57 Wed Early Trainee
TR_57 Thu Early Trainee
TR_57 Fri Early Trainee
TR_58 Mon Night Trainee
TR_58 Tue Night Trainee
TR_58 Wed Night Trainee
TR_59 Sat Night Trainee
TR_59 Sun Night Trainee
