SOLUTION
3 n050w4

ASSIGNMENTS = 201
HN_0 Wed Early HeadNurse
HN_0 Thu Early Nurse
HN_0 Fri Early HeadNurse
HN_0 Sat Early Nurse
HN_0 Sun Day HeadNurse
HN_1 Mon Late HeadNurse
HN_1 Thu Day HeadNurse
HN_1 Fri Day Nurse
HN_1 Sat Late Nurse
HN_1 Sun Late HeadNurse
HN_2 Mon Late Nurse
HN_2 Tue Late Nurse
HN_2 Wed Late HeadNurse
HN_3 Mon Night Nurse
HN_3 Tue Night HeadNurse
HN_3 Wed Night HeadNurse
HN_3 Thu Night Nurse
HN_4 Mon Day Nurse
HN_4 Sat Late Nurse
HN_4 Sun Late Nurse
HN_5 Mon Late Nurse
HN_5 Tue Late Nurse
NU_6 Mon Early Nurse
NU_6 Tue Early Nurse
NU_6 Wed Early Nurse
NU_6 Thu Early Caretaker
NU_6 Fri Early Nurse
NU_7 Thu Night Nurse
NU_7 Fri Night Nurse
NU_7 Sat Night Nurse
NU_7 Sun Night Nurse
NU_8 Mon Late Nurse
NU_8 Fri Early Nurse
NU_8 Sat Early Nurse
NU_8 Sun Day Nurse
NU_9 Mon Night Nurse
NU_9 Tue Night Nurse
NU_10 Mon Day Nurse
NU_10 Tue Day Nurse
NU_10 Wed Early Nurse
NU_10 Thu Early Caretaker
NU_10 Fri Early Nurse
NU_11 Mon Late Caretaker
NU_11 Tue Late Caretaker
NU_11 Wed Late Nurse
NU_11 Sat Night Caretaker
NU_11 Sun Night Caretaker
NU_12 Mon Day Caretaker
NU_12 Tue Day Nurse
NU_12 Wed Late Nurse
NU_12 Thu Late Nurse
NU_12 Fri Late Nurse
NU_13 Tue Night Nurse
NU_13 Wed Night Nurse
NU_13 Thu Night Caretaker
NU_13 Fri Night Nurse
NU_14 Mon Night Nurse
NU_14 Tue Night Nurse
NU_14 Wed Night Nurse
NU_14 Thu Night Caretaker
NU_15 Mon Early Nurse
NU_15 Tue Early Nurse
NU_15 Wed Late Nurse
NU_15 Thu Late Nurse
NU_15 Fri Late Nurse
NU_16 Wed Day Nurse
NU_16 Thu Day Nurse
NU_16 Fri Day Nurse
NU_17 Thu Day Nurse
NU_17 Fri Day Caretaker
NU_17 Sat Night Caretaker
NU_17 Sun Night Caretaker
NU_18 Mon Early Caretaker
NU_18 Tue Early Caretaker
NU_18 Wed Early Nurse
NU_19 Mon Early Caretaker
NU_19 Tue Early Caretaker
NU_19 Wed Early Caretaker
NU_19 Thu Late Caretaker
NU_19 Fri Late Caretaker
NU_20 Mon Late Caretaker
NU_20 Sat Early Caretaker
NU_20 Sun Early Nurse
NU_21 Mon Early Caretaker
NU_21 Tue Early Caretaker
NU_21 Wed Early Caretaker
NU_21 Sat Day Nurse
NU_21 Sun Day Caretaker
NU_22 Mon Night Caretaker
NU_22 Tue Night Caretaker
NU_22 Wed Night Caretaker
NU_22 Thu Night Caretaker
NU_22 Fri Night Caretaker
NU_23 Mon Late Caretaker
NU_23 Tue Late Caretaker
NU_23 Wed Late Caretaker
NU_23 Sat Late Caretaker
NU_23 Sun Late Nurse
NU_24 Mon Day Caretaker
NU_24 Tue Day Caretaker
NU_24 Wed Day Nurse
NU_24 Thu Day Caretaker
NU_24 Fri Day Caretaker
NU_25 Mon Night Caretaker
NU_25 Tue Night Caretaker
NU_25 Wed Night Caretaker
NU_25 Thu Night Caretaker
NU_25 Fri Night Caretaker
NU_26 Mon Day Caretaker
NU_26 Tue Day Caretaker
NU_26 Wed Late Caretaker
NU_26 Thu Late Caretaker
NU_26 Fri Late Caretaker
NU_27 Mon Night Caretaker
NU_27 Tue Night Caretaker
CT_28 Mon Late Caretaker
CT_28 Tue Late Caretaker
CT_28 Fri Late Caretaker
CT_28 Sat Late Caretaker
CT_28 Sun Late Caretaker
CT_29 Mon Day Caretaker
CT_29 Tue Day Caretaker
CT_29 Wed Late Caretaker
CT_29 Thu Late Caretaker
CT_30 Wed Early Caretaker
CT_30 Thu Early Caretaker
CT_30 Fri Early Caretaker
CT_31 Mon Day Caretaker
CT_31 Tue Day Caretaker
CT_31 Wed Day Caretaker
CT_31 Thu Day Caretaker
CT_31 Fri Day Caretaker
CT_32 Wed Day Caretaker
CT_32 Thu Day Caretaker
CT_32 Fri Day Caretaker
CT_33 Mon Night Caretaker
CT_33 Tue Night Caretaker
CT_33 Fri Day Caretaker
CT_33 Sat Day Caretaker
CT_33 Sun Early Caretaker
CT_34 Mon Early Caretaker
CT_34 Tue Early Caretaker
CT_35 Wed Late Caretaker
CT_35 Thu Late Caretaker
CT_35 Fri Late Caretaker
CT_36 Tue Night Caretaker
CT_36 Wed Night Caretaker
CT_36 Thu Night Caretaker
CT_36 Fri Night Caretaker
CT_37 Mon Day Caretaker
CT_37 Tue Day Caretaker
CT_37 Wed Day Caretaker
CT_37 Sat Day Caretaker
CT_37 Sun Day Caretaker
CT_38 Mon Late Caretaker
CT_38 Thu Early Caretaker
CT_38 Fri Early Caretaker
CT_38 Sat Early Caretaker
CT_38 Sun Day Caretaker
CT_39 Wed Early Caretaker
CT_39 Thu Early Caretaker
CT_39 Fri Early Caretaker
TR_40 Thu Day Trainee
TR_40 Fri Day Trainee
TR_40 Sat Day Trainee
TR_40 Sun Early Trainee
TR_41 Mon Night Trainee
TR_41 Tue Night Trainee
TR_42 Mon Day Trainee
TR_42 Tue Day Trainee
TR_42 Wed Day Trainee
TR_43 Wed Night Trainee
TR_43 Thu Night Trainee
TR_43 Fri Night Trainee
TR_43 Sat Night Trainee
TR_43 Sun Night Trainee
TR_44 Tue Day Trainee
TR_44 Wed Day Trainee
TR_44 Thu Day Trainee
TR_45 Mon Late Trainee
TR_45 Tue Late Trainee
TR_45 Wed Late Trainee
TR_45 Sat Late Trainee
TR_45 Sun Late Trainee
TR_46 Wed Early Trainee
TR_46 Thu Early Trainee
TR_46 Fri Early Trainee
TR_46 Sat Early Trainee
TR_46 Sun Day Trainee
TR_47 Thu Early Trainee
TR_47 Fri Early Trainee
TR_47 Sat Early Trainee
TR_47 Sun Late Trainee
TR_48 Wed Late Trainee
TR_48 Thu Late Trainee
TR_48 Fri Late Trainee
TR_49 Wed Night Trainee
TR_49 Thu Night Trainee
TR_49 Fri Night Trainee
TR_49 Sat Night Trainee
TR_49 Sun Night Trainee
