SOLUTION
0 n050w4

ASSIGNMENTS = 208
HN_0 Mon Early Nurse
HN_0 Thu Day Nurse
HN_0 Fri Day Nurse
HN_0 Sat Early Nurse
HN_0 Sun Early HeadNurse
HN_1 Mon Night Nurse
HN_1 Tue Night HeadNurse
HN_1 Wed Night HeadNurse
HN_1 Sat Day Nurse
HN_1 Sun Day HeadNurse
HN_2 Thu Late Nurse
HN_2 Fri Late HeadNurse
HN_2 Sat Late HeadNurse
HN_2 Sun Late Nurse
HN_3 Wed Early HeadNurse
HN_3 Thu Early Nurse
HN_3 Fri Early HeadNurse
HN_4 Mon Early Nurse
HN_4 Tue Early Nurse
HN_4 Wed Late Nurse
HN_4 Thu Late Nurse
HN_5 Tue Night Nurse
HN_5 Wed Night Nurse
HN_5 Thu Night HeadNurse
HN_5 Fri Night Nurse
NU_6 Mon Early Caretaker
NU_6 Tue Early Nurse
NU_6 Wed Day Nurse
NU_6 Thu Day Nurse
NU_6 Fri Day Nurse
NU_7 Wed Late Nurse
NU_7 Thu Late Nurse
NU_7 Fri Late Nurse
NU_8 Wed Late Nurse
NU_8 Thu Late Nurse
NU_8 Fri Late Nurse
NU_9 Mon Early Caretaker
NU_9 Tue Early Caretaker
NU_9 Wed Early Nurse
NU_10 Mon Late Nurse
NU_10 Tue Late Nurse
NU_10 Wed Late Caretaker
NU_10 Thu Late Caretaker
NU_10 Fri Late Caretaker
NU_11 Mon Day Nurse
NU_11 Tue Day Nurse
NU_11 Wed Day Nurse
NU_11 Sat Late Nurse
NU_11 Sun Late Caretaker
NU_12 Mon Night Nurse
NU_12 Tue Night Nurse
NU_12 Wed Night Nurse
NU_12 Thu Night Nurse
NU_12 Fri Night Nurse
NU_13 Sat Night Nurse
NU_13 Sun Night Nurse
NU_14 Mon Day Nurse
NU_14 Tue Day Nurse
NU_14 Fri Early Nurse
NU_14 Sat Early Nurse
NU_14 Sun Early Nurse
NU_15 Mon Early Caretaker
NU_15 Fri Day Caretaker
NU_15 Sat Day Nurse
NU_15 Sun Day Nurse
NU_16 Mon Night Nurse
NU_16 Thu Early Nurse
NU_16 Fri Early Nurse
NU_16 Sat Late Nurse
NU_16 Sun Late Caretaker
NU_17 Wed Day Caretaker
NU_17 Thu Day Caretaker
NU_17 Fri Day Caretaker
NU_18 Mon Early Caretaker
NU_18 Tue Early Caretaker
NU_18 Wed Early Nurse
NU_19 Mon Late Nurse
NU_19 Tue Late Nurse
NU_19 Fri Late Caretaker
NU_19 Sat Late Caretaker
NU_19 Sun Late Caretaker
NU_20 Wed Early Nurse
NU_20 Thu Early Caretaker
NU_20 Fri Early Nurse
NU_21 Mon Day Nurse
NU_21 Tue Day Caretaker
NU_21 Wed Day Caretaker
NU_21 Thu Early Caretaker
NU_21 Fri Early Caretaker
NU_22 Mon Late Caretaker
NU_22 Tue Late Nurse
NU_22 Fri Early Caretaker
NU_22 Sat Early Caretaker
NU_22 Sun Day Caretaker
NU_23 Mon Day Caretaker
NU_23 Thu Day Caretaker
NU_23 Fri Day Caretaker
NU_23 Sat Day Caretaker
NU_23 Sun Day Caretaker
NU_24 Mon Day Caretaker
NU_24 Tue Day Caretaker
NU_24 Wed Early Caretaker
NU_24 Thu Early Caretaker
NU_24 Fri Early Caretaker
NU_25 Mon Late Caretaker
NU_25 Tue Late Caretaker
NU_25 Fri Late Caretaker
NU_25 Sat Late Caretaker
NU_25 Sun Late Caretaker
NU_26 Wed Night Caretaker
NU_26 Thu Night Caretaker
NU_26 Fri Night Nurse
NU_26 Sat Night Nurse
NU_26 Sun Night Caretaker
NU_27 Tue Early Caretaker
NU_27 Wed Early Caretaker
NU_27 Thu Day Caretaker
NU_27 Fri Day Caretaker
CT_28 Mon Late Caretaker
CT_28 Tue Late Caretaker
CT_28 Fri Day Caretaker
CT_28 Sat Day Caretaker
CT_28 Sun Early Caretaker
CT_29 Mon Night Caretaker
CT_29 Thu Late Caretaker
CT_29 Fri Late Caretaker
CT_29 Sat Late Caretaker
CT_29 Sun Late Caretaker
CT_30 Wed Early Caretaker
CT_30 Thu Early Caretaker
CT_30 Fri Early Caretaker
CT_31 Mon Night Caretaker
CT_31 Tue Night Caretaker
CT_31 Wed Night Caretaker
CT_31 Thu Night Caretaker
CT_31 Fri Night Caretaker
CT_32 Mon Day Caretaker
CT_32 Tue Day Caretaker
CT_32 Wed Day Caretaker
CT_32 Thu Day Caretaker
CT_32 Fri Day Caretaker
CT_33 Mon Night Caretaker
CT_33 Tue Night Caretaker
CT_33 Wed Night Caretaker
CT_33 Thu Night Caretaker
CT_33 Fri Night Caretaker
CT_34 Mon Night Caretaker
CT_34 Tue Night Caretaker
CT_34 Wed Night Caretaker
CT_34 Thu Night Caretaker
CT_35 Mon Day Caretaker
CT_35 Tue Day Caretaker
CT_35 Wed Day Caretaker
CT_35 Sat Night Caretaker
CT_35 Sun Night Caretaker
CT_36 Tue Late Caretaker
CT_36 Wed Late Caretaker
CT_36 Thu Late Caretaker
CT_37 Mon Day Caretaker
CT_37 Tue Early Caretaker
CT_37 Wed Early Caretaker
CT_37 Sat Early Caretaker
CT_37 Sun Early Caretaker
CT_38 Mon Late Caretaker
CT_38 Tue Late Caretaker
CT_38 Wed Late Caretaker
CT_38 Thu Late Caretaker
CT_38 Fri Late Caretaker
CT_39 Fri Night Caretaker
CT_39 Sat Night Caretaker
CT_39 Sun Night Caretaker
TR_40 Mon Day Trainee
TR_40 Fri Night Trainee
TR_40 Sat Night Trainee
TR_40 Sun Night Trainee
TR_41 Wed Night Trainee
TR_41 Thu Night Trainee
TR_41 Fri Night Trainee
TR_42 Thu Day Trainee
TR_42 Fri Day Trainee
TR_42 Sat Early Trainee
TR_42 Sun Early Trainee
TR_43 Mon Night Trainee
TR_43 Tue Night Trainee
TR_43 Wed Night Trainee
TR_43 Sat Day Trainee
TR_43 Sun Day Trainee
TR_44 Mon Early Trainee
TR_44 Fri Night Trainee
TR_44 Sat Night Trainee
TR_44 Sun Night Trainee
TR_45 Mon Late Trainee
TR_45 Tue Late Trainee
TR_45 Wed Late Trainee
TR_45 Thu Late Trainee
TR_45 Fri Late Trainee
TR_46 Tue Late Trainee
TR_46 Wed Late Trainee
TR_46 Thu Late Trainee
TR_47 Tue Early Trainee
TR_47 Wed Early Trainee
TR_47 Thu Early Trainee
TR_48 Wed Early Trainee
TR_48 Thu Early Trainee
TR_48 Fri Early Trainee
TR_49 Mon Day Trainee
TR_49 Tue Day Trainee
TR_49 Wed Day Trainee
