SOLUTION
7 n050w8

ASSIGNMENTS = 213
HN_0 Mon Night Nurse
HN_0 Thu Early HeadNurse
HN_0 Fri Early Nurse
HN_0 Sat Early HeadNurse
HN_0 Sun Day HeadNurse
HN_1 Wed Late HeadNurse
HN_1 Thu Late Nurse
HN_1 Fri Late Nurse
HN_1 Sat Late HeadNurse
HN_1 Sun Night Nurse
HN_2 Tue Day HeadNurse
HN_2 Wed Day HeadNurse
HN_2 Thu Day Nurse
HN_3 Mon Early HeadNurse
HN_3 Tue Early Nurse
HN_3 Wed Early Nurse
HN_3 Thu Early Nurse
HN_4 Mon Day HeadNurse
HN_4 Tue Day Nurse
HN_5 Mon Night Nurse
HN_5 Tue Night HeadNurse
HN_5 Wed Night HeadNurse
HN_5 Thu Night Nurse
HN_5 Fri Night Nurse
NU_6 Mon Night Nurse
NU_6 Thu Day Nurse
NU_6 Fri Day Nurse
NU_6 Sat Late Nurse
NU_6 Sun Late Nurse
NU_7 Mon Late Nurse
NU_7 Tue Late Nurse
NU_7 Wed Late Nurse
NU_7 Thu Late Nurse
NU_7 Fri Late Nurse
NU_8 Tue Day Nurse
NU_8 Wed Day Nurse
NU_8 Thu Early Nurse
NU_8 Fri Early Nurse
NU_9 Tue Day Nurse
NU_9 Wed Day Nurse
NU_9 Thu Early Caretaker
NU_9 Fri Early Caretaker
NU_10 Mon Late Nurse
NU_10 Tue Late Nurse
NU_10 Wed Late Nurse
NU_10 Thu Late Nurse
NU_10 Fri Late Caretaker
NU_11 Mon Early Nurse
NU_11 Tue Early Nurse
NU_11 Wed Early Nurse
NU_11 Thu Day Nurse
NU_11 Fri Day Nurse
NU_12 Mon Late Nurse
NU_12 Thu Early Caretaker
NU_12 Fri Early Caretaker
NU_12 Sat Early Nurse
NU_12 Sun Day Nurse
NU_13 Mon Early Nurse
NU_13 Tue Early Nurse
NU_13 Wed Early Caretaker
NU_13 Thu Day Nurse
NU_13 Fri Day Nurse
NU_14 Mon Day Nurse
NU_14 Tue Day Nurse
NU_14 Wed Day Caretaker
NU_14 Thu Day Caretaker
NU_14 Fri Day Caretaker
NU_15 Mon Day Nurse
NU_15 Tue Day Caretaker
NU_15 Wed Late Nurse
NU_15 Thu Late Nurse
NU_15 Fri Late Caretaker
NU_16 Mon Late Caretaker
NU_16 Tue Late Nurse
NU_17 Thu Late Caretaker
NU_17 Fri Late Caretaker
NU_17 Sat Late Nurse
NU_17 Sun Late Caretaker
NU_18 Mon Day Nurse
NU_18 Tue Day Caretaker
NU_18 Wed Day Caretaker
NU_19 Mon Early Nurse
NU_19 Tue Early Caretaker
NU_19 Wed Early Caretaker
NU_19 Thu Day Caretaker
NU_19 Fri Day Caretaker
NU_20 Mon Early Nurse
NU_20 Sat Day Nurse
NU_20 Sun Day Caretaker
NU_21 Mon Day Caretaker
NU_21 Tue Day Caretaker
NU_21 Wed Day Caretaker
NU_21 Thu Early Caretaker
NU_21 Fri Early Caretaker
NU_22 Mon Night Caretaker
NU_22 Tue Night Nurse
NU_22 Wed Night Nurse
NU_22 Thu Night Nurse
NU_22 Fri Night Nurse
NU_23 Wed Night Nurse
NU_23 Thu Night Caretaker
NU_23 Fri Night Caretaker
NU_23 Sat Night Nurse
NU_23 Sun Night Nurse
NU_24 Mon Night Caretaker
NU_24 Tue Night Nurse
NU_24 Wed Night Caretaker
NU_24 Thu Night Caretaker
NU_24 Fri Night Caretaker
NU_25 Mon Night Caretaker
NU_25 Thu Early Caretaker
NU_25 Fri Early Caretaker
NU_25 Sat Early Caretaker
NU_25 Sun Day Caretaker
NU_26 Mon Late Caretaker
NU_26 Tue Late Caretaker
NU_26 Fri Day Caretaker
NU_26 Sat Day Caretaker
NU_26 Sun Early Nurse
NU_27 Mon Early Caretaker
NU_27 Tue Early Caretaker
NU_27 Wed Early Caretaker
NU_27 Sat Late Caretaker
NU_27 Sun Late Caretaker
CT_28 Mon Night Caretaker
CT_28 Tue Night Caretaker
CT_28 Wed Night Caretaker
CT_28 Thu Night Caretaker
CT_28 Fri Night Caretaker
CT_29 Mon Day Caretaker
CT_29 Tue Day Caretaker
CT_30 Mon Late Caretaker
CT_30 Tue Late Caretaker
CT_30 Wed Late Caretaker
CT_31 Mon Late Caretaker
CT_31 Thu Day Caretaker
CT_31 Fri Day Caretaker
CT_31 Sat Night Caretaker
CT_31 Sun Night Caretaker
CT_32 Mon Early Caretaker
CT_32 Tue Early Caretaker
CT_32 Wed Late Caretaker
CT_32 Thu Late Caretaker
CT_32 Fri Late Caretaker
CT_33 Mon Early Caretaker
CT_33 Thu Late Caretaker
CT_33 Fri Late Caretaker
CT_33 Sat Late Caretaker
CT_33 Sun Night Caretaker
CT_34 Mon Late Caretaker
CT_34 Tue Late Caretaker
CT_35 Mon Night Caretaker
CT_35 Tue Night Caretaker
CT_35 Wed Night Caretaker
CT_35 Sat Early Caretaker
CT_35 Sun Early Caretaker
CT_36 Wed Night Caretaker
CT_36 Thu Night Caretaker
CT_36 Fri Night Caretaker
CT_36 Sat Night Caretaker
CT_36 Sun Night Caretaker
CT_37 Mon Late Caretaker
CT_37 Tue Late Caretaker
CT_37 Wed Late Caretaker
CT_37 Sat Late Caretaker
CT_37 Sun Late Caretaker
CT_38 Mon Early Caretaker
CT_38 Tue Early Caretaker
CT_38 Wed Early Caretaker
CT_38 Thu Day Caretaker
CT_38 Fri Day Caretaker
CT_39 Mon Day Caretaker
CT_39 Tue Day Caretaker
CT_39 Wed Late Caretaker
CT_39 Thu Late Caretaker
TR_40 Mon Late Trainee
TR_40 Fri Day Trainee
TR_40 Sat Day Trainee
TR_40 Sun Day Trainee
TR_41 Mon Late Trainee
TR_41 Tue Late Trainee
TR_41 Wed Late Trainee
TR_41 Thu Late Trainee
TR_42 Mon Early Trainee
TR_42 Tue Early Trainee
TR_43 Mon Early Trainee
TR_43 Thu Early Trainee
TR_43 Fri Early Trainee
TR_43 Sat Late Trainee
TR_43 Sun Late Trainee
TR_44 Tue Night Trainee
TR_44 Wed Night Trainee
TR_44 Thu Night Trainee
TR_44 Fri Night Trainee
TR_45 Mon Day Trainee
TR_45 Thu Late Trainee
TR_45 Fri Late Trainee
TR_45 Sat Night Trainee
TR_45 Sun Night Trainee
TR_46 Mon Day Trainee
TR_46 Tue Day Trainee
TR_46 Wed Day Trainee
TR_47 Mon Night Trainee
TR_47 Tue Night Trainee
TR_47 Sat Late Trainee
TR_47 Sun Late Trainee
TR_48 Thu Day Trainee
TR_48 Fri Day Trainee
TR_48 Sat Early Trainee
TR_48 Sun Early Trainee
TR_49 Tue Early Trainee
TR_49 Wed Early Trainee
TR_49 Thu Early Trainee
