SOLUTION
4 n050w8

ASSIGNMENTS = 218
HN_0 Mon Late HeadNurse
HN_0 Tue Late Nurse
HN_0 Wed Late Nurse
HN_0 Sat Night HeadNurse
HN_0 Sun Night Nurse
HN_1 Mon Early Nurse
HN_1 Tue Early HeadNurse
HN_1 Wed Early Nurse
HN_1 Thu Early HeadNurse
HN_1 Sat Day HeadNurse
HN_1 Sun Day HeadNurse
HN_2 Mon Night Nurse
HN_2 Tue Night Nurse
HN_2 Wed Night HeadNurse
HN_2 Thu Night Nurse
HN_2 Fri Night Nurse
HN_3 Mon Early Nurse
HN_3 Tue Early Nurse
HN_4 Mon Day HeadNurse
HN_4 Tue Day Nurse
HN_4 Wed Day Nurse
HN_4 Thu Late HeadNurse
HN_4 Fri Late Nurse
HN_5 Fri Early Nurse
HN_5 Sat Early HeadNurse
HN_5 Sun Early Nurse
NU_6 Mon Night Nurse
NU_6 Tue Night Nurse
NU_6 Wed Night Nurse
NU_6 Thu Night Nurse
NU_6 Fri Night Nurse
NU_7 Thu Late Nurse
NU_7 Fri Late Nurse
NU_7 Sat Late Nurse
NU_7 Sun Late Nurse
NU_8 Mon Late Nurse
NU_8 Thu Late Nurse
NU_8 Fri Late Nurse
NU_8 Sat Late Caretaker
NU_8 Sun Late Nurse
NU_9 Mon Day Nurse
NU_9 Thu Early Nurse
NU_9 Fri Early Nurse
NU_9 Sat Late Caretaker
NU_9 Sun Late Caretaker
NU_10 Mon Night Caretaker
NU_10 Tue Night Nurse
NU_10 Wed Night Nurse
NU_10 Thu Night Nurse
NU_10 Fri Night Nurse
NU_11 Mon Day Nurse
NU_11 Tue Day Nurse
NU_11 Wed Day Nurse
NU_11 Thu Late Nurse
NU_11 Fri Late Caretaker
NU_12 Mon Late Nurse
NU_12 Tue Late Nurse
NU_12 Wed Late Nurse
NU_12 Thu Late Nurse
NU_12 Fri Late Caretaker
NU_13 Mon Day Nurse
NU_13 Fri Day Nurse
NU_13 Sat Day Nurse
NU_13 Sun Day Nurse
NU_14 Mon Late Caretaker
NU_14 Tue Late Nurse
NU_15 Mon Early Nurse
NU_15 Tue Early Nurse
NU_15 Wed Late Nurse
NU_15 Thu Late Caretaker
NU_15 Fri Late Caretaker
NU_16 Mon Day Caretaker
NU_16 Thu Early Nurse
NU_16 Fri Early Nurse
NU_16 Sat Early Nurse
NU_16 Sun Late Caretaker
NU_17 Tue Early Caretaker
NU_17 Wed Early Nurse
NU_17 Thu Day Nurse
NU_17 Fri Day Nurse
NU_18 Mon Night Caretaker
NU_18 Tue Night Nurse
NU_18 Wed Night Caretaker
NU_18 Thu Night Nurse
NU_18 Fri Night Caretaker
NU_19 Mon Day Caretaker
NU_19 Tue Day Nurse
NU_19 Wed Day Nurse
NU_19 Thu Early Nurse
NU_19 Fri Early Caretaker
NU_20 Mon Night Caretaker
NU_20 Tue Night Caretaker
NU_20 Wed Night Caretaker
NU_20 Thu Night Caretaker
NU_20 Fri Night Caretaker
NU_21 Wed Day Caretaker
NU_21 Thu Day Nurse
NU_21 Fri Day Caretaker
NU_22 Mon Day Caretaker
NU_22 Tue Day Caretaker
NU_22 Wed Day Caretaker
NU_22 Thu Day Nurse
NU_22 Fri Day Caretaker
NU_23 Mon Late Caretaker
NU_23 Tue Late Caretaker
NU_23 Wed Late Caretaker
NU_23 Fri Night Caretaker
NU_23 Sat Night Nurse
NU_23 Sun Night Nurse
NU_24 Wed Day Caretaker
NU_24 Thu Day Caretaker
NU_24 Fri Day Caretaker
NU_25 Mon Late Caretaker
NU_25 Tue Late Caretaker
NU_25 Wed Late Caretaker
NU_25 Thu Late Caretaker
NU_25 Sat Early Caretaker
NU_25 Sun Early Caretaker
NU_26 Mon Early Caretaker
NU_26 Tue Early Caretaker
NU_26 Wed Day Caretaker
NU_26 Thu Day Caretaker
NU_26 Fri Day Caretaker
NU_27 Mon Night Caretaker
NU_27 Tue Night Caretaker
NU_27 Wed Night Caretaker
NU_27 Thu Night Caretaker
NU_27 Fri Night Caretaker
CT_28 Mon Night Caretaker
CT_28 Wed Early Caretaker
CT_28 Thu Early Caretaker
CT_28 Fri Early Caretaker
CT_29 Thu Early Caretaker
CT_29 Fri Early Caretaker
CT_29 Sat Early Caretaker
CT_29 Sun Early Caretaker
CT_30 Mon Day Caretaker
CT_30 Tue Day Caretaker
CT_30 Wed Early Caretaker
CT_30 Thu Early Caretaker
CT_31 Mon Late Caretaker
CT_31 Tue Late Caretaker
CT_31 Wed Late Caretaker
CT_31 Fri Night Caretaker
CT_31 Sat Night Caretaker
CT_31 Sun Night Caretaker
CT_32 Mon Day Caretaker
CT_32 Thu Day Caretaker
CT_32 Fri Day Caretaker
CT_32 Sat Day Caretaker
CT_32 Sun Day Caretaker
CT_33 Mon Early Caretaker
CT_33 Tue Early Caretaker
CT_33 Wed Early Caretaker
CT_33 Thu Day Caretaker
CT_33 Fri Day Caretaker
CT_34 Mon Late Caretaker
CT_34 Fri Night Caretaker
CT_34 Sat Night Caretaker
CT_34 Sun Night Caretaker
CT_35 Mon Early Caretaker
CT_35 Tue Early Caretaker
CT_36 Mon Night Caretaker
CT_36 Tue Night Caretaker
CT_36 Wed Night Caretaker
CT_36 Thu Night Caretaker
CT_37 Mon Day Caretaker
CT_37 Tue Day Caretaker
CT_37 Wed Day Caretaker
CT_37 Thu Early Caretaker
CT_37 Fri Early Caretaker
CT_38 Mon Late Caretaker
CT_38 Tue Late Caretaker
CT_38 Wed Late Caretaker
CT_38 Thu Late Caretaker
CT_38 Fri Late Caretaker
CT_39 Thu Day Caretaker
CT_39 Fri Day Caretaker
CT_39 Sat Day Caretaker
CT_39 Sun Late Caretaker
TR_40 Wed Early Trainee
TR_40 Thu Early Trainee
TR_40 Fri Early Trainee
TR_41 Mon Day Trainee
TR_41 Fri Night Trainee
TR_41 Sat Night Trainee
TR_41 Sun Night Trainee
TR_42 Wed Early Trainee
TR_42 Thu Early Trainee
TR_42 Fri Late Trainee
TR_43 Mon Day Trainee
TR_43 Tue Day Trainee
TR_43 Wed Day Trainee
TR_43 Thu Day Trainee
TR_43 Fri Day Trainee
TR_44 Mon Early Trainee
TR_44 Tue Early Trainee
TR_44 Wed Late Trainee
TR_44 Thu Late Trainee
TR_44 Fri Late Trainee
TR_45 Mon Late Trainee
TR_45 Tue Late Trainee
TR_45 Wed Late Trainee
TR_45 Sat Late Trainee
TR_45 Sun Late Trainee
TR_46 Tue Day Trainee
TR_46 Wed Day Trainee
TR_46 Thu Day Trainee
TR_47 Mon Night Trainee
TR_47 Tue Night Trainee
TR_47 Wed Night Trainee
TR_47 Thu Night Trainee
TR_48 Mon Early Trainee
TR_48 Sat Night Trainee
TR_48 Sun Night Trainee
TR_49 Mon Late Trainee
TR_49 Tue Late Trainee
TR_49 Wed Late Trainee
