SOLUTION
2 n050w8

ASSIGNMENTS = 211
HN_0 Mon Night Nurse
HN_0 Tue Night HeadNurse
HN_0 Wed Night HeadNurse
HN_0 Thu Night Nurse
HN_0 Fri Night Nurse
HN_1 Mon Day HeadNurse
HN_1 Tue Day HeadNurse
HN_1 Wed Late HeadNurse
HN_1 Thu Late Nurse
HN_1 Fri Late Nurse
HN_2 Mon Early HeadNurse
HN_2 Tue Early Nurse
HN_3 Mon Late Nurse
HN_3 Fri Early Nurse
HN_3 Sat Early HeadNurse
HN_3 Sun Day HeadNurse
HN_4 Mon Night Nurse
HN_4 Sat Late HeadNurse
HN_4 Sun Night Nurse
HN_5 Tue Day Nurse
HN_5 Wed Day HeadNurse
HN_5 Thu Early HeadNurse
HN_5 Fri Early Nurse
NU_6 Mon Night Nurse
NU_6 Tue Night Nurse
NU_6 Wed Night Nurse
NU_6 Thu Night Nurse
NU_6 Fri Night Nurse
NU_7 Mon Day Nurse
NU_7 Tue Day Nurse
NU_7 Wed Early Nurse
NU_7 Thu Early Nurse
NU_8 Mon Late Nurse
NU_8 Fri Late Nurse
NU_8 Sat Late Nurse
NU_8 Sun Late Nurse
NU_9 Thu Early Nurse
NU_9 Fri Early Caretaker
NU_9 Sat Early Nurse
NU_9 Sun Day Nurse
NU_10 Mon Night Caretaker
NU_10 Thu Day Nurse
NU_10 Fri Day Nurse
NU_10 Sat Late Nurse
NU_10 Sun Late Caretaker
NU_11 Mon Early Nurse
NU_11 Tue Early Nurse
NU_11 Wed Early Nurse
NU_11 Thu Day Nurse
NU_11 Fri Day Nurse
NU_12 Mon Early Nurse
NU_12 Tue Early Nurse
NU_12 Wed Late Nurse
NU_12 Thu Late Nurse
NU_12 Fri Late Caretaker
NU_13 Tue Late Nurse
NU_13 Wed Late Nurse
NU_13 Thu Late Nurse
NU_13 Fri Late Caretaker
NU_14 Mon Night Caretaker
NU_14 Tue Night Nurse
NU_14 Wed Night Nurse
NU_14 Sat Late Caretaker
NU_14 Sun Late Caretaker
NU_15 Mon Late Nurse
NU_15 Tue Late Nurse
NU_15 Wed Late Nurse
NU_16 Mon Day Nurse
NU_16 Tue Day Nurse
NU_16 Wed Day Nurse
NU_16 Thu Late Nurse
NU_16 Fri Late Caretaker
NU_17 Mon Late Caretaker
NU_17 Tue Late Nurse
NU_17 Wed Late Caretaker
NU_17 Thu Late Caretaker
NU_18 Mon Early Nurse
NU_18 Tue Early Caretaker
NU_19 Mon Early Nurse
NU_19 Thu Day Nurse
NU_19 Fri Day Nurse
NU_19 Sat Late Caretaker
NU_19 Sun Late Caretaker
NU_20 Mon Late Caretaker
NU_20 Tue Late Caretaker
NU_20 Wed Late Caretaker
NU_21 Wed Night Caretaker
NU_21 Thu Night Caretaker
NU_21 Fri Night Caretaker
NU_21 Sat Night Nurse
NU_21 Sun Night Caretaker
NU_22 Mon Early Caretaker
NU_22 Thu Early Caretaker
NU_22 Fri Early Caretaker
NU_22 Sat Day Nurse
NU_22 Sun Day Caretaker
NU_23 Mon Day Nurse
NU_23 Tue Day Nurse
NU_23 Wed Day Nurse
NU_23 Thu Day Nurse
NU_23 Fri Day Caretaker
NU_24 Mon Late Caretaker
NU_24 Thu Early Caretaker
NU_24 Fri Early Caretaker
NU_24 Sat Early Caretaker
NU_24 Sun Early Nurse
NU_25 Mon Day Caretaker
NU_25 Tue Day Caretaker
NU_25 Wed Early Caretaker
NU_25 Thu Early Caretaker
NU_25 Fri Early Caretaker
NU_26 Mon Early Caretaker
NU_26 Tue Early Caretaker
NU_26 Wed Day Caretaker
NU_26 Thu Day Caretaker
NU_26 Fri Day Caretaker
NU_27 Mon Day Caretaker
NU_27 Tue Day Caretaker
NU_27 Wed Early Caretaker
NU_27 Thu Early Caretaker
CT_28 Mon Late Caretaker
CT_28 Tue Late Caretaker
CT_28 Fri Day Caretaker
CT_28 Sat Day Caretaker
CT_28 Sun Day Caretaker
CT_29 Mon Night Caretaker
CT_29 Tue Night Caretaker
CT_29 Wed Night Caretaker
CT_29 Thu Night Caretaker
CT_30 Mon Night Caretaker
CT_30 Sat Early Caretaker
CT_30 Sun Early Caretaker
CT_31 Mon Night Caretaker
CT_31 Tue Night Caretaker
CT_31 Wed Night Caretaker
CT_31 Thu Night Caretaker
CT_31 Fri Night Caretaker
CT_32 Mon Late Caretaker
CT_32 Tue Late Caretaker
CT_32 Fri Night Caretaker
CT_32 Sat Night Caretaker
CT_32 Sun Night Caretaker
CT_33 Mon Early Caretaker
CT_33 Tue Early Caretaker
CT_33 Wed Early Caretaker
CT_33 Thu Day Caretaker
CT_33 Fri Day Caretaker
CT_34 Mon Early Caretaker
CT_34 Tue Early Caretaker
CT_34 Wed Early Caretaker
CT_34 Thu Day Caretaker
CT_34 Fri Day Caretaker
CT_35 Mon Day Caretaker
CT_35 Tue Day Caretaker
CT_35 Wed Late Caretaker
CT_35 Thu Late Caretaker
CT_36 Tue Day Caretaker
CT_36 Wed Day Caretaker
CT_36 Thu Late Caretaker
CT_36 Fri Late Caretaker
CT_37 Wed Night Caretaker
CT_37 Thu Night Caretaker
CT_37 Fri Night Caretaker
CT_37 Sat Night Caretaker
CT_37 Sun Night Caretaker
CT_38 Mon Late Caretaker
CT_38 Tue Late Caretaker
CT_38 Wed Late Caretaker
CT_38 Thu Late Caretaker
CT_38 Fri Late Caretaker
CT_39 Tue Day Caretaker
CT_39 Wed Day Caretaker
CT_39 Thu Day Caretaker
TR_40 Mon Early Trainee
TR_40 Tue Early Trainee
TR_40 Wed Early Trainee
TR_40 Thu Early Trainee
TR_41 Thu Early Trainee
TR_41 Fri Early Trainee
TR_41 Sat Night Trainee
TR_41 Sun Night Trainee
TR_42 Mon Day Trainee
TR_42 Tue Day Trainee
TR_42 Wed Day Trainee
TR_43 Mon Early Trainee
TR_43 Tue Early Trainee
TR_43 Wed Early Trainee
TR_43 Thu Day Trainee
TR_43 Fri Day Trainee
TR_44 Mon Late Trainee
TR_44 Thu Day Trainee
TR_44 Fri Day Trainee
TR_44 Sat Early Trainee
TR_44 Sun Early Trainee
TR_45 Mon Day Trainee
TR_45 Tue Night Trainee
TR_45 Wed Night Trainee
TR_45 Thu Night Trainee
TR_45 Fri Night Trainee
TR_46 Mon Night Trainee
TR_46 Tue Night Trainee
TR_47 Mon Late Trainee
TR_47 Tue Late Trainee
TR_47 Wed Late Trainee
TR_47 Thu Late Trainee
TR_48 Thu Late Trainee
TR_48 Fri Late Trainee
TR_48 Sat Late Trainee
TR_48 Sun Late Trainee
TR_49 Sat Day Trainee
TR_49 Sun Day Trainee
