SOLUTION
3 n080w4

ASSIGNMENTS = 299
HN_0 Wed Day HeadNurse
HN_0 Thu Day HeadNurse
HN_0 Fri Day HeadNurse
HN_1 Mon Early HeadNurse
HN_1 Tue Day HeadNurse
HN_1 Wed Day Nurse
HN_1 Sat Early Nurse
HN_1 Sun Early Nurse
HN_2 Mon Night Nurse
HN_2 Tue Night HeadNurse
HN_2 Wed Night HeadNurse
HN_2 Thu Night HeadNurse
HN_2 Fri Night Nurse
HN_3 Fri Day HeadNurse
HN_3 Sat Day HeadNurse
HN_3 Sun Late HeadNurse
HN_4 Mon Late HeadNurse
HN_4 Tue Late HeadNurse
HN_5 Mon Night Nurse
HN_5 Tue Night HeadNurse
HN_5 Wed Night Nurse
HN_5 Thu Night Nurse
HN_6 Wed Day Nurse
HN_6 Thu Day Nurse
HN_6 Fri Day Nurse
HN_6 Sat Day Nurse
HN_6 Sun Day Nurse
HN_7 Mon Late HeadNurse
HN_7 Tue Late HeadNurse
HN_7 Wed Late HeadNurse
HN_7 Sat Night HeadNurse
HN_7 Sun Night HeadNurse
HN_8 Wed Early HeadNurse
HN_8 Thu Early HeadNurse
HN_8 Fri Early Nurse
HN_9 Thu Late HeadNurse
HN_9 Fri Late Nurse
HN_9 Sat Late Nurse
HN_9 Sun Late Nurse
NU_10 Mon Late Nurse
NU_10 Tue Late Nurse
NU_10 Wed Late Nurse
NU_10 Thu Late Nurse
NU_10 Fri Late Nurse
NU_11 Mon Day Nurse
NU_11 Tue Day Nurse
NU_12 Mon Early Nurse
NU_12 Tue Early Nurse
NU_12 Wed Early Nurse
NU_12 Thu Day Caretaker
NU_12 Fri Day Nurse
NU_13 Mon Early Nurse
NU_13 Tue Early Caretaker
NU_13 Wed Early Nurse
NU_13 Thu Early Nurse
NU_14 Tue Early Caretaker
NU_14 Wed Early Nurse
NU_14 Thu Early Nurse
NU_14 Fri Early Caretaker
NU_15 Mon Early Nurse
NU_16 Wed Day Nurse
NU_16 Thu Day Caretaker
NU_16 Fri Day Caretaker
NU_17 Mon Late Caretaker
NU_17 Tue Late Nurse
NU_18 Mon Night Caretaker
NU_18 Tue Night Nurse
NU_18 Wed Night Caretaker
NU_18 Thu Night Nurse
NU_18 Fri Night Caretaker
NU_19 Mon Night Caretaker
NU_19 Tue Night Nurse
NU_19 Fri Night Caretaker
NU_19 Sat Night Nurse
NU_19 Sun Night Nurse
CT_20 Mon Early Caretaker
CT_21 Mon Day Caretaker
CT_21 Tue Day Caretaker
CT_21 Wed Day Caretaker
CT_21 Thu Day Caretaker
CT_22 Wed Early Caretaker
CT_22 Thu Early Caretaker
CT_22 Fri Early Caretaker
CT_22 Sat Day Caretaker
CT_22 Sun Day Caretaker
CT_23 Tue Night Caretaker
CT_23 Wed Night Caretaker
CT_23 Thu Night Caretaker
CT_23 Fri Night Caretaker
CT_24 Thu Late Caretaker
CT_24 Fri Late Caretaker
CT_24 Sat Late Caretaker
CT_24 Sun Late Caretaker
CT_25 Mon Early Caretaker
CT_25 Tue Early Caretaker
CT_25 Wed Early Caretaker
CT_26 Mon Night Caretaker
CT_26 Tue Night Caretaker
CT_26 Wed Night Caretaker
CT_26 Thu Night Caretaker
CT_26 Fri Night Caretaker
CT_27 Mon Day Caretaker
CT_27 Thu Early Caretaker
CT_27 Fri Early Caretaker
CT_27 Sat Day Caretaker
CT_27 Sun Day Caretaker
CT_28 Mon Night Caretaker
CT_28 Tue Night Caretaker
CT_28 Wed Night Caretaker
CT_29 Mon Late Caretaker
CT_30 Tue Early Caretaker
CT_30 Wed Early Caretaker
CT_30 Thu Day Caretaker
CT_30 Fri Day Caretaker
CT_32 Mon Day Caretaker
CT_32 Tue Day Caretaker
CT_32 Wed Day Caretaker
CT_32 Thu Day Caretaker
CT_33 Wed Day Caretaker
CT_33 Thu Day Caretaker
CT_33 Fri Day Caretaker
CT_34 Thu Early Caretaker
CT_34 Fri Early Caretaker
CT_34 Sat Early Caretaker
CT_34 Sun Late Caretaker
CT_35 Mon Day Caretaker
CT_35 Tue Day Caretaker
CT_35 Wed Late Caretaker
CT_35 Thu Late Caretaker
CT_35 Fri Late Caretaker
CT_36 Mon Early Caretaker
CT_36 Tue Early Caretaker
CT_36 Wed Early Caretaker
CT_36 Thu Early Caretaker
CT_37 Mon Early Caretaker
CT_37 Tue Early Caretaker
CT_37 Wed Early Caretaker
CT_37 Sat Early Caretaker
CT_37 Sun Early Caretaker
CT_38 Mon Late Caretaker
CT_38 Tue Late Caretaker
CT_38 Wed Late Caretaker
CT_38 Thu Late Caretaker
CT_38 Fri Late Caretaker
CT_39 Mon Day Caretaker
CT_39 Tue Day Caretaker
CT_39 Wed Day Caretaker
CT_39 Thu Early Caretaker
CT_39 Fri Early Caretaker
CT_40 Mon Early Caretaker
CT_40 Tue Early Caretaker
CT_40 Wed Early Caretaker
CT_40 Sat Night Caretaker
CT_40 Sun Night Caretaker
CT_41 Tue Late Caretaker
CT_41 Wed Late Caretaker
CT_41 Thu Late Caretaker
CT_41 Fri Late Caretaker
CT_42 Mon Day Caretaker
CT_42 Tue Day Caretaker
CT_42 Wed Day Caretaker
CT_42 Thu Day Caretaker
CT_42 Fri Day Caretaker
CT_43 Tue Early Caretaker
CT_43 Wed Early Caretaker
CT_43 Thu Early Caretaker
CT_44 Mon Night Caretaker
CT_44 Tue Night Caretaker
CT_44 Fri Day Caretaker
CT_44 Sat Day Caretaker
CT_44 Sun Day Caretaker
CT_45 Tue Night Caretaker
CT_45 Wed Night Caretaker
CT_45 Thu Night Caretaker
CT_45 Fri Night Caretaker
CT_46 Mon Day Caretaker
CT_46 Thu Day Caretaker
CT_46 Fri Day Caretaker
CT_46 Sat Early Caretaker
CT_46 Sun Early Caretaker
CT_47 Mon Late Caretaker
CT_47 Thu Day Caretaker
CT_47 Fri Day Caretaker
CT_47 Sat Early Caretaker
CT_47 Sun Early Caretaker
CT_48 Mon Day Caretaker
CT_48 Tue Day Caretaker
CT_48 Wed Day Caretaker
CT_48 Thu Early Caretaker
CT_48 Fri Early Caretaker
CT_49 Mon Late Caretaker
CT_49 Tue Late Caretaker
CT_49 Wed Late Caretaker
CT_49 Sat Late Caretaker
CT_49 Sun Late Caretaker
CT_50 Tue Late Caretaker
CT_50 Wed Late Caretaker
CT_50 Thu Late Caretaker
CT_50 Fri Late Caretaker
CT_51 Mon Day Caretaker
CT_51 Tue Day Caretaker
CT_51 Wed Early Caretaker
CT_51 Thu Early Caretaker
CT_52 Fri Early Caretaker
CT_52 Sat Early Caretaker
CT_52 Sun Night Caretaker
CT_53 Mon Night Caretaker
CT_53 Tue Night Caretaker
CT_53 Wed Night Caretaker
CT_53 Thu Night Caretaker
CT_53 Fri Night Caretaker
CT_54 Thu Night Caretaker
CT_54 Fri Night Caretaker
CT_54 Sat Night Caretaker
CT_54 Sun Night Caretaker
CT_55 Thu Late Caretaker
CT_55 Fri Late Caretaker
CT_55 Sat Late Caretaker
CT_55 Sun Night Caretaker
CT_56 Mon Early Caretaker
CT_56 Tue Early Caretaker
CT_56 Fri Night Caretaker
CT_56 Sat Night Caretaker
CT_56 Sun Night Caretaker
CT_57 Mon Night Caretaker
CT_57 Tue Night Caretaker
CT_57 Wed Night Caretaker
CT_57 Thu Night Caretaker
CT_57 Fri Night Caretaker
CT_58 Mon Late Caretaker
CT_58 Tue Late Caretaker
CT_58 Wed Late Caretaker
CT_59 Mon Late Caretaker
CT_59 Tue Late Caretaker
CT_59 Wed Late Caretaker
CT_59 Thu Late Caretaker
TR_60 Mon Day Trainee
TR_60 Tue Day Trainee
TR_60 Wed Day Trainee
TR_61 Wed Late Trainee
TR_61 Thu Late Trainee
TR_61 Fri Late Trainee
TR_62 Thu Night Trainee
TR_62 Fri Night Trainee
TR_62 Sat Night Trainee
TR_62 Sun Night Trainee
TR_63 Mon Late Trainee
TR_63 Tue Late Trainee
TR_63 Wed Late Trainee
TR_63 Thu Late Trainee
TR_63 Fri Late Trainee
TR_64 Mon Early Trainee
TR_64 Tue Early Trainee
TR_65 Mon Day Trainee
TR_67 Wed Early Trainee
TR_67 Thu Early Trainee
TR_67 Fri Early Trainee
TR_68 Wed Day Trainee
TR_68 Thu Day Trainee
TR_68 Fri Day Trainee
TR_69 Mon Night Trainee
TR_69 Tue Night Trainee
TR_69 Wed Night Trainee
TR_69 Thu Night Trainee
TR_70 Thu Late Trainee
TR_70 Fri Late Trainee
TR_70 Sat Late Trainee
TR_70 Sun Night Trainee
TR_71 Fri Early Trainee
TR_71 Sat Early Trainee
TR_71 Sun Early Trainee
TR_72 Thu Day Trainee
TR_72 Fri Day Trainee
TR_72 Sat Day Trainee
TR_72 Sun Early Trainee
TR_73 Mon Late Trainee
TR_74 Mon Late Trainee
TR_74 Tue Late Trainee
TR_74 Wed Late Trainee
TR_75 Mon Night Trainee
TR_75 Tue Night Trainee
TR_75 Wed Night Trainee
TR_75 Thu Night Trainee
TR_76 Mon Late Trainee
TR_76 Tue Late Trainee
TR_76 Wed Late Trainee
TR_76 Sat Day Trainee
TR_76 Sun Day Trainee
TR_77 Wed Day Trainee
TR_77 Thu Day Trainee
TR_77 Fri Day Trainee
TR_78 Mon Early Trainee
TR_78 Tue Early Trainee
TR_78 Wed Early Trainee
TR_78 Thu Early Trainee
TR_78 Fri Early Trainee
TR_79 Mon Early Trainee
TR_79 Tue Early Trainee
TR_79 Wed Early Trainee
