SOLUTION
0 n080w4

ASSIGNMENTS = 290
HN_0 Sat Early Nurse
HN_0 Sun Early Nurse
HN_1 Tue Night HeadNurse
HN_1 Wed Night HeadNurse
HN_1 Thu Night HeadNurse
HN_1 Fri Night HeadNurse
HN_2 Tue Late HeadNurse
HN_2 Wed Late Nurse
HN_2 Thu Late HeadNurse
HN_2 Fri Late HeadNurse
HN_3 Thu Early HeadNurse
HN_3 Fri Early HeadNurse
HN_3 Sat Day Nurse
HN_3 Sun Day HeadNurse
HN_4 Mon Night Nurse
HN_5 Wed Day HeadNurse
HN_5 Thu Day HeadNurse
HN_5 Fri Day HeadNurse
HN_6 Wed Night Nurse
HN_6 Thu Night Nurse
HN_6 Fri Night Nurse
HN_6 Sat Night HeadNurse
HN_6 Sun Night HeadNurse
HN_7 Mon Day HeadNurse
HN_7 Tue Day Nurse
HN_7 Fri Late HeadNurse
HN_7 Sat Late Nurse
HN_7 Sun Late HeadNurse
HN_8 Mon Early HeadNurse
HN_8 Tue Early HeadNurse
HN_8 Wed Day HeadNurse
HN_8 Thu Day Nurse
HN_8 Fri Day Nurse
HN_9 Mon Early Nurse
HN_9 Tue Early Nurse
HN_9 Wed Early HeadNurse
NU_10 Mon Early Nurse
NU_10 Thu Late Nurse
NU_10 Fri Late Nurse
NU_10 Sat Late Caretaker
NU_10 Sun Late Nurse
NU_11 Mon Night Caretaker
NU_12 Mon Late Nurse
NU_12 Tue Late Nurse
NU_12 Wed Late Nurse
NU_12 Thu Late Nurse
NU_12 Fri Late Caretaker
NU_13 Tue Night Nurse
NU_13 Wed Night Caretaker
NU_13 Thu Night Nurse
NU_13 Fri Night Caretaker
NU_14 Mon Day Nurse
NU_14 Tue Day Nurse
NU_14 Wed Day Nurse
NU_14 Thu Early Nurse
NU_14 Fri Early Nurse
NU_15 Mon Day Nurse
NU_15 Tue Early Nurse
NU_15 Wed Early Nurse
NU_16 Sat Day Caretaker
NU_16 Sun Day Nurse
NU_17 Mon Night Caretaker
NU_17 Tue Night Nurse
NU_17 Wed Night Caretaker
NU_17 Thu Night Caretaker
NU_17 Fri Night Caretaker
NU_18 Mon Late Caretaker
NU_18 Tue Late Nurse
NU_18 Fri Night Caretaker
NU_18 Sat Night Nurse
NU_18 Sun Night Nurse
NU_19 Wed Early Nurse
NU_19 Thu Early Nurse
NU_19 Fri Early Nurse
CT_20 Mon Late Caretaker
CT_21 Mon Day Caretaker
CT_21 Tue Day Caretaker
CT_22 Mon Day Caretaker
CT_22 Tue Day Caretaker
CT_22 Wed Early Caretaker
CT_22 Thu Early Caretaker
CT_23 Thu Day Caretaker
CT_23 Fri Day Caretaker
CT_23 Sat Day Caretaker
CT_23 Sun Day Caretaker
CT_24 Mon Day Caretaker
CT_24 Tue Day Caretaker
CT_24 Wed Day Caretaker
CT_25 Wed Early Caretaker
CT_25 Thu Early Caretaker
CT_25 Fri Early Caretaker
CT_26 Mon Night Caretaker
CT_26 Tue Night Caretaker
CT_26 Fri Late Caretaker
CT_26 Sat Late Caretaker
CT_26 Sun Late Caretaker
CT_27 Wed Early Caretaker
CT_27 Thu Early Caretaker
CT_27 Fri Early Caretaker
CT_28 Mon Late Caretaker
CT_29 Fri Early Caretaker
CT_29 Sat Early Caretaker
CT_29 Sun Day Caretaker
CT_30 Sat Early Caretaker
CT_30 Sun Early Caretaker
CT_31 Tue Late Caretaker
CT_31 Wed Late Caretaker
CT_31 Thu Late Caretaker
CT_32 Mon Early Caretaker
CT_32 Tue Early Caretaker
CT_32 Wed Day Caretaker
CT_32 Thu Day Caretaker
CT_32 Fri Day Caretaker
CT_33 Fri Day Caretaker
CT_33 Sat Day Caretaker
CT_33 Sun Early Caretaker
CT_34 Thu Day Caretaker
CT_34 Fri Day Caretaker
CT_34 Sat Day Caretaker
CT_34 Sun Late Caretaker
CT_35 Mon Night Caretaker
CT_35 Tue Night Caretaker
CT_35 Wed Night Caretaker
CT_35 Thu Night Caretaker
CT_36 Mon Early Caretaker
CT_36 Tue Early Caretaker
CT_36 Wed Day Caretaker
CT_36 Thu Day Caretaker
CT_37 Mon Late Caretaker
CT_37 Thu Early Caretaker
CT_37 Fri Early Caretaker
CT_37 Sat Early Caretaker
CT_37 Sun Early Caretaker
CT_38 Mon Early Caretaker
CT_38 Tue Early Caretaker
CT_38 Fri Late Caretaker
CT_38 Sat Late Caretaker
CT_38 Sun Late Caretaker
CT_39 Mon Late Caretaker
CT_39 Tue Late Caretaker
CT_39 Wed Late Caretaker
CT_39 Thu Late Caretaker
CT_39 Fri Late Caretaker
CT_40 Mon Night Caretaker
CT_40 Tue Night Caretaker
CT_40 Fri Day Caretaker
CT_40 Sat Day Caretaker
CT_40 Sun Day Caretaker
CT_41 Mon Night Caretaker
CT_41 Tue Night Caretaker
CT_42 Mon Late Caretaker
CT_42 Tue Late Caretaker
CT_42 Wed Late Caretaker
CT_42 Thu Late Caretaker
CT_42 Fri Late Caretaker
CT_43 Wed Day Caretaker
CT_43 Thu Day Caretaker
CT_43 Fri Day Caretaker
CT_44 Mon Night Caretaker
CT_44 Tue Night Caretaker
CT_44 Wed Night Caretaker
CT_44 Thu Night Caretaker
CT_44 Fri Night Caretaker
CT_45 Wed Early Caretaker
CT_45 Thu Early Caretaker
CT_45 Fri Early Caretaker
CT_46 Mon Night Caretaker
CT_46 Tue Night Caretaker
CT_46 Wed Night Caretaker
CT_46 Thu Night Caretaker
CT_46 Fri Night Caretaker
CT_47 Wed Night Caretaker
CT_47 Thu Night Caretaker
CT_47 Fri Night Caretaker
CT_48 Mon Day Caretaker
CT_48 Tue Day Caretaker
CT_48 Wed Late Caretaker
CT_48 Thu Late Caretaker
CT_48 Fri Late Caretaker
CT_49 Mon Early Caretaker
CT_49 Tue Early Caretaker
CT_49 Wed Early Caretaker
CT_49 Thu Early Caretaker
CT_49 Fri Early Caretaker
CT_50 Mon Early Caretaker
CT_50 Tue Early Caretaker
CT_50 Wed Early Caretaker
CT_50 Thu Early Caretaker
CT_51 Mon Day Caretaker
CT_51 Tue Day Caretaker
CT_51 Wed Day Caretaker
CT_51 Thu Early Caretaker
CT_51 Fri Early Caretaker
CT_52 Tue Night Caretaker
CT_52 Wed Night Caretaker
CT_52 Thu Night Caretaker
CT_52 Fri Night Caretaker
CT_53 Mon Day Caretaker
CT_53 Tue Day Caretaker
CT_53 Wed Late Caretaker
CT_53 Thu Late Caretaker
CT_53 Fri Late Caretaker
CT_54 Tue Late Caretaker
CT_54 Wed Late Caretaker
CT_54 Thu Late Caretaker
CT_55 Fri Night Caretaker
CT_55 Sat Night Caretaker
CT_55 Sun Night Caretaker
CT_56 Mon Early Caretaker
CT_56 Tue Early Caretaker
CT_56 Wed Day Caretaker
CT_56 Thu Day Caretaker
CT_56 Fri Day Caretaker
CT_57 Mon Early Caretaker
CT_57 Thu Night Caretaker
CT_57 Fri Night Caretaker
CT_57 Sat Night Caretaker
CT_57 Sun Night Caretaker
CT_58 Mon Early Caretaker
CT_58 Tue Day Caretaker
CT_58 Wed Day Caretaker
CT_59 Tue Late Caretaker
CT_59 Wed Late Caretaker
CT_59 Thu Late Caretaker
CT_59 Fri Late Caretaker
TR_60 Tue Late Trainee
TR_60 Wed Late Trainee
TR_60 Thu Late Trainee
TR_61 Tue Early Trainee
TR_61 Wed Early Trainee
TR_61 Thu Early Trainee
TR_62 Mon Night Trainee
TR_62 Fri Early Trainee
TR_62 Sat Early Trainee
TR_62 Sun Early Trainee
TR_63 Tue Night Trainee
TR_63 Wed Night Trainee
TR_63 Thu Night Trainee
TR_63 Fri Night Trainee
TR_64 Mon Day Trainee
TR_64 Tue Day Trainee
TR_64 Wed Day Trainee
TR_65 Mon Early Trainee
TR_66 Mon Late Trainee
TR_66 Tue Late Trainee
TR_66 Wed Late Trainee
TR_67 Fri Day Trainee
TR_67 Sat Day Trainee
TR_67 Sun Early Trainee
TR_68 Thu Early Trainee
TR_68 Fri Early Trainee
TR_68 Sat Day Trainee
TR_68 Sun Day Trainee
TR_69 Mon Day Trainee
TR_69 Thu Night Trainee
TR_69 Fri Night Trainee
TR_69 Sat Night Trainee
TR_69 Sun Night Trainee
TR_70 Mon Night Trainee
TR_70 Tue Night Trainee
TR_70 Sat Early Trainee
TR_70 Sun Early Trainee
TR_71 Tue Early Trainee
TR_71 Wed Early Trainee
TR_71 Thu Early Trainee
TR_72 Mon Day Trainee
TR_72 Tue Day Trainee
TR_73 Mon Late Trainee
TR_73 Tue Late Trainee
TR_74 Tue Day Trainee
TR_74 Wed Day Trainee
TR_74 Thu Day Trainee
TR_75 Wed Early Trainee
TR_75 Thu Early Trainee
TR_75 Fri Early Trainee
TR_76 Mon Early Trainee
TR_76 Tue Early Trainee
TR_76 Wed Late Trainee
TR_76 Thu Late Trainee
TR_76 Fri Late Trainee
TR_77 Fri Late Trainee
TR_77 Sat Late Trainee
TR_77 Sun Late Trainee
TR_78 Mon Night Trainee
TR_78 Tue Night Trainee
TR_78 Wed Night Trainee
TR_78 Thu Night Trainee
TR_79 Wed Day Trainee
TR_79 Thu Day Trainee
TR_79 Fri Day Trainee
