SOLUTION
2 n070w4

ASSIGNMENTS = 278
HN_0 Mon Night Nurse
HN_1 Mon Late HeadNurse
HN_1 Tue Late HeadNurse
HN_1 Sat Late HeadNurse
HN_1 Sun Night HeadNurse
HN_2 Wed Day HeadNurse
HN_2 Thu Day Nurse
HN_2 Fri Day Nurse
HN_3 Thu Early Nurse
HN_3 Fri Early Nurse
HN_3 Sat Early HeadNurse
HN_3 Sun Early HeadNurse
HN_4 Wed Late HeadNurse
HN_4 Thu Late HeadNurse
HN_4 Fri Late HeadNurse
HN_5 Tue Day HeadNurse
HN_5 Wed Day HeadNurse
HN_5 Thu Day Nurse
HN_5 Fri Day Nurse
HN_6 Tue Night Nurse
HN_6 Wed Night Nurse
HN_6 Thu Night HeadNurse
HN_6 Fri Night HeadNurse
HN_7 Mon Early Nurse
HN_7 Tue Early Nurse
HN_7 Wed Early HeadNurse
HN_7 Thu Late HeadNurse
HN_7 Fri Late Nurse
NU_8 Mon Late Nurse
NU_8 Tue Late Nurse
NU_8 Wed Late Nurse
NU_8 Thu Late Nurse
NU_8 Fri Late Nurse
NU_9 Wed Night Nurse
NU_9 Thu Night Nurse
NU_9 Fri Night Nurse
NU_9 Sat Night Nurse
NU_9 Sun Night Nurse
NU_10 Tue Night Nurse
NU_10 Wed Night Nurse
NU_10 Thu Night Nurse
NU_10 Fri Night Nurse
NU_11 Wed Early Nurse
NU_11 Thu Early Nurse
NU_11 Fri Early Nurse
NU_12 Tue Day Nurse
NU_12 Wed Day Nurse
NU_12 Thu Day Nurse
NU_13 Mon Early Nurse
NU_13 Tue Early Nurse
NU_13 Wed Early Nurse
NU_13 Thu Early Nurse
NU_13 Fri Early Nurse
NU_14 Mon Late Nurse
NU_14 Tue Late Nurse
NU_14 Wed Late Nurse
NU_14 Sat Day Nurse
NU_14 Sun Day Nurse
NU_15 Mon Night Nurse
NU_15 Tue Night Nurse
NU_15 Wed Night Nurse
NU_15 Sat Early Nurse
NU_15 Sun Early Nurse
NU_16 Mon Night Nurse
NU_16 Tue Night Caretaker
NU_16 Wed Night Caretaker
NU_16 Thu Night Caretaker
NU_16 Fri Night Caretaker
NU_17 Mon Day Nurse
NU_17 Tue Day Nurse
NU_18 Mon Early Nurse
NU_18 Tue Early Nurse
NU_18 Wed Early Caretaker
NU_18 Thu Day Nurse
NU_18 Fri Day Nurse
NU_19 Mon Day Nurse
NU_19 Tue Day Nurse
NU_19 Fri Day Nurse
NU_19 Sat Day Nurse
NU_19 Sun Day Nurse
NU_20 Mon Night Caretaker
NU_20 Tue Night Caretaker
NU_20 Wed Night Caretaker
NU_20 Thu Night Caretaker
NU_20 Fri Night Caretaker
NU_21 Mon Early Nurse
NU_21 Tue Early Caretaker
NU_22 Mon Late Nurse
NU_22 Tue Late Nurse
NU_22 Wed Late Nurse
NU_22 Sat Early Nurse
NU_22 Sun Night Nurse
NU_23 Mon Late Caretaker
NU_23 Thu Day Nurse
NU_23 Fri Day Caretaker
NU_23 Sat Early Nurse
NU_23 Sun Early Caretaker
NU_24 Fri Early Nurse
NU_24 Sat Early Caretaker
NU_24 Sun Night Caretaker
NU_25 Mon Night Caretaker
NU_25 Tue Night Caretaker
NU_25 Wed Night Caretaker
NU_25 Thu Night Caretaker
NU_25 Fri Night Caretaker
NU_26 Mon Night Caretaker
NU_26 Tue Night Caretaker
NU_26 Wed Night Caretaker
NU_26 Thu Night Caretaker
NU_26 Fri Night Caretaker
NU_27 Mon Late Caretaker
NU_27 Tue Late Caretaker
NU_27 Wed Night Caretaker
NU_27 Thu Night Caretaker
NU_27 Fri Night Caretaker
NU_28 Thu Early Caretaker
NU_28 Fri Early Caretaker
NU_28 Sat Day Caretaker
NU_28 Sun Day Caretaker
NU_29 Tue Day Nurse
NU_29 Wed Day Nurse
NU_29 Thu Day Caretaker
NU_29 Fri Day Caretaker
NU_30 Tue Day Caretaker
NU_30 Wed Day Nurse
NU_30 Thu Early Caretaker
NU_30 Fri Early Caretaker
NU_31 Mon Day Nurse
NU_31 Tue Day Caretaker
NU_31 Wed Day Caretaker
NU_31 Thu Late Nurse
NU_31 Fri Late Nurse
NU_32 Mon Night Caretaker
NU_33 Wed Late Caretaker
NU_33 Thu Late Caretaker
NU_33 Fri Late Nurse
NU_34 Mon Early Caretaker
NU_34 Tue Early Caretaker
NU_34 Wed Day Caretaker
NU_34 Thu Day Caretaker
NU_34 Fri Day Caretaker
NU_35 Tue Early Caretaker
NU_35 Wed Early Caretaker
NU_35 Thu Early Caretaker
NU_35 Fri Early Caretaker
NU_36 Mon Day Caretaker
NU_36 Tue Late Caretaker
NU_36 Wed Late Caretaker
NU_37 Fri Late Caretaker
NU_37 Sat Late Nurse
NU_37 Sun Late Nurse
NU_38 Mon Early Caretaker
NU_38 Tue Early Caretaker
NU_38 Wed Late Caretaker
NU_38 Thu Late Caretaker
NU_38 Fri Late Caretaker
NU_39 Thu Day Caretaker
NU_39 Fri Day Caretaker
NU_39 Sat Day Caretaker
NU_39 Sun Late Nurse
CT_40 Thu Day Caretaker
CT_40 Fri Day Caretaker
CT_40 Sat Day Caretaker
CT_40 Sun Day Caretaker
CT_41 Mon Day Caretaker
CT_41 Tue Day Caretaker
CT_41 Wed Day Caretaker
CT_42 Mon Late Caretaker
CT_42 Tue Late Caretaker
CT_42 Wed Late Caretaker
CT_42 Thu Late Caretaker
CT_42 Fri Late Caretaker
CT_43 Mon Night Caretaker
CT_44 Wed Early Caretaker
CT_44 Thu Early Caretaker
CT_44 Fri Early Caretaker
CT_45 Mon Day Caretaker
CT_45 Tue Day Caretaker
CT_45 Wed Early Caretaker
CT_45 Thu Early Caretaker
CT_45 Fri Early Caretaker
CT_46 Mon Day Caretaker
CT_46 Tue Day Caretaker
CT_46 Wed Day Caretaker
CT_46 Sat Late Caretaker
CT_46 Sun Late Caretaker
CT_47 Mon Day Caretaker
CT_47 Tue Day Caretaker
CT_47 Wed Day Caretaker
CT_47 Thu Late Caretaker
CT_47 Fri Late Caretaker
CT_48 Mon Early Caretaker
CT_48 Tue Early Caretaker
CT_48 Wed Day Caretaker
CT_48 Thu Day Caretaker
CT_49 Mon Late Caretaker
CT_49 Tue Late Caretaker
CT_49 Wed Late Caretaker
CT_49 Sat Early Caretaker
CT_49 Sun Early Caretaker
CT_50 Mon Night Caretaker
CT_51 Tue Night Caretaker
CT_51 Wed Night Caretaker
CT_51 Thu Night Caretaker
CT_51 Fri Night Caretaker
CT_52 Mon Early Caretaker
CT_52 Tue Early Caretaker
CT_52 Fri Early Caretaker
CT_52 Sat Early Caretaker
CT_52 Sun Late Caretaker
CT_53 Wed Late Caretaker
CT_53 Thu Late Caretaker
CT_53 Fri Late Caretaker
CT_54 Mon Late Caretaker
CT_54 Tue Late Caretaker
CT_54 Wed Late Caretaker
CT_54 Sat Day Caretaker
CT_54 Sun Day Caretaker
CT_55 Wed Late Caretaker
CT_55 Thu Late Caretaker
CT_55 Fri Late Caretaker
CT_56 Mon Early Caretaker
CT_56 Tue Early Caretaker
CT_56 Wed Early Caretaker
CT_56 Thu Early Caretaker
CT_56 Fri Early Caretaker
CT_57 Wed Night Caretaker
CT_57 Thu Night Caretaker
CT_57 Fri Night Caretaker
CT_57 Sat Night Caretaker
CT_57 Sun Night Caretaker
CT_58 Mon Day Caretaker
CT_58 Tue Day Caretaker
CT_58 Wed Day Caretaker
CT_58 Thu Day Caretaker
CT_58 Fri Day Caretaker
CT_59 Wed Day Caretaker
CT_59 Thu Day Caretaker
CT_59 Fri Late Caretaker
CT_59 Sat Late Caretaker
CT_59 Sun Late Caretaker
TR_60 Wed Day Trainee
TR_60 Thu Day Trainee
TR_60 Fri Day Trainee
TR_61 Mon Early Trainee
TR_62 Mon Night Trainee
TR_62 Tue Night Trainee
TR_62 Wed Night Trainee
TR_62 Thu Night Trainee
TR_62 Fri Night Trainee
TR_63 Mon Early Trainee
TR_63 Tue Early Trainee
TR_63 Wed Early Trainee
TR_63 Thu Late Trainee
TR_63 Fri Late Trainee
TR_64 Mon Late Trainee
TR_64 Tue Late Trainee
TR_65 Mon Day Trainee
TR_65 Tue Day Trainee
TR_65 Wed Early Trainee
TR_65 Thu Early Trainee
TR_65 Fri Early Trainee
TR_66 Fri Day Trainee
TR_66 Sat Day Trainee
TR_66 Sun Day Trainee
TR_67 Tue Day Trainee
TR_67 Wed Day Trainee
TR_67 Thu Late Trainee
TR_67 Fri Late Trainee
TR_68 Tue Night Trainee
TR_68 Wed Night Trainee
TR_68 Thu Night Trainee
TR_68 Fri Night Trainee
TR_69 Mon Late Trainee
TR_69 Tue Late Trainee
TR_69 Fri Early Trainee
TR_69 Sat Late Trainee
TR_69 Sun Late Trainee
