SOLUTION
3 n110w4

ASSIGNMENTS = 373
HN_0 Mon Early HeadNurse
HN_0 Tue Early HeadNurse
HN_0 Wed Day HeadNurse
HN_0 Thu Day HeadNurse
HN_1 Tue Late HeadNurse
HN_1 Wed Late HeadNurse
HN_1 Sun Early HeadNurse
HN_2 Wed Day Nurse
HN_2 Thu Day Nurse
HN_3 Mon Night HeadNurse
HN_3 Tue Night HeadNurse
HN_3 Wed Night HeadNurse
HN_3 Thu Night HeadNurse
HN_3 Fri Night HeadNurse
HN_4 Sat Early HeadNurse
HN_4 Sun Early Nurse
HN_5 Fri Late HeadNurse
HN_5 Sat Late HeadNurse
HN_5 Sun Late Nurse
HN_6 Mon Night HeadNurse
HN_6 Fri Early HeadNurse
HN_6 Sat Early Nurse
HN_6 Sun Day HeadNurse
HN_7 Mon Early Nurse
HN_7 Tue Late HeadNurse
HN_7 Wed Late Nurse
HN_8 Mon Early Nurse
HN_8 Fri Night Nurse
HN_8 Sat Night HeadNurse
HN_8 Sun Night HeadNurse
HN_9 Tue Early Nurse
HN_9 Wed Early HeadNurse
HN_9 Thu Day Nurse
HN_9 Fri Day HeadNurse
HN_10 Mon Late HeadNurse
HN_10 Tue Late Nurse
HN_10 Wed Late Nurse
HN_11 Thu Day Nurse
HN_11 Fri Day HeadNurse
HN_12 Mon Night Nurse
HN_12 Tue Night HeadNurse
HN_12 Wed Night Nurse
HN_12 Thu Night Nurse
HN_13 Fri Early Nurse
HN_13 Sat Early Nurse
HN_13 Sun Day HeadNurse
HN_14 Tue Early Nurse
HN_14 Wed Early Nurse
HN_14 Thu Early HeadNurse
HN_15 Mon Night Nurse
HN_15 Tue Night Nurse
HN_15 Wed Night Nurse
HN_15 Thu Night Nurse
HN_15 Fri Night Nurse
HN_16 Mon Day HeadNurse
HN_16 Thu Late HeadNurse
HN_16 Fri Late HeadNurse
HN_16 Sat Night HeadNurse
HN_16 Sun Night Nurse
HN_18 Mon Day Nurse
HN_18 Tue Day HeadNurse
HN_18 Wed Day Nurse
HN_18 Thu Early HeadNurse
HN_18 Fri Early Nurse
HN_19 Tue Late Nurse
HN_19 Wed Late Nurse
HN_19 Thu Late HeadNurse
HN_19 Fri Late Nurse
NU_20 Wed Late Nurse
NU_20 Thu Late Nurse
NU_20 Fri Late Nurse
NU_21 Mon Day Nurse
NU_21 Tue Day Nurse
NU_21 Wed Early Nurse
NU_21 Thu Early Nurse
NU_21 Fri Early Caretaker
NU_22 Mon Late Nurse
NU_22 Tue Late Nurse
NU_22 Wed Late Caretaker
NU_22 Sat Night Nurse
NU_22 Sun Night Nurse
NU_23 Mon Night Nurse
NU_24 Fri Early Caretaker
NU_24 Sat Early Caretaker
NU_24 Sun Day Nurse
NU_25 Fri Day Nurse
NU_25 Sat Day Nurse
NU_25 Sun Early Caretaker
NU_26 Mon Late Nurse
NU_26 Tue Late Caretaker
NU_26 Sun Late Nurse
NU_27 Mon Early Nurse
NU_27 Tue Early Nurse
NU_28 Thu Late Nurse
NU_28 Fri Late Nurse
NU_28 Sat Night Caretaker
NU_28 Sun Night Nurse
NU_29 Mon Day Nurse
NU_29 Tue Day Nurse
NU_29 Wed Day Nurse
NU_29 Thu Early Nurse
NU_29 Fri Early Caretaker
NU_30 Mon Early Caretaker
NU_30 Tue Early Caretaker
NU_30 Wed Early Nurse
NU_31 Mon Day Caretaker
NU_31 Tue Day Nurse
NU_32 Mon Night Nurse
NU_32 Tue Night Nurse
NU_32 Wed Night Caretaker
NU_32 Thu Night Nurse
NU_32 Fri Night Caretaker
NU_33 Mon Late Caretaker
NU_33 Tue Late Caretaker
NU_33 Fri Day Nurse
NU_33 Sat Day Caretaker
NU_33 Sun Early Caretaker
NU_34 Mon Late Caretaker
NU_34 Tue Late Caretaker
NU_35 Thu Day Caretaker
NU_35 Fri Day Nurse
NU_35 Sat Late Nurse
NU_35 Sun Late Nurse
NU_36 Sat Day Caretaker
NU_36 Sun Day Nurse
NU_37 Fri Day Caretaker
NU_37 Sat Day Caretaker
NU_37 Sun Day Caretaker
NU_38 Mon Day Caretaker
NU_38 Tue Day Caretaker
NU_38 Wed Day Caretaker
NU_38 Thu Early Nurse
NU_38 Fri Early Caretaker
NU_39 Wed Early Caretaker
NU_39 Thu Early Caretaker
NU_39 Fri Early Caretaker
NU_39 Sat Night Caretaker
NU_39 Sun Night Caretaker
CT_40 Mon Late Caretaker
CT_40 Tue Late Caretaker
CT_40 Sun Early Caretaker
CT_41 Thu Late Caretaker
CT_41 Fri Late Caretaker
CT_42 Mon Night Caretaker
CT_42 Tue Night Caretaker
CT_42 Wed Night Caretaker
CT_42 Thu Night Caretaker
CT_42 Fri Night Caretaker
CT_44 Mon Early Caretaker
CT_44 Tue Early Caretaker
CT_44 Wed Day Caretaker
CT_44 Thu Day Caretaker
CT_44 Fri Day Caretaker
CT_45 Wed Day Caretaker
CT_45 Thu Day Caretaker
CT_45 Fri Day Caretaker
CT_45 Sat Late Caretaker
CT_45 Sun Late Caretaker
CT_46 Tue Early Caretaker
CT_46 Wed Early Caretaker
CT_46 Thu Late Caretaker
CT_46 Fri Late Caretaker
CT_47 Mon Day Caretaker
CT_47 Tue Day Caretaker
CT_47 Wed Day Caretaker
CT_47 Thu Early Caretaker
CT_47 Fri Early Caretaker
CT_48 Mon Night Caretaker
CT_48 Tue Night Caretaker
CT_48 Wed Night Caretaker
CT_48 Thu Night Caretaker
CT_49 Mon Night Caretaker
CT_49 Tue Night Caretaker
CT_49 Fri Late Caretaker
CT_49 Sat Late Caretaker
CT_49 Sun Late Caretaker
CT_50 Mon Day Caretaker
CT_50 Tue Day Caretaker
CT_50 Wed Late Caretaker
CT_50 Thu Late Caretaker
CT_52 Tue Day Caretaker
CT_52 Wed Day Caretaker
CT_52 Thu Late Caretaker
CT_52 Fri Late Caretaker
CT_53 Tue Night Caretaker
CT_53 Wed Night Caretaker
CT_53 Thu Night Caretaker
CT_53 Fri Night Caretaker
CT_54 Mon Late Caretaker
CT_54 Tue Late Caretaker
CT_54 Wed Late Caretaker
CT_54 Sat Early Caretaker
CT_54 Sun Early Caretaker
CT_55 Thu Day Caretaker
CT_55 Fri Day Caretaker
CT_56 Fri Late Caretaker
CT_56 Sat Late Caretaker
CT_57 Mon Late Caretaker
CT_58 Mon Early Caretaker
CT_58 Tue Early Caretaker
CT_58 Sun Day Caretaker
CT_59 Mon Early Caretaker
CT_59 Tue Late Caretaker
CT_59 Wed Late Caretaker
CT_60 Mon Night Caretaker
CT_62 Mon Day Caretaker
CT_62 Tue Day Caretaker
CT_62 Wed Late Caretaker
CT_62 Thu Late Caretaker
CT_62 Fri Late Caretaker
CT_63 Tue Early Caretaker
CT_63 Wed Early Caretaker
CT_63 Thu Day Caretaker
CT_63 Fri Day Caretaker
CT_65 Mon Late Caretaker
CT_65 Tue Late Caretaker
CT_65 Wed Late Caretaker
CT_65 Sat Night Caretaker
CT_65 Sun Night Caretaker
CT_66 Mon Night Caretaker
CT_66 Tue Night Caretaker
CT_66 Wed Night Caretaker
CT_66 Thu Night Caretaker
CT_66 Fri Night Caretaker
CT_67 Wed Early Caretaker
CT_67 Thu Early Caretaker
CT_67 Sun Day Caretaker
CT_68 Mon Night Caretaker
CT_68 Tue Night Caretaker
CT_68 Wed Night Caretaker
CT_68 Thu Night Caretaker
CT_68 Fri Night Caretaker
CT_69 Mon Early Caretaker
CT_69 Tue Early Caretaker
CT_69 Wed Day Caretaker
CT_69 Thu Day Caretaker
CT_70 Fri Early Caretaker
CT_70 Sat Early Caretaker
CT_70 Sun Night Caretaker
CT_71 Wed Day Caretaker
CT_71 Thu Day Caretaker
CT_72 Wed Early Caretaker
CT_72 Thu Early Caretaker
CT_73 Thu Early Caretaker
CT_73 Fri Early Caretaker
CT_74 Mon Day Caretaker
CT_75 Mon Day Caretaker
CT_75 Tue Day Caretaker
CT_75 Wed Day Caretaker
CT_75 Thu Late Caretaker
CT_75 Fri Late Caretaker
CT_76 Mon Late Caretaker
CT_76 Thu Early Caretaker
CT_76 Fri Early Caretaker
CT_76 Sat Late Caretaker
CT_76 Sun Late Caretaker
CT_77 Mon Early Caretaker
CT_77 Thu Late Caretaker
CT_77 Fri Late Caretaker
CT_77 Sat Late Caretaker
CT_77 Sun Night Caretaker
CT_78 Mon Night Caretaker
CT_78 Tue Night Caretaker
CT_78 Wed Night Caretaker
CT_78 Thu Night Caretaker
CT_78 Fri Night Caretaker
CT_79 Mon Day Caretaker
CT_79 Tue Day Caretaker
TR_80 Mon Day Trainee
TR_80 Tue Day Trainee
TR_80 Wed Late Trainee
TR_80 Thu Late Trainee
TR_81 Mon Day Trainee
TR_82 Sat Late Trainee
TR_82 Sun Late Trainee
TR_83 Tue Early Trainee
TR_83 Wed Early Trainee
TR_83 Thu Late Trainee
TR_83 Fri Late Trainee
TR_84 Mon Late Trainee
TR_84 Tue Late Trainee
TR_84 Wed Late Trainee
TR_84 Thu Late Trainee
TR_85 Mon Day Trainee
TR_85 Tue Day Trainee
TR_86 Wed Early Trainee
TR_86 Thu Early Trainee
TR_86 Fri Early Trainee
TR_87 Mon Late Trainee
TR_87 Fri Day Trainee
TR_87 Sat Day Trainee
TR_87 Sun Night Trainee
TR_88 Fri Day Trainee
TR_88 Sat Day Trainee
TR_88 Sun Early Trainee
TR_89 Mon Early Trainee
TR_89 Tue Early Trainee
TR_89 Wed Early Trainee
TR_89 Thu Early Trainee
TR_89 Fri Early Trainee
TR_90 Fri Day Trainee
TR_90 Sat Day Trainee
TR_90 Sun Late Trainee
TR_91 Mon Night Trainee
TR_91 Tue Night Trainee
TR_91 Fri Night Trainee
TR_91 Sat Night Trainee
TR_91 Sun Night Trainee
TR_92 Mon Late Trainee
TR_92 Tue Late Trainee
TR_93 Wed Day Trainee
TR_93 Thu Day Trainee
TR_93 Fri Day Trainee
TR_94 Tue Late Trainee
TR_94 Wed Late Trainee
TR_94 Thu Late Trainee
TR_95 Mon Early Trainee
TR_96 Wed Day Trainee
TR_96 Thu Day Trainee
TR_96 Fri Late Trainee
TR_96 Sat Late Trainee
TR_96 Sun Late Trainee
TR_97 Mon Early Trainee
TR_97 Tue Early Trainee
TR_97 Wed Day Trainee
TR_97 Thu Day Trainee
TR_97 Fri Day Trainee
TR_98 Mon Night Trainee
TR_98 Tue Night Trainee
TR_98 Wed Night Trainee
TR_98 Thu Night Trainee
TR_99 Mon Early Trainee
TR_99 Tue Early Trainee
TR_99 Wed Early Trainee
TR_99 Thu Early Trainee
TR_100 Mon Night Trainee
TR_100 Tue Night Trainee
TR_100 Wed Night Trainee
TR_100 Thu Night Trainee
TR_100 Fri Night Trainee
TR_101 Mon Late Trainee
TR_101 Tue Late Trainee
TR_101 Wed Late Trainee
TR_101 Sat Early Trainee
TR_101 Sun Early Trainee
TR_102 Fri Late Trainee
TR_102 Sat Late Trainee
TR_103 Wed Early Trainee
TR_103 Thu Early Trainee
TR_103 Fri Early Trainee
TR_104 Mon Early Trainee
TR_104 Tue Early Trainee
TR_104 Wed Early Trainee
TR_104 Thu Early Trainee
TR_104 Fri Early Trainee
TR_105 Fri Early Trainee
TR_105 Sat Early Trainee
TR_105 Sun Day Trainee
TR_106 Mon Night Trainee
TR_106 Tue Night Trainee
TR_106 Wed Night Trainee
TR_106 Thu Night Trainee
TR_106 Fri Night Trainee
TR_107 Mon Day Trainee
TR_107 Tue Day Trainee
TR_107 Wed Day Trainee
TR_107 Thu Day Trainee
TR_108 Mon Day Trainee
TR_108 Tue Day Trainee
TR_109 Tue Night Trainee
TR_109 Wed Night Trainee
TR_109 Thu Night Trainee
TR_109 Fri Night Trainee
