SOLUTION
1 n070w4

ASSIGNMENTS = 278
HN_0 Fri Day HeadNurse
HN_0 Sat Day HeadNurse
HN_0 Sun Day Nurse
HN_1 Tue Day HeadNurse
HN_1 Wed Day Nurse
HN_1 Thu Day Nurse
HN_1 Fri Day Nurse
HN_2 Mon Night HeadNurse
HN_2 Tue Night Nurse
HN_2 Wed Night HeadNurse
HN_2 Sat Late Nurse
HN_2 Sun Late HeadNurse
HN_3 Mon Late HeadNurse
HN_3 Tue Late HeadNurse
HN_3 Wed Late HeadNurse
HN_3 Thu Late Nurse
HN_3 Fri Late Nurse
HN_4 Wed Night Nurse
HN_4 Thu Night Nurse
HN_4 Fri Night Nurse
HN_4 Sat Night HeadNurse
HN_4 Sun Night HeadNurse
HN_5 Mon Early HeadNurse
HN_5 Tue Early Nurse
HN_6 Wed Early HeadNurse
HN_6 Thu Early Nurse
HN_6 Fri Early HeadNurse
HN_7 Mon Late Nurse
HN_7 Tue Late Nurse
HN_7 Sat Early HeadNurse
HN_7 Sun Early HeadNurse
NU_8 Mon Late Nurse
NU_8 Tue Late Nurse
NU_8 Wed Late Nurse
NU_8 Thu Late Nurse
NU_8 Fri Late Nurse
NU_9 Tue Day Nurse
NU_9 Wed Day Nurse
NU_9 Thu Late Nurse
NU_9 Fri Late Nurse
NU_10 Tue Early Nurse
NU_10 Wed Early Nurse
NU_10 Thu Early Nurse
NU_11 Mon Early Nurse
NU_11 Tue Early Nurse
NU_11 Fri Day Nurse
NU_11 Sat Day Nurse
NU_11 Sun Day Nurse
NU_12 Wed Early Nurse
NU_12 Thu Early Nurse
NU_12 Fri Early Nurse
NU_13 Mon Night Nurse
NU_14 Wed Late Nurse
NU_14 Thu Late Caretaker
NU_14 Fri Late Caretaker
NU_15 Wed Late Nurse
NU_15 Thu Late Caretaker
NU_15 Fri Late Caretaker
NU_16 Thu Day Nurse
NU_16 Fri Day Nurse
NU_16 Sat Late Nurse
NU_16 Sun Late Nurse
NU_17 Mon Day Nurse
NU_17 Tue Day Nurse
NU_18 Mon Day Nurse
NU_18 Tue Day Nurse
NU_18 Wed Early Nurse
NU_18 Thu Early Nurse
NU_19 Mon Late Nurse
NU_19 Tue Late Nurse
NU_19 Wed Late Caretaker
NU_19 Sat Early Nurse
NU_19 Sun Early Nurse
NU_20 Mon Early Nurse
NU_20 Tue Early Caretaker
NU_20 Wed Early Caretaker
NU_20 Thu Early Nurse
NU_20 Fri Early Nurse
NU_21 Thu Day Caretaker
NU_21 Fri Day Nurse
NU_21 Sat Early Nurse
NU_21 Sun Early Nurse
NU_22 Mon Day Nurse
NU_22 Tue Day Nurse
NU_22 Wed Day Nurse
NU_22 Thu Late Caretaker
NU_22 Fri Late Caretaker
NU_23 Thu Early Caretaker
NU_23 Fri Early Caretaker
NU_23 Sat Early Caretaker
NU_23 Sun Early Caretaker
NU_24 Tue Night Nurse
NU_24 Wed Night Nurse
NU_24 Thu Night Nurse
NU_24 Fri Night Nurse
NU_25 Wed Day Caretaker
NU_25 Thu Day Caretaker
NU_25 Fri Day Caretaker
NU_26 Mon Early Nurse
NU_26 Tue Early Caretaker
NU_26 Wed Day Caretaker
NU_26 Thu Day Caretaker
NU_26 Fri Day Caretaker
NU_27 Mon Early Nurse
NU_27 Tue Early Caretaker
NU_27 Wed Late Caretaker
NU_27 Thu Late Caretaker
NU_27 Fri Late Caretaker
NU_28 Tue Night Nurse
NU_28 Wed Night Nurse
NU_28 Thu Night Nurse
NU_28 Fri Night Nurse
NU_29 Mon Night Nurse
NU_29 Tue Night Nurse
NU_29 Wed Night Caretaker
NU_29 Thu Night Nurse
NU_29 Fri Night Nurse
NU_30 Mon Day Caretaker
NU_30 Tue Day Nurse
NU_30 Wed Day Caretaker
NU_30 Sat Night Nurse
NU_30 Sun Night Nurse
NU_31 Wed Late Caretaker
NU_31 Thu Late Caretaker
NU_31 Fri Late Caretaker
NU_32 Fri Night Caretaker
NU_32 Sat Night Nurse
NU_32 Sun Night Caretaker
NU_33 Mon Day Caretaker
NU_33 Tue Day Caretaker
NU_33 Fri Late Caretaker
NU_33 Sat Late Caretaker
NU_33 Sun Late Caretaker
NU_34 Sun Day Caretaker
NU_35 Mon Night Nurse
NU_35 Tue Night Caretaker
NU_35 Wed Night Caretaker
NU_36 Mon Night Caretaker
NU_36 Tue Night Caretaker
NU_36 Wed Night Caretaker
NU_37 Mon Late Caretaker
NU_37 Tue Late Caretaker
NU_37 Wed Late Caretaker
NU_37 Sat Early Caretaker
NU_37 Sun Early Caretaker
NU_38 Mon Early Caretaker
NU_38 Tue Late Caretaker
NU_38 Wed Late Caretaker
NU_39 Tue Night Caretaker
NU_39 Wed Night Caretaker
NU_39 Thu Night Caretaker
NU_39 Fri Night Caretaker
CT_40 Wed Night Caretaker
CT_40 Thu Night Caretaker
CT_40 Fri Night Caretaker
CT_40 Sat Night Caretaker
CT_40 Sun Night Caretaker
CT_41 Mon Late Caretaker
CT_41 Sun Day Caretaker
CT_42 Mon Night Caretaker
CT_42 Tue Night Caretaker
CT_42 Wed Night Caretaker
CT_42 Thu Night Caretaker
CT_42 Fri Night Caretaker
CT_43 Fri Day Caretaker
CT_43 Sat Day Caretaker
CT_43 Sun Day Caretaker
CT_44 Mon Late Caretaker
CT_44 Tue Late Caretaker
CT_44 Fri Night Caretaker
CT_44 Sat Night Caretaker
CT_44 Sun Night Caretaker
CT_45 Mon Night Caretaker
CT_45 Thu Day Caretaker
CT_45 Fri Day Caretaker
CT_45 Sat Late Caretaker
CT_45 Sun Late Caretaker
CT_46 Mon Late Caretaker
CT_46 Thu Early Caretaker
CT_46 Fri Early Caretaker
CT_46 Sat Late Caretaker
CT_46 Sun Late Caretaker
CT_47 Mon Day Caretaker
CT_47 Tue Day Caretaker
CT_47 Wed Early Caretaker
CT_47 Thu Early Caretaker
CT_48 Mon Day Caretaker
CT_48 Tue Day Caretaker
CT_48 Wed Early Caretaker
CT_48 Thu Early Caretaker
CT_49 Mon Day Caretaker
CT_49 Tue Day Caretaker
CT_49 Wed Early Caretaker
CT_49 Thu Early Caretaker
CT_49 Fri Early Caretaker
CT_50 Fri Night Caretaker
CT_50 Sat Night Caretaker
CT_50 Sun Night Caretaker
CT_51 Mon Day Caretaker
CT_51 Tue Day Caretaker
CT_52 Tue Night Caretaker
CT_52 Wed Night Caretaker
CT_52 Thu Night Caretaker
CT_52 Fri Night Caretaker
CT_53 Mon Late Caretaker
CT_53 Tue Late Caretaker
CT_53 Wed Late Caretaker
CT_53 Thu Late Caretaker
CT_53 Fri Late Caretaker
CT_54 Mon Early Caretaker
CT_54 Tue Early Caretaker
CT_54 Wed Day Caretaker
CT_54 Thu Day Caretaker
CT_54 Fri Day Caretaker
CT_55 Mon Late Caretaker
CT_55 Tue Late Caretaker
CT_55 Fri Day Caretaker
CT_55 Sat Day Caretaker
CT_55 Sun Day Caretaker
CT_56 Mon Day Caretaker
CT_56 Tue Day Caretaker
CT_56 Wed Day Caretaker
CT_56 Thu Early Caretaker
CT_56 Fri Early Caretaker
CT_57 Thu Early Caretaker
CT_57 Fri Early Caretaker
CT_57 Sat Early Caretaker
CT_57 Sun Late Caretaker
CT_58 Mon Early Caretaker
CT_58 Tue Early Caretaker
CT_58 Wed Early Caretaker
CT_58 Thu Late Caretaker
CT_58 Fri Late Caretaker
CT_59 Mon Early Caretaker
CT_59 Tue Early Caretaker
CT_59 Wed Early Caretaker
CT_59 Thu Day Caretaker
CT_59 Fri Day Caretaker
TR_60 Mon Early Trainee
TR_60 Tue Early Trainee
TR_60 Wed Late Trainee
TR_60 Thu Late Trainee
TR_60 Fri Late Trainee
TR_61 Thu Night Trainee
TR_61 Fri Night Trainee
TR_61 Sat Night Trainee
TR_61 Sun Night Trainee
TR_62 Wed Early Trainee
TR_62 Thu Early Trainee
TR_62 Fri Early Trainee
TR_62 Sat Late Trainee
TR_62 Sun Late Trainee
TR_63 Mon Late Trainee
TR_64 Mon Late Trainee
TR_64 Tue Late Trainee
TR_64 Fri Early Trainee
TR_64 Sat Early Trainee
TR_64 Sun Early Trainee
TR_65 Mon Early Trainee
TR_65 Tue Day Trainee
TR_65 Wed Day Trainee
TR_65 Thu Day Trainee
TR_65 Fri Day Trainee
TR_66 Thu Day Trainee
TR_66 Fri Day Trainee
TR_66 Sat Day Trainee
TR_66 Sun Early Trainee
TR_67 Mon Day Trainee
TR_67 Tue Day Trainee
TR_68 Mon Early Trainee
TR_68 Tue Early Trainee
TR_68 Wed Late Trainee
TR_68 Thu Late Trainee
TR_69 Mon Night Trainee
TR_69 Tue Night Trainee
TR_69 Wed Night Trainee
TR_69 Thu Night Trainee
TR_69 Fri Night Trainee
