SOLUTION
2 n100w8

ASSIGNMENTS = 314
HN_0 Mon Early HeadNurse
HN_0 Tue Early HeadNurse
HN_1 Mon Night HeadNurse
HN_1 Tue Night HeadNurse
HN_2 Mon Night HeadNurse
HN_2 Tue Night Nurse
HN_2 Wed Night HeadNurse
HN_2 Thu Night HeadNurse
HN_3 Tue Early HeadNurse
HN_3 Wed Early HeadNurse
HN_3 Thu Late HeadNurse
HN_3 Fri Late HeadNurse
HN_4 Wed Day HeadNurse
HN_4 Thu Day HeadNurse
HN_4 Fri Day HeadNurse
HN_5 Sat Late Nurse
HN_5 Sun Late Nurse
HN_6 Tue Late HeadNurse
HN_6 Wed Late HeadNurse
HN_6 Thu Late HeadNurse
HN_6 Fri Late Nurse
HN_7 Wed Late Nurse
HN_7 Thu Late Nurse
HN_7 Fri Late Nurse
HN_8 Sat Early HeadNurse
HN_8 Sun Early HeadNurse
HN_9 Wed Night Nurse
HN_9 Thu Night HeadNurse
HN_9 Fri Night Nurse
HN_9 Sat Night HeadNurse
HN_9 Sun Night HeadNurse
HN_10 Mon Day Nurse
HN_10 Tue Day HeadNurse
HN_11 Wed Day HeadNurse
HN_11 Thu Day Nurse
HN_11 Fri Day Nurse
HN_12 Wed Late Nurse
HN_12 Thu Late Nurse
HN_14 Mon Day Nurse
HN_14 Tue Day HeadNurse
HN_14 Wed Early Nurse
HN_14 Thu Early Nurse
HN_14 Fri Early Nurse
HN_15 Mon Late Nurse
HN_15 Tue Late HeadNurse
HN_15 Fri Day Nurse
HN_15 Sat Day Nurse
HN_15 Sun Early Nurse
NU_16 Mon Early Nurse
NU_16 Tue Early Nurse
NU_16 Wed Early Nurse
NU_16 Thu Late Caretaker
NU_16 Fri Late Nurse
NU_17 Mon Night Nurse
NU_17 Sat Early Nurse
NU_17 Sun Early Caretaker
NU_18 Tue Early Nurse
NU_18 Wed Early Nurse
NU_18 Thu Day Nurse
NU_18 Fri Day Nurse
NU_19 Mon Early Nurse
NU_19 Tue Early Caretaker
NU_20 Mon Late Nurse
NU_20 Tue Late Nurse
NU_20 Fri Late Caretaker
NU_20 Sat Late Nurse
NU_20 Sun Late Caretaker
NU_21 Wed Late Caretaker
NU_21 Thu Late Caretaker
NU_21 Fri Late Caretaker
NU_22 Tue Late Nurse
NU_22 Wed Late Caretaker
NU_23 Mon Late Caretaker
NU_23 Tue Late Nurse
NU_24 Tue Day Nurse
NU_24 Wed Day Nurse
NU_25 Fri Night Nurse
NU_25 Sat Night Nurse
NU_25 Sun Night Nurse
NU_26 Mon Early Caretaker
NU_26 Tue Early Caretaker
NU_26 Wed Early Nurse
NU_26 Thu Early Nurse
NU_27 Mon Late Caretaker
NU_27 Tue Late Caretaker
NU_28 Mon Day Caretaker
NU_29 Sat Day Nurse
NU_29 Sun Day Nurse
NU_30 Mon Night Nurse
NU_30 Tue Night Nurse
NU_30 Wed Night Nurse
NU_30 Thu Night Nurse
NU_30 Fri Night Caretaker
NU_31 Mon Day Caretaker
NU_31 Tue Day Nurse
NU_31 Wed Early Caretaker
NU_31 Thu Early Caretaker
NU_31 Fri Early Nurse
NU_32 Tue Day Nurse
NU_32 Wed Day Nurse
NU_32 Thu Day Caretaker
NU_32 Fri Day Caretaker
NU_33 Mon Early Caretaker
NU_33 Sat Early Nurse
NU_33 Sun Early Caretaker
NU_34 Tue Night Caretaker
NU_34 Wed Night Caretaker
NU_34 Thu Night Nurse
NU_34 Fri Night Caretaker
CT_35 Mon Early Caretaker
CT_35 Thu Night Caretaker
CT_35 Fri Night Caretaker
CT_35 Sat Night Caretaker
CT_35 Sun Night Caretaker
CT_36 Sat Late Caretaker
CT_36 Sun Late Caretaker
CT_37 Mon Night Caretaker
CT_37 Tue Night Caretaker
CT_37 Fri Day Caretaker
CT_37 Sat Day Caretaker
CT_37 Sun Day Caretaker
CT_38 Mon Night Caretaker
CT_38 Tue Night Caretaker
CT_38 Wed Night Caretaker
CT_38 Thu Night Caretaker
CT_38 Fri Night Caretaker
CT_39 Mon Early Caretaker
CT_39 Tue Day Caretaker
CT_39 Wed Day Caretaker
CT_40 Mon Night Caretaker
CT_40 Tue Night Caretaker
CT_40 Wed Night Caretaker
CT_40 Thu Night Caretaker
CT_40 Fri Night Caretaker
CT_41 Thu Early Caretaker
CT_41 Fri Early Caretaker
CT_42 Wed Early Caretaker
CT_42 Thu Early Caretaker
CT_42 Fri Early Caretaker
CT_43 Mon Late Caretaker
CT_43 Tue Late Caretaker
CT_43 Wed Late Caretaker
CT_44 Mon Early Caretaker
CT_44 Tue Early Caretaker
CT_44 Wed Late Caretaker
CT_44 Thu Late Caretaker
CT_44 Fri Late Caretaker
CT_45 Mon Day Caretaker
CT_45 Tue Day Caretaker
CT_46 Mon Early Caretaker
CT_46 Tue Early Caretaker
CT_46 Wed Early Caretaker
CT_46 Thu Day Caretaker
CT_46 Fri Day Caretaker
CT_47 Sat Early Caretaker
CT_47 Sun Early Caretaker
CT_48 Mon Early Caretaker
CT_48 Tue Early Caretaker
CT_48 Wed Early Caretaker
CT_48 Thu Early Caretaker
CT_49 Tue Day Caretaker
CT_49 Wed Day Caretaker
CT_50 Wed Late Caretaker
CT_50 Thu Late Caretaker
CT_50 Fri Late Caretaker
CT_51 Fri Day Caretaker
CT_51 Sat Day Caretaker
CT_51 Sun Day Caretaker
CT_52 Mon Late Caretaker
CT_52 Tue Late Caretaker
CT_52 Fri Late Caretaker
CT_52 Sat Late Caretaker
CT_52 Sun Late Caretaker
CT_53 Mon Day Caretaker
CT_53 Tue Day Caretaker
CT_54 Mon Day Caretaker
CT_55 Wed Day Caretaker
CT_55 Thu Day Caretaker
CT_56 Mon Late Caretaker
CT_56 Tue Late Caretaker
CT_56 Wed Late Caretaker
CT_57 Wed Early Caretaker
CT_57 Thu Early Caretaker
CT_57 Fri Day Caretaker
CT_57 Sat Day Caretaker
CT_57 Sun Day Caretaker
CT_58 Fri Early Caretaker
CT_58 Sat Early Caretaker
CT_58 Sun Day Caretaker
CT_59 Thu Day Caretaker
CT_59 Fri Day Caretaker
CT_60 Mon Night Caretaker
CT_60 Tue Night Caretaker
CT_60 Wed Night Caretaker
CT_60 Thu Night Caretaker
CT_61 Tue Night Caretaker
CT_61 Wed Night Caretaker
CT_61 Thu Night Caretaker
CT_61 Fri Night Caretaker
CT_62 Mon Night Caretaker
CT_62 Tue Night Caretaker
CT_62 Wed Night Caretaker
CT_62 Thu Night Caretaker
CT_63 Wed Early Caretaker
CT_63 Thu Early Caretaker
CT_63 Fri Early Caretaker
CT_64 Wed Night Caretaker
CT_64 Thu Night Caretaker
CT_64 Fri Night Caretaker
CT_64 Sat Night Caretaker
CT_64 Sun Night Caretaker
CT_65 Tue Day Caretaker
CT_65 Wed Day Caretaker
CT_65 Thu Day Caretaker
CT_65 Fri Day Caretaker
CT_66 Tue Early Caretaker
CT_66 Wed Early Caretaker
CT_66 Thu Day Caretaker
CT_66 Fri Day Caretaker
CT_67 Thu Late Caretaker
CT_67 Fri Late Caretaker
CT_68 Mon Late Caretaker
CT_68 Tue Late Caretaker
CT_69 Mon Early Caretaker
CT_69 Tue Early Caretaker
CT_69 Wed Early Caretaker
CT_70 Tue Late Caretaker
CT_70 Wed Late Caretaker
CT_70 Thu Late Caretaker
CT_71 Mon Late Caretaker
CT_71 Tue Late Caretaker
CT_72 Mon Day Caretaker
CT_72 Sat Night Caretaker
CT_72 Sun Night Caretaker
CT_73 Tue Day Caretaker
CT_73 Wed Day Caretaker
CT_73 Thu Early Caretaker
CT_73 Fri Early Caretaker
CT_74 Mon Day Caretaker
CT_74 Tue Day Caretaker
CT_74 Sat Early Caretaker
CT_74 Sun Early Caretaker
TR_75 Wed Night Trainee
TR_75 Thu Night Trainee
TR_75 Fri Night Trainee
TR_75 Sat Night Trainee
TR_75 Sun Night Trainee
TR_76 Fri Early Trainee
TR_76 Sat Early Trainee
TR_76 Sun Day Trainee
TR_77 Fri Late Trainee
TR_77 Sat Late Trainee
TR_77 Sun Late Trainee
TR_78 Mon Late Trainee
TR_78 Tue Late Trainee
TR_78 Wed Late Trainee
TR_80 Thu Day Trainee
TR_80 Fri Day Trainee
TR_81 Wed Early Trainee
TR_81 Thu Early Trainee
TR_81 Fri Early Trainee
TR_82 Tue Day Trainee
TR_82 Wed Day Trainee
TR_82 Thu Early Trainee
TR_82 Fri Early Trainee
TR_83 Mon Early Trainee
TR_83 Tue Early Trainee
TR_83 Wed Day Trainee
TR_83 Thu Day Trainee
TR_83 Fri Day Trainee
TR_84 Mon Night Trainee
TR_84 Tue Night Trainee
TR_84 Wed Night Trainee
TR_84 Thu Night Trainee
TR_85 Mon Early Trainee
TR_86 Sat Day Trainee
TR_86 Sun Day Trainee
TR_87 Mon Day Trainee
TR_87 Tue Day Trainee
TR_88 Wed Early Trainee
TR_88 Thu Early Trainee
TR_88 Fri Early Trainee
TR_89 Mon Day Trainee
TR_90 Mon Night Trainee
TR_90 Sat Night Trainee
TR_90 Sun Night Trainee
TR_91 Mon Night Trainee
TR_91 Tue Night Trainee
TR_91 Wed Night Trainee
TR_91 Thu Night Trainee
TR_92 Tue Night Trainee
TR_92 Wed Night Trainee
TR_92 Thu Night Trainee
TR_92 Fri Night Trainee
TR_93 Mon Late Trainee
TR_93 Tue Late Trainee
TR_93 Sat Early Trainee
TR_93 Sun Early Trainee
TR_94 Wed Late Trainee
TR_94 Thu Late Trainee
TR_95 Mon Late Trainee
TR_95 Tue Late Trainee
TR_96 Tue Day Trainee
TR_96 Wed Day Trainee
TR_96 Thu Late Trainee
TR_96 Fri Late Trainee
TR_97 Mon Day Trainee
TR_97 Tue Day Trainee
TR_97 Wed Day Trainee
TR_99 Mon Early Trainee
TR_99 Tue Early Trainee
TR_99 Wed Late Trainee
TR_99 Thu Late Trainee
TR_99 Fri Late Trainee
