SOLUTION
5 n100w8

ASSIGNMENTS = 320
HN_1 Thu Early HeadNurse
HN_1 Fri Early HeadNurse
HN_1 Sat Late Nurse
HN_1 Sun Late HeadNurse
HN_2 Tue Night HeadNurse
HN_2 Wed Night HeadNurse
HN_2 Thu Night HeadNurse
HN_2 Fri Night Nurse
HN_3 Mon Early HeadNurse
HN_3 Tue Early Nurse
HN_3 Wed Early Nurse
HN_4 Mon Night HeadNurse
HN_4 Tue Night Nurse
HN_4 Wed Night Nurse
HN_4 Thu Night HeadNurse
HN_4 Fri Night Nurse
HN_5 Wed Early Nurse
HN_5 Thu Early HeadNurse
HN_5 Fri Early HeadNurse
HN_6 Mon Day HeadNurse
HN_6 Sat Early Nurse
HN_6 Sun Early HeadNurse
HN_7 Mon Night Nurse
HN_8 Fri Day HeadNurse
HN_8 Sat Day Nurse
HN_8 Sun Day HeadNurse
HN_9 Mon Early HeadNurse
HN_9 Tue Early Nurse
HN_9 Wed Early Nurse
HN_9 Thu Day Nurse
HN_9 Fri Day HeadNurse
HN_10 Sat Early Nurse
HN_10 Sun Early Nurse
HN_11 Mon Late Nurse
HN_11 Tue Late Nurse
HN_11 Wed Late HeadNurse
HN_13 Wed Late Nurse
HN_13 Thu Late HeadNurse
HN_13 Fri Late HeadNurse
HN_14 Mon Day Nurse
HN_14 Tue Day HeadNurse
HN_14 Wed Day HeadNurse
HN_14 Sat Night HeadNurse
HN_14 Sun Night HeadNurse
HN_15 Mon Early Nurse
HN_15 Tue Early Nurse
HN_15 Wed Late Nurse
HN_15 Thu Late Nurse
HN_15 Fri Late Nurse
NU_16 Mon Night Nurse
NU_16 Tue Night Nurse
NU_16 Wed Night Nurse
NU_17 Tue Early Caretaker
NU_17 Wed Early Nurse
NU_17 Thu Day Nurse
NU_17 Fri Day Nurse
NU_18 Mon Early Nurse
NU_18 Thu Night Nurse
NU_18 Fri Night Nurse
NU_18 Sat Night Nurse
NU_18 Sun Night Nurse
NU_19 Thu Late Nurse
NU_19 Fri Late Nurse
NU_20 Mon Late Nurse
NU_20 Tue Late Nurse
NU_20 Wed Late Nurse
NU_20 Thu Late Nurse
NU_20 Fri Late Caretaker
NU_21 Tue Early Caretaker
NU_21 Wed Early Caretaker
NU_21 Thu Early Nurse
NU_21 Fri Early Nurse
NU_23 Sat Day Nurse
NU_23 Sun Day Nurse
NU_24 Sat Early Caretaker
NU_24 Sun Early Caretaker
NU_25 Mon Early Caretaker
NU_25 Tue Early Caretaker
NU_25 Wed Late Caretaker
NU_25 Thu Late Caretaker
NU_26 Wed Day Nurse
NU_26 Thu Day Nurse
NU_26 Fri Day Nurse
NU_26 Sat Early Caretaker
NU_26 Sun Early Caretaker
NU_28 Wed Early Caretaker
NU_28 Thu Early Nurse
NU_28 Fri Early Nurse
NU_29 Tue Day Nurse
NU_29 Wed Day Nurse
NU_30 Mon Day Nurse
NU_30 Tue Day Nurse
NU_30 Fri Day Caretaker
NU_30 Sat Day Caretaker
NU_30 Sun Day Caretaker
NU_31 Mon Late Nurse
NU_31 Thu Night Nurse
NU_31 Fri Night Caretaker
NU_31 Sat Night Nurse
NU_31 Sun Night Nurse
NU_32 Mon Late Caretaker
NU_32 Fri Early Nurse
NU_32 Sat Early Caretaker
NU_32 Sun Late Nurse
NU_33 Tue Night Nurse
NU_33 Wed Night Caretaker
NU_33 Thu Night Caretaker
NU_33 Fri Night Caretaker
NU_34 Tue Night Caretaker
NU_34 Wed Night Caretaker
NU_34 Thu Night Caretaker
NU_34 Fri Night Caretaker
CT_35 Mon Night Caretaker
CT_35 Tue Night Caretaker
CT_35 Wed Night Caretaker
CT_35 Thu Night Caretaker
CT_35 Fri Night Caretaker
CT_36 Wed Early Caretaker
CT_36 Thu Early Caretaker
CT_36 Fri Early Caretaker
CT_37 Mon Day Caretaker
CT_37 Tue Day Caretaker
CT_37 Wed Day Caretaker
CT_37 Thu Early Caretaker
CT_37 Fri Early Caretaker
CT_38 Mon Day Caretaker
CT_38 Tue Day Caretaker
CT_38 Wed Day Caretaker
CT_38 Sat Night Caretaker
CT_38 Sun Night Caretaker
CT_39 Tue Night Caretaker
CT_39 Wed Night Caretaker
CT_39 Thu Night Caretaker
CT_39 Fri Night Caretaker
CT_40 Mon Late Caretaker
CT_40 Tue Late Caretaker
CT_40 Wed Late Caretaker
CT_40 Thu Late Caretaker
CT_40 Fri Late Caretaker
CT_41 Mon Day Caretaker
CT_41 Tue Day Caretaker
CT_42 Mon Day Caretaker
CT_42 Tue Day Caretaker
CT_42 Wed Day Caretaker
CT_42 Thu Early Caretaker
CT_42 Fri Early Caretaker
CT_43 Tue Night Caretaker
CT_43 Wed Night Caretaker
CT_43 Thu Night Caretaker
CT_43 Fri Night Caretaker
CT_44 Mon Day Caretaker
CT_44 Tue Day Caretaker
CT_44 Wed Day Caretaker
CT_44 Thu Day Caretaker
CT_44 Fri Day Caretaker
CT_45 Wed Early Caretaker
CT_45 Thu Early Caretaker
CT_46 Mon Late Caretaker
CT_46 Tue Late Caretaker
CT_46 Wed Late Caretaker
CT_46 Sat Day Caretaker
CT_46 Sun Day Caretaker
CT_47 Thu Night Caretaker
CT_47 Fri Night Caretaker
CT_47 Sat Night Caretaker
CT_47 Sun Night Caretaker
CT_48 Fri Early Caretaker
CT_48 Sat Early Caretaker
CT_48 Sun Late Caretaker
CT_49 Thu Day Caretaker
CT_49 Fri Day Caretaker
CT_50 Mon Early Caretaker
CT_50 Tue Early Caretaker
CT_50 Wed Day Caretaker
CT_50 Thu Day Caretaker
CT_50 Fri Day Caretaker
CT_51 Mon Early Caretaker
CT_51 Tue Early Caretaker
CT_51 Wed Early Caretaker
CT_51 Thu Early Caretaker
CT_52 Wed Day Caretaker
CT_52 Thu Day Caretaker
CT_52 Fri Day Caretaker
CT_53 Thu Late Caretaker
CT_53 Fri Late Caretaker
CT_54 Fri Night Caretaker
CT_54 Sat Night Caretaker
CT_54 Sun Night Caretaker
CT_55 Sat Late Caretaker
CT_55 Sun Late Caretaker
CT_56 Mon Early Caretaker
CT_56 Tue Early Caretaker
CT_57 Mon Day Caretaker
CT_57 Tue Late Caretaker
CT_57 Wed Late Caretaker
CT_58 Mon Early Caretaker
CT_58 Tue Early Caretaker
CT_58 Wed Late Caretaker
CT_58 Thu Late Caretaker
CT_59 Mon Late Caretaker
CT_59 Tue Late Caretaker
CT_60 Mon Day Caretaker
CT_60 Tue Day Caretaker
CT_60 Fri Day Caretaker
CT_60 Sat Day Caretaker
CT_60 Sun Late Caretaker
CT_61 Mon Late Caretaker
CT_61 Sat Early Caretaker
CT_61 Sun Early Caretaker
CT_62 Mon Early Caretaker
CT_62 Tue Early Caretaker
CT_62 Wed Early Caretaker
CT_62 Sat Late Caretaker
CT_62 Sun Late Caretaker
CT_63 Wed Early Caretaker
CT_63 Thu Early Caretaker
CT_63 Fri Early Caretaker
CT_64 Mon Night Caretaker
CT_64 Tue Night Caretaker
CT_64 Wed Night Caretaker
CT_65 Mon Late Caretaker
CT_65 Tue Late Caretaker
CT_65 Wed Late Caretaker
CT_66 Mon Night Caretaker
CT_66 Fri Late Caretaker
CT_66 Sat Late Caretaker
CT_66 Sun Late Caretaker
CT_67 Sat Late Caretaker
CT_67 Sun Late Caretaker
CT_68 Tue Day Caretaker
CT_68 Wed Day Caretaker
CT_69 Wed Day Caretaker
CT_69 Thu Day Caretaker
CT_69 Fri Day Caretaker
CT_70 Mon Early Caretaker
CT_71 Thu Late Caretaker
CT_71 Fri Late Caretaker
CT_72 Tue Late Caretaker
CT_72 Wed Late Caretaker
CT_72 Thu Late Caretaker
CT_72 Fri Late Caretaker
CT_73 Mon Night Caretaker
CT_73 Sat Day Caretaker
CT_73 Sun Day Caretaker
CT_74 Wed Late Caretaker
CT_74 Thu Late Caretaker
CT_74 Fri Late Caretaker
TR_75 Mon Night Trainee
TR_75 Tue Night Trainee
TR_75 Wed Night Trainee
TR_76 Mon Day Trainee
TR_76 Tue Day Trainee
TR_76 Wed Late Trainee
TR_76 Thu Late Trainee
TR_77 Wed Early Trainee
TR_77 Thu Early Trainee
TR_77 Fri Early Trainee
TR_79 Wed Day Trainee
TR_79 Thu Day Trainee
TR_80 Thu Early Trainee
TR_80 Fri Early Trainee
TR_81 Mon Late Trainee
TR_81 Tue Late Trainee
TR_81 Wed Late Trainee
TR_82 Mon Night Trainee
TR_82 Sat Night Trainee
TR_82 Sun Night Trainee
TR_83 Mon Day Trainee
TR_83 Tue Day Trainee
TR_83 Wed Day Trainee
TR_83 Thu Early Trainee
TR_83 Fri Early Trainee
TR_84 Mon Early Trainee
TR_84 Tue Early Trainee
TR_84 Wed Early Trainee
TR_85 Sat Day Trainee
TR_85 Sun Day Trainee
TR_86 Mon Late Trainee
TR_86 Tue Late Trainee
TR_87 Thu Late Trainee
TR_87 Fri Late Trainee
TR_88 Mon Night Trainee
TR_88 Tue Night Trainee
TR_88 Wed Night Trainee
TR_88 Thu Night Trainee
TR_88 Fri Night Trainee
TR_89 Fri Late Trainee
TR_89 Sat Late Trainee
TR_89 Sun Late Trainee
TR_90 Tue Early Trainee
TR_90 Wed Early Trainee
TR_90 Thu Day Trainee
TR_90 Fri Day Trainee
TR_91 Tue Night Trainee
TR_91 Wed Night Trainee
TR_91 Thu Night Trainee
TR_91 Fri Night Trainee
TR_92 Mon Late Trainee
TR_92 Sat Night Trainee
TR_92 Sun Night Trainee
TR_93 Tue Night Trainee
TR_93 Wed Night Trainee
TR_93 Thu Night Trainee
TR_93 Fri Night Trainee
TR_94 Tue Early Trainee
TR_94 Wed Early Trainee
TR_95 Sat Late Trainee
TR_95 Sun Late Trainee
TR_96 Mon Night Trainee
TR_96 Tue Night Trainee
TR_96 Fri Early Trainee
TR_96 Sat Early Trainee
TR_96 Sun Early Trainee
TR_97 Mon Early Trainee
TR_98 Tue Late Trainee
TR_98 Wed Late Trainee
TR_99 Tue Day Trainee
TR_99 Wed Day Trainee
TR_99 Thu Day Trainee
TR_99 Fri Day Trainee
