SOLUTION
1 n100w8

ASSIGNMENTS = 311
HN_0 Sat Early HeadNurse
HN_0 Sun Early HeadNurse
HN_1 Sat Night HeadNurse
HN_1 Sun Night HeadNurse
HN_2 Mon Night Nurse
HN_2 Tue Night HeadNurse
HN_2 Wed Night HeadNurse
HN_3 Mon Late HeadNurse
HN_4 Mon Day HeadNurse
HN_4 Fri Day HeadNurse
HN_4 Sat Day HeadNurse
HN_4 Sun Day HeadNurse
HN_5 Wed Late Nurse
HN_5 Thu Late HeadNurse
HN_5 Fri Late Nurse
HN_6 Mon Early HeadNurse
HN_6 Tue Early HeadNurse
HN_6 Wed Early Nurse
HN_6 Thu Early HeadNurse
HN_7 Mon Late HeadNurse
HN_7 Tue Late Nurse
HN_8 Wed Day HeadNurse
HN_8 Thu Day Nurse
HN_8 Fri Day HeadNurse
HN_9 Wed Night Nurse
HN_9 Thu Night HeadNurse
HN_9 Fri Night Nurse
HN_9 Sat Night Nurse
HN_9 Sun Night HeadNurse
HN_10 Mon Day HeadNurse
HN_10 Tue Day HeadNurse
HN_11 Tue Early Nurse
HN_11 Wed Early Nurse
HN_11 Thu Early Nurse
HN_12 Mon Early Nurse
HN_12 Tue Early Nurse
HN_13 Fri Late Nurse
HN_13 Sat Late HeadNurse
HN_13 Sun Late HeadNurse
HN_14 Wed Late Nurse
HN_14 Thu Late Nurse
HN_14 Fri Late Nurse
HN_15 Mon Late Nurse
HN_15 Fri Early HeadNurse
HN_15 Sat Early Nurse
HN_15 Sun Early Nurse
NU_16 Mon Night Nurse
NU_16 Tue Night Nurse
NU_16 Wed Night Nurse
NU_17 Fri Night Nurse
NU_17 Sat Night Caretaker
NU_17 Sun Night Nurse
NU_18 Mon Late Nurse
NU_18 Tue Late Nurse
NU_18 Wed Late Nurse
NU_18 Thu Late Nurse
NU_18 Fri Late Caretaker
NU_19 Mon Late Caretaker
NU_19 Tue Late Caretaker
NU_20 Mon Night Caretaker
NU_20 Tue Night Nurse
NU_20 Wed Night Nurse
NU_20 Sat Late Nurse
NU_20 Sun Late Nurse
NU_21 Mon Night Caretaker
NU_21 Thu Day Nurse
NU_21 Fri Day Nurse
NU_21 Sat Early Nurse
NU_21 Sun Early Nurse
NU_22 Mon Late Caretaker
NU_22 Tue Late Caretaker
NU_23 Mon Day Nurse
NU_23 Tue Day Nurse
NU_24 Mon Day Nurse
NU_24 Tue Day Nurse
NU_25 Wed Night Caretaker
NU_25 Thu Night Nurse
NU_25 Fri Night Nurse
NU_25 Sat Night Caretaker
NU_25 Sun Night Nurse
NU_26 Mon Day Nurse
NU_26 Tue Day Caretaker
NU_26 Wed Day Nurse
NU_26 Thu Day Nurse
NU_27 Sat Late Caretaker
NU_27 Sun Late Nurse
NU_28 Sat Day Nurse
NU_28 Sun Day Nurse
NU_29 Thu Early Nurse
NU_29 Fri Early Nurse
NU_30 Mon Late Caretaker
NU_30 Tue Late Caretaker
NU_30 Wed Late Caretaker
NU_30 Thu Late Caretaker
NU_30 Fri Late Caretaker
NU_31 Mon Early Nurse
NU_31 Tue Early Caretaker
NU_31 Wed Early Nurse
NU_31 Thu Early Nurse
NU_32 Mon Night Caretaker
NU_32 Tue Night Nurse
NU_32 Wed Night Caretaker
NU_32 Thu Night Nurse
NU_33 Fri Day Nurse
NU_33 Sat Day Caretaker
NU_33 Sun Early Caretaker
NU_34 Mon Early Nurse
CT_35 Mon Night Caretaker
CT_35 Thu Day Caretaker
CT_35 Fri Day Caretaker
CT_35 Sat Early Caretaker
CT_35 Sun Early Caretaker
CT_36 Wed Day Caretaker
CT_36 Thu Day Caretaker
CT_36 Fri Day Caretaker
CT_37 Mon Night Caretaker
CT_37 Tue Night Caretaker
CT_37 Fri Night Caretaker
CT_37 Sat Night Caretaker
CT_37 Sun Night Caretaker
CT_38 Wed Early Caretaker
CT_38 Thu Early Caretaker
CT_38 Fri Early Caretaker
CT_39 Mon Day Caretaker
CT_39 Sat Early Caretaker
CT_39 Sun Early Caretaker
CT_40 Tue Night Caretaker
CT_40 Wed Night Caretaker
CT_40 Thu Night Caretaker
CT_40 Fri Night Caretaker
CT_41 Wed Day Caretaker
CT_41 Thu Day Caretaker
CT_42 Mon Early Caretaker
CT_42 Thu Night Caretaker
CT_42 Fri Night Caretaker
CT_42 Sat Night Caretaker
CT_42 Sun Night Caretaker
CT_43 Mon Day Caretaker
CT_43 Sat Day Caretaker
CT_43 Sun Day Caretaker
CT_44 Wed Early Caretaker
CT_44 Thu Early Caretaker
CT_44 Fri Early Caretaker
CT_45 Mon Early Caretaker
CT_45 Tue Early Caretaker
CT_46 Mon Late Caretaker
CT_46 Tue Late Caretaker
CT_46 Wed Late Caretaker
CT_46 Thu Late Caretaker
CT_46 Fri Late Caretaker
CT_47 Wed Early Caretaker
CT_47 Thu Early Caretaker
CT_47 Fri Early Caretaker
CT_48 Mon Night Caretaker
CT_48 Tue Night Caretaker
CT_48 Wed Night Caretaker
CT_48 Thu Night Caretaker
CT_49 Mon Day Caretaker
CT_49 Tue Day Caretaker
CT_50 Mon Early Caretaker
CT_50 Thu Early Caretaker
CT_50 Fri Early Caretaker
CT_50 Sat Late Caretaker
CT_50 Sun Late Caretaker
CT_51 Wed Early Caretaker
CT_51 Thu Early Caretaker
CT_51 Fri Day Caretaker
CT_51 Sat Day Caretaker
CT_51 Sun Day Caretaker
CT_52 Mon Late Caretaker
CT_52 Tue Late Caretaker
CT_52 Wed Late Caretaker
CT_52 Sat Late Caretaker
CT_52 Sun Late Caretaker
CT_53 Mon Day Caretaker
CT_53 Tue Day Caretaker
CT_54 Sat Day Caretaker
CT_54 Sun Day Caretaker
CT_55 Mon Day Caretaker
CT_55 Tue Day Caretaker
CT_57 Tue Night Caretaker
CT_57 Wed Night Caretaker
CT_57 Thu Night Caretaker
CT_57 Fri Night Caretaker
CT_58 Wed Day Caretaker
CT_58 Thu Day Caretaker
CT_58 Fri Late Caretaker
CT_58 Sat Late Caretaker
CT_58 Sun Late Caretaker
CT_59 Thu Day Caretaker
CT_59 Fri Day Caretaker
CT_60 Mon Late Caretaker
CT_60 Tue Late Caretaker
CT_60 Wed Late Caretaker
CT_60 Thu Late Caretaker
CT_60 Fri Late Caretaker
CT_61 Tue Day Caretaker
CT_61 Wed Day Caretaker
CT_61 Thu Day Caretaker
CT_61 Fri Day Caretaker
CT_62 Mon Early Caretaker
CT_62 Tue Early Caretaker
CT_62 Wed Day Caretaker
CT_62 Thu Day Caretaker
CT_62 Fri Day Caretaker
CT_63 Wed Late Caretaker
CT_63 Thu Late Caretaker
CT_63 Fri Late Caretaker
CT_64 Tue Early Caretaker
CT_64 Wed Early Caretaker
CT_64 Thu Late Caretaker
CT_64 Fri Late Caretaker
CT_65 Mon Day Caretaker
CT_65 Tue Day Caretaker
CT_65 Wed Day Caretaker
CT_66 Tue Night Caretaker
CT_66 Wed Night Caretaker
CT_66 Thu Night Caretaker
CT_66 Fri Night Caretaker
CT_67 Thu Early Caretaker
CT_67 Fri Early Caretaker
CT_69 Mon Late Caretaker
CT_70 Mon Early Caretaker
CT_70 Tue Early Caretaker
CT_70 Wed Early Caretaker
CT_71 Mon Early Caretaker
CT_71 Tue Early Caretaker
CT_72 Fri Early Caretaker
CT_72 Sat Early Caretaker
CT_72 Sun Day Caretaker
CT_73 Tue Night Caretaker
CT_73 Wed Night Caretaker
CT_73 Thu Night Caretaker
CT_73 Fri Night Caretaker
CT_74 Mon Day Caretaker
CT_74 Tue Day Caretaker
CT_74 Wed Day Caretaker
CT_74 Sat Early Caretaker
CT_74 Sun Early Caretaker
TR_75 Tue Night Trainee
TR_75 Wed Night Trainee
TR_75 Thu Night Trainee
TR_75 Fri Night Trainee
TR_76 Wed Early Trainee
TR_76 Thu Early Trainee
TR_76 Fri Early Trainee
TR_76 Sat Early Trainee
TR_76 Sun Early Trainee
TR_77 Wed Late Trainee
TR_77 Thu Late Trainee
TR_77 Fri Late Trainee
TR_78 Mon Late Trainee
TR_78 Tue Late Trainee
TR_79 Sat Late Trainee
TR_79 Sun Late Trainee
TR_80 Thu Early Trainee
TR_80 Fri Early Trainee
TR_81 Wed Late Trainee
TR_81 Thu Late Trainee
TR_81 Fri Late Trainee
TR_82 Mon Day Trainee
TR_82 Tue Day Trainee
TR_82 Wed Day Trainee
TR_82 Thu Day Trainee
TR_83 Mon Day Trainee
TR_83 Tue Day Trainee
TR_83 Wed Day Trainee
TR_83 Thu Day Trainee
TR_83 Fri Day Trainee
TR_84 Mon Day Trainee
TR_85 Fri Early Trainee
TR_85 Sat Early Trainee
TR_85 Sun Early Trainee
TR_86 Thu Early Trainee
TR_86 Fri Early Trainee
TR_88 Mon Early Trainee
TR_88 Thu Night Trainee
TR_88 Fri Night Trainee
TR_88 Sat Night Trainee
TR_88 Sun Night Trainee
TR_89 Fri Day Trainee
TR_89 Sat Day Trainee
TR_89 Sun Day Trainee
TR_90 Fri Night Trainee
TR_90 Sat Night Trainee
TR_90 Sun Night Trainee
TR_91 Mon Night Trainee
TR_91 Tue Night Trainee
TR_91 Wed Night Trainee
TR_92 Tue Early Trainee
TR_92 Wed Early Trainee
TR_92 Thu Late Trainee
TR_92 Fri Late Trainee
TR_93 Mon Night Trainee
TR_93 Sat Late Trainee
TR_93 Sun Late Trainee
TR_94 Mon Late Trainee
TR_94 Tue Late Trainee
TR_95 Tue Day Trainee
TR_95 Wed Day Trainee
TR_96 Mon Night Trainee
TR_96 Tue Night Trainee
TR_96 Wed Night Trainee
TR_96 Thu Night Trainee
TR_96 Fri Night Trainee
TR_97 Mon Late Trainee
TR_98 Sat Late Trainee
TR_98 Sun Late Trainee
TR_99 Mon Early Trainee
TR_99 Tue Early Trainee
TR_99 Wed Early Trainee
