SOLUTION
1 n110w4

ASSIGNMENTS = 369
HN_0 Tue Day HeadNurse
HN_0 Wed Day Nurse
HN_0 Thu Day HeadNurse
HN_0 Fri Day Nurse
HN_1 Mon Night HeadNurse
HN_1 Tue Night HeadNurse
HN_1 Wed Night HeadNurse
HN_1 Thu Night HeadNurse
HN_2 Tue Late Nurse
HN_2 Wed Late HeadNurse
HN_3 Wed Early HeadNurse
HN_3 Thu Early HeadNurse
HN_3 Fri Late HeadNurse
HN_3 Sat Late HeadNurse
HN_3 Sun Late HeadNurse
HN_4 Mon Day HeadNurse
HN_5 Sat Early HeadNurse
HN_5 Sun Early Nurse
HN_6 Mon Late HeadNurse
HN_6 Tue Late Nurse
HN_6 Sat Early HeadNurse
HN_6 Sun Early Nurse
HN_7 Tue Day HeadNurse
HN_7 Wed Day Nurse
HN_7 Thu Late HeadNurse
HN_7 Fri Late HeadNurse
HN_8 Wed Night Nurse
HN_8 Thu Night HeadNurse
HN_8 Fri Night HeadNurse
HN_8 Sat Night HeadNurse
HN_8 Sun Night HeadNurse
HN_9 Tue Night Nurse
HN_9 Wed Night Nurse
HN_9 Thu Night Nurse
HN_9 Fri Night HeadNurse
HN_10 Fri Early HeadNurse
HN_10 Sat Early Nurse
HN_10 Sun Night HeadNurse
HN_11 Mon Day HeadNurse
HN_11 Tue Day Nurse
HN_12 Mon Late Nurse
HN_12 Tue Late Nurse
HN_13 Mon Night Nurse
HN_13 Sat Day HeadNurse
HN_13 Sun Day Nurse
HN_14 Sat Day Nurse
HN_14 Sun Day Nurse
HN_15 Mon Night Nurse
HN_15 Tue Night Nurse
HN_15 Wed Night Nurse
HN_16 Mon Early HeadNurse
HN_16 Tue Early HeadNurse
HN_16 Wed Early Nurse
HN_16 Thu Day Nurse
HN_16 Fri Day Nurse
HN_17 Mon Late Nurse
HN_17 Tue Late Nurse
HN_17 Wed Late Nurse
HN_18 Mon Early Nurse
HN_18 Tue Early HeadNurse
HN_18 Wed Late Nurse
HN_18 Thu Late Nurse
HN_18 Fri Late Nurse
HN_19 Mon Early Nurse
HN_19 Tue Early Nurse
HN_19 Wed Early Nurse
HN_19 Thu Early Nurse
NU_20 Mon Late Caretaker
NU_20 Tue Late Caretaker
NU_21 Mon Early Nurse
NU_21 Thu Early Nurse
NU_21 Fri Early Nurse
NU_21 Sat Early Caretaker
NU_21 Sun Day Caretaker
NU_22 Mon Early Caretaker
NU_22 Tue Early Nurse
NU_22 Wed Late Caretaker
NU_22 Thu Late Nurse
NU_22 Fri Late Nurse
NU_23 Mon Day Nurse
NU_23 Tue Day Nurse
NU_23 Wed Late Caretaker
NU_23 Thu Late Nurse
NU_23 Fri Late Nurse
NU_24 Mon Day Nurse
NU_24 Tue Day Nurse
NU_24 Wed Day Nurse
NU_24 Thu Day Nurse
NU_25 Mon Day Nurse
NU_25 Tue Day Nurse
NU_25 Wed Day Caretaker
NU_26 Mon Late Caretaker
NU_26 Tue Late Caretaker
NU_27 Wed Day Caretaker
NU_27 Thu Day Nurse
NU_29 Mon Night Nurse
NU_29 Tue Night Nurse
NU_29 Wed Night Caretaker
NU_29 Thu Night Nurse
NU_30 Thu Night Nurse
NU_30 Fri Night Nurse
NU_30 Sat Night Nurse
NU_30 Sun Night Nurse
NU_31 Mon Night Caretaker
NU_31 Tue Night Caretaker
NU_32 Mon Late Caretaker
NU_32 Thu Night Caretaker
NU_32 Fri Night Nurse
NU_32 Sat Night Caretaker
NU_32 Sun Night Caretaker
NU_33 Wed Late Caretaker
NU_33 Thu Late Caretaker
NU_33 Fri Late Nurse
NU_34 Mon Day Caretaker
NU_35 Fri Day Nurse
NU_35 Sat Day Caretaker
NU_35 Sun Day Caretaker
NU_36 Thu Early Nurse
NU_36 Fri Early Nurse
NU_36 Sat Late Nurse
NU_36 Sun Late Nurse
NU_37 Mon Early Caretaker
NU_37 Tue Early Nurse
NU_37 Wed Early Nurse
NU_38 Wed Early Caretaker
NU_38 Thu Early Caretaker
NU_38 Fri Early Caretaker
NU_39 Mon Night Caretaker
NU_39 Tue Night Caretaker
NU_39 Wed Night Caretaker
NU_39 Thu Night Caretaker
NU_39 Fri Night Caretaker
CT_40 Mon Late Caretaker
CT_40 Tue Late Caretaker
CT_40 Wed Late Caretaker
CT_41 Tue Early Caretaker
CT_41 Wed Early Caretaker
CT_42 Mon Day Caretaker
CT_42 Tue Day Caretaker
CT_42 Fri Early Caretaker
CT_42 Sat Early Caretaker
CT_42 Sun Early Caretaker
CT_43 Mon Late Caretaker
CT_43 Tue Late Caretaker
CT_43 Sun Early Caretaker
CT_44 Fri Late Caretaker
CT_44 Sat Late Caretaker
CT_44 Sun Late Caretaker
CT_45 Mon Day Caretaker
CT_45 Tue Day Caretaker
CT_45 Wed Late Caretaker
CT_45 Thu Late Caretaker
CT_46 Tue Early Caretaker
CT_46 Wed Early Caretaker
CT_46 Thu Early Caretaker
CT_46 Fri Early Caretaker
CT_47 Mon Night Caretaker
CT_47 Thu Day Caretaker
CT_47 Fri Day Caretaker
CT_47 Sat Day Caretaker
CT_47 Sun Day Caretaker
CT_48 Fri Early Caretaker
CT_48 Sat Early Caretaker
CT_48 Sun Early Caretaker
CT_49 Mon Day Caretaker
CT_49 Tue Day Caretaker
CT_49 Wed Day Caretaker
CT_49 Thu Day Caretaker
CT_49 Fri Day Caretaker
CT_50 Mon Night Caretaker
CT_50 Tue Night Caretaker
CT_50 Wed Night Caretaker
CT_50 Thu Night Caretaker
CT_51 Tue Early Caretaker
CT_51 Wed Early Caretaker
CT_51 Thu Day Caretaker
CT_51 Fri Day Caretaker
CT_52 Tue Late Caretaker
CT_52 Wed Late Caretaker
CT_52 Thu Night Caretaker
CT_52 Fri Night Caretaker
CT_52 Sat Night Caretaker
CT_52 Sun Night Caretaker
CT_54 Wed Late Caretaker
CT_54 Thu Late Caretaker
CT_54 Fri Late Caretaker
CT_55 Thu Late Caretaker
CT_55 Fri Late Caretaker
CT_56 Mon Day Caretaker
CT_56 Tue Day Caretaker
CT_57 Fri Late Caretaker
CT_57 Sat Late Caretaker
CT_57 Sun Late Caretaker
CT_58 Mon Late Caretaker
CT_58 Tue Late Caretaker
CT_59 Wed Night Caretaker
CT_59 Thu Night Caretaker
CT_59 Fri Night Caretaker
CT_59 Sat Night Caretaker
CT_59 Sun Night Caretaker
CT_60 Mon Day Caretaker
CT_60 Tue Day Caretaker
CT_60 Wed Day Caretaker
CT_61 Tue Late Caretaker
CT_61 Wed Late Caretaker
CT_62 Mon Early Caretaker
CT_62 Tue Early Caretaker
CT_62 Wed Late Caretaker
CT_62 Thu Late Caretaker
CT_62 Fri Late Caretaker
CT_63 Tue Night Caretaker
CT_63 Wed Night Caretaker
CT_63 Thu Night Caretaker
CT_63 Fri Night Caretaker
CT_64 Thu Day Caretaker
CT_64 Fri Day Caretaker
CT_64 Sat Day Caretaker
CT_64 Sun Day Caretaker
CT_65 Mon Early Caretaker
CT_65 Tue Early Caretaker
CT_65 Wed Early Caretaker
CT_65 Thu Early Caretaker
CT_65 Fri Early Caretaker
CT_66 Mon Night Caretaker
CT_66 Tue Night Caretaker
CT_66 Wed Night Caretaker
CT_67 Tue Early Caretaker
CT_67 Wed Early Caretaker
CT_68 Sat Late Caretaker
CT_68 Sun Late Caretaker
CT_69 Fri Night Caretaker
CT_69 Sat Night Caretaker
CT_69 Sun Night Caretaker
CT_70 Mon Night Caretaker
CT_70 Tue Night Caretaker
CT_70 Wed Night Caretaker
CT_70 Thu Night Caretaker
CT_71 Mon Early Caretaker
CT_71 Thu Early Caretaker
CT_71 Fri Early Caretaker
CT_72 Tue Day Caretaker
CT_72 Wed Day Caretaker
CT_73 Mon Early Caretaker
CT_74 Thu Late Caretaker
CT_74 Fri Late Caretaker
CT_75 Tue Night Caretaker
CT_75 Wed Night Caretaker
CT_75 Thu Night Caretaker
CT_75 Fri Night Caretaker
CT_76 Wed Day Caretaker
CT_76 Thu Day Caretaker
CT_76 Fri Day Caretaker
CT_77 Mon Day Caretaker
CT_77 Tue Day Caretaker
CT_77 Wed Day Caretaker
CT_77 Thu Day Caretaker
CT_77 Fri Day Caretaker
CT_78 Wed Early Caretaker
CT_78 Thu Early Caretaker
CT_78 Fri Early Caretaker
CT_79 Mon Day Caretaker
CT_79 Tue Day Caretaker
TR_80 Fri Late Trainee
TR_80 Sat Late Trainee
TR_80 Sun Night Trainee
TR_81 Wed Day Trainee
TR_81 Thu Day Trainee
TR_81 Fri Day Trainee
TR_82 Mon Night Trainee
TR_82 Tue Night Trainee
TR_83 Mon Night Trainee
TR_83 Tue Night Trainee
TR_83 Wed Night Trainee
TR_84 Tue Day Trainee
TR_84 Wed Day Trainee
TR_84 Thu Early Trainee
TR_84 Fri Early Trainee
TR_85 Mon Late Trainee
TR_85 Tue Late Trainee
TR_86 Fri Late Trainee
TR_86 Sat Late Trainee
TR_86 Sun Late Trainee
TR_87 Fri Early Trainee
TR_87 Sat Early Trainee
TR_87 Sun Day Trainee
TR_88 Mon Day Trainee
TR_88 Tue Day Trainee
TR_88 Wed Day Trainee
TR_88 Thu Day Trainee
TR_89 Mon Night Trainee
TR_89 Tue Night Trainee
TR_89 Wed Night Trainee
TR_89 Thu Night Trainee
TR_89 Fri Night Trainee
TR_90 Mon Day Trainee
TR_90 Tue Day Trainee
TR_90 Wed Late Trainee
TR_90 Thu Late Trainee
TR_90 Fri Late Trainee
TR_91 Mon Night Trainee
TR_91 Tue Night Trainee
TR_91 Wed Night Trainee
TR_91 Thu Night Trainee
TR_91 Fri Night Trainee
TR_92 Mon Early Trainee
TR_93 Fri Day Trainee
TR_93 Sat Day Trainee
TR_93 Sun Day Trainee
TR_94 Tue Early Trainee
TR_94 Wed Early Trainee
TR_94 Thu Early Trainee
TR_94 Fri Early Trainee
TR_95 Thu Early Trainee
TR_95 Fri Early Trainee
TR_96 Mon Late Trainee
TR_96 Tue Late Trainee
TR_96 Wed Late Trainee
TR_96 Thu Late Trainee
TR_97 Mon Day Trainee
TR_97 Tue Day Trainee
TR_97 Fri Early Trainee
TR_97 Sat Early Trainee
TR_97 Sun Early Trainee
TR_98 Wed Late Trainee
TR_98 Thu Late Trainee
TR_98 Fri Night Trainee
TR_98 Sat Night Trainee
TR_98 Sun Night Trainee
TR_99 Tue Night Trainee
TR_99 Wed Night Trainee
TR_99 Thu Night Trainee
TR_99 Fri Night Trainee
TR_100 Mon Early Trainee
TR_100 Tue Early Trainee
TR_100 Wed Day Trainee
TR_100 Thu Day Trainee
TR_100 Fri Day Trainee
TR_101 Mon Night Trainee
TR_101 Tue Night Trainee
TR_101 Wed Night Trainee
TR_101 Thu Night Trainee
TR_101 Fri Night Trainee
TR_102 Mon Late Trainee
TR_102 Tue Late Trainee
TR_103 Fri Day Trainee
TR_103 Sat Day Trainee
TR_103 Sun Early Trainee
TR_104 Mon Late Trainee
TR_104 Tue Late Trainee
TR_104 Fri Late Trainee
TR_104 Sat Late Trainee
TR_104 Sun Late Trainee
TR_105 Mon Day Trainee
TR_105 Tue Day Trainee
TR_105 Wed Early Trainee
TR_105 Thu Early Trainee
TR_106 Wed Day Trainee
TR_106 Thu Day Trainee
TR_106 Fri Day Trainee
TR_107 Mon Early Trainee
TR_107 Tue Early Trainee
TR_107 Wed Early Trainee
TR_107 Thu Late Trainee
TR_107 Fri Late Trainee
TR_108 Thu Early Trainee
TR_108 Fri Early Trainee
TR_109 Mon Early Trainee
TR_109 Tue Early Trainee
TR_109 Wed Early Trainee
