SOLUTION
0 n110w4

ASSIGNMENTS = 374
HN_0 Tue Early HeadNurse
HN_0 Wed Early HeadNurse
HN_0 Thu Late HeadNurse
HN_0 Fri Late HeadNurse
HN_1 Tue Late HeadNurse
HN_1 Wed Late HeadNurse
HN_2 Wed Early Nurse
HN_2 Thu Early HeadNurse
HN_3 Mon Night HeadNurse
HN_3 Thu Night HeadNurse
HN_3 Fri Night HeadNurse
HN_3 Sat Night HeadNurse
HN_3 Sun Night HeadNurse
HN_4 Fri Early HeadNurse
HN_4 Sat Early HeadNurse
HN_4 Sun Day HeadNurse
HN_5 Mon Day HeadNurse
HN_5 Tue Day HeadNurse
HN_5 Wed Day HeadNurse
HN_5 Thu Late HeadNurse
HN_5 Fri Late HeadNurse
HN_6 Mon Early HeadNurse
HN_6 Tue Early Nurse
HN_6 Sat Late HeadNurse
HN_6 Sun Late Nurse
HN_7 Mon Night HeadNurse
HN_7 Tue Night HeadNurse
HN_7 Wed Night HeadNurse
HN_7 Thu Night Nurse
HN_8 Mon Early Nurse
HN_8 Tue Early Nurse
HN_8 Wed Day Nurse
HN_8 Thu Day HeadNurse
HN_8 Fri Day HeadNurse
HN_9 Mon Early Nurse
HN_9 Tue Early Nurse
HN_9 Wed Early Nurse
HN_10 Wed Early Nurse
HN_10 Thu Early HeadNurse
HN_10 Fri Early Nurse
HN_10 Sat Early Nurse
HN_10 Sun Early HeadNurse
HN_11 Thu Day Nurse
HN_11 Fri Day HeadNurse
HN_12 Sat Day Nurse
HN_12 Sun Day HeadNurse
HN_13 Wed Day Nurse
HN_13 Thu Day Nurse
HN_13 Fri Night Nurse
HN_13 Sat Night HeadNurse
HN_13 Sun Night Nurse
HN_14 Tue Late HeadNurse
HN_14 Wed Late Nurse
HN_14 Thu Late Nurse
HN_14 Fri Late Nurse
HN_15 Mon Day Nurse
HN_15 Sat Night Nurse
HN_15 Sun Night Nurse
HN_16 Mon Night Nurse
HN_16 Tue Night HeadNurse
HN_16 Wed Night Nurse
HN_16 Thu Night Nurse
HN_16 Fri Night Nurse
HN_17 Mon Late HeadNurse
HN_17 Tue Late Nurse
HN_17 Wed Late Nurse
HN_18 Wed Day Nurse
HN_18 Thu Day Nurse
HN_18 Fri Day Nurse
HN_19 Mon Night Nurse
HN_19 Tue Night Nurse
HN_19 Wed Night Nurse
NU_20 Sat Day Caretaker
NU_20 Sun Day Nurse
NU_21 Mon Early Nurse
NU_21 Thu Early Nurse
NU_21 Fri Early Nurse
NU_21 Sat Early Nurse
NU_21 Sun Early Nurse
NU_22 Mon Night Nurse
NU_22 Tue Night Nurse
NU_22 Wed Night Caretaker
NU_22 Thu Night Nurse
NU_22 Fri Night Caretaker
NU_23 Mon Early Caretaker
NU_23 Tue Early Caretaker
NU_23 Wed Late Nurse
NU_23 Thu Late Nurse
NU_26 Mon Late Nurse
NU_26 Tue Late Nurse
NU_27 Wed Early Caretaker
NU_27 Thu Early Nurse
NU_28 Fri Late Nurse
NU_28 Sat Late Nurse
NU_28 Sun Late Nurse
NU_29 Fri Late Nurse
NU_29 Sat Late Caretaker
NU_29 Sun Night Nurse
NU_30 Mon Day Nurse
NU_30 Tue Day Nurse
NU_30 Wed Late Nurse
NU_30 Thu Late Caretaker
NU_31 Fri Night Caretaker
NU_31 Sat Night Caretaker
NU_31 Sun Night Caretaker
NU_32 Mon Night Nurse
NU_32 Tue Night Caretaker
NU_32 Wed Night Caretaker
NU_32 Sat Late Caretaker
NU_32 Sun Late Nurse
NU_33 Mon Early Caretaker
NU_33 Thu Day Caretaker
NU_33 Fri Day Nurse
NU_33 Sat Day Caretaker
NU_33 Sun Day Nurse
NU_34 Mon Day Nurse
NU_34 Tue Day Nurse
NU_34 Sun Day Caretaker
NU_35 Wed Early Caretaker
NU_35 Thu Early Nurse
NU_35 Fri Late Caretaker
NU_35 Sat Late Caretaker
NU_35 Sun Late Caretaker
NU_36 Mon Late Nurse
NU_36 Tue Late Nurse
NU_36 Wed Late Caretaker
NU_37 Mon Day Caretaker
NU_38 Mon Late Caretaker
NU_38 Tue Late Caretaker
NU_38 Fri Day Nurse
NU_38 Sat Day Caretaker
NU_38 Sun Day Caretaker
NU_39 Mon Day Caretaker
NU_39 Tue Day Nurse
NU_39 Wed Day Caretaker
CT_40 Thu Day Caretaker
CT_40 Fri Day Caretaker
CT_41 Thu Early Caretaker
CT_41 Fri Early Caretaker
CT_42 Mon Day Caretaker
CT_42 Tue Day Caretaker
CT_42 Fri Early Caretaker
CT_42 Sat Early Caretaker
CT_42 Sun Early Caretaker
CT_43 Mon Late Caretaker
CT_43 Tue Late Caretaker
CT_44 Tue Early Caretaker
CT_44 Wed Early Caretaker
CT_44 Thu Early Caretaker
CT_44 Fri Early Caretaker
CT_45 Mon Night Caretaker
CT_45 Tue Night Caretaker
CT_45 Wed Night Caretaker
CT_45 Thu Night Caretaker
CT_46 Wed Late Caretaker
CT_46 Thu Late Caretaker
CT_46 Fri Late Caretaker
CT_47 Mon Early Caretaker
CT_47 Thu Night Caretaker
CT_47 Fri Night Caretaker
CT_47 Sat Night Caretaker
CT_47 Sun Night Caretaker
CT_48 Wed Day Caretaker
CT_48 Thu Day Caretaker
CT_48 Fri Day Caretaker
CT_49 Mon Day Caretaker
CT_49 Tue Day Caretaker
CT_49 Wed Day Caretaker
CT_49 Thu Early Caretaker
CT_49 Fri Early Caretaker
CT_50 Mon Day Caretaker
CT_50 Tue Day Caretaker
CT_50 Wed Day Caretaker
CT_51 Mon Day Caretaker
CT_51 Tue Day Caretaker
CT_51 Wed Day Caretaker
CT_51 Thu Day Caretaker
CT_52 Tue Late Caretaker
CT_52 Wed Late Caretaker
CT_52 Thu Late Caretaker
CT_52 Fri Late Caretaker
CT_53 Fri Early Caretaker
CT_53 Sat Early Caretaker
CT_53 Sun Early Caretaker
CT_54 Mon Night Caretaker
CT_54 Tue Night Caretaker
CT_54 Fri Late Caretaker
CT_54 Sat Late Caretaker
CT_54 Sun Late Caretaker
CT_55 Thu Early Caretaker
CT_55 Fri Early Caretaker
CT_56 Sun Day Caretaker
CT_57 Wed Late Caretaker
CT_57 Thu Late Caretaker
CT_57 Fri Late Caretaker
CT_58 Mon Day Caretaker
CT_58 Tue Day Caretaker
CT_59 Tue Night Caretaker
CT_59 Wed Night Caretaker
CT_59 Thu Night Caretaker
CT_59 Fri Night Caretaker
CT_60 Mon Late Caretaker
CT_61 Mon Late Caretaker
CT_61 Tue Late Caretaker
CT_62 Mon Early Caretaker
CT_62 Tue Early Caretaker
CT_62 Wed Early Caretaker
CT_62 Thu Early Caretaker
CT_62 Fri Early Caretaker
CT_63 Mon Early Caretaker
CT_63 Tue Early Caretaker
CT_63 Wed Late Caretaker
CT_63 Thu Late Caretaker
CT_64 Mon Night Caretaker
CT_64 Tue Night Caretaker
CT_64 Wed Night Caretaker
CT_65 Mon Day Caretaker
CT_65 Tue Day Caretaker
CT_65 Wed Late Caretaker
CT_65 Thu Late Caretaker
CT_65 Fri Late Caretaker
CT_66 Mon Night Caretaker
CT_66 Fri Early Caretaker
CT_66 Sat Early Caretaker
CT_66 Sun Night Caretaker
CT_67 Mon Early Caretaker
CT_67 Tue Early Caretaker
CT_68 Wed Day Caretaker
CT_68 Thu Day Caretaker
CT_68 Fri Day Caretaker
CT_69 Wed Day Caretaker
CT_69 Thu Day Caretaker
CT_69 Fri Day Caretaker
CT_70 Mon Night Caretaker
CT_70 Tue Night Caretaker
CT_70 Wed Night Caretaker
CT_70 Thu Night Caretaker
CT_71 Mon Late Caretaker
CT_71 Tue Late Caretaker
CT_71 Sun Early Caretaker
CT_72 Thu Day Caretaker
CT_72 Fri Day Caretaker
CT_73 Mon Late Caretaker
CT_73 Tue Late Caretaker
CT_73 Sun Early Caretaker
CT_74 Thu Early Caretaker
CT_74 Fri Early Caretaker
CT_75 Tue Early Caretaker
CT_75 Wed Early Caretaker
CT_75 Thu Late Caretaker
CT_75 Fri Late Caretaker
CT_76 Mon Night Caretaker
CT_76 Thu Night Caretaker
CT_76 Fri Night Caretaker
CT_76 Sat Night Caretaker
CT_76 Sun Night Caretaker
CT_77 Mon Night Caretaker
CT_77 Tue Night Caretaker
CT_77 Wed Night Caretaker
CT_77 Thu Night Caretaker
CT_77 Fri Night Caretaker
CT_78 Mon Late Caretaker
CT_78 Tue Late Caretaker
CT_78 Fri Late Caretaker
CT_78 Sat Late Caretaker
CT_78 Sun Late Caretaker
CT_79 Tue Day Caretaker
CT_79 Wed Day Caretaker
TR_80 Wed Early Trainee
TR_80 Thu Early Trainee
TR_80 Fri Late Trainee
TR_80 Sat Late Trainee
TR_80 Sun Late Trainee
TR_81 Mon Early Trainee
TR_81 Tue Early Trainee
TR_81 Wed Early Trainee
TR_82 Fri Night Trainee
TR_82 Sat Night Trainee
TR_82 Sun Night Trainee
TR_83 Mon Day Trainee
TR_83 Fri Late Trainee
TR_83 Sat Late Trainee
TR_83 Sun Night Trainee
TR_84 Mon Early Trainee
TR_84 Tue Early Trainee
TR_84 Wed Late Trainee
TR_84 Thu Late Trainee
TR_85 Mon Early Trainee
TR_85 Tue Early Trainee
TR_86 Tue Night Trainee
TR_86 Wed Night Trainee
TR_86 Thu Night Trainee
TR_86 Fri Night Trainee
TR_87 Wed Early Trainee
TR_87 Thu Early Trainee
TR_87 Fri Day Trainee
TR_87 Sat Day Trainee
TR_87 Sun Day Trainee
TR_88 Mon Day Trainee
TR_88 Tue Day Trainee
TR_88 Wed Day Trainee
TR_88 Thu Day Trainee
TR_89 Wed Early Trainee
TR_89 Thu Early Trainee
TR_89 Fri Early Trainee
TR_90 Mon Night Trainee
TR_91 Wed Early Trainee
TR_91 Thu Early Trainee
TR_91 Fri Early Trainee
TR_92 Sun Early Trainee
TR_93 Wed Day Trainee
TR_93 Thu Day Trainee
TR_93 Fri Day Trainee
TR_94 Mon Day Trainee
TR_94 Tue Day Trainee
TR_94 Wed Day Trainee
TR_95 Thu Day Trainee
TR_95 Fri Day Trainee
TR_96 Mon Late Trainee
TR_96 Tue Late Trainee
TR_96 Wed Late Trainee
TR_96 Thu Late Trainee
TR_97 Mon Late Trainee
TR_97 Tue Late Trainee
TR_97 Fri Early Trainee
TR_97 Sat Early Trainee
TR_97 Sun Early Trainee
TR_98 Tue Night Trainee
TR_98 Wed Night Trainee
TR_98 Thu Night Trainee
TR_98 Fri Night Trainee
TR_99 Mon Night Trainee
TR_99 Tue Night Trainee
TR_99 Wed Night Trainee
TR_99 Thu Night Trainee
TR_100 Mon Early Trainee
TR_100 Tue Early Trainee
TR_100 Wed Day Trainee
TR_100 Thu Day Trainee
TR_100 Fri Day Trainee
TR_101 Mon Night Trainee
TR_101 Tue Night Trainee
TR_101 Wed Night Trainee
TR_101 Thu Night Trainee
TR_101 Fri Night Trainee
TR_102 Mon Day Trainee
TR_102 Tue Day Trainee
TR_103 Tue Early Trainee
TR_103 Wed Early Trainee
TR_103 Thu Late Trainee
TR_103 Fri Late Trainee
TR_104 Mon Late Trainee
TR_104 Tue Late Trainee
TR_104 Fri Day Trainee
TR_104 Sat Day Trainee
TR_104 Sun Late Trainee
TR_105 Mon Night Trainee
TR_105 Tue Night Trainee
TR_105 Wed Night Trainee
TR_106 Mon Early Trainee
TR_106 Thu Early Trainee
TR_106 Fri Early Trainee
TR_106 Sat Late Trainee
TR_106 Sun Late Trainee
TR_107 Mon Day Trainee
TR_107 Tue Day Trainee
TR_107 Wed Late Trainee
TR_107 Thu Late Trainee
TR_108 Fri Early Trainee
TR_108 Sat Early Trainee
TR_109 Mon Late Trainee
TR_109 Tue Late Trainee
TR_109 Sat Day Trainee
TR_109 Sun Day Trainee
