SOLUTION
6 n120w8

ASSIGNMENTS = 484
HN_0 Wed Day HeadNurse
HN_0 Thu Day HeadNurse
HN_0 Fri Day HeadNurse
HN_1 Mon Day HeadNurse
HN_1 Tue Day HeadNurse
HN_2 Wed Early HeadNurse
HN_2 Thu Early HeadNurse
HN_2 Fri Early HeadNurse
HN_4 Mon Day HeadNurse
HN_4 Tue Day HeadNurse
HN_4 Wed Late HeadNurse
HN_4 Thu Late HeadNurse
HN_4 Fri Late Nurse
HN_5 Thu Day HeadNurse
HN_5 Fri Day Nurse
HN_5 Sat Late Nurse
HN_5 Sun Late HeadNurse
HN_6 Wed Night HeadNurse
HN_6 Thu Night HeadNurse
HN_6 Fri Night HeadNurse
HN_6 Sat Night HeadNurse
HN_6 Sun Night HeadNurse
HN_7 Mon Late HeadNurse
HN_7 Tue Late HeadNurse
HN_7 Fri Late Nurse
HN_7 Sat Late Nurse
HN_7 Sun Late HeadNurse
HN_8 Tue Late HeadNurse
HN_8 Wed Late HeadNurse
HN_8 Thu Late HeadNurse
HN_8 Fri Late Nurse
HN_9 Mon Early HeadNurse
HN_9 Tue Early Nurse
HN_9 Wed Early HeadNurse
HN_9 Sat Day HeadNurse
HN_9 Sun Day HeadNurse
HN_10 Mon Night HeadNurse
HN_10 Tue Night HeadNurse
HN_10 Wed Night HeadNurse
HN_10 Thu Night HeadNurse
HN_10 Fri Night HeadNurse
HN_11 Mon Night Nurse
HN_11 Tue Night HeadNurse
HN_11 Wed Night Nurse
HN_11 Thu Night HeadNurse
HN_11 Fri Night Nurse
HN_12 Thu Day Nurse
HN_12 Fri Day Nurse
HN_12 Sat Early HeadNurse
HN_12 Sun Early Nurse
HN_13 Mon Night Nurse
HN_13 Tue Night Nurse
HN_13 Wed Night Nurse
HN_13 Thu Night Nurse
HN_14 Mon Day Nurse
HN_14 Tue Day Nurse
HN_14 Wed Early Nurse
HN_14 Thu Early Nurse
HN_14 Fri Early HeadNurse
HN_15 Wed Day HeadNurse
HN_15 Thu Day Nurse
HN_15 Fri Early Nurse
HN_15 Sat Early Nurse
HN_15 Sun Early Nurse
HN_16 Mon Late HeadNurse
HN_16 Tue Late Nurse
HN_16 Sat Day Nurse
HN_16 Sun Day Nurse
HN_17 Mon Late Nurse
HN_17 Thu Early Nurse
HN_17 Fri Early Nurse
HN_17 Sat Day Nurse
HN_17 Sun Day Nurse
HN_18 Mon Early Nurse
HN_19 Mon Late Nurse
HN_19 Tue Late Nurse
HN_19 Wed Late Nurse
HN_19 Thu Late HeadNurse
HN_19 Fri Late Nurse
NU_20 Mon Late Nurse
NU_20 Tue Late Nurse
NU_20 Fri Late Nurse
NU_20 Sat Late Nurse
NU_20 Sun Late Nurse
NU_21 Tue Night Nurse
NU_21 Wed Night Nurse
NU_21 Thu Night Nurse
NU_21 Fri Night Nurse
NU_22 Mon Night Nurse
NU_22 Tue Night Nurse
NU_22 Wed Night Nurse
NU_23 Fri Night Nurse
NU_23 Sat Night Nurse
NU_23 Sun Night Nurse
NU_24 Mon Day Nurse
NU_24 Tue Day Nurse
NU_24 Wed Day Nurse
NU_24 Thu Early Nurse
NU_24 Fri Early Nurse
NU_25 Mon Early Nurse
NU_25 Tue Early Nurse
NU_25 Wed Early Nurse
NU_25 Thu Late Nurse
NU_25 Fri Late Caretaker
NU_26 Mon Day Nurse
NU_26 Tue Day Nurse
NU_27 Thu Early Nurse
NU_27 Fri Early Nurse
NU_27 Sat Early Nurse
NU_27 Sun Early Caretaker
NU_28 Mon Late Nurse
NU_28 Tue Late Nurse
NU_28 Fri Day Nurse
NU_28 Sat Day Caretaker
NU_28 Sun Day Caretaker
NU_29 Wed Day Nurse
NU_29 Thu Day Nurse
NU_29 Fri Day Caretaker
NU_30 Mon Night Nurse
NU_30 Thu Day Nurse
NU_30 Fri Day Caretaker
NU_30 Sat Early Caretaker
NU_30 Sun Early Caretaker
NU_31 Mon Night Nurse
NU_31 Tue Night Nurse
NU_31 Wed Night Nurse
NU_31 Thu Night Nurse
NU_31 Fri Night Nurse
NU_32 Mon Late Caretaker
NU_32 Tue Late Nurse
NU_32 Wed Late Nurse
NU_32 Thu Late Nurse
NU_32 Fri Late Caretaker
NU_33 Mon Day Nurse
NU_33 Tue Day Nurse
NU_33 Wed Day Nurse
NU_33 Thu Early Nurse
NU_33 Fri Early Nurse
NU_34 Tue Early Nurse
NU_34 Wed Early Nurse
NU_34 Thu Day Caretaker
NU_34 Fri Day Caretaker
NU_35 Tue Early Nurse
NU_35 Wed Early Nurse
NU_35 Thu Late Nurse
NU_35 Fri Late Caretaker
NU_36 Mon Late Caretaker
NU_36 Tue Late Caretaker
NU_36 Wed Late Nurse
NU_36 Thu Late Nurse
NU_36 Fri Late Caretaker
NU_37 Mon Day Caretaker
NU_38 Wed Early Nurse
NU_38 Thu Early Nurse
NU_38 Fri Early Nurse
NU_39 Mon Early Nurse
NU_39 Tue Early Nurse
NU_39 Wed Early Caretaker
NU_39 Thu Early Caretaker
NU_40 Mon Night Caretaker
NU_40 Tue Night Caretaker
NU_40 Wed Night Caretaker
NU_40 Thu Night Caretaker
NU_40 Fri Night Nurse
NU_41 Thu Late Nurse
NU_41 Fri Late Caretaker
NU_41 Sat Late Caretaker
NU_41 Sun Late Nurse
NU_42 Mon Early Nurse
NU_42 Tue Early Caretaker
NU_42 Wed Early Caretaker
NU_42 Thu Day Caretaker
NU_42 Fri Day Caretaker
NU_43 Mon Night Caretaker
NU_43 Tue Night Caretaker
NU_43 Wed Night Caretaker
NU_43 Thu Night Caretaker
NU_44 Mon Day Caretaker
NU_44 Tue Day Caretaker
NU_44 Wed Late Caretaker
NU_44 Thu Late Caretaker
NU_45 Mon Day Caretaker
NU_45 Tue Day Caretaker
NU_45 Wed Day Nurse
NU_45 Thu Early Caretaker
NU_45 Fri Early Caretaker
NU_46 Tue Day Caretaker
NU_46 Wed Day Nurse
NU_46 Thu Early Caretaker
NU_46 Fri Early Caretaker
NU_47 Mon Early Caretaker
NU_47 Fri Late Caretaker
NU_47 Sat Late Caretaker
NU_47 Sun Late Caretaker
NU_48 Mon Late Caretaker
NU_48 Tue Late Caretaker
NU_48 Fri Night Caretaker
NU_48 Sat Night Caretaker
NU_48 Sun Night Caretaker
NU_49 Mon Day Caretaker
NU_49 Tue Day Caretaker
NU_49 Fri Early Caretaker
NU_49 Sat Early Caretaker
NU_49 Sun Late Caretaker
CT_50 Mon Night Caretaker
CT_50 Tue Night Caretaker
CT_50 Wed Night Caretaker
CT_50 Thu Night Caretaker
CT_50 Fri Night Caretaker
CT_51 Tue Early Caretaker
CT_51 Wed Early Caretaker
CT_51 Thu Early Caretaker
CT_52 Mon Late Caretaker
CT_52 Tue Late Caretaker
CT_52 Fri Early Caretaker
CT_52 Sat Early Caretaker
CT_52 Sun Day Caretaker
CT_53 Mon Early Caretaker
CT_53 Tue Early Caretaker
CT_53 Wed Early Caretaker
CT_53 Sat Day Caretaker
CT_53 Sun Day Caretaker
CT_54 Mon Night Caretaker
CT_54 Tue Night Caretaker
CT_54 Wed Night Caretaker
CT_55 Tue Late Caretaker
CT_55 Wed Late Caretaker
CT_55 Thu Late Caretaker
CT_56 Tue Late Caretaker
CT_56 Wed Late Caretaker
CT_56 Thu Late Caretaker
CT_56 Fri Late Caretaker
CT_57 Mon Late Caretaker
CT_57 Tue Late Caretaker
CT_57 Wed Late Caretaker
CT_57 Thu Late Caretaker
CT_58 Mon Night Caretaker
CT_59 Mon Early Caretaker
CT_59 Tue Early Caretaker
CT_59 Wed Day Caretaker
CT_59 Thu Day Caretaker
CT_59 Fri Day Caretaker
CT_60 Mon Night Caretaker
CT_60 Tue Night Caretaker
CT_60 Wed Night Caretaker
CT_60 Thu Night Caretaker
CT_60 Fri Night Caretaker
CT_61 Wed Day Caretaker
CT_61 Thu Day Caretaker
CT_61 Fri Day Caretaker
CT_62 Fri Early Caretaker
CT_62 Sat Early Caretaker
CT_62 Sun Late Caretaker
CT_63 Mon Night Caretaker
CT_63 Tue Night Caretaker
CT_63 Wed Night Caretaker
CT_63 Thu Night Caretaker
CT_64 Tue Late Caretaker
CT_64 Wed Late Caretaker
CT_64 Thu Late Caretaker
CT_64 Fri Late Caretaker
CT_65 Thu Early Caretaker
CT_65 Fri Early Caretaker
CT_65 Sat Early Caretaker
CT_65 Sun Early Caretaker
CT_66 Tue Night Caretaker
CT_66 Wed Night Caretaker
CT_66 Thu Night Caretaker
CT_66 Fri Night Caretaker
CT_67 Wed Night Caretaker
CT_67 Thu Night Caretaker
CT_67 Fri Night Caretaker
CT_67 Sat Night Caretaker
CT_67 Sun Night Caretaker
CT_68 Thu Night Caretaker
CT_68 Fri Night Caretaker
CT_68 Sat Night Caretaker
CT_68 Sun Night Caretaker
CT_69 Mon Night Caretaker
CT_69 Thu Early Caretaker
CT_69 Fri Early Caretaker
CT_69 Sat Early Caretaker
CT_69 Sun Late Caretaker
CT_70 Mon Day Caretaker
CT_70 Tue Day Caretaker
CT_70 Wed Late Caretaker
CT_70 Thu Late Caretaker
CT_71 Mon Late Caretaker
CT_71 Tue Late Caretaker
CT_71 Wed Late Caretaker
CT_72 Wed Day Caretaker
CT_72 Thu Day Caretaker
CT_72 Fri Day Caretaker
CT_73 Mon Late Caretaker
CT_73 Fri Night Caretaker
CT_73 Sat Night Caretaker
CT_73 Sun Night Caretaker
CT_74 Tue Night Caretaker
CT_74 Wed Night Caretaker
CT_74 Thu Night Caretaker
CT_74 Fri Night Caretaker
CT_75 Tue Early Caretaker
CT_75 Wed Early Caretaker
CT_75 Thu Late Caretaker
CT_75 Fri Late Caretaker
CT_76 Mon Early Caretaker
CT_76 Tue Early Caretaker
CT_76 Wed Day Caretaker
CT_76 Thu Day Caretaker
CT_77 Mon Early Caretaker
CT_77 Tue Early Caretaker
CT_77 Wed Early Caretaker
CT_77 Thu Early Caretaker
CT_78 Mon Early Caretaker
CT_78 Tue Early Caretaker
CT_79 Tue Day Caretaker
CT_79 Wed Day Caretaker
CT_79 Thu Day Caretaker
CT_79 Fri Day Caretaker
CT_80 Mon Night Caretaker
CT_80 Tue Night Caretaker
CT_80 Wed Night Caretaker
CT_80 Thu Night Caretaker
CT_80 Fri Night Caretaker
CT_81 Mon Day Caretaker
CT_81 Tue Day Caretaker
CT_81 Wed Late Caretaker
CT_81 Thu Late Caretaker
CT_82 Mon Early Caretaker
CT_82 Tue Early Caretaker
CT_82 Wed Early Caretaker
CT_82 Thu Early Caretaker
CT_82 Fri Early Caretaker
CT_83 Mon Day Caretaker
CT_83 Tue Day Caretaker
CT_83 Wed Day Caretaker
CT_83 Thu Day Caretaker
CT_83 Fri Day Caretaker
CT_84 Mon Late Caretaker
CT_84 Tue Late Caretaker
CT_84 Wed Late Caretaker
CT_84 Sat Night Caretaker
CT_84 Sun Night Caretaker
CT_85 Tue Early Caretaker
CT_85 Wed Early Caretaker
CT_85 Thu Late Caretaker
CT_85 Fri Late Caretaker
CT_86 Mon Early Caretaker
CT_86 Tue Early Caretaker
CT_86 Wed Early Caretaker
CT_86 Sat Day Caretaker
CT_86 Sun Day Caretaker
CT_87 Tue Day Caretaker
CT_87 Wed Day Caretaker
CT_87 Thu Day Caretaker
CT_87 Fri Day Caretaker
CT_89 Mon Night Caretaker
CT_89 Tue Night Caretaker
CT_89 Fri Late Caretaker
CT_89 Sat Late Caretaker
CT_89 Sun Late Caretaker
TR_90 Thu Early Trainee
TR_90 Fri Early Trainee
TR_90 Sat Early Trainee
TR_90 Sun Early Trainee
TR_91 Mon Early Trainee
TR_91 Tue Early Trainee
TR_91 Wed Day Trainee
TR_91 Thu Day Trainee
TR_91 Fri Day Trainee
TR_92 Mon Early Trainee
TR_93 Thu Late Trainee
TR_93 Fri Late Trainee
TR_93 Sat Late Trainee
TR_93 Sun Late Trainee
TR_94 Mon Night Trainee
TR_94 Thu Night Trainee
TR_94 Fri Night Trainee
TR_94 Sat Night Trainee
TR_94 Sun Night Trainee
TR_95 Thu Day Trainee
TR_95 Fri Day Trainee
TR_95 Sat Early Trainee
TR_95 Sun Early Trainee
TR_96 Wed Early Trainee
TR_96 Thu Early Trainee
TR_96 Fri Early Trainee
TR_96 Sat Day Trainee
TR_96 Sun Day Trainee
TR_97 Mon Night Trainee
TR_97 Tue Night Trainee
TR_97 Wed Night Trainee
TR_98 Mon Early Trainee
TR_98 Tue Early Trainee
TR_98 Wed Day Trainee
TR_98 Thu Day Trainee
TR_99 Mon Day Trainee
TR_99 Tue Day Trainee
TR_99 Wed Early Trainee
TR_99 Thu Early Trainee
TR_100 Mon Late Trainee
TR_100 Tue Late Trainee
TR_100 Wed Late Trainee
TR_100 Thu Late Trainee
TR_100 Fri Late Trainee
TR_101 Mon Late Trainee
TR_101 Tue Late Trainee
TR_101 Wed Late Trainee
TR_101 Thu Late Trainee
TR_102 Mon Night Trainee
TR_102 Tue Night Trainee
TR_102 Wed Night Trainee
TR_102 Thu Night Trainee
TR_102 Fri Night Trainee
TR_103 Mon Day Trainee
TR_104 Mon Early Trainee
TR_104 Tue Early Trainee
TR_104 Wed Late Trainee
TR_104 Thu Late Trainee
TR_105 Mon Day Trainee
TR_105 Thu Day Trainee
TR_105 Fri Day Trainee
TR_105 Sat Day Trainee
TR_105 Sun Day Trainee
TR_106 Mon Night Trainee
TR_106 Tue Night Trainee
TR_106 Wed Night Trainee
TR_106 Thu Night Trainee
TR_106 Fri Night Trainee
TR_108 Mon Day Trainee
TR_108 Tue Day Trainee
TR_108 Wed Day Trainee
TR_108 Sat Early Trainee
TR_108 Sun Early Trainee
TR_109 Mon Early Trainee
TR_109 Tue Early Trainee
TR_109 Wed Early Trainee
TR_109 Thu Late Trainee
TR_109 Fri Late Trainee
TR_110 Mon Night Trainee
TR_110 Tue Night Trainee
TR_110 Wed Night Trainee
TR_110 Thu Night Trainee
TR_110 Fri Night Trainee
TR_111 Mon Late Trainee
TR_111 Thu Early Trainee
TR_111 Fri Early Trainee
TR_111 Sat Early Trainee
TR_111 Sun Day Trainee
TR_112 Wed Night Trainee
TR_112 Thu Night Trainee
TR_112 Fri Night Trainee
TR_112 Sat Night Trainee
TR_112 Sun Night Trainee
TR_113 Mon Day Trainee
TR_113 Tue Day Trainee
TR_113 Wed Day Trainee
TR_113 Thu Day Trainee
TR_113 Fri Day Trainee
TR_114 Mon Late Trainee
TR_114 Tue Late Trainee
TR_114 Wed Late Trainee
TR_114 Sat Early Trainee
TR_114 Sun Early Trainee
TR_115 Mon Late Trainee
TR_115 Tue Late Trainee
TR_115 Wed Late Trainee
TR_116 Mon Day Trainee
TR_116 Tue Day Trainee
TR_116 Wed Day Trainee
TR_116 Sat Late Trainee
TR_116 Sun Night Trainee
TR_117 Tue Late Trainee
TR_117 Wed Late Trainee
TR_117 Thu Late Trainee
TR_117 Fri Late Trainee
TR_118 Mon Night Trainee
TR_118 Thu Early Trainee
TR_118 Fri Early Trainee
TR_118 Sat Late Trainee
TR_118 Sun Late Trainee
TR_119 Wed Early Trainee
TR_119 Thu Early Trainee
TR_119 Fri Early Trainee
