SOLUTION
2 n120w8

ASSIGNMENTS = 480
HN_0 Tue Day HeadNurse
HN_0 Wed Day HeadNurse
HN_0 Thu Early HeadNurse
HN_0 Fri Early HeadNurse
HN_1 Mon Early HeadNurse
HN_1 Tue Early HeadNurse
HN_2 Mon Late HeadNurse
HN_2 Tue Late HeadNurse
HN_2 Wed Late HeadNurse
HN_2 Sat Early HeadNurse
HN_2 Sun Early HeadNurse
HN_3 Fri Night HeadNurse
HN_3 Sat Night HeadNurse
HN_3 Sun Night HeadNurse
HN_4 Mon Late HeadNurse
HN_4 Thu Day HeadNurse
HN_4 Fri Day HeadNurse
HN_4 Sat Day HeadNurse
HN_4 Sun Day Nurse
HN_5 Tue Night HeadNurse
HN_5 Wed Night HeadNurse
HN_5 Thu Night HeadNurse
HN_5 Fri Night HeadNurse
HN_6 Mon Early HeadNurse
HN_6 Tue Early HeadNurse
HN_6 Wed Early HeadNurse
HN_6 Thu Late HeadNurse
HN_6 Fri Late HeadNurse
HN_7 Mon Night HeadNurse
HN_7 Tue Night Nurse
HN_7 Wed Night HeadNurse
HN_7 Thu Night Nurse
HN_7 Fri Night HeadNurse
HN_8 Mon Late Nurse
HN_8 Tue Late HeadNurse
HN_8 Fri Day HeadNurse
HN_8 Sat Day HeadNurse
HN_8 Sun Early Nurse
HN_9 Mon Night Nurse
HN_9 Tue Night Nurse
HN_9 Wed Night Nurse
HN_9 Thu Night Nurse
HN_9 Fri Night Nurse
HN_10 Mon Early Nurse
HN_10 Tue Early Nurse
HN_10 Wed Early Nurse
HN_10 Thu Early Nurse
HN_10 Fri Early HeadNurse
HN_11 Mon Day HeadNurse
HN_11 Thu Day HeadNurse
HN_11 Fri Day Nurse
HN_11 Sat Late HeadNurse
HN_11 Sun Late HeadNurse
HN_12 Tue Night Nurse
HN_12 Wed Night Nurse
HN_12 Thu Night Nurse
HN_12 Fri Night Nurse
HN_13 Mon Day Nurse
HN_13 Tue Day Nurse
HN_13 Wed Early Nurse
HN_13 Thu Early Nurse
HN_14 Mon Night Nurse
HN_14 Tue Night Nurse
HN_14 Fri Late HeadNurse
HN_14 Sat Late Nurse
HN_14 Sun Late Nurse
HN_15 Mon Day Nurse
HN_15 Tue Day Nurse
HN_15 Wed Early Nurse
HN_15 Thu Early Nurse
HN_15 Fri Early HeadNurse
HN_16 Tue Night Nurse
HN_16 Wed Night Nurse
HN_16 Thu Night Nurse
HN_16 Fri Night Nurse
HN_17 Mon Early Nurse
HN_17 Tue Early Nurse
HN_17 Wed Day HeadNurse
HN_17 Thu Day Nurse
HN_17 Fri Day Nurse
HN_19 Mon Late Nurse
HN_19 Tue Late HeadNurse
HN_19 Wed Late Nurse
HN_19 Thu Late HeadNurse
HN_19 Fri Late Nurse
NU_20 Mon Night Nurse
NU_20 Tue Night Caretaker
NU_20 Wed Night Nurse
NU_20 Thu Night Caretaker
NU_20 Fri Night Nurse
NU_21 Mon Late Nurse
NU_21 Tue Late Nurse
NU_21 Wed Late Nurse
NU_22 Mon Early Nurse
NU_23 Sat Early Nurse
NU_23 Sun Early Nurse
NU_24 Mon Late Nurse
NU_24 Tue Late Nurse
NU_24 Fri Day Nurse
NU_24 Sat Day Nurse
NU_24 Sun Early Caretaker
NU_25 Wed Late Nurse
NU_25 Thu Late Nurse
NU_25 Fri Late Nurse
NU_25 Sat Late Nurse
NU_25 Sun Late Caretaker
NU_26 Mon Day Nurse
NU_27 Mon Night Caretaker
NU_27 Tue Night Caretaker
NU_27 Wed Night Nurse
NU_27 Thu Night Caretaker
NU_27 Fri Night Nurse
NU_28 Mon Late Caretaker
NU_28 Tue Late Nurse
NU_28 Wed Late Nurse
NU_28 Thu Late Nurse
NU_28 Fri Late Nurse
NU_29 Thu Day Nurse
NU_29 Fri Day Nurse
NU_29 Sat Early Nurse
NU_29 Sun Early Caretaker
NU_30 Mon Late Caretaker
NU_30 Tue Late Nurse
NU_30 Wed Late Nurse
NU_30 Thu Late Nurse
NU_30 Fri Late Nurse
NU_31 Mon Late Caretaker
NU_31 Tue Late Nurse
NU_31 Wed Late Caretaker
NU_31 Thu Late Nurse
NU_31 Fri Late Caretaker
NU_32 Mon Late Caretaker
NU_32 Tue Late Caretaker
NU_32 Fri Early Nurse
NU_32 Sat Early Nurse
NU_32 Sun Early Caretaker
NU_33 Mon Day Nurse
NU_33 Tue Day Nurse
NU_33 Wed Day Nurse
NU_33 Thu Early Nurse
NU_33 Fri Early Nurse
NU_34 Mon Late Caretaker
NU_34 Tue Late Caretaker
NU_34 Wed Late Caretaker
NU_35 Fri Day Nurse
NU_35 Sat Day Nurse
NU_35 Sun Day Nurse
NU_36 Mon Early Nurse
NU_36 Tue Early Nurse
NU_36 Wed Early Nurse
NU_36 Thu Day Nurse
NU_36 Fri Day Caretaker
NU_37 Fri Night Caretaker
NU_37 Sat Night Nurse
NU_37 Sun Night Nurse
NU_38 Fri Night Caretaker
NU_38 Sat Night Nurse
NU_38 Sun Night Nurse
NU_39 Mon Night Caretaker
NU_39 Tue Night Caretaker
NU_39 Wed Night Caretaker
NU_39 Thu Night Caretaker
NU_40 Mon Early Nurse
NU_40 Thu Early Caretaker
NU_40 Fri Early Nurse
NU_40 Sat Early Caretaker
NU_40 Sun Late Caretaker
NU_41 Mon Late Caretaker
NU_41 Tue Late Caretaker
NU_42 Mon Day Caretaker
NU_42 Tue Day Nurse
NU_42 Wed Early Caretaker
NU_42 Thu Early Caretaker
NU_42 Fri Early Nurse
NU_43 Mon Early Caretaker
NU_43 Tue Early Nurse
NU_43 Wed Early Caretaker
NU_43 Thu Early Caretaker
NU_44 Mon Day Caretaker
NU_44 Tue Day Caretaker
NU_44 Wed Day Nurse
NU_44 Thu Day Nurse
NU_45 Wed Night Caretaker
NU_45 Thu Night Caretaker
NU_45 Fri Night Caretaker
NU_45 Sat Night Nurse
NU_45 Sun Night Nurse
NU_46 Fri Night Caretaker
NU_46 Sat Night Caretaker
NU_46 Sun Night Caretaker
NU_47 Wed Day Nurse
NU_47 Thu Day Caretaker
NU_47 Fri Day Caretaker
NU_48 Mon Early Caretaker
NU_48 Tue Early Caretaker
NU_48 Wed Early Caretaker
NU_48 Thu Day Caretaker
NU_48 Fri Day Caretaker
NU_49 Mon Day Caretaker
NU_49 Tue Day Caretaker
NU_49 Wed Day Nurse
NU_49 Thu Early Caretaker
NU_49 Fri Early Caretaker
CT_50 Mon Night Caretaker
CT_50 Tue Night Caretaker
CT_50 Wed Night Caretaker
CT_50 Thu Night Caretaker
CT_50 Fri Night Caretaker
CT_51 Mon Night Caretaker
CT_51 Fri Early Caretaker
CT_51 Sat Early Caretaker
CT_51 Sun Day Caretaker
CT_52 Mon Early Caretaker
CT_52 Tue Early Caretaker
CT_52 Wed Early Caretaker
CT_52 Thu Late Caretaker
CT_52 Fri Late Caretaker
CT_53 Mon Early Caretaker
CT_53 Tue Early Caretaker
CT_53 Wed Late Caretaker
CT_53 Thu Late Caretaker
CT_53 Fri Late Caretaker
CT_54 Fri Day Caretaker
CT_54 Sat Day Caretaker
CT_54 Sun Late Caretaker
CT_55 Mon Late Caretaker
CT_55 Tue Late Caretaker
CT_55 Wed Late Caretaker
CT_55 Sat Day Caretaker
CT_55 Sun Day Caretaker
CT_56 Tue Day Caretaker
CT_56 Wed Day Caretaker
CT_56 Thu Day Caretaker
CT_57 Mon Day Caretaker
CT_57 Tue Day Caretaker
CT_57 Wed Day Caretaker
CT_57 Thu Day Caretaker
CT_58 Fri Late Caretaker
CT_58 Sat Late Caretaker
CT_58 Sun Late Caretaker
CT_59 Mon Early Caretaker
CT_59 Tue Early Caretaker
CT_59 Wed Early Caretaker
CT_59 Thu Early Caretaker
CT_59 Fri Early Caretaker
CT_60 Mon Early Caretaker
CT_60 Tue Early Caretaker
CT_60 Wed Day Caretaker
CT_60 Thu Day Caretaker
CT_60 Fri Day Caretaker
CT_61 Mon Night Caretaker
CT_61 Tue Night Caretaker
CT_61 Wed Night Caretaker
CT_61 Thu Night Caretaker
CT_62 Tue Late Caretaker
CT_62 Wed Late Caretaker
CT_62 Thu Late Caretaker
CT_62 Fri Late Caretaker
CT_63 Mon Day Caretaker
CT_63 Tue Day Caretaker
CT_64 Wed Early Caretaker
CT_64 Thu Early Caretaker
CT_64 Fri Early Caretaker
CT_64 Sat Day Caretaker
CT_64 Sun Day Caretaker
CT_65 Sat Night Caretaker
CT_65 Sun Night Caretaker
CT_66 Mon Night Caretaker
CT_66 Tue Night Caretaker
CT_66 Wed Night Caretaker
CT_67 Tue Night Caretaker
CT_67 Wed Night Caretaker
CT_67 Thu Night Caretaker
CT_67 Fri Night Caretaker
CT_68 Wed Early Caretaker
CT_68 Thu Early Caretaker
CT_68 Fri Early Caretaker
CT_69 Mon Day Caretaker
CT_69 Tue Day Caretaker
CT_69 Wed Late Caretaker
CT_69 Thu Late Caretaker
CT_69 Fri Late Caretaker
CT_70 Wed Day Caretaker
CT_70 Thu Day Caretaker
CT_70 Fri Day Caretaker
CT_71 Mon Late Caretaker
CT_71 Tue Late Caretaker
CT_72 Tue Late Caretaker
CT_72 Wed Late Caretaker
CT_72 Thu Late Caretaker
CT_72 Fri Late Caretaker
CT_73 Mon Early Caretaker
CT_73 Tue Early Caretaker
CT_73 Wed Early Caretaker
CT_73 Thu Early Caretaker
CT_73 Fri Early Caretaker
CT_74 Thu Day Caretaker
CT_74 Fri Day Caretaker
CT_74 Sat Late Caretaker
CT_74 Sun Late Caretaker
CT_75 Mon Day Caretaker
CT_75 Fri Night Caretaker
CT_75 Sat Night Caretaker
CT_75 Sun Night Caretaker
CT_76 Mon Night Caretaker
CT_76 Tue Night Caretaker
CT_77 Mon Early Caretaker
CT_77 Tue Early Caretaker
CT_77 Wed Early Caretaker
CT_77 Thu Early Caretaker
CT_78 Wed Night Caretaker
CT_78 Thu Night Caretaker
CT_78 Fri Night Caretaker
CT_78 Sat Night Caretaker
CT_78 Sun Night Caretaker
CT_79 Mon Late Caretaker
CT_79 Tue Late Caretaker
CT_80 Mon Day Caretaker
CT_80 Tue Day Caretaker
CT_80 Wed Day Caretaker
CT_80 Thu Early Caretaker
CT_80 Fri Early Caretaker
CT_81 Mon Day Caretaker
CT_81 Tue Day Caretaker
CT_81 Wed Day Caretaker
CT_81 Sat Early Caretaker
CT_81 Sun Early Caretaker
CT_82 Mon Early Caretaker
CT_82 Tue Early Caretaker
CT_82 Wed Day Caretaker
CT_82 Thu Day Caretaker
CT_82 Fri Day Caretaker
CT_83 Mon Night Caretaker
CT_83 Tue Night Caretaker
CT_83 Fri Early Caretaker
CT_83 Sat Early Caretaker
CT_83 Sun Early Caretaker
CT_84 Mon Night Caretaker
CT_84 Tue Night Caretaker
CT_84 Wed Night Caretaker
CT_84 Thu Night Caretaker
CT_84 Fri Night Caretaker
CT_85 Mon Day Caretaker
CT_85 Tue Day Caretaker
CT_85 Wed Day Caretaker
CT_85 Thu Day Caretaker
CT_85 Fri Day Caretaker
CT_86 Wed Late Caretaker
CT_86 Thu Late Caretaker
CT_86 Fri Late Caretaker
CT_87 Sat Late Caretaker
CT_87 Sun Late Caretaker
CT_88 Mon Early Caretaker
CT_89 Tue Late Caretaker
CT_89 Wed Late Caretaker
CT_89 Thu Late Caretaker
CT_89 Fri Late Caretaker
TR_90 Mon Early Trainee
TR_90 Tue Early Trainee
TR_90 Wed Early Trainee
TR_90 Thu Early Trainee
TR_91 Mon Late Trainee
TR_91 Tue Late Trainee
TR_91 Fri Day Trainee
TR_91 Sat Day Trainee
TR_91 Sun Late Trainee
TR_92 Mon Late Trainee
TR_92 Tue Late Trainee
TR_93 Mon Early Trainee
TR_93 Tue Early Trainee
TR_93 Wed Early Trainee
TR_93 Thu Early Trainee
TR_94 Mon Late Trainee
TR_94 Tue Late Trainee
TR_94 Wed Late Trainee
TR_94 Thu Late Trainee
TR_94 Fri Late Trainee
TR_95 Tue Day Trainee
TR_95 Wed Day Trainee
TR_95 Thu Early Trainee
TR_95 Fri Early Trainee
TR_96 Wed Early Trainee
TR_96 Thu Early Trainee
TR_96 Fri Early Trainee
TR_97 Wed Early Trainee
TR_97 Thu Early Trainee
TR_97 Fri Early Trainee
TR_97 Sat Late Trainee
TR_97 Sun Late Trainee
TR_98 Mon Late Trainee
TR_98 Tue Late Trainee
TR_98 Wed Late Trainee
TR_98 Sat Late Trainee
TR_98 Sun Late Trainee
TR_99 Mon Night Trainee
TR_99 Tue Night Trainee
TR_99 Wed Night Trainee
TR_100 Mon Night Trainee
TR_100 Thu Night Trainee
TR_100 Fri Night Trainee
TR_100 Sat Night Trainee
TR_100 Sun Night Trainee
TR_101 Mon Day Trainee
TR_102 Mon Day Trainee
TR_102 Tue Day Trainee
TR_102 Fri Day Trainee
TR_102 Sat Day Trainee
TR_102 Sun Day Trainee
TR_103 Tue Late Trainee
TR_103 Wed Late Trainee
TR_103 Thu Late Trainee
TR_103 Fri Late Trainee
TR_104 Fri Early Trainee
TR_104 Sat Early Trainee
TR_104 Sun Late Trainee
TR_105 Mon Day Trainee
TR_105 Tue Day Trainee
TR_105 Wed Day Trainee
TR_105 Thu Day Trainee
TR_105 Fri Day Trainee
TR_106 Mon Night Trainee
TR_106 Tue Night Trainee
TR_106 Wed Night Trainee
TR_106 Thu Night Trainee
TR_106 Fri Night Trainee
TR_107 Fri Day Trainee
TR_107 Sat Day Trainee
TR_107 Sun Day Trainee
TR_108 Mon Night Trainee
TR_108 Tue Night Trainee
TR_108 Wed Night Trainee
TR_108 Thu Night Trainee
TR_108 Fri Night Trainee
TR_109 Wed Day Trainee
TR_109 Thu Day Trainee
TR_109 Fri Early Trainee
TR_109 Sat Early Trainee
TR_109 Sun Early Trainee
TR_110 Mon Night Trainee
TR_110 Tue Night Trainee
TR_110 Wed Night Trainee
TR_110 Thu Night Trainee
TR_110 Fri Night Trainee
TR_111 Mon Early Trainee
TR_111 Tue Early Trainee
TR_111 Wed Late Trainee
TR_111 Thu Late Trainee
TR_111 Fri Late Trainee
TR_112 Wed Day Trainee
TR_112 Thu Day Trainee
TR_112 Fri Day Trainee
TR_113 Mon Early Trainee
TR_113 Thu Day Trainee
TR_113 Fri Day Trainee
TR_113 Sat Day Trainee
TR_113 Sun Day Trainee
TR_114 Mon Early Trainee
TR_114 Sat Night Trainee
TR_114 Sun Night Trainee
TR_115 Wed Night Trainee
TR_115 Thu Night Trainee
TR_115 Fri Night Trainee
TR_115 Sat Night Trainee
TR_115 Sun Night Trainee
TR_116 Mon Early Trainee
TR_116 Tue Early Trainee
TR_116 Wed Late Trainee
TR_116 Thu Late Trainee
TR_116 Fri Late Trainee
TR_117 Mon Day Trainee
TR_117 Tue Day Trainee
TR_117 Wed Day Trainee
TR_118 Mon Day Trainee
TR_118 Tue Day Trainee
TR_118 Wed Day Trainee
TR_118 Thu Late Trainee
TR_118 Fri Late Trainee
TR_119 Mon Early Trainee
TR_119 Tue Early Trainee
TR_119 Wed Early Trainee
