SOLUTION
7 n120w8

ASSIGNMENTS = 476
HN_0 Wed Late HeadNurse
HN_0 Thu Late HeadNurse
HN_0 Fri Night HeadNurse
HN_0 Sat Night HeadNurse
HN_0 Sun Night HeadNurse
HN_1 Tue Early HeadNurse
HN_1 Wed Early HeadNurse
HN_1 Thu Day HeadNurse
HN_1 Fri Day HeadNurse
HN_2 Mon Late HeadNurse
HN_2 Tue Late HeadNurse
HN_2 Wed Late HeadNurse
HN_3 Mon Day HeadNurse
HN_3 Tue Day HeadNurse
HN_3 Wed Late Nurse
HN_3 Thu Late HeadNurse
HN_4 Mon Early HeadNurse
HN_4 Tue Early Nurse
HN_4 Wed Early Nurse
HN_4 Thu Late Nurse
HN_4 Fri Late HeadNurse
HN_5 Mon Late HeadNurse
HN_7 Mon Late Nurse
HN_7 Tue Late HeadNurse
HN_7 Fri Early HeadNurse
HN_7 Sat Early HeadNurse
HN_7 Sun Early Nurse
HN_8 Mon Late Nurse
HN_8 Tue Late Nurse
HN_8 Wed Late Nurse
HN_9 Mon Late Nurse
HN_9 Tue Late Nurse
HN_9 Fri Late HeadNurse
HN_9 Sat Late HeadNurse
HN_9 Sun Late HeadNurse
HN_10 Mon Day Nurse
HN_10 Tue Day HeadNurse
HN_10 Wed Day HeadNurse
HN_10 Thu Early Nurse
HN_10 Fri Early HeadNurse
HN_11 Mon Day Nurse
HN_11 Tue Day Nurse
HN_11 Wed Day HeadNurse
HN_11 Sat Late Nurse
HN_11 Sun Late HeadNurse
HN_12 Mon Early Nurse
HN_13 Tue Day Nurse
HN_13 Wed Day Nurse
HN_13 Thu Late Nurse
HN_13 Fri Late Nurse
HN_14 Mon Night HeadNurse
HN_14 Tue Night HeadNurse
HN_14 Wed Night HeadNurse
HN_14 Thu Night HeadNurse
HN_14 Fri Night HeadNurse
HN_15 Wed Early Nurse
HN_15 Thu Early Nurse
HN_15 Fri Early HeadNurse
HN_15 Sat Day HeadNurse
HN_15 Sun Day HeadNurse
HN_16 Mon Late Nurse
HN_16 Tue Late Nurse
HN_17 Mon Day Nurse
HN_17 Thu Day HeadNurse
HN_17 Fri Day Nurse
HN_17 Sat Day HeadNurse
HN_17 Sun Day Nurse
HN_18 Tue Night HeadNurse
HN_18 Wed Night Nurse
HN_18 Thu Night HeadNurse
HN_18 Fri Night HeadNurse
HN_19 Mon Night Nurse
HN_19 Tue Night Nurse
HN_19 Wed Night Nurse
HN_19 Thu Night Nurse
HN_19 Fri Night Nurse
NU_20 Mon Late Nurse
NU_20 Tue Late Nurse
NU_20 Fri Day Nurse
NU_20 Sat Day Nurse
NU_20 Sun Early Nurse
NU_21 Thu Night Nurse
NU_21 Fri Night Nurse
NU_21 Sat Night Nurse
NU_21 Sun Night Nurse
NU_22 Mon Day Nurse
NU_22 Tue Day Nurse
NU_22 Wed Day Nurse
NU_22 Thu Day Nurse
NU_23 Mon Night Nurse
NU_24 Mon Early Nurse
NU_24 Tue Early Nurse
NU_24 Wed Early Nurse
NU_24 Thu Late Nurse
NU_24 Fri Late Nurse
NU_25 Mon Early Nurse
NU_25 Tue Early Nurse
NU_25 Wed Late Nurse
NU_25 Thu Late Nurse
NU_25 Fri Late Nurse
NU_26 Mon Early Nurse
NU_26 Tue Early Nurse
NU_26 Wed Day Nurse
NU_26 Thu Day Nurse
NU_27 Mon Early Nurse
NU_28 Mon Day Caretaker
NU_28 Thu Late Nurse
NU_28 Fri Late Nurse
NU_28 Sat Late Nurse
NU_28 Sun Late Nurse
NU_29 Mon Early Caretaker
NU_29 Tue Early Caretaker
NU_29 Wed Day Caretaker
NU_29 Thu Day Nurse
NU_29 Fri Day Nurse
NU_30 Mon Early Caretaker
NU_30 Thu Day Nurse
NU_30 Fri Day Nurse
NU_30 Sat Night Nurse
NU_30 Sun Night Nurse
NU_31 Mon Night Nurse
NU_31 Tue Night Nurse
NU_31 Wed Night Nurse
NU_31 Thu Night Nurse
NU_31 Fri Night Nurse
NU_32 Mon Day Caretaker
NU_32 Tue Day Nurse
NU_32 Wed Early Caretaker
NU_32 Thu Early Nurse
NU_32 Fri Early Nurse
NU_33 Mon Night Nurse
NU_33 Tue Night Nurse
NU_33 Wed Night Nurse
NU_33 Thu Night Nurse
NU_33 Fri Night Nurse
NU_34 Thu Day Caretaker
NU_34 Fri Day Nurse
NU_34 Sat Day Caretaker
NU_34 Sun Day Caretaker
NU_35 Thu Day Caretaker
NU_35 Fri Day Caretaker
NU_35 Sat Day Caretaker
NU_35 Sun Early Caretaker
NU_36 Mon Day Caretaker
NU_36 Tue Day Caretaker
NU_36 Wed Day Caretaker
NU_36 Thu Early Nurse
NU_36 Fri Early Nurse
NU_37 Tue Night Nurse
NU_37 Wed Night Nurse
NU_37 Thu Night Nurse
NU_37 Fri Night Nurse
NU_38 Tue Late Caretaker
NU_38 Wed Late Caretaker
NU_38 Thu Late Caretaker
NU_38 Fri Late Caretaker
NU_39 Tue Night Nurse
NU_39 Wed Night Caretaker
NU_39 Thu Night Caretaker
NU_39 Fri Night Nurse
NU_40 Mon Night Nurse
NU_40 Tue Night Caretaker
NU_40 Wed Night Caretaker
NU_40 Thu Night Caretaker
NU_40 Fri Night Caretaker
NU_42 Mon Late Caretaker
NU_42 Tue Late Caretaker
NU_42 Wed Late Caretaker
NU_42 Sat Late Caretaker
NU_42 Sun Late Nurse
NU_43 Tue Late Caretaker
NU_43 Wed Late Caretaker
NU_43 Thu Late Caretaker
NU_43 Fri Late Caretaker
NU_44 Tue Night Caretaker
NU_44 Wed Night Caretaker
NU_44 Thu Night Caretaker
NU_44 Fri Night Caretaker
NU_45 Mon Early Caretaker
NU_45 Tue Early Caretaker
NU_45 Wed Early Caretaker
NU_45 Thu Day Caretaker
NU_45 Fri Day Caretaker
NU_46 Mon Early Caretaker
NU_46 Tue Early Caretaker
NU_46 Wed Early Caretaker
NU_47 Mon Late Caretaker
NU_47 Fri Night Caretaker
NU_47 Sat Night Caretaker
NU_47 Sun Night Nurse
NU_48 Mon Night Caretaker
NU_48 Thu Early Caretaker
NU_48 Fri Early Nurse
NU_48 Sat Late Caretaker
NU_48 Sun Late Caretaker
NU_49 Mon Late Caretaker
NU_49 Tue Late Caretaker
NU_49 Fri Early Nurse
NU_49 Sat Early Nurse
NU_49 Sun Early Caretaker
CT_50 Mon Early Caretaker
CT_50 Tue Early Caretaker
CT_50 Wed Late Caretaker
CT_50 Thu Late Caretaker
CT_50 Fri Late Caretaker
CT_51 Mon Night Caretaker
CT_51 Tue Night Caretaker
CT_51 Wed Night Caretaker
CT_51 Thu Night Caretaker
CT_51 Fri Night Caretaker
CT_52 Mon Day Caretaker
CT_52 Thu Day Caretaker
CT_52 Fri Day Caretaker
CT_52 Sat Night Caretaker
CT_52 Sun Night Caretaker
CT_53 Mon Day Caretaker
CT_53 Tue Day Caretaker
CT_53 Fri Early Caretaker
CT_53 Sat Early Caretaker
CT_53 Sun Day Caretaker
CT_54 Tue Late Caretaker
CT_54 Wed Late Caretaker
CT_54 Thu Late Caretaker
CT_54 Fri Late Caretaker
CT_55 Wed Early Caretaker
CT_55 Thu Early Caretaker
CT_55 Fri Early Caretaker
CT_56 Mon Late Caretaker
CT_56 Tue Late Caretaker
CT_56 Wed Late Caretaker
CT_57 Tue Early Caretaker
CT_57 Wed Early Caretaker
CT_57 Thu Early Caretaker
CT_57 Fri Early Caretaker
CT_58 Tue Day Caretaker
CT_58 Wed Day Caretaker
CT_58 Thu Early Caretaker
CT_58 Fri Early Caretaker
CT_59 Mon Night Caretaker
CT_59 Tue Night Caretaker
CT_59 Wed Night Caretaker
CT_59 Thu Night Caretaker
CT_59 Fri Night Caretaker
CT_60 Mon Night Caretaker
CT_60 Tue Night Caretaker
CT_60 Wed Night Caretaker
CT_60 Thu Night Caretaker
CT_60 Fri Night Caretaker
CT_61 Thu Early Caretaker
CT_61 Fri Early Caretaker
CT_61 Sat Early Caretaker
CT_61 Sun Day Caretaker
CT_62 Mon Late Caretaker
CT_63 Tue Day Caretaker
CT_63 Wed Day Caretaker
CT_63 Thu Day Caretaker
CT_63 Fri Day Caretaker
CT_64 Thu Night Caretaker
CT_64 Fri Night Caretaker
CT_64 Sat Night Caretaker
CT_64 Sun Night Caretaker
CT_65 Mon Early Caretaker
CT_66 Mon Early Caretaker
CT_66 Tue Early Caretaker
CT_66 Wed Early Caretaker
CT_66 Thu Early Caretaker
CT_68 Mon Night Caretaker
CT_68 Fri Early Caretaker
CT_68 Sat Early Caretaker
CT_68 Sun Early Caretaker
CT_69 Mon Late Caretaker
CT_69 Thu Day Caretaker
CT_69 Fri Day Caretaker
CT_69 Sat Day Caretaker
CT_69 Sun Early Caretaker
CT_70 Tue Day Caretaker
CT_70 Wed Day Caretaker
CT_70 Thu Day Caretaker
CT_71 Mon Night Caretaker
CT_71 Tue Night Caretaker
CT_71 Wed Night Caretaker
CT_71 Thu Night Caretaker
CT_71 Fri Night Caretaker
CT_72 Thu Day Caretaker
CT_72 Fri Day Caretaker
CT_72 Sat Night Caretaker
CT_72 Sun Night Caretaker
CT_73 Mon Night Caretaker
CT_73 Tue Night Caretaker
CT_74 Wed Early Caretaker
CT_74 Thu Early Caretaker
CT_74 Fri Early Caretaker
CT_75 Tue Day Caretaker
CT_75 Wed Day Caretaker
CT_75 Thu Early Caretaker
CT_75 Fri Early Caretaker
CT_76 Tue Late Caretaker
CT_76 Wed Late Caretaker
CT_76 Thu Late Caretaker
CT_76 Fri Late Caretaker
CT_77 Tue Day Caretaker
CT_77 Wed Day Caretaker
CT_77 Thu Early Caretaker
CT_77 Fri Early Caretaker
CT_78 Tue Night Caretaker
CT_78 Wed Night Caretaker
CT_78 Thu Night Caretaker
CT_78 Fri Night Caretaker
CT_79 Thu Day Caretaker
CT_79 Fri Day Caretaker
CT_79 Sat Early Caretaker
CT_79 Sun Early Caretaker
CT_80 Mon Day Caretaker
CT_80 Tue Day Caretaker
CT_80 Wed Day Caretaker
CT_80 Thu Late Caretaker
CT_80 Fri Late Caretaker
CT_81 Mon Early Caretaker
CT_81 Tue Early Caretaker
CT_81 Wed Early Caretaker
CT_82 Mon Day Caretaker
CT_82 Tue Day Caretaker
CT_82 Wed Late Caretaker
CT_82 Thu Late Caretaker
CT_82 Fri Late Caretaker
CT_83 Mon Day Caretaker
CT_83 Tue Day Caretaker
CT_83 Wed Early Caretaker
CT_83 Thu Early Caretaker
CT_83 Fri Early Caretaker
CT_84 Mon Night Caretaker
CT_84 Tue Night Caretaker
CT_84 Fri Late Caretaker
CT_84 Sat Late Caretaker
CT_84 Sun Late Caretaker
CT_85 Sat Night Caretaker
CT_85 Sun Night Caretaker
CT_86 Mon Late Caretaker
CT_86 Tue Late Caretaker
CT_86 Fri Day Caretaker
CT_86 Sat Day Caretaker
CT_86 Sun Late Caretaker
CT_87 Mon Early Caretaker
CT_87 Tue Early Caretaker
CT_87 Wed Early Caretaker
CT_87 Thu Late Caretaker
CT_87 Fri Late Caretaker
CT_88 Mon Late Caretaker
CT_88 Tue Late Caretaker
CT_88 Wed Late Caretaker
CT_88 Thu Late Caretaker
CT_89 Mon Late Caretaker
CT_89 Fri Late Caretaker
CT_89 Sat Late Caretaker
CT_89 Sun Late Caretaker
TR_90 Mon Late Trainee
TR_90 Tue Late Trainee
TR_91 Mon Early Trainee
TR_91 Tue Early Trainee
TR_91 Wed Early Trainee
TR_91 Thu Day Trainee
TR_91 Fri Day Trainee
TR_92 Mon Late Trainee
TR_92 Tue Late Trainee
TR_92 Wed Late Trainee
TR_92 Thu Late Trainee
TR_93 Mon Late Trainee
TR_94 Mon Night Trainee
TR_94 Thu Night Trainee
TR_94 Fri Night Trainee
TR_94 Sat Night Trainee
TR_94 Sun Night Trainee
TR_96 Thu Early Trainee
TR_96 Fri Early Trainee
TR_96 Sat Day Trainee
TR_96 Sun Day Trainee
TR_97 Mon Early Trainee
TR_97 Tue Early Trainee
TR_97 Wed Early Trainee
TR_98 Wed Early Trainee
TR_98 Thu Early Trainee
TR_98 Fri Early Trainee
TR_99 Tue Late Trainee
TR_99 Wed Late Trainee
TR_99 Thu Late Trainee
TR_100 Mon Day Trainee
TR_100 Tue Day Trainee
TR_100 Wed Day Trainee
TR_100 Thu Day Trainee
TR_100 Fri Day Trainee
TR_101 Tue Late Trainee
TR_101 Wed Late Trainee
TR_101 Thu Late Trainee
TR_101 Fri Late Trainee
TR_102 Mon Day Trainee
TR_102 Tue Day Trainee
TR_102 Wed Day Trainee
TR_102 Thu Early Trainee
TR_102 Fri Early Trainee
TR_103 Mon Night Trainee
TR_103 Tue Night Trainee
TR_103 Wed Night Trainee
TR_103 Thu Night Trainee
TR_104 Tue Late Trainee
TR_104 Wed Late Trainee
TR_104 Thu Late Trainee
TR_104 Fri Late Trainee
TR_105 Wed Night Trainee
TR_105 Thu Night Trainee
TR_105 Fri Night Trainee
TR_105 Sat Night Trainee
TR_105 Sun Night Trainee
TR_106 Mon Day Trainee
TR_106 Tue Day Trainee
TR_106 Wed Early Trainee
TR_106 Thu Early Trainee
TR_106 Fri Early Trainee
TR_107 Mon Early Trainee
TR_107 Tue Early Trainee
TR_107 Wed Day Trainee
TR_107 Thu Day Trainee
TR_108 Mon Early Trainee
TR_108 Tue Early Trainee
TR_108 Wed Early Trainee
TR_108 Sat Day Trainee
TR_108 Sun Day Trainee
TR_109 Mon Night Trainee
TR_109 Tue Night Trainee
TR_109 Wed Night Trainee
TR_109 Thu Night Trainee
TR_109 Fri Night Trainee
TR_110 Mon Day Trainee
TR_110 Tue Day Trainee
TR_110 Wed Day Trainee
TR_110 Sat Late Trainee
TR_110 Sun Late Trainee
TR_111 Mon Day Trainee
TR_111 Thu Day Trainee
TR_111 Fri Day Trainee
TR_111 Sat Early Trainee
TR_111 Sun Early Trainee
TR_112 Fri Day Trainee
TR_112 Sat Day Trainee
TR_112 Sun Night Trainee
TR_113 Mon Early Trainee
TR_113 Tue Early Trainee
TR_113 Wed Early Trainee
TR_113 Sat Day Trainee
TR_113 Sun Day Trainee
TR_114 Mon Late Trainee
TR_114 Tue Late Trainee
TR_114 Sat Late Trainee
TR_114 Sun Late Trainee
TR_115 Mon Early Trainee
TR_115 Tue Early Trainee
TR_115 Wed Early Trainee
TR_115 Thu Early Trainee
TR_116 Mon Night Trainee
TR_116 Tue Night Trainee
TR_116 Wed Night Trainee
TR_116 Sat Early Trainee
TR_116 Sun Early Trainee
TR_117 Mon Night Trainee
TR_117 Tue Night Trainee
TR_117 Wed Night Trainee
TR_117 Thu Night Trainee
TR_118 Mon Late Trainee
TR_118 Thu Late Trainee
TR_118 Fri Late Trainee
TR_118 Sat Late Trainee
TR_118 Sun Late Trainee
TR_119 Mon Night Trainee
TR_119 Tue Night Trainee
TR_119 Wed Night Trainee
TR_119 Thu Night Trainee
TR_119 Fri Night Trainee
