SOLUTION
2 n070w4

ASSIGNMENTS = 278
HN_0 Mon Night Nurse
HN_0 Tue Night HeadNurse
HN_0 Wed Night HeadNurse
HN_1 Mon Early HeadNurse
HN_1 Tue Early HeadNurse
HN_1 Wed Day HeadNurse
HN_1 Thu Day HeadNurse
HN_2 Mon Late HeadNurse
HN_2 Tue Late HeadNurse
HN_3 Wed Early Nurse
HN_3 Thu Early HeadNurse
HN_3 Fri Night HeadNurse
HN_3 Sat Night Nurse
HN_3 Sun Night Nurse
HN_4 Mon Day HeadNurse
HN_4 Tue Day Nurse
HN_4 Wed Early Nurse
HN_4 Thu Early Nurse
HN_5 Mon Day Nurse
HN_5 Tue Day Nurse
HN_5 Wed Day Nurse
HN_5 Thu Day Nurse
HN_5 Fri Day HeadNurse
HN_6 Thu Late Nurse
HN_6 Fri Late HeadNurse
HN_6 Sat Late HeadNurse
HN_6 Sun Late HeadNurse
HN_7 Mon Late Nurse
HN_7 Tue Late Nurse
NU_8 Mon Late Nurse
NU_8 Tue Late Nurse
NU_8 Wed Late Nurse
NU_8 Sat Day Nurse
NU_8 Sun Day Nurse
NU_9 Thu Day Nurse
NU_9 Fri Day Nurse
NU_9 Sat Day Caretaker
NU_9 Sun Day Caretaker
NU_10 Thu Early Nurse
NU_10 Fri Early Nurse
NU_10 Sat Late Nurse
NU_10 Sun Late Nurse
NU_11 Wed Day Nurse
NU_11 Thu Day Nurse
NU_11 Fri Day Nurse
NU_12 Mon Day Nurse
NU_12 Tue Day Nurse
NU_12 Wed Early Nurse
NU_12 Thu Early Nurse
NU_12 Fri Early Nurse
NU_13 Mon Day Nurse
NU_13 Tue Day Nurse
NU_13 Wed Early Nurse
NU_13 Thu Early Nurse
NU_14 Mon Late Caretaker
NU_14 Tue Late Nurse
NU_14 Fri Day Nurse
NU_14 Sat Day Caretaker
NU_14 Sun Day Caretaker
NU_15 Mon Day Nurse
NU_15 Tue Day Caretaker
NU_15 Wed Day Caretaker
NU_15 Thu Day Caretaker
NU_16 Mon Late Caretaker
NU_16 Tue Late Nurse
NU_17 Mon Early Nurse
NU_17 Tue Early Nurse
NU_18 Thu Early Caretaker
NU_18 Fri Early Nurse
NU_18 Sat Late Caretaker
NU_18 Sun Late Nurse
NU_19 Mon Night Nurse
NU_19 Tue Night Nurse
NU_19 Wed Night Nurse
NU_19 Thu Night Nurse
NU_19 Fri Night Nurse
NU_20 Mon Early Nurse
NU_20 Tue Early Nurse
NU_20 Wed Day Caretaker
NU_20 Thu Day Caretaker
NU_20 Fri Day Caretaker
NU_21 Mon Late Caretaker
NU_21 Tue Late Caretaker
NU_22 Mon Early Nurse
NU_22 Tue Early Nurse
NU_22 Wed Day Caretaker
NU_22 Thu Day Caretaker
NU_22 Fri Day Caretaker
NU_23 Thu Day Caretaker
NU_23 Fri Day Caretaker
NU_23 Sat Late Caretaker
NU_23 Sun Late Caretaker
NU_24 Fri Late Nurse
NU_24 Sat Late Caretaker
NU_24 Sun Night Nurse
NU_25 Wed Late Nurse
NU_25 Thu Late Nurse
NU_25 Fri Late Nurse
NU_26 Mon Day Caretaker
NU_26 Tue Day Caretaker
NU_26 Wed Day Caretaker
NU_26 Thu Day Caretaker
NU_26 Fri Day Caretaker
NU_27 Mon Day Caretaker
NU_27 Tue Day Caretaker
NU_27 Wed Late Nurse
NU_27 Thu Late Nurse
NU_27 Fri Late Nurse
NU_28 Mon Night Nurse
NU_28 Fri Early Caretaker
NU_28 Sat Early Nurse
NU_28 Sun Late Caretaker
NU_29 Mon Night Nurse
NU_29 Tue Night Nurse
NU_29 Wed Night Nurse
NU_29 Thu Night Nurse
NU_29 Fri Night Nurse
NU_30 Mon Day Caretaker
NU_30 Tue Day Caretaker
NU_30 Wed Early Caretaker
NU_30 Thu Early Caretaker
NU_30 Fri Early Caretaker
NU_31 Wed Early Caretaker
NU_31 Thu Early Caretaker
NU_31 Fri Early Caretaker
NU_32 Mon Night Nurse
NU_33 Mon Night Caretaker
NU_33 Tue Night Nurse
NU_33 Wed Night Caretaker
NU_33 Thu Night Nurse
NU_33 Fri Night Nurse
NU_34 Wed Early Caretaker
NU_34 Thu Early Caretaker
NU_34 Fri Night Caretaker
NU_34 Sat Night Caretaker
NU_34 Sun Night Caretaker
NU_35 Mon Early Caretaker
NU_35 Tue Early Caretaker
NU_35 Wed Late Nurse
NU_35 Thu Late Caretaker
NU_35 Fri Late Nurse
NU_36 Tue Late Caretaker
NU_36 Wed Late Caretaker
NU_36 Thu Late Caretaker
NU_36 Fri Late Caretaker
NU_37 Thu Day Caretaker
NU_37 Fri Day Caretaker
NU_37 Sat Early Nurse
NU_37 Sun Early Nurse
NU_38 Mon Night Caretaker
NU_38 Tue Night Nurse
NU_38 Wed Night Caretaker
NU_39 Thu Early Caretaker
NU_39 Fri Early Caretaker
NU_39 Sat Early Caretaker
NU_39 Sun Early Nurse
CT_40 Mon Night Caretaker
CT_40 Tue Night Caretaker
CT_40 Wed Night Caretaker
CT_40 Thu Night Caretaker
CT_40 Fri Night Caretaker
CT_41 Mon Early Caretaker
CT_41 Tue Late Caretaker
CT_41 Wed Late Caretaker
CT_42 Mon Day Caretaker
CT_42 Tue Day Caretaker
CT_42 Wed Late Caretaker
CT_42 Thu Late Caretaker
CT_42 Fri Late Caretaker
CT_43 Mon Early Caretaker
CT_43 Tue Early Caretaker
CT_44 Wed Early Caretaker
CT_44 Thu Early Caretaker
CT_44 Fri Early Caretaker
CT_45 Wed Early Caretaker
CT_45 Thu Early Caretaker
CT_45 Fri Early Caretaker
CT_46 Mon Day Caretaker
CT_46 Thu Day Caretaker
CT_46 Fri Day Caretaker
CT_46 Sat Day Caretaker
CT_46 Sun Day Caretaker
CT_47 Mon Early Caretaker
CT_47 Tue Early Caretaker
CT_47 Wed Day Caretaker
CT_47 Thu Day Caretaker
CT_48 Mon Early Caretaker
CT_48 Tue Early Caretaker
CT_48 Sat Night Caretaker
CT_48 Sun Night Caretaker
CT_49 Mon Day Caretaker
CT_49 Tue Day Caretaker
CT_49 Wed Day Caretaker
CT_49 Sat Early Caretaker
CT_49 Sun Early Caretaker
CT_50 Mon Night Caretaker
CT_50 Tue Night Caretaker
CT_51 Mon Night Caretaker
CT_51 Tue Night Caretaker
CT_51 Wed Night Caretaker
CT_51 Thu Night Caretaker
CT_51 Fri Night Caretaker
CT_52 Mon Late Caretaker
CT_52 Tue Late Caretaker
CT_52 Wed Late Caretaker
CT_53 Mon Late Caretaker
CT_53 Tue Late Caretaker
CT_53 Wed Late Caretaker
CT_53 Sat Early Caretaker
CT_53 Sun Early Caretaker
CT_54 Mon Night Caretaker
CT_54 Tue Night Caretaker
CT_54 Wed Night Caretaker
CT_54 Thu Night Caretaker
CT_54 Fri Night Caretaker
CT_55 Mon Night Caretaker
CT_55 Tue Night Caretaker
CT_55 Wed Night Caretaker
CT_55 Thu Night Caretaker
CT_55 Fri Night Caretaker
CT_56 Mon Late Caretaker
CT_56 Tue Late Caretaker
CT_56 Wed Late Caretaker
CT_56 Thu Late Caretaker
CT_56 Fri Late Caretaker
CT_57 Mon Night Caretaker
CT_57 Tue Night Caretaker
CT_57 Wed Night Caretaker
CT_57 Thu Night Caretaker
CT_57 Fri Night Caretaker
CT_58 Mon Early Caretaker
CT_58 Tue Early Caretaker
CT_58 Wed Early Caretaker
CT_59 Mon Late Caretaker
CT_59 Tue Late Caretaker
CT_59 Wed Late Caretaker
CT_59 Thu Late Caretaker
CT_59 Fri Late Caretaker
TR_60 Tue Early Trainee
TR_60 Wed Early Trainee
TR_60 Thu Early Trainee
TR_60 Fri Early Trainee
TR_61 Mon Late Trainee
TR_61 Tue Late Trainee
TR_62 Mon Early Trainee
TR_62 Tue Early Trainee
TR_62 Wed Day Trainee
TR_62 Thu Day Trainee
TR_62 Fri Day Trainee
TR_63 Tue Night Trainee
TR_63 Wed Night Trainee
TR_63 Thu Night Trainee
TR_63 Fri Night Trainee
TR_64 Mon Late Trainee
TR_64 Tue Late Trainee
TR_65 Mon Night Trainee
TR_65 Tue Night Trainee
TR_65 Wed Night Trainee
TR_65 Sat Day Trainee
TR_65 Sun Day Trainee
TR_66 Fri Late Trainee
TR_66 Sat Late Trainee
TR_66 Sun Late Trainee
TR_67 Mon Day Trainee
TR_67 Tue Day Trainee
TR_67 Wed Day Trainee
TR_67 Thu Early Trainee
TR_67 Fri Early Trainee
TR_68 Mon Day Trainee
TR_68 Tue Day Trainee
TR_68 Wed Late Trainee
TR_68 Thu Late Trainee
TR_68 Fri Late Trainee
TR_69 Mon Late Trainee
TR_69 Tue Late Trainee
TR_69 Wed Late Trainee
TR_69 Sat Early Trainee
TR_69 Sun Early Trainee
