SOLUTION
3 n070w4

ASSIGNMENTS = 275
HN_0 Tue Night Nurse
HN_0 Wed Night HeadNurse
HN_0 Thu Night Nurse
HN_0 Fri Night Nurse
HN_1 Mon Late HeadNurse
HN_1 Tue Late HeadNurse
HN_1 Wed Late HeadNurse
HN_2 Mon Day Nurse
HN_2 Tue Day HeadNurse
HN_2 Wed Day Nurse
HN_2 Thu Day Nurse
HN_2 Fri Day HeadNurse
HN_3 Mon Night HeadNurse
HN_4 Wed Night Nurse
HN_4 Thu Night Nurse
HN_4 Fri Night Nurse
HN_4 Sat Night HeadNurse
HN_4 Sun Night HeadNurse
HN_5 Fri Day Nurse
HN_5 Sat Day HeadNurse
HN_5 Sun Late HeadNurse
HN_6 Fri Early HeadNurse
HN_6 Sat Early HeadNurse
HN_6 Sun Day Nurse
HN_7 Mon Early HeadNurse
HN_7 Tue Early Nurse
HN_7 Wed Early HeadNurse
HN_7 Thu Early Nurse
NU_8 Mon Day Nurse
NU_8 Tue Day Nurse
NU_9 Fri Day Nurse
NU_9 Sat Day Nurse
NU_9 Sun Day Nurse
NU_10 Mon Late Nurse
NU_10 Fri Day Nurse
NU_10 Sat Day Caretaker
NU_10 Sun Early Nurse
NU_11 Mon Night Nurse
NU_11 Tue Night Nurse
NU_11 Wed Night Nurse
NU_11 Thu Night Nurse
NU_11 Fri Night Nurse
NU_12 Thu Late Nurse
NU_12 Fri Late Nurse
NU_12 Sat Night Nurse
NU_12 Sun Night Nurse
NU_13 Thu Early Nurse
NU_13 Fri Early Nurse
NU_13 Sat Early Nurse
NU_13 Sun Early Caretaker
NU_14 Mon Day Nurse
NU_14 Tue Day Nurse
NU_15 Wed Late Nurse
NU_15 Thu Late Nurse
NU_15 Fri Late Nurse
NU_16 Mon Early Nurse
NU_16 Tue Early Nurse
NU_16 Wed Day Nurse
NU_16 Thu Day Nurse
NU_16 Fri Day Nurse
NU_17 Tue Day Nurse
NU_17 Wed Day Nurse
NU_17 Thu Early Nurse
NU_17 Fri Early Nurse
NU_18 Mon Late Nurse
NU_18 Fri Late Nurse
NU_18 Sat Late Nurse
NU_18 Sun Late Nurse
NU_19 Mon Early Nurse
NU_19 Tue Early Nurse
NU_19 Wed Early Nurse
NU_20 Mon Night Nurse
NU_20 Tue Night Nurse
NU_20 Wed Night Nurse
NU_20 Thu Night Nurse
NU_20 Fri Night Nurse
NU_21 Mon Early Nurse
NU_21 Tue Early Caretaker
NU_21 Wed Early Nurse
NU_21 Thu Early Nurse
NU_22 Mon Early Nurse
NU_22 Tue Early Caretaker
NU_22 Wed Early Nurse
NU_22 Thu Late Nurse
NU_22 Fri Late Caretaker
NU_23 Thu Day Caretaker
NU_23 Fri Day Caretaker
NU_23 Sat Night Nurse
NU_23 Sun Night Caretaker
NU_24 Mon Night Nurse
NU_24 Tue Night Nurse
NU_24 Wed Night Caretaker
NU_25 Mon Day Caretaker
NU_25 Tue Day Nurse
NU_25 Wed Day Caretaker
NU_25 Thu Day Caretaker
NU_25 Fri Day Caretaker
NU_26 Mon Late Nurse
NU_26 Tue Late Nurse
NU_26 Wed Late Nurse
NU_26 Sat Early Nurse
NU_26 Sun Early Caretaker
NU_27 Mon Late Caretaker
NU_27 Tue Late Nurse
NU_27 Wed Late Nurse
NU_27 Sat Late Nurse
NU_27 Sun Late Caretaker
NU_28 Mon Late Caretaker
NU_28 Tue Late Nurse
NU_29 Tue Night Caretaker
NU_29 Wed Night Caretaker
NU_29 Thu Night Caretaker
NU_29 Fri Night Caretaker
NU_30 Thu Late Caretaker
NU_30 Fri Late Caretaker
NU_30 Sat Late Caretaker
NU_30 Sun Late Caretaker
NU_31 Mon Early Caretaker
NU_31 Tue Early Caretaker
NU_31 Wed Early Caretaker
NU_31 Thu Late Caretaker
NU_31 Fri Late Caretaker
NU_32 Mon Day Caretaker
NU_32 Tue Day Nurse
NU_32 Wed Early Caretaker
NU_32 Thu Early Nurse
NU_33 Mon Late Caretaker
NU_33 Tue Late Caretaker
NU_33 Wed Late Caretaker
NU_33 Thu Late Caretaker
NU_33 Fri Late Caretaker
NU_34 Mon Night Caretaker
NU_35 Wed Late Caretaker
NU_35 Thu Late Caretaker
NU_35 Fri Late Caretaker
NU_36 Fri Night Caretaker
NU_36 Sat Night Caretaker
NU_36 Sun Night Caretaker
NU_37 Fri Day Caretaker
NU_37 Sat Day Caretaker
NU_37 Sun Day Caretaker
NU_38 Tue Late Caretaker
NU_38 Wed Late Caretaker
NU_38 Thu Late Caretaker
NU_38 Fri Late Caretaker
NU_39 Thu Early Caretaker
NU_39 Fri Early Caretaker
NU_39 Sat Early Caretaker
NU_39 Sun Day Caretaker
CT_40 Mon Late Caretaker
CT_40 Tue Late Caretaker
CT_40 Wed Late Caretaker
CT_41 Tue Day Caretaker
CT_41 Wed Day Caretaker
CT_41 Thu Early Caretaker
CT_41 Fri Early Caretaker
CT_42 Mon Night Caretaker
CT_42 Tue Night Caretaker
CT_42 Wed Night Caretaker
CT_42 Thu Night Caretaker
CT_42 Fri Night Caretaker
CT_43 Mon Early Caretaker
CT_43 Tue Early Caretaker
CT_43 Wed Early Caretaker
CT_43 Thu Early Caretaker
CT_44 Mon Day Caretaker
CT_44 Tue Day Caretaker
CT_44 Wed Late Caretaker
CT_44 Thu Late Caretaker
CT_44 Fri Late Caretaker
CT_45 Mon Day Caretaker
CT_45 Tue Day Caretaker
CT_45 Wed Day Caretaker
CT_45 Thu Day Caretaker
CT_45 Fri Day Caretaker
CT_46 Mon Day Caretaker
CT_46 Thu Day Caretaker
CT_46 Fri Day Caretaker
CT_46 Sat Late Caretaker
CT_46 Sun Late Caretaker
CT_47 Tue Night Caretaker
CT_47 Wed Night Caretaker
CT_47 Thu Night Caretaker
CT_47 Fri Night Caretaker
CT_48 Mon Night Caretaker
CT_48 Tue Night Caretaker
CT_48 Wed Night Caretaker
CT_49 Mon Early Caretaker
CT_49 Tue Early Caretaker
CT_49 Fri Night Caretaker
CT_49 Sat Night Caretaker
CT_49 Sun Night Caretaker
CT_50 Tue Night Caretaker
CT_50 Wed Night Caretaker
CT_50 Thu Night Caretaker
CT_50 Fri Night Caretaker
CT_51 Thu Day Caretaker
CT_51 Fri Day Caretaker
CT_51 Sat Early Caretaker
CT_51 Sun Early Caretaker
CT_52 Mon Day Caretaker
CT_52 Tue Day Caretaker
CT_52 Wed Early Caretaker
CT_52 Thu Early Caretaker
CT_53 Mon Late Caretaker
CT_53 Tue Late Caretaker
CT_53 Fri Night Caretaker
CT_53 Sat Night Caretaker
CT_53 Sun Night Caretaker
CT_54 Mon Day Caretaker
CT_54 Tue Day Caretaker
CT_54 Wed Day Caretaker
CT_54 Thu Day Caretaker
CT_54 Fri Day Caretaker
CT_55 Mon Late Caretaker
CT_55 Tue Late Caretaker
CT_55 Wed Late Caretaker
CT_55 Thu Late Caretaker
CT_55 Fri Late Caretaker
CT_56 Mon Early Caretaker
CT_56 Tue Early Caretaker
CT_56 Wed Early Caretaker
CT_56 Sat Late Caretaker
CT_56 Sun Late Caretaker
CT_57 Wed Early Caretaker
CT_57 Thu Early Caretaker
CT_57 Fri Early Caretaker
CT_58 Tue Day Caretaker
CT_58 Wed Day Caretaker
CT_58 Thu Early Caretaker
CT_58 Fri Early Caretaker
CT_59 Thu Early Caretaker
CT_59 Fri Early Caretaker
CT_59 Sat Early Caretaker
CT_59 Sun Day Caretaker
TR_60 Mon Night Trainee
TR_60 Tue Night Trainee
TR_60 Wed Night Trainee
TR_60 Thu Night Trainee
TR_60 Fri Night Trainee
TR_61 Mon Early Trainee
TR_61 Tue Early Trainee
TR_61 Wed Late Trainee
TR_61 Thu Late Trainee
TR_62 Mon Day Trainee
TR_62 Tue Day Trainee
TR_62 Wed Early Trainee
TR_62 Thu Early Trainee
TR_62 Fri Early Trainee
TR_63 Thu Day Trainee
TR_63 Fri Day Trainee
TR_63 Sat Late Trainee
TR_63 Sun Late Trainee
TR_64 Mon Early Trainee
TR_64 Tue Early Trainee
TR_64 Wed Late Trainee
TR_64 Thu Late Trainee
TR_64 Fri Late Trainee
TR_65 Mon Late Trainee
TR_65 Tue Late Trainee
TR_65 Fri Day Trainee
TR_65 Sat Day Trainee
TR_65 Sun Early Trainee
TR_66 Mon Late Trainee
TR_67 Fri Early Trainee
TR_67 Sat Early Trainee
TR_67 Sun Early Trainee
TR_68 Tue Day Trainee
TR_68 Wed Day Trainee
TR_68 Thu Day Trainee
TR_69 Mon Early Trainee
TR_69 Thu Night Trainee
TR_69 Fri Night Trainee
TR_69 Sat Night Trainee
TR_69 Sun Night Trainee
