SOLUTION
1 n110w4

ASSIGNMENTS = 371
HN_0 Mon Night HeadNurse
HN_0 Sat Late HeadNurse
HN_0 Sun Late HeadNurse
HN_1 Wed Early HeadNurse
HN_1 Thu Early HeadNurse
HN_2 Thu Late HeadNurse
HN_2 Fri Late HeadNurse
HN_3 Wed Day HeadNurse
HN_3 Thu Day HeadNurse
HN_3 Fri Day HeadNurse
HN_4 Tue Day HeadNurse
HN_4 Wed Day Nurse
HN_4 Thu Day Nurse
HN_5 Wed Early HeadNurse
HN_5 Thu Early Nurse
HN_5 Fri Early HeadNurse
HN_6 Mon Late HeadNurse
HN_6 Tue Late HeadNurse
HN_6 Wed Late HeadNurse
HN_6 Thu Late Nurse
HN_7 Mon Day HeadNurse
HN_7 Tue Day HeadNurse
HN_7 Wed Early Nurse
HN_7 Thu Early Nurse
HN_8 Tue Day Nurse
HN_8 Wed Day Nurse
HN_8 Thu Day Nurse
HN_8 Fri Day Nurse
HN_9 Tue Night Nurse
HN_9 Wed Night HeadNurse
HN_9 Thu Night HeadNurse
HN_9 Fri Night HeadNurse
HN_10 Fri Day Nurse
HN_10 Sat Day HeadNurse
HN_10 Sun Night HeadNurse
HN_11 Fri Day Nurse
HN_11 Sat Day HeadNurse
HN_13 Mon Day Nurse
HN_13 Sat Day Nurse
HN_13 Sun Day Nurse
HN_14 Mon Night Nurse
HN_14 Tue Night Nurse
HN_14 Wed Night Nurse
HN_14 Thu Night HeadNurse
HN_15 Mon Late Nurse
HN_15 Tue Late Nurse
HN_15 Sat Early HeadNurse
HN_15 Sun Early Nurse
HN_16 Mon Early HeadNurse
HN_16 Tue Early HeadNurse
HN_16 Wed Late HeadNurse
HN_16 Thu Late Nurse
HN_16 Fri Late Nurse
HN_17 Fri Early Nurse
HN_17 Sat Early HeadNurse
HN_17 Sun Late HeadNurse
HN_18 Mon Night Nurse
HN_18 Tue Night Nurse
HN_18 Wed Night Nurse
HN_18 Thu Night Nurse
HN_18 Fri Night HeadNurse
HN_19 Mon Early Nurse
HN_19 Tue Early Nurse
HN_19 Wed Late Nurse
HN_19 Thu Late Nurse
HN_19 Fri Late Nurse
NU_20 Tue Night Caretaker
NU_20 Wed Night Nurse
NU_20 Thu Night Nurse
NU_20 Fri Night Nurse
NU_21 Mon Late Nurse
NU_21 Tue Late Nurse
NU_21 Wed Late Nurse
NU_21 Thu Late Caretaker
NU_21 Fri Late Nurse
NU_22 Mon Day Nurse
NU_22 Tue Day Nurse
NU_22 Wed Day Nurse
NU_22 Thu Late Caretaker
NU_22 Fri Late Caretaker
NU_23 Fri Early Nurse
NU_23 Sat Early Nurse
NU_23 Sun Day Caretaker
NU_24 Mon Late Nurse
NU_24 Tue Late Nurse
NU_24 Wed Late Nurse
NU_25 Mon Late Nurse
NU_25 Tue Late Caretaker
NU_25 Wed Late Caretaker
NU_25 Thu Late Caretaker
NU_26 Mon Early Nurse
NU_26 Tue Early Nurse
NU_26 Fri Early Nurse
NU_26 Sat Early Nurse
NU_27 Mon Day Caretaker
NU_27 Tue Day Nurse
NU_28 Mon Day Caretaker
NU_28 Tue Day Caretaker
NU_28 Wed Day Caretaker
NU_28 Thu Early Nurse
NU_28 Fri Early Caretaker
NU_29 Mon Night Nurse
NU_29 Sat Early Caretaker
NU_29 Sun Early Caretaker
NU_30 Wed Early Nurse
NU_30 Thu Early Nurse
NU_30 Fri Early Caretaker
NU_31 Fri Day Caretaker
NU_31 Sat Day Caretaker
NU_31 Sun Day Caretaker
NU_32 Wed Early Caretaker
NU_32 Thu Early Caretaker
NU_32 Fri Early Caretaker
NU_33 Mon Early Nurse
NU_33 Tue Early Caretaker
NU_33 Wed Early Caretaker
NU_33 Thu Day Nurse
NU_33 Fri Day Caretaker
NU_34 Mon Late Caretaker
NU_34 Tue Late Caretaker
NU_35 Tue Day Caretaker
NU_35 Wed Day Caretaker
NU_35 Thu Night Nurse
NU_35 Fri Night Nurse
NU_35 Sat Night Nurse
NU_35 Sun Night Nurse
NU_36 Mon Night Caretaker
NU_37 Tue Night Caretaker
NU_37 Wed Night Caretaker
NU_37 Thu Night Caretaker
NU_37 Fri Night Nurse
NU_38 Mon Early Nurse
NU_38 Thu Day Nurse
NU_38 Fri Day Caretaker
NU_38 Sat Late Nurse
NU_38 Sun Late Nurse
NU_39 Mon Night Caretaker
NU_39 Tue Night Caretaker
NU_39 Wed Night Caretaker
NU_39 Thu Night Caretaker
NU_39 Fri Night Nurse
CT_40 Mon Late Caretaker
CT_40 Tue Late Caretaker
CT_40 Wed Late Caretaker
CT_41 Mon Day Caretaker
CT_41 Tue Day Caretaker
CT_42 Wed Early Caretaker
CT_42 Thu Early Caretaker
CT_42 Fri Early Caretaker
CT_43 Thu Late Caretaker
CT_43 Fri Late Caretaker
CT_44 Mon Early Caretaker
CT_44 Tue Early Caretaker
CT_45 Mon Early Caretaker
CT_45 Tue Early Caretaker
CT_45 Wed Day Caretaker
CT_45 Thu Day Caretaker
CT_46 Mon Night Caretaker
CT_47 Mon Early Caretaker
CT_47 Thu Night Caretaker
CT_47 Fri Night Caretaker
CT_47 Sat Night Caretaker
CT_47 Sun Night Caretaker
CT_48 Mon Early Caretaker
CT_48 Tue Early Caretaker
CT_49 Mon Late Caretaker
CT_49 Tue Late Caretaker
CT_49 Wed Late Caretaker
CT_49 Thu Late Caretaker
CT_49 Fri Late Caretaker
CT_50 Mon Night Caretaker
CT_50 Tue Night Caretaker
CT_50 Wed Night Caretaker
CT_50 Thu Night Caretaker
CT_50 Fri Night Caretaker
CT_51 Fri Night Caretaker
CT_51 Sat Night Caretaker
CT_51 Sun Night Caretaker
CT_52 Wed Late Caretaker
CT_52 Thu Late Caretaker
CT_52 Fri Late Caretaker
CT_52 Sat Late Caretaker
CT_52 Sun Late Caretaker
CT_53 Mon Night Caretaker
CT_54 Mon Late Caretaker
CT_54 Thu Night Caretaker
CT_54 Fri Night Caretaker
CT_54 Sat Night Caretaker
CT_54 Sun Night Caretaker
CT_55 Mon Late Caretaker
CT_55 Tue Late Caretaker
CT_55 Wed Late Caretaker
CT_56 Mon Early Caretaker
CT_56 Tue Early Caretaker
CT_58 Mon Late Caretaker
CT_58 Tue Late Caretaker
CT_59 Mon Day Caretaker
CT_59 Sat Night Caretaker
CT_59 Sun Night Caretaker
CT_60 Tue Night Caretaker
CT_60 Wed Night Caretaker
CT_60 Thu Night Caretaker
CT_60 Fri Night Caretaker
CT_61 Thu Day Caretaker
CT_61 Fri Day Caretaker
CT_62 Mon Night Caretaker
CT_62 Tue Night Caretaker
CT_62 Wed Night Caretaker
CT_62 Thu Night Caretaker
CT_62 Fri Night Caretaker
CT_63 Mon Early Caretaker
CT_63 Tue Early Caretaker
CT_63 Wed Early Caretaker
CT_63 Thu Early Caretaker
CT_64 Tue Day Caretaker
CT_64 Wed Day Caretaker
CT_64 Thu Day Caretaker
CT_65 Mon Night Caretaker
CT_65 Tue Night Caretaker
CT_65 Wed Night Caretaker
CT_65 Thu Night Caretaker
CT_65 Fri Night Caretaker
CT_66 Mon Late Caretaker
CT_66 Sat Early Caretaker
CT_66 Sun Early Caretaker
CT_67 Mon Day Caretaker
CT_67 Tue Day Caretaker
CT_67 Sat Late Caretaker
CT_67 Sun Late Caretaker
CT_68 Fri Late Caretaker
CT_68 Sat Late Caretaker
CT_68 Sun Late Caretaker
CT_69 Sat Early Caretaker
CT_69 Sun Early Caretaker
CT_70 Wed Day Caretaker
CT_70 Thu Day Caretaker
CT_70 Fri Day Caretaker
CT_70 Sat Day Caretaker
CT_70 Sun Late Caretaker
CT_71 Mon Day Caretaker
CT_71 Tue Day Caretaker
CT_72 Thu Day Caretaker
CT_72 Fri Day Caretaker
CT_73 Wed Late Caretaker
CT_73 Thu Late Caretaker
CT_74 Wed Early Caretaker
CT_74 Thu Early Caretaker
CT_75 Tue Day Caretaker
CT_75 Wed Day Caretaker
CT_75 Thu Early Caretaker
CT_75 Fri Early Caretaker
CT_75 Sat Day Caretaker
CT_75 Sun Day Caretaker
CT_76 Wed Late Caretaker
CT_76 Thu Late Caretaker
CT_76 Fri Late Caretaker
CT_77 Mon Early Caretaker
CT_77 Tue Early Caretaker
CT_77 Wed Early Caretaker
CT_77 Thu Early Caretaker
CT_77 Fri Early Caretaker
CT_78 Wed Day Caretaker
CT_78 Thu Day Caretaker
CT_78 Fri Day Caretaker
CT_79 Fri Early Caretaker
CT_79 Sat Early Caretaker
TR_80 Thu Early Trainee
TR_80 Fri Early Trainee
TR_80 Sat Night Trainee
TR_80 Sun Night Trainee
TR_81 Tue Late Trainee
TR_81 Wed Late Trainee
TR_81 Thu Late Trainee
TR_82 Fri Day Trainee
TR_82 Sat Day Trainee
TR_82 Sun Late Trainee
TR_83 Mon Night Trainee
TR_83 Tue Night Trainee
TR_83 Wed Night Trainee
TR_84 Wed Early Trainee
TR_84 Thu Early Trainee
TR_84 Fri Day Trainee
TR_84 Sat Day Trainee
TR_84 Sun Early Trainee
TR_85 Mon Early Trainee
TR_85 Tue Early Trainee
TR_86 Mon Early Trainee
TR_87 Tue Late Trainee
TR_87 Wed Late Trainee
TR_87 Thu Late Trainee
TR_87 Fri Late Trainee
TR_88 Wed Day Trainee
TR_88 Thu Day Trainee
TR_88 Fri Night Trainee
TR_88 Sat Night Trainee
TR_88 Sun Night Trainee
TR_89 Mon Night Trainee
TR_89 Tue Night Trainee
TR_89 Wed Night Trainee
TR_89 Thu Night Trainee
TR_89 Fri Night Trainee
TR_90 Tue Day Trainee
TR_90 Wed Day Trainee
TR_90 Thu Day Trainee
TR_91 Mon Night Trainee
TR_91 Tue Night Trainee
TR_91 Wed Night Trainee
TR_91 Thu Night Trainee
TR_91 Fri Night Trainee
TR_92 Wed Early Trainee
TR_92 Thu Early Trainee
TR_93 Thu Day Trainee
TR_93 Fri Day Trainee
TR_93 Sat Day Trainee
TR_93 Sun Day Trainee
TR_94 Wed Late Trainee
TR_94 Thu Late Trainee
TR_94 Fri Late Trainee
TR_95 Mon Late Trainee
TR_95 Tue Late Trainee
TR_96 Tue Early Trainee
TR_96 Wed Early Trainee
TR_96 Thu Late Trainee
TR_96 Fri Late Trainee
TR_97 Mon Day Trainee
TR_97 Thu Early Trainee
TR_97 Fri Early Trainee
TR_97 Sat Early Trainee
TR_97 Sun Early Trainee
TR_98 Mon Early Trainee
TR_98 Sat Early Trainee
TR_98 Sun Early Trainee
TR_99 Tue Late Trainee
TR_99 Wed Late Trainee
TR_99 Thu Late Trainee
TR_99 Fri Late Trainee
TR_100 Mon Early Trainee
TR_100 Tue Early Trainee
TR_100 Wed Early Trainee
TR_100 Thu Early Trainee
TR_100 Fri Early Trainee
TR_101 Mon Early Trainee
TR_101 Tue Early Trainee
TR_101 Wed Early Trainee
TR_101 Thu Early Trainee
TR_101 Fri Early Trainee
TR_102 Mon Day Trainee
TR_102 Tue Day Trainee
TR_103 Mon Night Trainee
TR_104 Wed Night Trainee
TR_104 Thu Night Trainee
TR_104 Fri Night Trainee
TR_105 Mon Day Trainee
TR_105 Tue Day Trainee
TR_105 Wed Day Trainee
TR_105 Thu Day Trainee
TR_106 Mon Late Trainee
TR_106 Thu Day Trainee
TR_106 Fri Day Trainee
TR_106 Sat Late Trainee
TR_106 Sun Late Trainee
TR_107 Mon Night Trainee
TR_107 Tue Night Trainee
TR_107 Wed Night Trainee
TR_107 Thu Night Trainee
TR_108 Mon Late Trainee
TR_108 Tue Late Trainee
TR_109 Mon Day Trainee
TR_109 Tue Day Trainee
TR_109 Wed Late Trainee
TR_109 Thu Late Trainee
