SOLUTION
3 n110w4

ASSIGNMENTS = 371
HN_0 Mon Night HeadNurse
HN_0 Tue Night HeadNurse
HN_0 Wed Night HeadNurse
HN_0 Thu Night HeadNurse
HN_0 Fri Night HeadNurse
HN_1 Mon Late HeadNurse
HN_1 Tue Late HeadNurse
HN_2 Thu Early HeadNurse
HN_2 Fri Early HeadNurse
HN_3 Mon Early HeadNurse
HN_3 Tue Early HeadNurse
HN_3 Wed Early HeadNurse
HN_3 Thu Day HeadNurse
HN_3 Fri Day HeadNurse
HN_4 Fri Night HeadNurse
HN_4 Sat Night HeadNurse
HN_4 Sun Night HeadNurse
HN_5 Mon Day HeadNurse
HN_6 Tue Late HeadNurse
HN_6 Wed Late HeadNurse
HN_6 Thu Late HeadNurse
HN_6 Fri Late HeadNurse
HN_7 Mon Late HeadNurse
HN_7 Sat Day HeadNurse
HN_7 Sun Day HeadNurse
HN_8 Tue Late Nurse
HN_8 Wed Late HeadNurse
HN_8 Thu Late HeadNurse
HN_8 Fri Late HeadNurse
HN_9 Mon Night HeadNurse
HN_10 Mon Night Nurse
HN_10 Tue Night HeadNurse
HN_10 Wed Night HeadNurse
HN_10 Thu Night Nurse
HN_10 Fri Night Nurse
HN_11 Thu Late Nurse
HN_11 Fri Late Nurse
HN_12 Wed Day HeadNurse
HN_12 Thu Day HeadNurse
HN_12 Fri Day HeadNurse
HN_13 Tue Early Nurse
HN_13 Wed Early Nurse
HN_13 Thu Day Nurse
HN_13 Fri Day Nurse
HN_14 Sat Day Nurse
HN_14 Sun Day Nurse
HN_15 Mon Late Nurse
HN_15 Tue Late Nurse
HN_15 Wed Late Nurse
HN_15 Thu Late Nurse
HN_15 Fri Late Nurse
HN_16 Mon Day Nurse
HN_16 Thu Late Nurse
HN_16 Fri Late Nurse
HN_16 Sat Night Nurse
HN_16 Sun Night Nurse
HN_17 Mon Early HeadNurse
HN_17 Tue Early Nurse
HN_17 Wed Early Nurse
HN_17 Thu Early Nurse
HN_17 Fri Early Nurse
HN_18 Mon Late Nurse
HN_18 Tue Late Nurse
HN_18 Wed Late Nurse
HN_18 Sat Early Nurse
HN_18 Sun Early Nurse
HN_19 Thu Day Nurse
HN_19 Fri Day Nurse
HN_19 Sat Day Nurse
HN_19 Sun Day Nurse
NU_20 Mon Early Nurse
NU_21 Mon Late Nurse
NU_21 Thu Early Nurse
NU_21 Fri Early Nurse
NU_21 Sat Early Caretaker
NU_21 Sun Late Nurse
NU_22 Mon Early Nurse
NU_22 Thu Day Nurse
NU_22 Fri Day Nurse
NU_22 Sat Late Nurse
NU_22 Sun Late Caretaker
NU_23 Wed Day Nurse
NU_23 Thu Day Caretaker
NU_23 Fri Day Nurse
NU_24 Sat Day Caretaker
NU_24 Sun Day Caretaker
NU_25 Mon Night Nurse
NU_25 Tue Night Nurse
NU_26 Thu Early Nurse
NU_26 Fri Early Caretaker
NU_27 Thu Night Nurse
NU_27 Fri Night Nurse
NU_27 Sat Night Caretaker
NU_28 Mon Late Caretaker
NU_28 Tue Late Caretaker
NU_29 Tue Late Caretaker
NU_29 Wed Late Nurse
NU_29 Thu Late Nurse
NU_29 Fri Late Nurse
NU_30 Fri Late Caretaker
NU_30 Sat Late Nurse
NU_30 Sun Late Caretaker
NU_31 Mon Day Nurse
NU_31 Tue Day Nurse
NU_31 Wed Day Nurse
NU_31 Thu Day Caretaker
NU_32 Mon Early Nurse
NU_32 Tue Early Nurse
NU_32 Wed Early Caretaker
NU_32 Sat Day Caretaker
NU_32 Sun Day Caretaker
NU_33 Mon Night Nurse
NU_33 Tue Night Nurse
NU_33 Wed Night Nurse
NU_33 Thu Night Caretaker
NU_33 Fri Night Nurse
NU_34 Mon Day Nurse
NU_35 Mon Day Nurse
NU_35 Tue Late Caretaker
NU_35 Wed Late Caretaker
NU_36 Wed Day Nurse
NU_36 Thu Day Caretaker
NU_36 Fri Day Caretaker
NU_37 Mon Day Caretaker
NU_38 Mon Night Caretaker
NU_38 Tue Night Caretaker
NU_38 Wed Night Nurse
NU_38 Thu Night Caretaker
NU_38 Fri Night Nurse
NU_39 Tue Day Nurse
NU_39 Wed Day Caretaker
NU_39 Thu Day Caretaker
NU_39 Fri Day Caretaker
CT_40 Fri Late Caretaker
CT_40 Sat Late Caretaker
CT_41 Fri Day Caretaker
CT_41 Sat Day Caretaker
CT_41 Sun Early Caretaker
CT_42 Mon Late Caretaker
CT_42 Tue Late Caretaker
CT_42 Wed Late Caretaker
CT_42 Thu Late Caretaker
CT_42 Fri Late Caretaker
CT_43 Fri Late Caretaker
CT_43 Sat Late Caretaker
CT_44 Mon Early Caretaker
CT_44 Tue Early Caretaker
CT_44 Wed Early Caretaker
CT_45 Mon Night Caretaker
CT_45 Tue Night Caretaker
CT_45 Wed Night Caretaker
CT_45 Thu Night Caretaker
CT_45 Fri Night Caretaker
CT_46 Wed Late Caretaker
CT_46 Thu Late Caretaker
CT_46 Fri Late Caretaker
CT_47 Mon Day Caretaker
CT_47 Tue Day Caretaker
CT_47 Wed Early Caretaker
CT_47 Thu Early Caretaker
CT_47 Fri Early Caretaker
CT_48 Wed Early Caretaker
CT_48 Thu Early Caretaker
CT_48 Fri Early Caretaker
CT_49 Mon Night Caretaker
CT_49 Tue Night Caretaker
CT_49 Fri Night Caretaker
CT_49 Sat Night Caretaker
CT_49 Sun Night Caretaker
CT_50 Fri Late Caretaker
CT_50 Sat Late Caretaker
CT_50 Sun Late Caretaker
CT_51 Mon Early Caretaker
CT_51 Tue Early Caretaker
CT_51 Wed Early Caretaker
CT_52 Mon Night Caretaker
CT_52 Tue Night Caretaker
CT_52 Wed Night Caretaker
CT_53 Wed Day Caretaker
CT_53 Thu Day Caretaker
CT_53 Fri Day Caretaker
CT_54 Mon Night Caretaker
CT_54 Tue Night Caretaker
CT_54 Wed Night Caretaker
CT_54 Thu Night Caretaker
CT_54 Fri Night Caretaker
CT_55 Thu Early Caretaker
CT_55 Fri Early Caretaker
CT_56 Mon Day Caretaker
CT_56 Tue Day Caretaker
CT_57 Wed Late Caretaker
CT_57 Thu Late Caretaker
CT_57 Fri Late Caretaker
CT_58 Mon Late Caretaker
CT_58 Tue Late Caretaker
CT_59 Mon Day Caretaker
CT_59 Tue Day Caretaker
CT_59 Wed Early Caretaker
CT_59 Thu Early Caretaker
CT_59 Fri Early Caretaker
CT_60 Fri Early Caretaker
CT_60 Sat Early Caretaker
CT_60 Sun Day Caretaker
CT_61 Thu Early Caretaker
CT_61 Fri Early Caretaker
CT_62 Mon Night Caretaker
CT_62 Tue Night Caretaker
CT_62 Wed Night Caretaker
CT_62 Thu Night Caretaker
CT_62 Fri Night Caretaker
CT_63 Mon Late Caretaker
CT_63 Tue Late Caretaker
CT_63 Wed Late Caretaker
CT_63 Thu Late Caretaker
CT_64 Fri Night Caretaker
CT_64 Sat Night Caretaker
CT_64 Sun Night Caretaker
CT_65 Mon Late Caretaker
CT_65 Thu Early Caretaker
CT_65 Fri Early Caretaker
CT_65 Sat Early Caretaker
CT_65 Sun Early Caretaker
CT_66 Mon Day Caretaker
CT_66 Tue Day Caretaker
CT_66 Wed Day Caretaker
CT_66 Thu Late Caretaker
CT_66 Fri Late Caretaker
CT_67 Mon Early Caretaker
CT_67 Tue Early Caretaker
CT_68 Mon Day Caretaker
CT_68 Tue Day Caretaker
CT_68 Wed Day Caretaker
CT_69 Mon Early Caretaker
CT_69 Tue Early Caretaker
CT_69 Wed Early Caretaker
CT_70 Mon Early Caretaker
CT_70 Tue Late Caretaker
CT_70 Wed Late Caretaker
CT_71 Mon Day Caretaker
CT_71 Tue Day Caretaker
CT_72 Thu Night Caretaker
CT_72 Fri Night Caretaker
CT_72 Sat Night Caretaker
CT_73 Thu Day Caretaker
CT_73 Fri Day Caretaker
CT_74 Mon Late Caretaker
CT_75 Mon Late Caretaker
CT_75 Tue Late Caretaker
CT_75 Wed Late Caretaker
CT_76 Mon Day Caretaker
CT_76 Tue Day Caretaker
CT_76 Wed Day Caretaker
CT_76 Thu Day Caretaker
CT_76 Fri Day Caretaker
CT_77 Mon Night Caretaker
CT_77 Tue Night Caretaker
CT_77 Wed Night Caretaker
CT_77 Thu Night Caretaker
CT_77 Fri Night Caretaker
CT_78 Mon Early Caretaker
CT_78 Tue Early Caretaker
CT_78 Wed Early Caretaker
CT_78 Sat Early Caretaker
CT_78 Sun Early Caretaker
CT_79 Thu Day Caretaker
CT_79 Fri Day Caretaker
TR_80 Mon Early Trainee
TR_80 Tue Early Trainee
TR_80 Wed Day Trainee
TR_80 Thu Day Trainee
TR_80 Fri Day Trainee
TR_81 Mon Night Trainee
TR_82 Wed Day Trainee
TR_82 Thu Day Trainee
TR_82 Fri Day Trainee
TR_83 Tue Early Trainee
TR_83 Wed Early Trainee
TR_83 Thu Early Trainee
TR_83 Fri Early Trainee
TR_84 Mon Early Trainee
TR_84 Tue Early Trainee
TR_84 Wed Early Trainee
TR_85 Mon Day Trainee
TR_86 Wed Day Trainee
TR_86 Thu Day Trainee
TR_86 Fri Day Trainee
TR_87 Fri Day Trainee
TR_87 Sat Day Trainee
TR_87 Sun Day Trainee
TR_88 Mon Night Trainee
TR_88 Tue Night Trainee
TR_88 Wed Night Trainee
TR_89 Mon Early Trainee
TR_89 Thu Late Trainee
TR_89 Fri Late Trainee
TR_89 Sat Late Trainee
TR_89 Sun Late Trainee
TR_90 Wed Day Trainee
TR_90 Thu Day Trainee
TR_90 Fri Day Trainee
TR_91 Mon Night Trainee
TR_91 Tue Night Trainee
TR_91 Wed Night Trainee
TR_91 Thu Night Trainee
TR_91 Fri Night Trainee
TR_92 Fri Late Trainee
TR_92 Sat Late Trainee
TR_93 Mon Late Trainee
TR_93 Tue Late Trainee
TR_93 Wed Late Trainee
TR_93 Thu Late Trainee
TR_94 Mon Late Trainee
TR_94 Tue Late Trainee
TR_95 Mon Late Trainee
TR_95 Tue Late Trainee
TR_96 Mon Night Trainee
TR_96 Fri Night Trainee
TR_96 Sat Night Trainee
TR_96 Sun Night Trainee
TR_97 Mon Night Trainee
TR_97 Tue Night Trainee
TR_97 Wed Night Trainee
TR_97 Thu Night Trainee
TR_97 Fri Night Trainee
TR_98 Mon Day Trainee
TR_98 Tue Day Trainee
TR_98 Wed Late Trainee
TR_98 Thu Late Trainee
TR_99 Mon Early Trainee
TR_99 Sat Early Trainee
TR_99 Sun Early Trainee
TR_100 Mon Day Trainee
TR_100 Tue Day Trainee
TR_100 Fri Early Trainee
TR_100 Sat Early Trainee
TR_100 Sun Early Trainee
TR_101 Mon Day Trainee
TR_101 Tue Day Trainee
TR_101 Wed Early Trainee
TR_101 Thu Early Trainee
TR_101 Fri Early Trainee
TR_102 Mon Day Trainee
TR_102 Tue Day Trainee
TR_103 Wed Early Trainee
TR_103 Thu Early Trainee
TR_103 Fri Early Trainee
TR_104 Mon Early Trainee
TR_104 Tue Early Trainee
TR_104 Wed Early Trainee
TR_104 Sat Day Trainee
TR_104 Sun Day Trainee
TR_105 Tue Day Trainee
TR_105 Wed Day Trainee
TR_105 Thu Late Trainee
TR_105 Fri Late Trainee
TR_106 Mon Late Trainee
TR_106 Tue Late Trainee
TR_106 Wed Late Trainee
TR_106 Thu Late Trainee
TR_106 Fri Late Trainee
TR_107 Tue Night Trainee
TR_107 Wed Night Trainee
TR_107 Thu Night Trainee
TR_107 Fri Night Trainee
TR_108 Mon Late Trainee
TR_108 Tue Late Trainee
TR_109 Wed Night Trainee
TR_109 Thu Night Trainee
TR_109 Fri Night Trainee
TR_109 Sat Night Trainee
TR_109 Sun Night Trainee
