SOLUTION
3 n110w4

ASSIGNMENTS = 372
HN_0 Wed Night HeadNurse
HN_0 Thu Night HeadNurse
HN_0 Fri Night HeadNurse
HN_0 Sat Night HeadNurse
HN_0 Sun Night HeadNurse
HN_1 Mon Day HeadNurse
HN_2 Tue Late HeadNurse
HN_2 Wed Late HeadNurse
HN_3 Mon Night HeadNurse
HN_3 Tue Night HeadNurse
HN_3 Wed Night Nurse
HN_3 Thu Night Nurse
HN_3 Fri Night Nurse
HN_4 Fri Early HeadNurse
HN_4 Sat Early HeadNurse
HN_4 Sun Day HeadNurse
HN_5 Mon Early HeadNurse
HN_5 Tue Early HeadNurse
HN_5 Wed Late Nurse
HN_5 Thu Late HeadNurse
HN_5 Fri Late HeadNurse
HN_6 Mon Early Nurse
HN_6 Sat Early Nurse
HN_6 Sun Early HeadNurse
HN_7 Mon Early Nurse
HN_7 Tue Early Nurse
HN_7 Wed Day HeadNurse
HN_7 Thu Day HeadNurse
HN_8 Fri Night Nurse
HN_8 Sat Night HeadNurse
HN_8 Sun Night Nurse
HN_9 Tue Day HeadNurse
HN_9 Wed Day Nurse
HN_9 Thu Late HeadNurse
HN_9 Fri Late HeadNurse
HN_10 Mon Day Nurse
HN_10 Tue Day Nurse
HN_10 Wed Early HeadNurse
HN_10 Thu Early HeadNurse
HN_11 Thu Late Nurse
HN_11 Fri Late Nurse
HN_12 Mon Night HeadNurse
HN_12 Tue Night HeadNurse
HN_12 Wed Night Nurse
HN_12 Thu Night Nurse
HN_13 Fri Day HeadNurse
HN_13 Sat Day Nurse
HN_13 Sun Day HeadNurse
HN_14 Tue Late HeadNurse
HN_14 Wed Late Nurse
HN_14 Thu Late Nurse
HN_15 Tue Day Nurse
HN_15 Wed Day Nurse
HN_15 Thu Early HeadNurse
HN_15 Fri Early Nurse
HN_15 Sat Night Nurse
HN_15 Sun Night Nurse
HN_16 Mon Night Nurse
HN_16 Tue Night Nurse
HN_16 Fri Late Nurse
HN_16 Sat Late HeadNurse
HN_16 Sun Late Nurse
HN_18 Mon Late HeadNurse
HN_18 Thu Day Nurse
HN_18 Fri Day HeadNurse
HN_18 Sat Late Nurse
HN_18 Sun Late Nurse
HN_19 Mon Day Nurse
HN_19 Tue Late Nurse
HN_19 Wed Late Nurse
NU_20 Wed Early Nurse
NU_20 Thu Early Nurse
NU_20 Fri Early Nurse
NU_21 Mon Late Nurse
NU_21 Tue Late Nurse
NU_21 Wed Late Nurse
NU_21 Thu Late Caretaker
NU_21 Fri Late Nurse
NU_22 Mon Day Nurse
NU_22 Tue Day Nurse
NU_22 Wed Day Nurse
NU_22 Thu Day Nurse
NU_22 Fri Day Nurse
NU_23 Mon Night Nurse
NU_24 Thu Day Nurse
NU_24 Fri Day Nurse
NU_24 Sat Day Caretaker
NU_24 Sun Early Nurse
NU_25 Fri Late Caretaker
NU_25 Sat Late Caretaker
NU_25 Sun Night Nurse
NU_26 Mon Day Caretaker
NU_26 Thu Early Nurse
NU_26 Fri Early Caretaker
NU_27 Mon Late Nurse
NU_27 Tue Late Nurse
NU_27 Sun Day Nurse
NU_28 Tue Late Caretaker
NU_28 Wed Late Caretaker
NU_28 Thu Late Caretaker
NU_28 Fri Late Caretaker
NU_29 Tue Early Nurse
NU_29 Wed Early Nurse
NU_29 Thu Early Nurse
NU_29 Fri Early Caretaker
NU_30 Mon Late Caretaker
NU_30 Tue Late Caretaker
NU_31 Mon Early Nurse
NU_32 Mon Night Nurse
NU_32 Tue Night Nurse
NU_32 Wed Night Caretaker
NU_32 Thu Night Nurse
NU_32 Fri Night Caretaker
NU_33 Mon Late Caretaker
NU_33 Thu Late Caretaker
NU_33 Fri Late Caretaker
NU_33 Sat Night Caretaker
NU_33 Sun Night Caretaker
NU_34 Thu Late Caretaker
NU_34 Fri Late Caretaker
NU_35 Mon Early Caretaker
NU_35 Tue Early Nurse
NU_35 Wed Early Nurse
NU_35 Thu Day Caretaker
NU_35 Fri Day Nurse
NU_36 Mon Day Caretaker
NU_37 Fri Late Caretaker
NU_37 Sat Late Caretaker
NU_37 Sun Late Nurse
NU_38 Mon Night Nurse
NU_38 Tue Night Caretaker
NU_38 Wed Night Caretaker
NU_38 Thu Night Caretaker
NU_38 Fri Night Caretaker
NU_39 Fri Early Caretaker
NU_39 Sat Early Nurse
NU_39 Sun Day Nurse
CT_40 Mon Late Caretaker
CT_41 Thu Early Caretaker
CT_41 Fri Early Caretaker
CT_42 Mon Day Caretaker
CT_42 Tue Day Caretaker
CT_42 Wed Day Caretaker
CT_42 Sat Late Caretaker
CT_42 Sun Late Caretaker
CT_43 Thu Early Caretaker
CT_43 Fri Early Caretaker
CT_44 Sat Late Caretaker
CT_44 Sun Late Caretaker
CT_45 Mon Late Caretaker
CT_45 Tue Late Caretaker
CT_45 Wed Late Caretaker
CT_46 Mon Early Caretaker
CT_46 Tue Early Caretaker
CT_46 Wed Day Caretaker
CT_46 Thu Day Caretaker
CT_47 Mon Early Caretaker
CT_47 Tue Early Caretaker
CT_47 Wed Early Caretaker
CT_47 Thu Day Caretaker
CT_47 Fri Day Caretaker
CT_49 Mon Night Caretaker
CT_49 Tue Night Caretaker
CT_49 Wed Night Caretaker
CT_49 Thu Night Caretaker
CT_49 Fri Night Caretaker
CT_50 Tue Day Caretaker
CT_50 Wed Day Caretaker
CT_50 Thu Early Caretaker
CT_50 Fri Early Caretaker
CT_51 Mon Night Caretaker
CT_51 Tue Night Caretaker
CT_51 Wed Night Caretaker
CT_51 Thu Night Caretaker
CT_51 Fri Night Caretaker
CT_52 Mon Night Caretaker
CT_52 Tue Night Caretaker
CT_52 Wed Night Caretaker
CT_52 Thu Night Caretaker
CT_53 Tue Day Caretaker
CT_53 Wed Day Caretaker
CT_53 Thu Day Caretaker
CT_53 Fri Day Caretaker
CT_54 Mon Day Caretaker
CT_54 Tue Day Caretaker
CT_54 Wed Day Caretaker
CT_54 Sat Night Caretaker
CT_54 Sun Night Caretaker
CT_55 Mon Late Caretaker
CT_55 Tue Late Caretaker
CT_56 Tue Late Caretaker
CT_56 Wed Late Caretaker
CT_56 Sun Day Caretaker
CT_57 Tue Early Caretaker
CT_57 Wed Early Caretaker
CT_57 Thu Day Caretaker
CT_57 Fri Day Caretaker
CT_58 Wed Day Caretaker
CT_58 Thu Day Caretaker
CT_59 Wed Early Caretaker
CT_59 Thu Early Caretaker
CT_59 Fri Early Caretaker
CT_59 Sat Early Caretaker
CT_59 Sun Early Caretaker
CT_60 Mon Day Caretaker
CT_61 Mon Day Caretaker
CT_62 Mon Day Caretaker
CT_62 Tue Day Caretaker
CT_62 Fri Early Caretaker
CT_62 Sat Early Caretaker
CT_62 Sun Night Caretaker
CT_63 Mon Early Caretaker
CT_63 Tue Late Caretaker
CT_63 Wed Late Caretaker
CT_64 Sat Early Caretaker
CT_64 Sun Early Caretaker
CT_65 Mon Early Caretaker
CT_65 Tue Early Caretaker
CT_65 Wed Early Caretaker
CT_65 Sat Day Caretaker
CT_65 Sun Day Caretaker
CT_66 Mon Night Caretaker
CT_66 Tue Night Caretaker
CT_66 Wed Night Caretaker
CT_66 Thu Night Caretaker
CT_67 Mon Late Caretaker
CT_67 Tue Late Caretaker
CT_67 Sun Early Caretaker
CT_68 Tue Early Caretaker
CT_68 Wed Early Caretaker
CT_68 Thu Early Caretaker
CT_69 Wed Late Caretaker
CT_69 Thu Late Caretaker
CT_69 Fri Late Caretaker
CT_70 Mon Night Caretaker
CT_70 Fri Night Caretaker
CT_70 Sat Night Caretaker
CT_70 Sun Night Caretaker
CT_71 Wed Late Caretaker
CT_71 Thu Late Caretaker
CT_71 Sun Day Caretaker
CT_72 Thu Early Caretaker
CT_72 Fri Early Caretaker
CT_73 Fri Late Caretaker
CT_73 Sat Late Caretaker
CT_73 Sun Late Caretaker
CT_74 Mon Late Caretaker
CT_75 Tue Day Caretaker
CT_75 Wed Day Caretaker
CT_75 Thu Late Caretaker
CT_75 Fri Late Caretaker
CT_76 Mon Night Caretaker
CT_76 Tue Night Caretaker
CT_76 Fri Day Caretaker
CT_76 Sat Day Caretaker
CT_76 Sun Early Caretaker
CT_77 Mon Day Caretaker
CT_77 Tue Day Caretaker
CT_77 Wed Day Caretaker
CT_77 Thu Day Caretaker
CT_77 Fri Day Caretaker
CT_78 Mon Night Caretaker
CT_78 Tue Night Caretaker
CT_78 Wed Night Caretaker
CT_78 Thu Night Caretaker
CT_78 Fri Night Caretaker
CT_79 Mon Early Caretaker
CT_79 Tue Early Caretaker
TR_80 Mon Early Trainee
TR_80 Tue Early Trainee
TR_80 Wed Late Trainee
TR_80 Thu Late Trainee
TR_81 Mon Early Trainee
TR_81 Tue Early Trainee
TR_81 Wed Early Trainee
TR_82 Mon Late Trainee
TR_82 Tue Late Trainee
TR_83 Mon Day Trainee
TR_83 Tue Day Trainee
TR_83 Wed Early Trainee
TR_83 Thu Early Trainee
TR_84 Wed Day Trainee
TR_84 Thu Day Trainee
TR_84 Fri Early Trainee
TR_84 Sat Early Trainee
TR_84 Sun Early Trainee
TR_86 Mon Late Trainee
TR_87 Mon Day Trainee
TR_87 Sat Night Trainee
TR_87 Sun Night Trainee
TR_88 Tue Night Trainee
TR_88 Wed Night Trainee
TR_88 Thu Night Trainee
TR_88 Fri Night Trainee
TR_89 Mon Day Trainee
TR_89 Tue Day Trainee
TR_89 Wed Day Trainee
TR_89 Thu Day Trainee
TR_89 Fri Day Trainee
TR_90 Wed Early Trainee
TR_90 Thu Early Trainee
TR_90 Fri Early Trainee
TR_90 Sat Early Trainee
TR_90 Sun Early Trainee
TR_91 Mon Late Trainee
TR_91 Thu Day Trainee
TR_91 Fri Day Trainee
TR_91 Sat Late Trainee
TR_91 Sun Late Trainee
TR_92 Mon Late Trainee
TR_92 Tue Late Trainee
TR_93 Sat Day Trainee
TR_93 Sun Day Trainee
TR_94 Mon Night Trainee
TR_95 Mon Day Trainee
TR_95 Tue Day Trainee
TR_96 Wed Early Trainee
TR_96 Thu Early Trainee
TR_96 Fri Early Trainee
TR_96 Sat Late Trainee
TR_96 Sun Late Trainee
TR_97 Mon Night Trainee
TR_97 Tue Night Trainee
TR_97 Fri Day Trainee
TR_97 Sat Day Trainee
TR_97 Sun Night Trainee
TR_98 Mon Early Trainee
TR_98 Tue Late Trainee
TR_98 Wed Late Trainee
TR_99 Tue Night Trainee
TR_99 Wed Night Trainee
TR_99 Thu Night Trainee
TR_99 Fri Night Trainee
TR_100 Mon Night Trainee
TR_100 Tue Night Trainee
TR_100 Wed Night Trainee
TR_100 Thu Night Trainee
TR_100 Fri Night Trainee
TR_101 Mon Early Trainee
TR_101 Tue Early Trainee
TR_101 Wed Day Trainee
TR_101 Thu Day Trainee
TR_101 Fri Day Trainee
TR_102 Thu Late Trainee
TR_102 Fri Late Trainee
TR_103 Tue Early Trainee
TR_103 Wed Early Trainee
TR_103 Thu Early Trainee
TR_103 Fri Early Trainee
TR_104 Mon Night Trainee
TR_104 Tue Night Trainee
TR_104 Wed Night Trainee
TR_104 Thu Night Trainee
TR_104 Fri Night Trainee
TR_105 Tue Day Trainee
TR_105 Wed Day Trainee
TR_105 Thu Late Trainee
TR_105 Fri Late Trainee
TR_106 Mon Early Trainee
TR_106 Tue Early Trainee
TR_106 Wed Early Trainee
TR_106 Thu Early Trainee
TR_106 Fri Early Trainee
TR_107 Mon Day Trainee
TR_107 Sat Late Trainee
TR_107 Sun Late Trainee
TR_108 Fri Day Trainee
TR_108 Sat Day Trainee
TR_109 Tue Late Trainee
TR_109 Wed Late Trainee
TR_109 Thu Late Trainee
TR_109 Fri Late Trainee
