SOLUTION
1 n110w4

ASSIGNMENTS = 375
HN_0 Tue Day Nurse
HN_0 Wed Day HeadNurse
HN_0 Thu Day HeadNurse
HN_0 Fri Day HeadNurse
HN_1 Mon Late HeadNurse
HN_1 Tue Late HeadNurse
HN_2 Mon Day HeadNurse
HN_3 Mon Night HeadNurse
HN_3 Thu Early HeadNurse
HN_3 Fri Early HeadNurse
HN_3 Sat Day HeadNurse
HN_3 Sun Day HeadNurse
HN_4 Mon Late HeadNurse
HN_4 Tue Late HeadNurse
HN_4 Wed Late HeadNurse
HN_5 Fri Night HeadNurse
HN_5 Sat Night HeadNurse
HN_5 Sun Night HeadNurse
HN_6 Mon Night HeadNurse
HN_6 Tue Night HeadNurse
HN_6 Wed Night HeadNurse
HN_6 Thu Night HeadNurse
HN_6 Fri Night HeadNurse
HN_7 Mon Early HeadNurse
HN_7 Sat Night Nurse
HN_7 Sun Night HeadNurse
HN_8 Mon Night Nurse
HN_8 Tue Night HeadNurse
HN_8 Wed Night Nurse
HN_8 Thu Night Nurse
HN_8 Fri Night Nurse
HN_9 Sat Day Nurse
HN_9 Sun Day Nurse
HN_10 Mon Day Nurse
HN_10 Fri Day HeadNurse
HN_10 Sat Day Nurse
HN_10 Sun Day Nurse
HN_11 Mon Early HeadNurse
HN_11 Thu Late HeadNurse
HN_11 Fri Late HeadNurse
HN_12 Sat Late Nurse
HN_12 Sun Late Nurse
HN_13 Tue Late Nurse
HN_13 Wed Late HeadNurse
HN_13 Thu Late HeadNurse
HN_13 Fri Late HeadNurse
HN_14 Mon Late Nurse
HN_15 Mon Late Nurse
HN_15 Tue Late Nurse
HN_15 Wed Late Nurse
HN_16 Mon Night Nurse
HN_16 Tue Night Nurse
HN_16 Wed Night Nurse
HN_16 Thu Night Nurse
HN_16 Fri Night Nurse
HN_17 Mon Late Nurse
HN_17 Tue Late Nurse
HN_17 Wed Late Nurse
HN_18 Mon Day Nurse
HN_18 Tue Day Nurse
HN_18 Wed Day Nurse
HN_18 Thu Day HeadNurse
HN_18 Fri Day Nurse
HN_19 Mon Early Nurse
HN_19 Tue Early HeadNurse
HN_19 Wed Early HeadNurse
HN_19 Thu Day Nurse
HN_19 Fri Day Nurse
HN_19 Sat Early Nurse
HN_19 Sun Early Nurse
NU_20 Mon Early Nurse
NU_21 Wed Late Nurse
NU_21 Thu Late Nurse
NU_21 Fri Late Nurse
NU_22 Mon Night Nurse
NU_22 Tue Night Nurse
NU_22 Wed Night Caretaker
NU_22 Thu Night Caretaker
NU_22 Fri Night Nurse
NU_23 Tue Early Nurse
NU_23 Wed Early Nurse
NU_23 Thu Day Nurse
NU_23 Fri Day Nurse
NU_24 Mon Early Nurse
NU_24 Tue Early Nurse
NU_24 Wed Early Nurse
NU_25 Mon Early Caretaker
NU_25 Tue Early Nurse
NU_25 Wed Early Caretaker
NU_26 Thu Early Nurse
NU_26 Fri Early Nurse
NU_27 Thu Early Nurse
NU_27 Fri Early Nurse
NU_28 Mon Late Caretaker
NU_29 Mon Night Caretaker
NU_29 Tue Night Caretaker
NU_29 Sat Day Caretaker
NU_29 Sun Day Caretaker
NU_30 Wed Early Caretaker
NU_30 Thu Early Nurse
NU_30 Fri Early Caretaker
NU_31 Tue Day Caretaker
NU_31 Wed Day Nurse
NU_31 Thu Late Nurse
NU_31 Fri Late Nurse
NU_32 Mon Early Caretaker
NU_32 Thu Day Nurse
NU_32 Fri Day Nurse
NU_32 Sat Early Caretaker
NU_32 Sun Early Caretaker
NU_33 Mon Early Caretaker
NU_33 Tue Early Caretaker
NU_33 Wed Day Nurse
NU_33 Thu Day Caretaker
NU_33 Fri Day Caretaker
NU_34 Thu Late Nurse
NU_34 Fri Late Nurse
NU_35 Mon Day Nurse
NU_35 Sat Night Caretaker
NU_35 Sun Night Nurse
NU_36 Tue Late Caretaker
NU_36 Wed Late Caretaker
NU_36 Thu Late Nurse
NU_36 Fri Late Nurse
NU_37 Mon Early Caretaker
NU_37 Tue Early Caretaker
NU_37 Wed Early Caretaker
NU_38 Mon Day Nurse
NU_38 Thu Early Caretaker
NU_38 Fri Early Caretaker
NU_38 Sat Late Nurse
NU_38 Sun Late Caretaker
NU_39 Mon Night Caretaker
NU_39 Tue Night Caretaker
NU_39 Wed Night Caretaker
NU_39 Thu Night Caretaker
NU_39 Fri Night Nurse
CT_40 Tue Late Caretaker
CT_40 Wed Late Caretaker
CT_41 Fri Day Caretaker
CT_41 Sat Day Caretaker
CT_42 Wed Early Caretaker
CT_42 Thu Early Caretaker
CT_42 Fri Early Caretaker
CT_43 Mon Late Caretaker
CT_43 Tue Late Caretaker
CT_44 Mon Late Caretaker
CT_44 Tue Late Caretaker
CT_44 Wed Late Caretaker
CT_45 Wed Day Caretaker
CT_45 Thu Day Caretaker
CT_45 Fri Night Caretaker
CT_45 Sat Night Caretaker
CT_45 Sun Night Caretaker
CT_46 Thu Day Caretaker
CT_46 Fri Day Caretaker
CT_46 Sat Early Caretaker
CT_46 Sun Early Caretaker
CT_47 Mon Day Caretaker
CT_47 Thu Night Caretaker
CT_47 Fri Night Caretaker
CT_47 Sat Night Caretaker
CT_47 Sun Night Caretaker
CT_48 Tue Early Caretaker
CT_48 Wed Early Caretaker
CT_48 Thu Day Caretaker
CT_48 Fri Day Caretaker
CT_49 Mon Early Caretaker
CT_49 Tue Early Caretaker
CT_49 Wed Early Caretaker
CT_49 Thu Day Caretaker
CT_49 Fri Day Caretaker
CT_50 Mon Late Caretaker
CT_50 Tue Late Caretaker
CT_50 Wed Late Caretaker
CT_51 Fri Early Caretaker
CT_51 Sat Early Caretaker
CT_51 Sun Early Caretaker
CT_52 Wed Early Caretaker
CT_52 Thu Early Caretaker
CT_52 Fri Late Caretaker
CT_52 Sat Late Caretaker
CT_52 Sun Late Caretaker
CT_53 Mon Late Caretaker
CT_54 Wed Late Caretaker
CT_54 Thu Late Caretaker
CT_54 Fri Late Caretaker
CT_55 Mon Day Caretaker
CT_56 Mon Late Caretaker
CT_56 Tue Late Caretaker
CT_57 Mon Night Caretaker
CT_57 Tue Night Caretaker
CT_58 Mon Day Caretaker
CT_58 Thu Early Caretaker
CT_58 Fri Early Caretaker
CT_59 Tue Day Caretaker
CT_59 Wed Day Caretaker
CT_59 Thu Early Caretaker
CT_59 Fri Early Caretaker
CT_60 Mon Day Caretaker
CT_60 Tue Day Caretaker
CT_60 Wed Day Caretaker
CT_60 Thu Late Caretaker
CT_60 Fri Late Caretaker
CT_61 Thu Day Caretaker
CT_61 Fri Day Caretaker
CT_62 Mon Day Caretaker
CT_62 Tue Day Caretaker
CT_62 Wed Day Caretaker
CT_62 Thu Late Caretaker
CT_62 Fri Late Caretaker
CT_63 Tue Day Caretaker
CT_63 Wed Day Caretaker
CT_63 Thu Day Caretaker
CT_63 Fri Early Caretaker
CT_63 Sat Early Caretaker
CT_63 Sun Day Caretaker
CT_64 Mon Night Caretaker
CT_64 Tue Night Caretaker
CT_64 Wed Night Caretaker
CT_64 Thu Night Caretaker
CT_64 Fri Night Caretaker
CT_65 Mon Night Caretaker
CT_65 Tue Night Caretaker
CT_65 Wed Night Caretaker
CT_65 Thu Night Caretaker
CT_65 Fri Night Caretaker
CT_66 Mon Night Caretaker
CT_66 Tue Night Caretaker
CT_66 Sat Day Caretaker
CT_66 Sun Day Caretaker
CT_67 Mon Day Caretaker
CT_67 Tue Day Caretaker
CT_68 Fri Night Caretaker
CT_68 Sat Night Caretaker
CT_68 Sun Night Caretaker
CT_69 Mon Day Caretaker
CT_70 Tue Late Caretaker
CT_70 Wed Late Caretaker
CT_70 Thu Late Caretaker
CT_70 Fri Late Caretaker
CT_71 Thu Day Caretaker
CT_71 Fri Day Caretaker
CT_72 Thu Late Caretaker
CT_72 Fri Late Caretaker
CT_73 Tue Late Caretaker
CT_73 Wed Late Caretaker
CT_74 Mon Early Caretaker
CT_74 Tue Early Caretaker
CT_75 Fri Late Caretaker
CT_75 Sat Late Caretaker
CT_75 Sun Late Caretaker
CT_76 Mon Night Caretaker
CT_76 Tue Night Caretaker
CT_76 Wed Night Caretaker
CT_76 Thu Night Caretaker
CT_76 Fri Night Caretaker
CT_77 Mon Day Caretaker
CT_77 Tue Day Caretaker
CT_77 Wed Early Caretaker
CT_77 Thu Early Caretaker
CT_77 Fri Early Caretaker
CT_78 Mon Late Caretaker
CT_78 Thu Night Caretaker
CT_78 Fri Night Caretaker
CT_78 Sat Night Caretaker
CT_78 Sun Night Caretaker
CT_79 Fri Late Caretaker
CT_79 Sat Late Caretaker
TR_80 Mon Late Trainee
TR_80 Sat Late Trainee
TR_80 Sun Late Trainee
TR_81 Fri Night Trainee
TR_81 Sat Night Trainee
TR_81 Sun Night Trainee
TR_82 Wed Night Trainee
TR_82 Thu Night Trainee
TR_82 Fri Night Trainee
TR_83 Mon Early Trainee
TR_83 Fri Day Trainee
TR_83 Sat Day Trainee
TR_83 Sun Day Trainee
TR_84 Mon Day Trainee
TR_84 Tue Day Trainee
TR_84 Wed Early Trainee
TR_84 Thu Early Trainee
TR_85 Mon Day Trainee
TR_85 Tue Day Trainee
TR_86 Mon Day Trainee
TR_86 Tue Day Trainee
TR_86 Wed Day Trainee
TR_86 Thu Day Trainee
TR_86 Fri Day Trainee
TR_87 Tue Day Trainee
TR_87 Wed Day Trainee
TR_87 Thu Late Trainee
TR_87 Fri Late Trainee
TR_88 Mon Night Trainee
TR_88 Tue Night Trainee
TR_88 Wed Night Trainee
TR_88 Thu Night Trainee
TR_89 Mon Late Trainee
TR_89 Tue Late Trainee
TR_89 Fri Early Trainee
TR_89 Sat Early Trainee
TR_89 Sun Early Trainee
TR_90 Mon Early Trainee
TR_90 Tue Early Trainee
TR_90 Wed Early Trainee
TR_91 Mon Night Trainee
TR_91 Tue Night Trainee
TR_91 Wed Night Trainee
TR_91 Thu Night Trainee
TR_91 Fri Night Trainee
TR_92 Mon Day Trainee
TR_93 Wed Day Trainee
TR_93 Thu Day Trainee
TR_93 Fri Day Trainee
TR_94 Mon Early Trainee
TR_94 Tue Early Trainee
TR_94 Wed Early Trainee
TR_95 Thu Late Trainee
TR_95 Fri Late Trainee
TR_96 Mon Late Trainee
TR_96 Tue Late Trainee
TR_96 Wed Late Trainee
TR_96 Thu Late Trainee
TR_97 Mon Late Trainee
TR_97 Tue Late Trainee
TR_97 Fri Day Trainee
TR_97 Sat Day Trainee
TR_97 Sun Day Trainee
TR_98 Wed Late Trainee
TR_98 Thu Late Trainee
TR_98 Fri Night Trainee
TR_98 Sat Night Trainee
TR_98 Sun Night Trainee
TR_99 Mon Day Trainee
TR_99 Tue Day Trainee
TR_99 Wed Day Trainee
TR_99 Thu Day Trainee
TR_100 Mon Night Trainee
TR_100 Tue Night Trainee
TR_100 Wed Night Trainee
TR_100 Thu Night Trainee
TR_100 Fri Night Trainee
TR_101 Mon Early Trainee
TR_101 Tue Early Trainee
TR_101 Wed Day Trainee
TR_101 Thu Day Trainee
TR_101 Fri Day Trainee
TR_102 Fri Late Trainee
TR_102 Sat Late Trainee
TR_103 Mon Night Trainee
TR_104 Mon Late Trainee
TR_104 Tue Late Trainee
TR_104 Fri Early Trainee
TR_104 Sat Early Trainee
TR_104 Sun Early Trainee
TR_105 Mon Early Trainee
TR_105 Tue Early Trainee
TR_105 Wed Early Trainee
TR_106 Wed Early Trainee
TR_106 Thu Early Trainee
TR_106 Fri Early Trainee
TR_107 Tue Late Trainee
TR_107 Wed Late Trainee
TR_107 Thu Late Trainee
TR_107 Fri Late Trainee
TR_108 Thu Early Trainee
TR_108 Fri Early Trainee
TR_109 Mon Night Trainee
TR_109 Tue Night Trainee
TR_109 Wed Night Trainee
TR_109 Thu Night Trainee
