SOLUTION
0 n110w4

ASSIGNMENTS = 374
HN_0 Tue Early HeadNurse
HN_0 Wed Early HeadNurse
HN_0 Thu Day HeadNurse
HN_0 Fri Day HeadNurse
HN_1 Wed Late HeadNurse
HN_1 Thu Late HeadNurse
HN_2 Mon Day HeadNurse
HN_2 Tue Day Nurse
HN_2 Sun Day HeadNurse
HN_3 Mon Night HeadNurse
HN_3 Thu Night HeadNurse
HN_3 Fri Night HeadNurse
HN_3 Sat Night HeadNurse
HN_3 Sun Night HeadNurse
HN_5 Tue Day Nurse
HN_5 Wed Day HeadNurse
HN_5 Thu Day HeadNurse
HN_6 Mon Day HeadNurse
HN_6 Tue Late HeadNurse
HN_6 Wed Late HeadNurse
HN_7 Tue Early Nurse
HN_7 Wed Early HeadNurse
HN_7 Thu Early HeadNurse
HN_7 Fri Day Nurse
HN_7 Sat Day Nurse
HN_7 Sun Early HeadNurse
HN_8 Mon Late HeadNurse
HN_8 Tue Late Nurse
HN_8 Wed Late Nurse
HN_8 Thu Late Nurse
HN_9 Mon Early HeadNurse
HN_9 Tue Early Nurse
HN_9 Wed Early Nurse
HN_9 Thu Early Nurse
HN_9 Fri Early HeadNurse
HN_10 Wed Day HeadNurse
HN_10 Thu Day Nurse
HN_10 Fri Early HeadNurse
HN_10 Sat Early Nurse
HN_10 Sun Day HeadNurse
HN_11 Mon Day Nurse
HN_11 Tue Day Nurse
HN_11 Sun Early HeadNurse
HN_12 Tue Night HeadNurse
HN_12 Wed Night HeadNurse
HN_12 Thu Night Nurse
HN_12 Fri Night Nurse
HN_13 Tue Late Nurse
HN_13 Wed Late Nurse
HN_13 Thu Late Nurse
HN_13 Fri Late HeadNurse
HN_14 Fri Early Nurse
HN_14 Sat Early Nurse
HN_14 Sun Late HeadNurse
HN_15 Mon Day Nurse
HN_15 Sat Late Nurse
HN_15 Sun Late HeadNurse
HN_16 Mon Early Nurse
HN_16 Tue Early Nurse
HN_16 Wed Early Nurse
HN_16 Thu Early Nurse
HN_16 Fri Early Nurse
HN_17 Mon Night HeadNurse
HN_17 Tue Night Nurse
HN_17 Wed Night HeadNurse
HN_17 Thu Night Nurse
HN_18 Wed Late Nurse
HN_18 Thu Late Nurse
HN_18 Fri Late Nurse
HN_19 Mon Night Nurse
HN_19 Tue Night Nurse
HN_19 Wed Night Nurse
NU_20 Fri Day Nurse
NU_20 Sat Day Caretaker
NU_20 Sun Early Nurse
NU_21 Mon Early Nurse
NU_21 Thu Late Caretaker
NU_21 Fri Late Nurse
NU_21 Sat Late Nurse
NU_21 Sun Late Nurse
NU_22 Mon Early Caretaker
NU_22 Tue Early Caretaker
NU_22 Wed Day Nurse
NU_22 Thu Day Nurse
NU_22 Fri Day Nurse
NU_23 Wed Early Caretaker
NU_23 Thu Early Caretaker
NU_23 Fri Early Nurse
NU_26 Wed Early Caretaker
NU_26 Thu Early Caretaker
NU_27 Mon Day Nurse
NU_27 Tue Day Caretaker
NU_27 Wed Day Nurse
NU_28 Sat Late Caretaker
NU_28 Sun Late Nurse
NU_29 Mon Late Nurse
NU_29 Sat Night Nurse
NU_29 Sun Night Nurse
NU_30 Tue Night Nurse
NU_30 Wed Night Nurse
NU_30 Thu Night Nurse
NU_30 Fri Night Nurse
NU_31 Wed Day Nurse
NU_31 Thu Day Nurse
NU_31 Fri Day Caretaker
NU_32 Mon Night Nurse
NU_32 Tue Night Nurse
NU_32 Wed Night Nurse
NU_32 Sat Early Caretaker
NU_32 Sun Early Nurse
NU_33 Wed Late Caretaker
NU_33 Thu Late Caretaker
NU_33 Fri Late Nurse
NU_34 Wed Night Caretaker
NU_34 Thu Night Caretaker
NU_34 Fri Night Caretaker
NU_34 Sat Night Nurse
NU_35 Wed Day Caretaker
NU_35 Thu Day Caretaker
NU_35 Fri Early Caretaker
NU_35 Sat Early Caretaker
NU_35 Sun Day Nurse
NU_36 Mon Day Caretaker
NU_36 Tue Day Caretaker
NU_36 Wed Day Caretaker
NU_37 Mon Day Caretaker
NU_38 Mon Late Nurse
NU_38 Tue Late Nurse
NU_38 Fri Day Caretaker
NU_38 Sat Day Caretaker
NU_38 Sun Day Nurse
NU_39 Mon Day Caretaker
NU_39 Tue Late Caretaker
NU_39 Wed Late Caretaker
CT_40 Mon Late Caretaker
CT_40 Tue Late Caretaker
CT_41 Thu Late Caretaker
CT_41 Fri Late Caretaker
CT_42 Mon Day Caretaker
CT_42 Thu Day Caretaker
CT_42 Fri Day Caretaker
CT_42 Sat Early Caretaker
CT_42 Sun Early Caretaker
CT_43 Tue Late Caretaker
CT_43 Wed Late Caretaker
CT_44 Tue Day Caretaker
CT_44 Wed Day Caretaker
CT_44 Thu Day Caretaker
CT_45 Tue Early Caretaker
CT_45 Wed Early Caretaker
CT_45 Thu Late Caretaker
CT_45 Fri Late Caretaker
CT_46 Wed Night Caretaker
CT_46 Thu Night Caretaker
CT_46 Fri Night Caretaker
CT_47 Mon Early Caretaker
CT_47 Thu Day Caretaker
CT_47 Fri Day Caretaker
CT_47 Sat Day Caretaker
CT_47 Sun Day Caretaker
CT_48 Tue Night Caretaker
CT_48 Wed Night Caretaker
CT_48 Thu Night Caretaker
CT_48 Fri Night Caretaker
CT_49 Mon Early Caretaker
CT_49 Tue Early Caretaker
CT_49 Wed Late Caretaker
CT_49 Thu Late Caretaker
CT_49 Fri Late Caretaker
CT_50 Mon Late Caretaker
CT_50 Tue Late Caretaker
CT_50 Sat Early Caretaker
CT_50 Sun Early Caretaker
CT_51 Wed Day Caretaker
CT_51 Thu Day Caretaker
CT_51 Fri Day Caretaker
CT_52 Mon Night Caretaker
CT_52 Tue Night Caretaker
CT_52 Wed Night Caretaker
CT_52 Thu Night Caretaker
CT_52 Fri Night Caretaker
CT_53 Fri Early Caretaker
CT_53 Sat Early Caretaker
CT_53 Sun Late Caretaker
CT_54 Mon Night Caretaker
CT_54 Tue Night Caretaker
CT_54 Fri Late Caretaker
CT_54 Sat Late Caretaker
CT_54 Sun Late Caretaker
CT_55 Mon Late Caretaker
CT_55 Tue Late Caretaker
CT_55 Sun Day Caretaker
CT_57 Sat Night Caretaker
CT_57 Sun Night Caretaker
CT_58 Tue Early Caretaker
CT_58 Wed Early Caretaker
CT_58 Sun Day Caretaker
CT_59 Tue Night Caretaker
CT_59 Wed Night Caretaker
CT_59 Thu Night Caretaker
CT_59 Fri Night Caretaker
CT_60 Mon Late Caretaker
CT_61 Tue Late Caretaker
CT_61 Wed Late Caretaker
CT_62 Mon Day Caretaker
CT_62 Tue Day Caretaker
CT_62 Wed Day Caretaker
CT_62 Thu Early Caretaker
CT_62 Fri Early Caretaker
CT_63 Mon Night Caretaker
CT_63 Tue Night Caretaker
CT_63 Wed Night Caretaker
CT_63 Thu Night Caretaker
CT_64 Mon Night Caretaker
CT_65 Mon Day Caretaker
CT_65 Tue Day Caretaker
CT_65 Wed Day Caretaker
CT_65 Thu Late Caretaker
CT_65 Fri Late Caretaker
CT_66 Mon Night Caretaker
CT_66 Fri Night Caretaker
CT_66 Sat Night Caretaker
CT_66 Sun Night Caretaker
CT_67 Mon Early Caretaker
CT_67 Tue Early Caretaker
CT_68 Mon Early Caretaker
CT_68 Tue Early Caretaker
CT_68 Wed Early Caretaker
CT_68 Thu Early Caretaker
CT_69 Fri Day Caretaker
CT_69 Sat Day Caretaker
CT_69 Sun Day Caretaker
CT_70 Mon Early Caretaker
CT_70 Tue Early Caretaker
CT_70 Wed Early Caretaker
CT_70 Thu Day Caretaker
CT_70 Fri Day Caretaker
CT_71 Wed Late Caretaker
CT_71 Thu Late Caretaker
CT_71 Fri Late Caretaker
CT_72 Thu Day Caretaker
CT_72 Fri Day Caretaker
CT_73 Mon Day Caretaker
CT_73 Tue Day Caretaker
CT_73 Wed Day Caretaker
CT_74 Thu Early Caretaker
CT_74 Fri Early Caretaker
CT_75 Wed Night Caretaker
CT_75 Thu Night Caretaker
CT_75 Fri Night Caretaker
CT_75 Sat Night Caretaker
CT_75 Sun Night Caretaker
CT_76 Mon Night Caretaker
CT_76 Wed Early Caretaker
CT_76 Thu Early Caretaker
CT_76 Fri Early Caretaker
CT_77 Mon Night Caretaker
CT_77 Tue Night Caretaker
CT_77 Wed Night Caretaker
CT_77 Thu Night Caretaker
CT_77 Fri Night Caretaker
CT_78 Mon Late Caretaker
CT_78 Thu Late Caretaker
CT_78 Fri Late Caretaker
CT_78 Sat Late Caretaker
CT_78 Sun Late Caretaker
CT_79 Thu Early Caretaker
CT_79 Fri Early Caretaker
TR_80 Wed Early Trainee
TR_80 Thu Early Trainee
TR_80 Fri Late Trainee
TR_80 Sat Late Trainee
TR_80 Sun Late Trainee
TR_81 Mon Day Trainee
TR_81 Tue Day Trainee
TR_81 Wed Late Trainee
TR_81 Thu Late Trainee
TR_82 Wed Early Trainee
TR_82 Thu Early Trainee
TR_82 Fri Early Trainee
TR_83 Mon Day Trainee
TR_83 Fri Day Trainee
TR_83 Sat Day Trainee
TR_83 Sun Early Trainee
TR_84 Mon Early Trainee
TR_84 Tue Early Trainee
TR_84 Wed Early Trainee
TR_84 Thu Early Trainee
TR_85 Tue Day Trainee
TR_85 Wed Day Trainee
TR_86 Tue Early Trainee
TR_86 Wed Early Trainee
TR_86 Thu Early Trainee
TR_87 Tue Early Trainee
TR_87 Wed Early Trainee
TR_87 Thu Early Trainee
TR_87 Fri Early Trainee
TR_88 Mon Day Trainee
TR_88 Tue Day Trainee
TR_88 Wed Day Trainee
TR_88 Thu Day Trainee
TR_89 Mon Late Trainee
TR_89 Tue Late Trainee
TR_89 Fri Early Trainee
TR_89 Sat Early Trainee
TR_89 Sun Late Trainee
TR_90 Mon Night Trainee
TR_91 Wed Late Trainee
TR_91 Thu Late Trainee
TR_91 Fri Late Trainee
TR_92 Sun Day Trainee
TR_93 Wed Day Trainee
TR_93 Thu Day Trainee
TR_93 Fri Day Trainee
TR_94 Mon Day Trainee
TR_94 Tue Day Trainee
TR_94 Wed Day Trainee
TR_95 Fri Early Trainee
TR_95 Sat Early Trainee
TR_96 Mon Early Trainee
TR_96 Tue Early Trainee
TR_96 Wed Day Trainee
TR_96 Thu Day Trainee
TR_97 Mon Late Trainee
TR_97 Tue Late Trainee
TR_97 Fri Day Trainee
TR_97 Sat Day Trainee
TR_97 Sun Day Trainee
TR_98 Tue Night Trainee
TR_98 Wed Night Trainee
TR_98 Thu Night Trainee
TR_98 Fri Night Trainee
TR_99 Mon Late Trainee
TR_99 Tue Late Trainee
TR_99 Wed Late Trainee
TR_99 Thu Late Trainee
TR_100 Mon Night Trainee
TR_100 Tue Night Trainee
TR_100 Wed Night Trainee
TR_100 Thu Night Trainee
TR_100 Fri Night Trainee
TR_101 Mon Night Trainee
TR_101 Tue Night Trainee
TR_101 Wed Night Trainee
TR_101 Thu Night Trainee
TR_101 Fri Night Trainee
TR_102 Thu Day Trainee
TR_102 Fri Day Trainee
TR_103 Fri Night Trainee
TR_103 Sat Night Trainee
TR_103 Sun Night Trainee
TR_104 Mon Late Trainee
TR_104 Tue Late Trainee
TR_104 Fri Late Trainee
TR_104 Sat Late Trainee
TR_104 Sun Late Trainee
TR_105 Mon Night Trainee
TR_105 Sat Early Trainee
TR_105 Sun Early Trainee
TR_106 Mon Early Trainee
TR_106 Thu Night Trainee
TR_106 Fri Night Trainee
TR_106 Sat Night Trainee
TR_106 Sun Night Trainee
TR_107 Mon Night Trainee
TR_107 Tue Night Trainee
TR_107 Wed Night Trainee
TR_107 Thu Night Trainee
TR_107 Fri Night Trainee
TR_108 Tue Late Trainee
TR_108 Wed Late Trainee
TR_109 Mon Late Trainee
TR_109 Tue Late Trainee
TR_109 Wed Late Trainee
