SOLUTION
2 n110w4

ASSIGNMENTS = 373
HN_0 Tue Day Nurse
HN_0 Wed Day HeadNurse
HN_0 Thu Late HeadNurse
HN_0 Fri Late HeadNurse
HN_1 Mon Early HeadNurse
HN_1 Tue Early HeadNurse
HN_1 Sun Day HeadNurse
HN_2 Mon Day HeadNurse
HN_2 Tue Day Nurse
HN_3 Wed Day HeadNurse
HN_3 Thu Day HeadNurse
HN_3 Fri Day HeadNurse
HN_4 Mon Night HeadNurse
HN_4 Tue Night HeadNurse
HN_4 Wed Night HeadNurse
HN_4 Thu Night HeadNurse
HN_4 Fri Night HeadNurse
HN_5 Mon Night HeadNurse
HN_6 Wed Day Nurse
HN_6 Thu Day HeadNurse
HN_6 Fri Early HeadNurse
HN_6 Sat Early Nurse
HN_6 Sun Early HeadNurse
HN_7 Mon Night Nurse
HN_7 Tue Night Nurse
HN_7 Wed Night HeadNurse
HN_8 Wed Night Nurse
HN_8 Thu Night Nurse
HN_8 Fri Night Nurse
HN_8 Sat Night HeadNurse
HN_8 Sun Night HeadNurse
HN_9 Mon Day HeadNurse
HN_10 Mon Early Nurse
HN_10 Tue Early Nurse
HN_10 Wed Early HeadNurse
HN_11 Thu Day Nurse
HN_11 Fri Day Nurse
HN_12 Mon Late HeadNurse
HN_13 Wed Day Nurse
HN_13 Thu Day Nurse
HN_13 Fri Late Nurse
HN_13 Sat Late Nurse
HN_13 Sun Late HeadNurse
HN_14 Tue Night Nurse
HN_14 Wed Night Nurse
HN_14 Thu Night Nurse
HN_14 Fri Night Nurse
HN_15 Mon Day Nurse
HN_15 Tue Day Nurse
HN_15 Wed Late HeadNurse
HN_15 Thu Late Nurse
HN_16 Mon Early Nurse
HN_16 Tue Early Nurse
HN_16 Wed Early HeadNurse
HN_16 Sat Night Nurse
HN_16 Sun Night Nurse
HN_17 Thu Early HeadNurse
HN_17 Fri Early HeadNurse
HN_17 Sat Early Nurse
HN_17 Sun Early HeadNurse
HN_18 Mon Late Nurse
HN_18 Tue Late HeadNurse
HN_18 Wed Late HeadNurse
HN_18 Sat Late Nurse
HN_18 Sun Late HeadNurse
HN_19 Fri Day Nurse
HN_19 Sat Day Nurse
HN_19 Sun Day HeadNurse
NU_20 Mon Early Caretaker
NU_20 Tue Early Nurse
NU_20 Wed Early Nurse
NU_20 Thu Early Nurse
NU_21 Mon Late Nurse
NU_21 Tue Late Nurse
NU_21 Wed Late Nurse
NU_21 Thu Late Nurse
NU_21 Fri Late Nurse
NU_22 Mon Night Nurse
NU_22 Tue Night Nurse
NU_22 Wed Night Nurse
NU_22 Thu Night Nurse
NU_22 Fri Night Caretaker
NU_23 Fri Night Caretaker
NU_23 Sat Night Nurse
NU_23 Sun Night Caretaker
NU_24 Tue Night Nurse
NU_24 Wed Night Caretaker
NU_24 Thu Night Caretaker
NU_24 Fri Night Caretaker
NU_25 Mon Early Caretaker
NU_25 Tue Early Caretaker
NU_25 Wed Early Nurse
NU_25 Thu Day Nurse
NU_25 Fri Day Nurse
NU_26 Mon Late Caretaker
NU_26 Tue Late Nurse
NU_26 Sun Day Nurse
NU_27 Tue Late Nurse
NU_27 Wed Late Nurse
NU_28 Tue Early Caretaker
NU_28 Wed Early Caretaker
NU_28 Thu Late Nurse
NU_28 Fri Late Nurse
NU_29 Mon Day Nurse
NU_29 Tue Late Caretaker
NU_29 Wed Late Nurse
NU_29 Thu Late Caretaker
NU_30 Sat Early Caretaker
NU_30 Sun Early Nurse
NU_31 Fri Day Caretaker
NU_31 Sat Day Caretaker
NU_31 Sun Early Nurse
NU_32 Wed Late Caretaker
NU_32 Thu Late Caretaker
NU_32 Fri Late Caretaker
NU_33 Mon Early Caretaker
NU_33 Tue Early Caretaker
NU_33 Wed Early Caretaker
NU_33 Sat Late Caretaker
NU_33 Sun Late Nurse
NU_34 Thu Early Nurse
NU_34 Fri Early Nurse
NU_35 Mon Night Caretaker
NU_35 Tue Night Caretaker
NU_35 Wed Night Caretaker
NU_36 Fri Early Nurse
NU_36 Sat Early Caretaker
NU_36 Sun Day Nurse
NU_37 Mon Day Nurse
NU_37 Tue Day Caretaker
NU_37 Wed Early Caretaker
NU_37 Thu Early Caretaker
NU_37 Fri Early Nurse
NU_38 Wed Day Nurse
NU_38 Thu Day Caretaker
NU_38 Fri Day Caretaker
NU_39 Wed Late Caretaker
NU_39 Thu Late Caretaker
NU_39 Fri Late Caretaker
NU_39 Sat Late Caretaker
NU_39 Sun Late Nurse
CT_40 Wed Day Caretaker
CT_40 Thu Day Caretaker
CT_40 Sun Late Caretaker
CT_41 Thu Late Caretaker
CT_41 Fri Late Caretaker
CT_42 Mon Night Caretaker
CT_42 Tue Night Caretaker
CT_42 Wed Night Caretaker
CT_42 Thu Night Caretaker
CT_42 Fri Night Caretaker
CT_43 Wed Night Caretaker
CT_43 Thu Night Caretaker
CT_43 Fri Night Caretaker
CT_43 Sat Night Caretaker
CT_44 Wed Day Caretaker
CT_44 Thu Day Caretaker
CT_44 Fri Day Caretaker
CT_45 Mon Night Caretaker
CT_45 Sat Day Caretaker
CT_45 Sun Day Caretaker
CT_47 Wed Late Caretaker
CT_47 Thu Late Caretaker
CT_47 Fri Late Caretaker
CT_48 Fri Day Caretaker
CT_48 Sat Day Caretaker
CT_48 Sun Day Caretaker
CT_49 Mon Early Caretaker
CT_49 Tue Early Caretaker
CT_49 Wed Early Caretaker
CT_49 Thu Early Caretaker
CT_49 Fri Early Caretaker
CT_50 Mon Night Caretaker
CT_50 Tue Night Caretaker
CT_50 Wed Night Caretaker
CT_50 Thu Night Caretaker
CT_52 Mon Late Caretaker
CT_52 Sat Late Caretaker
CT_52 Sun Late Caretaker
CT_53 Mon Day Caretaker
CT_53 Tue Day Caretaker
CT_53 Wed Day Caretaker
CT_54 Mon Day Caretaker
CT_54 Tue Day Caretaker
CT_54 Wed Day Caretaker
CT_54 Thu Late Caretaker
CT_54 Fri Late Caretaker
CT_55 Mon Early Caretaker
CT_55 Tue Early Caretaker
CT_56 Mon Late Caretaker
CT_56 Tue Late Caretaker
CT_57 Wed Day Caretaker
CT_57 Thu Day Caretaker
CT_57 Fri Day Caretaker
CT_58 Thu Early Caretaker
CT_58 Fri Early Caretaker
CT_59 Tue Late Caretaker
CT_59 Wed Late Caretaker
CT_59 Thu Late Caretaker
CT_59 Fri Late Caretaker
CT_60 Thu Day Caretaker
CT_60 Fri Day Caretaker
CT_60 Sat Day Caretaker
CT_60 Sun Day Caretaker
CT_61 Mon Late Caretaker
CT_61 Tue Late Caretaker
CT_61 Sun Day Caretaker
CT_62 Mon Day Caretaker
CT_62 Tue Day Caretaker
CT_62 Wed Day Caretaker
CT_62 Sat Early Caretaker
CT_62 Sun Early Caretaker
CT_63 Mon Day Caretaker
CT_63 Sat Early Caretaker
CT_63 Sun Early Caretaker
CT_64 Wed Late Caretaker
CT_64 Thu Late Caretaker
CT_64 Fri Late Caretaker
CT_65 Mon Day Caretaker
CT_65 Tue Day Caretaker
CT_65 Wed Day Caretaker
CT_65 Thu Early Caretaker
CT_65 Fri Early Caretaker
CT_66 Mon Day Caretaker
CT_66 Tue Late Caretaker
CT_66 Wed Late Caretaker
CT_67 Mon Day Caretaker
CT_67 Tue Day Caretaker
CT_68 Mon Night Caretaker
CT_69 Tue Night Caretaker
CT_69 Wed Night Caretaker
CT_69 Thu Night Caretaker
CT_69 Fri Night Caretaker
CT_70 Tue Early Caretaker
CT_70 Wed Early Caretaker
CT_70 Thu Night Caretaker
CT_70 Fri Night Caretaker
CT_70 Sat Night Caretaker
CT_70 Sun Night Caretaker
CT_71 Thu Day Caretaker
CT_71 Fri Day Caretaker
CT_72 Thu Day Caretaker
CT_72 Fri Day Caretaker
CT_73 Thu Early Caretaker
CT_73 Fri Early Caretaker
CT_74 Mon Late Caretaker
CT_74 Tue Late Caretaker
CT_74 Sun Late Caretaker
CT_75 Mon Night Caretaker
CT_75 Tue Night Caretaker
CT_75 Wed Night Caretaker
CT_75 Thu Night Caretaker
CT_76 Mon Early Caretaker
CT_76 Tue Early Caretaker
CT_76 Wed Early Caretaker
CT_76 Sat Night Caretaker
CT_76 Sun Night Caretaker
CT_77 Mon Night Caretaker
CT_77 Tue Night Caretaker
CT_77 Wed Night Caretaker
CT_77 Thu Night Caretaker
CT_77 Fri Night Caretaker
CT_78 Wed Early Caretaker
CT_78 Thu Early Caretaker
CT_78 Fri Early Caretaker
CT_79 Thu Early Caretaker
CT_79 Fri Early Caretaker
TR_80 Mon Late Trainee
TR_80 Tue Late Trainee
TR_80 Wed Late Trainee
TR_81 Mon Night Trainee
TR_82 Fri Early Trainee
TR_82 Sat Early Trainee
TR_82 Sun Early Trainee
TR_83 Mon Late Trainee
TR_83 Tue Late Trainee
TR_83 Wed Late Trainee
TR_84 Tue Night Trainee
TR_84 Wed Night Trainee
TR_84 Thu Night Trainee
TR_84 Fri Night Trainee
TR_85 Mon Late Trainee
TR_85 Tue Late Trainee
TR_85 Sat Early Trainee
TR_85 Sun Early Trainee
TR_86 Sat Late Trainee
TR_86 Sun Late Trainee
TR_87 Wed Day Trainee
TR_87 Thu Day Trainee
TR_87 Fri Day Trainee
TR_87 Sat Day Trainee
TR_87 Sun Day Trainee
TR_88 Mon Early Trainee
TR_88 Tue Early Trainee
TR_88 Wed Early Trainee
TR_88 Thu Early Trainee
TR_89 Wed Early Trainee
TR_89 Thu Early Trainee
TR_89 Fri Early Trainee
TR_90 Mon Late Trainee
TR_90 Tue Late Trainee
TR_90 Wed Late Trainee
TR_91 Mon Day Trainee
TR_91 Tue Day Trainee
TR_91 Wed Day Trainee
TR_91 Sat Late Trainee
TR_91 Sun Late Trainee
TR_92 Mon Early Trainee
TR_92 Tue Early Trainee
TR_93 Wed Late Trainee
TR_93 Thu Late Trainee
TR_93 Fri Late Trainee
TR_94 Thu Night Trainee
TR_94 Fri Night Trainee
TR_94 Sat Night Trainee
TR_94 Sun Night Trainee
TR_95 Mon Day Trainee
TR_95 Tue Day Trainee
TR_96 Tue Early Trainee
TR_96 Wed Early Trainee
TR_96 Thu Late Trainee
TR_96 Fri Late Trainee
TR_97 Mon Late Trainee
TR_97 Tue Late Trainee
TR_97 Fri Night Trainee
TR_97 Sat Night Trainee
TR_97 Sun Night Trainee
TR_98 Mon Night Trainee
TR_98 Sat Early Trainee
TR_98 Sun Early Trainee
TR_99 Mon Early Trainee
TR_99 Tue Early Trainee
TR_99 Wed Early Trainee
TR_99 Thu Early Trainee
TR_100 Mon Night Trainee
TR_100 Tue Night Trainee
TR_100 Wed Night Trainee
TR_100 Thu Night Trainee
TR_100 Fri Night Trainee
TR_101 Mon Night Trainee
TR_101 Tue Night Trainee
TR_101 Wed Night Trainee
TR_101 Thu Night Trainee
TR_101 Fri Night Trainee
TR_102 Thu Day Trainee
TR_102 Fri Day Trainee
TR_103 Mon Day Trainee
TR_103 Tue Day Trainee
TR_103 Wed Day Trainee
TR_104 Wed Day Trainee
TR_104 Thu Day Trainee
TR_104 Fri Day Trainee
TR_105 Mon Night Trainee
TR_105 Tue Night Trainee
TR_105 Wed Night Trainee
TR_105 Thu Night Trainee
TR_105 Fri Night Trainee
TR_106 Mon Day Trainee
TR_106 Tue Day Trainee
TR_106 Wed Day Trainee
TR_106 Thu Early Trainee
TR_106 Fri Early Trainee
TR_107 Wed Early Trainee
TR_107 Thu Early Trainee
TR_107 Fri Early Trainee
TR_107 Sat Day Trainee
TR_107 Sun Day Trainee
TR_108 Thu Day Trainee
TR_108 Fri Day Trainee
TR_109 Tue Late Trainee
TR_109 Wed Late Trainee
TR_109 Thu Late Trainee
TR_109 Fri Late Trainee
