SOLUTION
3 n070w4

ASSIGNMENTS = 275
HN_0 Mon Day HeadNurse
HN_0 Tue Day Nurse
HN_0 Wed Early Nurse
HN_0 Thu Early HeadNurse
HN_1 Thu Day HeadNurse
HN_1 Fri Day HeadNurse
HN_1 Sat Late HeadNurse
HN_1 Sun Late HeadNurse
HN_2 Mon Night Nurse
HN_2 Tue Night HeadNurse
HN_2 Wed Night HeadNurse
HN_2 Thu Night Nurse
HN_2 Fri Night HeadNurse
HN_3 Mon Night Nurse
HN_4 Wed Day HeadNurse
HN_4 Thu Day Nurse
HN_4 Fri Day Nurse
HN_5 Thu Early Nurse
HN_5 Fri Early Nurse
HN_5 Sat Early Nurse
HN_5 Sun Day Nurse
HN_6 Mon Late HeadNurse
HN_6 Tue Late HeadNurse
HN_7 Mon Early HeadNurse
HN_7 Tue Early HeadNurse
HN_7 Wed Early Nurse
HN_7 Thu Late Nurse
HN_7 Fri Late HeadNurse
NU_8 Mon Day Nurse
NU_8 Tue Day Nurse
NU_9 Mon Late Nurse
NU_9 Tue Late Nurse
NU_9 Wed Late Nurse
NU_10 Wed Day Nurse
NU_10 Thu Day Nurse
NU_10 Fri Day Nurse
NU_11 Mon Night Nurse
NU_11 Tue Night Nurse
NU_11 Fri Late Nurse
NU_11 Sat Late Nurse
NU_11 Sun Late Nurse
NU_12 Mon Early Nurse
NU_12 Tue Early Nurse
NU_13 Fri Night Nurse
NU_13 Sat Night Nurse
NU_13 Sun Night Nurse
NU_14 Mon Late Nurse
NU_14 Tue Late Nurse
NU_14 Wed Late Nurse
NU_15 Mon Day Nurse
NU_15 Tue Day Nurse
NU_15 Wed Day Nurse
NU_15 Thu Day Nurse
NU_16 Mon Early Nurse
NU_16 Tue Early Nurse
NU_16 Wed Early Nurse
NU_16 Sat Early Nurse
NU_16 Sun Early Nurse
NU_17 Tue Late Nurse
NU_17 Wed Late Nurse
NU_17 Thu Late Nurse
NU_17 Fri Late Nurse
NU_18 Mon Night Nurse
NU_18 Tue Night Nurse
NU_18 Wed Night Nurse
NU_18 Sat Night Caretaker
NU_18 Sun Night Nurse
NU_19 Mon Late Caretaker
NU_19 Tue Late Nurse
NU_20 Mon Night Nurse
NU_20 Tue Night Nurse
NU_20 Wed Night Nurse
NU_20 Sat Late Caretaker
NU_20 Sun Late Nurse
NU_21 Mon Day Nurse
NU_21 Tue Day Nurse
NU_21 Wed Early Nurse
NU_21 Thu Early Nurse
NU_22 Mon Day Nurse
NU_22 Tue Day Caretaker
NU_22 Wed Day Caretaker
NU_22 Thu Day Caretaker
NU_22 Fri Day Nurse
NU_23 Mon Night Caretaker
NU_23 Fri Night Nurse
NU_23 Sat Night Caretaker
NU_23 Sun Night Caretaker
NU_24 Mon Early Nurse
NU_24 Tue Early Nurse
NU_25 Mon Night Caretaker
NU_25 Tue Night Nurse
NU_25 Wed Night Caretaker
NU_25 Thu Night Nurse
NU_25 Fri Night Nurse
NU_26 Mon Night Caretaker
NU_26 Tue Night Caretaker
NU_26 Wed Night Caretaker
NU_26 Thu Night Nurse
NU_26 Fri Night Caretaker
NU_27 Mon Early Caretaker
NU_27 Tue Early Caretaker
NU_27 Wed Early Caretaker
NU_27 Thu Early Nurse
NU_27 Fri Early Nurse
NU_28 Wed Early Caretaker
NU_28 Thu Early Nurse
NU_28 Fri Early Nurse
NU_29 Mon Night Caretaker
NU_29 Tue Night Caretaker
NU_29 Wed Night Caretaker
NU_29 Thu Night Caretaker
NU_29 Fri Night Caretaker
NU_30 Tue Late Caretaker
NU_30 Wed Late Nurse
NU_30 Thu Late Nurse
NU_30 Fri Late Nurse
NU_31 Mon Late Caretaker
NU_31 Tue Late Caretaker
NU_31 Wed Late Caretaker
NU_31 Thu Late Caretaker
NU_31 Fri Late Nurse
NU_32 Mon Day Caretaker
NU_32 Tue Day Caretaker
NU_32 Wed Early Caretaker
NU_32 Thu Early Caretaker
NU_33 Mon Early Caretaker
NU_33 Tue Early Caretaker
NU_33 Wed Early Caretaker
NU_33 Thu Day Caretaker
NU_33 Fri Day Caretaker
NU_34 Thu Day Caretaker
NU_34 Fri Day Caretaker
NU_34 Sat Day Nurse
NU_34 Sun Late Caretaker
NU_35 Tue Late Caretaker
NU_35 Wed Late Caretaker
NU_35 Thu Late Caretaker
NU_35 Fri Late Caretaker
NU_36 Tue Late Caretaker
NU_36 Wed Late Caretaker
NU_36 Thu Late Caretaker
NU_36 Fri Late Caretaker
NU_37 Wed Late Caretaker
NU_37 Thu Late Caretaker
NU_37 Fri Late Caretaker
NU_38 Mon Early Caretaker
NU_39 Thu Early Caretaker
NU_39 Fri Early Caretaker
NU_39 Sat Early Caretaker
NU_39 Sun Early Caretaker
CT_40 Mon Early Caretaker
CT_40 Tue Early Caretaker
CT_41 Mon Day Caretaker
CT_42 Mon Late Caretaker
CT_42 Tue Late Caretaker
CT_42 Wed Late Caretaker
CT_42 Thu Late Caretaker
CT_42 Fri Late Caretaker
CT_43 Mon Day Caretaker
CT_43 Tue Day Caretaker
CT_43 Wed Day Caretaker
CT_43 Thu Day Caretaker
CT_44 Mon Night Caretaker
CT_44 Tue Night Caretaker
CT_44 Wed Night Caretaker
CT_44 Thu Night Caretaker
CT_44 Fri Night Caretaker
CT_45 Mon Early Caretaker
CT_45 Tue Early Caretaker
CT_45 Wed Day Caretaker
CT_45 Thu Day Caretaker
CT_45 Fri Day Caretaker
CT_46 Mon Day Caretaker
CT_46 Tue Day Caretaker
CT_46 Wed Day Caretaker
CT_46 Thu Day Caretaker
CT_46 Fri Day Caretaker
CT_47 Mon Late Caretaker
CT_47 Thu Early Caretaker
CT_47 Fri Early Caretaker
CT_47 Sat Early Caretaker
CT_47 Sun Day Caretaker
CT_48 Mon Night Caretaker
CT_48 Tue Night Caretaker
CT_48 Wed Night Caretaker
CT_48 Thu Night Caretaker
CT_48 Fri Night Caretaker
CT_49 Mon Early Caretaker
CT_49 Tue Early Caretaker
CT_49 Wed Early Caretaker
CT_49 Thu Early Caretaker
CT_49 Fri Early Caretaker
CT_50 Mon Day Caretaker
CT_50 Tue Day Caretaker
CT_50 Wed Day Caretaker
CT_50 Thu Early Caretaker
CT_50 Fri Early Caretaker
CT_51 Wed Early Caretaker
CT_51 Thu Early Caretaker
CT_51 Fri Early Caretaker
CT_52 Thu Day Caretaker
CT_52 Fri Day Caretaker
CT_52 Sat Late Caretaker
CT_52 Sun Late Caretaker
CT_53 Mon Night Caretaker
CT_53 Tue Night Caretaker
CT_53 Wed Night Caretaker
CT_53 Thu Night Caretaker
CT_53 Fri Night Caretaker
CT_54 Mon Night Caretaker
CT_54 Tue Night Caretaker
CT_54 Wed Night Caretaker
CT_54 Thu Night Caretaker
CT_54 Fri Night Caretaker
CT_55 Mon Late Caretaker
CT_55 Tue Late Caretaker
CT_55 Wed Late Caretaker
CT_55 Sat Late Caretaker
CT_55 Sun Late Caretaker
CT_56 Mon Late Caretaker
CT_56 Thu Early Caretaker
CT_56 Fri Early Caretaker
CT_56 Sat Early Caretaker
CT_56 Sun Day Caretaker
CT_57 Mon Day Caretaker
CT_57 Tue Day Caretaker
CT_57 Wed Day Caretaker
CT_58 Thu Day Caretaker
CT_58 Fri Day Caretaker
CT_58 Sat Day Caretaker
CT_58 Sun Late Caretaker
CT_59 Mon Late Caretaker
CT_59 Tue Late Caretaker
CT_59 Wed Late Caretaker
CT_59 Sat Day Caretaker
CT_59 Sun Day Caretaker
TR_60 Mon Late Trainee
TR_60 Tue Late Trainee
TR_60 Wed Late Trainee
TR_60 Thu Late Trainee
TR_60 Fri Late Trainee
TR_61 Mon Day Trainee
TR_61 Tue Day Trainee
TR_61 Wed Day Trainee
TR_61 Thu Day Trainee
TR_62 Mon Late Trainee
TR_62 Tue Late Trainee
TR_62 Fri Late Trainee
TR_62 Sat Late Trainee
TR_62 Sun Night Trainee
TR_63 Fri Early Trainee
TR_63 Sat Early Trainee
TR_63 Sun Early Trainee
TR_64 Mon Night Trainee
TR_64 Tue Night Trainee
TR_64 Wed Night Trainee
TR_65 Mon Late Trainee
TR_65 Tue Late Trainee
TR_65 Fri Day Trainee
TR_65 Sat Day Trainee
TR_65 Sun Day Trainee
TR_66 Tue Night Trainee
TR_66 Wed Night Trainee
TR_66 Thu Night Trainee
TR_66 Fri Night Trainee
TR_67 Mon Early Trainee
TR_67 Tue Early Trainee
TR_68 Tue Early Trainee
TR_68 Wed Early Trainee
TR_68 Thu Early Trainee
TR_69 Mon Day Trainee
TR_69 Tue Day Trainee
TR_69 Wed Day Trainee
TR_69 Thu Early Trainee
TR_69 Fri Early Trainee
