SOLUTION
6 n060w8

ASSIGNMENTS = 238
HN_0 Tue Day HeadNurse
HN_0 Wed Day Nurse
HN_0 Thu Late Nurse
HN_0 Fri Late Nurse
HN_1 Mon Night Nurse
HN_1 Thu Early HeadNurse
HN_1 Fri Early Nurse
HN_1 Sat Early HeadNurse
HN_1 Sun Day Nurse
HN_2 Mon Early HeadNurse
HN_2 Tue Early Nurse
HN_2 Wed Early HeadNurse
HN_3 Mon Early Nurse
HN_3 Thu Day HeadNurse
HN_3 Fri Day HeadNurse
HN_3 Sat Day HeadNurse
HN_3 Sun Early HeadNurse
HN_4 Mon Late Nurse
HN_4 Tue Late HeadNurse
HN_4 Fri Late Nurse
HN_4 Sat Late Nurse
HN_4 Sun Late HeadNurse
HN_5 Thu Night HeadNurse
HN_5 Fri Night Nurse
HN_5 Sat Night HeadNurse
HN_5 Sun Night HeadNurse
HN_6 Mon Night Nurse
HN_6 Tue Night HeadNurse
HN_6 Wed Night HeadNurse
HN_6 Thu Night Nurse
NU_7 Mon Late Nurse
NU_7 Tue Late Nurse
NU_7 Wed Late Nurse
NU_7 Thu Late Nurse
NU_7 Fri Late Nurse
NU_8 Mon Late Nurse
NU_8 Tue Late Nurse
NU_9 Mon Day Nurse
NU_9 Tue Day Nurse
NU_9 Wed Day Nurse
NU_9 Sat Night Nurse
NU_9 Sun Night Nurse
NU_10 Mon Day Nurse
NU_10 Tue Day Nurse
NU_10 Wed Day Nurse
NU_11 Wed Late Nurse
NU_11 Thu Late Caretaker
NU_11 Fri Late Caretaker
NU_12 Mon Day Caretaker
NU_12 Tue Day Nurse
NU_12 Wed Day Caretaker
NU_13 Tue Night Nurse
NU_13 Wed Night Nurse
NU_13 Thu Night Nurse
NU_13 Fri Night Nurse
NU_14 Mon Night Nurse
NU_14 Tue Night Nurse
NU_14 Wed Night Nurse
NU_14 Thu Night Nurse
NU_14 Fri Night Nurse
NU_15 Mon Early Nurse
NU_15 Thu Day Nurse
NU_15 Fri Day Nurse
NU_15 Sat Day Nurse
NU_15 Sun Late Nurse
NU_16 Thu Early Nurse
NU_16 Fri Early Nurse
NU_16 Sat Early Nurse
NU_16 Sun Early Nurse
NU_17 Mon Late Caretaker
NU_17 Tue Late Caretaker
NU_18 Mon Late Caretaker
NU_18 Tue Late Caretaker
NU_18 Fri Early Nurse
NU_18 Sat Early Caretaker
NU_18 Sun Early Nurse
NU_19 Mon Day Caretaker
NU_19 Tue Day Caretaker
NU_20 Mon Day Caretaker
NU_20 Tue Day Caretaker
NU_20 Wed Day Caretaker
NU_20 Thu Early Nurse
NU_20 Fri Early Caretaker
NU_21 Wed Early Nurse
NU_21 Thu Early Caretaker
NU_21 Fri Early Caretaker
NU_22 Mon Night Caretaker
NU_22 Tue Night Nurse
NU_22 Wed Night Caretaker
NU_22 Thu Night Caretaker
NU_23 Mon Late Caretaker
NU_23 Tue Late Caretaker
NU_23 Wed Late Caretaker
NU_23 Thu Late Caretaker
NU_23 Fri Late Caretaker
NU_24 Mon Early Caretaker
NU_24 Tue Early Nurse
NU_24 Wed Day Caretaker
NU_24 Thu Day Nurse
NU_24 Fri Day Nurse
NU_25 Mon Day Caretaker
NU_25 Tue Day Caretaker
NU_25 Wed Early Nurse
NU_25 Thu Early Caretaker
NU_25 Fri Early Caretaker
NU_26 Mon Early Caretaker
NU_26 Tue Early Caretaker
NU_26 Wed Early Caretaker
NU_27 Fri Day Caretaker
NU_27 Sat Day Nurse
NU_27 Sun Early Caretaker
NU_28 Wed Late Caretaker
NU_28 Thu Late Caretaker
NU_28 Fri Late Caretaker
NU_29 Tue Night Caretaker
NU_29 Wed Night Caretaker
NU_29 Thu Night Caretaker
NU_29 Fri Night Caretaker
CT_30 Mon Late Caretaker
CT_30 Tue Late Caretaker
CT_30 Wed Late Caretaker
CT_31 Sat Night Caretaker
CT_31 Sun Night Caretaker
CT_32 Mon Day Caretaker
CT_32 Tue Day Caretaker
CT_32 Fri Day Caretaker
CT_32 Sat Day Caretaker
CT_32 Sun Day Caretaker
CT_33 Mon Night Caretaker
CT_33 Tue Night Caretaker
CT_33 Fri Late Caretaker
CT_33 Sat Late Caretaker
CT_33 Sun Late Caretaker
CT_34 Mon Late Caretaker
CT_34 Tue Late Caretaker
CT_34 Fri Early Caretaker
CT_34 Sat Early Caretaker
CT_34 Sun Early Caretaker
CT_35 Mon Early Caretaker
CT_35 Tue Early Caretaker
CT_35 Wed Early Caretaker
CT_35 Thu Day Caretaker
CT_35 Fri Day Caretaker
CT_36 Sat Late Caretaker
CT_36 Sun Late Caretaker
CT_37 Mon Night Caretaker
CT_37 Tue Night Caretaker
CT_37 Wed Night Caretaker
CT_37 Thu Night Caretaker
CT_37 Fri Night Caretaker
CT_38 Mon Night Caretaker
CT_38 Tue Night Caretaker
CT_38 Wed Night Caretaker
CT_38 Thu Night Caretaker
CT_38 Fri Night Caretaker
CT_39 Mon Early Caretaker
CT_39 Tue Early Caretaker
CT_39 Wed Early Caretaker
CT_39 Thu Day Caretaker
CT_39 Fri Day Caretaker
CT_40 Tue Day Caretaker
CT_40 Wed Day Caretaker
CT_40 Thu Day Caretaker
CT_41 Mon Early Caretaker
CT_41 Tue Early Caretaker
CT_41 Wed Early Caretaker
CT_41 Thu Early Caretaker
CT_41 Fri Early Caretaker
CT_42 Wed Day Caretaker
CT_42 Thu Day Caretaker
CT_42 Fri Day Caretaker
CT_43 Mon Late Caretaker
CT_43 Thu Early Caretaker
CT_43 Fri Early Caretaker
CT_43 Sat Late Caretaker
CT_43 Sun Late Caretaker
CT_44 Tue Day Caretaker
CT_44 Wed Day Caretaker
CT_44 Thu Day Caretaker
CT_45 Wed Early Caretaker
CT_45 Thu Early Caretaker
CT_45 Fri Early Caretaker
CT_46 Thu Night Caretaker
CT_46 Fri Night Caretaker
CT_46 Sat Night Caretaker
CT_46 Sun Night Caretaker
CT_47 Mon Early Caretaker
CT_47 Tue Early Caretaker
CT_47 Wed Late Caretaker
CT_47 Thu Late Caretaker
CT_47 Fri Late Caretaker
CT_48 Sat Day Caretaker
CT_48 Sun Day Caretaker
CT_49 Mon Night Caretaker
CT_49 Tue Night Caretaker
TR_50 Wed Day Trainee
TR_50 Thu Day Trainee
TR_50 Fri Day Trainee
TR_51 Mon Early Trainee
TR_51 Tue Early Trainee
TR_51 Wed Late Trainee
TR_51 Thu Late Trainee
TR_52 Wed Late Trainee
TR_52 Thu Late Trainee
TR_52 Fri Night Trainee
TR_52 Sat Night Trainee
TR_52 Sun Night Trainee
TR_53 Mon Day Trainee
TR_53 Tue Day Trainee
TR_53 Wed Day Trainee
TR_53 Thu Late Trainee
TR_53 Fri Late Trainee
TR_54 Wed Early Trainee
TR_54 Thu Early Trainee
TR_54 Fri Early Trainee
TR_55 Mon Night Trainee
TR_55 Tue Night Trainee
TR_55 Wed Night Trainee
TR_55 Thu Night Trainee
TR_55 Fri Night Trainee
TR_56 Mon Late Trainee
TR_56 Sat Day Trainee
TR_56 Sun Day Trainee
TR_57 Wed Early Trainee
TR_57 Thu Early Trainee
TR_57 Fri Early Trainee
TR_57 Sat Late Trainee
TR_57 Sun Late Trainee
TR_58 Mon Day Trainee
TR_58 Tue Day Trainee
TR_58 Wed Day Trainee
TR_58 Sat Early Trainee
TR_58 Sun Early Trainee
TR_59 Mon Night Trainee
TR_59 Tue Night Trainee
TR_59 Wed Night Trainee
TR_59 Thu Night Trainee
TR_59 Fri Night Trainee
