SOLUTION
0 n060w8

ASSIGNMENTS = 239
HN_0 Thu Early Nurse
HN_0 Fri Early Nurse
HN_0 Sat Day HeadNurse
HN_0 Sun Day HeadNurse
HN_1 Mon Night HeadNurse
HN_1 Tue Night HeadNurse
HN_1 Wed Night Nurse
HN_1 Thu Night Nurse
HN_1 Fri Night HeadNurse
HN_2 Thu Late HeadNurse
HN_2 Fri Late Nurse
HN_2 Sat Late HeadNurse
HN_2 Sun Late HeadNurse
HN_3 Mon Day Nurse
HN_3 Tue Day HeadNurse
HN_3 Wed Late HeadNurse
HN_3 Thu Late Nurse
HN_3 Fri Late Nurse
HN_4 Mon Early Nurse
HN_4 Tue Early HeadNurse
HN_4 Wed Day HeadNurse
HN_4 Thu Day HeadNurse
HN_4 Fri Day Nurse
HN_5 Mon Day Nurse
HN_5 Tue Day Nurse
HN_6 Mon Late Nurse
HN_6 Tue Late HeadNurse
HN_6 Fri Early Nurse
HN_6 Sat Early HeadNurse
HN_6 Sun Night HeadNurse
NU_7 Mon Late Nurse
NU_7 Tue Late Nurse
NU_7 Fri Early Nurse
NU_7 Sat Early Nurse
NU_7 Sun Day Nurse
NU_8 Mon Early Nurse
NU_8 Tue Early Nurse
NU_8 Wed Early Nurse
NU_9 Wed Night Caretaker
NU_9 Thu Night Nurse
NU_9 Fri Night Nurse
NU_9 Sat Night Nurse
NU_9 Sun Night Nurse
NU_10 Tue Day Nurse
NU_10 Wed Day Nurse
NU_10 Thu Day Nurse
NU_11 Fri Day Nurse
NU_11 Sat Day Nurse
NU_11 Sun Day Caretaker
NU_12 Sat Night Nurse
NU_12 Sun Night Nurse
NU_13 Tue Night Nurse
NU_13 Wed Night Caretaker
NU_13 Thu Night Nurse
NU_13 Fri Night Nurse
NU_14 Tue Early Nurse
NU_14 Wed Early Nurse
NU_14 Thu Early Nurse
NU_15 Mon Day Caretaker
NU_15 Tue Day Nurse
NU_15 Wed Day Nurse
NU_15 Thu Day Nurse
NU_15 Fri Day Caretaker
NU_16 Mon Night Nurse
NU_16 Tue Night Nurse
NU_16 Sat Day Caretaker
NU_16 Sun Day Caretaker
NU_17 Tue Night Nurse
NU_17 Wed Night Caretaker
NU_17 Thu Night Caretaker
NU_17 Fri Night Caretaker
NU_18 Mon Early Caretaker
NU_18 Tue Early Caretaker
NU_18 Wed Early Nurse
NU_18 Thu Day Nurse
NU_18 Fri Day Caretaker
NU_19 Tue Day Caretaker
NU_19 Wed Day Caretaker
NU_19 Thu Day Caretaker
NU_20 Mon Late Nurse
NU_20 Tue Late Nurse
NU_20 Wed Late Nurse
NU_20 Sat Day Caretaker
NU_20 Sun Day Caretaker
NU_21 Mon Late Caretaker
NU_21 Tue Late Nurse
NU_21 Wed Late Nurse
NU_21 Thu Late Nurse
NU_21 Fri Late Caretaker
NU_22 Wed Early Caretaker
NU_22 Thu Early Caretaker
NU_22 Fri Early Caretaker
NU_23 Thu Late Caretaker
NU_23 Fri Late Caretaker
NU_23 Sat Late Nurse
NU_23 Sun Late Nurse
NU_24 Wed Early Caretaker
NU_24 Thu Early Caretaker
NU_24 Fri Early Caretaker
NU_25 Mon Night Nurse
NU_25 Tue Night Caretaker
NU_25 Fri Early Caretaker
NU_25 Sat Early Nurse
NU_25 Sun Early Nurse
NU_26 Mon Night Caretaker
NU_26 Tue Night Caretaker
NU_26 Wed Night Caretaker
NU_26 Thu Night Caretaker
NU_27 Wed Night Caretaker
NU_27 Thu Night Caretaker
NU_27 Fri Night Caretaker
NU_27 Sat Night Caretaker
NU_27 Sun Night Caretaker
NU_28 Mon Day Caretaker
NU_28 Tue Day Caretaker
NU_28 Wed Day Caretaker
NU_29 Fri Late Caretaker
NU_29 Sat Late Caretaker
NU_29 Sun Late Caretaker
CT_30 Mon Night Caretaker
CT_30 Tue Night Caretaker
CT_31 Tue Late Caretaker
CT_31 Wed Late Caretaker
CT_31 Thu Late Caretaker
CT_32 Mon Day Caretaker
CT_32 Tue Day Caretaker
CT_32 Wed Early Caretaker
CT_32 Thu Early Caretaker
CT_32 Fri Early Caretaker
CT_33 Mon Day Caretaker
CT_33 Tue Day Caretaker
CT_33 Wed Late Caretaker
CT_33 Thu Late Caretaker
CT_33 Fri Late Caretaker
CT_34 Mon Late Caretaker
CT_34 Tue Late Caretaker
CT_34 Wed Late Caretaker
CT_34 Thu Late Caretaker
CT_34 Fri Late Caretaker
CT_35 Mon Late Caretaker
CT_35 Tue Late Caretaker
CT_35 Fri Night Caretaker
CT_35 Sat Night Caretaker
CT_35 Sun Night Caretaker
CT_36 Wed Day Caretaker
CT_36 Thu Day Caretaker
CT_36 Fri Day Caretaker
CT_37 Mon Late Caretaker
CT_37 Tue Late Caretaker
CT_37 Wed Late Caretaker
CT_37 Thu Late Caretaker
CT_37 Fri Late Caretaker
CT_38 Mon Early Caretaker
CT_38 Thu Day Caretaker
CT_38 Fri Day Caretaker
CT_38 Sat Late Caretaker
CT_38 Sun Late Caretaker
CT_39 Mon Night Caretaker
CT_39 Tue Night Caretaker
CT_39 Wed Night Caretaker
CT_39 Thu Night Caretaker
CT_39 Fri Night Caretaker
CT_40 Tue Early Caretaker
CT_40 Wed Early Caretaker
CT_40 Thu Early Caretaker
CT_41 Mon Day Caretaker
CT_41 Tue Day Caretaker
CT_42 Mon Early Caretaker
CT_42 Tue Early Caretaker
CT_42 Wed Day Caretaker
CT_42 Thu Day Caretaker
CT_42 Fri Day Caretaker
CT_43 Sat Night Caretaker
CT_43 Sun Night Caretaker
CT_44 Tue Early Caretaker
CT_44 Wed Early Caretaker
CT_44 Thu Early Caretaker
CT_45 Mon Early Caretaker
CT_45 Tue Early Caretaker
CT_45 Wed Early Caretaker
CT_46 Wed Day Caretaker
CT_46 Thu Day Caretaker
CT_46 Fri Early Caretaker
CT_46 Sat Early Caretaker
CT_46 Sun Early Caretaker
CT_47 Mon Night Caretaker
CT_47 Tue Night Caretaker
CT_47 Wed Night Caretaker
CT_47 Sat Early Caretaker
CT_47 Sun Early Caretaker
CT_48 Tue Late Caretaker
CT_48 Wed Late Caretaker
CT_48 Thu Late Caretaker
CT_49 Tue Late Caretaker
CT_49 Wed Late Caretaker
CT_49 Thu Late Caretaker
TR_50 Tue Night Trainee
TR_50 Wed Night Trainee
TR_50 Thu Night Trainee
TR_51 Thu Late Trainee
TR_51 Fri Late Trainee
TR_51 Sat Late Trainee
TR_51 Sun Late Trainee
TR_52 Mon Late Trainee
TR_52 Sat Night Trainee
TR_52 Sun Night Trainee
TR_53 Wed Day Trainee
TR_53 Thu Day Trainee
TR_53 Fri Early Trainee
TR_53 Sat Early Trainee
TR_53 Sun Early Trainee
TR_54 Mon Day Trainee
TR_54 Tue Day Trainee
TR_54 Wed Late Trainee
TR_54 Thu Late Trainee
TR_55 Mon Night Trainee
TR_55 Thu Day Trainee
TR_55 Fri Day Trainee
TR_55 Sat Day Trainee
TR_55 Sun Day Trainee
TR_56 Mon Late Trainee
TR_56 Tue Late Trainee
TR_56 Wed Late Trainee
TR_56 Thu Late Trainee
TR_57 Mon Early Trainee
TR_57 Tue Night Trainee
TR_57 Wed Night Trainee
TR_57 Thu Night Trainee
TR_57 Fri Night Trainee
TR_58 Mon Day Trainee
TR_58 Tue Day Trainee
TR_58 Wed Early Trainee
TR_58 Thu Early Trainee
TR_58 Fri Early Trainee
TR_59 Mon Early Trainee
TR_59 Tue Early Trainee
TR_59 Wed Early Trainee
TR_59 Sat Early Trainee
TR_59 Sun Early Trainee
