SOLUTION
2 n060w8

ASSIGNMENTS = 238
HN_0 Mon Late Nurse
HN_0 Fri Early HeadNurse
HN_0 Sat Early HeadNurse
HN_0 Sun Early HeadNurse
HN_1 Mon Day Nurse
HN_1 Tue Day HeadNurse
HN_1 Wed Late HeadNurse
HN_1 Thu Late HeadNurse
HN_1 Fri Late Nurse
HN_2 Mon Early Nurse
HN_2 Sat Late HeadNurse
HN_2 Sun Late Nurse
HN_3 Mon Night Nurse
HN_3 Tue Night HeadNurse
HN_3 Wed Night Nurse
HN_3 Thu Night Nurse
HN_3 Fri Night HeadNurse
HN_4 Mon Early Nurse
HN_4 Tue Early HeadNurse
HN_4 Wed Early Nurse
HN_4 Thu Late Nurse
HN_4 Fri Late Nurse
HN_5 Tue Day Nurse
HN_5 Wed Day HeadNurse
HN_5 Thu Day Nurse
HN_6 Mon Night Nurse
HN_6 Tue Night Nurse
HN_6 Fri Day HeadNurse
HN_6 Sat Day HeadNurse
HN_6 Sun Day Nurse
NU_7 Wed Day Nurse
NU_7 Thu Day Nurse
NU_7 Fri Early Nurse
NU_7 Sat Early Nurse
NU_7 Sun Early Nurse
NU_8 Thu Late Nurse
NU_8 Fri Late Nurse
NU_8 Sat Late Nurse
NU_8 Sun Late Nurse
NU_9 Wed Early Nurse
NU_9 Thu Early Nurse
NU_9 Fri Early Nurse
NU_10 Wed Early Nurse
NU_10 Thu Early Nurse
NU_10 Fri Early Caretaker
NU_11 Mon Night Caretaker
NU_11 Tue Night Nurse
NU_12 Mon Early Nurse
NU_12 Tue Early Nurse
NU_12 Wed Early Caretaker
NU_13 Sat Day Nurse
NU_13 Sun Day Caretaker
NU_14 Mon Late Nurse
NU_14 Fri Early Caretaker
NU_14 Sat Early Caretaker
NU_14 Sun Early Caretaker
NU_15 Mon Early Caretaker
NU_15 Tue Early Caretaker
NU_15 Wed Early Caretaker
NU_15 Thu Early Caretaker
NU_15 Fri Early Caretaker
NU_16 Tue Late Nurse
NU_16 Wed Late Nurse
NU_16 Thu Late Nurse
NU_17 Tue Night Caretaker
NU_17 Wed Night Nurse
NU_17 Thu Night Nurse
NU_17 Fri Night Nurse
NU_18 Mon Early Caretaker
NU_18 Tue Early Caretaker
NU_18 Wed Early Caretaker
NU_18 Thu Late Caretaker
NU_18 Fri Late Caretaker
NU_19 Wed Day Nurse
NU_19 Thu Day Nurse
NU_19 Fri Day Nurse
NU_20 Mon Day Nurse
NU_20 Tue Day Nurse
NU_20 Fri Day Nurse
NU_20 Sat Day Nurse
NU_20 Sun Day Caretaker
NU_21 Mon Day Caretaker
NU_21 Tue Day Caretaker
NU_21 Wed Day Caretaker
NU_21 Sat Night Nurse
NU_21 Sun Night Nurse
NU_22 Sat Night Caretaker
NU_22 Sun Night Caretaker
NU_23 Mon Late Caretaker
NU_23 Thu Early Caretaker
NU_23 Fri Early Caretaker
NU_23 Sat Late Caretaker
NU_23 Sun Late Nurse
NU_24 Mon Night Caretaker
NU_24 Tue Night Caretaker
NU_24 Wed Night Caretaker
NU_24 Thu Night Nurse
NU_24 Fri Night Nurse
NU_25 Mon Late Caretaker
NU_25 Tue Late Nurse
NU_25 Fri Night Nurse
NU_25 Sat Night Caretaker
NU_25 Sun Night Caretaker
NU_26 Thu Day Nurse
NU_26 Fri Day Nurse
NU_26 Sat Day Caretaker
NU_26 Sun Day Caretaker
NU_27 Wed Early Caretaker
NU_27 Thu Early Caretaker
NU_27 Fri Early Caretaker
NU_28 Thu Night Caretaker
NU_28 Fri Night Caretaker
NU_28 Sat Night Caretaker
NU_28 Sun Night Caretaker
NU_29 Mon Day Caretaker
NU_29 Tue Day Caretaker
CT_30 Tue Day Caretaker
CT_30 Wed Day Caretaker
CT_30 Thu Late Caretaker
CT_30 Fri Late Caretaker
CT_31 Tue Day Caretaker
CT_31 Wed Day Caretaker
CT_31 Thu Day Caretaker
CT_32 Mon Night Caretaker
CT_32 Tue Night Caretaker
CT_32 Wed Night Caretaker
CT_32 Thu Night Caretaker
CT_32 Fri Night Caretaker
CT_33 Mon Night Caretaker
CT_33 Tue Night Caretaker
CT_33 Wed Night Caretaker
CT_33 Thu Night Caretaker
CT_33 Fri Night Caretaker
CT_34 Mon Early Caretaker
CT_34 Tue Early Caretaker
CT_34 Wed Early Caretaker
CT_34 Thu Late Caretaker
CT_34 Fri Late Caretaker
CT_35 Mon Early Caretaker
CT_35 Thu Day Caretaker
CT_35 Fri Day Caretaker
CT_35 Sat Day Caretaker
CT_35 Sun Early Caretaker
CT_36 Wed Late Caretaker
CT_36 Thu Late Caretaker
CT_36 Fri Late Caretaker
CT_37 Mon Early Caretaker
CT_37 Tue Early Caretaker
CT_37 Wed Late Caretaker
CT_37 Thu Late Caretaker
CT_37 Fri Late Caretaker
CT_38 Wed Day Caretaker
CT_38 Thu Day Caretaker
CT_38 Fri Day Caretaker
CT_39 Mon Day Caretaker
CT_39 Tue Day Caretaker
CT_39 Wed Early Caretaker
CT_39 Thu Early Caretaker
CT_39 Fri Early Caretaker
CT_40 Thu Day Caretaker
CT_40 Fri Day Caretaker
CT_40 Sat Early Caretaker
CT_40 Sun Early Caretaker
CT_41 Mon Late Caretaker
CT_41 Tue Late Caretaker
CT_41 Wed Late Caretaker
CT_42 Mon Late Caretaker
CT_42 Tue Late Caretaker
CT_42 Wed Late Caretaker
CT_42 Sat Late Caretaker
CT_42 Sun Late Caretaker
CT_43 Mon Late Caretaker
CT_43 Tue Late Caretaker
CT_43 Wed Late Caretaker
CT_44 Thu Day Caretaker
CT_44 Fri Day Caretaker
CT_44 Sat Late Caretaker
CT_44 Sun Late Caretaker
CT_45 Tue Night Caretaker
CT_45 Wed Night Caretaker
CT_45 Thu Night Caretaker
CT_45 Fri Night Caretaker
CT_46 Mon Late Caretaker
CT_46 Tue Late Caretaker
CT_47 Mon Day Caretaker
CT_47 Tue Day Caretaker
CT_47 Fri Day Caretaker
CT_47 Sat Day Caretaker
CT_47 Sun Day Caretaker
CT_48 Mon Night Caretaker
CT_48 Tue Night Caretaker
CT_48 Wed Night Caretaker
CT_49 Tue Day Caretaker
CT_49 Wed Day Caretaker
CT_49 Thu Day Caretaker
TR_50 Tue Night Trainee
TR_50 Wed Night Trainee
TR_50 Thu Night Trainee
TR_51 Wed Early Trainee
TR_51 Thu Early Trainee
TR_51 Fri Late Trainee
TR_51 Sat Late Trainee
TR_51 Sun Late Trainee
TR_52 Mon Night Trainee
TR_52 Tue Night Trainee
TR_53 Wed Night Trainee
TR_53 Thu Night Trainee
TR_53 Fri Night Trainee
TR_53 Sat Night Trainee
TR_53 Sun Night Trainee
TR_54 Mon Late Trainee
TR_54 Tue Late Trainee
TR_54 Wed Late Trainee
TR_54 Sat Late Trainee
TR_54 Sun Late Trainee
TR_55 Mon Late Trainee
TR_55 Thu Early Trainee
TR_55 Fri Early Trainee
TR_55 Sat Early Trainee
TR_55 Sun Early Trainee
TR_56 Mon Day Trainee
TR_56 Tue Day Trainee
TR_56 Wed Late Trainee
TR_56 Thu Late Trainee
TR_57 Mon Day Trainee
TR_57 Tue Day Trainee
TR_57 Wed Day Trainee
TR_57 Thu Day Trainee
TR_58 Mon Early Trainee
TR_58 Tue Early Trainee
TR_58 Wed Day Trainee
TR_58 Thu Day Trainee
TR_58 Fri Day Trainee
TR_59 Wed Early Trainee
TR_59 Thu Early Trainee
TR_59 Fri Day Trainee
TR_59 Sat Day Trainee
TR_59 Sun Day Trainee
