SOLUTION
1 n110w4

ASSIGNMENTS = 372
HN_0 Fri Early HeadNurse
HN_0 Sat Early Nurse
HN_0 Sun Day HeadNurse
HN_1 Mon Day HeadNurse
HN_1 Tue Day Nurse
HN_1 Sun Early HeadNurse
HN_2 Thu Early HeadNurse
HN_2 Fri Early HeadNurse
HN_3 Mon Day HeadNurse
HN_3 Thu Day HeadNurse
HN_3 Fri Day HeadNurse
HN_3 Sat Late Nurse
HN_3 Sun Late HeadNurse
HN_4 Mon Early HeadNurse
HN_4 Tue Early HeadNurse
HN_4 Wed Early HeadNurse
HN_5 Mon Early Nurse
HN_5 Tue Early Nurse
HN_5 Wed Late HeadNurse
HN_5 Thu Late HeadNurse
HN_5 Fri Late HeadNurse
HN_6 Mon Night HeadNurse
HN_6 Tue Night HeadNurse
HN_6 Wed Night HeadNurse
HN_7 Mon Day Nurse
HN_7 Tue Day Nurse
HN_7 Wed Day HeadNurse
HN_7 Thu Day HeadNurse
HN_8 Wed Night HeadNurse
HN_8 Thu Night HeadNurse
HN_8 Fri Night HeadNurse
HN_8 Sat Night HeadNurse
HN_8 Sun Night HeadNurse
HN_9 Sat Day Nurse
HN_9 Sun Day Nurse
HN_10 Tue Late HeadNurse
HN_10 Wed Late HeadNurse
HN_10 Thu Late Nurse
HN_10 Fri Late Nurse
HN_11 Sat Early Nurse
HN_11 Sun Early HeadNurse
HN_12 Mon Night HeadNurse
HN_12 Tue Night Nurse
HN_12 Wed Night Nurse
HN_12 Thu Night Nurse
HN_12 Fri Night Nurse
HN_13 Tue Early Nurse
HN_13 Wed Early HeadNurse
HN_13 Thu Late Nurse
HN_13 Fri Late Nurse
HN_14 Mon Late HeadNurse
HN_15 Mon Late Nurse
HN_15 Sat Late Nurse
HN_15 Sun Late HeadNurse
HN_16 Mon Night Nurse
HN_16 Tue Night Nurse
HN_16 Wed Night Nurse
HN_16 Thu Night Nurse
HN_16 Fri Night Nurse
HN_17 Mon Day Nurse
HN_17 Tue Day Nurse
HN_17 Wed Day HeadNurse
HN_17 Thu Early Nurse
HN_17 Fri Early Nurse
HN_18 Wed Day Nurse
HN_18 Thu Day Nurse
HN_18 Fri Day Nurse
HN_19 Mon Early Nurse
HN_19 Tue Early Nurse
HN_19 Wed Early Nurse
HN_19 Thu Early Nurse
NU_20 Sat Night Nurse
NU_20 Sun Night Nurse
NU_21 Mon Late Nurse
NU_21 Thu Late Nurse
NU_21 Fri Late Nurse
NU_21 Sat Late Caretaker
NU_21 Sun Late Nurse
NU_22 Mon Late Caretaker
NU_22 Tue Late Nurse
NU_22 Wed Late Nurse
NU_22 Thu Late Caretaker
NU_22 Fri Late Caretaker
NU_23 Wed Early Nurse
NU_23 Thu Early Caretaker
NU_23 Fri Early Nurse
NU_24 Mon Day Nurse
NU_24 Tue Day Caretaker
NU_24 Wed Day Nurse
NU_25 Tue Late Nurse
NU_25 Wed Late Nurse
NU_25 Thu Late Caretaker
NU_26 Mon Day Caretaker
NU_27 Tue Late Nurse
NU_27 Wed Late Nurse
NU_28 Mon Day Caretaker
NU_28 Tue Day Caretaker
NU_28 Wed Late Caretaker
NU_28 Thu Late Caretaker
NU_29 Fri Day Nurse
NU_29 Sat Day Caretaker
NU_29 Sun Day Nurse
NU_30 Fri Early Nurse
NU_30 Sat Early Caretaker
NU_30 Sun Late Nurse
NU_31 Wed Day Nurse
NU_31 Thu Day Nurse
NU_31 Fri Day Nurse
NU_32 Mon Late Caretaker
NU_32 Thu Day Nurse
NU_32 Fri Day Caretaker
NU_32 Sat Early Caretaker
NU_32 Sun Early Nurse
NU_33 Wed Day Caretaker
NU_33 Thu Day Caretaker
NU_33 Fri Day Caretaker
NU_34 Wed Night Nurse
NU_34 Thu Night Nurse
NU_34 Fri Night Caretaker
NU_34 Sat Night Nurse
NU_35 Fri Day Caretaker
NU_35 Sat Day Caretaker
NU_35 Sun Early Nurse
NU_36 Mon Early Caretaker
NU_36 Tue Early Caretaker
NU_36 Wed Early Caretaker
NU_37 Tue Night Nurse
NU_37 Wed Night Caretaker
NU_37 Thu Night Caretaker
NU_37 Fri Night Caretaker
NU_38 Mon Early Caretaker
NU_38 Thu Early Caretaker
NU_38 Fri Early Caretaker
NU_38 Sat Day Caretaker
NU_38 Sun Day Caretaker
NU_39 Mon Night Nurse
NU_39 Tue Night Nurse
NU_39 Wed Night Caretaker
NU_39 Thu Night Caretaker
CT_40 Mon Day Caretaker
CT_41 Mon Day Caretaker
CT_41 Tue Day Caretaker
CT_41 Sun Early Caretaker
CT_42 Wed Day Caretaker
CT_42 Thu Day Caretaker
CT_42 Fri Day Caretaker
CT_43 Tue Day Caretaker
CT_43 Wed Day Caretaker
CT_44 Fri Night Caretaker
CT_44 Sat Night Caretaker
CT_44 Sun Night Caretaker
CT_45 Tue Day Caretaker
CT_45 Wed Day Caretaker
CT_45 Thu Early Caretaker
CT_45 Fri Early Caretaker
CT_46 Fri Day Caretaker
CT_46 Sat Day Caretaker
CT_46 Sun Day Caretaker
CT_47 Mon Night Caretaker
CT_47 Thu Day Caretaker
CT_47 Fri Day Caretaker
CT_47 Sat Late Caretaker
CT_47 Sun Late Caretaker
CT_48 Fri Early Caretaker
CT_48 Sat Early Caretaker
CT_48 Sun Early Caretaker
CT_49 Mon Early Caretaker
CT_49 Tue Early Caretaker
CT_49 Wed Early Caretaker
CT_49 Thu Late Caretaker
CT_49 Fri Late Caretaker
CT_50 Mon Early Caretaker
CT_50 Tue Early Caretaker
CT_50 Wed Early Caretaker
CT_50 Thu Early Caretaker
CT_51 Mon Day Caretaker
CT_52 Tue Late Caretaker
CT_52 Wed Late Caretaker
CT_52 Thu Night Caretaker
CT_52 Fri Night Caretaker
CT_52 Sat Night Caretaker
CT_52 Sun Night Caretaker
CT_53 Fri Late Caretaker
CT_53 Sat Late Caretaker
CT_53 Sun Late Caretaker
CT_54 Wed Day Caretaker
CT_54 Thu Day Caretaker
CT_54 Fri Day Caretaker
CT_55 Thu Day Caretaker
CT_55 Fri Day Caretaker
CT_56 Mon Day Caretaker
CT_57 Fri Night Caretaker
CT_57 Sat Night Caretaker
CT_57 Sun Night Caretaker
CT_58 Mon Early Caretaker
CT_58 Tue Early Caretaker
CT_58 Wed Early Caretaker
CT_59 Tue Night Caretaker
CT_59 Wed Night Caretaker
CT_59 Thu Night Caretaker
CT_59 Fri Night Caretaker
CT_60 Tue Early Caretaker
CT_60 Wed Early Caretaker
CT_60 Thu Late Caretaker
CT_60 Fri Late Caretaker
CT_61 Mon Early Caretaker
CT_61 Tue Early Caretaker
CT_61 Sun Day Caretaker
CT_62 Mon Late Caretaker
CT_62 Tue Late Caretaker
CT_62 Wed Late Caretaker
CT_62 Thu Late Caretaker
CT_62 Fri Late Caretaker
CT_63 Mon Night Caretaker
CT_63 Tue Night Caretaker
CT_63 Wed Night Caretaker
CT_63 Thu Night Caretaker
CT_64 Tue Early Caretaker
CT_64 Wed Early Caretaker
CT_64 Thu Early Caretaker
CT_65 Mon Night Caretaker
CT_65 Tue Night Caretaker
CT_65 Wed Night Caretaker
CT_65 Thu Night Caretaker
CT_65 Fri Night Caretaker
CT_66 Mon Night Caretaker
CT_66 Tue Night Caretaker
CT_66 Wed Night Caretaker
CT_66 Thu Night Caretaker
CT_67 Wed Day Caretaker
CT_67 Thu Day Caretaker
CT_68 Mon Night Caretaker
CT_69 Mon Night Caretaker
CT_69 Tue Night Caretaker
CT_69 Wed Night Caretaker
CT_70 Wed Day Caretaker
CT_70 Thu Day Caretaker
CT_70 Fri Early Caretaker
CT_70 Sat Early Caretaker
CT_70 Sun Late Caretaker
CT_71 Thu Early Caretaker
CT_71 Fri Early Caretaker
CT_72 Tue Late Caretaker
CT_72 Wed Late Caretaker
CT_73 Mon Late Caretaker
CT_73 Tue Late Caretaker
CT_73 Sun Day Caretaker
CT_74 Mon Late Caretaker
CT_74 Tue Late Caretaker
CT_75 Tue Late Caretaker
CT_75 Wed Late Caretaker
CT_75 Thu Late Caretaker
CT_75 Fri Late Caretaker
CT_76 Wed Early Caretaker
CT_76 Thu Early Caretaker
CT_76 Fri Early Caretaker
CT_77 Mon Night Caretaker
CT_77 Tue Night Caretaker
CT_77 Wed Night Caretaker
CT_77 Thu Night Caretaker
CT_77 Fri Night Caretaker
CT_78 Wed Late Caretaker
CT_78 Thu Late Caretaker
CT_78 Fri Late Caretaker
CT_79 Mon Day Caretaker
CT_79 Tue Day Caretaker
TR_80 Mon Early Trainee
TR_80 Sat Early Trainee
TR_80 Sun Early Trainee
TR_81 Mon Early Trainee
TR_81 Tue Early Trainee
TR_81 Wed Early Trainee
TR_81 Thu Early Trainee
TR_82 Mon Day Trainee
TR_83 Mon Night Trainee
TR_83 Sat Late Trainee
TR_83 Sun Late Trainee
TR_84 Tue Early Trainee
TR_84 Wed Early Trainee
TR_84 Thu Early Trainee
TR_84 Fri Early Trainee
TR_85 Mon Day Trainee
TR_85 Tue Day Trainee
TR_86 Tue Day Trainee
TR_86 Wed Day Trainee
TR_86 Thu Early Trainee
TR_86 Fri Early Trainee
TR_87 Tue Night Trainee
TR_87 Wed Night Trainee
TR_87 Thu Night Trainee
TR_87 Fri Night Trainee
TR_88 Wed Early Trainee
TR_88 Thu Early Trainee
TR_88 Fri Late Trainee
TR_88 Sat Late Trainee
TR_88 Sun Late Trainee
TR_89 Mon Day Trainee
TR_89 Tue Day Trainee
TR_89 Wed Day Trainee
TR_89 Thu Day Trainee
TR_89 Fri Day Trainee
TR_90 Mon Late Trainee
TR_90 Tue Late Trainee
TR_90 Wed Late Trainee
TR_91 Mon Night Trainee
TR_91 Tue Night Trainee
TR_91 Wed Night Trainee
TR_91 Thu Night Trainee
TR_91 Fri Night Trainee
TR_92 Wed Early Trainee
TR_92 Thu Early Trainee
TR_92 Fri Early Trainee
TR_93 Fri Day Trainee
TR_93 Sat Day Trainee
TR_93 Sun Day Trainee
TR_94 Fri Night Trainee
TR_94 Sat Night Trainee
TR_94 Sun Night Trainee
TR_95 Mon Late Trainee
TR_95 Tue Late Trainee
TR_96 Wed Day Trainee
TR_96 Thu Day Trainee
TR_96 Fri Day Trainee
TR_96 Sat Early Trainee
TR_96 Sun Early Trainee
TR_97 Mon Late Trainee
TR_97 Thu Day Trainee
TR_97 Fri Day Trainee
TR_97 Sat Day Trainee
TR_97 Sun Day Trainee
TR_98 Fri Early Trainee
TR_98 Sat Early Trainee
TR_98 Sun Early Trainee
TR_99 Mon Late Trainee
TR_99 Tue Late Trainee
TR_99 Wed Late Trainee
TR_99 Thu Late Trainee
TR_100 Mon Night Trainee
TR_100 Tue Night Trainee
TR_100 Wed Night Trainee
TR_100 Thu Night Trainee
TR_100 Fri Night Trainee
TR_101 Mon Night Trainee
TR_101 Tue Night Trainee
TR_101 Wed Night Trainee
TR_101 Thu Night Trainee
TR_101 Fri Night Trainee
TR_102 Tue Early Trainee
TR_102 Wed Early Trainee
TR_103 Mon Late Trainee
TR_103 Tue Late Trainee
TR_104 Wed Late Trainee
TR_104 Thu Late Trainee
TR_104 Fri Late Trainee
TR_105 Mon Early Trainee
TR_105 Tue Early Trainee
TR_105 Wed Day Trainee
TR_105 Thu Day Trainee
TR_106 Mon Night Trainee
TR_106 Thu Night Trainee
TR_106 Fri Night Trainee
TR_106 Sat Night Trainee
TR_106 Sun Night Trainee
TR_107 Tue Day Trainee
TR_107 Wed Day Trainee
TR_107 Thu Late Trainee
TR_107 Fri Late Trainee
TR_108 Tue Late Trainee
TR_108 Wed Late Trainee
TR_109 Mon Day Trainee
TR_109 Tue Late Trainee
TR_109 Wed Late Trainee
