SOLUTION
3 n060w4

ASSIGNMENTS = 224
HN_0 Mon Day HeadNurse
HN_1 Mon Late HeadNurse
HN_1 Tue Late HeadNurse
HN_1 Wed Late HeadNurse
HN_1 Sat Day Nurse
HN_1 Sun Day HeadNurse
HN_3 Thu Late Nurse
HN_3 Fri Late HeadNurse
HN_3 Sat Late HeadNurse
HN_3 Sun Late Nurse
HN_4 Mon Day Nurse
HN_4 Tue Day Nurse
HN_4 Wed Night HeadNurse
HN_4 Thu Night HeadNurse
HN_4 Fri Night HeadNurse
HN_4 Sat Night HeadNurse
HN_4 Sun Night HeadNurse
HN_5 Mon Night HeadNurse
HN_6 Tue Early HeadNurse
HN_6 Wed Early HeadNurse
HN_6 Thu Early HeadNurse
NU_7 Thu Early Nurse
NU_7 Fri Early Nurse
NU_7 Sat Early Nurse
NU_7 Sun Early Nurse
NU_8 Mon Night Nurse
NU_8 Tue Night Nurse
NU_8 Wed Night Nurse
NU_8 Thu Night Nurse
NU_8 Fri Night Nurse
NU_9 Thu Early Nurse
NU_9 Fri Early Nurse
NU_9 Sat Late Nurse
NU_9 Sun Late Caretaker
NU_10 Wed Day Nurse
NU_10 Thu Day Nurse
NU_10 Fri Day Nurse
NU_11 Mon Night Nurse
NU_11 Tue Night Nurse
NU_11 Wed Night Nurse
NU_12 Mon Early Nurse
NU_12 Tue Early Nurse
NU_12 Wed Early Nurse
NU_13 Mon Early Nurse
NU_13 Tue Early Nurse
NU_13 Wed Early Nurse
NU_13 Thu Day Nurse
NU_13 Fri Day Nurse
NU_14 Mon Late Nurse
NU_14 Tue Late Nurse
NU_14 Wed Late Nurse
NU_15 Mon Night Nurse
NU_15 Tue Night Caretaker
NU_15 Wed Night Nurse
NU_15 Thu Night Nurse
NU_15 Fri Night Nurse
NU_16 Tue Early Nurse
NU_16 Wed Early Nurse
NU_16 Thu Early Nurse
NU_17 Thu Early Caretaker
NU_17 Fri Early Nurse
NU_17 Sat Day Caretaker
NU_17 Sun Day Nurse
NU_18 Mon Night Nurse
NU_18 Thu Night Nurse
NU_18 Fri Night Nurse
NU_18 Sat Night Nurse
NU_18 Sun Night Nurse
NU_19 Mon Early Nurse
NU_19 Tue Early Nurse
NU_19 Wed Day Nurse
NU_19 Thu Day Nurse
NU_19 Fri Day Nurse
NU_20 Mon Early Nurse
NU_20 Tue Early Caretaker
NU_20 Wed Day Nurse
NU_20 Thu Day Nurse
NU_21 Mon Night Caretaker
NU_22 Tue Late Nurse
NU_22 Wed Late Nurse
NU_22 Thu Night Caretaker
NU_22 Fri Night Caretaker
NU_22 Sat Night Caretaker
NU_22 Sun Night Caretaker
NU_23 Mon Day Nurse
NU_24 Wed Early Caretaker
NU_24 Thu Early Caretaker
NU_24 Fri Early Caretaker
NU_25 Mon Late Nurse
NU_25 Tue Night Caretaker
NU_25 Wed Night Caretaker
NU_25 Thu Night Caretaker
NU_25 Fri Night Caretaker
NU_26 Mon Early Caretaker
NU_26 Tue Early Caretaker
NU_26 Wed Early Caretaker
NU_26 Thu Early Caretaker
NU_26 Fri Early Caretaker
NU_27 Mon Day Caretaker
NU_27 Tue Day Nurse
NU_27 Wed Day Caretaker
NU_27 Thu Late Nurse
NU_27 Fri Late Nurse
NU_28 Mon Night Caretaker
NU_28 Tue Night Caretaker
NU_28 Wed Night Caretaker
NU_28 Thu Night Caretaker
NU_28 Fri Night Caretaker
NU_29 Mon Day Caretaker
NU_29 Tue Day Nurse
NU_29 Wed Day Caretaker
NU_29 Thu Late Caretaker
NU_29 Fri Late Nurse
NU_30 Sat Late Caretaker
NU_30 Sun Late Caretaker
NU_31 Mon Day Caretaker
NU_31 Tue Day Caretaker
NU_31 Wed Day Caretaker
NU_31 Thu Day Caretaker
NU_31 Fri Day Nurse
NU_32 Mon Night Caretaker
NU_32 Tue Night Caretaker
NU_32 Wed Night Caretaker
NU_32 Thu Night Caretaker
NU_32 Fri Night Caretaker
NU_33 Mon Late Nurse
NU_33 Tue Late Caretaker
NU_33 Wed Late Nurse
NU_34 Mon Late Nurse
NU_34 Tue Late Caretaker
NU_34 Wed Late Caretaker
NU_34 Thu Late Caretaker
NU_34 Fri Late Caretaker
NU_35 Mon Late Caretaker
NU_35 Tue Late Caretaker
NU_35 Wed Late Caretaker
NU_35 Thu Late Caretaker
NU_35 Fri Late Caretaker
CT_37 Mon Early Caretaker
CT_37 Tue Early Caretaker
CT_37 Wed Day Caretaker
CT_37 Thu Day Caretaker
CT_37 Fri Day Caretaker
CT_38 Mon Day Caretaker
CT_38 Tue Day Caretaker
CT_38 Wed Day Caretaker
CT_38 Thu Day Caretaker
CT_38 Fri Day Caretaker
CT_39 Mon Early Caretaker
CT_39 Tue Early Caretaker
CT_39 Wed Early Caretaker
CT_39 Sat Early Caretaker
CT_39 Sun Early Caretaker
CT_40 Mon Late Caretaker
CT_40 Tue Late Caretaker
CT_40 Wed Late Caretaker
CT_41 Mon Early Caretaker
CT_41 Tue Early Caretaker
CT_41 Wed Early Caretaker
CT_41 Thu Day Caretaker
CT_41 Fri Day Caretaker
CT_42 Fri Early Caretaker
CT_42 Sat Early Caretaker
CT_42 Sun Day Caretaker
CT_43 Wed Early Caretaker
CT_43 Thu Early Caretaker
CT_43 Fri Early Caretaker
CT_44 Mon Late Caretaker
CT_44 Tue Late Caretaker
CT_44 Wed Late Caretaker
CT_44 Thu Late Caretaker
CT_44 Fri Late Caretaker
CT_45 Mon Late Caretaker
CT_45 Tue Late Caretaker
CT_45 Wed Late Caretaker
CT_45 Sat Day Caretaker
CT_45 Sun Day Caretaker
CT_46 Mon Day Caretaker
CT_46 Tue Day Caretaker
CT_46 Wed Day Caretaker
CT_46 Thu Day Caretaker
CT_47 Fri Late Caretaker
CT_47 Sat Late Caretaker
CT_47 Sun Late Caretaker
CT_48 Mon Night Caretaker
CT_48 Tue Night Caretaker
CT_48 Wed Night Caretaker
CT_48 Thu Night Caretaker
CT_48 Fri Night Caretaker
CT_50 Mon Day Caretaker
CT_50 Tue Day Caretaker
CT_50 Wed Late Caretaker
CT_50 Thu Late Caretaker
CT_50 Fri Late Caretaker
CT_51 Thu Night Caretaker
CT_51 Fri Night Caretaker
CT_51 Sat Night Caretaker
CT_51 Sun Night Caretaker
TR_52 Wed Early Trainee
TR_52 Thu Early Trainee
TR_52 Fri Early Trainee
TR_52 Sat Day Trainee
TR_52 Sun Day Trainee
TR_53 Mon Day Trainee
TR_53 Tue Day Trainee
TR_54 Fri Early Trainee
TR_54 Sat Early Trainee
TR_54 Sun Early Trainee
TR_55 Thu Late Trainee
TR_55 Fri Late Trainee
TR_55 Sat Late Trainee
TR_55 Sun Late Trainee
TR_56 Mon Day Trainee
TR_57 Thu Night Trainee
TR_57 Fri Night Trainee
TR_57 Sat Night Trainee
TR_57 Sun Night Trainee
TR_58 Tue Late Trainee
TR_58 Wed Late Trainee
TR_58 Thu Late Trainee
TR_58 Fri Late Trainee
TR_59 Mon Night Trainee
TR_59 Tue Night Trainee
TR_59 Wed Night Trainee
