SOLUTION
0 n060w4

ASSIGNMENTS = 222
HN_1 Wed Day HeadNurse
HN_1 Thu Day HeadNurse
HN_1 Fri Day Nurse
HN_2 Mon Day Nurse
HN_2 Tue Day HeadNurse
HN_3 Mon Early HeadNurse
HN_3 Tue Early Nurse
HN_3 Wed Early HeadNurse
HN_3 Thu Late Nurse
HN_3 Fri Late HeadNurse
HN_4 Mon Night HeadNurse
HN_4 Tue Night Nurse
HN_4 Wed Night HeadNurse
HN_4 Thu Night HeadNurse
HN_4 Fri Night HeadNurse
HN_5 Wed Early Nurse
HN_5 Thu Early Nurse
HN_5 Fri Early Nurse
HN_6 Mon Late Nurse
HN_6 Tue Late HeadNurse
HN_6 Sat Day Nurse
HN_6 Sun Day HeadNurse
NU_7 Tue Day Nurse
NU_7 Wed Day Nurse
NU_7 Thu Day Nurse
NU_7 Fri Night Nurse
NU_7 Sat Night Nurse
NU_7 Sun Night Nurse
NU_8 Tue Day Nurse
NU_8 Wed Day Nurse
NU_8 Thu Day Nurse
NU_9 Thu Early Nurse
NU_9 Fri Early Nurse
NU_9 Sat Early Nurse
NU_9 Sun Early Nurse
NU_10 Fri Late Nurse
NU_10 Sat Late Nurse
NU_10 Sun Late Nurse
NU_11 Sat Early Nurse
NU_11 Sun Early Caretaker
NU_12 Fri Day Nurse
NU_12 Sat Day Caretaker
NU_12 Sun Day Nurse
NU_13 Mon Early Nurse
NU_13 Tue Early Nurse
NU_13 Wed Early Nurse
NU_13 Thu Day Nurse
NU_13 Fri Day Caretaker
NU_14 Wed Day Nurse
NU_14 Thu Day Caretaker
NU_14 Fri Day Caretaker
NU_15 Mon Day Nurse
NU_15 Tue Day Nurse
NU_16 Mon Early Nurse
NU_16 Sat Early Caretaker
NU_16 Sun Early Caretaker
NU_17 Tue Day Nurse
NU_17 Wed Day Nurse
NU_17 Thu Night Nurse
NU_17 Fri Night Nurse
NU_17 Sat Night Caretaker
NU_17 Sun Night Caretaker
NU_18 Wed Early Nurse
NU_18 Thu Early Caretaker
NU_18 Fri Early Nurse
NU_19 Mon Late Nurse
NU_19 Tue Late Nurse
NU_19 Wed Late Nurse
NU_19 Thu Late Nurse
NU_19 Fri Late Nurse
NU_20 Wed Late Nurse
NU_20 Thu Late Caretaker
NU_20 Fri Late Nurse
NU_21 Mon Day Caretaker
NU_21 Tue Day Caretaker
NU_21 Wed Day Caretaker
NU_22 Mon Early Nurse
NU_22 Tue Early Nurse
NU_22 Wed Late Nurse
NU_22 Thu Late Caretaker
NU_22 Fri Late Caretaker
NU_23 Mon Late Nurse
NU_23 Tue Late Nurse
NU_23 Wed Late Caretaker
NU_23 Thu Late Caretaker
NU_24 Mon Early Caretaker
NU_24 Tue Early Caretaker
NU_24 Wed Early Caretaker
NU_25 Mon Late Caretaker
NU_25 Tue Late Caretaker
NU_26 Mon Night Nurse
NU_27 Mon Early Caretaker
NU_27 Tue Early Caretaker
NU_27 Wed Early Caretaker
NU_27 Thu Early Caretaker
NU_27 Fri Early Caretaker
NU_28 Mon Night Nurse
NU_28 Tue Night Nurse
NU_28 Wed Night Nurse
NU_28 Thu Night Nurse
NU_28 Fri Night Nurse
NU_29 Mon Late Caretaker
NU_29 Tue Late Caretaker
NU_29 Wed Late Caretaker
NU_29 Thu Late Caretaker
NU_29 Fri Late Caretaker
NU_30 Tue Night Nurse
NU_30 Wed Night Nurse
NU_30 Thu Night Nurse
NU_30 Fri Night Caretaker
NU_31 Mon Night Caretaker
NU_31 Tue Night Nurse
NU_31 Wed Night Caretaker
NU_31 Thu Night Caretaker
NU_31 Fri Night Caretaker
NU_32 Tue Night Caretaker
NU_32 Wed Night Caretaker
NU_32 Thu Night Caretaker
NU_32 Fri Night Caretaker
NU_33 Tue Late Caretaker
NU_33 Wed Late Caretaker
NU_33 Thu Late Caretaker
NU_33 Fri Late Caretaker
NU_34 Mon Night Caretaker
NU_35 Mon Day Caretaker
NU_35 Tue Day Caretaker
NU_35 Fri Late Caretaker
NU_35 Sat Late Caretaker
NU_35 Sun Late Nurse
NU_36 Mon Night Caretaker
CT_37 Mon Night Caretaker
CT_37 Tue Night Caretaker
CT_37 Wed Night Caretaker
CT_38 Mon Late Caretaker
CT_39 Mon Night Caretaker
CT_39 Tue Night Caretaker
CT_39 Wed Night Caretaker
CT_39 Thu Night Caretaker
CT_39 Fri Night Caretaker
CT_40 Mon Early Caretaker
CT_40 Tue Early Caretaker
CT_40 Wed Early Caretaker
CT_40 Thu Early Caretaker
CT_40 Fri Early Caretaker
CT_41 Mon Late Caretaker
CT_41 Tue Late Caretaker
CT_41 Fri Day Caretaker
CT_41 Sat Day Caretaker
CT_41 Sun Day Caretaker
CT_42 Tue Day Caretaker
CT_42 Wed Day Caretaker
CT_42 Thu Day Caretaker
CT_42 Fri Night Caretaker
CT_42 Sat Night Caretaker
CT_42 Sun Night Caretaker
CT_43 Tue Night Caretaker
CT_43 Wed Night Caretaker
CT_43 Thu Night Caretaker
CT_43 Fri Night Caretaker
CT_44 Mon Late Caretaker
CT_44 Tue Late Caretaker
CT_44 Fri Early Caretaker
CT_44 Sat Early Caretaker
CT_44 Sun Late Caretaker
CT_45 Mon Day Caretaker
CT_45 Tue Day Caretaker
CT_45 Wed Day Caretaker
CT_45 Thu Day Caretaker
CT_45 Fri Day Caretaker
CT_46 Mon Day Caretaker
CT_46 Tue Day Caretaker
CT_47 Tue Day Caretaker
CT_47 Wed Day Caretaker
CT_47 Thu Day Caretaker
CT_47 Fri Late Caretaker
CT_47 Sat Late Caretaker
CT_47 Sun Late Caretaker
CT_48 Mon Late Caretaker
CT_48 Tue Late Caretaker
CT_49 Mon Early Caretaker
CT_49 Tue Early Caretaker
CT_49 Wed Early Caretaker
CT_50 Mon Early Caretaker
CT_50 Tue Early Caretaker
CT_50 Wed Early Caretaker
CT_50 Thu Early Caretaker
CT_50 Fri Early Caretaker
CT_51 Thu Early Caretaker
CT_51 Fri Early Caretaker
CT_51 Sat Day Caretaker
CT_51 Sun Day Caretaker
TR_52 Mon Night Trainee
TR_52 Tue Night Trainee
TR_52 Fri Early Trainee
TR_52 Sat Early Trainee
TR_52 Sun Day Trainee
TR_53 Fri Day Trainee
TR_53 Sat Day Trainee
TR_53 Sun Late Trainee
TR_54 Mon Day Trainee
TR_54 Tue Day Trainee
TR_54 Wed Day Trainee
TR_55 Wed Night Trainee
TR_55 Thu Night Trainee
TR_55 Fri Night Trainee
TR_55 Sat Night Trainee
TR_55 Sun Night Trainee
TR_56 Tue Early Trainee
TR_56 Wed Early Trainee
TR_56 Thu Late Trainee
TR_56 Fri Late Trainee
TR_57 Wed Day Trainee
TR_57 Thu Day Trainee
TR_57 Fri Day Trainee
TR_58 Mon Late Trainee
TR_58 Sat Night Trainee
TR_58 Sun Night Trainee
TR_59 Mon Late Trainee
TR_59 Tue Late Trainee
TR_59 Wed Late Trainee
TR_59 Thu Late Trainee
TR_59 Fri Late Trainee
