SOLUTION
0 n070w4

ASSIGNMENTS = 283
HN_0 Mon Late Nurse
HN_0 Tue Late Nurse
HN_1 Mon Early HeadNurse
HN_1 Tue Late Nurse
HN_1 Wed Late Nurse
HN_2 Mon Day HeadNurse
HN_2 Tue Day Nurse
HN_2 Wed Late Nurse
HN_2 Thu Late HeadNurse
HN_3 Thu Day HeadNurse
HN_3 Fri Day HeadNurse
HN_3 Sat Early HeadNurse
HN_3 Sun Early Nurse
HN_4 Mon Late Nurse
HN_4 Tue Late Nurse
HN_4 Sat Night HeadNurse
HN_4 Sun Night HeadNurse
HN_5 Tue Day Nurse
HN_5 Wed Day Nurse
HN_5 Thu Late Nurse
HN_5 Fri Late Nurse
HN_6 Mon Day Nurse
HN_6 Tue Day Nurse
HN_6 Wed Early HeadNurse
HN_6 Thu Early HeadNurse
HN_7 Mon Night HeadNurse
HN_7 Tue Night HeadNurse
HN_7 Wed Night HeadNurse
HN_7 Sat Late HeadNurse
HN_7 Sun Late HeadNurse
NU_8 Mon Night Nurse
NU_8 Tue Night Nurse
NU_8 Wed Night Nurse
NU_8 Thu Night Nurse
NU_8 Fri Night Nurse
NU_9 Mon Night Nurse
NU_9 Tue Night Nurse
NU_9 Wed Night Nurse
NU_9 Thu Night Nurse
NU_10 Mon Early Nurse
NU_10 Tue Early Nurse
NU_10 Wed Early Nurse
NU_10 Thu Early Nurse
NU_11 Mon Night Nurse
NU_11 Thu Early Nurse
NU_11 Fri Early Nurse
NU_11 Sat Early Nurse
NU_11 Sun Early Nurse
NU_12 Mon Night Nurse
NU_12 Tue Night Nurse
NU_12 Wed Night Nurse
NU_12 Thu Night Nurse
NU_12 Fri Night Nurse
NU_13 Mon Night Caretaker
NU_13 Tue Night Caretaker
NU_14 Tue Late Nurse
NU_14 Wed Late Nurse
NU_14 Thu Late Nurse
NU_14 Fri Late Nurse
NU_15 Mon Day Nurse
NU_15 Tue Day Caretaker
NU_15 Wed Early Nurse
NU_15 Thu Early Nurse
NU_16 Mon Day Nurse
NU_16 Tue Day Caretaker
NU_16 Wed Day Nurse
NU_16 Thu Early Caretaker
NU_16 Fri Early Nurse
NU_17 Thu Day Nurse
NU_17 Fri Day Nurse
NU_17 Sat Late Nurse
NU_17 Sun Late Nurse
NU_18 Mon Day Caretaker
NU_18 Tue Day Caretaker
NU_18 Wed Late Caretaker
NU_18 Thu Late Nurse
NU_18 Fri Late Nurse
NU_19 Mon Late Nurse
NU_19 Tue Late Caretaker
NU_20 Mon Day Caretaker
NU_20 Tue Day Caretaker
NU_20 Wed Late Caretaker
NU_20 Thu Late Nurse
NU_20 Fri Late Caretaker
NU_21 Fri Night Nurse
NU_21 Sat Night Nurse
NU_21 Sun Night Nurse
NU_22 Mon Late Caretaker
NU_22 Wed Early Nurse
NU_22 Thu Early Caretaker
NU_22 Fri Early Nurse
NU_23 Mon Early Nurse
NU_23 Tue Early Nurse
NU_23 Wed Early Caretaker
NU_23 Thu Early Caretaker
NU_24 Wed Night Nurse
NU_24 Thu Night Caretaker
NU_24 Fri Night Caretaker
NU_24 Sat Night Nurse
NU_25 Mon Day Caretaker
NU_25 Tue Day Caretaker
NU_25 Wed Day Nurse
NU_25 Thu Late Caretaker
NU_25 Fri Late Caretaker
NU_26 Mon Early Nurse
NU_26 Thu Early Caretaker
NU_26 Fri Early Nurse
NU_26 Sat Early Nurse
NU_26 Sun Early Caretaker
NU_27 Mon Early Nurse
NU_27 Tue Early Nurse
NU_27 Fri Late Caretaker
NU_27 Sat Late Caretaker
NU_27 Sun Late Nurse
NU_28 Wed Day Nurse
NU_28 Thu Day Nurse
NU_28 Fri Day Nurse
NU_29 Mon Early Caretaker
NU_29 Tue Early Caretaker
NU_29 Wed Late Caretaker
NU_29 Thu Late Caretaker
NU_29 Fri Late Caretaker
NU_30 Mon Early Caretaker
NU_30 Tue Early Caretaker
NU_30 Wed Day Caretaker
NU_30 Thu Day Nurse
NU_30 Fri Day Nurse
NU_31 Wed Early Caretaker
NU_31 Thu Early Caretaker
NU_31 Fri Early Caretaker
NU_32 Thu Day Caretaker
NU_32 Fri Day Nurse
NU_32 Sat Day Nurse
NU_32 Sun Day Nurse
NU_33 Mon Late Caretaker
NU_33 Thu Day Caretaker
NU_33 Fri Day Caretaker
NU_33 Sat Day Caretaker
NU_33 Sun Day Caretaker
NU_34 Mon Late Caretaker
NU_34 Tue Late Caretaker
NU_34 Wed Late Caretaker
NU_34 Thu Late Caretaker
NU_34 Fri Late Caretaker
NU_35 Wed Day Caretaker
NU_35 Thu Day Caretaker
NU_35 Fri Day Caretaker
NU_36 Fri Night Caretaker
NU_36 Sat Night Caretaker
NU_36 Sun Night Caretaker
NU_37 Mon Night Caretaker
NU_37 Sat Night Caretaker
NU_37 Sun Night Caretaker
NU_38 Fri Night Caretaker
NU_38 Sat Night Caretaker
NU_38 Sun Night Caretaker
NU_39 Mon Late Caretaker
NU_39 Tue Late Caretaker
CT_40 Mon Day Caretaker
CT_40 Tue Day Caretaker
CT_40 Wed Day Caretaker
CT_40 Thu Day Caretaker
CT_40 Fri Day Caretaker
CT_41 Wed Night Caretaker
CT_41 Thu Night Caretaker
CT_41 Fri Night Caretaker
CT_41 Sat Night Caretaker
CT_42 Wed Day Caretaker
CT_42 Thu Day Caretaker
CT_42 Fri Day Caretaker
CT_43 Fri Early Caretaker
CT_43 Sat Early Caretaker
CT_43 Sun Early Caretaker
CT_44 Mon Night Caretaker
CT_44 Tue Night Caretaker
CT_44 Wed Night Caretaker
CT_44 Thu Night Caretaker
CT_44 Fri Night Caretaker
CT_45 Mon Day Caretaker
CT_45 Tue Day Caretaker
CT_45 Wed Late Caretaker
CT_45 Thu Late Caretaker
CT_45 Fri Late Caretaker
CT_46 Mon Early Caretaker
CT_46 Tue Early Caretaker
CT_46 Wed Early Caretaker
CT_46 Thu Late Caretaker
CT_46 Fri Late Caretaker
CT_47 Mon Early Caretaker
CT_47 Tue Early Caretaker
CT_47 Wed Day Caretaker
CT_47 Thu Day Caretaker
CT_47 Fri Day Caretaker
CT_48 Mon Night Caretaker
CT_48 Tue Night Caretaker
CT_48 Wed Night Caretaker
CT_49 Wed Day Caretaker
CT_49 Thu Day Caretaker
CT_49 Fri Day Caretaker
CT_50 Mon Early Caretaker
CT_50 Tue Early Caretaker
CT_50 Wed Early Caretaker
CT_50 Thu Early Caretaker
CT_50 Fri Early Caretaker
CT_51 Thu Early Caretaker
CT_51 Fri Early Caretaker
CT_51 Sat Day Caretaker
CT_51 Sun Day Caretaker
CT_52 Tue Late Caretaker
CT_52 Wed Late Caretaker
CT_52 Thu Late Caretaker
CT_53 Mon Late Caretaker
CT_53 Tue Late Caretaker
CT_53 Fri Early Caretaker
CT_53 Sat Early Caretaker
CT_53 Sun Late Caretaker
CT_54 Mon Late Caretaker
CT_54 Tue Late Caretaker
CT_54 Fri Late Caretaker
CT_54 Sat Late Caretaker
CT_54 Sun Late Caretaker
CT_55 Mon Night Caretaker
CT_55 Tue Night Caretaker
CT_55 Wed Night Caretaker
CT_55 Thu Night Caretaker
CT_55 Fri Night Caretaker
CT_56 Mon Night Caretaker
CT_56 Tue Night Caretaker
CT_56 Wed Night Caretaker
CT_56 Thu Night Caretaker
CT_56 Fri Night Caretaker
CT_57 Tue Night Caretaker
CT_57 Wed Night Caretaker
CT_57 Thu Night Caretaker
CT_57 Fri Night Caretaker
CT_58 Mon Early Caretaker
CT_58 Tue Early Caretaker
CT_58 Wed Early Caretaker
CT_59 Mon Day Caretaker
CT_59 Sat Day Caretaker
CT_59 Sun Day Caretaker
TR_60 Mon Day Trainee
TR_60 Tue Day Trainee
TR_60 Wed Day Trainee
TR_60 Thu Early Trainee
TR_60 Fri Early Trainee
TR_61 Mon Day Trainee
TR_61 Tue Day Trainee
TR_62 Mon Night Trainee
TR_62 Tue Night Trainee
TR_62 Wed Night Trainee
TR_62 Thu Night Trainee
TR_62 Fri Night Trainee
TR_63 Tue Late Trainee
TR_63 Wed Late Trainee
TR_63 Thu Late Trainee
TR_63 Fri Late Trainee
TR_64 Mon Late Trainee
TR_64 Fri Night Trainee
TR_64 Sat Night Trainee
TR_64 Sun Night Trainee
TR_65 Mon Early Trainee
TR_65 Tue Early Trainee
TR_65 Wed Day Trainee
TR_65 Thu Day Trainee
TR_65 Fri Day Trainee
TR_66 Wed Late Trainee
TR_66 Thu Late Trainee
TR_66 Fri Night Trainee
TR_66 Sat Night Trainee
TR_66 Sun Night Trainee
TR_67 Fri Early Trainee
TR_67 Sat Early Trainee
TR_67 Sun Late Trainee
TR_68 Mon Late Trainee
TR_68 Fri Day Trainee
TR_68 Sat Day Trainee
TR_68 Sun Day Trainee
TR_69 Mon Day Trainee
TR_69 Tue Early Trainee
TR_69 Wed Early Trainee
TR_69 Thu Late Trainee
TR_69 Fri Late Trainee
