SOLUTION
3 n070w4

ASSIGNMENTS = 273
HN_0 Mon Night Nurse
HN_0 Tue Night Nurse
HN_0 Wed Night HeadNurse
HN_1 Mon Early HeadNurse
HN_1 Fri Early Nurse
HN_1 Sat Early HeadNurse
HN_1 Sun Day Nurse
HN_2 Thu Day Nurse
HN_2 Fri Day HeadNurse
HN_2 Sat Day HeadNurse
HN_2 Sun Early HeadNurse
HN_3 Tue Early HeadNurse
HN_3 Wed Early HeadNurse
HN_3 Thu Early Nurse
HN_3 Fri Early Nurse
HN_4 Thu Night HeadNurse
HN_4 Fri Night HeadNurse
HN_4 Sat Night HeadNurse
HN_4 Sun Night Nurse
HN_5 Mon Day Nurse
HN_5 Tue Day HeadNurse
HN_5 Wed Early Nurse
HN_5 Thu Early Nurse
HN_5 Fri Early Nurse
HN_6 Fri Late HeadNurse
HN_6 Sat Late HeadNurse
HN_6 Sun Night Nurse
HN_7 Mon Late Nurse
HN_7 Tue Late HeadNurse
HN_7 Wed Late HeadNurse
NU_8 Mon Night Nurse
NU_8 Tue Night Nurse
NU_9 Fri Day Nurse
NU_9 Sat Day Nurse
NU_9 Sun Early Nurse
NU_10 Mon Late Nurse
NU_10 Tue Late Nurse
NU_10 Wed Late Nurse
NU_10 Sat Early Nurse
NU_10 Sun Early Nurse
NU_11 Mon Day Nurse
NU_11 Tue Day Nurse
NU_11 Wed Early Nurse
NU_11 Thu Early Nurse
NU_11 Fri Early Caretaker
NU_12 Mon Late Caretaker
NU_12 Tue Late Nurse
NU_12 Wed Late Nurse
NU_13 Mon Night Nurse
NU_13 Tue Night Nurse
NU_13 Wed Night Nurse
NU_14 Mon Day Nurse
NU_14 Tue Day Nurse
NU_15 Mon Late Caretaker
NU_15 Tue Late Caretaker
NU_16 Mon Early Nurse
NU_16 Tue Early Nurse
NU_17 Wed Night Nurse
NU_17 Thu Night Nurse
NU_17 Fri Night Nurse
NU_17 Sat Night Nurse
NU_18 Wed Late Nurse
NU_18 Thu Late Nurse
NU_18 Fri Late Nurse
NU_19 Tue Day Nurse
NU_19 Wed Day Nurse
NU_19 Thu Day Nurse
NU_19 Fri Day Nurse
NU_20 Mon Night Caretaker
NU_20 Tue Night Nurse
NU_20 Wed Night Nurse
NU_20 Thu Night Nurse
NU_20 Fri Night Nurse
NU_21 Wed Night Caretaker
NU_21 Thu Night Nurse
NU_21 Fri Night Nurse
NU_21 Sat Night Caretaker
NU_22 Mon Day Nurse
NU_22 Tue Late Caretaker
NU_22 Wed Late Nurse
NU_22 Sat Early Caretaker
NU_22 Sun Early Caretaker
NU_23 Mon Late Caretaker
NU_23 Fri Night Nurse
NU_23 Sat Night Caretaker
NU_23 Sun Night Caretaker
NU_24 Mon Early Nurse
NU_24 Tue Early Nurse
NU_24 Wed Late Caretaker
NU_24 Thu Late Nurse
NU_25 Mon Late Caretaker
NU_25 Tue Late Caretaker
NU_25 Fri Night Caretaker
NU_25 Sat Night Caretaker
NU_25 Sun Night Caretaker
NU_26 Mon Day Caretaker
NU_26 Tue Day Caretaker
NU_26 Wed Early Caretaker
NU_26 Thu Early Caretaker
NU_26 Fri Early Caretaker
NU_27 Mon Day Caretaker
NU_27 Tue Day Caretaker
NU_27 Wed Day Nurse
NU_27 Thu Early Caretaker
NU_27 Fri Early Caretaker
NU_28 Thu Day Nurse
NU_28 Fri Day Nurse
NU_28 Sat Late Nurse
NU_28 Sun Late Nurse
NU_29 Mon Day Caretaker
NU_29 Sat Early Caretaker
NU_29 Sun Early Caretaker
NU_30 Wed Day Nurse
NU_30 Thu Day Nurse
NU_30 Fri Day Nurse
NU_31 Mon Day Caretaker
NU_31 Tue Day Caretaker
NU_31 Wed Day Nurse
NU_31 Thu Early Caretaker
NU_31 Fri Early Caretaker
NU_32 Tue Night Caretaker
NU_32 Wed Night Caretaker
NU_32 Thu Night Caretaker
NU_32 Fri Night Caretaker
NU_33 Mon Night Caretaker
NU_33 Tue Night Caretaker
NU_33 Wed Night Caretaker
NU_33 Thu Night Caretaker
NU_33 Fri Night Caretaker
NU_34 Mon Night Caretaker
NU_34 Tue Night Caretaker
NU_34 Wed Night Caretaker
NU_34 Thu Night Caretaker
NU_34 Fri Night Caretaker
NU_35 Tue Early Nurse
NU_35 Wed Early Caretaker
NU_35 Thu Early Caretaker
NU_36 Fri Late Nurse
NU_36 Sat Late Nurse
NU_36 Sun Night Caretaker
NU_37 Mon Early Nurse
NU_37 Tue Early Caretaker
NU_37 Wed Late Caretaker
NU_37 Thu Late Caretaker
NU_37 Fri Late Nurse
NU_38 Fri Day Caretaker
NU_38 Sat Day Caretaker
NU_38 Sun Day Caretaker
NU_39 Wed Day Caretaker
NU_39 Thu Day Caretaker
NU_39 Fri Day Caretaker
CT_40 Sat Late Caretaker
CT_40 Sun Late Caretaker
CT_41 Tue Early Caretaker
CT_41 Wed Early Caretaker
CT_41 Thu Early Caretaker
CT_41 Fri Early Caretaker
CT_42 Mon Day Caretaker
CT_42 Tue Day Caretaker
CT_42 Wed Late Caretaker
CT_42 Thu Late Caretaker
CT_42 Fri Late Caretaker
CT_43 Thu Early Caretaker
CT_43 Fri Early Caretaker
CT_43 Sat Day Caretaker
CT_43 Sun Day Caretaker
CT_44 Mon Early Caretaker
CT_44 Tue Early Caretaker
CT_44 Wed Day Caretaker
CT_44 Thu Day Caretaker
CT_44 Fri Day Caretaker
CT_45 Mon Late Caretaker
CT_45 Tue Late Caretaker
CT_45 Wed Late Caretaker
CT_45 Thu Late Caretaker
CT_45 Fri Late Caretaker
CT_46 Mon Early Caretaker
CT_46 Tue Early Caretaker
CT_46 Wed Day Caretaker
CT_46 Thu Day Caretaker
CT_46 Fri Day Caretaker
CT_47 Mon Late Caretaker
CT_47 Tue Late Caretaker
CT_47 Wed Late Caretaker
CT_48 Tue Day Caretaker
CT_48 Wed Day Caretaker
CT_48 Thu Day Caretaker
CT_48 Fri Day Caretaker
CT_49 Mon Day Caretaker
CT_49 Tue Day Caretaker
CT_49 Wed Day Caretaker
CT_49 Thu Day Caretaker
CT_49 Fri Day Caretaker
CT_50 Mon Night Caretaker
CT_50 Tue Night Caretaker
CT_50 Wed Night Caretaker
CT_50 Thu Night Caretaker
CT_50 Fri Night Caretaker
CT_51 Fri Late Caretaker
CT_51 Sat Late Caretaker
CT_51 Sun Late Caretaker
CT_52 Wed Early Caretaker
CT_52 Thu Early Caretaker
CT_52 Fri Early Caretaker
CT_53 Mon Early Caretaker
CT_53 Tue Early Caretaker
CT_53 Wed Late Caretaker
CT_53 Thu Late Caretaker
CT_53 Fri Late Caretaker
CT_54 Mon Day Caretaker
CT_54 Tue Day Caretaker
CT_54 Wed Late Caretaker
CT_54 Thu Late Caretaker
CT_54 Fri Late Caretaker
CT_55 Mon Night Caretaker
CT_55 Tue Night Caretaker
CT_55 Wed Night Caretaker
CT_55 Thu Night Caretaker
CT_55 Fri Night Caretaker
CT_56 Mon Early Caretaker
CT_56 Tue Early Caretaker
CT_56 Wed Early Caretaker
CT_56 Thu Day Caretaker
CT_56 Fri Day Caretaker
CT_57 Mon Late Caretaker
CT_57 Tue Late Caretaker
CT_57 Wed Late Caretaker
CT_58 Mon Day Caretaker
CT_58 Tue Day Caretaker
CT_59 Tue Night Caretaker
CT_59 Wed Night Caretaker
CT_59 Thu Night Caretaker
CT_59 Fri Night Caretaker
TR_60 Wed Early Trainee
TR_60 Thu Early Trainee
TR_60 Fri Early Trainee
TR_60 Sat Early Trainee
TR_60 Sun Early Trainee
TR_61 Mon Day Trainee
TR_61 Tue Day Trainee
TR_62 Mon Late Trainee
TR_62 Thu Day Trainee
TR_62 Fri Day Trainee
TR_62 Sat Day Trainee
TR_62 Sun Early Trainee
TR_63 Tue Day Trainee
TR_63 Wed Day Trainee
TR_63 Thu Late Trainee
TR_63 Fri Late Trainee
TR_64 Mon Late Trainee
TR_64 Tue Late Trainee
TR_64 Wed Late Trainee
TR_64 Thu Late Trainee
TR_65 Mon Night Trainee
TR_65 Tue Night Trainee
TR_65 Wed Night Trainee
TR_65 Thu Night Trainee
TR_65 Fri Night Trainee
TR_66 Thu Early Trainee
TR_66 Fri Early Trainee
TR_66 Sat Night Trainee
TR_66 Sun Night Trainee
TR_67 Fri Night Trainee
TR_67 Sat Night Trainee
TR_67 Sun Night Trainee
TR_68 Tue Day Trainee
TR_68 Wed Day Trainee
TR_68 Thu Day Trainee
TR_69 Mon Early Trainee
TR_69 Tue Early Trainee
TR_69 Wed Early Trainee
TR_69 Sat Late Trainee
TR_69 Sun Late Trainee
