SOLUTION
1 n070w4

ASSIGNMENTS = 278
HN_0 Tue Late Nurse
HN_0 Wed Late HeadNurse
HN_0 Thu Late Nurse
HN_0 Fri Late HeadNurse
HN_1 Tue Early HeadNurse
HN_1 Wed Early HeadNurse
HN_1 Thu Early HeadNurse
HN_1 Fri Early HeadNurse
HN_2 Wed Night HeadNurse
HN_2 Thu Night Nurse
HN_2 Fri Night HeadNurse
HN_2 Sat Night HeadNurse
HN_2 Sun Night Nurse
HN_3 Sun Early HeadNurse
HN_4 Mon Night Nurse
HN_4 Tue Night Nurse
HN_4 Wed Night Nurse
HN_5 Fri Late Nurse
HN_5 Sat Late HeadNurse
HN_5 Sun Late Nurse
HN_6 Mon Day HeadNurse
HN_6 Tue Day Nurse
HN_6 Wed Day HeadNurse
HN_6 Thu Day Nurse
HN_7 Mon Late HeadNurse
HN_7 Tue Late Nurse
NU_8 Thu Day Nurse
NU_8 Fri Day Nurse
NU_8 Sat Early Nurse
NU_8 Sun Early Nurse
NU_9 Mon Early Nurse
NU_9 Tue Early Nurse
NU_9 Wed Day Nurse
NU_9 Thu Day Nurse
NU_10 Mon Night Nurse
NU_10 Tue Night Nurse
NU_10 Wed Night Nurse
NU_10 Thu Night Nurse
NU_11 Wed Early Nurse
NU_11 Thu Early Nurse
NU_11 Fri Early Nurse
NU_11 Sat Late Nurse
NU_11 Sun Late Nurse
NU_12 Mon Early Nurse
NU_12 Tue Early Nurse
NU_12 Wed Day Nurse
NU_12 Thu Day Nurse
NU_12 Fri Day Nurse
NU_13 Tue Night Nurse
NU_13 Wed Night Nurse
NU_13 Thu Night Caretaker
NU_13 Fri Night Nurse
NU_14 Mon Late Nurse
NU_14 Tue Late Nurse
NU_14 Wed Late Nurse
NU_14 Sat Late Caretaker
NU_14 Sun Late Caretaker
NU_15 Tue Night Caretaker
NU_15 Wed Night Nurse
NU_15 Thu Night Caretaker
NU_15 Fri Night Nurse
NU_16 Thu Early Nurse
NU_16 Fri Early Nurse
NU_16 Sat Day Nurse
NU_16 Sun Day Nurse
NU_17 Mon Late Nurse
NU_18 Tue Night Caretaker
NU_18 Wed Night Nurse
NU_18 Thu Night Caretaker
NU_18 Fri Night Nurse
NU_19 Mon Day Nurse
NU_19 Tue Day Nurse
NU_19 Wed Late Nurse
NU_19 Thu Late Nurse
NU_19 Fri Late Nurse
NU_20 Mon Early Nurse
NU_20 Tue Early Nurse
NU_20 Wed Early Nurse
NU_20 Thu Late Nurse
NU_20 Fri Late Nurse
NU_21 Mon Night Nurse
NU_22 Mon Day Nurse
NU_22 Tue Day Nurse
NU_22 Wed Day Nurse
NU_22 Thu Early Nurse
NU_22 Fri Early Nurse
NU_23 Mon Late Nurse
NU_23 Tue Late Nurse
NU_23 Wed Late Nurse
NU_23 Thu Late Caretaker
NU_23 Fri Late Nurse
NU_24 Fri Night Nurse
NU_24 Sat Night Nurse
NU_24 Sun Night Nurse
NU_25 Mon Day Nurse
NU_25 Tue Day Nurse
NU_25 Wed Day Caretaker
NU_25 Thu Day Caretaker
NU_25 Fri Day Nurse
NU_26 Wed Day Caretaker
NU_26 Thu Day Caretaker
NU_26 Fri Day Caretaker
NU_27 Mon Late Caretaker
NU_27 Thu Day Caretaker
NU_27 Fri Day Caretaker
NU_27 Sat Day Caretaker
NU_27 Sun Day Caretaker
NU_28 Mon Early Caretaker
NU_28 Tue Early Caretaker
NU_28 Wed Day Caretaker
NU_28 Thu Day Caretaker
NU_29 Wed Early Nurse
NU_29 Thu Early Nurse
NU_29 Fri Early Caretaker
NU_30 Mon Day Caretaker
NU_30 Tue Day Caretaker
NU_30 Wed Day Caretaker
NU_30 Thu Day Caretaker
NU_31 Mon Early Caretaker
NU_31 Tue Early Caretaker
NU_31 Wed Early Caretaker
NU_31 Thu Early Caretaker
NU_31 Fri Early Caretaker
NU_32 Mon Day Caretaker
NU_32 Sun Early Caretaker
NU_33 Mon Day Caretaker
NU_33 Thu Early Caretaker
NU_33 Fri Early Caretaker
NU_33 Sat Early Caretaker
NU_33 Sun Early Caretaker
NU_34 Fri Night Caretaker
NU_34 Sat Night Nurse
NU_34 Sun Night Caretaker
NU_35 Mon Early Caretaker
NU_35 Tue Early Caretaker
NU_35 Wed Day Caretaker
NU_35 Thu Day Caretaker
NU_36 Mon Night Caretaker
NU_37 Mon Night Caretaker
NU_37 Tue Night Caretaker
NU_37 Wed Night Caretaker
NU_37 Sat Day Caretaker
NU_37 Sun Day Caretaker
NU_38 Mon Night Caretaker
NU_38 Tue Night Caretaker
NU_39 Mon Early Caretaker
NU_39 Tue Early Caretaker
NU_39 Wed Late Nurse
NU_39 Thu Late Caretaker
NU_39 Fri Late Caretaker
CT_40 Mon Late Caretaker
CT_40 Tue Late Caretaker
CT_40 Wed Late Caretaker
CT_40 Thu Late Caretaker
CT_40 Fri Late Caretaker
CT_41 Fri Day Caretaker
CT_41 Sat Day Caretaker
CT_41 Sun Day Caretaker
CT_42 Mon Night Caretaker
CT_42 Tue Night Caretaker
CT_42 Wed Night Caretaker
CT_42 Thu Night Caretaker
CT_42 Fri Night Caretaker
CT_43 Mon Early Caretaker
CT_43 Tue Late Caretaker
CT_43 Wed Late Caretaker
CT_44 Mon Early Caretaker
CT_44 Tue Early Caretaker
CT_44 Wed Early Caretaker
CT_44 Thu Day Caretaker
CT_44 Fri Day Caretaker
CT_45 Mon Late Caretaker
CT_45 Tue Late Caretaker
CT_45 Wed Late Caretaker
CT_45 Thu Late Caretaker
CT_45 Fri Late Caretaker
CT_46 Mon Early Caretaker
CT_46 Tue Early Caretaker
CT_46 Wed Early Caretaker
CT_46 Thu Early Caretaker
CT_46 Fri Early Caretaker
CT_47 Mon Night Caretaker
CT_47 Tue Night Caretaker
CT_47 Wed Night Caretaker
CT_47 Thu Night Caretaker
CT_47 Fri Night Caretaker
CT_48 Mon Day Caretaker
CT_48 Tue Day Caretaker
CT_48 Wed Late Caretaker
CT_48 Thu Late Caretaker
CT_48 Fri Late Caretaker
CT_49 Mon Day Caretaker
CT_49 Tue Day Caretaker
CT_49 Wed Early Caretaker
CT_49 Thu Early Caretaker
CT_49 Fri Early Caretaker
CT_50 Fri Night Caretaker
CT_50 Sat Night Caretaker
CT_50 Sun Night Caretaker
CT_51 Mon Day Caretaker
CT_51 Tue Day Caretaker
CT_52 Mon Day Caretaker
CT_52 Tue Day Caretaker
CT_52 Wed Early Caretaker
CT_52 Thu Early Caretaker
CT_53 Mon Late Caretaker
CT_53 Tue Late Caretaker
CT_53 Fri Late Caretaker
CT_53 Sat Late Caretaker
CT_53 Sun Late Caretaker
CT_54 Wed Early Caretaker
CT_54 Thu Early Caretaker
CT_54 Fri Early Caretaker
CT_55 Mon Day Caretaker
CT_55 Tue Day Caretaker
CT_55 Wed Late Caretaker
CT_55 Thu Late Caretaker
CT_55 Fri Late Caretaker
CT_56 Mon Night Caretaker
CT_56 Tue Night Caretaker
CT_56 Wed Night Caretaker
CT_56 Thu Night Caretaker
CT_56 Fri Night Caretaker
CT_57 Tue Night Caretaker
CT_57 Wed Night Caretaker
CT_57 Thu Night Caretaker
CT_57 Fri Night Caretaker
CT_58 Mon Late Caretaker
CT_58 Tue Late Caretaker
CT_58 Wed Late Caretaker
CT_58 Sat Day Caretaker
CT_58 Sun Day Caretaker
CT_59 Mon Late Caretaker
CT_59 Tue Late Caretaker
CT_59 Wed Late Caretaker
TR_60 Mon Day Trainee
TR_60 Tue Day Trainee
TR_60 Wed Day Trainee
TR_60 Thu Day Trainee
TR_60 Fri Day Trainee
TR_61 Tue Early Trainee
TR_61 Wed Early Trainee
TR_61 Thu Late Trainee
TR_61 Fri Late Trainee
TR_62 Mon Early Trainee
TR_62 Tue Early Trainee
TR_62 Wed Late Trainee
TR_62 Thu Late Trainee
TR_62 Sat Early Trainee
TR_62 Sun Early Trainee
TR_63 Thu Day Trainee
TR_63 Fri Day Trainee
TR_63 Sat Day Trainee
TR_63 Sun Late Trainee
TR_64 Mon Night Trainee
TR_64 Tue Night Trainee
TR_64 Fri Night Trainee
TR_64 Sat Night Trainee
TR_64 Sun Night Trainee
TR_65 Mon Night Trainee
TR_65 Tue Night Trainee
TR_65 Wed Night Trainee
TR_65 Thu Night Trainee
TR_65 Fri Night Trainee
TR_66 Mon Night Trainee
TR_66 Tue Night Trainee
TR_67 Mon Late Trainee
TR_67 Tue Late Trainee
TR_68 Wed Early Trainee
TR_68 Thu Early Trainee
TR_68 Fri Early Trainee
TR_68 Sat Day Trainee
TR_68 Sun Day Trainee
TR_69 Mon Day Trainee
TR_69 Tue Day Trainee
TR_69 Wed Day Trainee
TR_69 Thu Early Trainee
TR_69 Fri Early Trainee
