SOLUTION
2 n110w4

ASSIGNMENTS = 372
HN_0 Wed Day HeadNurse
HN_0 Thu Day HeadNurse
HN_0 Fri Day HeadNurse
HN_0 Sat Day Nurse
HN_0 Sun Day HeadNurse
HN_1 Mon Late HeadNurse
HN_1 Tue Late HeadNurse
HN_1 Sun Early HeadNurse
HN_2 Thu Late HeadNurse
HN_2 Fri Late HeadNurse
HN_3 Mon Night HeadNurse
HN_3 Tue Night HeadNurse
HN_3 Wed Night HeadNurse
HN_3 Thu Night HeadNurse
HN_3 Fri Night HeadNurse
HN_4 Tue Early HeadNurse
HN_4 Wed Early HeadNurse
HN_4 Thu Late Nurse
HN_4 Fri Late Nurse
HN_5 Fri Night Nurse
HN_5 Sat Night HeadNurse
HN_5 Sun Night HeadNurse
HN_6 Fri Early HeadNurse
HN_6 Sat Early Nurse
HN_6 Sun Late HeadNurse
HN_7 Tue Early Nurse
HN_7 Wed Early HeadNurse
HN_7 Thu Day HeadNurse
HN_7 Fri Day Nurse
HN_8 Wed Night HeadNurse
HN_8 Thu Night Nurse
HN_8 Fri Night Nurse
HN_8 Sat Night Nurse
HN_8 Sun Night Nurse
HN_9 Wed Early Nurse
HN_9 Thu Early HeadNurse
HN_9 Fri Early HeadNurse
HN_10 Mon Night HeadNurse
HN_10 Tue Night Nurse
HN_10 Wed Night Nurse
HN_11 Mon Day HeadNurse
HN_11 Tue Day Nurse
HN_11 Sun Early HeadNurse
HN_12 Fri Early Nurse
HN_12 Sat Early Nurse
HN_12 Sun Day HeadNurse
HN_13 Mon Night Nurse
HN_13 Tue Night Nurse
HN_13 Wed Night Nurse
HN_13 Thu Night Nurse
HN_14 Mon Night Nurse
HN_14 Tue Night Nurse
HN_15 Mon Late Nurse
HN_15 Tue Late Nurse
HN_15 Wed Late HeadNurse
HN_15 Thu Late Nurse
HN_16 Mon Early HeadNurse
HN_16 Tue Early Nurse
HN_16 Wed Early Nurse
HN_16 Sat Late Nurse
HN_16 Sun Late HeadNurse
HN_17 Mon Day HeadNurse
HN_17 Tue Day Nurse
HN_18 Wed Day HeadNurse
HN_18 Thu Day Nurse
HN_18 Fri Day Nurse
HN_19 Tue Late Nurse
HN_19 Wed Late HeadNurse
HN_19 Thu Late Nurse
HN_19 Fri Late Nurse
NU_20 Fri Day Nurse
NU_20 Sat Day Caretaker
NU_20 Sun Day Nurse
NU_21 Mon Day Nurse
NU_21 Tue Day Nurse
NU_21 Wed Day Nurse
NU_21 Sat Day Caretaker
NU_21 Sun Day Nurse
NU_22 Mon Day Nurse
NU_22 Tue Day Caretaker
NU_22 Wed Late Nurse
NU_22 Thu Late Caretaker
NU_22 Fri Late Nurse
NU_23 Wed Late Nurse
NU_23 Thu Late Caretaker
NU_23 Fri Late Caretaker
NU_23 Sat Late Nurse
NU_23 Sun Late Nurse
NU_24 Fri Late Caretaker
NU_24 Sat Late Caretaker
NU_24 Sun Late Nurse
NU_25 Mon Night Caretaker
NU_25 Tue Night Nurse
NU_25 Wed Night Nurse
NU_25 Thu Night Nurse
NU_26 Sat Early Caretaker
NU_26 Sun Early Nurse
NU_27 Thu Early Nurse
NU_27 Fri Early Nurse
NU_28 Mon Night Caretaker
NU_28 Tue Night Caretaker
NU_28 Wed Night Caretaker
NU_28 Thu Night Caretaker
NU_28 Fri Night Caretaker
NU_29 Mon Early Nurse
NU_29 Tue Early Nurse
NU_29 Wed Early Caretaker
NU_29 Thu Early Nurse
NU_30 Thu Night Caretaker
NU_30 Fri Night Caretaker
NU_30 Sat Night Nurse
NU_30 Sun Night Caretaker
NU_31 Mon Early Nurse
NU_31 Tue Early Caretaker
NU_31 Wed Early Caretaker
NU_32 Wed Late Nurse
NU_32 Thu Late Caretaker
NU_32 Fri Late Caretaker
NU_33 Mon Day Nurse
NU_33 Tue Day Caretaker
NU_33 Wed Day Nurse
NU_33 Thu Day Nurse
NU_33 Fri Day Caretaker
NU_34 Mon Late Nurse
NU_34 Tue Late Nurse
NU_34 Sun Early Nurse
NU_35 Mon Night Caretaker
NU_35 Tue Night Caretaker
NU_35 Wed Night Caretaker
NU_35 Thu Night Caretaker
NU_35 Fri Night Caretaker
NU_37 Wed Day Nurse
NU_37 Thu Day Nurse
NU_37 Fri Day Caretaker
NU_38 Wed Day Caretaker
NU_38 Thu Day Caretaker
NU_38 Fri Day Caretaker
NU_39 Wed Early Caretaker
NU_39 Thu Early Caretaker
NU_39 Fri Early Nurse
NU_39 Sat Early Caretaker
NU_39 Sun Early Caretaker
CT_40 Mon Early Caretaker
CT_40 Tue Early Caretaker
CT_40 Sun Day Caretaker
CT_41 Mon Late Caretaker
CT_41 Tue Late Caretaker
CT_42 Wed Day Caretaker
CT_42 Thu Day Caretaker
CT_42 Fri Day Caretaker
CT_43 Thu Early Caretaker
CT_43 Fri Early Caretaker
CT_44 Wed Early Caretaker
CT_44 Thu Early Caretaker
CT_44 Fri Early Caretaker
CT_45 Mon Early Caretaker
CT_45 Tue Early Caretaker
CT_45 Wed Day Caretaker
CT_45 Thu Day Caretaker
CT_46 Mon Late Caretaker
CT_46 Tue Late Caretaker
CT_46 Wed Late Caretaker
CT_47 Mon Late Caretaker
CT_47 Tue Late Caretaker
CT_47 Wed Late Caretaker
CT_47 Sat Late Caretaker
CT_47 Sun Late Caretaker
CT_48 Mon Day Caretaker
CT_49 Mon Day Caretaker
CT_49 Tue Day Caretaker
CT_49 Wed Day Caretaker
CT_49 Thu Early Caretaker
CT_49 Fri Early Caretaker
CT_50 Wed Night Caretaker
CT_50 Thu Night Caretaker
CT_50 Fri Night Caretaker
CT_50 Sat Night Caretaker
CT_50 Sun Night Caretaker
CT_51 Mon Night Caretaker
CT_51 Tue Night Caretaker
CT_51 Wed Night Caretaker
CT_51 Thu Night Caretaker
CT_51 Fri Night Caretaker
CT_52 Fri Early Caretaker
CT_52 Sat Early Caretaker
CT_52 Sun Late Caretaker
CT_53 Mon Early Caretaker
CT_54 Mon Late Caretaker
CT_54 Tue Late Caretaker
CT_54 Wed Late Caretaker
CT_54 Sat Early Caretaker
CT_54 Sun Early Caretaker
CT_55 Sat Day Caretaker
CT_55 Sun Day Caretaker
CT_56 Wed Night Caretaker
CT_56 Thu Night Caretaker
CT_56 Fri Night Caretaker
CT_56 Sat Night Caretaker
CT_58 Thu Late Caretaker
CT_58 Fri Late Caretaker
CT_59 Mon Early Caretaker
CT_59 Tue Early Caretaker
CT_59 Wed Early Caretaker
CT_59 Thu Early Caretaker
CT_60 Wed Day Caretaker
CT_60 Thu Day Caretaker
CT_60 Fri Day Caretaker
CT_61 Mon Day Caretaker
CT_62 Mon Day Caretaker
CT_62 Tue Day Caretaker
CT_62 Wed Late Caretaker
CT_62 Thu Late Caretaker
CT_62 Fri Late Caretaker
CT_63 Mon Day Caretaker
CT_63 Sat Day Caretaker
CT_63 Sun Day Caretaker
CT_64 Tue Early Caretaker
CT_64 Wed Early Caretaker
CT_64 Thu Late Caretaker
CT_64 Fri Late Caretaker
CT_65 Mon Night Caretaker
CT_65 Tue Night Caretaker
CT_65 Wed Night Caretaker
CT_65 Thu Night Caretaker
CT_65 Fri Night Caretaker
CT_66 Mon Night Caretaker
CT_66 Tue Night Caretaker
CT_66 Wed Night Caretaker
CT_66 Thu Night Caretaker
CT_67 Thu Day Caretaker
CT_67 Fri Day Caretaker
CT_69 Mon Day Caretaker
CT_69 Tue Day Caretaker
CT_69 Wed Day Caretaker
CT_70 Mon Night Caretaker
CT_70 Tue Night Caretaker
CT_70 Wed Night Caretaker
CT_71 Thu Late Caretaker
CT_71 Fri Late Caretaker
CT_72 Mon Day Caretaker
CT_72 Tue Day Caretaker
CT_73 Thu Day Caretaker
CT_73 Fri Day Caretaker
CT_74 Mon Early Caretaker
CT_74 Tue Early Caretaker
CT_74 Sun Day Caretaker
CT_75 Tue Late Caretaker
CT_75 Wed Late Caretaker
CT_75 Thu Late Caretaker
CT_75 Fri Night Caretaker
CT_75 Sat Night Caretaker
CT_75 Sun Night Caretaker
CT_76 Mon Late Caretaker
CT_76 Tue Late Caretaker
CT_76 Wed Late Caretaker
CT_76 Sat Late Caretaker
CT_76 Sun Late Caretaker
CT_77 Mon Early Caretaker
CT_77 Tue Early Caretaker
CT_77 Wed Day Caretaker
CT_77 Thu Day Caretaker
CT_77 Fri Day Caretaker
CT_78 Wed Early Caretaker
CT_78 Thu Early Caretaker
CT_78 Fri Early Caretaker
CT_79 Thu Early Caretaker
CT_79 Fri Early Caretaker
TR_80 Tue Late Trainee
TR_80 Wed Late Trainee
TR_80 Thu Late Trainee
TR_80 Fri Late Trainee
TR_81 Thu Early Trainee
TR_81 Fri Early Trainee
TR_81 Sat Early Trainee
TR_81 Sun Early Trainee
TR_82 Thu Night Trainee
TR_82 Fri Night Trainee
TR_82 Sat Night Trainee
TR_82 Sun Night Trainee
TR_83 Mon Night Trainee
TR_83 Sat Late Trainee
TR_83 Sun Late Trainee
TR_84 Tue Day Trainee
TR_84 Wed Day Trainee
TR_84 Thu Early Trainee
TR_84 Fri Early Trainee
TR_85 Mon Late Trainee
TR_85 Tue Late Trainee
TR_86 Mon Night Trainee
TR_87 Tue Night Trainee
TR_87 Wed Night Trainee
TR_87 Thu Night Trainee
TR_87 Fri Night Trainee
TR_88 Mon Day Trainee
TR_88 Tue Early Trainee
TR_88 Wed Early Trainee
TR_88 Thu Early Trainee
TR_89 Mon Night Trainee
TR_89 Tue Night Trainee
TR_89 Wed Night Trainee
TR_89 Thu Night Trainee
TR_89 Fri Night Trainee
TR_90 Wed Day Trainee
TR_90 Thu Day Trainee
TR_90 Fri Day Trainee
TR_91 Mon Early Trainee
TR_91 Tue Early Trainee
TR_91 Wed Early Trainee
TR_91 Sat Day Trainee
TR_91 Sun Day Trainee
TR_92 Mon Late Trainee
TR_92 Tue Late Trainee
TR_93 Thu Early Trainee
TR_93 Fri Early Trainee
TR_93 Sat Day Trainee
TR_93 Sun Day Trainee
TR_94 Mon Day Trainee
TR_94 Tue Day Trainee
TR_95 Mon Late Trainee
TR_95 Tue Late Trainee
TR_96 Wed Late Trainee
TR_96 Thu Late Trainee
TR_96 Fri Late Trainee
TR_96 Sat Late Trainee
TR_96 Sun Late Trainee
TR_97 Wed Late Trainee
TR_97 Thu Late Trainee
TR_97 Fri Late Trainee
TR_98 Mon Night Trainee
TR_98 Tue Night Trainee
TR_98 Wed Night Trainee
TR_98 Thu Night Trainee
TR_98 Fri Night Trainee
TR_99 Mon Late Trainee
TR_99 Tue Late Trainee
TR_99 Wed Late Trainee
TR_100 Mon Early Trainee
TR_100 Tue Early Trainee
TR_100 Wed Early Trainee
TR_100 Thu Day Trainee
TR_100 Fri Day Trainee
TR_101 Mon Day Trainee
TR_101 Tue Day Trainee
TR_101 Wed Day Trainee
TR_101 Sat Early Trainee
TR_101 Sun Early Trainee
TR_102 Thu Day Trainee
TR_102 Fri Day Trainee
TR_103 Mon Day Trainee
TR_103 Tue Day Trainee
TR_103 Wed Day Trainee
TR_104 Wed Day Trainee
TR_104 Thu Day Trainee
TR_104 Fri Day Trainee
TR_105 Wed Early Trainee
TR_105 Thu Early Trainee
TR_105 Fri Night Trainee
TR_105 Sat Night Trainee
TR_105 Sun Night Trainee
TR_106 Mon Night Trainee
TR_106 Tue Night Trainee
TR_106 Wed Night Trainee
TR_106 Thu Night Trainee
TR_106 Fri Night Trainee
TR_107 Mon Late Trainee
TR_107 Tue Late Trainee
TR_107 Wed Late Trainee
TR_108 Fri Early Trainee
TR_108 Sat Early Trainee
TR_109 Mon Early Trainee
TR_109 Tue Early Trainee
TR_109 Wed Early Trainee
