SOLUTION
3 n110w4

ASSIGNMENTS = 371
HN_0 Thu Early HeadNurse
HN_0 Fri Early HeadNurse
HN_0 Sat Early HeadNurse
HN_0 Sun Late HeadNurse
HN_1 Mon Early HeadNurse
HN_2 Thu Early Nurse
HN_2 Fri Early Nurse
HN_2 Sat Early HeadNurse
HN_2 Sun Late HeadNurse
HN_3 Mon Night HeadNurse
HN_3 Tue Night Nurse
HN_3 Wed Night HeadNurse
HN_3 Thu Night HeadNurse
HN_3 Fri Night HeadNurse
HN_4 Thu Late HeadNurse
HN_4 Fri Late HeadNurse
HN_4 Sat Late HeadNurse
HN_4 Sun Late Nurse
HN_5 Mon Night Nurse
HN_6 Mon Late HeadNurse
HN_6 Tue Late HeadNurse
HN_6 Wed Late HeadNurse
HN_7 Wed Day HeadNurse
HN_7 Thu Day HeadNurse
HN_7 Fri Day HeadNurse
HN_7 Sat Day HeadNurse
HN_7 Sun Early Nurse
HN_8 Fri Day Nurse
HN_8 Sat Day HeadNurse
HN_8 Sun Day Nurse
HN_9 Tue Day HeadNurse
HN_9 Wed Day Nurse
HN_9 Thu Day Nurse
HN_9 Fri Day Nurse
HN_10 Mon Day HeadNurse
HN_10 Tue Day HeadNurse
HN_10 Wed Early HeadNurse
HN_10 Thu Early Nurse
HN_11 Mon Early Nurse
HN_12 Mon Day Nurse
HN_13 Tue Day Nurse
HN_13 Wed Day Nurse
HN_13 Thu Late Nurse
HN_13 Fri Late Nurse
HN_14 Mon Early Nurse
HN_14 Tue Early HeadNurse
HN_14 Wed Early HeadNurse
HN_15 Tue Night Nurse
HN_15 Wed Night Nurse
HN_15 Thu Night HeadNurse
HN_15 Fri Night HeadNurse
HN_16 Mon Late Nurse
HN_16 Thu Night Nurse
HN_16 Fri Night Nurse
HN_16 Sat Night Nurse
HN_16 Sun Night HeadNurse
HN_17 Wed Late HeadNurse
HN_17 Thu Late Nurse
HN_17 Fri Late Nurse
HN_18 Mon Early Nurse
HN_18 Tue Early Nurse
HN_18 Wed Early Nurse
HN_18 Thu Day Nurse
HN_18 Fri Day Nurse
HN_19 Tue Late Nurse
HN_19 Wed Late Nurse
HN_19 Thu Late Nurse
HN_19 Fri Late Nurse
NU_21 Mon Late Nurse
NU_21 Tue Late Nurse
NU_21 Fri Late Caretaker
NU_21 Sat Late Nurse
NU_21 Sun Night Nurse
NU_22 Mon Late Nurse
NU_22 Tue Late Nurse
NU_22 Wed Late Nurse
NU_22 Sat Early Nurse
NU_22 Sun Early Caretaker
NU_24 Mon Late Nurse
NU_25 Tue Day Nurse
NU_25 Wed Day Nurse
NU_25 Thu Day Nurse
NU_27 Thu Day Nurse
NU_27 Fri Day Caretaker
NU_27 Sat Day Nurse
NU_28 Wed Day Caretaker
NU_28 Thu Day Caretaker
NU_28 Fri Day Caretaker
NU_29 Mon Early Nurse
NU_29 Tue Early Nurse
NU_29 Wed Late Nurse
NU_29 Thu Late Caretaker
NU_30 Mon Night Nurse
NU_31 Wed Day Caretaker
NU_31 Thu Day Caretaker
NU_31 Fri Early Nurse
NU_31 Sat Early Nurse
NU_31 Sun Day Caretaker
NU_32 Mon Day Nurse
NU_32 Tue Day Nurse
NU_32 Wed Day Caretaker
NU_32 Thu Late Caretaker
NU_32 Fri Late Caretaker
NU_33 Mon Late Caretaker
NU_33 Tue Late Caretaker
NU_33 Wed Late Caretaker
NU_33 Sat Late Caretaker
NU_33 Sun Late Caretaker
NU_34 Mon Early Caretaker
NU_35 Tue Early Caretaker
NU_35 Wed Early Nurse
NU_35 Thu Early Nurse
NU_35 Fri Early Nurse
NU_36 Mon Night Nurse
NU_36 Tue Night Nurse
NU_36 Wed Night Nurse
NU_36 Thu Night Nurse
NU_36 Fri Night Nurse
NU_37 Wed Early Caretaker
NU_37 Thu Early Nurse
NU_37 Fri Early Caretaker
NU_38 Mon Night Caretaker
NU_38 Tue Night Caretaker
NU_38 Wed Night Nurse
NU_38 Thu Night Nurse
NU_38 Fri Night Nurse
NU_39 Thu Night Caretaker
NU_39 Fri Night Nurse
NU_39 Sat Night Caretaker
NU_39 Sun Night Caretaker
CT_40 Mon Day Caretaker
CT_40 Tue Day Caretaker
CT_41 Mon Day Caretaker
CT_41 Tue Day Caretaker
CT_42 Mon Day Caretaker
CT_42 Tue Day Caretaker
CT_42 Wed Day Caretaker
CT_42 Thu Early Caretaker
CT_42 Fri Early Caretaker
CT_43 Tue Early Caretaker
CT_43 Wed Early Caretaker
CT_43 Sun Early Caretaker
CT_44 Tue Day Caretaker
CT_44 Wed Day Caretaker
CT_44 Thu Early Caretaker
CT_44 Fri Early Caretaker
CT_45 Mon Night Caretaker
CT_45 Tue Night Caretaker
CT_45 Wed Night Caretaker
CT_45 Thu Night Caretaker
CT_46 Mon Early Caretaker
CT_46 Tue Early Caretaker
CT_46 Wed Early Caretaker
CT_47 Mon Late Caretaker
CT_47 Thu Early Caretaker
CT_47 Fri Early Caretaker
CT_47 Sat Early Caretaker
CT_47 Sun Day Caretaker
CT_48 Mon Early Caretaker
CT_48 Tue Early Caretaker
CT_48 Wed Early Caretaker
CT_48 Thu Early Caretaker
CT_49 Mon Night Caretaker
CT_49 Tue Night Caretaker
CT_49 Wed Night Caretaker
CT_49 Thu Night Caretaker
CT_49 Fri Night Caretaker
CT_50 Fri Night Caretaker
CT_50 Sat Night Caretaker
CT_50 Sun Night Caretaker
CT_51 Sat Late Caretaker
CT_51 Sun Late Caretaker
CT_52 Mon Late Caretaker
CT_52 Tue Late Caretaker
CT_52 Wed Late Caretaker
CT_53 Tue Night Caretaker
CT_53 Wed Night Caretaker
CT_53 Thu Night Caretaker
CT_53 Fri Night Caretaker
CT_54 Mon Early Caretaker
CT_54 Thu Early Caretaker
CT_54 Fri Early Caretaker
CT_54 Sat Early Caretaker
CT_54 Sun Late Caretaker
CT_56 Thu Day Caretaker
CT_56 Fri Day Caretaker
CT_57 Mon Night Caretaker
CT_57 Tue Night Caretaker
CT_57 Wed Night Caretaker
CT_57 Thu Night Caretaker
CT_57 Fri Night Caretaker
CT_58 Mon Day Caretaker
CT_58 Tue Day Caretaker
CT_58 Fri Day Caretaker
CT_58 Sat Day Caretaker
CT_59 Mon Day Caretaker
CT_59 Tue Day Caretaker
CT_59 Wed Day Caretaker
CT_59 Thu Day Caretaker
CT_60 Fri Day Caretaker
CT_60 Sat Day Caretaker
CT_60 Sun Day Caretaker
CT_61 Mon Early Caretaker
CT_61 Tue Early Caretaker
CT_62 Mon Early Caretaker
CT_62 Tue Early Caretaker
CT_62 Wed Early Caretaker
CT_62 Thu Day Caretaker
CT_62 Fri Day Caretaker
CT_63 Mon Late Caretaker
CT_63 Tue Late Caretaker
CT_63 Wed Late Caretaker
CT_64 Tue Day Caretaker
CT_64 Wed Day Caretaker
CT_64 Thu Day Caretaker
CT_65 Mon Night Caretaker
CT_65 Tue Night Caretaker
CT_65 Wed Night Caretaker
CT_65 Thu Night Caretaker
CT_65 Fri Night Caretaker
CT_66 Tue Late Caretaker
CT_66 Wed Late Caretaker
CT_66 Thu Late Caretaker
CT_66 Fri Late Caretaker
CT_67 Fri Day Caretaker
CT_67 Sat Day Caretaker
CT_68 Mon Early Caretaker
CT_68 Tue Early Caretaker
CT_68 Wed Early Caretaker
CT_68 Thu Late Caretaker
CT_68 Fri Late Caretaker
CT_69 Thu Early Caretaker
CT_69 Fri Early Caretaker
CT_69 Sat Late Caretaker
CT_69 Sun Late Caretaker
CT_70 Mon Late Caretaker
CT_70 Tue Late Caretaker
CT_70 Wed Late Caretaker
CT_70 Thu Late Caretaker
CT_71 Thu Late Caretaker
CT_71 Fri Late Caretaker
CT_72 Wed Late Caretaker
CT_72 Thu Late Caretaker
CT_73 Thu Late Caretaker
CT_73 Fri Late Caretaker
CT_74 Mon Day Caretaker
CT_75 Mon Night Caretaker
CT_75 Sat Early Caretaker
CT_75 Sun Early Caretaker
CT_76 Mon Late Caretaker
CT_76 Thu Night Caretaker
CT_76 Fri Night Caretaker
CT_76 Sat Night Caretaker
CT_76 Sun Night Caretaker
CT_77 Mon Late Caretaker
CT_77 Tue Late Caretaker
CT_77 Wed Late Caretaker
CT_77 Sat Night Caretaker
CT_77 Sun Night Caretaker
CT_78 Mon Night Caretaker
CT_78 Tue Night Caretaker
CT_78 Wed Night Caretaker
CT_78 Thu Night Caretaker
CT_78 Fri Night Caretaker
CT_79 Fri Early Caretaker
CT_79 Sat Early Caretaker
TR_80 Wed Night Trainee
TR_80 Thu Night Trainee
TR_80 Fri Night Trainee
TR_80 Sat Night Trainee
TR_80 Sun Night Trainee
TR_81 Mon Early Trainee
TR_82 Mon Night Trainee
TR_83 Mon Late Trainee
TR_83 Tue Late Trainee
TR_83 Wed Late Trainee
TR_84 Wed Day Trainee
TR_84 Thu Day Trainee
TR_84 Fri Day Trainee
TR_84 Sat Early Trainee
TR_84 Sun Early Trainee
TR_85 Mon Day Trainee
TR_85 Tue Day Trainee
TR_86 Tue Late Trainee
TR_86 Wed Late Trainee
TR_86 Thu Late Trainee
TR_87 Tue Early Trainee
TR_87 Wed Early Trainee
TR_87 Thu Late Trainee
TR_87 Fri Late Trainee
TR_88 Tue Night Trainee
TR_88 Wed Night Trainee
TR_88 Thu Night Trainee
TR_88 Fri Night Trainee
TR_89 Mon Night Trainee
TR_89 Tue Night Trainee
TR_89 Wed Night Trainee
TR_89 Sat Night Trainee
TR_89 Sun Night Trainee
TR_90 Thu Day Trainee
TR_90 Fri Day Trainee
TR_90 Sat Day Trainee
TR_90 Sun Early Trainee
TR_91 Mon Day Trainee
TR_91 Thu Day Trainee
TR_91 Fri Day Trainee
TR_91 Sat Day Trainee
TR_91 Sun Early Trainee
TR_92 Mon Late Trainee
TR_92 Tue Late Trainee
TR_94 Tue Day Trainee
TR_94 Wed Day Trainee
TR_94 Thu Late Trainee
TR_94 Fri Late Trainee
TR_95 Mon Late Trainee
TR_95 Tue Late Trainee
TR_96 Thu Early Trainee
TR_96 Fri Early Trainee
TR_96 Sat Late Trainee
TR_96 Sun Late Trainee
TR_97 Mon Night Trainee
TR_97 Tue Night Trainee
TR_97 Wed Night Trainee
TR_97 Thu Night Trainee
TR_97 Fri Night Trainee
TR_98 Tue Late Trainee
TR_98 Wed Late Trainee
TR_98 Thu Late Trainee
TR_98 Fri Late Trainee
TR_99 Mon Day Trainee
TR_99 Tue Day Trainee
TR_99 Wed Early Trainee
TR_99 Thu Early Trainee
TR_100 Mon Early Trainee
TR_100 Tue Early Trainee
TR_100 Wed Early Trainee
TR_100 Thu Early Trainee
TR_100 Fri Early Trainee
TR_101 Mon Early Trainee
TR_101 Thu Early Trainee
TR_101 Fri Early Trainee
TR_101 Sat Early Trainee
TR_101 Sun Late Trainee
TR_102 Thu Early Trainee
TR_102 Fri Early Trainee
TR_103 Wed Late Trainee
TR_103 Thu Late Trainee
TR_103 Fri Late Trainee
TR_104 Mon Night Trainee
TR_104 Tue Night Trainee
TR_104 Wed Night Trainee
TR_104 Thu Night Trainee
TR_104 Fri Night Trainee
TR_105 Mon Night Trainee
TR_105 Sat Day Trainee
TR_105 Sun Day Trainee
TR_106 Mon Early Trainee
TR_106 Tue Early Trainee
TR_106 Wed Early Trainee
TR_106 Thu Day Trainee
TR_106 Fri Day Trainee
TR_107 Mon Early Trainee
TR_107 Tue Early Trainee
TR_107 Wed Day Trainee
TR_107 Thu Day Trainee
TR_108 Wed Early Trainee
TR_108 Thu Early Trainee
TR_109 Mon Day Trainee
TR_109 Tue Day Trainee
TR_109 Wed Late Trainee
TR_109 Thu Late Trainee
