SOLUTION
2 n110w8

ASSIGNMENTS = 375
HN_0 Wed Early HeadNurse
HN_0 Thu Early HeadNurse
HN_0 Fri Early HeadNurse
HN_1 Mon Early HeadNurse
HN_1 Tue Early Nurse
HN_1 Wed Day Nurse
HN_1 Thu Day HeadNurse
HN_1 Fri Day HeadNurse
HN_2 Mon Day HeadNurse
HN_2 Fri Late HeadNurse
HN_2 Sat Late HeadNurse
HN_2 Sun Late HeadNurse
HN_3 Mon Night HeadNurse
HN_3 Tue Night HeadNurse
HN_3 Wed Night HeadNurse
HN_3 Thu Night HeadNurse
HN_3 Fri Night HeadNurse
HN_4 Mon Day HeadNurse
HN_4 Tue Day HeadNurse
HN_4 Wed Late HeadNurse
HN_4 Thu Late HeadNurse
HN_4 Fri Late HeadNurse
HN_5 Mon Early HeadNurse
HN_5 Tue Early Nurse
HN_5 Wed Early HeadNurse
HN_5 Sat Late Nurse
HN_5 Sun Late Nurse
HN_6 Mon Late HeadNurse
HN_6 Tue Late HeadNurse
HN_6 Wed Late HeadNurse
HN_7 Thu Day HeadNurse
HN_7 Fri Day HeadNurse
HN_8 Sat Early Nurse
HN_8 Sun Early HeadNurse
HN_9 Thu Early Nurse
HN_9 Fri Early HeadNurse
HN_10 Wed Night Nurse
HN_10 Thu Night HeadNurse
HN_10 Fri Night HeadNurse
HN_10 Sat Night HeadNurse
HN_10 Sun Night HeadNurse
HN_11 Wed Late Nurse
HN_11 Thu Late HeadNurse
HN_11 Fri Late Nurse
HN_12 Mon Early Nurse
HN_12 Tue Early Nurse
HN_12 Wed Early Nurse
HN_13 Mon Night HeadNurse
HN_13 Tue Night Nurse
HN_13 Wed Night Nurse
HN_13 Thu Night Nurse
HN_13 Fri Night Nurse
HN_14 Mon Late HeadNurse
HN_15 Wed Early Nurse
HN_15 Thu Early Nurse
HN_16 Mon Day Nurse
HN_16 Tue Day Nurse
HN_16 Wed Late Nurse
HN_16 Thu Late Nurse
HN_17 Fri Night Nurse
HN_17 Sat Night Nurse
HN_17 Sun Night Nurse
HN_18 Sat Day HeadNurse
HN_18 Sun Day HeadNurse
HN_19 Wed Early Nurse
HN_19 Thu Early Nurse
HN_19 Fri Early Nurse
NU_20 Tue Late Nurse
NU_20 Wed Late Nurse
NU_21 Mon Day Nurse
NU_21 Tue Day Nurse
NU_21 Wed Late Caretaker
NU_21 Thu Late Nurse
NU_21 Fri Late Nurse
NU_22 Mon Night Nurse
NU_22 Thu Night Nurse
NU_22 Fri Night Caretaker
NU_22 Sat Night Nurse
NU_22 Sun Night Nurse
NU_23 Mon Late Nurse
NU_24 Mon Day Nurse
NU_24 Tue Day Caretaker
NU_25 Mon Early Caretaker
NU_25 Tue Early Caretaker
NU_25 Wed Early Caretaker
NU_25 Thu Late Caretaker
NU_25 Fri Late Nurse
NU_26 Mon Late Nurse
NU_26 Tue Late Caretaker
NU_26 Wed Late Caretaker
NU_26 Thu Late Caretaker
NU_26 Fri Late Nurse
NU_27 Mon Early Caretaker
NU_27 Thu Early Nurse
NU_27 Fri Early Nurse
NU_27 Sat Day Nurse
NU_27 Sun Day Nurse
NU_28 Wed Day Nurse
NU_28 Thu Day Nurse
NU_28 Fri Day Nurse
NU_29 Wed Late Caretaker
NU_29 Thu Late Caretaker
NU_29 Fri Late Caretaker
NU_30 Mon Late Nurse
NU_30 Tue Late Caretaker
NU_30 Wed Late Caretaker
NU_30 Sat Early Nurse
NU_30 Sun Early Nurse
NU_31 Mon Late Caretaker
NU_31 Tue Late Caretaker
NU_32 Thu Day Nurse
NU_32 Fri Day Nurse
NU_33 Mon Night Nurse
NU_33 Tue Night Nurse
NU_33 Wed Night Nurse
NU_33 Thu Night Caretaker
NU_33 Fri Night Caretaker
NU_34 Tue Night Caretaker
NU_34 Wed Night Nurse
NU_34 Thu Night Caretaker
NU_34 Fri Night Caretaker
NU_35 Thu Day Nurse
NU_35 Fri Day Nurse
NU_37 Mon Day Nurse
NU_37 Tue Day Caretaker
NU_37 Wed Day Caretaker
NU_37 Thu Day Nurse
NU_37 Fri Day Nurse
NU_38 Mon Night Nurse
NU_39 Mon Day Caretaker
NU_39 Sat Early Caretaker
NU_39 Sun Early Nurse
CT_40 Fri Late Caretaker
CT_40 Sat Late Caretaker
CT_40 Sun Late Caretaker
CT_41 Mon Late Caretaker
CT_42 Mon Day Caretaker
CT_42 Fri Day Caretaker
CT_42 Sat Day Caretaker
CT_42 Sun Day Caretaker
CT_43 Mon Night Caretaker
CT_43 Tue Night Caretaker
CT_43 Wed Night Caretaker
CT_43 Thu Night Caretaker
CT_44 Fri Late Caretaker
CT_44 Sat Late Caretaker
CT_44 Sun Late Caretaker
CT_45 Mon Late Caretaker
CT_45 Tue Late Caretaker
CT_45 Wed Late Caretaker
CT_45 Thu Late Caretaker
CT_45 Fri Late Caretaker
CT_46 Mon Early Caretaker
CT_46 Tue Early Caretaker
CT_46 Wed Late Caretaker
CT_46 Thu Late Caretaker
CT_47 Wed Early Caretaker
CT_47 Thu Early Caretaker
CT_47 Fri Early Caretaker
CT_48 Mon Day Caretaker
CT_49 Mon Night Caretaker
CT_49 Tue Night Caretaker
CT_49 Wed Night Caretaker
CT_50 Mon Day Caretaker
CT_50 Tue Day Caretaker
CT_50 Wed Day Caretaker
CT_50 Thu Early Caretaker
CT_50 Fri Early Caretaker
CT_51 Mon Day Caretaker
CT_51 Tue Day Caretaker
CT_51 Wed Day Caretaker
CT_51 Sat Early Caretaker
CT_51 Sun Early Caretaker
CT_52 Mon Late Caretaker
CT_52 Thu Day Caretaker
CT_52 Fri Day Caretaker
CT_52 Sat Day Caretaker
CT_52 Sun Day Caretaker
CT_53 Fri Early Caretaker
CT_53 Sat Early Caretaker
CT_53 Sun Early Caretaker
CT_54 Mon Night Caretaker
CT_54 Tue Night Caretaker
CT_54 Wed Night Caretaker
CT_54 Thu Night Caretaker
CT_54 Fri Night Caretaker
CT_55 Mon Night Caretaker
CT_55 Fri Night Caretaker
CT_55 Sat Night Caretaker
CT_55 Sun Night Caretaker
CT_56 Mon Early Caretaker
CT_56 Tue Early Caretaker
CT_56 Wed Early Caretaker
CT_56 Thu Day Caretaker
CT_56 Fri Day Caretaker
CT_57 Fri Night Caretaker
CT_57 Sat Night Caretaker
CT_57 Sun Night Caretaker
CT_58 Mon Late Caretaker
CT_58 Tue Late Caretaker
CT_59 Mon Early Caretaker
CT_59 Tue Early Caretaker
CT_59 Wed Early Caretaker
CT_59 Sat Night Caretaker
CT_59 Sun Night Caretaker
CT_60 Mon Day Caretaker
CT_60 Tue Day Caretaker
CT_60 Wed Day Caretaker
CT_60 Thu Late Caretaker
CT_60 Fri Late Caretaker
CT_61 Fri Night Caretaker
CT_61 Sat Night Caretaker
CT_61 Sun Night Caretaker
CT_62 Mon Late Caretaker
CT_62 Tue Late Caretaker
CT_62 Wed Late Caretaker
CT_62 Thu Late Caretaker
CT_62 Fri Late Caretaker
CT_63 Mon Early Caretaker
CT_64 Thu Early Caretaker
CT_64 Fri Early Caretaker
CT_64 Sat Day Caretaker
CT_64 Sun Day Caretaker
CT_65 Thu Early Caretaker
CT_65 Fri Early Caretaker
CT_66 Mon Early Caretaker
CT_66 Tue Early Caretaker
CT_66 Wed Day Caretaker
CT_66 Thu Day Caretaker
CT_66 Fri Day Caretaker
CT_67 Mon Day Caretaker
CT_67 Tue Day Caretaker
CT_67 Wed Early Caretaker
CT_67 Thu Early Caretaker
CT_67 Fri Early Caretaker
CT_68 Mon Night Caretaker
CT_68 Tue Night Caretaker
CT_68 Wed Night Caretaker
CT_68 Thu Night Caretaker
CT_68 Fri Night Caretaker
CT_69 Mon Night Caretaker
CT_69 Tue Night Caretaker
CT_69 Wed Night Caretaker
CT_69 Thu Night Caretaker
CT_70 Mon Night Caretaker
CT_70 Tue Night Caretaker
CT_70 Wed Night Caretaker
CT_70 Thu Night Caretaker
CT_70 Fri Night Caretaker
CT_71 Wed Early Caretaker
CT_71 Thu Early Caretaker
CT_72 Thu Early Caretaker
CT_72 Fri Early Caretaker
CT_72 Sat Early Caretaker
CT_72 Sun Early Caretaker
CT_73 Mon Night Caretaker
CT_73 Sat Early Caretaker
CT_73 Sun Early Caretaker
CT_74 Mon Early Caretaker
CT_74 Tue Early Caretaker
CT_74 Wed Day Caretaker
CT_74 Thu Day Caretaker
CT_74 Fri Day Caretaker
CT_75 Mon Day Caretaker
CT_75 Tue Day Caretaker
CT_75 Wed Late Caretaker
CT_75 Thu Late Caretaker
CT_76 Thu Day Caretaker
CT_76 Fri Day Caretaker
CT_77 Mon Early Caretaker
CT_77 Tue Early Caretaker
CT_77 Wed Early Caretaker
CT_77 Thu Early Caretaker
CT_78 Mon Day Caretaker
CT_78 Thu Day Caretaker
CT_78 Fri Day Caretaker
CT_78 Sat Late Caretaker
CT_78 Sun Late Caretaker
CT_79 Wed Day Caretaker
CT_79 Thu Day Caretaker
CT_79 Fri Late Caretaker
CT_79 Sat Late Caretaker
CT_79 Sun Late Caretaker
TR_80 Wed Early Trainee
TR_80 Thu Early Trainee
TR_81 Tue Late Trainee
TR_81 Wed Late Trainee
TR_83 Mon Late Trainee
TR_84 Mon Early Trainee
TR_84 Tue Early Trainee
TR_84 Wed Late Trainee
TR_84 Thu Late Trainee
TR_84 Fri Late Trainee
TR_85 Sat Late Trainee
TR_85 Sun Late Trainee
TR_86 Mon Early Trainee
TR_86 Tue Early Trainee
TR_86 Wed Early Trainee
TR_86 Thu Early Trainee
TR_87 Mon Day Trainee
TR_87 Tue Day Trainee
TR_87 Wed Day Trainee
TR_87 Thu Late Trainee
TR_87 Fri Late Trainee
TR_88 Mon Late Trainee
TR_88 Tue Late Trainee
TR_89 Mon Late Trainee
TR_89 Tue Late Trainee
TR_90 Mon Late Trainee
TR_90 Tue Late Trainee
TR_90 Fri Early Trainee
TR_90 Sat Early Trainee
TR_90 Sun Day Trainee
TR_92 Wed Day Trainee
TR_92 Thu Day Trainee
TR_92 Fri Day Trainee
TR_93 Mon Night Trainee
TR_93 Tue Night Trainee
TR_93 Wed Night Trainee
TR_93 Thu Night Trainee
TR_93 Fri Night Trainee
TR_94 Wed Early Trainee
TR_94 Thu Early Trainee
TR_94 Fri Night Trainee
TR_94 Sat Night Trainee
TR_94 Sun Night Trainee
TR_95 Sat Early Trainee
TR_95 Sun Early Trainee
TR_96 Mon Day Trainee
TR_96 Tue Day Trainee
TR_96 Wed Day Trainee
TR_96 Thu Early Trainee
TR_96 Fri Early Trainee
TR_97 Mon Day Trainee
TR_97 Tue Day Trainee
TR_97 Wed Day Trainee
TR_97 Sat Late Trainee
TR_97 Sun Late Trainee
TR_98 Mon Night Trainee
TR_98 Thu Night Trainee
TR_98 Fri Night Trainee
TR_98 Sat Night Trainee
TR_98 Sun Night Trainee
TR_99 Wed Late Trainee
TR_99 Thu Late Trainee
TR_99 Fri Late Trainee
TR_100 Mon Day Trainee
TR_100 Tue Day Trainee
TR_100 Wed Day Trainee
TR_100 Thu Day Trainee
TR_101 Mon Night Trainee
TR_101 Tue Night Trainee
TR_101 Wed Night Trainee
TR_101 Thu Night Trainee
TR_101 Fri Night Trainee
TR_103 Thu Day Trainee
TR_103 Fri Day Trainee
TR_104 Mon Early Trainee
TR_104 Tue Early Trainee
TR_105 Sat Day Trainee
TR_105 Sun Day Trainee
TR_106 Thu Late Trainee
TR_106 Fri Late Trainee
TR_107 Fri Day Trainee
TR_107 Sat Day Trainee
TR_107 Sun Early Trainee
TR_108 Tue Night Trainee
TR_108 Wed Night Trainee
TR_108 Thu Night Trainee
TR_108 Fri Night Trainee
TR_109 Wed Early Trainee
TR_109 Thu Early Trainee
TR_109 Fri Early Trainee
TR_109 Sat Late Trainee
TR_109 Sun Late Trainee
