SOLUTION
1 n100w8

ASSIGNMENTS = 315
HN_0 Mon Day HeadNurse
HN_0 Tue Day Nurse
HN_0 Wed Late HeadNurse
HN_0 Thu Late HeadNurse
HN_0 Fri Late HeadNurse
HN_1 Mon Late HeadNurse
HN_2 Wed Day HeadNurse
HN_2 Thu Day HeadNurse
HN_2 Fri Day HeadNurse
HN_2 Sat Late HeadNurse
HN_2 Sun Late HeadNurse
HN_4 Tue Night HeadNurse
HN_4 Wed Night Nurse
HN_4 Thu Night HeadNurse
HN_4 Fri Night HeadNurse
HN_5 Thu Night Nurse
HN_5 Fri Night Nurse
HN_5 Sat Night HeadNurse
HN_5 Sun Night HeadNurse
HN_6 Mon Day Nurse
HN_6 Tue Day Nurse
HN_6 Wed Day Nurse
HN_6 Thu Day Nurse
HN_7 Fri Day HeadNurse
HN_7 Sat Day HeadNurse
HN_7 Sun Day HeadNurse
HN_8 Mon Night Nurse
HN_9 Mon Late Nurse
HN_9 Tue Late Nurse
HN_9 Fri Early HeadNurse
HN_9 Sat Early HeadNurse
HN_9 Sun Late Nurse
HN_10 Thu Late HeadNurse
HN_10 Fri Late HeadNurse
HN_11 Fri Early Nurse
HN_11 Sat Early Nurse
HN_11 Sun Early HeadNurse
HN_12 Mon Day Nurse
HN_12 Tue Day Nurse
HN_13 Mon Late Nurse
HN_13 Tue Late Nurse
HN_13 Wed Late Nurse
HN_14 Mon Early HeadNurse
HN_14 Tue Early Nurse
HN_14 Wed Early HeadNurse
HN_14 Thu Day Nurse
HN_14 Fri Day Nurse
HN_15 Mon Early Nurse
HN_15 Tue Early Nurse
HN_15 Wed Early Nurse
HN_15 Thu Early HeadNurse
HN_15 Fri Early Nurse
NU_16 Tue Day Caretaker
NU_16 Wed Day Nurse
NU_16 Thu Early Nurse
NU_16 Fri Early Caretaker
NU_17 Mon Day Caretaker
NU_17 Tue Day Caretaker
NU_17 Wed Late Nurse
NU_17 Thu Late Nurse
NU_18 Wed Late Caretaker
NU_18 Thu Late Caretaker
NU_18 Fri Late Nurse
NU_19 Tue Late Caretaker
NU_19 Wed Late Caretaker
NU_20 Mon Night Nurse
NU_20 Tue Night Nurse
NU_20 Wed Night Nurse
NU_20 Thu Night Nurse
NU_21 Mon Day Caretaker
NU_21 Tue Day Caretaker
NU_21 Wed Early Nurse
NU_21 Thu Early Nurse
NU_21 Fri Early Caretaker
NU_22 Mon Late Nurse
NU_22 Tue Late Caretaker
NU_23 Thu Early Nurse
NU_23 Fri Early Caretaker
NU_25 Wed Day Caretaker
NU_25 Thu Day Nurse
NU_25 Fri Night Nurse
NU_25 Sat Night Nurse
NU_25 Sun Night Nurse
NU_26 Mon Night Caretaker
NU_26 Fri Day Nurse
NU_26 Sat Day Nurse
NU_26 Sun Early Nurse
NU_27 Mon Late Caretaker
NU_27 Tue Late Caretaker
NU_27 Wed Late Caretaker
NU_28 Sat Late Nurse
NU_28 Sun Late Nurse
NU_29 Tue Late Caretaker
NU_29 Wed Late Caretaker
NU_30 Mon Early Nurse
NU_30 Tue Early Caretaker
NU_30 Wed Early Caretaker
NU_30 Thu Day Caretaker
NU_30 Fri Day Caretaker
NU_31 Mon Late Caretaker
NU_31 Thu Night Caretaker
NU_31 Fri Night Caretaker
NU_31 Sat Night Caretaker
NU_31 Sun Night Caretaker
NU_32 Tue Night Nurse
NU_32 Wed Night Caretaker
NU_32 Thu Night Caretaker
NU_32 Fri Night Caretaker
NU_33 Wed Day Caretaker
NU_33 Thu Day Caretaker
NU_33 Fri Day Caretaker
NU_33 Sat Day Nurse
NU_33 Sun Day Nurse
NU_34 Mon Day Caretaker
CT_35 Mon Night Caretaker
CT_35 Tue Night Caretaker
CT_35 Wed Night Caretaker
CT_35 Thu Night Caretaker
CT_35 Fri Night Caretaker
CT_36 Wed Late Caretaker
CT_36 Thu Late Caretaker
CT_36 Fri Late Caretaker
CT_37 Mon Late Caretaker
CT_37 Tue Late Caretaker
CT_37 Wed Late Caretaker
CT_37 Thu Late Caretaker
CT_37 Fri Late Caretaker
CT_38 Mon Late Caretaker
CT_38 Tue Late Caretaker
CT_38 Fri Late Caretaker
CT_38 Sat Late Caretaker
CT_38 Sun Late Caretaker
CT_39 Mon Early Caretaker
CT_39 Sat Day Caretaker
CT_39 Sun Day Caretaker
CT_40 Mon Early Caretaker
CT_40 Fri Late Caretaker
CT_40 Sat Late Caretaker
CT_40 Sun Late Caretaker
CT_42 Mon Early Caretaker
CT_42 Tue Early Caretaker
CT_42 Wed Early Caretaker
CT_42 Thu Early Caretaker
CT_43 Mon Day Caretaker
CT_43 Sat Day Caretaker
CT_43 Sun Day Caretaker
CT_44 Mon Early Caretaker
CT_44 Tue Early Caretaker
CT_44 Wed Day Caretaker
CT_44 Thu Day Caretaker
CT_46 Mon Early Caretaker
CT_46 Tue Early Caretaker
CT_46 Wed Early Caretaker
CT_46 Thu Late Caretaker
CT_46 Fri Late Caretaker
CT_48 Mon Night Caretaker
CT_48 Sat Early Caretaker
CT_48 Sun Early Caretaker
CT_49 Thu Early Caretaker
CT_49 Fri Early Caretaker
CT_50 Mon Late Caretaker
CT_50 Fri Night Caretaker
CT_50 Sat Night Caretaker
CT_50 Sun Night Caretaker
CT_51 Mon Night Caretaker
CT_51 Tue Night Caretaker
CT_51 Wed Night Caretaker
CT_52 Mon Early Caretaker
CT_52 Tue Early Caretaker
CT_52 Wed Early Caretaker
CT_52 Thu Day Caretaker
CT_52 Fri Day Caretaker
CT_53 Sat Early Caretaker
CT_53 Sun Early Caretaker
CT_54 Mon Late Caretaker
CT_54 Tue Late Caretaker
CT_54 Wed Late Caretaker
CT_55 Thu Early Caretaker
CT_55 Fri Early Caretaker
CT_56 Sat Day Caretaker
CT_56 Sun Day Caretaker
CT_57 Mon Night Caretaker
CT_57 Tue Night Caretaker
CT_57 Wed Night Caretaker
CT_57 Thu Night Caretaker
CT_58 Mon Night Caretaker
CT_58 Tue Night Caretaker
CT_58 Wed Night Caretaker
CT_58 Thu Night Caretaker
CT_59 Wed Early Caretaker
CT_59 Thu Early Caretaker
CT_60 Mon Day Caretaker
CT_60 Tue Day Caretaker
CT_60 Wed Day Caretaker
CT_60 Thu Early Caretaker
CT_60 Fri Early Caretaker
CT_61 Tue Day Caretaker
CT_61 Wed Day Caretaker
CT_61 Thu Late Caretaker
CT_61 Fri Late Caretaker
CT_62 Mon Day Caretaker
CT_62 Tue Day Caretaker
CT_62 Wed Day Caretaker
CT_62 Thu Day Caretaker
CT_62 Fri Day Caretaker
CT_63 Fri Late Caretaker
CT_63 Sat Late Caretaker
CT_63 Sun Late Caretaker
CT_64 Mon Day Caretaker
CT_64 Tue Day Caretaker
CT_64 Wed Early Caretaker
CT_64 Thu Early Caretaker
CT_65 Wed Day Caretaker
CT_65 Thu Day Caretaker
CT_65 Fri Day Caretaker
CT_66 Fri Day Caretaker
CT_66 Sat Day Caretaker
CT_66 Sun Late Caretaker
CT_67 Sat Early Caretaker
CT_67 Sun Early Caretaker
CT_68 Mon Early Caretaker
CT_68 Tue Early Caretaker
CT_69 Mon Late Caretaker
CT_69 Tue Late Caretaker
CT_69 Wed Late Caretaker
CT_70 Tue Night Caretaker
CT_70 Wed Night Caretaker
CT_70 Thu Night Caretaker
CT_70 Fri Night Caretaker
CT_72 Wed Night Caretaker
CT_72 Thu Night Caretaker
CT_72 Fri Night Caretaker
CT_72 Sat Night Caretaker
CT_72 Sun Night Caretaker
CT_73 Mon Night Caretaker
CT_73 Tue Night Caretaker
CT_73 Wed Night Caretaker
CT_74 Mon Early Caretaker
CT_74 Tue Early Caretaker
CT_74 Wed Early Caretaker
CT_74 Thu Early Caretaker
TR_75 Tue Day Trainee
TR_75 Wed Day Trainee
TR_75 Thu Early Trainee
TR_75 Fri Early Trainee
TR_76 Fri Night Trainee
TR_76 Sat Night Trainee
TR_76 Sun Night Trainee
TR_77 Mon Day Trainee
TR_77 Tue Day Trainee
TR_77 Wed Late Trainee
TR_77 Thu Late Trainee
TR_79 Sat Day Trainee
TR_79 Sun Day Trainee
TR_80 Sat Late Trainee
TR_80 Sun Late Trainee
TR_81 Mon Late Trainee
TR_81 Tue Late Trainee
TR_81 Wed Late Trainee
TR_82 Tue Night Trainee
TR_82 Wed Night Trainee
TR_82 Thu Night Trainee
TR_82 Fri Night Trainee
TR_83 Mon Night Trainee
TR_83 Tue Night Trainee
TR_83 Wed Night Trainee
TR_83 Thu Night Trainee
TR_83 Fri Night Trainee
TR_84 Mon Night Trainee
TR_84 Tue Night Trainee
TR_84 Wed Night Trainee
TR_84 Thu Night Trainee
TR_85 Fri Early Trainee
TR_85 Sat Early Trainee
TR_85 Sun Day Trainee
TR_86 Tue Late Trainee
TR_86 Wed Late Trainee
TR_87 Mon Day Trainee
TR_87 Tue Day Trainee
TR_88 Mon Early Trainee
TR_88 Fri Day Trainee
TR_88 Sat Day Trainee
TR_88 Sun Early Trainee
TR_89 Wed Day Trainee
TR_89 Thu Day Trainee
TR_89 Fri Day Trainee
TR_90 Mon Night Trainee
TR_90 Sat Night Trainee
TR_90 Sun Night Trainee
TR_91 Tue Early Trainee
TR_91 Wed Early Trainee
TR_91 Thu Day Trainee
TR_91 Fri Day Trainee
TR_92 Mon Early Trainee
TR_92 Tue Early Trainee
TR_92 Wed Early Trainee
TR_92 Thu Early Trainee
TR_93 Mon Late Trainee
TR_93 Sat Early Trainee
TR_93 Sun Early Trainee
TR_94 Mon Early Trainee
TR_94 Tue Early Trainee
TR_95 Thu Late Trainee
TR_95 Fri Late Trainee
TR_96 Mon Day Trainee
TR_96 Tue Day Trainee
TR_96 Wed Early Trainee
TR_96 Thu Early Trainee
TR_96 Fri Early Trainee
TR_97 Wed Day Trainee
TR_97 Thu Day Trainee
TR_97 Fri Day Trainee
TR_98 Thu Late Trainee
TR_98 Fri Late Trainee
TR_99 Mon Late Trainee
