SOLUTION
6 n100w8

ASSIGNMENTS = 321
HN_0 Tue Early HeadNurse
HN_0 Wed Early HeadNurse
HN_0 Thu Early HeadNurse
HN_1 Mon Day HeadNurse
HN_1 Tue Day HeadNurse
HN_1 Wed Day HeadNurse
HN_2 Tue Early Nurse
HN_2 Wed Early Nurse
HN_2 Thu Early Nurse
HN_2 Fri Early Nurse
HN_3 Tue Night Nurse
HN_3 Wed Night HeadNurse
HN_3 Thu Night HeadNurse
HN_3 Fri Night HeadNurse
HN_4 Mon Late HeadNurse
HN_4 Tue Late HeadNurse
HN_4 Wed Late Nurse
HN_4 Sat Late Nurse
HN_4 Sun Late HeadNurse
HN_6 Fri Day HeadNurse
HN_6 Sat Day HeadNurse
HN_6 Sun Day HeadNurse
HN_7 Wed Late Nurse
HN_7 Thu Late HeadNurse
HN_7 Fri Late HeadNurse
HN_8 Thu Night Nurse
HN_8 Fri Night HeadNurse
HN_8 Sat Night HeadNurse
HN_8 Sun Night HeadNurse
HN_9 Mon Day Nurse
HN_9 Tue Day Nurse
HN_9 Wed Day Nurse
HN_9 Thu Late HeadNurse
HN_9 Fri Late Nurse
HN_10 Mon Day Nurse
HN_10 Tue Day Nurse
HN_11 Fri Day HeadNurse
HN_11 Sat Day Nurse
HN_11 Sun Early HeadNurse
HN_12 Mon Late Nurse
HN_12 Tue Late Nurse
HN_13 Sat Day Nurse
HN_13 Sun Day Nurse
HN_14 Mon Night HeadNurse
HN_14 Thu Day Nurse
HN_14 Fri Day Nurse
HN_14 Sat Early Nurse
HN_14 Sun Early Nurse
HN_15 Mon Day Nurse
HN_15 Fri Night Nurse
HN_15 Sat Night Nurse
HN_15 Sun Night Nurse
NU_16 Mon Night Nurse
NU_16 Tue Night Nurse
NU_16 Wed Night Nurse
NU_17 Mon Night Caretaker
NU_17 Tue Night Nurse
NU_17 Wed Night Nurse
NU_18 Mon Night Caretaker
NU_18 Tue Night Nurse
NU_18 Wed Night Nurse
NU_18 Thu Night Nurse
NU_18 Fri Night Nurse
NU_19 Thu Late Nurse
NU_19 Fri Late Nurse
NU_20 Mon Late Nurse
NU_20 Thu Early Nurse
NU_20 Fri Early Nurse
NU_20 Sat Early Caretaker
NU_20 Sun Day Caretaker
NU_21 Mon Late Nurse
NU_21 Fri Late Nurse
NU_21 Sat Late Caretaker
NU_21 Sun Late Nurse
NU_24 Wed Late Nurse
NU_24 Thu Late Nurse
NU_25 Tue Night Nurse
NU_25 Wed Night Caretaker
NU_25 Thu Night Caretaker
NU_25 Fri Night Nurse
NU_26 Mon Day Nurse
NU_26 Tue Day Caretaker
NU_26 Wed Day Nurse
NU_26 Thu Early Nurse
NU_26 Fri Early Caretaker
NU_27 Wed Day Nurse
NU_27 Thu Day Nurse
NU_27 Fri Day Nurse
NU_28 Mon Late Caretaker
NU_28 Tue Late Nurse
NU_28 Wed Late Caretaker
NU_29 Mon Day Caretaker
NU_29 Tue Day Caretaker
NU_30 Mon Early Nurse
NU_30 Tue Early Nurse
NU_30 Wed Early Nurse
NU_30 Thu Early Caretaker
NU_30 Fri Early Caretaker
NU_31 Tue Night Caretaker
NU_31 Wed Night Caretaker
NU_31 Thu Night Caretaker
NU_31 Fri Night Caretaker
NU_32 Mon Night Caretaker
NU_32 Tue Night Caretaker
NU_32 Wed Night Caretaker
NU_32 Thu Night Caretaker
NU_33 Mon Early Nurse
NU_33 Tue Early Nurse
NU_33 Wed Early Caretaker
NU_33 Thu Early Caretaker
NU_34 Mon Early Caretaker
NU_34 Tue Early Caretaker
NU_34 Wed Early Caretaker
NU_34 Thu Early Caretaker
CT_35 Mon Early Caretaker
CT_35 Tue Early Caretaker
CT_35 Wed Early Caretaker
CT_35 Sat Day Caretaker
CT_35 Sun Day Caretaker
CT_36 Wed Late Caretaker
CT_36 Thu Late Caretaker
CT_36 Fri Late Caretaker
CT_37 Mon Late Caretaker
CT_37 Thu Day Caretaker
CT_37 Fri Day Caretaker
CT_37 Sat Day Caretaker
CT_37 Sun Day Caretaker
CT_38 Mon Day Caretaker
CT_38 Tue Day Caretaker
CT_38 Wed Day Caretaker
CT_38 Thu Day Caretaker
CT_38 Fri Day Caretaker
CT_39 Tue Night Caretaker
CT_39 Wed Night Caretaker
CT_39 Thu Night Caretaker
CT_39 Fri Night Caretaker
CT_40 Mon Early Caretaker
CT_40 Tue Early Caretaker
CT_40 Wed Day Caretaker
CT_40 Thu Day Caretaker
CT_40 Fri Day Caretaker
CT_41 Thu Late Caretaker
CT_41 Fri Late Caretaker
CT_42 Mon Night Caretaker
CT_42 Fri Day Caretaker
CT_42 Sat Day Caretaker
CT_42 Sun Day Caretaker
CT_43 Tue Early Caretaker
CT_43 Wed Early Caretaker
CT_43 Thu Early Caretaker
CT_43 Fri Early Caretaker
CT_44 Mon Late Caretaker
CT_44 Tue Late Caretaker
CT_44 Fri Night Caretaker
CT_44 Sat Night Caretaker
CT_44 Sun Night Caretaker
CT_45 Thu Early Caretaker
CT_45 Fri Early Caretaker
CT_46 Wed Day Caretaker
CT_46 Thu Day Caretaker
CT_46 Fri Day Caretaker
CT_47 Mon Night Caretaker
CT_47 Tue Night Caretaker
CT_47 Wed Night Caretaker
CT_47 Thu Night Caretaker
CT_48 Tue Late Caretaker
CT_48 Wed Late Caretaker
CT_48 Thu Late Caretaker
CT_48 Fri Late Caretaker
CT_49 Mon Late Caretaker
CT_49 Tue Late Caretaker
CT_50 Mon Late Caretaker
CT_50 Tue Late Caretaker
CT_50 Wed Late Caretaker
CT_50 Thu Late Caretaker
CT_50 Fri Late Caretaker
CT_51 Mon Early Caretaker
CT_51 Tue Early Caretaker
CT_51 Wed Early Caretaker
CT_51 Thu Early Caretaker
CT_52 Wed Late Caretaker
CT_52 Thu Late Caretaker
CT_52 Fri Late Caretaker
CT_52 Sat Late Caretaker
CT_52 Sun Late Caretaker
CT_53 Thu Early Caretaker
CT_53 Fri Early Caretaker
CT_54 Wed Late Caretaker
CT_54 Thu Late Caretaker
CT_54 Fri Late Caretaker
CT_55 Mon Day Caretaker
CT_55 Tue Day Caretaker
CT_56 Mon Early Caretaker
CT_56 Tue Early Caretaker
CT_56 Wed Early Caretaker
CT_57 Fri Night Caretaker
CT_57 Sat Night Caretaker
CT_57 Sun Night Caretaker
CT_58 Fri Night Caretaker
CT_58 Sat Night Caretaker
CT_58 Sun Night Caretaker
CT_59 Sat Early Caretaker
CT_59 Sun Early Caretaker
CT_60 Mon Night Caretaker
CT_60 Tue Night Caretaker
CT_60 Wed Night Caretaker
CT_60 Thu Night Caretaker
CT_60 Fri Night Caretaker
CT_61 Mon Late Caretaker
CT_61 Tue Late Caretaker
CT_61 Wed Late Caretaker
CT_62 Mon Day Caretaker
CT_62 Tue Day Caretaker
CT_62 Fri Night Caretaker
CT_62 Sat Night Caretaker
CT_62 Sun Night Caretaker
CT_64 Mon Day Caretaker
CT_64 Tue Late Caretaker
CT_64 Wed Late Caretaker
CT_65 Fri Late Caretaker
CT_65 Sat Late Caretaker
CT_65 Sun Late Caretaker
CT_66 Tue Day Caretaker
CT_66 Wed Day Caretaker
CT_66 Thu Day Caretaker
CT_66 Fri Day Caretaker
CT_67 Mon Early Caretaker
CT_67 Tue Early Caretaker
CT_68 Sat Early Caretaker
CT_68 Sun Early Caretaker
CT_69 Fri Day Caretaker
CT_69 Sat Day Caretaker
CT_69 Sun Early Caretaker
CT_70 Mon Late Caretaker
CT_71 Thu Early Caretaker
CT_71 Fri Early Caretaker
CT_72 Mon Night Caretaker
CT_72 Tue Night Caretaker
CT_72 Wed Night Caretaker
CT_72 Thu Night Caretaker
CT_73 Mon Day Caretaker
CT_73 Tue Day Caretaker
CT_73 Wed Day Caretaker
CT_73 Thu Day Caretaker
CT_74 Mon Day Caretaker
CT_74 Tue Day Caretaker
CT_74 Wed Day Caretaker
CT_74 Sat Late Caretaker
CT_74 Sun Late Caretaker
TR_75 Mon Night Trainee
TR_75 Tue Night Trainee
TR_75 Wed Night Trainee
TR_75 Thu Night Trainee
TR_76 Mon Night Trainee
TR_76 Tue Night Trainee
TR_76 Wed Night Trainee
TR_76 Thu Night Trainee
TR_77 Fri Night Trainee
TR_77 Sat Night Trainee
TR_77 Sun Night Trainee
TR_78 Thu Late Trainee
TR_78 Fri Late Trainee
TR_79 Mon Day Trainee
TR_79 Tue Day Trainee
TR_80 Thu Early Trainee
TR_80 Fri Early Trainee
TR_81 Tue Late Trainee
TR_81 Wed Late Trainee
TR_81 Thu Late Trainee
TR_82 Mon Night Trainee
TR_82 Tue Night Trainee
TR_82 Wed Night Trainee
TR_82 Thu Night Trainee
TR_83 Mon Day Trainee
TR_83 Thu Night Trainee
TR_83 Fri Night Trainee
TR_83 Sat Night Trainee
TR_83 Sun Night Trainee
TR_84 Wed Late Trainee
TR_84 Thu Late Trainee
TR_84 Fri Late Trainee
TR_85 Mon Early Trainee
TR_86 Mon Day Trainee
TR_86 Tue Day Trainee
TR_87 Sat Late Trainee
TR_87 Sun Late Trainee
TR_88 Mon Early Trainee
TR_88 Tue Early Trainee
TR_88 Wed Day Trainee
TR_88 Thu Day Trainee
TR_88 Fri Day Trainee
TR_89 Fri Early Trainee
TR_89 Sat Early Trainee
TR_89 Sun Early Trainee
TR_90 Tue Early Trainee
TR_90 Wed Early Trainee
TR_90 Thu Late Trainee
TR_90 Fri Late Trainee
TR_91 Fri Early Trainee
TR_91 Sat Early Trainee
TR_91 Sun Early Trainee
TR_92 Fri Day Trainee
TR_92 Sat Day Trainee
TR_92 Sun Late Trainee
TR_93 Tue Day Trainee
TR_93 Wed Day Trainee
TR_93 Thu Day Trainee
TR_93 Fri Day Trainee
TR_95 Mon Late Trainee
TR_95 Tue Late Trainee
TR_96 Mon Early Trainee
TR_96 Tue Early Trainee
TR_96 Wed Early Trainee
TR_96 Thu Early Trainee
TR_96 Fri Early Trainee
TR_97 Mon Late Trainee
TR_98 Wed Early Trainee
TR_98 Thu Early Trainee
TR_99 Mon Late Trainee
TR_99 Tue Late Trainee
TR_99 Wed Late Trainee
