SOLUTION
7 n100w8

ASSIGNMENTS = 313
HN_0 Fri Late Nurse
HN_0 Sat Late HeadNurse
HN_0 Sun Night HeadNurse
HN_1 Wed Late HeadNurse
HN_1 Thu Late HeadNurse
HN_1 Fri Late Nurse
HN_2 Tue Night HeadNurse
HN_2 Wed Night HeadNurse
HN_2 Thu Night HeadNurse
HN_2 Fri Night Nurse
HN_3 Wed Early Nurse
HN_3 Thu Early HeadNurse
HN_3 Fri Early HeadNurse
HN_4 Mon Late HeadNurse
HN_4 Thu Early Nurse
HN_4 Fri Early Nurse
HN_4 Sat Late Nurse
HN_4 Sun Late Nurse
HN_5 Mon Day HeadNurse
HN_5 Tue Day HeadNurse
HN_5 Wed Day HeadNurse
HN_6 Mon Day HeadNurse
HN_6 Sat Night HeadNurse
HN_6 Sun Night Nurse
HN_7 Sat Day HeadNurse
HN_7 Sun Day HeadNurse
HN_9 Mon Late HeadNurse
HN_9 Tue Late Nurse
HN_9 Wed Late Nurse
HN_9 Thu Late Nurse
HN_9 Fri Late Nurse
HN_10 Mon Early HeadNurse
HN_10 Tue Early HeadNurse
HN_11 Mon Early Nurse
HN_11 Tue Early Nurse
HN_12 Wed Early Nurse
HN_12 Thu Early Nurse
HN_13 Mon Day Nurse
HN_14 Mon Early Nurse
HN_14 Thu Day Nurse
HN_14 Fri Day HeadNurse
HN_14 Sat Day HeadNurse
HN_14 Sun Day Nurse
HN_15 Mon Night Nurse
HN_15 Thu Day Nurse
HN_15 Fri Day HeadNurse
HN_15 Sat Early HeadNurse
HN_15 Sun Early HeadNurse
NU_16 Mon Night Nurse
NU_16 Tue Night Nurse
NU_16 Wed Night Nurse
NU_16 Thu Night Nurse
NU_17 Mon Early Nurse
NU_17 Tue Early Nurse
NU_17 Wed Day Nurse
NU_17 Thu Day Nurse
NU_18 Mon Late Nurse
NU_18 Tue Late Nurse
NU_18 Wed Late Nurse
NU_18 Thu Late Nurse
NU_18 Fri Late Caretaker
NU_19 Sat Early Nurse
NU_19 Sun Early Nurse
NU_20 Mon Day Nurse
NU_20 Fri Day Nurse
NU_20 Sat Day Nurse
NU_20 Sun Early Caretaker
NU_21 Mon Late Nurse
NU_21 Fri Day Nurse
NU_21 Sat Day Caretaker
NU_21 Sun Early Caretaker
NU_22 Mon Late Caretaker
NU_22 Tue Late Caretaker
NU_23 Mon Day Nurse
NU_23 Tue Day Nurse
NU_24 Thu Day Caretaker
NU_24 Fri Day Caretaker
NU_25 Tue Night Nurse
NU_25 Wed Night Nurse
NU_25 Thu Night Nurse
NU_25 Fri Night Nurse
NU_26 Tue Day Nurse
NU_26 Wed Day Caretaker
NU_26 Thu Late Caretaker
NU_26 Fri Late Caretaker
NU_27 Fri Late Caretaker
NU_27 Sat Late Caretaker
NU_27 Sun Night Nurse
NU_28 Mon Late Caretaker
NU_28 Tue Late Caretaker
NU_28 Wed Late Nurse
NU_29 Mon Early Caretaker
NU_29 Tue Early Caretaker
NU_30 Tue Night Nurse
NU_30 Wed Night Nurse
NU_30 Thu Night Nurse
NU_30 Fri Night Nurse
NU_31 Mon Late Caretaker
NU_31 Tue Late Caretaker
NU_31 Wed Late Caretaker
NU_31 Sat Night Nurse
NU_31 Sun Night Caretaker
NU_32 Tue Night Nurse
NU_32 Wed Night Caretaker
NU_32 Thu Night Caretaker
NU_32 Fri Night Caretaker
NU_33 Tue Night Caretaker
NU_33 Wed Night Caretaker
NU_33 Thu Night Caretaker
NU_33 Fri Night Caretaker
NU_34 Wed Early Nurse
NU_34 Thu Early Nurse
NU_34 Fri Early Caretaker
CT_35 Mon Late Caretaker
CT_35 Tue Late Caretaker
CT_35 Sat Day Caretaker
CT_35 Sun Day Caretaker
CT_36 Sat Late Caretaker
CT_36 Sun Late Caretaker
CT_37 Wed Late Caretaker
CT_37 Thu Late Caretaker
CT_37 Fri Late Caretaker
CT_38 Mon Late Caretaker
CT_38 Tue Late Caretaker
CT_38 Wed Late Caretaker
CT_38 Sat Night Caretaker
CT_38 Sun Night Caretaker
CT_39 Tue Early Caretaker
CT_39 Wed Early Caretaker
CT_39 Thu Early Caretaker
CT_39 Fri Early Caretaker
CT_40 Mon Early Caretaker
CT_40 Tue Early Caretaker
CT_40 Wed Early Caretaker
CT_40 Sat Night Caretaker
CT_40 Sun Night Caretaker
CT_41 Thu Day Caretaker
CT_41 Fri Day Caretaker
CT_42 Mon Day Caretaker
CT_42 Fri Late Caretaker
CT_42 Sat Late Caretaker
CT_42 Sun Late Caretaker
CT_43 Tue Early Caretaker
CT_43 Wed Early Caretaker
CT_43 Thu Late Caretaker
CT_43 Fri Late Caretaker
CT_44 Mon Night Caretaker
CT_44 Thu Day Caretaker
CT_44 Fri Day Caretaker
CT_44 Sat Early Caretaker
CT_44 Sun Early Caretaker
CT_45 Thu Late Caretaker
CT_45 Fri Late Caretaker
CT_46 Mon Late Caretaker
CT_46 Tue Late Caretaker
CT_46 Wed Late Caretaker
CT_46 Sat Night Caretaker
CT_46 Sun Night Caretaker
CT_47 Mon Day Caretaker
CT_47 Tue Day Caretaker
CT_47 Wed Day Caretaker
CT_48 Tue Day Caretaker
CT_48 Wed Day Caretaker
CT_48 Thu Day Caretaker
CT_48 Fri Day Caretaker
CT_49 Wed Day Caretaker
CT_49 Thu Day Caretaker
CT_50 Mon Early Caretaker
CT_50 Tue Early Caretaker
CT_50 Wed Day Caretaker
CT_50 Thu Day Caretaker
CT_50 Fri Day Caretaker
CT_51 Mon Night Caretaker
CT_51 Tue Night Caretaker
CT_51 Wed Night Caretaker
CT_51 Thu Night Caretaker
CT_52 Thu Early Caretaker
CT_52 Fri Early Caretaker
CT_52 Sat Early Caretaker
CT_52 Sun Day Caretaker
CT_53 Thu Early Caretaker
CT_53 Fri Early Caretaker
CT_54 Sat Late Caretaker
CT_54 Sun Late Caretaker
CT_55 Mon Early Caretaker
CT_55 Tue Early Caretaker
CT_56 Mon Early Caretaker
CT_56 Tue Early Caretaker
CT_56 Wed Early Caretaker
CT_57 Mon Night Caretaker
CT_57 Sat Night Caretaker
CT_57 Sun Night Caretaker
CT_58 Mon Night Caretaker
CT_58 Sat Day Caretaker
CT_58 Sun Day Caretaker
CT_60 Mon Night Caretaker
CT_60 Tue Night Caretaker
CT_60 Wed Night Caretaker
CT_60 Thu Night Caretaker
CT_60 Fri Night Caretaker
CT_61 Mon Day Caretaker
CT_61 Tue Day Caretaker
CT_61 Wed Day Caretaker
CT_61 Thu Day Caretaker
CT_62 Mon Night Caretaker
CT_62 Fri Day Caretaker
CT_62 Sat Day Caretaker
CT_62 Sun Early Caretaker
CT_63 Mon Day Caretaker
CT_63 Tue Day Caretaker
CT_63 Wed Early Caretaker
CT_63 Thu Early Caretaker
CT_63 Fri Early Caretaker
CT_64 Mon Day Caretaker
CT_64 Tue Day Caretaker
CT_64 Wed Late Caretaker
CT_64 Thu Late Caretaker
CT_66 Tue Night Caretaker
CT_66 Wed Night Caretaker
CT_66 Thu Night Caretaker
CT_66 Fri Night Caretaker
CT_67 Wed Early Caretaker
CT_67 Thu Early Caretaker
CT_69 Mon Early Caretaker
CT_70 Mon Day Caretaker
CT_70 Tue Day Caretaker
CT_70 Wed Day Caretaker
CT_71 Mon Day Caretaker
CT_71 Tue Day Caretaker
CT_72 Tue Night Caretaker
CT_72 Wed Night Caretaker
CT_72 Thu Night Caretaker
CT_72 Fri Night Caretaker
CT_73 Tue Night Caretaker
CT_73 Wed Night Caretaker
CT_73 Thu Night Caretaker
CT_73 Fri Night Caretaker
CT_74 Mon Late Caretaker
CT_74 Thu Early Caretaker
CT_74 Fri Early Caretaker
CT_74 Sat Early Caretaker
CT_74 Sun Day Caretaker
TR_75 Tue Night Trainee
TR_75 Wed Night Trainee
TR_75 Thu Night Trainee
TR_75 Fri Night Trainee
TR_76 Tue Day Trainee
TR_76 Wed Day Trainee
TR_76 Thu Early Trainee
TR_76 Fri Early Trainee
TR_77 Mon Night Trainee
TR_78 Thu Late Trainee
TR_78 Fri Late Trainee
TR_79 Mon Late Trainee
TR_79 Tue Late Trainee
TR_80 Mon Early Trainee
TR_80 Tue Early Trainee
TR_81 Fri Late Trainee
TR_81 Sat Late Trainee
TR_81 Sun Late Trainee
TR_82 Tue Early Trainee
TR_82 Wed Early Trainee
TR_82 Thu Late Trainee
TR_82 Fri Late Trainee
TR_83 Mon Night Trainee
TR_83 Fri Early Trainee
TR_83 Sat Early Trainee
TR_83 Sun Day Trainee
TR_84 Fri Early Trainee
TR_84 Sat Early Trainee
TR_84 Sun Early Trainee
TR_85 Mon Day Trainee
TR_85 Tue Day Trainee
TR_85 Wed Day Trainee
TR_86 Mon Day Trainee
TR_86 Tue Day Trainee
TR_88 Mon Night Trainee
TR_88 Tue Night Trainee
TR_88 Wed Night Trainee
TR_88 Thu Night Trainee
TR_88 Fri Night Trainee
TR_90 Wed Day Trainee
TR_90 Thu Day Trainee
TR_90 Fri Day Trainee
TR_90 Sat Late Trainee
TR_90 Sun Late Trainee
TR_91 Mon Early Trainee
TR_91 Sat Early Trainee
TR_91 Sun Early Trainee
TR_92 Mon Late Trainee
TR_92 Sat Night Trainee
TR_92 Sun Night Trainee
TR_93 Wed Early Trainee
TR_93 Thu Early Trainee
TR_93 Fri Night Trainee
TR_93 Sat Night Trainee
TR_93 Sun Night Trainee
TR_94 Mon Day Trainee
TR_94 Tue Day Trainee
TR_95 Wed Late Trainee
TR_95 Thu Late Trainee
TR_96 Tue Night Trainee
TR_96 Wed Night Trainee
TR_96 Thu Night Trainee
TR_96 Fri Night Trainee
TR_97 Mon Late Trainee
TR_97 Tue Late Trainee
TR_97 Wed Late Trainee
TR_98 Thu Day Trainee
TR_98 Fri Day Trainee
TR_99 Wed Early Trainee
TR_99 Thu Early Trainee
TR_99 Fri Early Trainee
