SOLUTION
2 n070w4

ASSIGNMENTS = 274
HN_0 Fri Day HeadNurse
HN_0 Sat Day HeadNurse
HN_0 Sun Early HeadNurse
HN_1 Thu Day Nurse
HN_1 Fri Day Nurse
HN_1 Sat Early HeadNurse
HN_1 Sun Early Nurse
HN_2 Mon Late Nurse
HN_2 Fri Late HeadNurse
HN_2 Sat Late HeadNurse
HN_2 Sun Late HeadNurse
HN_3 Mon Early HeadNurse
HN_3 Tue Early HeadNurse
HN_3 Wed Early HeadNurse
HN_4 Thu Night HeadNurse
HN_4 Fri Night HeadNurse
HN_4 Sat Night HeadNurse
HN_4 Sun Night Nurse
HN_5 Mon Day Nurse
HN_5 Tue Day HeadNurse
HN_6 Mon Late Nurse
HN_6 Tue Late HeadNurse
HN_6 Wed Late HeadNurse
HN_7 Mon Night Nurse
HN_7 Tue Night Nurse
HN_7 Wed Night HeadNurse
NU_8 Mon Early Nurse
NU_8 Fri Day Nurse
NU_8 Sat Day Nurse
NU_8 Sun Day Nurse
NU_9 Thu Early Nurse
NU_9 Fri Early Nurse
NU_9 Sat Day Caretaker
NU_9 Sun Day Caretaker
NU_10 Tue Early Nurse
NU_10 Wed Early Nurse
NU_10 Thu Early Nurse
NU_10 Fri Early Nurse
NU_11 Mon Early Nurse
NU_11 Tue Early Nurse
NU_11 Wed Early Nurse
NU_11 Thu Day Nurse
NU_11 Fri Day Nurse
NU_12 Mon Late Caretaker
NU_12 Tue Late Nurse
NU_13 Fri Night Nurse
NU_13 Sat Night Nurse
NU_13 Sun Night Nurse
NU_14 Mon Late Caretaker
NU_14 Tue Late Nurse
NU_14 Wed Late Nurse
NU_15 Wed Late Nurse
NU_15 Thu Late Nurse
NU_15 Fri Late Nurse
NU_16 Wed Night Nurse
NU_16 Thu Night Nurse
NU_16 Fri Night Nurse
NU_16 Sat Night Caretaker
NU_16 Sun Night Caretaker
NU_17 Mon Late Caretaker
NU_17 Tue Late Caretaker
NU_17 Wed Late Nurse
NU_18 Mon Day Nurse
NU_18 Fri Day Nurse
NU_18 Sat Day Caretaker
NU_18 Sun Day Caretaker
NU_19 Mon Night Nurse
NU_19 Tue Night Nurse
NU_19 Wed Night Nurse
NU_20 Mon Day Nurse
NU_20 Tue Day Nurse
NU_20 Wed Early Caretaker
NU_20 Thu Early Nurse
NU_20 Fri Early Nurse
NU_21 Tue Night Nurse
NU_21 Wed Night Nurse
NU_21 Thu Night Nurse
NU_21 Fri Night Nurse
NU_22 Mon Day Nurse
NU_22 Tue Day Nurse
NU_22 Wed Day Nurse
NU_22 Thu Day Nurse
NU_22 Fri Day Caretaker
NU_23 Thu Day Nurse
NU_23 Fri Day Caretaker
NU_23 Sat Early Nurse
NU_23 Sun Early Nurse
NU_24 Mon Day Caretaker
NU_24 Tue Day Nurse
NU_25 Mon Day Caretaker
NU_25 Tue Day Caretaker
NU_25 Wed Day Nurse
NU_25 Thu Early Caretaker
NU_25 Fri Early Caretaker
NU_26 Mon Day Caretaker
NU_26 Tue Day Caretaker
NU_26 Wed Late Nurse
NU_26 Thu Late Nurse
NU_26 Fri Late Nurse
NU_27 Wed Day Nurse
NU_27 Thu Day Caretaker
NU_27 Fri Day Caretaker
NU_28 Thu Early Caretaker
NU_28 Fri Early Caretaker
NU_28 Sat Late Nurse
NU_28 Sun Late Nurse
NU_29 Fri Late Nurse
NU_29 Sat Late Nurse
NU_29 Sun Late Caretaker
NU_30 Wed Night Caretaker
NU_30 Thu Night Nurse
NU_30 Fri Night Nurse
NU_30 Sat Night Caretaker
NU_30 Sun Night Caretaker
NU_31 Mon Early Nurse
NU_31 Tue Early Nurse
NU_31 Wed Late Caretaker
NU_31 Thu Late Caretaker
NU_31 Fri Late Caretaker
NU_32 Wed Day Nurse
NU_32 Thu Day Caretaker
NU_32 Fri Night Caretaker
NU_32 Sat Night Caretaker
NU_32 Sun Night Caretaker
NU_33 Mon Night Nurse
NU_33 Tue Night Nurse
NU_33 Wed Night Caretaker
NU_33 Thu Night Caretaker
NU_33 Fri Night Caretaker
NU_34 Mon Night Caretaker
NU_34 Tue Night Caretaker
NU_35 Tue Day Caretaker
NU_35 Wed Day Caretaker
NU_35 Thu Day Caretaker
NU_35 Fri Day Caretaker
NU_36 Tue Day Caretaker
NU_36 Wed Day Caretaker
NU_36 Thu Early Caretaker
NU_36 Fri Early Caretaker
NU_37 Mon Late Caretaker
NU_37 Tue Late Caretaker
NU_37 Wed Late Caretaker
NU_37 Sat Early Caretaker
NU_37 Sun Early Caretaker
NU_38 Mon Night Caretaker
NU_38 Tue Night Caretaker
NU_38 Wed Night Caretaker
NU_38 Thu Night Caretaker
NU_38 Fri Night Caretaker
NU_39 Mon Night Caretaker
NU_39 Tue Night Caretaker
NU_39 Wed Night Caretaker
NU_39 Thu Night Caretaker
NU_39 Fri Night Caretaker
CT_40 Tue Night Caretaker
CT_40 Wed Night Caretaker
CT_40 Thu Night Caretaker
CT_40 Fri Night Caretaker
CT_41 Mon Night Caretaker
CT_42 Mon Early Caretaker
CT_42 Tue Early Caretaker
CT_42 Wed Late Caretaker
CT_42 Thu Late Caretaker
CT_42 Fri Late Caretaker
CT_43 Mon Day Caretaker
CT_43 Tue Late Caretaker
CT_43 Wed Late Caretaker
CT_44 Mon Day Caretaker
CT_44 Tue Day Caretaker
CT_44 Wed Day Caretaker
CT_44 Sat Early Caretaker
CT_44 Sun Early Caretaker
CT_45 Mon Night Caretaker
CT_45 Tue Night Caretaker
CT_45 Wed Night Caretaker
CT_45 Thu Night Caretaker
CT_45 Fri Night Caretaker
CT_46 Mon Late Caretaker
CT_46 Tue Late Caretaker
CT_46 Wed Late Caretaker
CT_46 Thu Late Caretaker
CT_46 Fri Late Caretaker
CT_47 Mon Early Caretaker
CT_47 Tue Early Caretaker
CT_47 Wed Early Caretaker
CT_47 Thu Day Caretaker
CT_47 Fri Day Caretaker
CT_48 Mon Day Caretaker
CT_48 Tue Day Caretaker
CT_48 Wed Day Caretaker
CT_48 Thu Early Caretaker
CT_48 Fri Early Caretaker
CT_49 Mon Day Caretaker
CT_49 Tue Day Caretaker
CT_49 Wed Day Caretaker
CT_49 Thu Day Caretaker
CT_49 Fri Day Caretaker
CT_50 Mon Early Caretaker
CT_50 Tue Early Caretaker
CT_51 Tue Night Caretaker
CT_51 Wed Night Caretaker
CT_51 Thu Night Caretaker
CT_51 Fri Night Caretaker
CT_52 Tue Early Caretaker
CT_52 Wed Early Caretaker
CT_52 Thu Early Caretaker
CT_52 Fri Early Caretaker
CT_53 Wed Late Caretaker
CT_53 Thu Late Caretaker
CT_53 Fri Late Caretaker
CT_54 Mon Early Caretaker
CT_54 Tue Early Caretaker
CT_54 Wed Late Caretaker
CT_54 Thu Late Caretaker
CT_54 Fri Late Caretaker
CT_55 Mon Late Caretaker
CT_55 Tue Late Caretaker
CT_55 Wed Late Caretaker
CT_55 Sat Late Caretaker
CT_55 Sun Late Caretaker
CT_56 Mon Day Caretaker
CT_56 Tue Day Caretaker
CT_56 Wed Early Caretaker
CT_56 Thu Early Caretaker
CT_56 Fri Early Caretaker
CT_57 Thu Day Caretaker
CT_57 Fri Day Caretaker
CT_57 Sat Late Caretaker
CT_57 Sun Late Caretaker
CT_58 Tue Early Caretaker
CT_58 Wed Early Caretaker
CT_58 Thu Early Caretaker
CT_58 Fri Early Caretaker
CT_59 Mon Late Caretaker
CT_59 Tue Late Caretaker
TR_60 Mon Early Trainee
TR_60 Tue Early Trainee
TR_60 Wed Early Trainee
TR_60 Sat Early Trainee
TR_60 Sun Early Trainee
TR_61 Thu Early Trainee
TR_61 Fri Early Trainee
TR_61 Sat Night Trainee
TR_61 Sun Night Trainee
TR_62 Tue Day Trainee
TR_62 Wed Day Trainee
TR_62 Thu Day Trainee
TR_62 Fri Night Trainee
TR_62 Sat Night Trainee
TR_62 Sun Night Trainee
TR_63 Mon Late Trainee
TR_64 Thu Day Trainee
TR_64 Fri Day Trainee
TR_64 Sat Day Trainee
TR_64 Sun Early Trainee
TR_65 Mon Night Trainee
TR_65 Tue Night Trainee
TR_65 Wed Night Trainee
TR_65 Thu Night Trainee
TR_65 Fri Night Trainee
TR_66 Mon Day Trainee
TR_66 Tue Day Trainee
TR_67 Mon Late Trainee
TR_67 Tue Late Trainee
TR_67 Wed Late Trainee
TR_67 Thu Late Trainee
TR_68 Wed Early Trainee
TR_68 Thu Early Trainee
TR_68 Fri Early Trainee
TR_69 Tue Day Trainee
TR_69 Wed Day Trainee
TR_69 Thu Late Trainee
TR_69 Fri Late Trainee
TR_69 Sat Late Trainee
