SOLUTION
5 n110w8

ASSIGNMENTS = 373
HN_0 Mon Day HeadNurse
HN_0 Tue Day HeadNurse
HN_0 Wed Late HeadNurse
HN_0 Thu Late HeadNurse
HN_0 Fri Late HeadNurse
HN_1 Mon Late HeadNurse
HN_1 Tue Late HeadNurse
HN_1 Wed Late HeadNurse
HN_1 Sat Early HeadNurse
HN_1 Sun Early HeadNurse
HN_2 Mon Late HeadNurse
HN_2 Tue Late Nurse
HN_2 Wed Late Nurse
HN_3 Mon Early HeadNurse
HN_3 Thu Night HeadNurse
HN_3 Fri Night HeadNurse
HN_3 Sat Night Nurse
HN_3 Sun Night HeadNurse
HN_4 Mon Late Nurse
HN_4 Thu Early HeadNurse
HN_4 Fri Early HeadNurse
HN_4 Sat Day Nurse
HN_4 Sun Day Nurse
HN_5 Mon Night HeadNurse
HN_5 Tue Night HeadNurse
HN_5 Wed Night HeadNurse
HN_6 Sat Early Nurse
HN_6 Sun Early Nurse
HN_7 Mon Day HeadNurse
HN_7 Tue Day HeadNurse
HN_8 Mon Early HeadNurse
HN_8 Tue Early HeadNurse
HN_9 Mon Late Nurse
HN_9 Tue Late Nurse
HN_10 Mon Night Nurse
HN_10 Tue Night Nurse
HN_10 Wed Night HeadNurse
HN_10 Thu Night Nurse
HN_10 Fri Night HeadNurse
HN_11 Fri Day HeadNurse
HN_11 Sat Day Nurse
HN_11 Sun Day Nurse
HN_12 Fri Late HeadNurse
HN_12 Sat Late HeadNurse
HN_12 Sun Late HeadNurse
HN_13 Thu Day HeadNurse
HN_13 Fri Day HeadNurse
HN_13 Sat Late Nurse
HN_13 Sun Late Nurse
HN_14 Wed Early HeadNurse
HN_14 Thu Early Nurse
HN_15 Sat Early Nurse
HN_15 Sun Early Nurse
HN_16 Thu Night Nurse
HN_16 Fri Night Nurse
HN_16 Sat Night Nurse
HN_16 Sun Night Nurse
HN_17 Mon Early Nurse
HN_17 Tue Early Nurse
HN_17 Wed Day HeadNurse
HN_17 Thu Day HeadNurse
HN_18 Thu Early Nurse
HN_18 Fri Early HeadNurse
HN_19 Wed Day Nurse
HN_19 Thu Day Nurse
HN_19 Fri Day Nurse
NU_20 Sat Day Caretaker
NU_20 Sun Day Caretaker
NU_21 Mon Early Nurse
NU_21 Tue Early Nurse
NU_21 Wed Late Nurse
NU_21 Thu Late Nurse
NU_21 Fri Late Nurse
NU_22 Mon Day Nurse
NU_22 Tue Day Nurse
NU_22 Wed Early Nurse
NU_22 Thu Early Nurse
NU_23 Mon Early Caretaker
NU_24 Thu Early Caretaker
NU_24 Fri Early Nurse
NU_25 Mon Day Nurse
NU_25 Tue Early Caretaker
NU_25 Wed Early Nurse
NU_25 Sat Late Caretaker
NU_25 Sun Late Caretaker
NU_26 Mon Early Caretaker
NU_26 Tue Early Caretaker
NU_26 Wed Late Nurse
NU_26 Thu Late Nurse
NU_27 Mon Early Caretaker
NU_27 Tue Early Caretaker
NU_27 Wed Late Caretaker
NU_27 Thu Late Nurse
NU_27 Fri Late Nurse
NU_28 Wed Day Nurse
NU_28 Thu Day Nurse
NU_28 Fri Day Nurse
NU_29 Mon Night Nurse
NU_29 Tue Night Nurse
NU_29 Wed Night Nurse
NU_29 Thu Night Nurse
NU_29 Fri Night Nurse
NU_30 Thu Day Nurse
NU_30 Fri Day Nurse
NU_30 Sat Late Caretaker
NU_30 Sun Late Caretaker
NU_31 Mon Late Nurse
NU_31 Tue Late Caretaker
NU_32 Thu Early Caretaker
NU_32 Fri Early Caretaker
NU_33 Mon Night Caretaker
NU_33 Tue Night Caretaker
NU_33 Wed Night Nurse
NU_33 Sat Day Caretaker
NU_33 Sun Day Caretaker
NU_34 Wed Day Nurse
NU_34 Thu Day Caretaker
NU_34 Fri Day Caretaker
NU_35 Mon Late Nurse
NU_35 Tue Late Caretaker
NU_36 Wed Late Caretaker
NU_36 Thu Late Caretaker
NU_37 Mon Day Nurse
NU_37 Tue Day Nurse
NU_37 Fri Early Caretaker
NU_37 Sat Early Caretaker
NU_37 Sun Day Caretaker
NU_38 Mon Night Caretaker
NU_39 Wed Night Nurse
NU_39 Thu Night Caretaker
NU_39 Fri Night Nurse
NU_39 Sat Night Caretaker
NU_39 Sun Night Caretaker
CT_40 Fri Night Caretaker
CT_40 Sat Night Caretaker
CT_40 Sun Night Caretaker
CT_41 Mon Late Caretaker
CT_41 Tue Late Caretaker
CT_41 Wed Late Caretaker
CT_42 Tue Night Caretaker
CT_42 Wed Night Caretaker
CT_42 Thu Night Caretaker
CT_42 Fri Night Caretaker
CT_43 Tue Night Caretaker
CT_43 Wed Night Caretaker
CT_43 Thu Night Caretaker
CT_43 Fri Night Caretaker
CT_44 Mon Early Caretaker
CT_44 Tue Early Caretaker
CT_44 Wed Early Caretaker
CT_44 Thu Early Caretaker
CT_45 Mon Late Caretaker
CT_45 Tue Late Caretaker
CT_45 Wed Late Caretaker
CT_45 Thu Late Caretaker
CT_45 Fri Late Caretaker
CT_46 Mon Early Caretaker
CT_46 Tue Early Caretaker
CT_46 Wed Day Caretaker
CT_46 Thu Day Caretaker
CT_47 Wed Early Caretaker
CT_47 Thu Early Caretaker
CT_47 Fri Early Caretaker
CT_48 Mon Night Caretaker
CT_48 Tue Night Caretaker
CT_48 Wed Night Caretaker
CT_49 Mon Late Caretaker
CT_49 Tue Late Caretaker
CT_49 Wed Late Caretaker
CT_49 Thu Late Caretaker
CT_49 Fri Late Caretaker
CT_50 Mon Night Caretaker
CT_50 Tue Night Caretaker
CT_50 Wed Night Caretaker
CT_50 Thu Night Caretaker
CT_50 Fri Night Caretaker
CT_51 Tue Early Caretaker
CT_51 Wed Early Caretaker
CT_51 Thu Late Caretaker
CT_51 Fri Late Caretaker
CT_52 Mon Day Caretaker
CT_52 Tue Day Caretaker
CT_52 Wed Day Caretaker
CT_52 Thu Late Caretaker
CT_52 Fri Late Caretaker
CT_53 Mon Day Caretaker
CT_53 Tue Day Caretaker
CT_53 Wed Early Caretaker
CT_53 Thu Early Caretaker
CT_54 Mon Early Caretaker
CT_54 Tue Early Caretaker
CT_54 Wed Early Caretaker
CT_54 Thu Late Caretaker
CT_54 Fri Late Caretaker
CT_55 Wed Early Caretaker
CT_55 Thu Early Caretaker
CT_55 Fri Early Caretaker
CT_56 Mon Night Caretaker
CT_56 Tue Night Caretaker
CT_56 Wed Night Caretaker
CT_56 Sat Early Caretaker
CT_56 Sun Early Caretaker
CT_57 Fri Night Caretaker
CT_57 Sat Night Caretaker
CT_57 Sun Night Caretaker
CT_58 Thu Early Caretaker
CT_58 Fri Early Caretaker
CT_59 Mon Late Caretaker
CT_59 Tue Late Caretaker
CT_59 Sat Late Caretaker
CT_59 Sun Late Caretaker
CT_60 Mon Late Caretaker
CT_60 Tue Late Caretaker
CT_60 Wed Late Caretaker
CT_60 Thu Late Caretaker
CT_60 Fri Late Caretaker
CT_61 Mon Day Caretaker
CT_61 Tue Day Caretaker
CT_61 Wed Day Caretaker
CT_61 Thu Day Caretaker
CT_62 Mon Night Caretaker
CT_62 Tue Night Caretaker
CT_62 Wed Night Caretaker
CT_62 Thu Night Caretaker
CT_63 Mon Day Caretaker
CT_64 Mon Day Caretaker
CT_64 Tue Day Caretaker
CT_65 Sat Late Caretaker
CT_65 Sun Late Caretaker
CT_66 Mon Night Caretaker
CT_66 Tue Night Caretaker
CT_66 Wed Night Caretaker
CT_66 Thu Night Caretaker
CT_66 Fri Night Caretaker
CT_67 Mon Day Caretaker
CT_67 Thu Early Caretaker
CT_67 Fri Early Caretaker
CT_67 Sat Early Caretaker
CT_67 Sun Early Caretaker
CT_68 Mon Day Caretaker
CT_68 Tue Day Caretaker
CT_68 Wed Day Caretaker
CT_68 Thu Day Caretaker
CT_68 Fri Day Caretaker
CT_70 Mon Late Caretaker
CT_70 Thu Day Caretaker
CT_70 Fri Day Caretaker
CT_70 Sat Day Caretaker
CT_70 Sun Early Caretaker
CT_71 Thu Day Caretaker
CT_71 Fri Day Caretaker
CT_72 Mon Late Caretaker
CT_72 Sat Day Caretaker
CT_72 Sun Day Caretaker
CT_73 Tue Night Caretaker
CT_73 Wed Night Caretaker
CT_73 Thu Night Caretaker
CT_73 Fri Night Caretaker
CT_74 Mon Early Caretaker
CT_74 Tue Early Caretaker
CT_74 Wed Day Caretaker
CT_74 Thu Day Caretaker
CT_74 Fri Day Caretaker
CT_75 Sat Night Caretaker
CT_75 Sun Night Caretaker
CT_76 Sat Early Caretaker
CT_76 Sun Early Caretaker
CT_77 Wed Day Caretaker
CT_77 Thu Day Caretaker
CT_77 Fri Day Caretaker
CT_78 Mon Day Caretaker
CT_78 Tue Day Caretaker
CT_78 Wed Late Caretaker
CT_78 Thu Late Caretaker
CT_78 Fri Late Caretaker
CT_79 Wed Day Caretaker
CT_79 Thu Day Caretaker
CT_79 Fri Day Caretaker
TR_80 Thu Day Trainee
TR_80 Fri Day Trainee
TR_82 Mon Day Trainee
TR_82 Tue Day Trainee
TR_83 Mon Late Trainee
TR_83 Tue Late Trainee
TR_84 Mon Late Trainee
TR_84 Tue Late Trainee
TR_84 Wed Late Trainee
TR_84 Sat Day Trainee
TR_84 Sun Day Trainee
TR_85 Mon Late Trainee
TR_85 Tue Late Trainee
TR_86 Sat Early Trainee
TR_86 Sun Early Trainee
TR_87 Tue Late Trainee
TR_87 Wed Late Trainee
TR_87 Thu Late Trainee
TR_87 Fri Late Trainee
TR_88 Tue Late Trainee
TR_88 Wed Late Trainee
TR_89 Thu Late Trainee
TR_89 Fri Late Trainee
TR_90 Wed Day Trainee
TR_90 Thu Day Trainee
TR_90 Fri Day Trainee
TR_91 Mon Night Trainee
TR_91 Tue Night Trainee
TR_91 Wed Night Trainee
TR_91 Thu Night Trainee
TR_92 Mon Day Trainee
TR_92 Tue Day Trainee
TR_92 Wed Early Trainee
TR_92 Thu Early Trainee
TR_92 Fri Early Trainee
TR_93 Mon Night Trainee
TR_93 Tue Night Trainee
TR_93 Fri Day Trainee
TR_93 Sat Day Trainee
TR_93 Sun Day Trainee
TR_94 Fri Late Trainee
TR_94 Sat Late Trainee
TR_94 Sun Late Trainee
TR_95 Tue Day Trainee
TR_95 Wed Day Trainee
TR_96 Mon Night Trainee
TR_96 Tue Night Trainee
TR_96 Wed Night Trainee
TR_96 Thu Night Trainee
TR_96 Fri Night Trainee
TR_97 Mon Day Trainee
TR_97 Tue Day Trainee
TR_97 Wed Day Trainee
TR_97 Thu Day Trainee
TR_98 Mon Early Trainee
TR_98 Tue Early Trainee
TR_98 Wed Early Trainee
TR_98 Thu Late Trainee
TR_98 Fri Late Trainee
TR_99 Mon Night Trainee
TR_99 Tue Night Trainee
TR_99 Wed Night Trainee
TR_99 Thu Night Trainee
TR_99 Fri Night Trainee
TR_100 Mon Early Trainee
TR_100 Thu Night Trainee
TR_100 Fri Night Trainee
TR_100 Sat Night Trainee
TR_100 Sun Night Trainee
TR_101 Mon Early Trainee
TR_101 Sat Night Trainee
TR_101 Sun Night Trainee
TR_102 Mon Early Trainee
TR_102 Tue Early Trainee
TR_103 Thu Early Trainee
TR_103 Fri Early Trainee
TR_104 Mon Day Trainee
TR_104 Tue Day Trainee
TR_104 Wed Early Trainee
TR_104 Thu Early Trainee
TR_105 Wed Day Trainee
TR_105 Thu Day Trainee
TR_106 Thu Early Trainee
TR_106 Fri Early Trainee
TR_107 Fri Day Trainee
TR_107 Sat Day Trainee
TR_107 Sun Late Trainee
TR_108 Mon Early Trainee
TR_108 Tue Early Trainee
TR_108 Wed Early Trainee
TR_108 Thu Early Trainee
TR_109 Mon Night Trainee
TR_109 Tue Night Trainee
TR_109 Wed Night Trainee
TR_109 Thu Night Trainee
