SOLUTION
7 n110w8

ASSIGNMENTS = 363
HN_0 Mon Late HeadNurse
HN_0 Tue Late HeadNurse
HN_0 Wed Late HeadNurse
HN_0 Sat Day HeadNurse
HN_0 Sun Day HeadNurse
HN_1 Mon Late HeadNurse
HN_1 Thu Night HeadNurse
HN_1 Fri Night HeadNurse
HN_1 Sat Night HeadNurse
HN_1 Sun Night HeadNurse
HN_2 Tue Night HeadNurse
HN_2 Wed Night HeadNurse
HN_2 Thu Night HeadNurse
HN_2 Fri Night HeadNurse
HN_3 Mon Early HeadNurse
HN_3 Thu Early HeadNurse
HN_3 Fri Early HeadNurse
HN_3 Sat Late HeadNurse
HN_3 Sun Late HeadNurse
HN_4 Wed Early HeadNurse
HN_4 Thu Early HeadNurse
HN_4 Fri Early Nurse
HN_4 Sat Early HeadNurse
HN_4 Sun Early Nurse
HN_5 Wed Day HeadNurse
HN_5 Thu Day Nurse
HN_5 Fri Day HeadNurse
HN_6 Mon Day Nurse
HN_6 Tue Day HeadNurse
HN_7 Mon Early Nurse
HN_7 Tue Early HeadNurse
HN_8 Wed Day HeadNurse
HN_8 Thu Day Nurse
HN_8 Fri Day HeadNurse
HN_9 Tue Day HeadNurse
HN_9 Wed Day Nurse
HN_10 Mon Night HeadNurse
HN_10 Tue Night HeadNurse
HN_10 Wed Night Nurse
HN_10 Thu Night Nurse
HN_10 Fri Night Nurse
HN_11 Mon Night HeadNurse
HN_11 Tue Night Nurse
HN_11 Wed Night Nurse
HN_11 Thu Night Nurse
HN_11 Fri Night Nurse
HN_12 Mon Night Nurse
HN_12 Sat Night Nurse
HN_12 Sun Night Nurse
HN_13 Wed Late HeadNurse
HN_13 Thu Late HeadNurse
HN_13 Fri Late Nurse
HN_14 Mon Day Nurse
HN_14 Tue Day Nurse
HN_15 Mon Early Nurse
HN_15 Tue Early Nurse
HN_16 Mon Night Nurse
HN_16 Fri Day Nurse
HN_16 Sat Day Nurse
HN_16 Sun Day Nurse
HN_17 Mon Late Nurse
HN_18 Thu Early Nurse
HN_18 Fri Early Nurse
HN_19 Tue Early Nurse
HN_19 Wed Early HeadNurse
HN_19 Thu Early Nurse
HN_19 Fri Early Nurse
NU_20 Mon Day Nurse
NU_20 Tue Day Nurse
NU_21 Mon Night Nurse
NU_21 Tue Night Nurse
NU_21 Wed Night Nurse
NU_21 Thu Night Nurse
NU_21 Fri Night Caretaker
NU_22 Wed Late Nurse
NU_22 Thu Late Nurse
NU_22 Fri Late Nurse
NU_23 Sat Night Nurse
NU_23 Sun Night Nurse
NU_25 Mon Late Nurse
NU_25 Tue Late Nurse
NU_25 Fri Late Caretaker
NU_25 Sat Late Nurse
NU_25 Sun Late Nurse
NU_26 Mon Night Caretaker
NU_27 Mon Early Caretaker
NU_27 Tue Early Caretaker
NU_27 Wed Early Nurse
NU_27 Thu Early Nurse
NU_27 Fri Early Nurse
NU_28 Thu Night Caretaker
NU_28 Fri Night Caretaker
NU_28 Sat Night Caretaker
NU_28 Sun Night Nurse
NU_29 Mon Day Caretaker
NU_29 Tue Day Nurse
NU_29 Wed Late Nurse
NU_29 Thu Late Caretaker
NU_29 Fri Late Caretaker
NU_30 Mon Day Caretaker
NU_30 Tue Day Caretaker
NU_30 Sat Day Caretaker
NU_30 Sun Day Nurse
NU_31 Tue Early Caretaker
NU_31 Wed Early Caretaker
NU_33 Mon Early Caretaker
NU_33 Tue Day Caretaker
NU_33 Wed Day Nurse
NU_33 Sat Late Nurse
NU_33 Sun Late Nurse
NU_34 Thu Day Nurse
NU_34 Fri Day Nurse
NU_34 Sat Early Nurse
NU_34 Sun Early Nurse
NU_35 Mon Early Caretaker
NU_35 Tue Early Caretaker
NU_36 Thu Day Caretaker
NU_36 Fri Day Nurse
NU_37 Mon Late Nurse
NU_37 Thu Late Caretaker
NU_37 Fri Late Caretaker
NU_37 Sat Late Caretaker
NU_37 Sun Night Caretaker
NU_38 Fri Late Caretaker
NU_38 Sat Late Caretaker
NU_38 Sun Late Caretaker
NU_39 Mon Late Caretaker
NU_39 Tue Late Caretaker
NU_39 Wed Late Caretaker
NU_39 Thu Late Caretaker
NU_39 Fri Late Caretaker
CT_40 Tue Night Caretaker
CT_40 Wed Night Caretaker
CT_40 Thu Night Caretaker
CT_40 Fri Night Caretaker
CT_42 Mon Early Caretaker
CT_42 Tue Early Caretaker
CT_42 Wed Early Caretaker
CT_43 Mon Late Caretaker
CT_43 Tue Late Caretaker
CT_44 Mon Day Caretaker
CT_44 Tue Day Caretaker
CT_44 Wed Early Caretaker
CT_44 Thu Early Caretaker
CT_44 Fri Early Caretaker
CT_45 Mon Late Caretaker
CT_45 Thu Early Caretaker
CT_45 Fri Early Caretaker
CT_45 Sat Night Caretaker
CT_45 Sun Night Caretaker
CT_46 Mon Night Caretaker
CT_47 Mon Late Caretaker
CT_47 Tue Late Caretaker
CT_47 Wed Late Caretaker
CT_47 Thu Late Caretaker
CT_47 Fri Late Caretaker
CT_49 Thu Early Caretaker
CT_49 Fri Early Caretaker
CT_49 Sat Late Caretaker
CT_49 Sun Late Caretaker
CT_50 Mon Early Caretaker
CT_50 Tue Early Caretaker
CT_50 Wed Day Caretaker
CT_50 Thu Day Caretaker
CT_50 Fri Day Caretaker
CT_51 Mon Night Caretaker
CT_51 Tue Night Caretaker
CT_51 Wed Night Caretaker
CT_51 Thu Night Caretaker
CT_51 Fri Night Caretaker
CT_52 Mon Day Caretaker
CT_52 Tue Day Caretaker
CT_52 Wed Late Caretaker
CT_52 Thu Late Caretaker
CT_52 Fri Late Caretaker
CT_53 Wed Early Caretaker
CT_53 Thu Early Caretaker
CT_53 Fri Early Caretaker
CT_53 Sat Day Caretaker
CT_53 Sun Day Caretaker
CT_54 Mon Late Caretaker
CT_54 Tue Late Caretaker
CT_54 Wed Late Caretaker
CT_54 Sat Early Caretaker
CT_54 Sun Early Caretaker
CT_55 Tue Night Caretaker
CT_55 Wed Night Caretaker
CT_55 Thu Night Caretaker
CT_55 Fri Night Caretaker
CT_56 Mon Late Caretaker
CT_56 Thu Early Caretaker
CT_56 Fri Early Caretaker
CT_56 Sat Late Caretaker
CT_56 Sun Late Caretaker
CT_57 Tue Night Caretaker
CT_57 Wed Night Caretaker
CT_57 Thu Night Caretaker
CT_57 Fri Night Caretaker
CT_58 Tue Late Caretaker
CT_58 Wed Late Caretaker
CT_59 Mon Night Caretaker
CT_59 Tue Night Caretaker
CT_59 Wed Night Caretaker
CT_59 Thu Night Caretaker
CT_60 Mon Day Caretaker
CT_60 Tue Day Caretaker
CT_60 Wed Day Caretaker
CT_60 Sat Night Caretaker
CT_60 Sun Night Caretaker
CT_61 Tue Day Caretaker
CT_61 Wed Day Caretaker
CT_61 Thu Day Caretaker
CT_61 Fri Day Caretaker
CT_62 Mon Night Caretaker
CT_63 Sat Early Caretaker
CT_63 Sun Early Caretaker
CT_64 Mon Night Caretaker
CT_64 Tue Night Caretaker
CT_64 Wed Night Caretaker
CT_64 Thu Night Caretaker
CT_64 Fri Night Caretaker
CT_65 Mon Late Caretaker
CT_65 Tue Late Caretaker
CT_66 Mon Night Caretaker
CT_66 Tue Night Caretaker
CT_66 Wed Night Caretaker
CT_66 Thu Night Caretaker
CT_66 Fri Night Caretaker
CT_67 Wed Late Caretaker
CT_67 Thu Late Caretaker
CT_67 Fri Late Caretaker
CT_68 Mon Late Caretaker
CT_68 Tue Late Caretaker
CT_68 Wed Late Caretaker
CT_68 Sat Early Caretaker
CT_68 Sun Early Caretaker
CT_69 Fri Day Caretaker
CT_69 Sat Day Caretaker
CT_69 Sun Day Caretaker
CT_70 Mon Day Caretaker
CT_70 Thu Early Caretaker
CT_70 Fri Early Caretaker
CT_70 Sat Night Caretaker
CT_70 Sun Night Caretaker
CT_72 Mon Early Caretaker
CT_72 Tue Early Caretaker
CT_72 Wed Late Caretaker
CT_72 Thu Late Caretaker
CT_72 Fri Late Caretaker
CT_73 Tue Early Caretaker
CT_73 Wed Early Caretaker
CT_73 Thu Day Caretaker
CT_73 Fri Day Caretaker
CT_74 Mon Day Caretaker
CT_74 Thu Day Caretaker
CT_74 Fri Day Caretaker
CT_74 Sat Early Caretaker
CT_74 Sun Early Caretaker
CT_75 Tue Day Caretaker
CT_75 Wed Day Caretaker
CT_75 Thu Early Caretaker
CT_75 Fri Early Caretaker
CT_76 Mon Early Caretaker
CT_76 Tue Early Caretaker
CT_77 Wed Day Caretaker
CT_77 Thu Day Caretaker
CT_77 Fri Day Caretaker
CT_78 Mon Day Caretaker
CT_78 Tue Day Caretaker
CT_78 Wed Day Caretaker
CT_78 Thu Day Caretaker
CT_78 Fri Day Caretaker
CT_79 Wed Early Caretaker
CT_79 Thu Early Caretaker
CT_79 Fri Early Caretaker
TR_81 Mon Day Trainee
TR_81 Tue Day Trainee
TR_82 Mon Early Trainee
TR_82 Tue Early Trainee
TR_84 Wed Early Trainee
TR_84 Thu Early Trainee
TR_84 Fri Early Trainee
TR_84 Sat Early Trainee
TR_84 Sun Day Trainee
TR_85 Thu Day Trainee
TR_85 Fri Day Trainee
TR_86 Mon Late Trainee
TR_86 Tue Late Trainee
TR_86 Wed Late Trainee
TR_86 Sat Day Trainee
TR_86 Sun Day Trainee
TR_87 Mon Night Trainee
TR_87 Tue Night Trainee
TR_87 Fri Early Trainee
TR_87 Sat Early Trainee
TR_87 Sun Late Trainee
TR_88 Wed Early Trainee
TR_88 Thu Early Trainee
TR_89 Thu Late Trainee
TR_89 Fri Late Trainee
TR_90 Mon Early Trainee
TR_90 Tue Early Trainee
TR_90 Wed Late Trainee
TR_90 Thu Late Trainee
TR_90 Fri Late Trainee
TR_91 Mon Early Trainee
TR_92 Mon Late Trainee
TR_92 Tue Late Trainee
TR_92 Wed Late Trainee
TR_92 Thu Late Trainee
TR_92 Fri Late Trainee
TR_93 Mon Night Trainee
TR_93 Tue Night Trainee
TR_93 Fri Night Trainee
TR_93 Sat Night Trainee
TR_93 Sun Night Trainee
TR_94 Tue Night Trainee
TR_94 Wed Night Trainee
TR_94 Thu Night Trainee
TR_94 Fri Night Trainee
TR_95 Tue Day Trainee
TR_95 Wed Day Trainee
TR_96 Mon Late Trainee
TR_96 Tue Late Trainee
TR_96 Wed Late Trainee
TR_96 Thu Late Trainee
TR_96 Fri Late Trainee
TR_97 Mon Day Trainee
TR_97 Tue Day Trainee
TR_97 Wed Day Trainee
TR_98 Mon Night Trainee
TR_98 Tue Night Trainee
TR_98 Wed Night Trainee
TR_98 Thu Night Trainee
TR_98 Fri Night Trainee
TR_99 Mon Early Trainee
TR_99 Tue Early Trainee
TR_99 Wed Early Trainee
TR_99 Thu Day Trainee
TR_99 Fri Day Trainee
TR_100 Mon Day Trainee
TR_100 Fri Late Trainee
TR_100 Sat Late Trainee
TR_100 Sun Late Trainee
TR_101 Tue Day Trainee
TR_101 Wed Day Trainee
TR_101 Thu Day Trainee
TR_101 Fri Day Trainee
TR_102 Mon Day Trainee
TR_102 Tue Day Trainee
TR_104 Mon Late Trainee
TR_105 Thu Early Trainee
TR_105 Fri Early Trainee
TR_107 Tue Night Trainee
TR_107 Wed Night Trainee
TR_107 Thu Night Trainee
TR_107 Fri Night Trainee
TR_108 Mon Late Trainee
TR_108 Tue Late Trainee
TR_109 Thu Day Trainee
TR_109 Fri Day Trainee
TR_109 Sat Day Trainee
TR_109 Sun Early Trainee
