SOLUTION
3 n100w4

ASSIGNMENTS = 322
HN_1 Fri Early HeadNurse
HN_1 Sat Early HeadNurse
HN_1 Sun Late HeadNurse
HN_2 Wed Late HeadNurse
HN_2 Thu Late HeadNurse
HN_2 Fri Late HeadNurse
HN_2 Sat Night HeadNurse
HN_2 Sun Night HeadNurse
HN_3 Tue Early HeadNurse
HN_3 Wed Early Nurse
HN_3 Thu Early HeadNurse
HN_4 Mon Day HeadNurse
HN_4 Tue Day HeadNurse
HN_4 Wed Day HeadNurse
HN_4 Thu Day HeadNurse
HN_4 Fri Day HeadNurse
HN_5 Wed Day HeadNurse
HN_5 Thu Day Nurse
HN_5 Fri Day Nurse
HN_6 Fri Day Nurse
HN_6 Sat Day HeadNurse
HN_6 Sun Early Nurse
HN_8 Mon Night HeadNurse
HN_9 Mon Night HeadNurse
HN_9 Tue Night HeadNurse
HN_9 Wed Night HeadNurse
HN_9 Thu Night Nurse
HN_9 Fri Night HeadNurse
HN_10 Mon Early Nurse
HN_10 Tue Early Nurse
HN_11 Mon Day Nurse
HN_11 Tue Day Nurse
HN_11 Wed Day Nurse
HN_11 Thu Late Nurse
HN_11 Fri Late HeadNurse
HN_12 Mon Early Nurse
HN_12 Tue Early Nurse
HN_13 Mon Late Nurse
HN_13 Tue Late HeadNurse
HN_13 Wed Late Nurse
HN_14 Mon Night Nurse
HN_14 Tue Night HeadNurse
HN_14 Wed Night Nurse
HN_14 Thu Night Nurse
HN_14 Fri Night Nurse
HN_15 Mon Early Nurse
HN_15 Thu Early Nurse
HN_15 Fri Early Nurse
HN_15 Sat Early Nurse
HN_15 Sun Day Nurse
NU_16 Mon Early Caretaker
NU_16 Tue Early Nurse
NU_16 Wed Early Nurse
NU_16 Thu Early Nurse
NU_17 Tue Day Nurse
NU_17 Wed Day Nurse
NU_17 Thu Late Nurse
NU_17 Fri Late Nurse
NU_18 Mon Late Nurse
NU_18 Tue Late Nurse
NU_18 Fri Night Nurse
NU_18 Sat Night Nurse
NU_18 Sun Night Nurse
NU_19 Mon Late Caretaker
NU_19 Tue Late Nurse
NU_20 Mon Night Nurse
NU_20 Tue Night Nurse
NU_20 Wed Night Nurse
NU_20 Thu Night Caretaker
NU_20 Fri Night Nurse
NU_21 Mon Day Nurse
NU_21 Tue Day Nurse
NU_21 Fri Late Nurse
NU_21 Sat Late Nurse
NU_21 Sun Night Nurse
NU_22 Fri Early Nurse
NU_22 Sat Early Caretaker
NU_22 Sun Day Caretaker
NU_23 Mon Day Nurse
NU_23 Tue Day Caretaker
NU_24 Mon Day Caretaker
NU_24 Tue Day Caretaker
NU_25 Mon Night Nurse
NU_25 Tue Night Nurse
NU_25 Wed Night Nurse
NU_26 Wed Night Caretaker
NU_26 Thu Night Caretaker
NU_26 Fri Night Caretaker
NU_26 Sat Night Caretaker
NU_26 Sun Night Caretaker
NU_27 Wed Day Nurse
NU_27 Thu Day Nurse
NU_27 Fri Day Nurse
NU_28 Mon Late Caretaker
NU_28 Tue Late Caretaker
NU_28 Wed Late Caretaker
NU_29 Tue Day Caretaker
NU_29 Wed Day Caretaker
NU_30 Mon Night Caretaker
NU_30 Tue Night Nurse
NU_30 Wed Night Caretaker
NU_30 Thu Night Caretaker
NU_30 Fri Night Caretaker
NU_31 Mon Late Caretaker
NU_31 Tue Late Caretaker
NU_31 Wed Late Caretaker
NU_31 Sat Early Caretaker
NU_31 Sun Early Caretaker
NU_32 Wed Early Caretaker
NU_32 Thu Early Caretaker
NU_32 Fri Day Nurse
NU_32 Sat Day Nurse
NU_32 Sun Late Nurse
NU_33 Wed Early Caretaker
NU_33 Thu Early Caretaker
NU_33 Fri Late Nurse
NU_33 Sat Late Caretaker
NU_33 Sun Late Caretaker
NU_34 Mon Late Caretaker
CT_35 Mon Late Caretaker
CT_35 Thu Day Caretaker
CT_35 Fri Day Caretaker
CT_35 Sat Early Caretaker
CT_35 Sun Early Caretaker
CT_36 Mon Late Caretaker
CT_36 Tue Late Caretaker
CT_36 Wed Late Caretaker
CT_37 Mon Early Caretaker
CT_37 Thu Early Caretaker
CT_37 Fri Early Caretaker
CT_37 Sat Night Caretaker
CT_37 Sun Night Caretaker
CT_38 Mon Early Caretaker
CT_38 Tue Early Caretaker
CT_38 Wed Day Caretaker
CT_38 Thu Day Caretaker
CT_38 Fri Day Caretaker
CT_39 Mon Day Caretaker
CT_39 Fri Late Caretaker
CT_39 Sat Late Caretaker
CT_39 Sun Late Caretaker
CT_40 Mon Day Caretaker
CT_40 Tue Day Caretaker
CT_40 Wed Day Caretaker
CT_40 Thu Late Caretaker
CT_40 Fri Late Caretaker
CT_41 Mon Late Caretaker
CT_41 Tue Late Caretaker
CT_42 Mon Late Caretaker
CT_42 Tue Late Caretaker
CT_42 Wed Late Caretaker
CT_42 Sat Late Caretaker
CT_42 Sun Late Caretaker
CT_43 Mon Early Caretaker
CT_43 Tue Late Caretaker
CT_43 Wed Late Caretaker
CT_44 Mon Day Caretaker
CT_44 Thu Late Caretaker
CT_44 Fri Late Caretaker
CT_44 Sat Late Caretaker
CT_44 Sun Late Caretaker
CT_46 Mon Night Caretaker
CT_46 Tue Night Caretaker
CT_46 Wed Night Caretaker
CT_46 Thu Night Caretaker
CT_46 Fri Night Caretaker
CT_48 Mon Night Caretaker
CT_48 Tue Night Caretaker
CT_48 Wed Night Caretaker
CT_48 Thu Night Caretaker
CT_49 Sat Day Caretaker
CT_49 Sun Day Caretaker
CT_50 Mon Day Caretaker
CT_50 Tue Day Caretaker
CT_50 Wed Day Caretaker
CT_50 Sat Early Caretaker
CT_50 Sun Early Caretaker
CT_51 Tue Day Caretaker
CT_51 Wed Day Caretaker
CT_51 Thu Day Caretaker
CT_51 Fri Day Caretaker
CT_52 Mon Day Caretaker
CT_52 Tue Day Caretaker
CT_52 Wed Late Caretaker
CT_52 Thu Late Caretaker
CT_52 Fri Late Caretaker
CT_53 Thu Early Caretaker
CT_53 Fri Early Caretaker
CT_54 Tue Early Caretaker
CT_54 Wed Early Caretaker
CT_54 Thu Day Caretaker
CT_54 Fri Day Caretaker
CT_55 Fri Day Caretaker
CT_55 Sat Day Caretaker
CT_55 Sun Day Caretaker
CT_56 Tue Day Caretaker
CT_56 Wed Day Caretaker
CT_56 Thu Late Caretaker
CT_56 Fri Late Caretaker
CT_57 Mon Night Caretaker
CT_57 Tue Night Caretaker
CT_57 Wed Night Caretaker
CT_57 Thu Night Caretaker
CT_58 Fri Night Caretaker
CT_58 Sat Night Caretaker
CT_58 Sun Night Caretaker
CT_59 Thu Day Caretaker
CT_59 Fri Day Caretaker
CT_60 Mon Early Caretaker
CT_60 Tue Early Caretaker
CT_60 Wed Early Caretaker
CT_60 Thu Early Caretaker
CT_60 Fri Early Caretaker
CT_61 Mon Day Caretaker
CT_61 Tue Early Caretaker
CT_61 Wed Early Caretaker
CT_62 Mon Night Caretaker
CT_62 Tue Night Caretaker
CT_62 Wed Night Caretaker
CT_62 Thu Night Caretaker
CT_62 Fri Night Caretaker
CT_63 Tue Late Caretaker
CT_63 Wed Late Caretaker
CT_63 Thu Late Caretaker
CT_63 Fri Late Caretaker
CT_64 Tue Early Caretaker
CT_64 Wed Early Caretaker
CT_64 Thu Day Caretaker
CT_64 Fri Day Caretaker
CT_65 Mon Night Caretaker
CT_66 Wed Early Caretaker
CT_66 Thu Early Caretaker
CT_66 Fri Day Caretaker
CT_66 Sat Day Caretaker
CT_66 Sun Day Caretaker
CT_69 Mon Night Caretaker
CT_70 Tue Early Caretaker
CT_70 Wed Early Caretaker
CT_70 Thu Early Caretaker
CT_71 Mon Early Caretaker
CT_71 Tue Early Caretaker
CT_72 Tue Day Caretaker
CT_72 Wed Day Caretaker
CT_72 Thu Early Caretaker
CT_72 Fri Early Caretaker
CT_73 Tue Early Caretaker
CT_73 Wed Early Caretaker
CT_73 Thu Late Caretaker
CT_73 Fri Late Caretaker
CT_74 Mon Night Caretaker
CT_74 Tue Night Caretaker
CT_74 Wed Night Caretaker
CT_74 Thu Night Caretaker
CT_74 Fri Night Caretaker
TR_75 Wed Early Trainee
TR_75 Thu Early Trainee
TR_75 Fri Day Trainee
TR_75 Sat Day Trainee
TR_75 Sun Night Trainee
TR_76 Tue Early Trainee
TR_76 Wed Early Trainee
TR_76 Thu Early Trainee
TR_76 Fri Early Trainee
TR_77 Mon Day Trainee
TR_79 Mon Late Trainee
TR_79 Tue Late Trainee
TR_81 Mon Night Trainee
TR_82 Mon Day Trainee
TR_82 Tue Day Trainee
TR_82 Wed Day Trainee
TR_82 Thu Day Trainee
TR_83 Mon Day Trainee
TR_83 Thu Early Trainee
TR_83 Fri Early Trainee
TR_83 Sat Late Trainee
TR_83 Sun Late Trainee
TR_84 Wed Late Trainee
TR_84 Thu Late Trainee
TR_84 Fri Late Trainee
TR_85 Mon Late Trainee
TR_85 Tue Late Trainee
TR_85 Wed Late Trainee
TR_86 Mon Late Trainee
TR_86 Tue Late Trainee
TR_87 Mon Early Trainee
TR_87 Tue Early Trainee
TR_88 Mon Night Trainee
TR_88 Tue Night Trainee
TR_88 Wed Night Trainee
TR_88 Thu Night Trainee
TR_88 Fri Night Trainee
TR_90 Tue Day Trainee
TR_90 Wed Day Trainee
TR_90 Thu Early Trainee
TR_90 Fri Early Trainee
TR_91 Mon Night Trainee
TR_91 Tue Night Trainee
TR_91 Wed Night Trainee
TR_91 Thu Night Trainee
TR_92 Mon Early Trainee
TR_92 Tue Early Trainee
TR_92 Wed Early Trainee
TR_92 Thu Late Trainee
TR_92 Fri Late Trainee
TR_93 Fri Day Trainee
TR_93 Sat Day Trainee
TR_93 Sun Night Trainee
TR_94 Wed Late Trainee
TR_94 Thu Late Trainee
TR_96 Mon Night Trainee
TR_96 Tue Night Trainee
TR_96 Wed Night Trainee
TR_96 Thu Night Trainee
TR_96 Fri Night Trainee
TR_97 Fri Early Trainee
TR_97 Sat Early Trainee
TR_97 Sun Early Trainee
TR_98 Mon Day Trainee
TR_98 Tue Day Trainee
TR_99 Wed Day Trainee
TR_99 Thu Day Trainee
TR_99 Fri Day Trainee
