SOLUTION
3 n110w4

ASSIGNMENTS = 371
HN_0 Fri Early HeadNurse
HN_0 Sat Early HeadNurse
HN_0 Sun Late HeadNurse
HN_1 Fri Late HeadNurse
HN_1 Sat Late HeadNurse
HN_2 Fri Early Nurse
HN_2 Sat Early HeadNurse
HN_3 Mon Night HeadNurse
HN_3 Tue Night Nurse
HN_3 Wed Night HeadNurse
HN_3 Thu Night HeadNurse
HN_3 Fri Night HeadNurse
HN_4 Wed Day HeadNurse
HN_4 Thu Day HeadNurse
HN_4 Fri Day HeadNurse
HN_5 Mon Day HeadNurse
HN_5 Tue Day HeadNurse
HN_5 Wed Day Nurse
HN_6 Mon Day Nurse
HN_6 Tue Day HeadNurse
HN_6 Wed Day Nurse
HN_6 Thu Day Nurse
HN_7 Mon Late HeadNurse
HN_7 Sat Day HeadNurse
HN_7 Sun Day Nurse
HN_8 Mon Night Nurse
HN_8 Tue Night Nurse
HN_8 Wed Night Nurse
HN_9 Mon Early HeadNurse
HN_10 Tue Early HeadNurse
HN_10 Wed Early HeadNurse
HN_10 Thu Early HeadNurse
HN_10 Fri Early Nurse
HN_11 Wed Early HeadNurse
HN_11 Thu Early Nurse
HN_12 Wed Day Nurse
HN_12 Thu Day Nurse
HN_12 Fri Day Nurse
HN_13 Mon Early Nurse
HN_13 Tue Early Nurse
HN_13 Wed Early Nurse
HN_13 Thu Early Nurse
HN_14 Tue Late HeadNurse
HN_14 Wed Late HeadNurse
HN_14 Thu Late HeadNurse
HN_14 Fri Late Nurse
HN_15 Wed Early Nurse
HN_15 Thu Early Nurse
HN_15 Fri Day Nurse
HN_15 Sat Day HeadNurse
HN_15 Sun Late HeadNurse
HN_16 Mon Day Nurse
HN_16 Thu Night HeadNurse
HN_16 Fri Night HeadNurse
HN_16 Sat Night Nurse
HN_16 Sun Night HeadNurse
HN_17 Mon Late Nurse
HN_18 Mon Late Nurse
HN_18 Tue Late Nurse
HN_18 Wed Late HeadNurse
HN_18 Sat Late Nurse
HN_18 Sun Late Nurse
HN_19 Tue Night Nurse
HN_19 Wed Night Nurse
HN_19 Thu Night Nurse
HN_19 Fri Night Nurse
NU_20 Tue Day Nurse
NU_20 Wed Day Caretaker
NU_20 Thu Late Nurse
NU_20 Fri Late Nurse
NU_21 Mon Night Nurse
NU_21 Thu Day Nurse
NU_21 Fri Day Nurse
NU_21 Sat Early Nurse
NU_21 Sun Early Nurse
NU_22 Mon Early Nurse
NU_22 Tue Day Nurse
NU_22 Wed Day Caretaker
NU_22 Sat Early Nurse
NU_22 Sun Early Caretaker
NU_24 Thu Night Nurse
NU_24 Fri Night Nurse
NU_24 Sat Night Caretaker
NU_24 Sun Night Nurse
NU_25 Thu Day Nurse
NU_25 Fri Day Caretaker
NU_25 Sat Day Nurse
NU_25 Sun Late Caretaker
NU_26 Thu Day Caretaker
NU_26 Fri Day Caretaker
NU_27 Thu Late Nurse
NU_27 Fri Late Nurse
NU_28 Tue Night Caretaker
NU_28 Wed Night Nurse
NU_28 Thu Night Nurse
NU_28 Fri Night Nurse
NU_29 Mon Early Nurse
NU_29 Tue Early Nurse
NU_29 Wed Late Nurse
NU_29 Thu Late Nurse
NU_30 Mon Day Caretaker
NU_30 Tue Day Nurse
NU_30 Wed Day Caretaker
NU_31 Tue Day Caretaker
NU_31 Wed Day Caretaker
NU_31 Thu Day Caretaker
NU_32 Mon Early Nurse
NU_32 Tue Early Caretaker
NU_32 Wed Early Caretaker
NU_32 Thu Day Caretaker
NU_32 Fri Day Caretaker
NU_33 Mon Late Nurse
NU_33 Tue Late Nurse
NU_33 Wed Late Nurse
NU_33 Sat Day Caretaker
NU_33 Sun Day Caretaker
NU_34 Mon Late Nurse
NU_34 Tue Late Nurse
NU_35 Mon Late Caretaker
NU_35 Tue Late Caretaker
NU_35 Wed Late Nurse
NU_35 Thu Late Caretaker
NU_36 Mon Late Caretaker
NU_36 Tue Late Caretaker
NU_36 Wed Late Caretaker
NU_37 Thu Early Nurse
NU_37 Fri Early Nurse
NU_37 Sat Early Caretaker
NU_37 Sun Late Caretaker
NU_38 Mon Night Nurse
NU_38 Tue Night Caretaker
NU_38 Wed Night Caretaker
NU_38 Thu Night Caretaker
NU_38 Fri Night Nurse
NU_39 Mon Late Caretaker
NU_39 Sat Day Caretaker
NU_39 Sun Day Caretaker
CT_40 Thu Late Caretaker
CT_40 Fri Late Caretaker
CT_41 Sat Late Caretaker
CT_41 Sun Late Caretaker
CT_42 Mon Day Caretaker
CT_42 Tue Day Caretaker
CT_42 Wed Late Caretaker
CT_42 Thu Late Caretaker
CT_42 Fri Late Caretaker
CT_43 Mon Day Caretaker
CT_43 Tue Day Caretaker
CT_44 Mon Early Caretaker
CT_44 Tue Early Caretaker
CT_44 Wed Late Caretaker
CT_44 Thu Late Caretaker
CT_45 Wed Night Caretaker
CT_45 Thu Night Caretaker
CT_45 Fri Night Caretaker
CT_45 Sat Night Caretaker
CT_45 Sun Night Caretaker
CT_47 Mon Night Caretaker
CT_47 Tue Night Caretaker
CT_47 Wed Night Caretaker
CT_47 Thu Night Caretaker
CT_47 Fri Night Caretaker
CT_48 Wed Early Caretaker
CT_48 Thu Early Caretaker
CT_48 Fri Early Caretaker
CT_49 Mon Night Caretaker
CT_49 Tue Night Caretaker
CT_49 Fri Early Caretaker
CT_49 Sat Early Caretaker
CT_49 Sun Early Caretaker
CT_50 Tue Night Caretaker
CT_50 Wed Night Caretaker
CT_50 Thu Night Caretaker
CT_50 Fri Night Caretaker
CT_51 Mon Night Caretaker
CT_52 Mon Early Caretaker
CT_52 Tue Early Caretaker
CT_52 Wed Early Caretaker
CT_53 Wed Day Caretaker
CT_53 Thu Day Caretaker
CT_53 Fri Day Caretaker
CT_54 Mon Day Caretaker
CT_54 Tue Day Caretaker
CT_54 Wed Day Caretaker
CT_54 Thu Late Caretaker
CT_54 Fri Late Caretaker
CT_55 Thu Early Caretaker
CT_55 Fri Early Caretaker
CT_56 Wed Late Caretaker
CT_56 Thu Late Caretaker
CT_57 Mon Early Caretaker
CT_57 Tue Early Caretaker
CT_57 Wed Early Caretaker
CT_57 Thu Early Caretaker
CT_58 Mon Day Caretaker
CT_58 Tue Day Caretaker
CT_59 Mon Late Caretaker
CT_59 Tue Late Caretaker
CT_59 Wed Late Caretaker
CT_60 Fri Early Caretaker
CT_60 Sat Early Caretaker
CT_60 Sun Early Caretaker
CT_61 Thu Day Caretaker
CT_61 Fri Day Caretaker
CT_62 Mon Early Caretaker
CT_62 Thu Night Caretaker
CT_62 Fri Night Caretaker
CT_62 Sat Night Caretaker
CT_62 Sun Night Caretaker
CT_63 Mon Night Caretaker
CT_63 Sat Late Caretaker
CT_63 Sun Late Caretaker
CT_64 Mon Early Caretaker
CT_64 Tue Early Caretaker
CT_64 Wed Early Caretaker
CT_64 Thu Early Caretaker
CT_65 Mon Night Caretaker
CT_65 Tue Night Caretaker
CT_65 Wed Night Caretaker
CT_65 Thu Night Caretaker
CT_65 Fri Night Caretaker
CT_66 Tue Day Caretaker
CT_66 Wed Day Caretaker
CT_66 Thu Early Caretaker
CT_66 Fri Early Caretaker
CT_67 Mon Early Caretaker
CT_67 Tue Early Caretaker
CT_68 Mon Early Caretaker
CT_68 Tue Early Caretaker
CT_68 Wed Early Caretaker
CT_68 Thu Day Caretaker
CT_68 Fri Day Caretaker
CT_69 Tue Late Caretaker
CT_69 Wed Late Caretaker
CT_69 Thu Late Caretaker
CT_69 Fri Late Caretaker
CT_70 Fri Day Caretaker
CT_70 Sat Day Caretaker
CT_70 Sun Night Caretaker
CT_71 Mon Day Caretaker
CT_71 Tue Day Caretaker
CT_72 Fri Late Caretaker
CT_72 Sat Late Caretaker
CT_73 Mon Late Caretaker
CT_73 Tue Late Caretaker
CT_74 Thu Early Caretaker
CT_74 Fri Early Caretaker
CT_75 Mon Night Caretaker
CT_75 Fri Early Caretaker
CT_75 Sat Early Caretaker
CT_75 Sun Day Caretaker
CT_76 Mon Late Caretaker
CT_76 Tue Late Caretaker
CT_76 Wed Late Caretaker
CT_76 Thu Late Caretaker
CT_76 Fri Late Caretaker
CT_77 Mon Late Caretaker
CT_77 Thu Night Caretaker
CT_77 Fri Night Caretaker
CT_77 Sat Night Caretaker
CT_77 Sun Night Caretaker
CT_78 Mon Night Caretaker
CT_78 Tue Night Caretaker
CT_78 Wed Night Caretaker
CT_78 Thu Night Caretaker
CT_78 Fri Night Caretaker
TR_80 Mon Late Trainee
TR_80 Tue Late Trainee
TR_80 Wed Late Trainee
TR_80 Thu Late Trainee
TR_81 Mon Early Trainee
TR_82 Wed Early Trainee
TR_82 Thu Early Trainee
TR_82 Fri Early Trainee
TR_83 Tue Early Trainee
TR_83 Wed Early Trainee
TR_83 Thu Early Trainee
TR_83 Fri Early Trainee
TR_84 Mon Night Trainee
TR_84 Sat Early Trainee
TR_84 Sun Early Trainee
TR_85 Mon Early Trainee
TR_85 Tue Early Trainee
TR_86 Mon Day Trainee
TR_86 Tue Day Trainee
TR_86 Wed Day Trainee
TR_86 Thu Day Trainee
TR_87 Mon Day Trainee
TR_87 Tue Day Trainee
TR_87 Wed Day Trainee
TR_87 Thu Day Trainee
TR_88 Wed Night Trainee
TR_88 Thu Night Trainee
TR_88 Fri Night Trainee
TR_88 Sat Night Trainee
TR_88 Sun Night Trainee
TR_89 Mon Early Trainee
TR_89 Tue Early Trainee
TR_89 Wed Day Trainee
TR_89 Thu Day Trainee
TR_89 Fri Day Trainee
TR_90 Fri Day Trainee
TR_90 Sat Day Trainee
TR_90 Sun Early Trainee
TR_91 Mon Early Trainee
TR_91 Thu Early Trainee
TR_91 Fri Early Trainee
TR_91 Sat Early Trainee
TR_91 Sun Late Trainee
TR_92 Wed Early Trainee
TR_92 Thu Early Trainee
TR_93 Tue Late Trainee
TR_93 Wed Late Trainee
TR_93 Thu Late Trainee
TR_93 Fri Late Trainee
TR_95 Thu Late Trainee
TR_95 Fri Late Trainee
TR_96 Mon Late Trainee
TR_96 Sat Night Trainee
TR_96 Sun Night Trainee
TR_97 Mon Early Trainee
TR_97 Thu Early Trainee
TR_97 Fri Early Trainee
TR_97 Sat Day Trainee
TR_97 Sun Day Trainee
TR_98 Mon Night Trainee
TR_98 Tue Night Trainee
TR_98 Wed Night Trainee
TR_99 Tue Early Trainee
TR_99 Wed Early Trainee
TR_99 Thu Late Trainee
TR_99 Fri Late Trainee
TR_100 Mon Late Trainee
TR_100 Tue Late Trainee
TR_100 Wed Late Trainee
TR_100 Sat Late Trainee
TR_100 Sun Late Trainee
TR_101 Mon Night Trainee
TR_101 Tue Night Trainee
TR_101 Wed Night Trainee
TR_101 Thu Night Trainee
TR_101 Fri Night Trainee
TR_102 Mon Day Trainee
TR_102 Tue Day Trainee
TR_103 Tue Late Trainee
TR_103 Wed Late Trainee
TR_103 Thu Late Trainee
TR_104 Mon Night Trainee
TR_104 Tue Night Trainee
TR_104 Wed Night Trainee
TR_104 Thu Night Trainee
TR_104 Fri Night Trainee
TR_105 Mon Day Trainee
TR_105 Tue Day Trainee
TR_105 Wed Early Trainee
TR_105 Thu Early Trainee
TR_106 Mon Night Trainee
TR_106 Tue Night Trainee
TR_106 Wed Night Trainee
TR_106 Thu Night Trainee
TR_106 Fri Night Trainee
TR_107 Thu Day Trainee
TR_107 Fri Day Trainee
TR_107 Sat Day Trainee
TR_107 Sun Early Trainee
TR_108 Thu Day Trainee
TR_108 Fri Day Trainee
TR_109 Tue Late Trainee
TR_109 Wed Late Trainee
TR_109 Thu Late Trainee
TR_109 Fri Late Trainee
