SOLUTION
3 n070w4

ASSIGNMENTS = 279
HN_0 Mon Early Nurse
HN_0 Tue Early HeadNurse
HN_0 Wed Early Nurse
HN_0 Thu Early HeadNurse
HN_1 Mon Late Nurse
HN_1 Tue Late Nurse
HN_2 Mon Night HeadNurse
HN_2 Tue Night Nurse
HN_2 Wed Night HeadNurse
HN_2 Thu Night HeadNurse
HN_2 Fri Night HeadNurse
HN_3 Mon Night Nurse
HN_4 Mon Late Nurse
HN_4 Thu Late Nurse
HN_4 Fri Late Nurse
HN_4 Sat Late HeadNurse
HN_4 Sun Night HeadNurse
HN_5 Fri Day HeadNurse
HN_5 Sat Day Nurse
HN_5 Sun Early HeadNurse
HN_6 Thu Early Nurse
HN_6 Fri Early Nurse
HN_6 Sat Early HeadNurse
HN_6 Sun Late Nurse
HN_7 Mon Day HeadNurse
HN_7 Tue Day HeadNurse
HN_7 Wed Day HeadNurse
HN_7 Thu Day HeadNurse
HN_7 Fri Day Nurse
NU_8 Wed Late Nurse
NU_8 Thu Late Nurse
NU_8 Fri Late Nurse
NU_9 Mon Early Nurse
NU_9 Tue Early Nurse
NU_10 Mon Night Nurse
NU_10 Sat Late Nurse
NU_10 Sun Late Caretaker
NU_11 Mon Early Nurse
NU_11 Tue Early Nurse
NU_11 Fri Early Nurse
NU_11 Sat Early Nurse
NU_11 Sun Early Nurse
NU_12 Mon Day Nurse
NU_12 Tue Day Nurse
NU_12 Wed Early Nurse
NU_12 Thu Early Nurse
NU_13 Mon Night Nurse
NU_14 Mon Day Nurse
NU_14 Tue Day Nurse
NU_14 Wed Early Nurse
NU_14 Thu Early Nurse
NU_15 Wed Late Nurse
NU_15 Thu Late Nurse
NU_15 Fri Late Nurse
NU_16 Mon Early Nurse
NU_16 Tue Early Nurse
NU_16 Wed Early Caretaker
NU_16 Thu Day Nurse
NU_16 Fri Day Nurse
NU_17 Tue Night Nurse
NU_17 Wed Night Nurse
NU_17 Thu Night Nurse
NU_17 Fri Night Nurse
NU_18 Tue Day Nurse
NU_18 Wed Day Nurse
NU_18 Thu Early Caretaker
NU_18 Fri Early Nurse
NU_19 Thu Night Nurse
NU_19 Fri Night Nurse
NU_19 Sat Night Nurse
NU_19 Sun Night Nurse
NU_20 Mon Night Caretaker
NU_20 Tue Night Nurse
NU_20 Wed Night Nurse
NU_20 Thu Night Nurse
NU_20 Fri Night Nurse
NU_21 Mon Night Caretaker
NU_21 Tue Night Caretaker
NU_21 Wed Night Nurse
NU_21 Thu Night Nurse
NU_22 Mon Night Caretaker
NU_22 Tue Night Caretaker
NU_22 Wed Night Caretaker
NU_22 Thu Night Caretaker
NU_22 Fri Night Caretaker
NU_23 Mon Early Caretaker
NU_23 Tue Early Caretaker
NU_23 Wed Day Nurse
NU_23 Thu Day Nurse
NU_23 Fri Day Nurse
NU_24 Mon Late Nurse
NU_25 Mon Early Caretaker
NU_25 Tue Early Caretaker
NU_25 Wed Early Caretaker
NU_25 Thu Late Nurse
NU_25 Fri Late Caretaker
NU_26 Mon Late Nurse
NU_26 Tue Late Nurse
NU_26 Wed Late Nurse
NU_26 Thu Late Nurse
NU_26 Fri Late Caretaker
NU_27 Mon Late Caretaker
NU_27 Thu Day Nurse
NU_27 Fri Day Nurse
NU_27 Sat Day Nurse
NU_27 Sun Early Caretaker
NU_28 Mon Early Caretaker
NU_28 Tue Early Caretaker
NU_29 Wed Day Caretaker
NU_29 Thu Day Caretaker
NU_29 Fri Day Caretaker
NU_30 Mon Day Nurse
NU_30 Tue Day Nurse
NU_30 Wed Day Caretaker
NU_31 Mon Night Caretaker
NU_31 Tue Night Caretaker
NU_31 Wed Night Caretaker
NU_31 Thu Night Caretaker
NU_31 Fri Night Caretaker
NU_32 Mon Day Caretaker
NU_32 Tue Day Caretaker
NU_32 Wed Early Caretaker
NU_32 Thu Early Caretaker
NU_33 Mon Late Caretaker
NU_33 Tue Late Nurse
NU_33 Wed Late Caretaker
NU_33 Sat Day Caretaker
NU_33 Sun Day Nurse
NU_34 Tue Early Caretaker
NU_34 Wed Early Caretaker
NU_34 Thu Day Caretaker
NU_34 Fri Day Caretaker
NU_35 Wed Early Caretaker
NU_35 Thu Early Caretaker
NU_35 Fri Early Caretaker
NU_35 Sat Early Caretaker
NU_35 Sun Early Caretaker
NU_36 Fri Early Caretaker
NU_36 Sat Early Caretaker
NU_36 Sun Early Caretaker
NU_37 Mon Late Caretaker
NU_37 Tue Late Caretaker
NU_37 Wed Late Caretaker
NU_38 Tue Day Caretaker
NU_38 Wed Day Caretaker
NU_38 Thu Early Caretaker
NU_38 Fri Early Caretaker
NU_39 Wed Night Caretaker
NU_39 Thu Night Caretaker
NU_39 Fri Night Caretaker
NU_39 Sat Night Nurse
NU_39 Sun Night Nurse
CT_40 Mon Night Caretaker
CT_40 Thu Early Caretaker
CT_40 Fri Early Caretaker
CT_40 Sat Day Caretaker
CT_40 Sun Day Caretaker
CT_41 Thu Day Caretaker
CT_41 Fri Day Caretaker
CT_41 Sat Late Caretaker
CT_41 Sun Late Caretaker
CT_42 Mon Early Caretaker
CT_42 Tue Early Caretaker
CT_42 Wed Early Caretaker
CT_42 Thu Late Caretaker
CT_42 Fri Late Caretaker
CT_43 Mon Day Caretaker
CT_43 Tue Day Caretaker
CT_43 Wed Late Caretaker
CT_43 Thu Late Caretaker
CT_44 Mon Late Caretaker
CT_44 Tue Late Caretaker
CT_44 Wed Late Caretaker
CT_44 Thu Late Caretaker
CT_44 Fri Late Caretaker
CT_45 Mon Early Caretaker
CT_45 Tue Early Caretaker
CT_45 Wed Early Caretaker
CT_45 Thu Day Caretaker
CT_45 Fri Day Caretaker
CT_46 Mon Day Caretaker
CT_46 Tue Day Caretaker
CT_46 Wed Day Caretaker
CT_46 Thu Day Caretaker
CT_46 Fri Day Caretaker
CT_47 Mon Day Caretaker
CT_47 Tue Day Caretaker
CT_47 Wed Day Caretaker
CT_48 Mon Late Caretaker
CT_48 Tue Late Caretaker
CT_48 Wed Late Caretaker
CT_48 Thu Late Caretaker
CT_49 Mon Day Caretaker
CT_49 Tue Day Caretaker
CT_49 Wed Day Caretaker
CT_49 Thu Late Caretaker
CT_49 Fri Late Caretaker
CT_50 Tue Night Caretaker
CT_50 Wed Night Caretaker
CT_50 Thu Night Caretaker
CT_50 Fri Night Caretaker
CT_51 Thu Night Caretaker
CT_51 Fri Night Caretaker
CT_51 Sat Night Caretaker
CT_51 Sun Night Caretaker
CT_52 Wed Late Caretaker
CT_52 Thu Late Caretaker
CT_52 Fri Late Caretaker
CT_53 Mon Night Caretaker
CT_53 Tue Night Caretaker
CT_53 Wed Night Caretaker
CT_53 Thu Night Caretaker
CT_53 Fri Night Caretaker
CT_54 Mon Early Caretaker
CT_54 Thu Night Caretaker
CT_54 Fri Night Caretaker
CT_54 Sat Night Caretaker
CT_54 Sun Night Caretaker
CT_55 Mon Day Caretaker
CT_55 Tue Day Caretaker
CT_55 Wed Day Caretaker
CT_55 Thu Early Caretaker
CT_55 Fri Early Caretaker
CT_56 Mon Late Caretaker
CT_56 Tue Late Caretaker
CT_56 Fri Day Caretaker
CT_56 Sat Day Caretaker
CT_56 Sun Day Caretaker
CT_57 Mon Late Caretaker
CT_57 Tue Late Caretaker
CT_57 Wed Late Caretaker
CT_58 Thu Day Caretaker
CT_58 Fri Day Caretaker
CT_58 Sat Late Caretaker
CT_58 Sun Late Caretaker
CT_59 Mon Early Caretaker
CT_59 Tue Early Caretaker
CT_59 Wed Late Caretaker
CT_59 Thu Late Caretaker
TR_60 Mon Night Trainee
TR_60 Tue Night Trainee
TR_60 Wed Night Trainee
TR_60 Thu Night Trainee
TR_60 Fri Night Trainee
TR_61 Mon Early Trainee
TR_61 Tue Early Trainee
TR_61 Wed Late Trainee
TR_61 Thu Late Trainee
TR_62 Mon Late Trainee
TR_62 Tue Late Trainee
TR_62 Wed Late Trainee
TR_62 Sat Late Trainee
TR_62 Sun Late Trainee
TR_63 Thu Day Trainee
TR_63 Fri Day Trainee
TR_63 Sat Day Trainee
TR_63 Sun Early Trainee
TR_64 Wed Night Trainee
TR_64 Thu Night Trainee
TR_64 Fri Night Trainee
TR_65 Mon Late Trainee
TR_65 Tue Late Trainee
TR_65 Fri Early Trainee
TR_65 Sat Early Trainee
TR_65 Sun Late Trainee
TR_66 Mon Day Trainee
TR_66 Tue Day Trainee
TR_67 Wed Late Trainee
TR_67 Thu Late Trainee
TR_67 Fri Late Trainee
TR_67 Sat Late Trainee
TR_68 Tue Day Trainee
TR_68 Wed Day Trainee
TR_68 Thu Day Trainee
TR_69 Mon Early Trainee
TR_69 Tue Early Trainee
TR_69 Wed Early Trainee
TR_69 Thu Early Trainee
TR_69 Fri Early Trainee
