SOLUTION
4 n110w8

ASSIGNMENTS = 370
HN_0 Mon Early HeadNurse
HN_0 Tue Early HeadNurse
HN_0 Wed Late HeadNurse
HN_0 Thu Late HeadNurse
HN_0 Fri Late HeadNurse
HN_1 Mon Late HeadNurse
HN_1 Tue Late HeadNurse
HN_1 Wed Late HeadNurse
HN_1 Sat Late HeadNurse
HN_1 Sun Late HeadNurse
HN_2 Tue Night HeadNurse
HN_2 Wed Night HeadNurse
HN_2 Thu Night HeadNurse
HN_2 Fri Night HeadNurse
HN_3 Wed Early HeadNurse
HN_3 Thu Early HeadNurse
HN_3 Fri Early HeadNurse
HN_4 Mon Night HeadNurse
HN_4 Tue Night Nurse
HN_4 Wed Night HeadNurse
HN_4 Thu Night HeadNurse
HN_4 Fri Night HeadNurse
HN_5 Mon Night HeadNurse
HN_5 Tue Night Nurse
HN_8 Thu Early HeadNurse
HN_8 Fri Early Nurse
HN_9 Thu Day HeadNurse
HN_9 Fri Day HeadNurse
HN_10 Wed Day HeadNurse
HN_10 Thu Day Nurse
HN_10 Fri Day Nurse
HN_11 Wed Early Nurse
HN_11 Thu Early Nurse
HN_11 Fri Early Nurse
HN_12 Mon Early Nurse
HN_12 Tue Late HeadNurse
HN_12 Wed Late Nurse
HN_13 Mon Day HeadNurse
HN_13 Tue Day HeadNurse
HN_13 Wed Day HeadNurse
HN_14 Thu Early Nurse
HN_14 Fri Early Nurse
HN_15 Sat Early HeadNurse
HN_15 Sun Early HeadNurse
HN_16 Mon Night Nurse
HN_16 Sat Day HeadNurse
HN_16 Sun Day Nurse
HN_17 Fri Night Nurse
HN_17 Sat Night HeadNurse
HN_17 Sun Night HeadNurse
HN_18 Tue Early Nurse
HN_18 Wed Early Nurse
HN_19 Mon Day Nurse
HN_19 Tue Day HeadNurse
HN_19 Fri Late Nurse
HN_19 Sat Late Nurse
HN_19 Sun Late Nurse
NU_20 Thu Late Nurse
NU_20 Fri Late Nurse
NU_21 Mon Day Nurse
NU_21 Tue Day Nurse
NU_21 Wed Day Nurse
NU_21 Sat Early Nurse
NU_21 Sun Early Nurse
NU_22 Wed Night Nurse
NU_22 Thu Night Nurse
NU_22 Fri Night Nurse
NU_22 Sat Night Nurse
NU_22 Sun Night Nurse
NU_23 Tue Night Nurse
NU_23 Wed Night Nurse
NU_23 Thu Night Nurse
NU_23 Fri Night Nurse
NU_24 Sat Late Nurse
NU_24 Sun Late Caretaker
NU_25 Mon Early Nurse
NU_25 Tue Early Nurse
NU_25 Wed Day Nurse
NU_25 Thu Day Nurse
NU_25 Fri Day Nurse
NU_26 Mon Early Nurse
NU_27 Mon Night Caretaker
NU_27 Tue Night Caretaker
NU_27 Wed Night Caretaker
NU_27 Thu Night Caretaker
NU_27 Fri Night Caretaker
NU_28 Tue Day Nurse
NU_28 Wed Day Nurse
NU_28 Thu Late Nurse
NU_28 Fri Late Nurse
NU_29 Mon Early Caretaker
NU_29 Tue Early Caretaker
NU_29 Wed Early Nurse
NU_29 Thu Early Nurse
NU_29 Fri Early Caretaker
NU_30 Wed Late Nurse
NU_30 Thu Late Caretaker
NU_30 Fri Late Nurse
NU_31 Mon Late Nurse
NU_31 Tue Late Nurse
NU_32 Tue Late Nurse
NU_32 Wed Late Nurse
NU_33 Mon Day Nurse
NU_33 Tue Day Nurse
NU_33 Wed Early Nurse
NU_33 Thu Early Caretaker
NU_33 Fri Early Caretaker
NU_34 Wed Late Caretaker
NU_34 Thu Late Caretaker
NU_34 Fri Late Caretaker
NU_35 Mon Day Caretaker
NU_35 Tue Day Nurse
NU_36 Sat Early Nurse
NU_36 Sun Early Nurse
NU_37 Mon Late Nurse
NU_37 Tue Late Caretaker
NU_37 Wed Late Caretaker
NU_37 Thu Late Caretaker
NU_37 Fri Late Caretaker
NU_38 Fri Night Caretaker
NU_38 Sat Night Nurse
NU_38 Sun Night Caretaker
NU_39 Mon Night Caretaker
NU_39 Thu Day Caretaker
NU_39 Fri Day Nurse
NU_39 Sat Day Nurse
NU_39 Sun Day Nurse
CT_40 Mon Early Caretaker
CT_40 Tue Early Caretaker
CT_40 Wed Early Caretaker
CT_40 Thu Early Caretaker
CT_41 Mon Night Caretaker
CT_42 Mon Late Caretaker
CT_42 Tue Late Caretaker
CT_42 Wed Late Caretaker
CT_43 Fri Night Caretaker
CT_43 Sat Night Caretaker
CT_43 Sun Night Caretaker
CT_44 Mon Early Caretaker
CT_44 Fri Day Caretaker
CT_44 Sat Day Caretaker
CT_44 Sun Day Caretaker
CT_45 Mon Early Caretaker
CT_45 Tue Early Caretaker
CT_45 Wed Early Caretaker
CT_45 Sat Early Caretaker
CT_45 Sun Early Caretaker
CT_46 Fri Late Caretaker
CT_46 Sat Late Caretaker
CT_46 Sun Late Caretaker
CT_47 Wed Early Caretaker
CT_47 Thu Early Caretaker
CT_47 Fri Early Caretaker
CT_48 Fri Day Caretaker
CT_48 Sat Day Caretaker
CT_48 Sun Night Caretaker
CT_49 Mon Early Caretaker
CT_49 Tue Early Caretaker
CT_49 Wed Late Caretaker
CT_49 Thu Late Caretaker
CT_50 Mon Day Caretaker
CT_50 Tue Day Caretaker
CT_50 Wed Day Caretaker
CT_50 Sat Day Caretaker
CT_50 Sun Day Caretaker
CT_51 Wed Day Caretaker
CT_51 Thu Day Caretaker
CT_51 Fri Day Caretaker
CT_51 Sat Late Caretaker
CT_51 Sun Late Caretaker
CT_52 Wed Early Caretaker
CT_52 Thu Early Caretaker
CT_52 Fri Early Caretaker
CT_53 Tue Night Caretaker
CT_53 Wed Night Caretaker
CT_53 Thu Night Caretaker
CT_53 Fri Night Caretaker
CT_54 Mon Night Caretaker
CT_54 Tue Night Caretaker
CT_54 Wed Night Caretaker
CT_54 Thu Night Caretaker
CT_54 Fri Night Caretaker
CT_55 Mon Late Caretaker
CT_55 Fri Night Caretaker
CT_55 Sat Night Caretaker
CT_55 Sun Night Caretaker
CT_56 Mon Late Caretaker
CT_56 Tue Late Caretaker
CT_56 Wed Late Caretaker
CT_56 Sat Day Caretaker
CT_56 Sun Day Caretaker
CT_57 Mon Late Caretaker
CT_57 Tue Late Caretaker
CT_58 Wed Day Caretaker
CT_58 Thu Day Caretaker
CT_59 Mon Day Caretaker
CT_59 Tue Day Caretaker
CT_59 Fri Late Caretaker
CT_59 Sat Late Caretaker
CT_59 Sun Late Caretaker
CT_60 Mon Day Caretaker
CT_60 Tue Day Caretaker
CT_60 Wed Late Caretaker
CT_60 Thu Late Caretaker
CT_60 Fri Late Caretaker
CT_61 Mon Late Caretaker
CT_61 Tue Late Caretaker
CT_61 Wed Late Caretaker
CT_61 Sat Early Caretaker
CT_61 Sun Early Caretaker
CT_62 Mon Early Caretaker
CT_62 Tue Early Caretaker
CT_63 Mon Day Caretaker
CT_63 Tue Day Caretaker
CT_63 Wed Early Caretaker
CT_63 Thu Early Caretaker
CT_64 Wed Day Caretaker
CT_64 Thu Day Caretaker
CT_64 Fri Day Caretaker
CT_64 Sat Early Caretaker
CT_64 Sun Early Caretaker
CT_65 Tue Early Caretaker
CT_65 Wed Early Caretaker
CT_66 Mon Early Caretaker
CT_66 Tue Early Caretaker
CT_66 Wed Day Caretaker
CT_66 Thu Day Caretaker
CT_66 Fri Day Caretaker
CT_67 Mon Late Caretaker
CT_67 Tue Late Caretaker
CT_68 Mon Night Caretaker
CT_68 Tue Night Caretaker
CT_68 Wed Night Caretaker
CT_68 Thu Night Caretaker
CT_68 Fri Night Caretaker
CT_69 Mon Night Caretaker
CT_69 Tue Night Caretaker
CT_69 Wed Night Caretaker
CT_70 Mon Night Caretaker
CT_70 Tue Night Caretaker
CT_70 Wed Night Caretaker
CT_70 Thu Night Caretaker
CT_70 Fri Night Caretaker
CT_71 Thu Day Caretaker
CT_71 Fri Day Caretaker
CT_72 Mon Day Caretaker
CT_72 Tue Day Caretaker
CT_72 Wed Day Caretaker
CT_72 Thu Day Caretaker
CT_72 Fri Day Caretaker
CT_73 Tue Night Caretaker
CT_73 Wed Night Caretaker
CT_73 Thu Night Caretaker
CT_73 Fri Night Caretaker
CT_74 Mon Day Caretaker
CT_74 Tue Day Caretaker
CT_74 Wed Late Caretaker
CT_74 Thu Late Caretaker
CT_74 Fri Late Caretaker
CT_75 Mon Late Caretaker
CT_75 Tue Late Caretaker
CT_75 Fri Early Caretaker
CT_75 Sat Early Caretaker
CT_75 Sun Day Caretaker
CT_76 Tue Day Caretaker
CT_76 Wed Day Caretaker
CT_77 Mon Early Caretaker
CT_77 Tue Early Caretaker
CT_77 Wed Early Caretaker
CT_77 Thu Early Caretaker
CT_78 Wed Late Caretaker
CT_78 Thu Late Caretaker
CT_78 Fri Late Caretaker
CT_79 Tue Day Caretaker
CT_79 Wed Day Caretaker
CT_79 Thu Early Caretaker
CT_79 Fri Early Caretaker
TR_80 Sat Early Trainee
TR_80 Sun Early Trainee
TR_81 Wed Day Trainee
TR_81 Thu Day Trainee
TR_82 Mon Day Trainee
TR_82 Tue Day Trainee
TR_83 Fri Night Trainee
TR_83 Sat Night Trainee
TR_83 Sun Night Trainee
TR_84 Mon Night Trainee
TR_84 Thu Early Trainee
TR_84 Fri Early Trainee
TR_84 Sat Early Trainee
TR_84 Sun Early Trainee
TR_85 Thu Day Trainee
TR_85 Fri Day Trainee
TR_86 Mon Night Trainee
TR_86 Tue Night Trainee
TR_86 Wed Night Trainee
TR_87 Wed Early Trainee
TR_87 Thu Early Trainee
TR_87 Fri Early Trainee
TR_88 Thu Late Trainee
TR_88 Fri Late Trainee
TR_89 Wed Early Trainee
TR_89 Thu Early Trainee
TR_90 Mon Late Trainee
TR_90 Tue Late Trainee
TR_90 Wed Late Trainee
TR_90 Sat Late Trainee
TR_90 Sun Late Trainee
TR_91 Mon Day Trainee
TR_91 Tue Day Trainee
TR_91 Wed Day Trainee
TR_91 Thu Day Trainee
TR_92 Mon Night Trainee
TR_92 Tue Night Trainee
TR_92 Wed Night Trainee
TR_92 Thu Night Trainee
TR_92 Fri Night Trainee
TR_93 Mon Late Trainee
TR_93 Thu Day Trainee
TR_93 Fri Day Trainee
TR_93 Sat Early Trainee
TR_93 Sun Early Trainee
TR_95 Sat Late Trainee
TR_95 Sun Late Trainee
TR_96 Wed Night Trainee
TR_96 Thu Night Trainee
TR_96 Fri Night Trainee
TR_96 Sat Night Trainee
TR_96 Sun Night Trainee
TR_97 Tue Early Trainee
TR_97 Wed Early Trainee
TR_97 Thu Day Trainee
TR_97 Fri Day Trainee
TR_98 Mon Early Trainee
TR_98 Tue Early Trainee
TR_98 Wed Early Trainee
TR_98 Sat Day Trainee
TR_98 Sun Day Trainee
TR_99 Mon Late Trainee
TR_99 Tue Late Trainee
TR_99 Wed Late Trainee
TR_99 Sat Late Trainee
TR_99 Sun Late Trainee
TR_100 Mon Night Trainee
TR_100 Tue Night Trainee
TR_100 Wed Night Trainee
TR_100 Thu Night Trainee
TR_100 Fri Night Trainee
TR_101 Mon Late Trainee
TR_101 Tue Late Trainee
TR_101 Wed Late Trainee
TR_101 Thu Late Trainee
TR_101 Fri Late Trainee
TR_102 Thu Late Trainee
TR_102 Fri Late Trainee
TR_103 Mon Day Trainee
TR_103 Tue Day Trainee
TR_104 Fri Early Trainee
TR_104 Sat Early Trainee
TR_104 Sun Day Trainee
TR_105 Mon Early Trainee
TR_105 Tue Early Trainee
TR_107 Mon Early Trainee
TR_107 Tue Early Trainee
TR_107 Wed Late Trainee
TR_107 Thu Late Trainee
TR_108 Mon Day Trainee
TR_109 Wed Early Trainee
TR_109 Thu Early Trainee
TR_109 Fri Early Trainee
