SOLUTION
2 n110w8

ASSIGNMENTS = 375
HN_0 Mon Day HeadNurse
HN_0 Tue Day HeadNurse
HN_0 Wed Late HeadNurse
HN_0 Thu Late HeadNurse
HN_0 Fri Late HeadNurse
HN_1 Mon Night HeadNurse
HN_1 Tue Night HeadNurse
HN_1 Wed Night HeadNurse
HN_1 Thu Night HeadNurse
HN_1 Fri Night HeadNurse
HN_2 Tue Night Nurse
HN_2 Wed Night HeadNurse
HN_2 Thu Night HeadNurse
HN_2 Fri Night HeadNurse
HN_3 Mon Early HeadNurse
HN_3 Thu Late Nurse
HN_3 Fri Late Nurse
HN_3 Sat Late HeadNurse
HN_3 Sun Late HeadNurse
HN_4 Mon Day Nurse
HN_4 Tue Day HeadNurse
HN_4 Wed Day HeadNurse
HN_4 Thu Day HeadNurse
HN_4 Fri Day HeadNurse
HN_5 Mon Day Nurse
HN_5 Tue Day Nurse
HN_5 Wed Day HeadNurse
HN_5 Sat Late Nurse
HN_5 Sun Late HeadNurse
HN_6 Thu Early HeadNurse
HN_6 Fri Early HeadNurse
HN_7 Thu Early HeadNurse
HN_7 Fri Early Nurse
HN_8 Mon Early Nurse
HN_8 Tue Early HeadNurse
HN_9 Tue Early Nurse
HN_9 Wed Early HeadNurse
HN_10 Mon Day Nurse
HN_10 Tue Day Nurse
HN_10 Fri Early Nurse
HN_10 Sat Early HeadNurse
HN_10 Sun Early HeadNurse
HN_11 Wed Late HeadNurse
HN_11 Thu Late Nurse
HN_11 Fri Late Nurse
HN_12 Mon Night HeadNurse
HN_12 Fri Night Nurse
HN_12 Sat Night HeadNurse
HN_12 Sun Night HeadNurse
HN_13 Fri Day Nurse
HN_13 Sat Day HeadNurse
HN_13 Sun Day Nurse
HN_14 Tue Late HeadNurse
HN_14 Wed Late Nurse
HN_15 Tue Late HeadNurse
HN_15 Wed Late Nurse
HN_16 Wed Day Nurse
HN_16 Thu Day Nurse
HN_16 Fri Late Nurse
HN_16 Sat Late Nurse
HN_16 Sun Late Nurse
HN_17 Mon Late HeadNurse
HN_18 Tue Late Nurse
HN_18 Wed Late Nurse
HN_19 Mon Early Nurse
HN_19 Tue Early Nurse
NU_20 Mon Early Nurse
NU_20 Tue Early Caretaker
NU_21 Mon Night Nurse
NU_21 Tue Night Nurse
NU_21 Wed Night Nurse
NU_21 Thu Night Nurse
NU_21 Fri Night Nurse
NU_22 Wed Day Nurse
NU_22 Thu Day Nurse
NU_22 Fri Day Nurse
NU_23 Fri Night Nurse
NU_23 Sat Night Nurse
NU_23 Sun Night Nurse
NU_24 Wed Early Nurse
NU_24 Thu Early Nurse
NU_25 Mon Early Caretaker
NU_25 Tue Early Caretaker
NU_25 Wed Early Nurse
NU_25 Thu Day Caretaker
NU_25 Fri Day Nurse
NU_26 Tue Day Nurse
NU_26 Wed Day Nurse
NU_26 Thu Late Caretaker
NU_26 Fri Late Nurse
NU_27 Wed Day Caretaker
NU_27 Thu Day Caretaker
NU_27 Fri Early Nurse
NU_27 Sat Early Nurse
NU_27 Sun Early Nurse
NU_28 Mon Early Caretaker
NU_28 Sat Early Nurse
NU_28 Sun Early Nurse
NU_29 Mon Night Caretaker
NU_29 Tue Night Nurse
NU_29 Wed Night Nurse
NU_29 Thu Night Nurse
NU_29 Fri Night Caretaker
NU_30 Thu Day Caretaker
NU_30 Fri Day Caretaker
NU_30 Sat Early Caretaker
NU_30 Sun Early Caretaker
NU_31 Mon Late Nurse
NU_31 Tue Late Nurse
NU_32 Tue Late Caretaker
NU_32 Wed Late Caretaker
NU_33 Wed Early Nurse
NU_33 Thu Early Nurse
NU_33 Fri Early Caretaker
NU_34 Mon Day Caretaker
NU_34 Tue Day Nurse
NU_34 Wed Day Caretaker
NU_34 Sat Night Nurse
NU_34 Sun Night Caretaker
NU_35 Sat Day Nurse
NU_35 Sun Day Nurse
NU_36 Wed Early Nurse
NU_36 Thu Early Nurse
NU_37 Mon Night Caretaker
NU_37 Tue Night Caretaker
NU_37 Wed Night Caretaker
NU_37 Thu Night Caretaker
NU_37 Fri Night Caretaker
NU_38 Mon Late Nurse
NU_39 Wed Early Caretaker
NU_39 Thu Early Caretaker
NU_39 Fri Day Caretaker
NU_39 Sat Day Caretaker
NU_39 Sun Day Caretaker
CT_40 Fri Night Caretaker
CT_40 Sat Night Caretaker
CT_40 Sun Night Caretaker
CT_41 Tue Night Caretaker
CT_41 Wed Night Caretaker
CT_41 Thu Night Caretaker
CT_41 Fri Night Caretaker
CT_42 Mon Late Caretaker
CT_42 Tue Late Caretaker
CT_42 Sat Day Caretaker
CT_42 Sun Day Caretaker
CT_44 Mon Late Caretaker
CT_44 Tue Late Caretaker
CT_44 Wed Late Caretaker
CT_44 Sat Early Caretaker
CT_44 Sun Early Caretaker
CT_45 Mon Night Caretaker
CT_45 Tue Night Caretaker
CT_45 Wed Night Caretaker
CT_45 Thu Night Caretaker
CT_45 Fri Night Caretaker
CT_46 Mon Night Caretaker
CT_47 Fri Night Caretaker
CT_47 Sat Night Caretaker
CT_47 Sun Night Caretaker
CT_48 Mon Late Caretaker
CT_49 Mon Night Caretaker
CT_49 Tue Night Caretaker
CT_49 Wed Night Caretaker
CT_50 Mon Early Caretaker
CT_50 Tue Early Caretaker
CT_50 Wed Early Caretaker
CT_50 Thu Day Caretaker
CT_50 Fri Day Caretaker
CT_51 Tue Day Caretaker
CT_51 Wed Day Caretaker
CT_51 Thu Day Caretaker
CT_51 Fri Day Caretaker
CT_52 Mon Late Caretaker
CT_52 Tue Late Caretaker
CT_52 Fri Late Caretaker
CT_52 Sat Late Caretaker
CT_52 Sun Late Caretaker
CT_53 Mon Early Caretaker
CT_53 Tue Early Caretaker
CT_53 Wed Late Caretaker
CT_53 Thu Late Caretaker
CT_54 Mon Night Caretaker
CT_54 Tue Night Caretaker
CT_54 Wed Night Caretaker
CT_54 Thu Night Caretaker
CT_54 Fri Night Caretaker
CT_55 Wed Day Caretaker
CT_55 Thu Day Caretaker
CT_55 Fri Day Caretaker
CT_56 Mon Day Caretaker
CT_56 Tue Day Caretaker
CT_56 Wed Late Caretaker
CT_56 Thu Late Caretaker
CT_56 Fri Late Caretaker
CT_57 Tue Day Caretaker
CT_57 Wed Day Caretaker
CT_57 Thu Early Caretaker
CT_57 Fri Early Caretaker
CT_58 Mon Day Caretaker
CT_58 Tue Day Caretaker
CT_59 Thu Early Caretaker
CT_59 Fri Early Caretaker
CT_59 Sat Late Caretaker
CT_59 Sun Late Caretaker
CT_60 Mon Early Caretaker
CT_60 Tue Early Caretaker
CT_60 Wed Early Caretaker
CT_60 Thu Late Caretaker
CT_60 Fri Late Caretaker
CT_61 Wed Late Caretaker
CT_61 Thu Late Caretaker
CT_61 Fri Late Caretaker
CT_62 Tue Night Caretaker
CT_62 Wed Night Caretaker
CT_62 Thu Night Caretaker
CT_62 Fri Night Caretaker
CT_63 Mon Day Caretaker
CT_63 Sat Early Caretaker
CT_63 Sun Early Caretaker
CT_64 Tue Early Caretaker
CT_64 Wed Early Caretaker
CT_64 Thu Early Caretaker
CT_64 Fri Early Caretaker
CT_66 Mon Late Caretaker
CT_66 Tue Late Caretaker
CT_66 Wed Late Caretaker
CT_66 Thu Late Caretaker
CT_66 Fri Late Caretaker
CT_67 Mon Late Caretaker
CT_67 Thu Early Caretaker
CT_67 Fri Early Caretaker
CT_67 Sat Day Caretaker
CT_67 Sun Day Caretaker
CT_68 Mon Day Caretaker
CT_68 Tue Day Caretaker
CT_68 Wed Late Caretaker
CT_68 Thu Late Caretaker
CT_68 Fri Late Caretaker
CT_69 Tue Night Caretaker
CT_69 Wed Night Caretaker
CT_69 Thu Night Caretaker
CT_69 Fri Night Caretaker
CT_70 Mon Early Caretaker
CT_70 Tue Early Caretaker
CT_70 Wed Early Caretaker
CT_70 Thu Early Caretaker
CT_70 Fri Early Caretaker
CT_71 Wed Early Caretaker
CT_71 Thu Early Caretaker
CT_72 Fri Day Caretaker
CT_72 Sat Day Caretaker
CT_72 Sun Day Caretaker
CT_73 Mon Night Caretaker
CT_73 Fri Late Caretaker
CT_73 Sat Late Caretaker
CT_73 Sun Late Caretaker
CT_74 Mon Day Caretaker
CT_74 Tue Day Caretaker
CT_74 Wed Day Caretaker
CT_74 Thu Day Caretaker
CT_74 Fri Day Caretaker
CT_75 Mon Day Caretaker
CT_75 Tue Day Caretaker
CT_75 Wed Day Caretaker
CT_76 Tue Day Caretaker
CT_76 Wed Day Caretaker
CT_77 Mon Early Caretaker
CT_77 Tue Early Caretaker
CT_77 Wed Early Caretaker
CT_78 Mon Early Caretaker
CT_78 Tue Late Caretaker
CT_78 Wed Late Caretaker
CT_78 Sat Early Caretaker
CT_78 Sun Early Caretaker
CT_79 Mon Late Caretaker
CT_79 Tue Late Caretaker
CT_79 Wed Late Caretaker
TR_80 Wed Day Trainee
TR_80 Thu Day Trainee
TR_81 Mon Late Trainee
TR_81 Tue Late Trainee
TR_82 Sat Late Trainee
TR_82 Sun Late Trainee
TR_84 Mon Late Trainee
TR_84 Tue Late Trainee
TR_84 Fri Night Trainee
TR_84 Sat Night Trainee
TR_84 Sun Night Trainee
TR_85 Thu Day Trainee
TR_85 Fri Day Trainee
TR_86 Mon Late Trainee
TR_86 Fri Early Trainee
TR_86 Sat Early Trainee
TR_86 Sun Day Trainee
TR_87 Mon Night Trainee
TR_87 Tue Night Trainee
TR_87 Wed Night Trainee
TR_87 Sat Early Trainee
TR_87 Sun Early Trainee
TR_88 Mon Day Trainee
TR_88 Tue Day Trainee
TR_89 Mon Day Trainee
TR_89 Tue Day Trainee
TR_90 Tue Late Trainee
TR_90 Wed Late Trainee
TR_90 Thu Late Trainee
TR_90 Fri Late Trainee
TR_91 Wed Early Trainee
TR_91 Thu Early Trainee
TR_91 Fri Early Trainee
TR_91 Sat Late Trainee
TR_91 Sun Late Trainee
TR_92 Wed Late Trainee
TR_92 Thu Late Trainee
TR_92 Fri Late Trainee
TR_93 Mon Night Trainee
TR_93 Tue Night Trainee
TR_93 Sat Night Trainee
TR_93 Sun Night Trainee
TR_94 Mon Early Trainee
TR_94 Tue Early Trainee
TR_94 Wed Early Trainee
TR_94 Thu Early Trainee
TR_95 Wed Late Trainee
TR_95 Thu Late Trainee
TR_96 Mon Late Trainee
TR_96 Tue Late Trainee
TR_96 Wed Late Trainee
TR_96 Sat Early Trainee
TR_96 Sun Early Trainee
TR_97 Mon Early Trainee
TR_97 Tue Early Trainee
TR_97 Wed Early Trainee
TR_97 Thu Early Trainee
TR_98 Mon Night Trainee
TR_98 Tue Night Trainee
TR_98 Wed Night Trainee
TR_98 Thu Night Trainee
TR_98 Fri Night Trainee
TR_99 Mon Early Trainee
TR_99 Tue Early Trainee
TR_99 Wed Early Trainee
TR_99 Thu Early Trainee
TR_99 Fri Early Trainee
TR_100 Mon Day Trainee
TR_100 Tue Day Trainee
TR_100 Wed Day Trainee
TR_100 Thu Day Trainee
TR_100 Fri Day Trainee
TR_101 Mon Night Trainee
TR_101 Fri Early Trainee
TR_101 Sat Early Trainee
TR_101 Sun Early Trainee
TR_102 Thu Day Trainee
TR_102 Fri Day Trainee
TR_103 Sat Day Trainee
TR_103 Sun Day Trainee
TR_104 Mon Day Trainee
TR_104 Tue Day Trainee
TR_106 Thu Day Trainee
TR_106 Fri Day Trainee
TR_107 Tue Early Trainee
TR_107 Wed Early Trainee
TR_107 Thu Early Trainee
TR_107 Fri Late Trainee
TR_107 Sat Late Trainee
TR_107 Sun Late Trainee
TR_108 Tue Night Trainee
TR_108 Wed Night Trainee
TR_108 Thu Night Trainee
TR_108 Fri Night Trainee
TR_109 Tue Night Trainee
TR_109 Wed Night Trainee
TR_109 Thu Night Trainee
TR_109 Fri Night Trainee
