SOLUTION
1 n110w8

ASSIGNMENTS = 377
HN_0 Mon Night HeadNurse
HN_0 Tue Night HeadNurse
HN_0 Wed Night HeadNurse
HN_0 Thu Night HeadNurse
HN_0 Fri Night HeadNurse
HN_1 Mon Early HeadNurse
HN_1 Tue Early HeadNurse
HN_1 Wed Early HeadNurse
HN_1 Thu Early HeadNurse
HN_1 Fri Early HeadNurse
HN_2 Mon Night HeadNurse
HN_2 Tue Night Nurse
HN_2 Wed Night Nurse
HN_3 Mon Early HeadNurse
HN_3 Tue Early Nurse
HN_3 Fri Early HeadNurse
HN_3 Sat Early HeadNurse
HN_3 Sun Early HeadNurse
HN_4 Mon Day HeadNurse
HN_4 Tue Day HeadNurse
HN_4 Wed Day HeadNurse
HN_4 Thu Late HeadNurse
HN_4 Fri Late HeadNurse
HN_5 Tue Night Nurse
HN_5 Wed Night Nurse
HN_5 Thu Night Nurse
HN_5 Fri Night HeadNurse
HN_6 Wed Day HeadNurse
HN_6 Thu Day HeadNurse
HN_7 Thu Late HeadNurse
HN_7 Fri Late HeadNurse
HN_8 Wed Late Nurse
HN_8 Thu Late Nurse
HN_9 Mon Late HeadNurse
HN_9 Tue Late HeadNurse
HN_10 Mon Night Nurse
HN_10 Tue Night Nurse
HN_10 Fri Early Nurse
HN_10 Sat Early HeadNurse
HN_10 Sun Early Nurse
HN_11 Mon Late HeadNurse
HN_11 Thu Night Nurse
HN_11 Fri Night Nurse
HN_11 Sat Night HeadNurse
HN_11 Sun Night HeadNurse
HN_12 Fri Night Nurse
HN_12 Sat Night Nurse
HN_12 Sun Night Nurse
HN_13 Mon Day HeadNurse
HN_13 Thu Day HeadNurse
HN_13 Fri Day HeadNurse
HN_13 Sat Day HeadNurse
HN_13 Sun Day Nurse
HN_14 Thu Early Nurse
HN_14 Fri Early Nurse
HN_15 Mon Day Nurse
HN_15 Tue Day Nurse
HN_16 Mon Early Nurse
HN_16 Tue Early Nurse
HN_16 Wed Day Nurse
HN_16 Thu Day Nurse
HN_16 Fri Day HeadNurse
HN_17 Fri Late Nurse
HN_17 Sat Late Nurse
HN_17 Sun Late Nurse
HN_18 Wed Early HeadNurse
HN_18 Thu Early Nurse
HN_19 Mon Late Nurse
HN_19 Tue Late Nurse
HN_19 Wed Late Nurse
HN_19 Sat Day Nurse
HN_19 Sun Day Nurse
NU_20 Mon Late Nurse
NU_20 Tue Late Nurse
NU_21 Mon Day Nurse
NU_21 Tue Day Nurse
NU_21 Wed Day Nurse
NU_21 Thu Late Nurse
NU_21 Fri Late Nurse
NU_22 Tue Night Caretaker
NU_22 Wed Night Nurse
NU_22 Thu Night Nurse
NU_22 Fri Night Nurse
NU_23 Mon Night Nurse
NU_23 Tue Night Caretaker
NU_23 Wed Night Caretaker
NU_23 Thu Night Nurse
NU_24 Wed Early Nurse
NU_24 Thu Early Caretaker
NU_25 Tue Day Caretaker
NU_25 Wed Day Nurse
NU_25 Thu Day Nurse
NU_26 Mon Day Nurse
NU_26 Tue Late Caretaker
NU_26 Wed Late Nurse
NU_27 Wed Night Caretaker
NU_27 Thu Night Caretaker
NU_27 Fri Night Caretaker
NU_27 Sat Night Nurse
NU_27 Sun Night Nurse
NU_28 Mon Early Nurse
NU_28 Fri Day Nurse
NU_28 Sat Day Caretaker
NU_28 Sun Early Nurse
NU_29 Wed Late Caretaker
NU_29 Thu Late Nurse
NU_29 Fri Late Nurse
NU_30 Wed Late Caretaker
NU_30 Thu Late Caretaker
NU_30 Fri Late Nurse
NU_32 Thu Early Caretaker
NU_32 Fri Early Nurse
NU_33 Mon Early Nurse
NU_33 Thu Day Nurse
NU_33 Fri Day Nurse
NU_33 Sat Early Nurse
NU_33 Sun Early Caretaker
NU_34 Mon Day Caretaker
NU_34 Tue Day Caretaker
NU_34 Wed Day Caretaker
NU_35 Thu Early Caretaker
NU_35 Fri Early Caretaker
NU_36 Mon Late Nurse
NU_36 Tue Late Caretaker
NU_37 Mon Early Caretaker
NU_37 Tue Early Caretaker
NU_37 Wed Day Caretaker
NU_37 Thu Day Caretaker
NU_37 Fri Day Nurse
NU_38 Fri Early Caretaker
NU_38 Sat Early Caretaker
NU_38 Sun Late Caretaker
NU_39 Tue Early Caretaker
NU_39 Wed Early Nurse
NU_39 Thu Day Caretaker
NU_39 Fri Day Caretaker
CT_40 Tue Night Caretaker
CT_40 Wed Night Caretaker
CT_40 Thu Night Caretaker
CT_40 Fri Night Caretaker
CT_41 Mon Night Caretaker
CT_42 Mon Late Caretaker
CT_42 Fri Late Caretaker
CT_42 Sat Late Caretaker
CT_42 Sun Late Caretaker
CT_43 Thu Night Caretaker
CT_43 Fri Night Caretaker
CT_43 Sat Night Caretaker
CT_43 Sun Night Caretaker
CT_44 Mon Day Caretaker
CT_44 Tue Day Caretaker
CT_44 Wed Day Caretaker
CT_44 Thu Early Caretaker
CT_44 Fri Early Caretaker
CT_45 Mon Day Caretaker
CT_45 Tue Day Caretaker
CT_45 Wed Day Caretaker
CT_45 Thu Day Caretaker
CT_45 Fri Day Caretaker
CT_46 Fri Night Caretaker
CT_46 Sat Night Caretaker
CT_46 Sun Night Caretaker
CT_47 Thu Late Caretaker
CT_47 Fri Late Caretaker
CT_47 Sat Late Caretaker
CT_47 Sun Late Caretaker
CT_48 Fri Early Caretaker
CT_48 Sat Early Caretaker
CT_48 Sun Late Caretaker
CT_49 Mon Late Caretaker
CT_49 Sat Night Caretaker
CT_49 Sun Night Caretaker
CT_50 Mon Night Caretaker
CT_50 Tue Night Caretaker
CT_50 Wed Night Caretaker
CT_50 Thu Night Caretaker
CT_50 Fri Night Caretaker
CT_51 Mon Early Caretaker
CT_51 Tue Early Caretaker
CT_51 Wed Early Caretaker
CT_52 Mon Late Caretaker
CT_52 Tue Late Caretaker
CT_52 Fri Day Caretaker
CT_52 Sat Day Caretaker
CT_52 Sun Day Caretaker
CT_53 Mon Early Caretaker
CT_53 Tue Early Caretaker
CT_53 Wed Early Caretaker
CT_54 Mon Late Caretaker
CT_54 Tue Late Caretaker
CT_54 Wed Late Caretaker
CT_54 Thu Late Caretaker
CT_54 Fri Late Caretaker
CT_55 Thu Day Caretaker
CT_55 Fri Day Caretaker
CT_55 Sat Early Caretaker
CT_55 Sun Early Caretaker
CT_56 Mon Late Caretaker
CT_56 Tue Late Caretaker
CT_56 Wed Late Caretaker
CT_56 Thu Late Caretaker
CT_56 Fri Late Caretaker
CT_57 Mon Night Caretaker
CT_57 Tue Night Caretaker
CT_57 Wed Night Caretaker
CT_57 Thu Night Caretaker
CT_59 Mon Early Caretaker
CT_59 Tue Early Caretaker
CT_59 Wed Day Caretaker
CT_59 Thu Day Caretaker
CT_59 Fri Day Caretaker
CT_60 Mon Day Caretaker
CT_60 Tue Day Caretaker
CT_60 Wed Day Caretaker
CT_60 Thu Late Caretaker
CT_60 Fri Late Caretaker
CT_61 Tue Night Caretaker
CT_61 Wed Night Caretaker
CT_61 Thu Night Caretaker
CT_61 Fri Night Caretaker
CT_62 Mon Night Caretaker
CT_62 Tue Night Caretaker
CT_63 Fri Day Caretaker
CT_63 Sat Day Caretaker
CT_63 Sun Day Caretaker
CT_64 Mon Late Caretaker
CT_64 Tue Late Caretaker
CT_64 Wed Late Caretaker
CT_64 Thu Late Caretaker
CT_64 Fri Late Caretaker
CT_65 Sat Day Caretaker
CT_65 Sun Day Caretaker
CT_66 Mon Day Caretaker
CT_66 Tue Day Caretaker
CT_66 Wed Day Caretaker
CT_66 Thu Day Caretaker
CT_66 Fri Day Caretaker
CT_67 Mon Day Caretaker
CT_67 Thu Early Caretaker
CT_67 Fri Early Caretaker
CT_67 Sat Late Caretaker
CT_67 Sun Late Caretaker
CT_68 Mon Day Caretaker
CT_68 Tue Day Caretaker
CT_68 Wed Early Caretaker
CT_68 Thu Early Caretaker
CT_68 Fri Early Caretaker
CT_69 Mon Night Caretaker
CT_70 Mon Early Caretaker
CT_70 Tue Early Caretaker
CT_70 Wed Late Caretaker
CT_70 Thu Late Caretaker
CT_70 Fri Late Caretaker
CT_71 Mon Late Caretaker
CT_71 Tue Late Caretaker
CT_72 Thu Day Caretaker
CT_72 Fri Day Caretaker
CT_72 Sat Early Caretaker
CT_72 Sun Early Caretaker
CT_73 Mon Late Caretaker
CT_73 Fri Night Caretaker
CT_73 Sat Night Caretaker
CT_73 Sun Night Caretaker
CT_74 Mon Early Caretaker
CT_74 Tue Early Caretaker
CT_74 Wed Early Caretaker
CT_74 Thu Late Caretaker
CT_74 Fri Late Caretaker
CT_75 Mon Night Caretaker
CT_75 Tue Night Caretaker
CT_76 Thu Early Caretaker
CT_76 Fri Early Caretaker
CT_77 Mon Night Caretaker
CT_77 Tue Night Caretaker
CT_77 Wed Night Caretaker
CT_77 Thu Night Caretaker
CT_78 Mon Day Caretaker
CT_78 Tue Early Caretaker
CT_78 Wed Early Caretaker
CT_78 Sat Early Caretaker
CT_78 Sun Early Caretaker
CT_79 Mon Early Caretaker
CT_79 Tue Early Caretaker
CT_79 Sat Day Caretaker
CT_79 Sun Day Caretaker
TR_80 Wed Early Trainee
TR_80 Thu Early Trainee
TR_81 Mon Late Trainee
TR_81 Tue Late Trainee
TR_82 Thu Early Trainee
TR_82 Fri Early Trainee
TR_83 Thu Day Trainee
TR_83 Fri Day Trainee
TR_83 Sat Late Trainee
TR_83 Sun Late Trainee
TR_84 Mon Day Trainee
TR_84 Tue Day Trainee
TR_84 Wed Day Trainee
TR_84 Sat Day Trainee
TR_84 Sun Day Trainee
TR_85 Tue Day Trainee
TR_85 Wed Day Trainee
TR_86 Mon Early Trainee
TR_86 Thu Late Trainee
TR_86 Fri Late Trainee
TR_86 Sat Late Trainee
TR_86 Sun Late Trainee
TR_87 Mon Night Trainee
TR_87 Tue Night Trainee
TR_87 Wed Night Trainee
TR_87 Sat Night Trainee
TR_87 Sun Night Trainee
TR_88 Tue Early Trainee
TR_88 Wed Early Trainee
TR_90 Mon Day Trainee
TR_90 Tue Day Trainee
TR_90 Wed Early Trainee
TR_90 Thu Early Trainee
TR_90 Fri Early Trainee
TR_91 Tue Night Trainee
TR_91 Wed Night Trainee
TR_91 Thu Night Trainee
TR_91 Fri Night Trainee
TR_92 Mon Day Trainee
TR_92 Thu Day Trainee
TR_92 Fri Day Trainee
TR_92 Sat Early Trainee
TR_92 Sun Early Trainee
TR_93 Mon Early Trainee
TR_93 Tue Early Trainee
TR_93 Wed Early Trainee
TR_93 Sat Night Trainee
TR_93 Sun Night Trainee
TR_95 Wed Day Trainee
TR_95 Thu Day Trainee
TR_96 Mon Night Trainee
TR_96 Tue Night Trainee
TR_96 Wed Night Trainee
TR_96 Thu Night Trainee
TR_96 Fri Night Trainee
TR_97 Wed Late Trainee
TR_97 Thu Late Trainee
TR_97 Fri Late Trainee
TR_98 Mon Early Trainee
TR_98 Tue Early Trainee
TR_98 Wed Early Trainee
TR_98 Thu Early Trainee
TR_98 Fri Early Trainee
TR_99 Mon Night Trainee
TR_99 Tue Night Trainee
TR_99 Wed Night Trainee
TR_99 Thu Night Trainee
TR_99 Fri Night Trainee
TR_100 Mon Day Trainee
TR_100 Tue Day Trainee
TR_100 Wed Day Trainee
TR_100 Thu Early Trainee
TR_100 Fri Early Trainee
TR_101 Fri Night Trainee
TR_101 Sat Night Trainee
TR_101 Sun Night Trainee
TR_102 Thu Late Trainee
TR_102 Fri Late Trainee
TR_103 Thu Day Trainee
TR_103 Fri Day Trainee
TR_104 Sat Day Trainee
TR_104 Sun Day Trainee
TR_105 Sat Early Trainee
TR_105 Sun Early Trainee
TR_106 Tue Late Trainee
TR_106 Wed Late Trainee
TR_107 Mon Late Trainee
TR_108 Mon Early Trainee
TR_109 Mon Late Trainee
TR_109 Tue Late Trainee
TR_109 Wed Late Trainee
TR_109 Thu Late Trainee
