SOLUTION
7 n110w8

ASSIGNMENTS = 364
HN_0 Mon Night HeadNurse
HN_0 Tue Night HeadNurse
HN_0 Fri Day HeadNurse
HN_0 Sat Day HeadNurse
HN_0 Sun Day HeadNurse
HN_1 Mon Late HeadNurse
HN_1 Thu Night HeadNurse
HN_1 Fri Night HeadNurse
HN_1 Sat Night HeadNurse
HN_1 Sun Night HeadNurse
HN_2 Mon Late HeadNurse
HN_2 Tue Late HeadNurse
HN_2 Wed Late HeadNurse
HN_2 Sat Late HeadNurse
HN_2 Sun Late HeadNurse
HN_3 Mon Night HeadNurse
HN_3 Tue Night HeadNurse
HN_3 Wed Night HeadNurse
HN_3 Thu Night HeadNurse
HN_3 Fri Night HeadNurse
HN_4 Mon Day Nurse
HN_4 Tue Day HeadNurse
HN_4 Wed Day HeadNurse
HN_4 Thu Early HeadNurse
HN_4 Fri Early HeadNurse
HN_5 Wed Early HeadNurse
HN_5 Thu Early HeadNurse
HN_5 Fri Early Nurse
HN_6 Thu Early Nurse
HN_6 Fri Early Nurse
HN_7 Thu Early Nurse
HN_7 Fri Early Nurse
HN_8 Mon Early HeadNurse
HN_8 Tue Early HeadNurse
HN_10 Mon Night Nurse
HN_10 Tue Night Nurse
HN_10 Wed Night Nurse
HN_10 Thu Night Nurse
HN_10 Fri Night Nurse
HN_11 Wed Late HeadNurse
HN_11 Thu Late HeadNurse
HN_11 Fri Late Nurse
HN_12 Mon Night Nurse
HN_12 Tue Night Nurse
HN_12 Wed Night Nurse
HN_12 Thu Night Nurse
HN_13 Mon Day Nurse
HN_13 Tue Day HeadNurse
HN_13 Wed Early HeadNurse
HN_13 Thu Early Nurse
HN_13 Fri Early Nurse
HN_15 Tue Day Nurse
HN_15 Wed Day HeadNurse
HN_16 Wed Day Nurse
HN_16 Thu Day Nurse
HN_16 Fri Day HeadNurse
HN_17 Sat Early HeadNurse
HN_17 Sun Early Nurse
HN_19 Tue Late Nurse
HN_19 Wed Late Nurse
HN_19 Thu Late Nurse
HN_19 Fri Late Nurse
NU_20 Mon Late Nurse
NU_20 Tue Late Caretaker
NU_21 Wed Early Nurse
NU_21 Thu Early Caretaker
NU_21 Fri Late Caretaker
NU_21 Sat Late Nurse
NU_21 Sun Late Nurse
NU_22 Mon Night Nurse
NU_22 Fri Day Nurse
NU_22 Sat Day Nurse
NU_22 Sun Day Nurse
NU_23 Mon Late Nurse
NU_23 Tue Late Caretaker
NU_24 Tue Early Nurse
NU_24 Wed Early Caretaker
NU_25 Mon Day Nurse
NU_25 Tue Day Nurse
NU_25 Wed Day Nurse
NU_25 Thu Late Caretaker
NU_25 Fri Late Caretaker
NU_26 Mon Night Caretaker
NU_26 Tue Night Caretaker
NU_27 Mon Late Nurse
NU_27 Tue Late Caretaker
NU_27 Wed Late Nurse
NU_27 Thu Late Caretaker
NU_27 Fri Late Caretaker
NU_28 Thu Day Nurse
NU_28 Fri Day Nurse
NU_28 Sat Late Nurse
NU_28 Sun Late Nurse
NU_29 Mon Late Caretaker
NU_29 Thu Day Nurse
NU_29 Fri Day Nurse
NU_29 Sat Early Nurse
NU_29 Sun Early Nurse
NU_30 Thu Day Caretaker
NU_30 Fri Day Caretaker
NU_30 Sat Early Caretaker
NU_30 Sun Early Caretaker
NU_31 Mon Early Nurse
NU_31 Tue Early Nurse
NU_33 Mon Night Caretaker
NU_33 Tue Night Caretaker
NU_33 Wed Night Nurse
NU_33 Sat Night Nurse
NU_33 Sun Night Nurse
NU_34 Sat Late Caretaker
NU_34 Sun Late Caretaker
NU_35 Mon Day Caretaker
NU_35 Tue Day Nurse
NU_36 Thu Early Caretaker
NU_36 Fri Early Caretaker
NU_37 Mon Early Nurse
NU_37 Thu Night Nurse
NU_37 Fri Night Nurse
NU_37 Sat Night Nurse
NU_37 Sun Night Nurse
NU_38 Sat Day Nurse
NU_38 Sun Day Nurse
NU_39 Tue Early Caretaker
NU_39 Wed Early Caretaker
NU_39 Thu Day Caretaker
NU_39 Fri Day Caretaker
CT_40 Mon Day Caretaker
CT_40 Tue Day Caretaker
CT_40 Wed Late Caretaker
CT_40 Thu Late Caretaker
CT_40 Fri Late Caretaker
CT_41 Mon Late Caretaker
CT_42 Mon Late Caretaker
CT_42 Tue Late Caretaker
CT_42 Wed Late Caretaker
CT_43 Sat Early Caretaker
CT_43 Sun Early Caretaker
CT_44 Mon Late Caretaker
CT_44 Tue Late Caretaker
CT_44 Wed Late Caretaker
CT_45 Mon Late Caretaker
CT_45 Thu Early Caretaker
CT_45 Fri Early Caretaker
CT_45 Sat Day Caretaker
CT_45 Sun Day Caretaker
CT_46 Sat Early Caretaker
CT_46 Sun Early Caretaker
CT_47 Mon Day Caretaker
CT_47 Tue Day Caretaker
CT_47 Wed Early Caretaker
CT_47 Thu Early Caretaker
CT_47 Fri Early Caretaker
CT_49 Wed Day Caretaker
CT_49 Thu Day Caretaker
CT_49 Fri Day Caretaker
CT_49 Sat Late Caretaker
CT_49 Sun Late Caretaker
CT_50 Mon Early Caretaker
CT_50 Thu Night Caretaker
CT_50 Fri Night Caretaker
CT_50 Sat Night Caretaker
CT_50 Sun Night Caretaker
CT_51 Tue Night Caretaker
CT_51 Wed Night Caretaker
CT_51 Thu Night Caretaker
CT_51 Fri Night Caretaker
CT_52 Mon Day Caretaker
CT_52 Tue Day Caretaker
CT_52 Wed Day Caretaker
CT_52 Thu Early Caretaker
CT_52 Fri Early Caretaker
CT_53 Mon Late Caretaker
CT_53 Fri Late Caretaker
CT_53 Sat Late Caretaker
CT_53 Sun Late Caretaker
CT_54 Mon Day Caretaker
CT_54 Tue Day Caretaker
CT_54 Fri Early Caretaker
CT_54 Sat Early Caretaker
CT_54 Sun Day Caretaker
CT_55 Mon Day Caretaker
CT_55 Tue Day Caretaker
CT_55 Wed Late Caretaker
CT_55 Thu Late Caretaker
CT_55 Fri Late Caretaker
CT_56 Wed Night Caretaker
CT_56 Thu Night Caretaker
CT_56 Fri Night Caretaker
CT_56 Sat Night Caretaker
CT_56 Sun Night Caretaker
CT_57 Mon Night Caretaker
CT_58 Thu Early Caretaker
CT_58 Fri Early Caretaker
CT_59 Mon Day Caretaker
CT_59 Tue Day Caretaker
CT_59 Wed Day Caretaker
CT_60 Mon Late Caretaker
CT_60 Tue Late Caretaker
CT_60 Wed Late Caretaker
CT_60 Sat Night Caretaker
CT_60 Sun Night Caretaker
CT_61 Wed Night Caretaker
CT_61 Thu Night Caretaker
CT_61 Fri Night Caretaker
CT_61 Sat Night Caretaker
CT_61 Sun Night Caretaker
CT_62 Mon Night Caretaker
CT_62 Tue Night Caretaker
CT_62 Wed Night Caretaker
CT_62 Thu Night Caretaker
CT_62 Fri Night Caretaker
CT_63 Mon Early Caretaker
CT_63 Tue Early Caretaker
CT_63 Wed Day Caretaker
CT_63 Thu Day Caretaker
CT_64 Wed Late Caretaker
CT_64 Thu Late Caretaker
CT_64 Fri Late Caretaker
CT_65 Mon Early Caretaker
CT_65 Tue Early Caretaker
CT_66 Mon Early Caretaker
CT_66 Tue Early Caretaker
CT_66 Wed Early Caretaker
CT_66 Thu Early Caretaker
CT_66 Fri Early Caretaker
CT_67 Tue Early Caretaker
CT_67 Wed Early Caretaker
CT_67 Thu Day Caretaker
CT_67 Fri Day Caretaker
CT_68 Mon Day Caretaker
CT_68 Tue Day Caretaker
CT_68 Wed Day Caretaker
CT_68 Sat Late Caretaker
CT_68 Sun Late Caretaker
CT_69 Mon Night Caretaker
CT_69 Tue Night Caretaker
CT_69 Wed Night Caretaker
CT_69 Thu Night Caretaker
CT_69 Fri Night Caretaker
CT_70 Mon Night Caretaker
CT_70 Thu Early Caretaker
CT_70 Fri Early Caretaker
CT_70 Sat Day Caretaker
CT_70 Sun Day Caretaker
CT_71 Mon Early Caretaker
CT_71 Tue Early Caretaker
CT_72 Tue Day Caretaker
CT_72 Wed Day Caretaker
CT_72 Thu Day Caretaker
CT_72 Fri Day Caretaker
CT_73 Tue Night Caretaker
CT_73 Wed Night Caretaker
CT_73 Thu Night Caretaker
CT_73 Fri Night Caretaker
CT_74 Mon Early Caretaker
CT_74 Tue Early Caretaker
CT_74 Wed Late Caretaker
CT_74 Thu Late Caretaker
CT_74 Fri Late Caretaker
CT_75 Mon Night Caretaker
CT_75 Tue Night Caretaker
CT_75 Wed Night Caretaker
CT_75 Thu Night Caretaker
CT_75 Fri Night Caretaker
CT_77 Mon Early Caretaker
CT_77 Tue Early Caretaker
CT_77 Wed Early Caretaker
CT_77 Thu Day Caretaker
CT_77 Fri Day Caretaker
CT_78 Mon Late Caretaker
CT_78 Tue Late Caretaker
CT_78 Wed Late Caretaker
CT_78 Thu Late Caretaker
CT_78 Fri Late Caretaker
CT_79 Fri Day Caretaker
CT_79 Sat Day Caretaker
CT_79 Sun Early Caretaker
TR_80 Tue Late Trainee
TR_80 Wed Late Trainee
TR_82 Thu Late Trainee
TR_82 Fri Late Trainee
TR_83 Sat Early Trainee
TR_83 Sun Early Trainee
TR_84 Mon Day Trainee
TR_84 Tue Day Trainee
TR_84 Wed Day Trainee
TR_84 Thu Day Trainee
TR_84 Fri Day Trainee
TR_85 Mon Late Trainee
TR_85 Tue Late Trainee
TR_86 Mon Late Trainee
TR_86 Tue Late Trainee
TR_86 Wed Late Trainee
TR_87 Mon Night Trainee
TR_87 Tue Night Trainee
TR_87 Wed Night Trainee
TR_87 Thu Night Trainee
TR_87 Fri Night Trainee
TR_89 Tue Day Trainee
TR_89 Wed Day Trainee
TR_90 Mon Day Trainee
TR_90 Thu Early Trainee
TR_90 Fri Early Trainee
TR_90 Sat Day Trainee
TR_90 Sun Day Trainee
TR_91 Mon Early Trainee
TR_91 Tue Early Trainee
TR_92 Mon Late Trainee
TR_92 Tue Late Trainee
TR_92 Wed Late Trainee
TR_92 Thu Late Trainee
TR_92 Fri Late Trainee
TR_93 Mon Early Trainee
TR_93 Tue Early Trainee
TR_93 Wed Early Trainee
TR_93 Thu Day Trainee
TR_93 Fri Day Trainee
TR_94 Mon Late Trainee
TR_95 Mon Day Trainee
TR_95 Tue Day Trainee
TR_96 Mon Night Trainee
TR_96 Tue Night Trainee
TR_96 Wed Night Trainee
TR_96 Thu Night Trainee
TR_96 Fri Night Trainee
TR_97 Wed Early Trainee
TR_97 Thu Early Trainee
TR_97 Fri Early Trainee
TR_97 Sat Late Trainee
TR_97 Sun Late Trainee
TR_98 Wed Early Trainee
TR_98 Thu Early Trainee
TR_98 Fri Late Trainee
TR_98 Sat Late Trainee
TR_98 Sun Late Trainee
TR_99 Mon Night Trainee
TR_99 Tue Night Trainee
TR_99 Fri Early Trainee
TR_99 Sat Early Trainee
TR_99 Sun Day Trainee
TR_100 Mon Late Trainee
TR_100 Tue Late Trainee
TR_100 Fri Night Trainee
TR_100 Sat Night Trainee
TR_100 Sun Night Trainee
TR_101 Wed Day Trainee
TR_101 Thu Day Trainee
TR_101 Fri Day Trainee
TR_102 Mon Early Trainee
TR_102 Tue Early Trainee
TR_103 Thu Late Trainee
TR_103 Fri Late Trainee
TR_105 Thu Day Trainee
TR_105 Fri Day Trainee
TR_106 Mon Day Trainee
TR_106 Tue Day Trainee
TR_107 Tue Night Trainee
TR_107 Wed Night Trainee
TR_107 Thu Night Trainee
TR_107 Fri Night Trainee
TR_108 Mon Early Trainee
TR_109 Wed Late Trainee
TR_109 Thu Late Trainee
TR_109 Fri Late Trainee
