SOLUTION
0 n110w8

ASSIGNMENTS = 368
HN_0 Wed Day HeadNurse
HN_0 Thu Day HeadNurse
HN_0 Fri Day HeadNurse
HN_1 Mon Day HeadNurse
HN_1 Tue Day HeadNurse
HN_1 Wed Late HeadNurse
HN_1 Thu Late HeadNurse
HN_1 Fri Late HeadNurse
HN_2 Mon Late HeadNurse
HN_2 Tue Late HeadNurse
HN_2 Wed Late Nurse
HN_2 Sat Night Nurse
HN_2 Sun Night HeadNurse
HN_3 Mon Early HeadNurse
HN_3 Tue Early HeadNurse
HN_3 Wed Early HeadNurse
HN_3 Sat Early HeadNurse
HN_3 Sun Early HeadNurse
HN_4 Tue Night HeadNurse
HN_4 Wed Night HeadNurse
HN_4 Thu Night Nurse
HN_4 Fri Night HeadNurse
HN_5 Mon Night HeadNurse
HN_5 Tue Night HeadNurse
HN_5 Wed Night HeadNurse
HN_6 Wed Day HeadNurse
HN_6 Thu Day HeadNurse
HN_7 Thu Day Nurse
HN_7 Fri Day HeadNurse
HN_8 Mon Late Nurse
HN_8 Tue Late Nurse
HN_10 Mon Early HeadNurse
HN_10 Tue Early HeadNurse
HN_10 Fri Night Nurse
HN_10 Sat Night Nurse
HN_10 Sun Night HeadNurse
HN_11 Fri Late Nurse
HN_11 Sat Late Nurse
HN_11 Sun Late HeadNurse
HN_12 Thu Late Nurse
HN_12 Fri Late Nurse
HN_12 Sat Late Nurse
HN_12 Sun Late HeadNurse
HN_13 Sat Day HeadNurse
HN_13 Sun Day Nurse
HN_14 Tue Late Nurse
HN_14 Wed Late Nurse
HN_16 Mon Night Nurse
HN_16 Tue Night Nurse
HN_16 Wed Night HeadNurse
HN_16 Thu Night Nurse
HN_17 Mon Day Nurse
HN_17 Tue Day Nurse
HN_17 Wed Early Nurse
HN_17 Thu Early HeadNurse
HN_18 Thu Early Nurse
HN_18 Fri Early HeadNurse
HN_19 Wed Early Nurse
HN_19 Thu Early Nurse
HN_19 Fri Early Nurse
NU_20 Mon Night Nurse
NU_21 Mon Late Nurse
NU_21 Tue Late Nurse
NU_21 Wed Late Caretaker
NU_21 Thu Late Caretaker
NU_21 Fri Late Caretaker
NU_22 Mon Day Nurse
NU_22 Tue Day Nurse
NU_22 Wed Day Nurse
NU_23 Mon Early Nurse
NU_23 Tue Early Nurse
NU_24 Thu Early Nurse
NU_24 Fri Early Nurse
NU_25 Mon Night Nurse
NU_25 Tue Night Nurse
NU_25 Wed Night Nurse
NU_25 Thu Night Nurse
NU_25 Fri Night Nurse
NU_26 Fri Day Nurse
NU_26 Sat Day Nurse
NU_26 Sun Day Caretaker
NU_27 Wed Day Nurse
NU_27 Thu Day Nurse
NU_27 Fri Late Caretaker
NU_27 Sat Late Caretaker
NU_27 Sun Late Nurse
NU_28 Thu Day Nurse
NU_28 Fri Day Nurse
NU_28 Sat Day Nurse
NU_28 Sun Early Nurse
NU_29 Mon Late Caretaker
NU_29 Thu Night Nurse
NU_29 Fri Night Caretaker
NU_29 Sat Night Nurse
NU_29 Sun Night Nurse
NU_30 Mon Night Caretaker
NU_30 Thu Day Nurse
NU_30 Fri Day Caretaker
NU_30 Sat Late Caretaker
NU_30 Sun Late Nurse
NU_31 Sat Early Nurse
NU_31 Sun Early Nurse
NU_32 Tue Early Nurse
NU_32 Wed Early Caretaker
NU_33 Mon Night Caretaker
NU_33 Thu Early Caretaker
NU_33 Fri Early Caretaker
NU_33 Sat Early Nurse
NU_33 Sun Early Caretaker
NU_34 Tue Day Caretaker
NU_34 Wed Day Nurse
NU_34 Thu Day Caretaker
NU_35 Tue Day Caretaker
NU_35 Wed Day Nurse
NU_36 Mon Early Nurse
NU_36 Tue Early Caretaker
NU_37 Mon Early Nurse
NU_37 Tue Early Caretaker
NU_37 Wed Day Caretaker
NU_37 Thu Day Caretaker
NU_37 Fri Day Caretaker
NU_38 Mon Night Caretaker
NU_38 Tue Night Nurse
NU_38 Wed Night Caretaker
NU_38 Thu Night Caretaker
NU_39 Wed Early Caretaker
NU_39 Thu Early Caretaker
NU_39 Fri Early Caretaker
CT_40 Mon Day Caretaker
CT_41 Wed Early Caretaker
CT_41 Thu Early Caretaker
CT_41 Fri Night Caretaker
CT_41 Sat Night Caretaker
CT_41 Sun Night Caretaker
CT_42 Mon Day Caretaker
CT_42 Fri Early Caretaker
CT_42 Sat Early Caretaker
CT_42 Sun Late Caretaker
CT_43 Tue Day Caretaker
CT_43 Wed Day Caretaker
CT_43 Thu Day Caretaker
CT_43 Fri Day Caretaker
CT_44 Mon Late Caretaker
CT_44 Tue Late Caretaker
CT_44 Wed Late Caretaker
CT_45 Mon Day Caretaker
CT_45 Tue Day Caretaker
CT_45 Wed Late Caretaker
CT_45 Thu Late Caretaker
CT_45 Fri Late Caretaker
CT_46 Tue Early Caretaker
CT_46 Wed Early Caretaker
CT_46 Thu Day Caretaker
CT_46 Fri Day Caretaker
CT_47 Tue Night Caretaker
CT_47 Wed Night Caretaker
CT_47 Thu Night Caretaker
CT_47 Fri Night Caretaker
CT_48 Mon Night Caretaker
CT_48 Tue Night Caretaker
CT_48 Wed Night Caretaker
CT_48 Thu Night Caretaker
CT_49 Sat Late Caretaker
CT_49 Sun Late Caretaker
CT_50 Mon Late Caretaker
CT_50 Tue Late Caretaker
CT_50 Wed Late Caretaker
CT_50 Thu Late Caretaker
CT_50 Fri Late Caretaker
CT_51 Mon Day Caretaker
CT_51 Tue Day Caretaker
CT_51 Wed Day Caretaker
CT_52 Mon Early Caretaker
CT_52 Tue Early Caretaker
CT_52 Fri Early Caretaker
CT_52 Sat Early Caretaker
CT_52 Sun Early Caretaker
CT_53 Sat Early Caretaker
CT_53 Sun Early Caretaker
CT_54 Mon Night Caretaker
CT_54 Tue Night Caretaker
CT_54 Wed Night Caretaker
CT_54 Thu Night Caretaker
CT_54 Fri Night Caretaker
CT_55 Wed Early Caretaker
CT_55 Thu Early Caretaker
CT_55 Fri Early Caretaker
CT_56 Mon Day Caretaker
CT_56 Tue Day Caretaker
CT_56 Wed Day Caretaker
CT_56 Thu Late Caretaker
CT_56 Fri Late Caretaker
CT_57 Mon Early Caretaker
CT_58 Sat Day Caretaker
CT_58 Sun Day Caretaker
CT_59 Tue Early Caretaker
CT_59 Wed Early Caretaker
CT_59 Thu Early Caretaker
CT_59 Fri Early Caretaker
CT_60 Mon Early Caretaker
CT_60 Tue Early Caretaker
CT_60 Wed Early Caretaker
CT_60 Thu Early Caretaker
CT_60 Fri Early Caretaker
CT_61 Mon Late Caretaker
CT_61 Tue Late Caretaker
CT_61 Wed Late Caretaker
CT_62 Sat Night Caretaker
CT_62 Sun Night Caretaker
CT_63 Mon Early Caretaker
CT_63 Tue Early Caretaker
CT_63 Wed Late Caretaker
CT_63 Thu Late Caretaker
CT_64 Wed Late Caretaker
CT_64 Thu Late Caretaker
CT_64 Fri Late Caretaker
CT_65 Thu Early Caretaker
CT_65 Fri Early Caretaker
CT_66 Mon Day Caretaker
CT_66 Tue Day Caretaker
CT_66 Wed Day Caretaker
CT_66 Thu Late Caretaker
CT_66 Fri Late Caretaker
CT_67 Mon Late Caretaker
CT_67 Tue Late Caretaker
CT_67 Sat Day Caretaker
CT_67 Sun Day Caretaker
CT_68 Mon Night Caretaker
CT_68 Tue Night Caretaker
CT_68 Wed Night Caretaker
CT_68 Thu Night Caretaker
CT_68 Fri Night Caretaker
CT_69 Fri Night Caretaker
CT_69 Sat Night Caretaker
CT_69 Sun Night Caretaker
CT_70 Mon Late Caretaker
CT_70 Tue Late Caretaker
CT_70 Wed Late Caretaker
CT_70 Thu Late Caretaker
CT_70 Fri Late Caretaker
CT_71 Mon Early Caretaker
CT_71 Tue Early Caretaker
CT_72 Tue Day Caretaker
CT_72 Wed Day Caretaker
CT_72 Thu Day Caretaker
CT_72 Fri Day Caretaker
CT_73 Fri Late Caretaker
CT_73 Sat Late Caretaker
CT_73 Sun Late Caretaker
CT_74 Mon Night Caretaker
CT_74 Tue Night Caretaker
CT_74 Wed Night Caretaker
CT_74 Thu Night Caretaker
CT_74 Fri Night Caretaker
CT_75 Mon Early Caretaker
CT_75 Sat Night Caretaker
CT_75 Sun Night Caretaker
CT_76 Wed Day Caretaker
CT_76 Thu Day Caretaker
CT_77 Wed Day Caretaker
CT_77 Thu Day Caretaker
CT_77 Fri Day Caretaker
CT_78 Mon Night Caretaker
CT_78 Tue Night Caretaker
CT_78 Wed Night Caretaker
CT_78 Sat Day Caretaker
CT_78 Sun Day Caretaker
CT_79 Mon Early Caretaker
CT_79 Sat Early Caretaker
CT_79 Sun Early Caretaker
TR_80 Mon Day Trainee
TR_80 Tue Day Trainee
TR_82 Thu Late Trainee
TR_82 Fri Late Trainee
TR_83 Mon Early Trainee
TR_83 Tue Early Trainee
TR_83 Wed Early Trainee
TR_83 Thu Early Trainee
TR_84 Tue Night Trainee
TR_84 Wed Night Trainee
TR_84 Thu Night Trainee
TR_84 Fri Night Trainee
TR_85 Wed Late Trainee
TR_85 Thu Late Trainee
TR_86 Mon Night Trainee
TR_86 Tue Night Trainee
TR_86 Fri Day Trainee
TR_86 Sat Day Trainee
TR_86 Sun Early Trainee
TR_87 Mon Early Trainee
TR_87 Tue Early Trainee
TR_87 Wed Early Trainee
TR_87 Sat Night Trainee
TR_87 Sun Night Trainee
TR_88 Wed Early Trainee
TR_88 Thu Early Trainee
TR_89 Sat Late Trainee
TR_89 Sun Late Trainee
TR_90 Mon Early Trainee
TR_90 Tue Early Trainee
TR_90 Wed Early Trainee
TR_90 Thu Early Trainee
TR_90 Fri Early Trainee
TR_91 Mon Day Trainee
TR_92 Mon Late Trainee
TR_92 Tue Late Trainee
TR_92 Fri Day Trainee
TR_92 Sat Day Trainee
TR_92 Sun Day Trainee
TR_93 Mon Night Trainee
TR_93 Tue Night Trainee
TR_93 Wed Night Trainee
TR_93 Thu Night Trainee
TR_93 Fri Night Trainee
TR_94 Wed Day Trainee
TR_94 Thu Day Trainee
TR_94 Fri Late Trainee
TR_94 Sat Late Trainee
TR_94 Sun Late Trainee
TR_95 Mon Late Trainee
TR_95 Tue Late Trainee
TR_96 Mon Day Trainee
TR_96 Tue Day Trainee
TR_96 Wed Late Trainee
TR_96 Thu Late Trainee
TR_97 Wed Day Trainee
TR_97 Thu Day Trainee
TR_97 Fri Day Trainee
TR_98 Mon Night Trainee
TR_98 Tue Night Trainee
TR_98 Wed Night Trainee
TR_98 Thu Night Trainee
TR_98 Fri Night Trainee
TR_99 Wed Day Trainee
TR_99 Thu Day Trainee
TR_99 Fri Day Trainee
TR_100 Mon Day Trainee
TR_100 Tue Day Trainee
TR_100 Wed Late Trainee
TR_100 Thu Late Trainee
TR_100 Fri Late Trainee
TR_101 Fri Late Trainee
TR_101 Sat Late Trainee
TR_101 Sun Late Trainee
TR_102 Tue Late Trainee
TR_102 Wed Late Trainee
TR_103 Wed Day Trainee
TR_103 Thu Day Trainee
TR_104 Tue Late Trainee
TR_104 Wed Late Trainee
TR_104 Thu Late Trainee
TR_104 Fri Late Trainee
TR_105 Thu Early Trainee
TR_105 Fri Early Trainee
TR_106 Mon Late Trainee
TR_106 Tue Late Trainee
TR_107 Fri Early Trainee
TR_107 Sat Early Trainee
TR_107 Sun Late Trainee
TR_108 Thu Day Trainee
TR_108 Fri Day Trainee
TR_108 Sat Day Trainee
TR_108 Sun Early Trainee
TR_109 Mon Early Trainee
TR_109 Tue Early Trainee
TR_109 Wed Early Trainee
TR_109 Thu Early Trainee
TR_109 Fri Early Trainee
