SOLUTION
6 n110w8

ASSIGNMENTS = 364
HN_0 Mon Night HeadNurse
HN_0 Tue Night HeadNurse
HN_0 Wed Night HeadNurse
HN_0 Sat Night Nurse
HN_0 Sun Night HeadNurse
HN_1 Mon Day HeadNurse
HN_1 Thu Day HeadNurse
HN_1 Fri Day HeadNurse
HN_1 Sat Day HeadNurse
HN_1 Sun Late HeadNurse
HN_2 Wed Day HeadNurse
HN_2 Thu Day HeadNurse
HN_2 Fri Day HeadNurse
HN_3 Mon Day Nurse
HN_3 Tue Day HeadNurse
HN_3 Wed Late HeadNurse
HN_3 Thu Late HeadNurse
HN_3 Fri Late HeadNurse
HN_4 Mon Night Nurse
HN_4 Tue Night HeadNurse
HN_4 Wed Night HeadNurse
HN_4 Thu Night Nurse
HN_4 Fri Night HeadNurse
HN_5 Mon Early HeadNurse
HN_5 Thu Night Nurse
HN_5 Fri Night Nurse
HN_5 Sat Night Nurse
HN_5 Sun Night HeadNurse
HN_6 Wed Day HeadNurse
HN_6 Thu Day Nurse
HN_7 Tue Day Nurse
HN_7 Wed Day Nurse
HN_9 Sat Early HeadNurse
HN_9 Sun Early HeadNurse
HN_10 Mon Night Nurse
HN_10 Tue Night Nurse
HN_10 Wed Night HeadNurse
HN_10 Thu Night Nurse
HN_10 Fri Night Nurse
HN_11 Wed Early HeadNurse
HN_11 Thu Early HeadNurse
HN_11 Fri Early HeadNurse
HN_12 Mon Late HeadNurse
HN_12 Tue Late HeadNurse
HN_12 Wed Late Nurse
HN_13 Mon Early HeadNurse
HN_13 Tue Early HeadNurse
HN_13 Wed Day Nurse
HN_13 Thu Day Nurse
HN_13 Fri Day Nurse
HN_14 Sat Early Nurse
HN_14 Sun Early Nurse
HN_15 Mon Day Nurse
HN_15 Tue Day Nurse
HN_16 Wed Day Nurse
HN_16 Thu Day Nurse
HN_16 Fri Day Nurse
HN_17 Tue Early HeadNurse
HN_17 Wed Early Nurse
HN_17 Thu Early Nurse
HN_17 Fri Early Nurse
HN_18 Sat Late Nurse
HN_18 Sun Late HeadNurse
HN_19 Mon Late Nurse
HN_19 Tue Late Nurse
HN_19 Wed Late Nurse
NU_21 Mon Early Nurse
NU_21 Thu Day Nurse
NU_21 Fri Day Caretaker
NU_21 Sat Late Nurse
NU_21 Sun Late Nurse
NU_22 Fri Night Caretaker
NU_22 Sat Night Nurse
NU_22 Sun Night Nurse
NU_23 Mon Late Nurse
NU_23 Sat Day Nurse
NU_23 Sun Day Nurse
NU_24 Mon Late Caretaker
NU_24 Tue Late Nurse
NU_25 Mon Night Nurse
NU_25 Tue Night Nurse
NU_25 Wed Night Nurse
NU_25 Thu Night Caretaker
NU_25 Fri Night Caretaker
NU_26 Sat Night Nurse
NU_26 Sun Night Caretaker
NU_27 Mon Early Nurse
NU_27 Tue Early Nurse
NU_27 Wed Early Nurse
NU_27 Thu Early Nurse
NU_27 Fri Early Nurse
NU_28 Wed Late Caretaker
NU_28 Thu Late Nurse
NU_28 Fri Late Nurse
NU_29 Mon Late Caretaker
NU_29 Tue Late Nurse
NU_29 Fri Late Nurse
NU_29 Sat Late Caretaker
NU_29 Sun Late Nurse
NU_30 Tue Night Nurse
NU_30 Wed Night Caretaker
NU_30 Thu Night Caretaker
NU_30 Fri Night Caretaker
NU_31 Tue Day Caretaker
NU_31 Wed Day Nurse
NU_32 Sat Day Nurse
NU_32 Sun Day Caretaker
NU_33 Mon Late Caretaker
NU_33 Tue Late Caretaker
NU_33 Wed Late Caretaker
NU_33 Sat Night Caretaker
NU_33 Sun Night Caretaker
NU_34 Thu Early Nurse
NU_34 Fri Early Caretaker
NU_34 Sat Early Nurse
NU_34 Sun Early Nurse
NU_35 Mon Early Nurse
NU_35 Tue Early Nurse
NU_36 Tue Late Caretaker
NU_36 Wed Late Caretaker
NU_37 Mon Early Caretaker
NU_37 Tue Early Caretaker
NU_37 Wed Early Caretaker
NU_37 Sat Early Caretaker
NU_37 Sun Early Caretaker
NU_38 Tue Night Caretaker
NU_38 Wed Night Caretaker
NU_38 Thu Night Caretaker
NU_38 Fri Night Caretaker
NU_39 Mon Night Caretaker
NU_39 Tue Night Caretaker
NU_39 Wed Night Caretaker
CT_40 Mon Night Caretaker
CT_41 Fri Late Caretaker
CT_41 Sat Late Caretaker
CT_41 Sun Late Caretaker
CT_42 Wed Day Caretaker
CT_42 Thu Day Caretaker
CT_42 Fri Day Caretaker
CT_43 Tue Day Caretaker
CT_43 Wed Day Caretaker
CT_43 Thu Day Caretaker
CT_43 Fri Day Caretaker
CT_44 Wed Day Caretaker
CT_44 Thu Day Caretaker
CT_44 Fri Day Caretaker
CT_45 Mon Night Caretaker
CT_45 Thu Early Caretaker
CT_45 Fri Early Caretaker
CT_45 Sat Late Caretaker
CT_45 Sun Late Caretaker
CT_46 Tue Early Caretaker
CT_46 Wed Early Caretaker
CT_46 Thu Early Caretaker
CT_46 Fri Early Caretaker
CT_47 Tue Day Caretaker
CT_47 Wed Day Caretaker
CT_47 Thu Day Caretaker
CT_48 Thu Early Caretaker
CT_48 Fri Early Caretaker
CT_48 Sat Early Caretaker
CT_48 Sun Early Caretaker
CT_49 Mon Day Caretaker
CT_49 Tue Day Caretaker
CT_49 Wed Day Caretaker
CT_49 Thu Late Caretaker
CT_49 Fri Late Caretaker
CT_50 Mon Day Caretaker
CT_50 Thu Day Caretaker
CT_50 Fri Day Caretaker
CT_50 Sat Day Caretaker
CT_50 Sun Early Caretaker
CT_51 Tue Late Caretaker
CT_51 Wed Late Caretaker
CT_51 Thu Late Caretaker
CT_52 Mon Day Caretaker
CT_52 Tue Day Caretaker
CT_52 Wed Early Caretaker
CT_52 Thu Early Caretaker
CT_52 Fri Early Caretaker
CT_53 Mon Late Caretaker
CT_53 Fri Late Caretaker
CT_53 Sat Late Caretaker
CT_53 Sun Late Caretaker
CT_54 Mon Late Caretaker
CT_54 Tue Late Caretaker
CT_54 Fri Early Caretaker
CT_54 Sat Early Caretaker
CT_54 Sun Day Caretaker
CT_55 Mon Early Caretaker
CT_55 Tue Early Caretaker
CT_56 Mon Early Caretaker
CT_56 Thu Early Caretaker
CT_56 Fri Early Caretaker
CT_56 Sat Day Caretaker
CT_56 Sun Day Caretaker
CT_57 Fri Night Caretaker
CT_57 Sat Night Caretaker
CT_57 Sun Night Caretaker
CT_58 Tue Early Caretaker
CT_58 Wed Early Caretaker
CT_59 Mon Night Caretaker
CT_59 Tue Night Caretaker
CT_59 Wed Night Caretaker
CT_60 Mon Day Caretaker
CT_60 Tue Day Caretaker
CT_60 Wed Late Caretaker
CT_60 Thu Late Caretaker
CT_60 Fri Late Caretaker
CT_61 Mon Night Caretaker
CT_61 Tue Night Caretaker
CT_61 Wed Night Caretaker
CT_61 Thu Night Caretaker
CT_63 Mon Night Caretaker
CT_64 Wed Late Caretaker
CT_64 Thu Late Caretaker
CT_64 Fri Late Caretaker
CT_65 Wed Day Caretaker
CT_65 Thu Day Caretaker
CT_66 Mon Night Caretaker
CT_66 Tue Night Caretaker
CT_66 Wed Night Caretaker
CT_66 Thu Night Caretaker
CT_66 Fri Night Caretaker
CT_67 Mon Night Caretaker
CT_67 Tue Night Caretaker
CT_67 Wed Night Caretaker
CT_67 Thu Night Caretaker
CT_68 Mon Late Caretaker
CT_68 Tue Late Caretaker
CT_68 Wed Late Caretaker
CT_68 Thu Late Caretaker
CT_68 Fri Late Caretaker
CT_70 Mon Early Caretaker
CT_70 Tue Early Caretaker
CT_70 Fri Night Caretaker
CT_70 Sat Night Caretaker
CT_70 Sun Night Caretaker
CT_72 Mon Early Caretaker
CT_72 Tue Early Caretaker
CT_72 Wed Early Caretaker
CT_72 Thu Early Caretaker
CT_73 Mon Early Caretaker
CT_73 Tue Early Caretaker
CT_73 Wed Early Caretaker
CT_73 Thu Late Caretaker
CT_73 Fri Late Caretaker
CT_74 Mon Early Caretaker
CT_74 Tue Early Caretaker
CT_74 Wed Early Caretaker
CT_74 Thu Early Caretaker
CT_74 Fri Early Caretaker
CT_75 Wed Late Caretaker
CT_75 Thu Late Caretaker
CT_75 Fri Late Caretaker
CT_76 Sat Early Caretaker
CT_76 Sun Early Caretaker
CT_77 Mon Day Caretaker
CT_77 Tue Day Caretaker
CT_77 Wed Day Caretaker
CT_78 Mon Day Caretaker
CT_78 Tue Day Caretaker
CT_78 Wed Day Caretaker
CT_78 Thu Late Caretaker
CT_78 Fri Late Caretaker
CT_79 Thu Day Caretaker
CT_79 Fri Day Caretaker
CT_79 Sat Day Caretaker
CT_79 Sun Day Caretaker
TR_80 Mon Day Trainee
TR_80 Tue Day Trainee
TR_81 Sat Day Trainee
TR_81 Sun Day Trainee
TR_82 Tue Late Trainee
TR_82 Wed Late Trainee
TR_83 Tue Night Trainee
TR_83 Wed Night Trainee
TR_83 Thu Night Trainee
TR_83 Fri Night Trainee
TR_84 Mon Early Trainee
TR_84 Tue Early Trainee
TR_84 Wed Late Trainee
TR_84 Thu Late Trainee
TR_84 Fri Late Trainee
TR_86 Wed Day Trainee
TR_86 Thu Day Trainee
TR_86 Fri Day Trainee
TR_87 Mon Early Trainee
TR_87 Tue Early Trainee
TR_87 Wed Early Trainee
TR_87 Thu Late Trainee
TR_87 Fri Late Trainee
TR_88 Sat Late Trainee
TR_88 Sun Late Trainee
TR_89 Thu Early Trainee
TR_89 Fri Early Trainee
TR_90 Mon Late Trainee
TR_90 Tue Late Trainee
TR_90 Fri Early Trainee
TR_90 Sat Early Trainee
TR_90 Sun Day Trainee
TR_91 Mon Early Trainee
TR_91 Sat Early Trainee
TR_91 Sun Early Trainee
TR_92 Mon Night Trainee
TR_92 Tue Night Trainee
TR_92 Wed Night Trainee
TR_92 Thu Night Trainee
TR_92 Fri Night Trainee
TR_93 Mon Late Trainee
TR_93 Tue Late Trainee
TR_93 Wed Late Trainee
TR_93 Thu Late Trainee
TR_93 Fri Late Trainee
TR_94 Fri Late Trainee
TR_94 Sat Late Trainee
TR_94 Sun Late Trainee
TR_95 Mon Day Trainee
TR_95 Tue Day Trainee
TR_96 Mon Night Trainee
TR_96 Tue Night Trainee
TR_96 Wed Night Trainee
TR_96 Thu Night Trainee
TR_97 Mon Day Trainee
TR_97 Tue Day Trainee
TR_97 Wed Day Trainee
TR_97 Thu Day Trainee
TR_98 Wed Early Trainee
TR_98 Thu Early Trainee
TR_98 Fri Early Trainee
TR_98 Sat Late Trainee
TR_98 Sun Late Trainee
TR_99 Mon Night Trainee
TR_99 Fri Night Trainee
TR_99 Sat Night Trainee
TR_99 Sun Night Trainee
TR_100 Mon Late Trainee
TR_100 Tue Late Trainee
TR_100 Fri Day Trainee
TR_100 Sat Day Trainee
TR_100 Sun Late Trainee
TR_101 Mon Early Trainee
TR_101 Tue Early Trainee
TR_101 Wed Early Trainee
TR_101 Thu Day Trainee
TR_101 Fri Day Trainee
TR_103 Tue Day Trainee
TR_103 Wed Day Trainee
TR_104 Wed Early Trainee
TR_104 Thu Early Trainee
TR_104 Fri Early Trainee
TR_104 Sat Day Trainee
TR_104 Sun Day Trainee
TR_105 Thu Late Trainee
TR_105 Fri Late Trainee
TR_106 Wed Early Trainee
TR_106 Thu Early Trainee
TR_107 Mon Day Trainee
TR_108 Fri Day Trainee
TR_108 Sat Day Trainee
TR_108 Sun Early Trainee
TR_109 Wed Day Trainee
TR_109 Thu Day Trainee
TR_109 Fri Day Trainee
