SOLUTION
5 n110w8

ASSIGNMENTS = 375
HN_0 Mon Day HeadNurse
HN_0 Tue Day HeadNurse
HN_0 Wed Day Nurse
HN_0 Sat Night Nurse
HN_0 Sun Night HeadNurse
HN_1 Mon Late HeadNurse
HN_1 Thu Early HeadNurse
HN_1 Fri Early HeadNurse
HN_1 Sat Early Nurse
HN_1 Sun Day HeadNurse
HN_2 Wed Early HeadNurse
HN_2 Thu Early Nurse
HN_2 Fri Early HeadNurse
HN_3 Mon Day HeadNurse
HN_3 Tue Day Nurse
HN_3 Wed Day Nurse
HN_3 Thu Early Nurse
HN_3 Fri Early Nurse
HN_4 Mon Early HeadNurse
HN_4 Tue Early Nurse
HN_4 Wed Early HeadNurse
HN_4 Thu Day HeadNurse
HN_4 Fri Day HeadNurse
HN_5 Mon Late HeadNurse
HN_5 Tue Late HeadNurse
HN_5 Wed Late HeadNurse
HN_5 Sat Early Nurse
HN_5 Sun Early HeadNurse
HN_6 Mon Early HeadNurse
HN_6 Tue Early Nurse
HN_7 Mon Day Nurse
HN_7 Tue Day Nurse
HN_8 Sat Early Nurse
HN_8 Sun Early Nurse
HN_9 Thu Day HeadNurse
HN_9 Fri Day HeadNurse
HN_10 Mon Night HeadNurse
HN_10 Tue Night HeadNurse
HN_10 Wed Night HeadNurse
HN_10 Thu Night HeadNurse
HN_10 Fri Night HeadNurse
HN_11 Mon Early Nurse
HN_11 Tue Early Nurse
HN_11 Wed Early Nurse
HN_11 Thu Day Nurse
HN_11 Fri Day Nurse
HN_12 Mon Late Nurse
HN_12 Tue Late Nurse
HN_12 Wed Late HeadNurse
HN_12 Thu Late HeadNurse
HN_12 Fri Late HeadNurse
HN_13 Mon Night HeadNurse
HN_13 Tue Night Nurse
HN_13 Wed Night Nurse
HN_13 Thu Night HeadNurse
HN_13 Fri Night HeadNurse
HN_14 Thu Early Nurse
HN_14 Fri Early Nurse
HN_16 Mon Day Nurse
HN_16 Fri Late HeadNurse
HN_16 Sat Late HeadNurse
HN_16 Sun Late HeadNurse
HN_17 Mon Night Nurse
HN_18 Thu Late HeadNurse
HN_18 Fri Late Nurse
HN_19 Wed Late Nurse
HN_19 Thu Late Nurse
HN_19 Fri Late Nurse
NU_20 Sat Day Nurse
NU_20 Sun Day Nurse
NU_21 Mon Early Caretaker
NU_21 Thu Day Nurse
NU_21 Fri Day Nurse
NU_21 Sat Early Caretaker
NU_21 Sun Early Nurse
NU_22 Thu Night Nurse
NU_22 Fri Night Nurse
NU_22 Sat Night Caretaker
NU_22 Sun Night Nurse
NU_23 Fri Late Nurse
NU_23 Sat Late Nurse
NU_23 Sun Late Nurse
NU_25 Mon Early Caretaker
NU_25 Tue Early Caretaker
NU_25 Wed Early Nurse
NU_25 Thu Day Nurse
NU_25 Fri Day Nurse
NU_26 Tue Night Nurse
NU_26 Wed Night Nurse
NU_26 Thu Night Nurse
NU_26 Fri Night Nurse
NU_27 Mon Early Caretaker
NU_27 Tue Early Caretaker
NU_27 Wed Day Caretaker
NU_27 Thu Day Nurse
NU_27 Fri Day Nurse
NU_28 Mon Night Nurse
NU_28 Tue Night Nurse
NU_28 Wed Night Nurse
NU_28 Thu Night Caretaker
NU_28 Fri Night Caretaker
NU_29 Mon Late Nurse
NU_29 Tue Late Caretaker
NU_29 Wed Late Nurse
NU_29 Sat Late Caretaker
NU_29 Sun Late Caretaker
NU_30 Mon Late Nurse
NU_30 Tue Late Caretaker
NU_30 Wed Late Nurse
NU_31 Wed Late Caretaker
NU_31 Thu Late Nurse
NU_32 Thu Early Nurse
NU_32 Fri Early Caretaker
NU_33 Mon Night Nurse
NU_33 Tue Night Caretaker
NU_33 Wed Night Nurse
NU_33 Thu Night Caretaker
NU_33 Fri Night Caretaker
NU_34 Mon Day Nurse
NU_34 Tue Day Caretaker
NU_34 Wed Late Caretaker
NU_34 Thu Late Caretaker
NU_34 Fri Late Nurse
NU_35 Wed Early Nurse
NU_35 Thu Early Caretaker
NU_36 Mon Early Caretaker
NU_37 Mon Late Caretaker
NU_37 Tue Late Caretaker
NU_37 Wed Late Caretaker
NU_37 Thu Late Caretaker
NU_37 Fri Late Caretaker
NU_38 Mon Night Caretaker
NU_39 Mon Day Nurse
NU_39 Sat Night Caretaker
NU_39 Sun Night Nurse
CT_40 Fri Night Caretaker
CT_40 Sat Night Caretaker
CT_40 Sun Night Caretaker
CT_41 Mon Early Caretaker
CT_41 Tue Early Caretaker
CT_41 Wed Day Caretaker
CT_41 Thu Day Caretaker
CT_42 Mon Early Caretaker
CT_42 Tue Early Caretaker
CT_42 Wed Early Caretaker
CT_42 Thu Early Caretaker
CT_43 Mon Night Caretaker
CT_44 Wed Late Caretaker
CT_44 Thu Late Caretaker
CT_44 Fri Late Caretaker
CT_45 Mon Late Caretaker
CT_45 Tue Late Caretaker
CT_45 Fri Night Caretaker
CT_45 Sat Night Caretaker
CT_45 Sun Night Caretaker
CT_46 Mon Late Caretaker
CT_47 Wed Early Caretaker
CT_47 Thu Early Caretaker
CT_47 Fri Early Caretaker
CT_48 Mon Night Caretaker
CT_48 Tue Night Caretaker
CT_48 Wed Night Caretaker
CT_49 Mon Day Caretaker
CT_49 Tue Day Caretaker
CT_49 Wed Day Caretaker
CT_50 Mon Day Caretaker
CT_50 Thu Day Caretaker
CT_50 Fri Day Caretaker
CT_50 Sat Day Caretaker
CT_50 Sun Day Caretaker
CT_51 Wed Early Caretaker
CT_51 Thu Early Caretaker
CT_51 Fri Early Caretaker
CT_52 Mon Early Caretaker
CT_52 Tue Early Caretaker
CT_52 Wed Early Caretaker
CT_52 Thu Day Caretaker
CT_52 Fri Day Caretaker
CT_53 Thu Day Caretaker
CT_53 Fri Day Caretaker
CT_53 Sat Late Caretaker
CT_53 Sun Late Caretaker
CT_54 Mon Late Caretaker
CT_54 Tue Late Caretaker
CT_54 Wed Late Caretaker
CT_54 Sat Late Caretaker
CT_54 Sun Late Caretaker
CT_55 Mon Night Caretaker
CT_55 Fri Early Caretaker
CT_55 Sat Early Caretaker
CT_55 Sun Early Caretaker
CT_56 Mon Day Caretaker
CT_56 Thu Day Caretaker
CT_56 Fri Day Caretaker
CT_56 Sat Early Caretaker
CT_56 Sun Early Caretaker
CT_57 Mon Night Caretaker
CT_57 Tue Night Caretaker
CT_57 Wed Night Caretaker
CT_57 Thu Night Caretaker
CT_57 Fri Night Caretaker
CT_58 Thu Late Caretaker
CT_58 Fri Late Caretaker
CT_59 Mon Late Caretaker
CT_59 Sat Night Caretaker
CT_59 Sun Night Caretaker
CT_60 Mon Day Caretaker
CT_60 Tue Day Caretaker
CT_60 Wed Late Caretaker
CT_60 Thu Late Caretaker
CT_60 Fri Late Caretaker
CT_61 Mon Early Caretaker
CT_61 Tue Early Caretaker
CT_62 Wed Day Caretaker
CT_62 Thu Day Caretaker
CT_62 Fri Day Caretaker
CT_62 Sat Late Caretaker
CT_62 Sun Late Caretaker
CT_63 Fri Night Caretaker
CT_63 Sat Night Caretaker
CT_63 Sun Night Caretaker
CT_64 Wed Early Caretaker
CT_64 Thu Early Caretaker
CT_64 Fri Early Caretaker
CT_65 Wed Early Caretaker
CT_65 Thu Early Caretaker
CT_66 Mon Day Caretaker
CT_66 Tue Day Caretaker
CT_66 Wed Day Caretaker
CT_66 Thu Early Caretaker
CT_66 Fri Early Caretaker
CT_67 Mon Night Caretaker
CT_67 Tue Night Caretaker
CT_67 Wed Night Caretaker
CT_67 Thu Night Caretaker
CT_68 Mon Day Caretaker
CT_68 Tue Day Caretaker
CT_68 Wed Late Caretaker
CT_68 Thu Late Caretaker
CT_68 Fri Late Caretaker
CT_69 Thu Early Caretaker
CT_69 Fri Early Caretaker
CT_69 Sat Early Caretaker
CT_69 Sun Early Caretaker
CT_70 Mon Day Caretaker
CT_70 Tue Day Caretaker
CT_70 Wed Day Caretaker
CT_70 Sat Early Caretaker
CT_70 Sun Early Caretaker
CT_71 Sat Day Caretaker
CT_71 Sun Day Caretaker
CT_72 Tue Night Caretaker
CT_72 Wed Night Caretaker
CT_72 Thu Night Caretaker
CT_72 Fri Night Caretaker
CT_73 Mon Late Caretaker
CT_73 Tue Late Caretaker
CT_73 Wed Late Caretaker
CT_74 Mon Night Caretaker
CT_74 Tue Night Caretaker
CT_74 Wed Night Caretaker
CT_74 Thu Night Caretaker
CT_74 Fri Night Caretaker
CT_75 Mon Day Caretaker
CT_75 Fri Day Caretaker
CT_75 Sat Day Caretaker
CT_75 Sun Day Caretaker
CT_76 Thu Late Caretaker
CT_76 Fri Late Caretaker
CT_77 Mon Night Caretaker
CT_77 Tue Night Caretaker
CT_77 Wed Night Caretaker
CT_77 Thu Night Caretaker
CT_77 Fri Night Caretaker
CT_78 Mon Early Caretaker
CT_78 Tue Early Caretaker
CT_78 Wed Early Caretaker
CT_78 Thu Day Caretaker
CT_78 Fri Day Caretaker
CT_79 Mon Day Caretaker
CT_79 Tue Day Caretaker
CT_79 Wed Day Caretaker
CT_79 Thu Late Caretaker
CT_79 Fri Late Caretaker
TR_81 Thu Early Trainee
TR_81 Fri Early Trainee
TR_82 Mon Late Trainee
TR_82 Tue Late Trainee
TR_83 Mon Night Trainee
TR_84 Wed Day Trainee
TR_84 Thu Day Trainee
TR_84 Fri Day Trainee
TR_85 Sat Early Trainee
TR_85 Sun Early Trainee
TR_86 Tue Night Trainee
TR_86 Wed Night Trainee
TR_86 Thu Night Trainee
TR_86 Fri Night Trainee
TR_87 Mon Early Trainee
TR_87 Tue Early Trainee
TR_87 Wed Early Trainee
TR_87 Thu Late Trainee
TR_87 Fri Late Trainee
TR_88 Thu Early Trainee
TR_88 Fri Early Trainee
TR_89 Tue Day Trainee
TR_89 Wed Day Trainee
TR_90 Mon Late Trainee
TR_90 Tue Late Trainee
TR_90 Fri Late Trainee
TR_90 Sat Late Trainee
TR_90 Sun Late Trainee
TR_91 Fri Day Trainee
TR_91 Sat Day Trainee
TR_91 Sun Early Trainee
TR_92 Mon Night Trainee
TR_92 Tue Night Trainee
TR_92 Wed Night Trainee
TR_92 Thu Night Trainee
TR_92 Fri Night Trainee
TR_93 Wed Day Trainee
TR_93 Thu Day Trainee
TR_93 Fri Day Trainee
TR_94 Mon Night Trainee
TR_94 Tue Night Trainee
TR_94 Wed Night Trainee
TR_94 Thu Night Trainee
TR_94 Fri Night Trainee
TR_96 Wed Late Trainee
TR_96 Thu Late Trainee
TR_96 Fri Late Trainee
TR_97 Mon Early Trainee
TR_97 Tue Early Trainee
TR_97 Wed Early Trainee
TR_98 Mon Day Trainee
TR_98 Thu Night Trainee
TR_98 Fri Night Trainee
TR_98 Sat Night Trainee
TR_98 Sun Night Trainee
TR_99 Mon Late Trainee
TR_99 Thu Night Trainee
TR_99 Fri Night Trainee
TR_99 Sat Night Trainee
TR_99 Sun Night Trainee
TR_100 Mon Early Trainee
TR_100 Tue Early Trainee
TR_100 Wed Early Trainee
TR_100 Sat Late Trainee
TR_100 Sun Late Trainee
TR_101 Mon Late Trainee
TR_101 Tue Late Trainee
TR_101 Wed Late Trainee
TR_101 Thu Late Trainee
TR_102 Sat Late Trainee
TR_102 Sun Late Trainee
TR_103 Wed Early Trainee
TR_103 Thu Early Trainee
TR_104 Mon Day Trainee
TR_104 Tue Day Trainee
TR_105 Tue Late Trainee
TR_105 Wed Late Trainee
TR_106 Mon Day Trainee
TR_106 Tue Day Trainee
TR_107 Fri Early Trainee
TR_107 Sat Early Trainee
TR_107 Sun Day Trainee
TR_108 Mon Day Trainee
TR_108 Tue Day Trainee
TR_108 Wed Day Trainee
TR_108 Thu Late Trainee
TR_108 Fri Late Trainee
TR_109 Thu Early Trainee
TR_109 Fri Early Trainee
TR_109 Sat Day Trainee
TR_109 Sun Day Trainee
