SOLUTION
0 n050w4

ASSIGNMENTS = 199
HN_0 Mon Early Nurse
HN_0 Thu Day Nurse
HN_0 Fri Day Nurse
HN_0 Sat Day HeadNurse
HN_0 Sun Early HeadNurse
HN_1 Mon Night HeadNurse
HN_1 Tue Night Nurse
HN_1 Fri Night Nurse
HN_1 Sat Night HeadNurse
HN_1 Sun Night Nurse
HN_2 Wed Early Nurse
HN_2 Thu Early HeadNurse
HN_2 Fri Early HeadNurse
HN_3 Wed Late HeadNurse
HN_3 Thu Late Nurse
HN_3 Fri Late HeadNurse
HN_4 Mon Day Nurse
HN_4 Tue Day Nurse
HN_4 Wed Late Nurse
HN_4 Thu Late Nurse
HN_4 Fri Late Nurse
HN_5 Mon Day Nurse
HN_5 Tue Day Nurse
HN_5 Wed Day Nurse
NU_6 Mon Night Nurse
NU_6 Tue Night Nurse
NU_6 Wed Night Nurse
NU_6 Thu Night Nurse
NU_6 Fri Night Nurse
NU_7 Wed Late Nurse
NU_7 Thu Late Caretaker
NU_7 Fri Late Nurse
NU_8 Mon Late Nurse
NU_8 Tue Late Nurse
NU_8 Wed Late Nurse
NU_8 Sat Day Nurse
NU_8 Sun Day Nurse
NU_9 Mon Day Nurse
NU_9 Tue Day Nurse
NU_9 Wed Early Nurse
NU_9 Thu Early Nurse
NU_9 Fri Early Nurse
NU_10 Mon Day Caretaker
NU_10 Tue Day Caretaker
NU_10 Wed Day Nurse
NU_10 Thu Day Nurse
NU_10 Fri Day Nurse
NU_11 Mon Early Nurse
NU_11 Tue Early Nurse
NU_11 Fri Late Caretaker
NU_11 Sat Late Nurse
NU_11 Sun Late Nurse
NU_12 Mon Night Nurse
NU_12 Tue Night Caretaker
NU_12 Wed Night Nurse
NU_12 Thu Night Caretaker
NU_12 Fri Night Nurse
NU_13 Mon Late Nurse
NU_13 Sat Day Caretaker
NU_13 Sun Day Caretaker
NU_14 Mon Late Nurse
NU_14 Tue Late Nurse
NU_14 Wed Late Caretaker
NU_15 Mon Early Nurse
NU_15 Tue Early Nurse
NU_15 Sat Night Nurse
NU_15 Sun Night Nurse
NU_16 Mon Night Nurse
NU_16 Sat Early Nurse
NU_16 Sun Early Nurse
NU_17 Wed Day Nurse
NU_17 Thu Day Nurse
NU_17 Fri Day Nurse
NU_18 Mon Late Caretaker
NU_18 Tue Late Caretaker
NU_18 Wed Late Caretaker
NU_19 Mon Late Caretaker
NU_19 Thu Day Caretaker
NU_19 Fri Day Caretaker
NU_19 Sat Early Nurse
NU_19 Sun Early Caretaker
NU_20 Mon Night Caretaker
NU_20 Fri Day Caretaker
NU_20 Sat Day Caretaker
NU_20 Sun Day Caretaker
NU_21 Mon Night Caretaker
NU_21 Tue Night Caretaker
NU_21 Wed Night Caretaker
NU_21 Thu Night Caretaker
NU_21 Fri Night Caretaker
NU_22 Mon Late Caretaker
NU_22 Thu Day Caretaker
NU_22 Fri Day Caretaker
NU_22 Sat Late Caretaker
NU_22 Sun Late Caretaker
NU_23 Mon Day Caretaker
NU_23 Wed Early Caretaker
NU_23 Thu Early Caretaker
NU_23 Fri Early Nurse
NU_24 Mon Day Caretaker
NU_24 Tue Day Caretaker
NU_24 Wed Day Caretaker
NU_24 Thu Early Caretaker
NU_24 Fri Early Caretaker
NU_25 Wed Night Caretaker
NU_25 Thu Night Caretaker
NU_25 Fri Night Caretaker
NU_25 Sat Night Nurse
NU_25 Sun Night Caretaker
NU_26 Wed Day Caretaker
NU_26 Thu Day Caretaker
NU_26 Fri Day Caretaker
NU_27 Wed Late Caretaker
NU_27 Thu Late Caretaker
NU_27 Fri Late Caretaker
CT_28 Mon Early Caretaker
CT_28 Tue Early Caretaker
CT_28 Fri Early Caretaker
CT_28 Sat Early Caretaker
CT_28 Sun Early Caretaker
CT_29 Mon Night Caretaker
CT_29 Sat Early Caretaker
CT_29 Sun Early Caretaker
CT_30 Wed Early Caretaker
CT_30 Thu Early Caretaker
CT_30 Fri Early Caretaker
CT_31 Mon Early Caretaker
CT_31 Tue Early Caretaker
CT_31 Wed Early Caretaker
CT_31 Thu Early Caretaker
CT_31 Fri Early Caretaker
CT_32 Mon Early Caretaker
CT_32 Tue Early Caretaker
CT_32 Wed Early Caretaker
CT_33 Mon Day Caretaker
CT_33 Tue Day Caretaker
CT_33 Wed Late Caretaker
CT_33 Thu Late Caretaker
CT_33 Fri Late Caretaker
CT_34 Mon Late Caretaker
CT_34 Tue Late Caretaker
CT_34 Wed Late Caretaker
CT_35 Mon Day Caretaker
CT_35 Tue Day Caretaker
CT_35 Wed Day Caretaker
CT_36 Tue Day Caretaker
CT_36 Wed Day Caretaker
CT_36 Thu Day Caretaker
CT_37 Mon Early Caretaker
CT_37 Tue Early Caretaker
CT_37 Fri Night Caretaker
CT_37 Sat Night Caretaker
CT_37 Sun Night Caretaker
CT_38 Mon Night Caretaker
CT_38 Tue Night Caretaker
CT_38 Wed Night Caretaker
CT_38 Thu Night Caretaker
CT_38 Fri Night Caretaker
CT_39 Fri Late Caretaker
CT_39 Sat Late Caretaker
CT_39 Sun Late Caretaker
TR_40 Mon Day Trainee
TR_40 Sat Day Trainee
TR_40 Sun Day Trainee
TR_41 Mon Late Trainee
TR_41 Sat Early Trainee
TR_41 Sun Early Trainee
TR_42 Wed Day Trainee
TR_42 Thu Day Trainee
TR_42 Fri Day Trainee
TR_43 Mon Night Trainee
TR_43 Tue Night Trainee
TR_43 Wed Night Trainee
TR_43 Sat Night Trainee
TR_43 Sun Night Trainee
TR_44 Mon Early Trainee
TR_44 Fri Late Trainee
TR_44 Sat Late Trainee
TR_44 Sun Late Trainee
TR_45 Mon Night Trainee
TR_45 Tue Night Trainee
TR_45 Wed Night Trainee
TR_45 Thu Night Trainee
TR_45 Fri Night Trainee
TR_46 Mon Late Trainee
TR_46 Tue Late Trainee
TR_46 Wed Late Trainee
TR_47 Mon Early Trainee
TR_47 Tue Early Trainee
TR_47 Wed Late Trainee
TR_47 Thu Late Trainee
TR_47 Fri Late Trainee
TR_48 Tue Early Trainee
TR_48 Wed Early Trainee
TR_48 Thu Early Trainee
TR_48 Fri Early Trainee
TR_49 Tue Day Trainee
TR_49 Wed Day Trainee
TR_49 Thu Day Trainee
