SOLUTION
0 n110w4

ASSIGNMENTS = 378
HN_0 Mon Day HeadNurse
HN_0 Tue Day HeadNurse
HN_0 Wed Day HeadNurse
HN_0 Thu Day HeadNurse
HN_1 Mon Late HeadNurse
HN_1 Tue Late HeadNurse
HN_2 Tue Early HeadNurse
HN_2 Wed Early HeadNurse
HN_3 Mon Night HeadNurse
HN_3 Tue Night HeadNurse
HN_3 Wed Night HeadNurse
HN_3 Thu Night HeadNurse
HN_3 Fri Night HeadNurse
HN_5 Mon Day HeadNurse
HN_5 Tue Day HeadNurse
HN_6 Mon Early Nurse
HN_6 Tue Early HeadNurse
HN_6 Wed Late HeadNurse
HN_6 Thu Late HeadNurse
HN_7 Mon Day Nurse
HN_7 Tue Day Nurse
HN_7 Wed Early Nurse
HN_7 Thu Early Nurse
HN_8 Wed Day Nurse
HN_8 Thu Day Nurse
HN_8 Fri Day HeadNurse
HN_8 Sat Late HeadNurse
HN_8 Sun Late Nurse
HN_9 Sat Day Nurse
HN_9 Sun Day HeadNurse
HN_10 Tue Late HeadNurse
HN_10 Wed Late Nurse
HN_10 Thu Late HeadNurse
HN_10 Fri Late HeadNurse
HN_11 Mon Day Nurse
HN_11 Tue Day Nurse
HN_12 Fri Early HeadNurse
HN_12 Sat Early HeadNurse
HN_12 Sun Early Nurse
HN_13 Mon Night Nurse
HN_13 Fri Early Nurse
HN_13 Sat Early HeadNurse
HN_13 Sun Night HeadNurse
HN_14 Tue Night HeadNurse
HN_14 Wed Night HeadNurse
HN_14 Thu Night Nurse
HN_14 Fri Night HeadNurse
HN_15 Mon Early Nurse
HN_15 Tue Early HeadNurse
HN_15 Sat Night HeadNurse
HN_15 Sun Night Nurse
HN_16 Mon Day Nurse
HN_16 Tue Day Nurse
HN_16 Wed Day Nurse
HN_16 Thu Day Nurse
HN_16 Fri Day HeadNurse
HN_17 Tue Early Nurse
HN_17 Wed Early Nurse
HN_17 Thu Late HeadNurse
HN_17 Fri Late HeadNurse
HN_18 Mon Late Nurse
HN_18 Tue Late Nurse
HN_18 Wed Late Nurse
HN_18 Sat Night Nurse
HN_18 Sun Night Nurse
HN_19 Mon Late Nurse
HN_19 Tue Late Nurse
HN_19 Wed Late Nurse
HN_19 Thu Late Nurse
NU_20 Tue Night Nurse
NU_20 Wed Night Nurse
NU_20 Thu Night Nurse
NU_20 Fri Night Nurse
NU_21 Mon Early Caretaker
NU_21 Tue Early Nurse
NU_21 Wed Day Nurse
NU_21 Thu Day Nurse
NU_21 Fri Day Nurse
NU_22 Mon Early Caretaker
NU_22 Tue Early Nurse
NU_22 Fri Early Nurse
NU_22 Sat Early Nurse
NU_22 Sun Early Nurse
NU_23 Mon Early Caretaker
NU_23 Tue Early Nurse
NU_23 Wed Early Caretaker
NU_24 Mon Early Caretaker
NU_25 Thu Day Nurse
NU_25 Fri Day Nurse
NU_25 Sat Day Nurse
NU_25 Sun Day Nurse
NU_26 Wed Day Caretaker
NU_26 Thu Day Caretaker
NU_27 Mon Late Caretaker
NU_28 Fri Late Nurse
NU_28 Sat Late Nurse
NU_28 Sun Late Caretaker
NU_29 Mon Night Nurse
NU_29 Fri Night Nurse
NU_29 Sat Night Nurse
NU_29 Sun Night Caretaker
NU_30 Tue Day Caretaker
NU_30 Wed Day Caretaker
NU_30 Thu Early Nurse
NU_30 Fri Early Nurse
NU_31 Mon Early Caretaker
NU_32 Mon Day Nurse
NU_32 Thu Night Nurse
NU_32 Fri Night Nurse
NU_32 Sat Night Caretaker
NU_32 Sun Night Caretaker
NU_33 Mon Night Caretaker
NU_33 Tue Night Nurse
NU_33 Wed Night Nurse
NU_33 Thu Night Caretaker
NU_33 Fri Night Caretaker
NU_34 Mon Night Caretaker
NU_34 Tue Night Nurse
NU_34 Wed Night Nurse
NU_35 Mon Night Caretaker
NU_35 Tue Night Caretaker
NU_35 Sat Day Caretaker
NU_35 Sun Day Nurse
NU_36 Tue Night Caretaker
NU_36 Wed Night Caretaker
NU_36 Thu Night Caretaker
NU_36 Fri Night Caretaker
NU_37 Fri Day Nurse
NU_37 Sat Day Caretaker
NU_37 Sun Early Caretaker
NU_38 Mon Late Caretaker
NU_38 Tue Late Nurse
NU_38 Fri Early Caretaker
NU_38 Sat Early Caretaker
NU_38 Sun Day Caretaker
NU_39 Tue Late Caretaker
NU_39 Wed Late Nurse
NU_39 Thu Late Nurse
NU_39 Fri Late Nurse
CT_40 Tue Late Caretaker
CT_40 Wed Late Caretaker
CT_41 Sat Night Caretaker
CT_41 Sun Night Caretaker
CT_42 Mon Late Caretaker
CT_42 Thu Late Caretaker
CT_42 Fri Late Caretaker
CT_42 Sat Late Caretaker
CT_42 Sun Late Caretaker
CT_43 Thu Late Caretaker
CT_43 Fri Late Caretaker
CT_44 Wed Early Caretaker
CT_44 Thu Early Caretaker
CT_44 Fri Early Caretaker
CT_45 Tue Night Caretaker
CT_45 Wed Night Caretaker
CT_45 Thu Night Caretaker
CT_45 Fri Night Caretaker
CT_46 Thu Day Caretaker
CT_46 Fri Day Caretaker
CT_46 Sat Early Caretaker
CT_46 Sun Early Caretaker
CT_47 Mon Day Caretaker
CT_47 Tue Day Caretaker
CT_47 Wed Day Caretaker
CT_47 Thu Day Caretaker
CT_47 Fri Day Caretaker
CT_48 Thu Day Caretaker
CT_48 Fri Day Caretaker
CT_48 Sat Day Caretaker
CT_48 Sun Day Caretaker
CT_49 Mon Early Caretaker
CT_49 Tue Early Caretaker
CT_49 Wed Early Caretaker
CT_49 Thu Late Caretaker
CT_49 Fri Late Caretaker
CT_50 Mon Late Caretaker
CT_50 Tue Late Caretaker
CT_50 Wed Late Caretaker
CT_50 Thu Late Caretaker
CT_50 Fri Late Caretaker
CT_51 Mon Day Caretaker
CT_51 Tue Early Caretaker
CT_51 Wed Early Caretaker
CT_52 Mon Day Caretaker
CT_52 Tue Day Caretaker
CT_52 Wed Early Caretaker
CT_52 Thu Early Caretaker
CT_53 Tue Night Caretaker
CT_53 Wed Night Caretaker
CT_53 Thu Night Caretaker
CT_53 Fri Night Caretaker
CT_54 Mon Day Caretaker
CT_54 Tue Day Caretaker
CT_54 Wed Day Caretaker
CT_54 Thu Day Caretaker
CT_54 Fri Day Caretaker
CT_55 Thu Day Caretaker
CT_55 Fri Day Caretaker
CT_56 Sun Early Caretaker
CT_57 Mon Day Caretaker
CT_57 Tue Day Caretaker
CT_57 Wed Day Caretaker
CT_58 Sat Late Caretaker
CT_58 Sun Late Caretaker
CT_59 Tue Night Caretaker
CT_59 Wed Night Caretaker
CT_59 Thu Night Caretaker
CT_59 Fri Night Caretaker
CT_60 Mon Night Caretaker
CT_60 Tue Night Caretaker
CT_61 Mon Early Caretaker
CT_61 Sat Day Caretaker
CT_61 Sun Day Caretaker
CT_62 Mon Late Caretaker
CT_62 Tue Late Caretaker
CT_62 Fri Late Caretaker
CT_62 Sat Late Caretaker
CT_62 Sun Late Caretaker
CT_63 Wed Early Caretaker
CT_63 Thu Early Caretaker
CT_63 Fri Night Caretaker
CT_63 Sat Night Caretaker
CT_63 Sun Night Caretaker
CT_64 Wed Early Caretaker
CT_64 Thu Early Caretaker
CT_64 Fri Early Caretaker
CT_65 Mon Day Caretaker
CT_65 Tue Day Caretaker
CT_65 Wed Late Caretaker
CT_65 Thu Late Caretaker
CT_65 Fri Late Caretaker
CT_66 Mon Late Caretaker
CT_66 Tue Late Caretaker
CT_66 Wed Late Caretaker
CT_67 Wed Day Caretaker
CT_67 Thu Day Caretaker
CT_68 Mon Day Caretaker
CT_68 Tue Day Caretaker
CT_68 Wed Day Caretaker
CT_70 Mon Early Caretaker
CT_70 Tue Early Caretaker
CT_70 Wed Day Caretaker
CT_70 Thu Day Caretaker
CT_70 Fri Day Caretaker
CT_71 Thu Early Caretaker
CT_71 Fri Early Caretaker
CT_72 Thu Day Caretaker
CT_72 Fri Day Caretaker
CT_73 Mon Late Caretaker
CT_73 Tue Late Caretaker
CT_74 Mon Late Caretaker
CT_74 Tue Late Caretaker
CT_75 Mon Night Caretaker
CT_75 Tue Night Caretaker
CT_75 Wed Night Caretaker
CT_75 Thu Night Caretaker
CT_76 Wed Early Caretaker
CT_76 Thu Early Caretaker
CT_76 Fri Early Caretaker
CT_77 Mon Night Caretaker
CT_77 Tue Night Caretaker
CT_77 Wed Night Caretaker
CT_77 Thu Night Caretaker
CT_77 Fri Night Caretaker
CT_78 Wed Late Caretaker
CT_78 Thu Late Caretaker
CT_78 Fri Late Caretaker
CT_79 Fri Early Caretaker
CT_79 Sat Early Caretaker
TR_80 Mon Night Trainee
TR_80 Tue Night Trainee
TR_80 Wed Night Trainee
TR_80 Thu Night Trainee
TR_81 Mon Early Trainee
TR_81 Tue Early Trainee
TR_81 Wed Early Trainee
TR_82 Mon Late Trainee
TR_82 Tue Late Trainee
TR_82 Wed Late Trainee
TR_83 Tue Night Trainee
TR_83 Wed Night Trainee
TR_83 Thu Night Trainee
TR_83 Fri Night Trainee
TR_84 Mon Day Trainee
TR_84 Tue Day Trainee
TR_84 Wed Day Trainee
TR_84 Thu Early Trainee
TR_84 Fri Early Trainee
TR_85 Mon Late Trainee
TR_85 Tue Late Trainee
TR_85 Sun Early Trainee
TR_86 Wed Day Trainee
TR_86 Thu Day Trainee
TR_86 Fri Day Trainee
TR_87 Mon Night Trainee
TR_87 Tue Night Trainee
TR_87 Wed Night Trainee
TR_87 Thu Night Trainee
TR_88 Wed Early Trainee
TR_88 Thu Early Trainee
TR_88 Fri Night Trainee
TR_88 Sat Night Trainee
TR_88 Sun Night Trainee
TR_89 Wed Early Trainee
TR_89 Thu Early Trainee
TR_89 Fri Early Trainee
TR_90 Mon Day Trainee
TR_91 Mon Night Trainee
TR_91 Tue Night Trainee
TR_91 Wed Night Trainee
TR_91 Thu Night Trainee
TR_91 Fri Night Trainee
TR_92 Thu Late Trainee
TR_92 Fri Late Trainee
TR_93 Mon Late Trainee
TR_93 Tue Late Trainee
TR_93 Wed Late Trainee
TR_94 Mon Early Trainee
TR_94 Tue Early Trainee
TR_94 Wed Early Trainee
TR_95 Thu Late Trainee
TR_95 Fri Late Trainee
TR_96 Mon Day Trainee
TR_96 Tue Day Trainee
TR_96 Wed Day Trainee
TR_96 Thu Early Trainee
TR_96 Fri Early Trainee
TR_97 Mon Day Trainee
TR_97 Tue Day Trainee
TR_97 Fri Day Trainee
TR_97 Sat Day Trainee
TR_97 Sun Late Trainee
TR_98 Mon Night Trainee
TR_98 Sat Night Trainee
TR_98 Sun Night Trainee
TR_99 Mon Late Trainee
TR_99 Fri Early Trainee
TR_99 Sat Early Trainee
TR_99 Sun Day Trainee
TR_100 Mon Early Trainee
TR_100 Thu Late Trainee
TR_100 Fri Late Trainee
TR_100 Sat Late Trainee
TR_100 Sun Late Trainee
TR_101 Mon Day Trainee
TR_101 Tue Day Trainee
TR_101 Wed Day Trainee
TR_101 Thu Day Trainee
TR_101 Fri Day Trainee
TR_102 Mon Late Trainee
TR_103 Fri Night Trainee
TR_103 Sat Night Trainee
TR_103 Sun Night Trainee
TR_104 Mon Early Trainee
TR_104 Thu Day Trainee
TR_104 Fri Day Trainee
TR_104 Sat Early Trainee
TR_104 Sun Early Trainee
TR_105 Mon Night Trainee
TR_105 Tue Night Trainee
TR_105 Wed Night Trainee
TR_105 Thu Night Trainee
TR_106 Mon Early Trainee
TR_106 Tue Early Trainee
TR_106 Wed Early Trainee
TR_106 Thu Late Trainee
TR_106 Fri Late Trainee
TR_107 Tue Early Trainee
TR_107 Wed Early Trainee
TR_107 Thu Early Trainee
TR_107 Fri Early Trainee
TR_108 Sat Day Trainee
TR_108 Sun Day Trainee
TR_109 Wed Day Trainee
TR_109 Thu Day Trainee
TR_109 Fri Day Trainee
TR_109 Sat Early Trainee
TR_109 Sun Early Trainee
