SOLUTION
3 n080w8

ASSIGNMENTS = 277
HN_0 Mon Early HeadNurse
HN_0 Tue Early HeadNurse
HN_0 Wed Early HeadNurse
HN_1 Mon Late HeadNurse
HN_1 Tue Late HeadNurse
HN_1 Wed Late HeadNurse
HN_1 Thu Late HeadNurse
HN_1 Fri Late HeadNurse
HN_2 Mon Day HeadNurse
HN_2 Tue Day Nurse
HN_2 Wed Day HeadNurse
HN_2 Thu Early HeadNurse
HN_2 Fri Early HeadNurse
HN_3 Thu Day HeadNurse
HN_3 Fri Day Nurse
HN_3 Sat Day Nurse
HN_3 Sun Day HeadNurse
HN_4 Mon Day Nurse
HN_5 Tue Night HeadNurse
HN_5 Wed Night HeadNurse
HN_5 Thu Night HeadNurse
HN_5 Fri Night HeadNurse
HN_6 Wed Night Nurse
HN_6 Thu Night HeadNurse
HN_6 Fri Night Nurse
HN_6 Sat Night Nurse
HN_6 Sun Night Nurse
HN_7 Mon Early Nurse
HN_7 Tue Early Nurse
HN_7 Fri Late Nurse
HN_7 Sat Late Nurse
HN_7 Sun Late HeadNurse
HN_8 Fri Early Nurse
HN_8 Sat Early HeadNurse
HN_8 Sun Early Nurse
HN_9 Tue Late Nurse
HN_9 Wed Late Nurse
HN_9 Thu Late Nurse
NU_10 Mon Day Nurse
NU_10 Tue Day Caretaker
NU_10 Wed Early Nurse
NU_10 Thu Early Nurse
NU_10 Fri Early Nurse
NU_11 Mon Late Nurse
NU_11 Tue Late Caretaker
NU_12 Mon Night Nurse
NU_12 Tue Night Nurse
NU_12 Wed Night Nurse
NU_13 Fri Early Caretaker
NU_13 Sat Early Nurse
NU_13 Sun Day Nurse
NU_14 Mon Early Nurse
NU_14 Sat Early Nurse
NU_14 Sun Early Caretaker
NU_15 Sat Late Caretaker
NU_15 Sun Late Nurse
NU_16 Tue Early Caretaker
NU_16 Wed Early Caretaker
NU_16 Thu Early Nurse
NU_17 Tue Night Caretaker
NU_17 Wed Night Caretaker
NU_17 Thu Night Nurse
NU_17 Fri Night Nurse
NU_18 Wed Day Nurse
NU_18 Thu Day Nurse
NU_18 Fri Day Nurse
NU_19 Mon Late Caretaker
NU_19 Tue Late Caretaker
NU_19 Wed Late Nurse
NU_19 Thu Late Caretaker
NU_19 Fri Late Nurse
CT_20 Mon Night Caretaker
CT_20 Tue Night Caretaker
CT_20 Wed Night Caretaker
CT_21 Wed Day Caretaker
CT_21 Thu Day Caretaker
CT_21 Fri Day Caretaker
CT_22 Mon Late Caretaker
CT_22 Tue Late Caretaker
CT_22 Sat Day Caretaker
CT_22 Sun Day Caretaker
CT_23 Thu Day Caretaker
CT_23 Fri Day Caretaker
CT_23 Sat Night Caretaker
CT_23 Sun Night Caretaker
CT_24 Sat Late Caretaker
CT_24 Sun Late Caretaker
CT_25 Mon Night Caretaker
CT_25 Tue Night Caretaker
CT_25 Wed Night Caretaker
CT_25 Thu Night Caretaker
CT_26 Mon Day Caretaker
CT_26 Tue Day Caretaker
CT_26 Fri Early Caretaker
CT_26 Sat Early Caretaker
CT_26 Sun Early Caretaker
CT_27 Mon Day Caretaker
CT_27 Tue Day Caretaker
CT_27 Wed Late Caretaker
CT_27 Thu Late Caretaker
CT_27 Fri Late Caretaker
CT_28 Mon Late Caretaker
CT_28 Tue Late Caretaker
CT_28 Wed Late Caretaker
CT_28 Thu Late Caretaker
CT_29 Mon Night Caretaker
CT_30 Fri Day Caretaker
CT_30 Sat Day Caretaker
CT_30 Sun Day Caretaker
CT_32 Tue Early Caretaker
CT_32 Wed Early Caretaker
CT_32 Thu Early Caretaker
CT_33 Tue Early Caretaker
CT_33 Wed Early Caretaker
CT_33 Thu Early Caretaker
CT_33 Fri Early Caretaker
CT_34 Mon Day Caretaker
CT_35 Tue Late Caretaker
CT_35 Wed Late Caretaker
CT_35 Thu Late Caretaker
CT_36 Thu Early Caretaker
CT_36 Fri Early Caretaker
CT_36 Sat Early Caretaker
CT_36 Sun Early Caretaker
CT_37 Mon Night Caretaker
CT_37 Tue Night Caretaker
CT_37 Wed Night Caretaker
CT_37 Thu Night Caretaker
CT_37 Fri Night Caretaker
CT_38 Mon Night Caretaker
CT_38 Tue Night Caretaker
CT_38 Wed Night Caretaker
CT_38 Thu Night Caretaker
CT_38 Fri Night Caretaker
CT_39 Mon Early Caretaker
CT_39 Tue Early Caretaker
CT_39 Wed Day Caretaker
CT_39 Thu Day Caretaker
CT_39 Fri Day Caretaker
CT_40 Mon Early Caretaker
CT_40 Tue Early Caretaker
CT_40 Wed Early Caretaker
CT_40 Thu Early Caretaker
CT_40 Fri Early Caretaker
CT_41 Wed Late Caretaker
CT_41 Thu Late Caretaker
CT_41 Fri Late Caretaker
CT_42 Mon Night Caretaker
CT_42 Tue Night Caretaker
CT_42 Wed Night Caretaker
CT_42 Thu Night Caretaker
CT_42 Fri Night Caretaker
CT_43 Mon Early Caretaker
CT_43 Tue Early Caretaker
CT_43 Wed Early Caretaker
CT_44 Wed Late Caretaker
CT_44 Thu Late Caretaker
CT_44 Fri Late Caretaker
CT_45 Tue Day Caretaker
CT_45 Wed Day Caretaker
CT_45 Thu Day Caretaker
CT_46 Mon Early Caretaker
CT_46 Tue Early Caretaker
CT_46 Wed Early Caretaker
CT_46 Thu Day Caretaker
CT_46 Fri Day Caretaker
CT_47 Mon Late Caretaker
CT_47 Tue Late Caretaker
CT_47 Fri Day Caretaker
CT_47 Sat Day Caretaker
CT_47 Sun Day Caretaker
CT_48 Mon Day Caretaker
CT_48 Tue Day Caretaker
CT_48 Wed Day Caretaker
CT_48 Thu Early Caretaker
CT_48 Fri Early Caretaker
CT_49 Wed Day Caretaker
CT_49 Thu Day Caretaker
CT_49 Fri Day Caretaker
CT_50 Mon Day Caretaker
CT_51 Mon Early Caretaker
CT_51 Tue Early Caretaker
CT_51 Wed Day Caretaker
CT_51 Thu Day Caretaker
CT_52 Mon Day Caretaker
CT_52 Tue Day Caretaker
CT_53 Fri Late Caretaker
CT_53 Sat Late Caretaker
CT_53 Sun Late Caretaker
CT_54 Fri Late Caretaker
CT_54 Sat Late Caretaker
CT_54 Sun Late Caretaker
CT_55 Thu Early Caretaker
CT_55 Fri Early Caretaker
CT_55 Sat Night Caretaker
CT_55 Sun Night Caretaker
CT_56 Mon Late Caretaker
CT_56 Tue Late Caretaker
CT_56 Wed Late Caretaker
CT_56 Thu Late Caretaker
CT_56 Fri Late Caretaker
CT_57 Mon Night Caretaker
CT_57 Tue Night Caretaker
CT_57 Wed Night Caretaker
CT_57 Thu Night Caretaker
CT_57 Fri Night Caretaker
CT_58 Tue Night Caretaker
CT_58 Wed Night Caretaker
CT_58 Thu Night Caretaker
CT_58 Fri Night Caretaker
CT_59 Thu Early Caretaker
CT_59 Fri Early Caretaker
CT_59 Sat Night Caretaker
CT_59 Sun Night Caretaker
TR_60 Wed Late Trainee
TR_60 Thu Late Trainee
TR_60 Fri Late Trainee
TR_61 Mon Early Trainee
TR_61 Tue Early Trainee
TR_62 Mon Late Trainee
TR_62 Tue Late Trainee
TR_62 Wed Late Trainee
TR_62 Sat Night Trainee
TR_62 Sun Night Trainee
TR_63 Mon Night Trainee
TR_63 Tue Night Trainee
TR_63 Wed Night Trainee
TR_64 Thu Day Trainee
TR_64 Fri Day Trainee
TR_64 Sat Early Trainee
TR_64 Sun Early Trainee
TR_65 Sat Late Trainee
TR_65 Sun Late Trainee
TR_66 Mon Early Trainee
TR_66 Tue Early Trainee
TR_67 Mon Day Trainee
TR_67 Tue Day Trainee
TR_68 Fri Late Trainee
TR_68 Sat Late Trainee
TR_68 Sun Late Trainee
TR_69 Fri Day Trainee
TR_69 Sat Day Trainee
TR_69 Sun Day Trainee
TR_70 Wed Early Trainee
TR_70 Thu Early Trainee
TR_70 Fri Early Trainee
TR_71 Wed Late Trainee
TR_71 Thu Late Trainee
TR_71 Fri Late Trainee
TR_72 Thu Early Trainee
TR_72 Fri Early Trainee
TR_72 Sat Early Trainee
TR_72 Sun Early Trainee
TR_73 Fri Day Trainee
TR_73 Sat Day Trainee
TR_73 Sun Early Trainee
TR_74 Tue Day Trainee
TR_74 Wed Day Trainee
TR_74 Thu Day Trainee
TR_75 Mon Night Trainee
TR_75 Tue Night Trainee
TR_75 Wed Night Trainee
TR_75 Thu Night Trainee
TR_75 Fri Night Trainee
TR_76 Mon Night Trainee
TR_76 Tue Night Trainee
TR_76 Wed Night Trainee
TR_76 Thu Night Trainee
TR_76 Fri Night Trainee
TR_77 Mon Late Trainee
TR_77 Tue Late Trainee
TR_78 Tue Early Trainee
TR_78 Wed Early Trainee
TR_78 Thu Early Trainee
TR_79 Mon Day Trainee
TR_79 Tue Day Trainee
TR_79 Wed Day Trainee
