SOLUTION
5 n080w8

ASSIGNMENTS = 269
HN_0 Wed Day HeadNurse
HN_0 Thu Day HeadNurse
HN_0 Fri Day Nurse
HN_1 Mon Early HeadNurse
HN_1 Tue Early HeadNurse
HN_1 Wed Early HeadNurse
HN_1 Sat Early HeadNurse
HN_1 Sun Early Nurse
HN_2 Mon Late HeadNurse
HN_2 Tue Late HeadNurse
HN_3 Tue Night HeadNurse
HN_3 Wed Night HeadNurse
HN_3 Thu Night HeadNurse
HN_3 Fri Night HeadNurse
HN_4 Fri Late HeadNurse
HN_4 Sat Late Nurse
HN_4 Sun Late HeadNurse
HN_5 Mon Day HeadNurse
HN_6 Mon Early Nurse
HN_6 Tue Early Nurse
HN_6 Wed Night Nurse
HN_6 Thu Night Nurse
HN_6 Fri Night Nurse
HN_7 Mon Day Nurse
HN_7 Tue Day Nurse
HN_7 Wed Late HeadNurse
HN_7 Thu Late HeadNurse
HN_7 Fri Late Nurse
HN_8 Wed Early Nurse
HN_8 Thu Early HeadNurse
HN_8 Fri Early HeadNurse
NU_10 Mon Day Nurse
NU_10 Thu Early Nurse
NU_10 Fri Early Nurse
NU_10 Sat Early Nurse
NU_10 Sun Early Caretaker
NU_11 Fri Night Nurse
NU_11 Sat Night Nurse
NU_11 Sun Night Nurse
NU_12 Thu Early Nurse
NU_12 Fri Early Nurse
NU_12 Sat Day Nurse
NU_12 Sun Day Nurse
NU_13 Mon Late Nurse
NU_13 Tue Late Nurse
NU_13 Wed Late Nurse
NU_14 Mon Night Nurse
NU_14 Tue Night Nurse
NU_14 Wed Night Nurse
NU_15 Tue Late Caretaker
NU_15 Wed Late Nurse
NU_15 Thu Late Nurse
NU_15 Fri Late Nurse
NU_17 Fri Late Caretaker
NU_17 Sat Late Caretaker
NU_17 Sun Late Nurse
NU_18 Mon Early Nurse
NU_18 Tue Early Caretaker
NU_18 Wed Day Nurse
NU_18 Thu Day Nurse
NU_18 Fri Day Nurse
NU_19 Mon Night Caretaker
NU_19 Tue Night Caretaker
NU_19 Wed Night Caretaker
NU_19 Sat Early Nurse
NU_19 Sun Early Caretaker
CT_20 Fri Early Caretaker
CT_20 Sat Early Caretaker
CT_20 Sun Early Caretaker
CT_21 Tue Day Caretaker
CT_21 Wed Day Caretaker
CT_21 Thu Day Caretaker
CT_22 Mon Early Caretaker
CT_22 Tue Early Caretaker
CT_23 Tue Early Caretaker
CT_23 Wed Early Caretaker
CT_23 Thu Early Caretaker
CT_23 Fri Early Caretaker
CT_24 Mon Night Caretaker
CT_24 Tue Night Caretaker
CT_24 Wed Night Caretaker
CT_24 Thu Night Caretaker
CT_26 Mon Day Caretaker
CT_26 Tue Day Caretaker
CT_26 Wed Early Caretaker
CT_26 Thu Early Caretaker
CT_26 Fri Early Caretaker
CT_27 Mon Day Caretaker
CT_27 Tue Day Caretaker
CT_27 Wed Day Caretaker
CT_27 Thu Day Caretaker
CT_27 Fri Day Caretaker
CT_28 Mon Day Caretaker
CT_28 Tue Day Caretaker
CT_29 Thu Early Caretaker
CT_29 Fri Early Caretaker
CT_29 Sat Night Caretaker
CT_29 Sun Night Caretaker
CT_30 Tue Early Caretaker
CT_30 Wed Early Caretaker
CT_30 Thu Early Caretaker
CT_31 Wed Day Caretaker
CT_31 Thu Day Caretaker
CT_31 Fri Day Caretaker
CT_32 Tue Night Caretaker
CT_32 Wed Night Caretaker
CT_32 Thu Night Caretaker
CT_32 Fri Night Caretaker
CT_33 Mon Night Caretaker
CT_34 Thu Early Caretaker
CT_34 Fri Early Caretaker
CT_34 Sat Late Caretaker
CT_34 Sun Late Caretaker
CT_35 Tue Late Caretaker
CT_35 Wed Late Caretaker
CT_35 Thu Late Caretaker
CT_36 Mon Early Caretaker
CT_36 Tue Early Caretaker
CT_37 Mon Night Caretaker
CT_37 Tue Night Caretaker
CT_37 Wed Night Caretaker
CT_37 Thu Night Caretaker
CT_37 Fri Night Caretaker
CT_38 Mon Day Caretaker
CT_38 Tue Day Caretaker
CT_38 Wed Day Caretaker
CT_38 Sat Night Caretaker
CT_38 Sun Night Caretaker
CT_39 Mon Early Caretaker
CT_39 Tue Early Caretaker
CT_39 Wed Early Caretaker
CT_39 Thu Day Caretaker
CT_39 Fri Day Caretaker
CT_40 Mon Early Caretaker
CT_40 Tue Early Caretaker
CT_40 Wed Early Caretaker
CT_40 Thu Day Caretaker
CT_40 Fri Day Caretaker
CT_41 Mon Night Caretaker
CT_42 Mon Late Caretaker
CT_42 Tue Late Caretaker
CT_42 Wed Late Caretaker
CT_42 Thu Late Caretaker
CT_42 Fri Late Caretaker
CT_43 Wed Day Caretaker
CT_43 Thu Day Caretaker
CT_43 Fri Day Caretaker
CT_44 Mon Late Caretaker
CT_44 Tue Late Caretaker
CT_44 Wed Late Caretaker
CT_44 Thu Late Caretaker
CT_44 Fri Late Caretaker
CT_45 Wed Early Caretaker
CT_45 Thu Early Caretaker
CT_45 Fri Early Caretaker
CT_46 Mon Early Caretaker
CT_46 Tue Early Caretaker
CT_46 Fri Early Caretaker
CT_46 Sat Early Caretaker
CT_46 Sun Day Caretaker
CT_47 Mon Night Caretaker
CT_47 Tue Night Caretaker
CT_47 Wed Night Caretaker
CT_47 Thu Night Caretaker
CT_47 Fri Night Caretaker
CT_48 Mon Day Caretaker
CT_48 Tue Day Caretaker
CT_48 Wed Day Caretaker
CT_48 Thu Day Caretaker
CT_48 Fri Day Caretaker
CT_49 Mon Late Caretaker
CT_49 Tue Late Caretaker
CT_49 Wed Late Caretaker
CT_49 Thu Late Caretaker
CT_49 Fri Late Caretaker
CT_50 Thu Early Caretaker
CT_50 Fri Early Caretaker
CT_50 Sat Day Caretaker
CT_50 Sun Day Caretaker
CT_51 Mon Day Caretaker
CT_52 Fri Day Caretaker
CT_52 Sat Day Caretaker
CT_52 Sun Day Caretaker
CT_53 Thu Late Caretaker
CT_53 Fri Late Caretaker
CT_53 Sat Late Caretaker
CT_53 Sun Late Caretaker
CT_54 Mon Night Caretaker
CT_54 Tue Night Caretaker
CT_54 Wed Night Caretaker
CT_55 Tue Night Caretaker
CT_55 Wed Night Caretaker
CT_55 Thu Night Caretaker
CT_55 Fri Night Caretaker
CT_56 Mon Late Caretaker
CT_56 Thu Late Caretaker
CT_56 Fri Late Caretaker
CT_56 Sat Late Caretaker
CT_56 Sun Late Caretaker
CT_57 Mon Late Caretaker
CT_57 Tue Late Caretaker
CT_57 Wed Late Caretaker
CT_57 Sat Night Caretaker
CT_57 Sun Night Caretaker
CT_58 Tue Late Caretaker
CT_58 Wed Late Caretaker
CT_58 Thu Late Caretaker
CT_59 Tue Night Caretaker
CT_59 Wed Night Caretaker
CT_59 Thu Night Caretaker
CT_59 Fri Night Caretaker
TR_61 Mon Day Trainee
TR_61 Tue Day Trainee
TR_61 Wed Late Trainee
TR_61 Thu Late Trainee
TR_61 Fri Late Trainee
TR_62 Mon Night Trainee
TR_62 Tue Night Trainee
TR_62 Wed Night Trainee
TR_63 Mon Night Trainee
TR_63 Tue Night Trainee
TR_63 Wed Night Trainee
TR_63 Thu Night Trainee
TR_64 Fri Day Trainee
TR_64 Sat Day Trainee
TR_64 Sun Late Trainee
TR_65 Tue Day Trainee
TR_65 Wed Day Trainee
TR_65 Thu Day Trainee
TR_66 Wed Late Trainee
TR_66 Thu Late Trainee
TR_66 Fri Late Trainee
TR_67 Fri Day Trainee
TR_67 Sat Day Trainee
TR_67 Sun Early Trainee
TR_68 Mon Late Trainee
TR_68 Tue Late Trainee
TR_68 Wed Late Trainee
TR_69 Mon Late Trainee
TR_69 Tue Late Trainee
TR_70 Thu Early Trainee
TR_70 Fri Early Trainee
TR_70 Sat Day Trainee
TR_70 Sun Day Trainee
TR_71 Wed Night Trainee
TR_71 Thu Night Trainee
TR_71 Fri Night Trainee
TR_72 Mon Day Trainee
TR_72 Tue Day Trainee
TR_73 Mon Early Trainee
TR_73 Tue Early Trainee
TR_73 Wed Early Trainee
TR_73 Thu Early Trainee
TR_75 Mon Night Trainee
TR_76 Mon Early Trainee
TR_76 Tue Early Trainee
TR_76 Wed Early Trainee
TR_76 Thu Day Trainee
TR_76 Fri Day Trainee
TR_77 Fri Night Trainee
TR_77 Sat Night Trainee
TR_77 Sun Night Trainee
TR_78 Tue Early Trainee
TR_78 Wed Early Trainee
TR_78 Thu Early Trainee
TR_78 Fri Early Trainee
TR_79 Fri Late Trainee
TR_79 Sat Late Trainee
TR_79 Sun Late Trainee
