SOLUTION
2 n110w4

ASSIGNMENTS = 375
HN_0 Mon Day HeadNurse
HN_0 Tue Late HeadNurse
HN_0 Wed Late HeadNurse
HN_1 Mon Day Nurse
HN_1 Tue Day Nurse
HN_2 Mon Late HeadNurse
HN_2 Tue Late HeadNurse
HN_3 Wed Early HeadNurse
HN_3 Thu Early HeadNurse
HN_3 Fri Early HeadNurse
HN_4 Wed Day HeadNurse
HN_4 Thu Day HeadNurse
HN_4 Fri Day HeadNurse
HN_5 Thu Day HeadNurse
HN_5 Fri Day HeadNurse
HN_5 Sat Day HeadNurse
HN_5 Sun Day HeadNurse
HN_6 Wed Day Nurse
HN_6 Thu Day Nurse
HN_6 Fri Night HeadNurse
HN_6 Sat Night HeadNurse
HN_6 Sun Night HeadNurse
HN_7 Mon Night HeadNurse
HN_7 Tue Night HeadNurse
HN_7 Wed Night HeadNurse
HN_8 Tue Night HeadNurse
HN_8 Wed Night Nurse
HN_8 Thu Night HeadNurse
HN_8 Fri Night HeadNurse
HN_9 Thu Early Nurse
HN_9 Fri Early Nurse
HN_9 Sat Day Nurse
HN_9 Sun Day Nurse
HN_10 Wed Day Nurse
HN_10 Thu Day Nurse
HN_10 Fri Day Nurse
HN_10 Sat Early Nurse
HN_10 Sun Early Nurse
HN_11 Mon Late HeadNurse
HN_11 Tue Late Nurse
HN_12 Wed Day Nurse
HN_12 Thu Day Nurse
HN_12 Fri Day Nurse
HN_13 Tue Early HeadNurse
HN_13 Wed Early Nurse
HN_13 Thu Late HeadNurse
HN_13 Fri Late HeadNurse
HN_14 Mon Night HeadNurse
HN_14 Tue Night Nurse
HN_15 Mon Early HeadNurse
HN_15 Tue Late Nurse
HN_15 Wed Late HeadNurse
HN_16 Mon Early HeadNurse
HN_16 Tue Early Nurse
HN_16 Wed Early Nurse
HN_16 Thu Late HeadNurse
HN_16 Fri Late HeadNurse
HN_17 Tue Night Nurse
HN_17 Wed Night Nurse
HN_17 Thu Night Nurse
HN_17 Fri Night Nurse
HN_18 Mon Late Nurse
HN_18 Tue Late Nurse
HN_18 Wed Late Nurse
HN_18 Sat Day Nurse
HN_18 Sun Day Nurse
HN_19 Wed Late Nurse
HN_19 Thu Late Nurse
HN_19 Fri Night Nurse
HN_19 Sat Night Nurse
HN_19 Sun Night HeadNurse
NU_20 Mon Early Nurse
NU_21 Wed Day Caretaker
NU_21 Thu Day Caretaker
NU_21 Fri Day Nurse
NU_22 Mon Night Nurse
NU_22 Tue Night Caretaker
NU_22 Wed Night Caretaker
NU_22 Thu Night Nurse
NU_22 Fri Night Nurse
NU_23 Fri Night Nurse
NU_23 Sat Night Caretaker
NU_23 Sun Night Nurse
NU_24 Mon Early Nurse
NU_24 Tue Early Nurse
NU_24 Wed Early Caretaker
NU_25 Mon Late Nurse
NU_25 Tue Late Caretaker
NU_25 Wed Late Nurse
NU_26 Thu Early Nurse
NU_26 Fri Early Nurse
NU_27 Thu Late Nurse
NU_27 Fri Late Nurse
NU_28 Mon Late Nurse
NU_28 Tue Late Caretaker
NU_28 Wed Late Caretaker
NU_29 Mon Night Nurse
NU_29 Tue Night Caretaker
NU_29 Wed Night Caretaker
NU_29 Thu Night Caretaker
NU_30 Mon Day Nurse
NU_31 Thu Late Nurse
NU_31 Fri Late Nurse
NU_31 Sat Late Nurse
NU_31 Sun Late Nurse
NU_32 Wed Day Caretaker
NU_32 Thu Day Caretaker
NU_32 Fri Day Nurse
NU_33 Mon Day Nurse
NU_33 Tue Day Nurse
NU_33 Wed Day Caretaker
NU_33 Thu Late Nurse
NU_33 Fri Late Nurse
NU_34 Fri Late Nurse
NU_34 Sat Late Nurse
NU_35 Mon Early Nurse
NU_35 Tue Night Caretaker
NU_35 Wed Night Caretaker
NU_35 Thu Night Caretaker
NU_35 Fri Night Caretaker
NU_36 Mon Night Nurse
NU_37 Mon Late Caretaker
NU_37 Tue Late Caretaker
NU_37 Wed Late Caretaker
NU_38 Mon Early Caretaker
NU_38 Tue Early Nurse
NU_38 Wed Early Caretaker
NU_38 Thu Late Caretaker
NU_38 Fri Late Caretaker
NU_39 Mon Day Nurse
NU_39 Tue Day Caretaker
NU_39 Wed Early Caretaker
NU_39 Thu Early Nurse
NU_39 Fri Early Caretaker
CT_40 Mon Late Caretaker
CT_40 Tue Late Caretaker
CT_41 Mon Day Caretaker
CT_41 Tue Day Caretaker
CT_42 Mon Late Caretaker
CT_42 Tue Late Caretaker
CT_42 Wed Late Caretaker
CT_42 Sat Day Caretaker
CT_42 Sun Day Caretaker
CT_43 Thu Day Caretaker
CT_43 Fri Day Caretaker
CT_44 Mon Night Caretaker
CT_45 Mon Day Caretaker
CT_45 Fri Day Caretaker
CT_45 Sat Day Caretaker
CT_45 Sun Day Caretaker
CT_46 Mon Night Caretaker
CT_47 Mon Early Caretaker
CT_47 Tue Early Caretaker
CT_47 Wed Early Caretaker
CT_47 Thu Early Caretaker
CT_47 Fri Early Caretaker
CT_48 Wed Late Caretaker
CT_48 Thu Late Caretaker
CT_48 Fri Late Caretaker
CT_49 Mon Night Caretaker
CT_49 Tue Night Caretaker
CT_49 Wed Night Caretaker
CT_49 Thu Night Caretaker
CT_49 Fri Night Caretaker
CT_50 Mon Late Caretaker
CT_50 Fri Day Caretaker
CT_50 Sat Day Caretaker
CT_50 Sun Day Caretaker
CT_51 Thu Early Caretaker
CT_51 Fri Early Caretaker
CT_51 Sat Early Caretaker
CT_51 Sun Early Caretaker
CT_52 Fri Early Caretaker
CT_52 Sat Early Caretaker
CT_52 Sun Early Caretaker
CT_53 Fri Late Caretaker
CT_53 Sat Late Caretaker
CT_53 Sun Late Caretaker
CT_54 Mon Early Caretaker
CT_54 Tue Early Caretaker
CT_54 Wed Early Caretaker
CT_54 Thu Day Caretaker
CT_54 Fri Day Caretaker
CT_55 Thu Late Caretaker
CT_55 Fri Late Caretaker
CT_56 Mon Day Caretaker
CT_56 Tue Day Caretaker
CT_57 Thu Early Caretaker
CT_57 Fri Early Caretaker
CT_57 Sat Early Caretaker
CT_57 Sun Early Caretaker
CT_58 Mon Late Caretaker
CT_58 Tue Late Caretaker
CT_58 Fri Early Caretaker
CT_58 Sat Early Caretaker
CT_59 Mon Night Caretaker
CT_59 Sat Night Caretaker
CT_59 Sun Night Caretaker
CT_60 Mon Day Caretaker
CT_60 Tue Day Caretaker
CT_60 Wed Day Caretaker
CT_60 Thu Early Caretaker
CT_60 Fri Early Caretaker
CT_61 Fri Late Caretaker
CT_61 Sat Late Caretaker
CT_61 Sun Late Caretaker
CT_62 Mon Night Caretaker
CT_62 Tue Night Caretaker
CT_62 Wed Night Caretaker
CT_62 Thu Night Caretaker
CT_62 Fri Night Caretaker
CT_63 Mon Day Caretaker
CT_63 Tue Day Caretaker
CT_63 Wed Early Caretaker
CT_63 Thu Early Caretaker
CT_64 Fri Night Caretaker
CT_64 Sat Night Caretaker
CT_64 Sun Night Caretaker
CT_65 Mon Night Caretaker
CT_65 Tue Night Caretaker
CT_65 Wed Night Caretaker
CT_65 Thu Night Caretaker
CT_65 Fri Night Caretaker
CT_66 Mon Day Caretaker
CT_66 Tue Day Caretaker
CT_66 Wed Late Caretaker
CT_66 Thu Late Caretaker
CT_66 Fri Late Caretaker
CT_67 Mon Late Caretaker
CT_67 Tue Late Caretaker
CT_68 Mon Late Caretaker
CT_68 Tue Late Caretaker
CT_68 Wed Late Caretaker
CT_69 Wed Late Caretaker
CT_69 Thu Late Caretaker
CT_69 Fri Late Caretaker
CT_70 Wed Day Caretaker
CT_70 Thu Day Caretaker
CT_70 Fri Late Caretaker
CT_70 Sat Late Caretaker
CT_70 Sun Late Caretaker
CT_71 Mon Day Caretaker
CT_71 Tue Day Caretaker
CT_72 Thu Day Caretaker
CT_72 Fri Day Caretaker
CT_73 Mon Early Caretaker
CT_73 Tue Early Caretaker
CT_74 Thu Day Caretaker
CT_74 Fri Day Caretaker
CT_75 Mon Early Caretaker
CT_75 Tue Early Caretaker
CT_75 Wed Early Caretaker
CT_76 Mon Night Caretaker
CT_76 Tue Night Caretaker
CT_76 Wed Night Caretaker
CT_76 Thu Night Caretaker
CT_76 Fri Night Caretaker
CT_77 Mon Early Caretaker
CT_77 Tue Early Caretaker
CT_77 Wed Early Caretaker
CT_77 Thu Early Caretaker
CT_77 Fri Early Caretaker
CT_78 Mon Day Caretaker
CT_78 Thu Night Caretaker
CT_78 Fri Night Caretaker
CT_78 Sat Night Caretaker
CT_78 Sun Night Caretaker
CT_79 Thu Day Caretaker
CT_79 Fri Day Caretaker
TR_80 Mon Early Trainee
TR_80 Tue Early Trainee
TR_80 Wed Early Trainee
TR_81 Mon Night Trainee
TR_82 Mon Late Trainee
TR_82 Tue Late Trainee
TR_82 Wed Late Trainee
TR_82 Thu Late Trainee
TR_83 Mon Night Trainee
TR_83 Tue Night Trainee
TR_83 Wed Night Trainee
TR_83 Thu Night Trainee
TR_83 Fri Night Trainee
TR_84 Tue Day Trainee
TR_84 Wed Day Trainee
TR_84 Thu Early Trainee
TR_84 Fri Early Trainee
TR_85 Mon Late Trainee
TR_85 Tue Late Trainee
TR_86 Fri Night Trainee
TR_86 Sat Night Trainee
TR_86 Sun Night Trainee
TR_87 Mon Night Trainee
TR_87 Tue Night Trainee
TR_87 Wed Night Trainee
TR_88 Wed Day Trainee
TR_88 Thu Day Trainee
TR_88 Fri Day Trainee
TR_88 Sat Late Trainee
TR_88 Sun Late Trainee
TR_89 Wed Day Trainee
TR_89 Thu Day Trainee
TR_89 Fri Day Trainee
TR_90 Thu Late Trainee
TR_90 Fri Late Trainee
TR_90 Sat Late Trainee
TR_90 Sun Late Trainee
TR_91 Mon Night Trainee
TR_91 Tue Night Trainee
TR_91 Wed Night Trainee
TR_91 Thu Night Trainee
TR_91 Fri Night Trainee
TR_92 Mon Late Trainee
TR_92 Tue Late Trainee
TR_93 Wed Early Trainee
TR_93 Thu Early Trainee
TR_93 Fri Early Trainee
TR_94 Fri Day Trainee
TR_94 Sat Day Trainee
TR_94 Sun Day Trainee
TR_95 Mon Day Trainee
TR_95 Tue Day Trainee
TR_96 Fri Early Trainee
TR_96 Sat Early Trainee
TR_96 Sun Early Trainee
TR_97 Mon Early Trainee
TR_97 Tue Early Trainee
TR_97 Wed Early Trainee
TR_97 Thu Late Trainee
TR_97 Fri Late Trainee
TR_98 Mon Day Trainee
TR_98 Sat Day Trainee
TR_98 Sun Day Trainee
TR_99 Wed Night Trainee
TR_99 Thu Night Trainee
TR_99 Fri Night Trainee
TR_99 Sat Night Trainee
TR_99 Sun Night Trainee
TR_100 Mon Day Trainee
TR_100 Tue Day Trainee
TR_100 Wed Day Trainee
TR_100 Thu Day Trainee
TR_100 Fri Day Trainee
TR_101 Mon Day Trainee
TR_101 Tue Day Trainee
TR_101 Wed Day Trainee
TR_101 Thu Day Trainee
TR_101 Fri Day Trainee
TR_102 Thu Late Trainee
TR_102 Fri Late Trainee
TR_103 Mon Early Trainee
TR_104 Mon Late Trainee
TR_104 Tue Late Trainee
TR_104 Wed Late Trainee
TR_104 Sat Early Trainee
TR_104 Sun Early Trainee
TR_105 Mon Early Trainee
TR_105 Tue Early Trainee
TR_105 Wed Early Trainee
TR_105 Thu Late Trainee
TR_105 Fri Late Trainee
TR_106 Mon Day Trainee
TR_106 Tue Day Trainee
TR_106 Wed Early Trainee
TR_106 Thu Early Trainee
TR_106 Fri Early Trainee
TR_107 Mon Night Trainee
TR_107 Tue Night Trainee
TR_107 Wed Night Trainee
TR_107 Thu Night Trainee
TR_107 Fri Night Trainee
TR_108 Mon Early Trainee
TR_108 Tue Early Trainee
TR_109 Mon Late Trainee
TR_109 Tue Late Trainee
TR_109 Wed Late Trainee
