SOLUTION
3 n110w4

ASSIGNMENTS = 372
HN_0 Mon Early HeadNurse
HN_0 Tue Early HeadNurse
HN_0 Wed Day HeadNurse
HN_0 Thu Day HeadNurse
HN_1 Mon Late HeadNurse
HN_1 Tue Late HeadNurse
HN_1 Sun Day HeadNurse
HN_2 Wed Late HeadNurse
HN_2 Thu Late HeadNurse
HN_2 Sun Early HeadNurse
HN_3 Mon Night HeadNurse
HN_3 Tue Night HeadNurse
HN_3 Wed Night HeadNurse
HN_3 Thu Night HeadNurse
HN_3 Fri Night HeadNurse
HN_4 Fri Early HeadNurse
HN_4 Sat Early Nurse
HN_4 Sun Early HeadNurse
HN_5 Mon Day HeadNurse
HN_6 Mon Night HeadNurse
HN_6 Sat Late Nurse
HN_6 Sun Late HeadNurse
HN_7 Mon Early Nurse
HN_7 Tue Early Nurse
HN_7 Wed Early HeadNurse
HN_7 Thu Early HeadNurse
HN_8 Wed Night HeadNurse
HN_8 Thu Night Nurse
HN_8 Fri Night Nurse
HN_8 Sat Night HeadNurse
HN_8 Sun Night HeadNurse
HN_9 Mon Day HeadNurse
HN_10 Fri Day HeadNurse
HN_10 Sat Day Nurse
HN_10 Sun Day HeadNurse
HN_11 Mon Late Nurse
HN_11 Tue Late Nurse
HN_12 Wed Late HeadNurse
HN_12 Thu Late Nurse
HN_12 Fri Late HeadNurse
HN_13 Tue Early Nurse
HN_13 Wed Early HeadNurse
HN_13 Thu Late Nurse
HN_13 Fri Late Nurse
HN_14 Wed Day HeadNurse
HN_14 Thu Day HeadNurse
HN_14 Fri Day Nurse
HN_15 Mon Night Nurse
HN_15 Tue Night Nurse
HN_15 Wed Night Nurse
HN_15 Thu Night Nurse
HN_16 Mon Day Nurse
HN_16 Tue Day Nurse
HN_16 Wed Day Nurse
HN_16 Thu Early Nurse
HN_16 Fri Early HeadNurse
HN_17 Fri Early Nurse
HN_17 Sat Early Nurse
HN_17 Sun Day Nurse
HN_18 Mon Late Nurse
HN_18 Tue Late Nurse
HN_18 Fri Late Nurse
HN_18 Sat Late Nurse
HN_18 Sun Late HeadNurse
HN_19 Mon Night Nurse
HN_19 Fri Night Nurse
HN_19 Sat Night Nurse
HN_19 Sun Night Nurse
NU_20 Tue Early Nurse
NU_20 Wed Early Nurse
NU_20 Thu Early Nurse
NU_20 Fri Early Nurse
NU_21 Mon Night Caretaker
NU_21 Tue Night Nurse
NU_21 Wed Night Nurse
NU_21 Thu Night Nurse
NU_21 Fri Night Caretaker
NU_22 Mon Early Nurse
NU_22 Tue Early Caretaker
NU_22 Wed Early Nurse
NU_22 Thu Early Caretaker
NU_22 Fri Early Nurse
NU_23 Mon Night Caretaker
NU_24 Thu Day Nurse
NU_24 Fri Day Nurse
NU_24 Sat Early Caretaker
NU_24 Sun Early Nurse
NU_25 Tue Day Nurse
NU_25 Wed Day Nurse
NU_25 Thu Early Caretaker
NU_25 Fri Early Caretaker
NU_26 Thu Day Nurse
NU_26 Fri Day Nurse
NU_27 Sat Early Caretaker
NU_27 Sun Early Nurse
NU_28 Thu Late Nurse
NU_28 Fri Late Nurse
NU_28 Sat Late Caretaker
NU_28 Sun Late Nurse
NU_29 Tue Late Nurse
NU_29 Wed Late Nurse
NU_29 Thu Late Caretaker
NU_29 Fri Late Caretaker
NU_30 Tue Late Caretaker
NU_30 Wed Late Nurse
NU_30 Thu Late Caretaker
NU_30 Fri Late Caretaker
NU_32 Mon Day Nurse
NU_32 Tue Day Nurse
NU_32 Wed Day Nurse
NU_32 Thu Late Caretaker
NU_32 Fri Late Caretaker
NU_33 Mon Night Caretaker
NU_33 Tue Night Nurse
NU_33 Wed Night Nurse
NU_33 Thu Night Caretaker
NU_33 Fri Night Caretaker
NU_34 Thu Day Nurse
NU_34 Fri Day Caretaker
NU_35 Tue Night Nurse
NU_35 Wed Night Caretaker
NU_35 Thu Night Caretaker
NU_35 Fri Night Caretaker
NU_36 Mon Late Caretaker
NU_36 Tue Late Caretaker
NU_36 Wed Late Nurse
NU_37 Thu Early Caretaker
NU_37 Fri Early Caretaker
NU_37 Sat Early Caretaker
NU_37 Sun Day Nurse
NU_38 Mon Day Nurse
NU_38 Tue Day Caretaker
NU_38 Wed Day Caretaker
NU_38 Sat Night Nurse
NU_38 Sun Night Caretaker
NU_39 Wed Early Caretaker
NU_39 Thu Early Caretaker
NU_39 Fri Late Caretaker
NU_39 Sat Late Caretaker
NU_39 Sun Late Nurse
CT_40 Wed Night Caretaker
CT_40 Thu Night Caretaker
CT_40 Fri Night Caretaker
CT_40 Sat Night Caretaker
CT_41 Mon Day Caretaker
CT_41 Tue Day Caretaker
CT_41 Sun Late Caretaker
CT_42 Mon Day Caretaker
CT_42 Thu Day Caretaker
CT_42 Fri Day Caretaker
CT_42 Sat Day Caretaker
CT_42 Sun Late Caretaker
CT_43 Thu Late Caretaker
CT_43 Fri Late Caretaker
CT_44 Mon Day Caretaker
CT_44 Tue Day Caretaker
CT_44 Wed Day Caretaker
CT_45 Mon Late Caretaker
CT_45 Tue Late Caretaker
CT_45 Wed Late Caretaker
CT_46 Mon Night Caretaker
CT_46 Tue Night Caretaker
CT_46 Wed Night Caretaker
CT_46 Thu Night Caretaker
CT_46 Fri Night Caretaker
CT_47 Mon Early Caretaker
CT_47 Tue Early Caretaker
CT_47 Wed Early Caretaker
CT_47 Sat Night Caretaker
CT_47 Sun Night Caretaker
CT_48 Tue Night Caretaker
CT_48 Wed Night Caretaker
CT_48 Thu Night Caretaker
CT_48 Fri Night Caretaker
CT_49 Mon Early Caretaker
CT_49 Tue Early Caretaker
CT_49 Wed Early Caretaker
CT_49 Thu Late Caretaker
CT_49 Fri Late Caretaker
CT_50 Mon Day Caretaker
CT_50 Tue Late Caretaker
CT_50 Wed Late Caretaker
CT_52 Mon Late Caretaker
CT_52 Tue Late Caretaker
CT_52 Wed Late Caretaker
CT_54 Mon Early Caretaker
CT_54 Tue Early Caretaker
CT_54 Wed Day Caretaker
CT_54 Thu Day Caretaker
CT_54 Fri Day Caretaker
CT_55 Thu Day Caretaker
CT_55 Fri Day Caretaker
CT_56 Mon Day Caretaker
CT_56 Tue Day Caretaker
CT_56 Wed Day Caretaker
CT_56 Sun Early Caretaker
CT_58 Thu Day Caretaker
CT_58 Fri Day Caretaker
CT_59 Mon Night Caretaker
CT_59 Tue Night Caretaker
CT_59 Wed Night Caretaker
CT_60 Fri Early Caretaker
CT_60 Sat Early Caretaker
CT_60 Sun Day Caretaker
CT_62 Mon Day Caretaker
CT_62 Tue Day Caretaker
CT_62 Wed Day Caretaker
CT_62 Sat Day Caretaker
CT_62 Sun Day Caretaker
CT_63 Tue Night Caretaker
CT_63 Wed Night Caretaker
CT_63 Thu Night Caretaker
CT_63 Fri Night Caretaker
CT_64 Mon Night Caretaker
CT_65 Mon Early Caretaker
CT_65 Tue Early Caretaker
CT_65 Wed Early Caretaker
CT_65 Sat Late Caretaker
CT_65 Sun Late Caretaker
CT_66 Tue Night Caretaker
CT_66 Wed Night Caretaker
CT_66 Thu Night Caretaker
CT_66 Fri Night Caretaker
CT_67 Mon Early Caretaker
CT_67 Tue Early Caretaker
CT_68 Mon Late Caretaker
CT_68 Tue Late Caretaker
CT_68 Wed Late Caretaker
CT_68 Thu Late Caretaker
CT_69 Wed Late Caretaker
CT_69 Thu Late Caretaker
CT_69 Fri Late Caretaker
CT_70 Mon Late Caretaker
CT_70 Fri Day Caretaker
CT_70 Sat Day Caretaker
CT_70 Sun Early Caretaker
CT_71 Wed Late Caretaker
CT_71 Thu Late Caretaker
CT_72 Thu Day Caretaker
CT_72 Fri Day Caretaker
CT_73 Wed Day Caretaker
CT_73 Thu Day Caretaker
CT_73 Sun Day Caretaker
CT_74 Wed Early Caretaker
CT_74 Thu Early Caretaker
CT_74 Fri Early Caretaker
CT_75 Mon Night Caretaker
CT_75 Tue Night Caretaker
CT_75 Wed Night Caretaker
CT_75 Thu Night Caretaker
CT_76 Mon Day Caretaker
CT_76 Tue Day Caretaker
CT_76 Wed Day Caretaker
CT_76 Sat Day Caretaker
CT_76 Sun Day Caretaker
CT_77 Mon Early Caretaker
CT_77 Tue Early Caretaker
CT_77 Wed Early Caretaker
CT_77 Thu Early Caretaker
CT_77 Fri Early Caretaker
CT_78 Wed Early Caretaker
CT_78 Thu Early Caretaker
CT_78 Fri Early Caretaker
CT_78 Sat Night Caretaker
CT_78 Sun Night Caretaker
CT_79 Thu Day Caretaker
CT_79 Fri Day Caretaker
TR_80 Mon Day Trainee
TR_80 Tue Day Trainee
TR_80 Wed Late Trainee
TR_80 Thu Late Trainee
TR_81 Tue Early Trainee
TR_81 Wed Early Trainee
TR_81 Thu Early Trainee
TR_82 Wed Day Trainee
TR_82 Thu Day Trainee
TR_82 Fri Day Trainee
TR_83 Wed Late Trainee
TR_83 Thu Late Trainee
TR_83 Fri Late Trainee
TR_83 Sat Late Trainee
TR_83 Sun Late Trainee
TR_84 Tue Day Trainee
TR_84 Wed Day Trainee
TR_84 Thu Day Trainee
TR_84 Fri Day Trainee
TR_85 Tue Late Trainee
TR_85 Wed Late Trainee
TR_86 Mon Night Trainee
TR_87 Mon Early Trainee
TR_87 Tue Early Trainee
TR_87 Wed Day Trainee
TR_87 Thu Day Trainee
TR_87 Fri Day Trainee
TR_88 Fri Early Trainee
TR_88 Sat Early Trainee
TR_88 Sun Late Trainee
TR_89 Mon Night Trainee
TR_89 Tue Night Trainee
TR_89 Wed Night Trainee
TR_89 Thu Night Trainee
TR_89 Fri Night Trainee
TR_90 Mon Late Trainee
TR_91 Mon Late Trainee
TR_91 Tue Late Trainee
TR_91 Wed Late Trainee
TR_91 Sat Early Trainee
TR_91 Sun Early Trainee
TR_92 Mon Late Trainee
TR_92 Tue Late Trainee
TR_93 Sat Early Trainee
TR_93 Sun Early Trainee
TR_95 Mon Late Trainee
TR_95 Tue Late Trainee
TR_96 Mon Day Trainee
TR_96 Tue Day Trainee
TR_96 Wed Early Trainee
TR_96 Thu Early Trainee
TR_97 Mon Night Trainee
TR_97 Tue Night Trainee
TR_97 Wed Night Trainee
TR_97 Thu Night Trainee
TR_97 Fri Night Trainee
TR_98 Mon Day Trainee
TR_98 Tue Early Trainee
TR_98 Wed Early Trainee
TR_99 Fri Night Trainee
TR_99 Sat Night Trainee
TR_99 Sun Night Trainee
TR_100 Mon Night Trainee
TR_100 Tue Night Trainee
TR_100 Wed Night Trainee
TR_100 Thu Night Trainee
TR_100 Fri Night Trainee
TR_101 Mon Night Trainee
TR_101 Tue Night Trainee
TR_101 Wed Night Trainee
TR_101 Thu Night Trainee
TR_101 Fri Night Trainee
TR_102 Fri Late Trainee
TR_102 Sat Late Trainee
TR_103 Tue Late Trainee
TR_103 Wed Late Trainee
TR_103 Thu Late Trainee
TR_103 Fri Late Trainee
TR_104 Mon Early Trainee
TR_104 Thu Night Trainee
TR_104 Fri Night Trainee
TR_104 Sat Night Trainee
TR_104 Sun Night Trainee
TR_105 Wed Day Trainee
TR_105 Thu Day Trainee
TR_105 Fri Day Trainee
TR_105 Sat Day Trainee
TR_105 Sun Day Trainee
TR_106 Mon Day Trainee
TR_106 Tue Day Trainee
TR_106 Wed Day Trainee
TR_106 Thu Early Trainee
TR_106 Fri Early Trainee
TR_107 Wed Early Trainee
TR_107 Thu Early Trainee
TR_107 Fri Early Trainee
TR_107 Sat Day Trainee
TR_107 Sun Day Trainee
TR_108 Mon Late Trainee
TR_108 Tue Late Trainee
TR_109 Mon Early Trainee
TR_109 Tue Early Trainee
TR_109 Wed Early Trainee
TR_109 Thu Early Trainee
TR_109 Fri Early Trainee
