SOLUTION
3 n120w8

ASSIGNMENTS = 475
HN_0 Thu Day HeadNurse
HN_0 Fri Day HeadNurse
HN_0 Sat Day HeadNurse
HN_0 Sun Day HeadNurse
HN_1 Mon Early HeadNurse
HN_1 Tue Early HeadNurse
HN_1 Wed Late HeadNurse
HN_1 Thu Late HeadNurse
HN_2 Mon Day HeadNurse
HN_2 Tue Day HeadNurse
HN_2 Sat Early HeadNurse
HN_2 Sun Early HeadNurse
HN_3 Mon Night HeadNurse
HN_4 Wed Night HeadNurse
HN_4 Thu Night HeadNurse
HN_4 Fri Night HeadNurse
HN_4 Sat Night HeadNurse
HN_4 Sun Night HeadNurse
HN_5 Sat Early HeadNurse
HN_5 Sun Early Nurse
HN_6 Thu Day HeadNurse
HN_6 Fri Day HeadNurse
HN_6 Sat Late HeadNurse
HN_6 Sun Late HeadNurse
HN_7 Mon Day Nurse
HN_7 Tue Day HeadNurse
HN_7 Wed Late Nurse
HN_7 Thu Late HeadNurse
HN_7 Fri Late HeadNurse
HN_8 Mon Early Nurse
HN_8 Tue Early HeadNurse
HN_8 Sat Early Nurse
HN_8 Sun Early Nurse
HN_9 Mon Early Nurse
HN_9 Tue Early Nurse
HN_9 Wed Early HeadNurse
HN_9 Thu Early HeadNurse
HN_9 Fri Early HeadNurse
HN_10 Mon Late HeadNurse
HN_10 Tue Late HeadNurse
HN_10 Wed Late Nurse
HN_10 Thu Late HeadNurse
HN_10 Fri Late Nurse
HN_11 Wed Day HeadNurse
HN_11 Thu Day Nurse
HN_11 Fri Day Nurse
HN_12 Sat Night HeadNurse
HN_12 Sun Night Nurse
HN_13 Tue Night HeadNurse
HN_13 Wed Night Nurse
HN_13 Thu Night HeadNurse
HN_13 Fri Night HeadNurse
HN_14 Mon Late Nurse
HN_14 Tue Late Nurse
HN_14 Fri Day Nurse
HN_14 Sat Day Nurse
HN_14 Sun Day Nurse
HN_15 Mon Day Nurse
HN_15 Tue Day Nurse
HN_15 Wed Day Nurse
HN_15 Thu Late Nurse
HN_15 Fri Late Nurse
HN_16 Thu Day Nurse
HN_16 Fri Day Nurse
HN_16 Sat Late HeadNurse
HN_16 Sun Late HeadNurse
HN_17 Mon Night HeadNurse
HN_17 Tue Night HeadNurse
HN_17 Wed Night Nurse
HN_17 Thu Night Nurse
HN_17 Fri Night Nurse
HN_18 Mon Night Nurse
HN_18 Tue Night HeadNurse
HN_18 Wed Night Nurse
HN_18 Thu Night Nurse
HN_19 Mon Day Nurse
HN_19 Tue Day Nurse
HN_19 Wed Late Nurse
HN_19 Thu Late Nurse
HN_19 Fri Late Nurse
NU_20 Mon Day Nurse
NU_20 Tue Day Nurse
NU_20 Wed Day Nurse
NU_20 Thu Day Nurse
NU_20 Fri Day Nurse
NU_21 Mon Night Nurse
NU_21 Tue Night Nurse
NU_21 Wed Night Nurse
NU_21 Thu Night Nurse
NU_22 Mon Night Nurse
NU_22 Tue Night Nurse
NU_22 Wed Night Nurse
NU_22 Thu Night Nurse
NU_23 Mon Day Nurse
NU_23 Tue Day Nurse
NU_24 Mon Early Nurse
NU_24 Thu Day Nurse
NU_24 Fri Day Nurse
NU_24 Sat Late Nurse
NU_24 Sun Late Nurse
NU_25 Wed Early Nurse
NU_25 Thu Early Nurse
NU_25 Fri Early Nurse
NU_25 Sat Late Nurse
NU_25 Sun Late Caretaker
NU_26 Mon Late Nurse
NU_26 Tue Late Nurse
NU_26 Wed Late Nurse
NU_26 Thu Late Nurse
NU_27 Wed Night Caretaker
NU_27 Thu Night Caretaker
NU_27 Fri Night Nurse
NU_27 Sat Night Nurse
NU_27 Sun Night Nurse
NU_28 Mon Early Nurse
NU_28 Tue Early Nurse
NU_28 Wed Early Nurse
NU_28 Thu Early Nurse
NU_28 Fri Early Nurse
NU_29 Sat Early Nurse
NU_29 Sun Early Nurse
NU_30 Mon Day Caretaker
NU_30 Tue Day Caretaker
NU_30 Wed Day Nurse
NU_30 Thu Early Nurse
NU_30 Fri Early Nurse
NU_31 Mon Early Caretaker
NU_31 Tue Early Nurse
NU_31 Wed Late Nurse
NU_31 Thu Late Nurse
NU_31 Fri Late Nurse
NU_32 Mon Late Nurse
NU_32 Tue Late Nurse
NU_32 Fri Late Caretaker
NU_32 Sat Late Caretaker
NU_32 Sun Late Caretaker
NU_33 Mon Night Nurse
NU_33 Tue Night Nurse
NU_33 Wed Night Caretaker
NU_33 Thu Night Caretaker
NU_33 Fri Night Nurse
NU_34 Tue Late Caretaker
NU_34 Wed Late Caretaker
NU_34 Thu Late Nurse
NU_35 Mon Day Caretaker
NU_35 Tue Day Caretaker
NU_36 Mon Night Caretaker
NU_36 Tue Night Nurse
NU_36 Wed Night Caretaker
NU_36 Thu Night Caretaker
NU_36 Fri Night Nurse
NU_37 Mon Night Caretaker
NU_37 Tue Night Caretaker
NU_38 Mon Night Caretaker
NU_38 Tue Night Caretaker
NU_38 Fri Night Caretaker
NU_38 Sat Night Nurse
NU_38 Sun Night Caretaker
NU_39 Tue Night Caretaker
NU_39 Wed Night Caretaker
NU_39 Thu Night Caretaker
NU_39 Fri Night Caretaker
NU_40 Mon Late Nurse
NU_40 Thu Early Nurse
NU_40 Fri Early Nurse
NU_40 Sat Early Caretaker
NU_40 Sun Early Caretaker
NU_41 Wed Late Caretaker
NU_41 Thu Late Caretaker
NU_41 Fri Night Caretaker
NU_41 Sat Night Caretaker
NU_41 Sun Night Caretaker
NU_42 Mon Night Caretaker
NU_42 Tue Night Caretaker
NU_42 Wed Night Caretaker
NU_42 Thu Night Caretaker
NU_42 Fri Night Caretaker
NU_43 Tue Night Caretaker
NU_43 Wed Night Caretaker
NU_43 Thu Night Caretaker
NU_43 Fri Night Caretaker
NU_44 Tue Early Nurse
NU_44 Wed Early Nurse
NU_44 Thu Day Caretaker
NU_44 Fri Day Caretaker
NU_45 Wed Day Nurse
NU_45 Thu Day Caretaker
NU_45 Fri Day Caretaker
NU_46 Mon Night Caretaker
NU_46 Thu Early Nurse
NU_46 Fri Early Caretaker
NU_46 Sat Late Caretaker
NU_46 Sun Late Caretaker
NU_47 Tue Early Nurse
NU_47 Wed Early Nurse
NU_47 Thu Day Caretaker
NU_47 Fri Day Caretaker
NU_48 Mon Late Nurse
NU_48 Tue Late Caretaker
NU_48 Wed Late Caretaker
NU_48 Thu Late Caretaker
NU_48 Fri Late Caretaker
NU_49 Mon Day Caretaker
NU_49 Tue Day Caretaker
NU_49 Wed Day Nurse
NU_49 Thu Day Caretaker
NU_49 Fri Day Caretaker
CT_50 Mon Day Caretaker
CT_50 Tue Day Caretaker
CT_50 Wed Late Caretaker
CT_50 Thu Late Caretaker
CT_50 Fri Late Caretaker
CT_51 Mon Day Caretaker
CT_51 Sat Night Caretaker
CT_51 Sun Night Caretaker
CT_52 Mon Early Caretaker
CT_52 Tue Early Caretaker
CT_52 Wed Early Caretaker
CT_52 Thu Day Caretaker
CT_52 Fri Day Caretaker
CT_53 Mon Late Caretaker
CT_53 Tue Late Caretaker
CT_53 Wed Late Caretaker
CT_53 Thu Late Caretaker
CT_53 Fri Late Caretaker
CT_54 Mon Late Caretaker
CT_55 Mon Early Caretaker
CT_55 Tue Early Caretaker
CT_55 Fri Night Caretaker
CT_55 Sat Night Caretaker
CT_55 Sun Night Caretaker
CT_56 Tue Early Caretaker
CT_56 Wed Early Caretaker
CT_56 Thu Early Caretaker
CT_56 Fri Early Caretaker
CT_57 Tue Early Caretaker
CT_57 Wed Early Caretaker
CT_57 Thu Day Caretaker
CT_57 Fri Day Caretaker
CT_58 Mon Late Caretaker
CT_59 Mon Day Caretaker
CT_59 Tue Day Caretaker
CT_59 Wed Day Caretaker
CT_59 Thu Early Caretaker
CT_59 Fri Early Caretaker
CT_60 Mon Early Caretaker
CT_60 Tue Early Caretaker
CT_60 Wed Early Caretaker
CT_60 Thu Early Caretaker
CT_60 Fri Early Caretaker
CT_61 Tue Day Caretaker
CT_61 Wed Day Caretaker
CT_61 Thu Day Caretaker
CT_61 Fri Day Caretaker
CT_62 Thu Early Caretaker
CT_62 Fri Early Caretaker
CT_62 Sat Day Caretaker
CT_62 Sun Day Caretaker
CT_63 Tue Day Caretaker
CT_63 Wed Day Caretaker
CT_63 Thu Early Caretaker
CT_63 Fri Early Caretaker
CT_64 Fri Day Caretaker
CT_64 Sat Day Caretaker
CT_64 Sun Day Caretaker
CT_65 Mon Night Caretaker
CT_65 Tue Night Caretaker
CT_65 Wed Night Caretaker
CT_66 Tue Late Caretaker
CT_66 Wed Late Caretaker
CT_66 Thu Late Caretaker
CT_67 Sat Day Caretaker
CT_67 Sun Day Caretaker
CT_68 Tue Night Caretaker
CT_68 Wed Night Caretaker
CT_68 Thu Night Caretaker
CT_68 Fri Night Caretaker
CT_69 Mon Early Caretaker
CT_69 Tue Early Caretaker
CT_69 Wed Early Caretaker
CT_69 Thu Late Caretaker
CT_69 Fri Late Caretaker
CT_70 Tue Early Caretaker
CT_70 Wed Early Caretaker
CT_70 Thu Early Caretaker
CT_71 Mon Day Caretaker
CT_71 Tue Day Caretaker
CT_71 Wed Day Caretaker
CT_71 Sat Day Caretaker
CT_71 Sun Day Caretaker
CT_72 Mon Early Caretaker
CT_72 Tue Early Caretaker
CT_72 Wed Early Caretaker
CT_73 Tue Late Caretaker
CT_73 Wed Late Caretaker
CT_73 Thu Late Caretaker
CT_74 Sat Early Caretaker
CT_74 Sun Early Caretaker
CT_75 Mon Night Caretaker
CT_75 Sat Early Caretaker
CT_75 Sun Early Caretaker
CT_76 Tue Early Caretaker
CT_76 Wed Early Caretaker
CT_76 Thu Early Caretaker
CT_76 Fri Early Caretaker
CT_77 Tue Day Caretaker
CT_77 Wed Day Caretaker
CT_77 Thu Early Caretaker
CT_77 Fri Early Caretaker
CT_79 Mon Day Caretaker
CT_79 Tue Day Caretaker
CT_79 Wed Day Caretaker
CT_80 Mon Late Caretaker
CT_80 Tue Late Caretaker
CT_80 Wed Late Caretaker
CT_80 Thu Late Caretaker
CT_80 Fri Late Caretaker
CT_81 Mon Late Caretaker
CT_81 Tue Late Caretaker
CT_81 Fri Late Caretaker
CT_81 Sat Late Caretaker
CT_81 Sun Late Caretaker
CT_82 Mon Day Caretaker
CT_82 Tue Day Caretaker
CT_82 Wed Early Caretaker
CT_82 Thu Early Caretaker
CT_82 Fri Early Caretaker
CT_83 Wed Day Caretaker
CT_83 Thu Day Caretaker
CT_83 Fri Day Caretaker
CT_84 Mon Late Caretaker
CT_84 Tue Late Caretaker
CT_84 Wed Late Caretaker
CT_84 Thu Late Caretaker
CT_84 Fri Late Caretaker
CT_85 Thu Early Caretaker
CT_85 Fri Early Caretaker
CT_85 Sat Early Caretaker
CT_85 Sun Early Caretaker
CT_86 Mon Night Caretaker
CT_86 Tue Night Caretaker
CT_86 Wed Night Caretaker
CT_86 Thu Night Caretaker
CT_86 Fri Night Caretaker
CT_87 Mon Late Caretaker
CT_87 Tue Late Caretaker
CT_87 Sat Late Caretaker
CT_87 Sun Late Caretaker
CT_88 Mon Early Caretaker
CT_88 Tue Early Caretaker
CT_88 Wed Late Caretaker
CT_88 Thu Late Caretaker
CT_89 Tue Night Caretaker
CT_89 Wed Night Caretaker
CT_89 Thu Night Caretaker
CT_89 Fri Night Caretaker
TR_90 Fri Night Trainee
TR_90 Sat Night Trainee
TR_90 Sun Night Trainee
TR_91 Mon Late Trainee
TR_91 Tue Late Trainee
TR_91 Fri Late Trainee
TR_91 Sat Late Trainee
TR_91 Sun Late Trainee
TR_92 Mon Day Trainee
TR_92 Tue Day Trainee
TR_92 Wed Day Trainee
TR_92 Thu Day Trainee
TR_93 Fri Day Trainee
TR_93 Sat Day Trainee
TR_93 Sun Day Trainee
TR_94 Mon Early Trainee
TR_94 Tue Early Trainee
TR_94 Wed Early Trainee
TR_94 Thu Early Trainee
TR_94 Fri Early Trainee
TR_95 Sat Early Trainee
TR_95 Sun Early Trainee
TR_96 Wed Early Trainee
TR_96 Thu Early Trainee
TR_96 Fri Early Trainee
TR_97 Fri Night Trainee
TR_97 Sat Night Trainee
TR_97 Sun Night Trainee
TR_98 Mon Late Trainee
TR_98 Tue Late Trainee
TR_98 Fri Day Trainee
TR_98 Sat Day Trainee
TR_98 Sun Early Trainee
TR_99 Mon Night Trainee
TR_99 Tue Night Trainee
TR_99 Wed Night Trainee
TR_99 Thu Night Trainee
TR_99 Fri Night Trainee
TR_100 Wed Early Trainee
TR_100 Thu Early Trainee
TR_100 Fri Early Trainee
TR_101 Mon Early Trainee
TR_101 Tue Early Trainee
TR_101 Wed Late Trainee
TR_101 Thu Late Trainee
TR_102 Mon Day Trainee
TR_102 Thu Early Trainee
TR_102 Fri Early Trainee
TR_102 Sat Late Trainee
TR_102 Sun Late Trainee
TR_103 Sat Early Trainee
TR_103 Sun Early Trainee
TR_104 Mon Late Trainee
TR_104 Tue Late Trainee
TR_104 Wed Late Trainee
TR_105 Mon Day Trainee
TR_105 Tue Day Trainee
TR_105 Wed Late Trainee
TR_105 Thu Late Trainee
TR_105 Fri Late Trainee
TR_106 Mon Late Trainee
TR_106 Tue Late Trainee
TR_106 Wed Late Trainee
TR_106 Thu Late Trainee
TR_106 Fri Late Trainee
TR_107 Mon Late Trainee
TR_107 Tue Late Trainee
TR_108 Mon Day Trainee
TR_108 Tue Day Trainee
TR_108 Wed Day Trainee
TR_108 Thu Late Trainee
TR_108 Fri Late Trainee
TR_109 Wed Night Trainee
TR_109 Thu Night Trainee
TR_109 Fri Night Trainee
TR_109 Sat Night Trainee
TR_109 Sun Night Trainee
TR_110 Mon Early Trainee
TR_110 Tue Early Trainee
TR_110 Wed Early Trainee
TR_110 Thu Early Trainee
TR_110 Fri Early Trainee
TR_111 Mon Early Trainee
TR_111 Tue Early Trainee
TR_111 Wed Day Trainee
TR_111 Thu Day Trainee
TR_111 Fri Day Trainee
TR_112 Tue Early Trainee
TR_112 Wed Early Trainee
TR_112 Thu Day Trainee
TR_112 Fri Day Trainee
TR_113 Wed Day Trainee
TR_113 Thu Day Trainee
TR_113 Fri Day Trainee
TR_114 Mon Night Trainee
TR_114 Tue Night Trainee
TR_114 Wed Night Trainee
TR_115 Fri Day Trainee
TR_115 Sat Day Trainee
TR_115 Sun Day Trainee
TR_116 Mon Early Trainee
TR_116 Tue Early Trainee
TR_116 Wed Late Trainee
TR_116 Thu Late Trainee
TR_116 Fri Late Trainee
TR_117 Mon Day Trainee
TR_117 Tue Day Trainee
TR_117 Wed Day Trainee
TR_117 Sat Night Trainee
TR_117 Sun Night Trainee
TR_118 Mon Night Trainee
TR_118 Tue Night Trainee
TR_118 Wed Night Trainee
TR_118 Thu Night Trainee
TR_118 Fri Night Trainee
TR_119 Tue Night Trainee
TR_119 Wed Night Trainee
TR_119 Thu Night Trainee
TR_119 Fri Night Trainee
