SOLUTION
0 n120w8

ASSIGNMENTS = 473
HN_0 Tue Late HeadNurse
HN_0 Wed Late HeadNurse
HN_0 Thu Late HeadNurse
HN_0 Fri Late HeadNurse
HN_1 Tue Early HeadNurse
HN_1 Wed Early HeadNurse
HN_1 Thu Early HeadNurse
HN_1 Fri Early HeadNurse
HN_2 Mon Late HeadNurse
HN_2 Tue Late HeadNurse
HN_2 Wed Late HeadNurse
HN_3 Mon Early HeadNurse
HN_3 Tue Early HeadNurse
HN_4 Mon Night HeadNurse
HN_4 Tue Night HeadNurse
HN_4 Wed Night HeadNurse
HN_4 Sat Late HeadNurse
HN_4 Sun Late HeadNurse
HN_5 Wed Day HeadNurse
HN_5 Thu Day HeadNurse
HN_5 Fri Late Nurse
HN_5 Sat Late Nurse
HN_5 Sun Late Nurse
HN_6 Wed Night Nurse
HN_6 Thu Night HeadNurse
HN_6 Fri Night HeadNurse
HN_6 Sat Night Nurse
HN_6 Sun Night HeadNurse
HN_7 Mon Early Nurse
HN_7 Tue Early Nurse
HN_7 Wed Early HeadNurse
HN_7 Thu Late HeadNurse
HN_7 Fri Late Nurse
HN_8 Mon Late Nurse
HN_8 Tue Late HeadNurse
HN_8 Wed Late HeadNurse
HN_9 Mon Night HeadNurse
HN_9 Tue Night Nurse
HN_9 Wed Night Nurse
HN_9 Thu Night Nurse
HN_9 Fri Night HeadNurse
HN_10 Wed Early Nurse
HN_10 Thu Early Nurse
HN_10 Fri Early HeadNurse
HN_11 Mon Night Nurse
HN_11 Thu Day Nurse
HN_11 Fri Day HeadNurse
HN_11 Sat Early Nurse
HN_11 Sun Early HeadNurse
HN_12 Mon Late Nurse
HN_12 Tue Late Nurse
HN_13 Fri Day Nurse
HN_13 Sat Day HeadNurse
HN_13 Sun Day HeadNurse
HN_14 Mon Day HeadNurse
HN_14 Tue Day HeadNurse
HN_14 Fri Early Nurse
HN_14 Sat Early Nurse
HN_14 Sun Early Nurse
HN_15 Wed Day HeadNurse
HN_15 Thu Day Nurse
HN_15 Fri Day Nurse
HN_16 Mon Day HeadNurse
HN_16 Tue Day HeadNurse
HN_16 Wed Night Nurse
HN_16 Thu Night Nurse
HN_16 Fri Night HeadNurse
HN_17 Wed Early Nurse
HN_17 Thu Early Nurse
HN_17 Fri Early Nurse
HN_18 Mon Late Nurse
HN_18 Tue Late Nurse
HN_18 Wed Late Nurse
HN_18 Thu Late Nurse
HN_18 Fri Late Nurse
HN_19 Mon Day Nurse
HN_19 Tue Day HeadNurse
HN_19 Wed Day Nurse
HN_19 Thu Late Nurse
HN_19 Fri Late Nurse
NU_20 Mon Day Nurse
NU_20 Tue Day Nurse
NU_20 Wed Day Nurse
NU_20 Thu Day Nurse
NU_20 Fri Day Nurse
NU_21 Tue Late Nurse
NU_21 Wed Late Nurse
NU_21 Thu Late Nurse
NU_22 Tue Early Nurse
NU_22 Wed Early Nurse
NU_22 Thu Late Nurse
NU_22 Fri Late Caretaker
NU_23 Mon Night Nurse
NU_23 Tue Night Nurse
NU_23 Wed Night Nurse
NU_23 Thu Night Nurse
NU_24 Mon Late Nurse
NU_24 Tue Late Nurse
NU_24 Fri Day Nurse
NU_24 Sat Day Nurse
NU_24 Sun Day Nurse
NU_25 Wed Night Nurse
NU_25 Thu Night Nurse
NU_25 Fri Night Nurse
NU_25 Sat Night Nurse
NU_25 Sun Night Nurse
NU_26 Tue Early Nurse
NU_26 Wed Early Nurse
NU_26 Thu Early Nurse
NU_26 Fri Early Nurse
NU_27 Fri Late Caretaker
NU_27 Sat Late Nurse
NU_27 Sun Late Nurse
NU_28 Wed Night Nurse
NU_28 Thu Night Caretaker
NU_28 Fri Night Nurse
NU_28 Sat Night Caretaker
NU_28 Sun Night Nurse
NU_29 Mon Late Caretaker
NU_29 Tue Late Caretaker
NU_29 Wed Late Nurse
NU_30 Wed Day Nurse
NU_30 Thu Day Nurse
NU_30 Fri Day Caretaker
NU_31 Mon Day Nurse
NU_31 Tue Day Nurse
NU_31 Wed Day Nurse
NU_31 Thu Late Nurse
NU_31 Fri Late Caretaker
NU_32 Mon Late Caretaker
NU_32 Tue Late Caretaker
NU_32 Fri Day Caretaker
NU_32 Sat Day Caretaker
NU_32 Sun Day Nurse
NU_33 Mon Early Nurse
NU_33 Tue Early Nurse
NU_33 Wed Day Nurse
NU_33 Thu Day Caretaker
NU_33 Fri Day Caretaker
NU_34 Mon Late Caretaker
NU_34 Tue Late Caretaker
NU_34 Wed Late Nurse
NU_34 Sat Day Caretaker
NU_34 Sun Day Caretaker
NU_35 Mon Early Nurse
NU_35 Tue Early Caretaker
NU_35 Sat Late Nurse
NU_35 Sun Late Nurse
NU_36 Mon Night Nurse
NU_36 Tue Night Nurse
NU_36 Wed Night Caretaker
NU_36 Thu Night Caretaker
NU_36 Fri Night Nurse
NU_37 Mon Day Nurse
NU_37 Tue Day Nurse
NU_38 Mon Day Caretaker
NU_38 Tue Day Caretaker
NU_38 Wed Early Caretaker
NU_38 Thu Early Nurse
NU_38 Fri Early Nurse
NU_39 Thu Day Caretaker
NU_39 Fri Day Caretaker
NU_39 Sat Early Caretaker
NU_39 Sun Early Caretaker
NU_40 Mon Night Nurse
NU_40 Tue Night Nurse
NU_40 Fri Night Nurse
NU_40 Sat Night Caretaker
NU_40 Sun Night Caretaker
NU_41 Tue Night Nurse
NU_41 Wed Night Caretaker
NU_41 Thu Night Caretaker
NU_41 Fri Night Caretaker
NU_42 Mon Night Caretaker
NU_42 Tue Night Caretaker
NU_42 Wed Night Caretaker
NU_42 Thu Night Caretaker
NU_42 Fri Night Caretaker
NU_43 Sat Late Caretaker
NU_43 Sun Late Caretaker
NU_44 Sat Night Caretaker
NU_44 Sun Night Caretaker
NU_45 Mon Night Caretaker
NU_45 Thu Early Caretaker
NU_45 Fri Early Caretaker
NU_45 Sat Early Caretaker
NU_45 Sun Day Caretaker
NU_46 Mon Early Nurse
NU_46 Tue Early Caretaker
NU_46 Wed Late Nurse
NU_46 Thu Late Caretaker
NU_47 Tue Early Caretaker
NU_47 Wed Early Caretaker
NU_47 Thu Early Caretaker
NU_48 Wed Day Caretaker
NU_48 Thu Day Caretaker
NU_48 Fri Day Caretaker
NU_49 Mon Early Caretaker
NU_49 Tue Early Caretaker
NU_49 Wed Early Caretaker
NU_49 Thu Early Caretaker
NU_49 Fri Early Caretaker
CT_50 Mon Night Caretaker
CT_50 Thu Day Caretaker
CT_50 Fri Day Caretaker
CT_50 Sat Late Caretaker
CT_50 Sun Late Caretaker
CT_51 Wed Day Caretaker
CT_51 Thu Day Caretaker
CT_51 Fri Day Caretaker
CT_51 Sat Day Caretaker
CT_51 Sun Day Caretaker
CT_52 Mon Day Caretaker
CT_52 Tue Day Caretaker
CT_52 Wed Day Caretaker
CT_52 Thu Early Caretaker
CT_52 Fri Early Caretaker
CT_53 Mon Night Caretaker
CT_53 Thu Night Caretaker
CT_53 Fri Night Caretaker
CT_53 Sat Night Caretaker
CT_53 Sun Night Caretaker
CT_54 Mon Late Caretaker
CT_54 Tue Late Caretaker
CT_54 Wed Late Caretaker
CT_54 Thu Late Caretaker
CT_55 Mon Day Caretaker
CT_55 Tue Day Caretaker
CT_55 Wed Day Caretaker
CT_55 Thu Day Caretaker
CT_56 Mon Early Caretaker
CT_56 Tue Early Caretaker
CT_56 Wed Early Caretaker
CT_56 Thu Early Caretaker
CT_57 Wed Night Caretaker
CT_57 Thu Night Caretaker
CT_57 Fri Night Caretaker
CT_57 Sat Night Caretaker
CT_57 Sun Night Caretaker
CT_58 Mon Day Caretaker
CT_58 Tue Day Caretaker
CT_59 Mon Early Caretaker
CT_59 Tue Early Caretaker
CT_59 Wed Early Caretaker
CT_59 Thu Late Caretaker
CT_59 Fri Late Caretaker
CT_60 Mon Night Caretaker
CT_60 Tue Night Caretaker
CT_60 Wed Night Caretaker
CT_60 Thu Night Caretaker
CT_60 Fri Night Caretaker
CT_61 Mon Day Caretaker
CT_61 Tue Day Caretaker
CT_61 Wed Late Caretaker
CT_61 Thu Late Caretaker
CT_62 Sat Late Caretaker
CT_62 Sun Late Caretaker
CT_63 Mon Night Caretaker
CT_63 Tue Night Caretaker
CT_63 Wed Night Caretaker
CT_63 Thu Night Caretaker
CT_63 Fri Night Caretaker
CT_64 Tue Day Caretaker
CT_64 Wed Day Caretaker
CT_64 Thu Day Caretaker
CT_64 Fri Day Caretaker
CT_65 Mon Night Caretaker
CT_65 Tue Night Caretaker
CT_65 Wed Night Caretaker
CT_65 Thu Night Caretaker
CT_66 Mon Night Caretaker
CT_66 Tue Night Caretaker
CT_66 Wed Night Caretaker
CT_67 Mon Early Caretaker
CT_68 Mon Late Caretaker
CT_68 Tue Late Caretaker
CT_69 Wed Day Caretaker
CT_69 Thu Day Caretaker
CT_69 Fri Day Caretaker
CT_70 Tue Night Caretaker
CT_70 Wed Night Caretaker
CT_70 Thu Night Caretaker
CT_70 Fri Night Caretaker
CT_71 Fri Late Caretaker
CT_71 Sat Late Caretaker
CT_71 Sun Late Caretaker
CT_72 Wed Early Caretaker
CT_72 Thu Early Caretaker
CT_72 Fri Early Caretaker
CT_73 Tue Late Caretaker
CT_73 Wed Late Caretaker
CT_73 Thu Late Caretaker
CT_74 Mon Day Caretaker
CT_74 Tue Day Caretaker
CT_74 Wed Day Caretaker
CT_74 Thu Early Caretaker
CT_74 Fri Early Caretaker
CT_75 Wed Late Caretaker
CT_75 Thu Late Caretaker
CT_75 Fri Late Caretaker
CT_76 Mon Day Caretaker
CT_76 Tue Day Caretaker
CT_76 Wed Day Caretaker
CT_76 Thu Early Caretaker
CT_76 Fri Early Caretaker
CT_77 Fri Day Caretaker
CT_77 Sat Day Caretaker
CT_77 Sun Day Caretaker
CT_78 Mon Late Caretaker
CT_79 Wed Late Caretaker
CT_79 Thu Late Caretaker
CT_79 Fri Late Caretaker
CT_80 Mon Early Caretaker
CT_80 Tue Early Caretaker
CT_80 Wed Early Caretaker
CT_80 Thu Day Caretaker
CT_80 Fri Day Caretaker
CT_81 Mon Late Caretaker
CT_81 Tue Late Caretaker
CT_81 Wed Late Caretaker
CT_81 Sat Early Caretaker
CT_81 Sun Early Caretaker
CT_82 Mon Day Caretaker
CT_82 Tue Day Caretaker
CT_82 Wed Late Caretaker
CT_82 Thu Late Caretaker
CT_82 Fri Late Caretaker
CT_83 Mon Early Caretaker
CT_83 Tue Late Caretaker
CT_83 Wed Late Caretaker
CT_83 Sat Night Caretaker
CT_83 Sun Night Caretaker
CT_84 Mon Night Caretaker
CT_84 Tue Night Caretaker
CT_84 Wed Night Caretaker
CT_84 Thu Night Caretaker
CT_84 Fri Night Caretaker
CT_85 Sat Early Caretaker
CT_85 Sun Early Caretaker
CT_86 Mon Late Caretaker
CT_86 Tue Late Caretaker
CT_86 Wed Late Caretaker
CT_86 Sat Early Caretaker
CT_86 Sun Early Caretaker
CT_87 Mon Night Caretaker
CT_87 Fri Late Caretaker
CT_87 Sat Late Caretaker
CT_87 Sun Late Caretaker
CT_88 Mon Early Caretaker
CT_88 Tue Early Caretaker
CT_88 Wed Late Caretaker
CT_88 Thu Late Caretaker
CT_89 Mon Early Caretaker
CT_89 Tue Early Caretaker
CT_89 Wed Early Caretaker
CT_89 Thu Early Caretaker
CT_89 Fri Early Caretaker
TR_90 Sat Day Trainee
TR_90 Sun Day Trainee
TR_91 Mon Day Trainee
TR_91 Tue Day Trainee
TR_91 Wed Day Trainee
TR_91 Thu Day Trainee
TR_91 Fri Day Trainee
TR_92 Tue Day Trainee
TR_92 Wed Day Trainee
TR_92 Thu Early Trainee
TR_92 Fri Early Trainee
TR_93 Fri Night Trainee
TR_93 Sat Night Trainee
TR_93 Sun Night Trainee
TR_94 Mon Early Trainee
TR_94 Tue Early Trainee
TR_94 Wed Early Trainee
TR_94 Thu Day Trainee
TR_94 Fri Day Trainee
TR_95 Mon Early Trainee
TR_95 Tue Early Trainee
TR_96 Wed Day Trainee
TR_96 Thu Day Trainee
TR_96 Fri Day Trainee
TR_97 Tue Night Trainee
TR_97 Wed Night Trainee
TR_97 Thu Night Trainee
TR_97 Fri Night Trainee
TR_98 Sat Day Trainee
TR_98 Sun Day Trainee
TR_99 Mon Day Trainee
TR_99 Fri Early Trainee
TR_99 Sat Early Trainee
TR_99 Sun Early Trainee
TR_100 Mon Night Trainee
TR_100 Thu Early Trainee
TR_100 Fri Early Trainee
TR_100 Sat Early Trainee
TR_100 Sun Day Trainee
TR_101 Tue Day Trainee
TR_101 Wed Day Trainee
TR_101 Thu Late Trainee
TR_101 Fri Late Trainee
TR_102 Mon Late Trainee
TR_102 Tue Late Trainee
TR_102 Wed Late Trainee
TR_102 Sat Night Trainee
TR_102 Sun Night Trainee
TR_103 Fri Late Trainee
TR_103 Sat Late Trainee
TR_103 Sun Late Trainee
TR_104 Mon Night Trainee
TR_104 Tue Night Trainee
TR_104 Wed Night Trainee
TR_105 Mon Night Trainee
TR_105 Tue Night Trainee
TR_105 Wed Night Trainee
TR_105 Thu Night Trainee
TR_105 Fri Night Trainee
TR_106 Mon Late Trainee
TR_106 Tue Late Trainee
TR_106 Wed Late Trainee
TR_106 Thu Late Trainee
TR_106 Fri Late Trainee
TR_107 Mon Early Trainee
TR_108 Mon Day Trainee
TR_108 Tue Day Trainee
TR_108 Wed Day Trainee
TR_108 Thu Early Trainee
TR_108 Fri Early Trainee
TR_109 Wed Night Trainee
TR_109 Thu Night Trainee
TR_109 Fri Night Trainee
TR_109 Sat Night Trainee
TR_109 Sun Night Trainee
TR_110 Mon Day Trainee
TR_110 Tue Day Trainee
TR_110 Wed Late Trainee
TR_110 Thu Late Trainee
TR_110 Fri Late Trainee
TR_111 Mon Late Trainee
TR_111 Tue Late Trainee
TR_111 Wed Late Trainee
TR_111 Thu Late Trainee
TR_111 Fri Late Trainee
TR_112 Tue Early Trainee
TR_112 Wed Early Trainee
TR_112 Thu Early Trainee
TR_113 Mon Late Trainee
TR_113 Tue Late Trainee
TR_113 Fri Late Trainee
TR_113 Sat Late Trainee
TR_113 Sun Late Trainee
TR_114 Tue Early Trainee
TR_114 Wed Early Trainee
TR_114 Thu Early Trainee
TR_114 Fri Early Trainee
TR_115 Mon Night Trainee
TR_115 Tue Night Trainee
TR_115 Wed Night Trainee
TR_116 Wed Day Trainee
TR_116 Thu Day Trainee
TR_116 Fri Day Trainee
TR_116 Sat Early Trainee
TR_116 Sun Early Trainee
TR_117 Tue Early Trainee
TR_117 Wed Early Trainee
TR_117 Thu Early Trainee
TR_118 Mon Night Trainee
TR_118 Tue Night Trainee
TR_118 Wed Night Trainee
TR_118 Thu Night Trainee
TR_118 Fri Night Trainee
TR_119 Wed Day Trainee
TR_119 Thu Day Trainee
TR_119 Fri Day Trainee
