SOLUTION
4 n120w8

ASSIGNMENTS = 477
HN_0 Fri Late HeadNurse
HN_0 Sat Late Nurse
HN_0 Sun Late HeadNurse
HN_1 Tue Late HeadNurse
HN_1 Wed Late HeadNurse
HN_1 Thu Late HeadNurse
HN_1 Fri Late HeadNurse
HN_2 Mon Early HeadNurse
HN_2 Fri Night HeadNurse
HN_2 Sat Night HeadNurse
HN_2 Sun Night HeadNurse
HN_3 Mon Early HeadNurse
HN_3 Tue Early HeadNurse
HN_3 Wed Early HeadNurse
HN_3 Thu Early HeadNurse
HN_4 Wed Day HeadNurse
HN_4 Thu Day HeadNurse
HN_4 Fri Day HeadNurse
HN_5 Mon Late HeadNurse
HN_5 Tue Late HeadNurse
HN_7 Mon Day HeadNurse
HN_7 Tue Day HeadNurse
HN_7 Wed Early Nurse
HN_7 Thu Early Nurse
HN_7 Fri Early HeadNurse
HN_8 Mon Late Nurse
HN_8 Tue Late Nurse
HN_9 Mon Night HeadNurse
HN_9 Tue Night HeadNurse
HN_9 Wed Night HeadNurse
HN_9 Thu Night HeadNurse
HN_9 Fri Night HeadNurse
HN_10 Mon Day Nurse
HN_10 Tue Day HeadNurse
HN_10 Wed Day Nurse
HN_10 Thu Early Nurse
HN_10 Fri Early Nurse
HN_11 Mon Early Nurse
HN_11 Tue Early HeadNurse
HN_11 Wed Day Nurse
HN_11 Thu Day Nurse
HN_11 Fri Day HeadNurse
HN_12 Mon Night HeadNurse
HN_12 Tue Night HeadNurse
HN_12 Wed Night HeadNurse
HN_13 Thu Day Nurse
HN_13 Fri Day Nurse
HN_13 Sat Late Nurse
HN_13 Sun Late Nurse
HN_14 Wed Early Nurse
HN_14 Thu Early Nurse
HN_14 Fri Early Nurse
HN_15 Mon Early Nurse
HN_15 Tue Early HeadNurse
HN_15 Wed Early Nurse
HN_15 Sat Day Nurse
HN_15 Sun Day HeadNurse
HN_16 Mon Late Nurse
HN_16 Fri Early Nurse
HN_16 Sat Early HeadNurse
HN_16 Sun Early HeadNurse
HN_17 Mon Day Nurse
HN_17 Tue Day Nurse
HN_17 Wed Day Nurse
HN_17 Sat Early Nurse
HN_17 Sun Early Nurse
HN_18 Tue Night Nurse
HN_18 Wed Night HeadNurse
HN_18 Thu Night HeadNurse
HN_18 Fri Night Nurse
HN_19 Mon Day Nurse
HN_19 Tue Day Nurse
HN_19 Wed Late HeadNurse
HN_19 Thu Late HeadNurse
HN_19 Fri Late HeadNurse
NU_20 Mon Early Nurse
NU_20 Tue Early Nurse
NU_20 Wed Early Nurse
NU_20 Thu Early Nurse
NU_20 Fri Early Nurse
NU_21 Mon Late Nurse
NU_21 Tue Late Nurse
NU_21 Wed Late Nurse
NU_21 Thu Late Nurse
NU_22 Tue Early Nurse
NU_22 Wed Early Nurse
NU_22 Thu Day Nurse
NU_22 Fri Day Nurse
NU_23 Mon Night Nurse
NU_23 Tue Night Nurse
NU_23 Wed Night Nurse
NU_23 Thu Night Nurse
NU_24 Wed Early Caretaker
NU_24 Thu Early Caretaker
NU_24 Fri Early Nurse
NU_25 Wed Early Caretaker
NU_25 Thu Early Caretaker
NU_25 Fri Early Caretaker
NU_26 Tue Day Nurse
NU_26 Wed Day Nurse
NU_26 Thu Early Caretaker
NU_26 Fri Early Caretaker
NU_28 Mon Day Nurse
NU_28 Tue Day Nurse
NU_28 Wed Day Caretaker
NU_28 Thu Late Nurse
NU_28 Fri Late Nurse
NU_29 Mon Late Nurse
NU_29 Tue Late Nurse
NU_29 Fri Late Nurse
NU_29 Sat Late Nurse
NU_29 Sun Late Nurse
NU_30 Mon Late Caretaker
NU_30 Tue Late Nurse
NU_30 Wed Late Nurse
NU_30 Sat Day Nurse
NU_30 Sun Day Nurse
NU_31 Mon Early Nurse
NU_31 Tue Early Nurse
NU_31 Wed Early Caretaker
NU_31 Thu Day Caretaker
NU_31 Fri Day Nurse
NU_32 Wed Day Caretaker
NU_32 Thu Day Caretaker
NU_32 Fri Day Nurse
NU_33 Mon Early Nurse
NU_33 Tue Early Nurse
NU_33 Wed Late Nurse
NU_33 Thu Late Nurse
NU_33 Fri Late Nurse
NU_34 Mon Day Nurse
NU_34 Tue Day Nurse
NU_34 Wed Late Nurse
NU_34 Thu Late Nurse
NU_34 Fri Late Nurse
NU_35 Mon Night Nurse
NU_35 Tue Night Nurse
NU_35 Wed Night Nurse
NU_35 Thu Night Nurse
NU_36 Mon Night Nurse
NU_36 Tue Night Nurse
NU_36 Wed Night Nurse
NU_36 Thu Night Nurse
NU_36 Fri Night Nurse
NU_37 Mon Night Nurse
NU_37 Tue Night Caretaker
NU_37 Wed Night Caretaker
NU_37 Thu Night Nurse
NU_37 Fri Night Nurse
NU_38 Mon Night Nurse
NU_38 Fri Late Caretaker
NU_38 Sat Late Caretaker
NU_38 Sun Late Caretaker
NU_39 Thu Night Nurse
NU_39 Fri Night Nurse
NU_39 Sat Night Nurse
NU_39 Sun Night Nurse
NU_40 Wed Late Nurse
NU_40 Thu Late Caretaker
NU_40 Fri Late Caretaker
NU_41 Mon Night Caretaker
NU_42 Mon Late Caretaker
NU_42 Tue Late Caretaker
NU_42 Wed Late Caretaker
NU_42 Thu Late Caretaker
NU_42 Fri Late Caretaker
NU_43 Thu Night Caretaker
NU_43 Fri Night Caretaker
NU_43 Sat Night Nurse
NU_43 Sun Night Nurse
NU_44 Fri Night Caretaker
NU_44 Sat Night Caretaker
NU_44 Sun Night Caretaker
NU_45 Mon Early Caretaker
NU_45 Tue Early Caretaker
NU_45 Wed Early Caretaker
NU_45 Thu Late Caretaker
NU_45 Fri Late Caretaker
NU_46 Fri Day Nurse
NU_46 Sat Day Nurse
NU_46 Sun Day Nurse
NU_47 Thu Day Caretaker
NU_47 Fri Day Caretaker
NU_47 Sat Early Nurse
NU_47 Sun Early Nurse
NU_48 Mon Day Caretaker
NU_48 Tue Day Caretaker
NU_48 Wed Day Caretaker
NU_48 Sat Day Caretaker
NU_48 Sun Day Caretaker
NU_49 Mon Late Caretaker
NU_49 Tue Late Caretaker
NU_49 Wed Late Caretaker
NU_49 Sat Night Caretaker
NU_49 Sun Night Caretaker
CT_50 Mon Early Caretaker
CT_50 Tue Early Caretaker
CT_50 Wed Early Caretaker
CT_50 Thu Day Caretaker
CT_50 Fri Day Caretaker
CT_51 Mon Night Caretaker
CT_51 Tue Night Caretaker
CT_52 Mon Early Caretaker
CT_52 Tue Early Caretaker
CT_52 Wed Day Caretaker
CT_52 Thu Day Caretaker
CT_52 Fri Day Caretaker
CT_53 Mon Day Caretaker
CT_53 Tue Day Caretaker
CT_53 Wed Day Caretaker
CT_53 Thu Day Caretaker
CT_53 Fri Day Caretaker
CT_54 Mon Night Caretaker
CT_54 Tue Night Caretaker
CT_54 Wed Night Caretaker
CT_54 Thu Night Caretaker
CT_54 Fri Night Caretaker
CT_55 Mon Night Caretaker
CT_55 Sat Day Caretaker
CT_55 Sun Day Caretaker
CT_56 Tue Late Caretaker
CT_56 Wed Late Caretaker
CT_56 Thu Late Caretaker
CT_56 Fri Late Caretaker
CT_57 Sat Day Caretaker
CT_57 Sun Day Caretaker
CT_58 Tue Late Caretaker
CT_58 Wed Late Caretaker
CT_58 Thu Late Caretaker
CT_58 Fri Late Caretaker
CT_59 Mon Late Caretaker
CT_59 Tue Late Caretaker
CT_59 Wed Late Caretaker
CT_59 Thu Late Caretaker
CT_59 Fri Late Caretaker
CT_60 Mon Night Caretaker
CT_60 Tue Night Caretaker
CT_60 Wed Night Caretaker
CT_60 Thu Night Caretaker
CT_60 Fri Night Caretaker
CT_61 Thu Day Caretaker
CT_61 Fri Day Caretaker
CT_61 Sat Early Caretaker
CT_61 Sun Early Caretaker
CT_62 Mon Day Caretaker
CT_62 Tue Day Caretaker
CT_63 Thu Day Caretaker
CT_63 Fri Day Caretaker
CT_63 Sat Day Caretaker
CT_63 Sun Day Caretaker
CT_64 Fri Late Caretaker
CT_64 Sat Late Caretaker
CT_64 Sun Late Caretaker
CT_65 Mon Day Caretaker
CT_65 Tue Day Caretaker
CT_65 Wed Late Caretaker
CT_65 Thu Late Caretaker
CT_66 Mon Night Caretaker
CT_66 Tue Night Caretaker
CT_66 Wed Night Caretaker
CT_66 Thu Night Caretaker
CT_66 Fri Night Caretaker
CT_67 Mon Day Caretaker
CT_67 Tue Day Caretaker
CT_68 Mon Late Caretaker
CT_68 Tue Late Caretaker
CT_68 Wed Late Caretaker
CT_68 Sat Late Caretaker
CT_68 Sun Late Caretaker
CT_69 Mon Late Caretaker
CT_69 Tue Late Caretaker
CT_69 Wed Late Caretaker
CT_69 Sat Early Caretaker
CT_69 Sun Early Caretaker
CT_70 Mon Night Caretaker
CT_70 Tue Night Caretaker
CT_70 Wed Night Caretaker
CT_70 Thu Night Caretaker
CT_70 Fri Night Caretaker
CT_71 Mon Late Caretaker
CT_71 Tue Late Caretaker
CT_71 Fri Early Caretaker
CT_71 Sat Early Caretaker
CT_71 Sun Early Caretaker
CT_72 Mon Night Caretaker
CT_72 Tue Night Caretaker
CT_72 Wed Night Caretaker
CT_72 Thu Night Caretaker
CT_72 Fri Night Caretaker
CT_73 Mon Early Caretaker
CT_73 Tue Early Caretaker
CT_73 Wed Early Caretaker
CT_73 Thu Day Caretaker
CT_73 Fri Day Caretaker
CT_74 Mon Day Caretaker
CT_74 Tue Day Caretaker
CT_75 Mon Early Caretaker
CT_75 Thu Night Caretaker
CT_75 Fri Night Caretaker
CT_75 Sat Night Caretaker
CT_75 Sun Night Caretaker
CT_76 Thu Early Caretaker
CT_76 Fri Early Caretaker
CT_76 Sat Day Caretaker
CT_76 Sun Day Caretaker
CT_77 Sat Night Caretaker
CT_77 Sun Night Caretaker
CT_78 Mon Early Caretaker
CT_78 Tue Early Caretaker
CT_78 Wed Early Caretaker
CT_78 Thu Early Caretaker
CT_79 Tue Day Caretaker
CT_79 Wed Day Caretaker
CT_79 Thu Early Caretaker
CT_79 Fri Early Caretaker
CT_80 Mon Night Caretaker
CT_80 Tue Night Caretaker
CT_80 Wed Night Caretaker
CT_80 Thu Night Caretaker
CT_80 Fri Night Caretaker
CT_81 Mon Late Caretaker
CT_81 Fri Early Caretaker
CT_81 Sat Early Caretaker
CT_81 Sun Early Caretaker
CT_82 Mon Night Caretaker
CT_82 Tue Night Caretaker
CT_82 Wed Night Caretaker
CT_82 Thu Night Caretaker
CT_82 Fri Night Caretaker
CT_83 Mon Day Caretaker
CT_83 Tue Day Caretaker
CT_83 Wed Early Caretaker
CT_83 Thu Early Caretaker
CT_83 Fri Early Caretaker
CT_84 Mon Day Caretaker
CT_84 Tue Day Caretaker
CT_84 Wed Day Caretaker
CT_84 Thu Early Caretaker
CT_84 Fri Early Caretaker
CT_85 Mon Early Caretaker
CT_85 Tue Early Caretaker
CT_86 Mon Early Caretaker
CT_86 Tue Early Caretaker
CT_86 Wed Early Caretaker
CT_86 Thu Day Caretaker
CT_86 Fri Day Caretaker
CT_87 Mon Late Caretaker
CT_87 Tue Late Caretaker
CT_88 Tue Early Caretaker
CT_88 Wed Early Caretaker
CT_88 Thu Early Caretaker
CT_88 Fri Early Caretaker
CT_89 Thu Day Caretaker
CT_89 Fri Day Caretaker
CT_89 Sat Early Caretaker
CT_89 Sun Early Caretaker
TR_90 Mon Night Trainee
TR_91 Mon Late Trainee
TR_91 Thu Day Trainee
TR_91 Fri Day Trainee
TR_91 Sat Day Trainee
TR_91 Sun Day Trainee
TR_92 Tue Day Trainee
TR_92 Wed Day Trainee
TR_92 Thu Late Trainee
TR_92 Fri Late Trainee
TR_93 Mon Day Trainee
TR_93 Tue Day Trainee
TR_94 Mon Late Trainee
TR_94 Tue Late Trainee
TR_94 Wed Late Trainee
TR_94 Sat Early Trainee
TR_94 Sun Early Trainee
TR_95 Mon Late Trainee
TR_95 Tue Late Trainee
TR_96 Tue Early Trainee
TR_96 Wed Early Trainee
TR_96 Thu Late Trainee
TR_96 Fri Late Trainee
TR_97 Mon Night Trainee
TR_97 Sat Day Trainee
TR_97 Sun Day Trainee
TR_98 Mon Early Trainee
TR_98 Tue Early Trainee
TR_99 Tue Day Trainee
TR_99 Wed Day Trainee
TR_99 Thu Day Trainee
TR_99 Fri Day Trainee
TR_100 Mon Day Trainee
TR_100 Tue Day Trainee
TR_100 Wed Early Trainee
TR_100 Thu Early Trainee
TR_100 Fri Early Trainee
TR_101 Fri Night Trainee
TR_101 Sat Night Trainee
TR_101 Sun Night Trainee
TR_102 Wed Early Trainee
TR_102 Thu Early Trainee
TR_102 Fri Early Trainee
TR_103 Mon Day Trainee
TR_103 Tue Day Trainee
TR_103 Wed Day Trainee
TR_103 Thu Day Trainee
TR_104 Wed Day Trainee
TR_104 Thu Day Trainee
TR_104 Fri Late Trainee
TR_104 Sat Late Trainee
TR_104 Sun Late Trainee
TR_105 Mon Night Trainee
TR_105 Tue Night Trainee
TR_105 Wed Night Trainee
TR_105 Thu Night Trainee
TR_105 Fri Night Trainee
TR_106 Mon Day Trainee
TR_106 Tue Day Trainee
TR_106 Wed Early Trainee
TR_106 Thu Early Trainee
TR_106 Fri Early Trainee
TR_107 Tue Night Trainee
TR_107 Wed Night Trainee
TR_107 Thu Night Trainee
TR_107 Fri Night Trainee
TR_108 Mon Night Trainee
TR_108 Tue Night Trainee
TR_108 Wed Night Trainee
TR_108 Thu Night Trainee
TR_108 Fri Night Trainee
TR_109 Wed Day Trainee
TR_109 Thu Day Trainee
TR_109 Fri Day Trainee
TR_110 Mon Night Trainee
TR_110 Tue Night Trainee
TR_110 Wed Night Trainee
TR_110 Thu Night Trainee
TR_110 Fri Night Trainee
TR_111 Mon Late Trainee
TR_111 Tue Late Trainee
TR_111 Wed Late Trainee
TR_111 Sat Night Trainee
TR_111 Sun Night Trainee
TR_112 Thu Day Trainee
TR_112 Fri Day Trainee
TR_112 Sat Day Trainee
TR_112 Sun Early Trainee
TR_113 Mon Early Trainee
TR_113 Tue Early Trainee
TR_113 Wed Early Trainee
TR_113 Thu Late Trainee
TR_113 Fri Late Trainee
TR_114 Mon Early Trainee
TR_114 Tue Early Trainee
TR_114 Wed Late Trainee
TR_114 Thu Late Trainee
TR_115 Mon Early Trainee
TR_115 Tue Early Trainee
TR_115 Fri Late Trainee
TR_115 Sat Late Trainee
TR_115 Sun Late Trainee
TR_116 Mon Late Trainee
TR_116 Tue Late Trainee
TR_116 Wed Late Trainee
TR_116 Thu Late Trainee
TR_116 Fri Late Trainee
TR_117 Mon Night Trainee
TR_117 Tue Night Trainee
TR_117 Sat Early Trainee
TR_117 Sun Early Trainee
TR_118 Mon Late Trainee
TR_118 Tue Late Trainee
TR_118 Wed Late Trainee
TR_118 Sat Late Trainee
TR_118 Sun Late Trainee
TR_119 Wed Early Trainee
TR_119 Thu Early Trainee
TR_119 Fri Early Trainee
TR_119 Sat Early Trainee
TR_119 Sun Early Trainee
