SOLUTION
1 n120w8

ASSIGNMENTS = 474
HN_0 Tue Late HeadNurse
HN_0 Wed Late HeadNurse
HN_0 Thu Late HeadNurse
HN_1 Fri Day HeadNurse
HN_1 Sat Day HeadNurse
HN_1 Sun Early HeadNurse
HN_2 Mon Early HeadNurse
HN_2 Tue Early HeadNurse
HN_2 Wed Day HeadNurse
HN_2 Thu Day HeadNurse
HN_3 Mon Night HeadNurse
HN_3 Tue Night HeadNurse
HN_3 Wed Night HeadNurse
HN_3 Thu Night HeadNurse
HN_3 Fri Night HeadNurse
HN_4 Mon Late HeadNurse
HN_4 Thu Early Nurse
HN_4 Fri Early HeadNurse
HN_4 Sat Late HeadNurse
HN_4 Sun Late HeadNurse
HN_5 Mon Late HeadNurse
HN_7 Mon Late Nurse
HN_7 Tue Late HeadNurse
HN_7 Wed Late HeadNurse
HN_7 Thu Late HeadNurse
HN_7 Fri Late HeadNurse
HN_8 Mon Late Nurse
HN_8 Tue Late Nurse
HN_8 Wed Late Nurse
HN_8 Sat Early HeadNurse
HN_8 Sun Early Nurse
HN_9 Mon Early Nurse
HN_9 Tue Early Nurse
HN_9 Wed Early HeadNurse
HN_9 Thu Early Nurse
HN_9 Fri Early HeadNurse
HN_10 Mon Day HeadNurse
HN_10 Tue Day HeadNurse
HN_10 Wed Late Nurse
HN_10 Thu Late Nurse
HN_10 Fri Late HeadNurse
HN_11 Mon Early Nurse
HN_11 Thu Day HeadNurse
HN_11 Fri Day Nurse
HN_11 Sat Day HeadNurse
HN_11 Sun Day HeadNurse
HN_12 Mon Early Nurse
HN_12 Tue Early Nurse
HN_12 Wed Day HeadNurse
HN_12 Thu Day Nurse
HN_13 Mon Day Nurse
HN_14 Mon Day Nurse
HN_14 Tue Day HeadNurse
HN_14 Fri Night HeadNurse
HN_14 Sat Night HeadNurse
HN_14 Sun Night HeadNurse
HN_15 Mon Night Nurse
HN_15 Tue Night HeadNurse
HN_15 Wed Night Nurse
HN_15 Thu Night HeadNurse
HN_15 Fri Night HeadNurse
HN_16 Mon Early Nurse
HN_16 Tue Early Nurse
HN_16 Wed Early Nurse
HN_16 Thu Day Nurse
HN_16 Fri Day Nurse
HN_17 Mon Day Nurse
HN_17 Tue Day Nurse
HN_17 Wed Day Nurse
HN_17 Thu Early Nurse
HN_17 Fri Early HeadNurse
HN_18 Thu Day Nurse
HN_18 Fri Day Nurse
HN_18 Sat Late Nurse
HN_18 Sun Late HeadNurse
HN_19 Mon Night Nurse
HN_19 Tue Night Nurse
HN_19 Wed Night Nurse
HN_19 Thu Night Nurse
HN_19 Fri Night Nurse
NU_20 Mon Day Nurse
NU_20 Tue Day Nurse
NU_20 Wed Early Nurse
NU_20 Thu Early Nurse
NU_20 Fri Early Nurse
NU_21 Mon Early Nurse
NU_21 Tue Early Nurse
NU_21 Wed Early Nurse
NU_21 Thu Late Nurse
NU_21 Fri Late Nurse
NU_22 Fri Early Nurse
NU_22 Sat Early Nurse
NU_22 Sun Early Nurse
NU_23 Tue Day Nurse
NU_23 Wed Day Nurse
NU_23 Thu Early Caretaker
NU_23 Fri Early Nurse
NU_24 Mon Early Caretaker
NU_24 Tue Early Caretaker
NU_24 Fri Early Nurse
NU_24 Sat Early Caretaker
NU_24 Sun Late Nurse
NU_25 Wed Night Nurse
NU_25 Thu Night Nurse
NU_25 Fri Night Nurse
NU_25 Sat Night Nurse
NU_25 Sun Night Nurse
NU_26 Fri Early Caretaker
NU_26 Sat Early Caretaker
NU_26 Sun Day Nurse
NU_27 Mon Late Nurse
NU_28 Wed Day Nurse
NU_28 Thu Day Nurse
NU_28 Fri Day Nurse
NU_29 Tue Night Nurse
NU_29 Wed Night Nurse
NU_29 Thu Night Nurse
NU_29 Fri Night Nurse
NU_30 Mon Early Caretaker
NU_30 Tue Early Caretaker
NU_30 Wed Early Caretaker
NU_30 Thu Late Nurse
NU_30 Fri Late Nurse
NU_31 Mon Late Nurse
NU_31 Tue Late Nurse
NU_31 Wed Late Nurse
NU_31 Thu Late Nurse
NU_31 Fri Late Nurse
NU_32 Mon Day Caretaker
NU_32 Tue Day Nurse
NU_32 Fri Late Nurse
NU_32 Sat Late Nurse
NU_32 Sun Late Nurse
NU_33 Mon Day Caretaker
NU_33 Tue Day Caretaker
NU_33 Wed Day Caretaker
NU_33 Thu Day Caretaker
NU_33 Fri Day Nurse
NU_34 Mon Late Nurse
NU_34 Tue Late Nurse
NU_35 Mon Late Caretaker
NU_35 Thu Night Nurse
NU_35 Fri Night Nurse
NU_35 Sat Night Nurse
NU_35 Sun Night Nurse
NU_36 Mon Day Caretaker
NU_36 Tue Day Caretaker
NU_36 Wed Late Caretaker
NU_36 Thu Late Nurse
NU_36 Fri Late Caretaker
NU_37 Tue Night Nurse
NU_37 Wed Night Nurse
NU_37 Thu Night Nurse
NU_37 Fri Night Nurse
NU_38 Thu Late Caretaker
NU_38 Fri Late Caretaker
NU_38 Sat Late Caretaker
NU_38 Sun Late Caretaker
NU_40 Mon Night Nurse
NU_40 Tue Night Nurse
NU_40 Fri Day Caretaker
NU_40 Sat Day Nurse
NU_40 Sun Early Caretaker
NU_41 Sat Early Caretaker
NU_41 Sun Early Caretaker
NU_42 Mon Late Caretaker
NU_42 Tue Late Nurse
NU_42 Wed Late Caretaker
NU_42 Thu Late Caretaker
NU_42 Fri Late Caretaker
NU_43 Mon Late Caretaker
NU_43 Tue Late Caretaker
NU_44 Mon Night Nurse
NU_44 Tue Night Nurse
NU_45 Mon Day Caretaker
NU_45 Thu Night Caretaker
NU_45 Fri Night Nurse
NU_45 Sat Night Caretaker
NU_45 Sun Night Nurse
NU_46 Wed Late Caretaker
NU_46 Thu Late Caretaker
NU_46 Fri Late Caretaker
NU_46 Sat Late Caretaker
NU_46 Sun Late Caretaker
NU_47 Wed Early Caretaker
NU_47 Thu Early Caretaker
NU_47 Fri Early Caretaker
NU_48 Mon Late Caretaker
NU_48 Tue Late Caretaker
NU_48 Wed Late Caretaker
NU_48 Thu Late Caretaker
NU_48 Fri Late Caretaker
NU_49 Mon Night Nurse
NU_49 Tue Night Caretaker
NU_49 Wed Night Caretaker
NU_49 Thu Night Caretaker
NU_49 Fri Night Caretaker
CT_50 Wed Early Caretaker
CT_50 Thu Early Caretaker
CT_50 Fri Early Caretaker
CT_51 Fri Night Caretaker
CT_51 Sat Night Caretaker
CT_51 Sun Night Caretaker
CT_52 Mon Night Caretaker
CT_52 Tue Night Caretaker
CT_52 Wed Night Caretaker
CT_52 Thu Night Caretaker
CT_52 Fri Night Caretaker
CT_53 Wed Early Caretaker
CT_53 Thu Early Caretaker
CT_53 Fri Early Caretaker
CT_54 Tue Day Caretaker
CT_54 Wed Day Caretaker
CT_54 Thu Day Caretaker
CT_54 Fri Day Caretaker
CT_55 Mon Early Caretaker
CT_55 Tue Early Caretaker
CT_55 Wed Early Caretaker
CT_55 Thu Early Caretaker
CT_56 Tue Day Caretaker
CT_56 Wed Day Caretaker
CT_56 Thu Day Caretaker
CT_56 Fri Day Caretaker
CT_58 Tue Late Caretaker
CT_58 Wed Late Caretaker
CT_58 Thu Late Caretaker
CT_58 Fri Late Caretaker
CT_59 Mon Day Caretaker
CT_59 Tue Day Caretaker
CT_59 Wed Late Caretaker
CT_59 Thu Late Caretaker
CT_59 Fri Late Caretaker
CT_60 Mon Day Caretaker
CT_60 Tue Day Caretaker
CT_60 Wed Day Caretaker
CT_60 Thu Day Caretaker
CT_60 Fri Day Caretaker
CT_61 Mon Early Caretaker
CT_61 Tue Early Caretaker
CT_61 Wed Early Caretaker
CT_62 Mon Late Caretaker
CT_62 Tue Late Caretaker
CT_63 Thu Early Caretaker
CT_63 Fri Early Caretaker
CT_63 Sat Day Caretaker
CT_63 Sun Day Caretaker
CT_64 Tue Day Caretaker
CT_64 Wed Day Caretaker
CT_64 Thu Early Caretaker
CT_64 Fri Early Caretaker
CT_65 Tue Day Caretaker
CT_65 Wed Day Caretaker
CT_65 Thu Early Caretaker
CT_65 Fri Early Caretaker
CT_66 Mon Late Caretaker
CT_66 Tue Late Caretaker
CT_66 Wed Late Caretaker
CT_66 Sat Night Caretaker
CT_66 Sun Night Caretaker
CT_67 Mon Night Caretaker
CT_67 Tue Night Caretaker
CT_67 Wed Night Caretaker
CT_67 Thu Night Caretaker
CT_68 Mon Early Caretaker
CT_68 Tue Early Caretaker
CT_68 Wed Day Caretaker
CT_68 Thu Day Caretaker
CT_69 Mon Early Caretaker
CT_69 Tue Early Caretaker
CT_69 Wed Early Caretaker
CT_69 Thu Late Caretaker
CT_69 Fri Late Caretaker
CT_70 Mon Night Caretaker
CT_70 Tue Night Caretaker
CT_70 Wed Night Caretaker
CT_70 Thu Night Caretaker
CT_70 Fri Night Caretaker
CT_71 Mon Late Caretaker
CT_71 Tue Late Caretaker
CT_71 Fri Early Caretaker
CT_71 Sat Early Caretaker
CT_71 Sun Early Caretaker
CT_72 Tue Late Caretaker
CT_72 Wed Late Caretaker
CT_72 Thu Late Caretaker
CT_72 Fri Late Caretaker
CT_73 Mon Night Caretaker
CT_73 Tue Night Caretaker
CT_73 Wed Night Caretaker
CT_73 Thu Night Caretaker
CT_73 Fri Night Caretaker
CT_74 Mon Night Caretaker
CT_74 Tue Night Caretaker
CT_74 Wed Night Caretaker
CT_74 Thu Night Caretaker
CT_74 Fri Night Caretaker
CT_75 Thu Day Caretaker
CT_75 Fri Day Caretaker
CT_75 Sat Day Caretaker
CT_75 Sun Day Caretaker
CT_76 Sat Night Caretaker
CT_76 Sun Night Caretaker
CT_77 Mon Day Caretaker
CT_77 Tue Day Caretaker
CT_78 Mon Night Caretaker
CT_78 Tue Night Caretaker
CT_78 Wed Night Caretaker
CT_78 Thu Night Caretaker
CT_78 Fri Night Caretaker
CT_79 Mon Early Caretaker
CT_79 Tue Early Caretaker
CT_79 Wed Early Caretaker
CT_79 Sat Late Caretaker
CT_79 Sun Late Caretaker
CT_80 Mon Late Caretaker
CT_80 Tue Late Caretaker
CT_80 Wed Late Caretaker
CT_80 Thu Late Caretaker
CT_80 Fri Late Caretaker
CT_81 Mon Day Caretaker
CT_81 Tue Day Caretaker
CT_82 Mon Night Caretaker
CT_82 Tue Night Caretaker
CT_82 Wed Night Caretaker
CT_82 Thu Night Caretaker
CT_82 Fri Night Caretaker
CT_83 Mon Night Caretaker
CT_83 Tue Night Caretaker
CT_83 Fri Night Caretaker
CT_83 Sat Night Caretaker
CT_83 Sun Night Caretaker
CT_84 Mon Early Caretaker
CT_84 Tue Early Caretaker
CT_84 Wed Early Caretaker
CT_84 Thu Day Caretaker
CT_84 Fri Day Caretaker
CT_85 Mon Late Caretaker
CT_85 Tue Late Caretaker
CT_86 Mon Early Caretaker
CT_86 Thu Early Caretaker
CT_86 Fri Early Caretaker
CT_86 Sat Day Caretaker
CT_86 Sun Day Caretaker
CT_87 Thu Day Caretaker
CT_87 Fri Day Caretaker
CT_87 Sat Late Caretaker
CT_87 Sun Late Caretaker
CT_88 Wed Day Caretaker
CT_88 Thu Day Caretaker
CT_88 Fri Day Caretaker
CT_88 Sat Day Caretaker
CT_88 Sun Early Caretaker
CT_89 Wed Early Caretaker
CT_89 Thu Early Caretaker
CT_89 Fri Early Caretaker
TR_90 Mon Late Trainee
TR_90 Tue Late Trainee
TR_91 Mon Day Trainee
TR_91 Tue Day Trainee
TR_91 Wed Day Trainee
TR_91 Sat Late Trainee
TR_91 Sun Late Trainee
TR_92 Sat Late Trainee
TR_92 Sun Late Trainee
TR_93 Mon Night Trainee
TR_94 Mon Night Trainee
TR_94 Tue Night Trainee
TR_94 Wed Night Trainee
TR_94 Thu Night Trainee
TR_94 Fri Night Trainee
TR_95 Mon Night Trainee
TR_95 Tue Night Trainee
TR_95 Wed Night Trainee
TR_95 Thu Night Trainee
TR_96 Mon Early Trainee
TR_96 Tue Early Trainee
TR_96 Wed Early Trainee
TR_96 Thu Early Trainee
TR_97 Mon Early Trainee
TR_97 Tue Early Trainee
TR_97 Wed Early Trainee
TR_97 Thu Early Trainee
TR_98 Mon Day Trainee
TR_98 Tue Late Trainee
TR_98 Wed Late Trainee
TR_98 Sat Late Trainee
TR_98 Sun Late Trainee
TR_99 Mon Late Trainee
TR_99 Tue Late Trainee
TR_99 Sat Day Trainee
TR_99 Sun Night Trainee
TR_100 Mon Day Trainee
TR_100 Thu Night Trainee
TR_100 Fri Night Trainee
TR_100 Sat Night Trainee
TR_100 Sun Night Trainee
TR_101 Fri Day Trainee
TR_101 Sat Day Trainee
TR_101 Sun Day Trainee
TR_102 Mon Night Trainee
TR_102 Tue Night Trainee
TR_102 Wed Night Trainee
TR_102 Sat Day Trainee
TR_102 Sun Day Trainee
TR_103 Mon Late Trainee
TR_104 Mon Early Trainee
TR_104 Tue Early Trainee
TR_104 Wed Day Trainee
TR_104 Thu Day Trainee
TR_105 Mon Day Trainee
TR_105 Tue Day Trainee
TR_105 Wed Early Trainee
TR_105 Thu Early Trainee
TR_105 Fri Early Trainee
TR_106 Mon Early Trainee
TR_106 Tue Early Trainee
TR_106 Wed Late Trainee
TR_106 Thu Late Trainee
TR_106 Fri Late Trainee
TR_107 Mon Night Trainee
TR_107 Tue Night Trainee
TR_107 Wed Night Trainee
TR_107 Thu Night Trainee
TR_108 Mon Early Trainee
TR_108 Tue Early Trainee
TR_108 Wed Early Trainee
TR_108 Thu Late Trainee
TR_108 Fri Late Trainee
TR_109 Wed Night Trainee
TR_109 Thu Night Trainee
TR_109 Fri Night Trainee
TR_109 Sat Night Trainee
TR_109 Sun Night Trainee
TR_110 Mon Night Trainee
TR_110 Tue Night Trainee
TR_110 Wed Night Trainee
TR_110 Thu Night Trainee
TR_110 Fri Night Trainee
TR_111 Mon Day Trainee
TR_111 Tue Day Trainee
TR_111 Wed Early Trainee
TR_111 Thu Early Trainee
TR_111 Fri Early Trainee
TR_112 Wed Early Trainee
TR_112 Thu Early Trainee
TR_112 Fri Early Trainee
TR_113 Mon Late Trainee
TR_113 Tue Late Trainee
TR_113 Fri Early Trainee
TR_113 Sat Early Trainee
TR_113 Sun Early Trainee
TR_114 Thu Day Trainee
TR_114 Fri Day Trainee
TR_114 Sat Day Trainee
TR_114 Sun Early Trainee
TR_115 Tue Late Trainee
TR_115 Wed Late Trainee
TR_115 Thu Late Trainee
TR_116 Wed Day Trainee
TR_116 Thu Day Trainee
TR_116 Fri Day Trainee
TR_117 Mon Late Trainee
TR_117 Tue Late Trainee
TR_117 Wed Late Trainee
TR_117 Thu Late Trainee
TR_118 Mon Early Trainee
TR_118 Tue Early Trainee
TR_118 Wed Early Trainee
TR_118 Thu Day Trainee
TR_118 Fri Day Trainee
TR_119 Tue Day Trainee
TR_119 Wed Day Trainee
TR_119 Thu Late Trainee
TR_119 Fri Late Trainee
