SOLUTION
3 n120w4

ASSIGNMENTS = 473
HN_0 Wed Early HeadNurse
HN_0 Thu Early HeadNurse
HN_0 Fri Early HeadNurse
HN_1 Tue Night HeadNurse
HN_1 Wed Night HeadNurse
HN_1 Thu Night HeadNurse
HN_1 Fri Night HeadNurse
HN_2 Wed Day HeadNurse
HN_2 Thu Day HeadNurse
HN_2 Fri Day HeadNurse
HN_3 Mon Early HeadNurse
HN_4 Mon Day HeadNurse
HN_4 Tue Day HeadNurse
HN_4 Wed Day HeadNurse
HN_4 Thu Early Nurse
HN_4 Fri Early HeadNurse
HN_5 Mon Night HeadNurse
HN_6 Mon Night HeadNurse
HN_7 Mon Late HeadNurse
HN_7 Tue Late HeadNurse
HN_7 Wed Late HeadNurse
HN_7 Sat Late HeadNurse
HN_7 Sun Late HeadNurse
HN_8 Wed Early HeadNurse
HN_8 Thu Early Nurse
HN_8 Fri Early Nurse
HN_8 Sat Late Nurse
HN_8 Sun Late Nurse
HN_9 Mon Early HeadNurse
HN_9 Tue Early HeadNurse
HN_9 Wed Late Nurse
HN_9 Thu Late HeadNurse
HN_9 Fri Late HeadNurse
HN_10 Mon Early Nurse
HN_10 Thu Late HeadNurse
HN_10 Fri Late Nurse
HN_10 Sat Late Nurse
HN_10 Sun Late Nurse
HN_11 Mon Night HeadNurse
HN_11 Tue Night Nurse
HN_11 Wed Night HeadNurse
HN_11 Thu Night HeadNurse
HN_11 Fri Night Nurse
HN_12 Sat Day Nurse
HN_12 Sun Day HeadNurse
HN_13 Tue Early HeadNurse
HN_13 Wed Early Nurse
HN_13 Thu Day HeadNurse
HN_13 Fri Day HeadNurse
HN_14 Mon Late HeadNurse
HN_14 Tue Late Nurse
HN_14 Wed Late Nurse
HN_14 Thu Late HeadNurse
HN_14 Fri Late Nurse
HN_15 Mon Night Nurse
HN_15 Tue Night Nurse
HN_15 Wed Night Nurse
HN_15 Thu Night Nurse
HN_15 Fri Night Nurse
HN_16 Mon Day Nurse
HN_16 Fri Night Nurse
HN_16 Sat Night HeadNurse
HN_16 Sun Night Nurse
HN_17 Mon Early Nurse
HN_17 Thu Day HeadNurse
HN_17 Fri Day HeadNurse
HN_17 Sat Early HeadNurse
HN_17 Sun Early HeadNurse
HN_18 Mon Day Nurse
HN_19 Mon Late Nurse
HN_19 Thu Early Nurse
HN_19 Fri Early Nurse
HN_19 Sat Early Nurse
HN_19 Sun Night Nurse
NU_20 Mon Night Nurse
NU_20 Tue Night Nurse
NU_20 Wed Night Nurse
NU_20 Thu Night Nurse
NU_20 Fri Night Nurse
NU_21 Thu Early Nurse
NU_21 Fri Early Nurse
NU_21 Sat Day Nurse
NU_21 Sun Day Nurse
NU_22 Mon Day Nurse
NU_22 Tue Day Nurse
NU_22 Wed Day Nurse
NU_22 Thu Day Nurse
NU_23 Tue Early Nurse
NU_23 Wed Early Nurse
NU_23 Thu Day Nurse
NU_23 Fri Day Nurse
NU_24 Mon Late Nurse
NU_24 Tue Late Nurse
NU_24 Wed Late Nurse
NU_24 Thu Late Nurse
NU_24 Fri Late Nurse
NU_25 Mon Late Nurse
NU_25 Tue Late Nurse
NU_25 Wed Late Nurse
NU_25 Sat Early Nurse
NU_25 Sun Early Nurse
NU_26 Tue Early Nurse
NU_26 Wed Early Nurse
NU_26 Thu Early Caretaker
NU_26 Fri Early Nurse
NU_27 Mon Day Nurse
NU_27 Tue Day Nurse
NU_27 Wed Day Nurse
NU_27 Thu Day Nurse
NU_28 Mon Night Nurse
NU_28 Tue Night Nurse
NU_28 Wed Night Nurse
NU_28 Sat Early Caretaker
NU_28 Sun Early Nurse
NU_29 Wed Night Nurse
NU_29 Thu Night Nurse
NU_29 Fri Night Nurse
NU_29 Sat Night Nurse
NU_29 Sun Night Caretaker
NU_30 Mon Late Nurse
NU_30 Tue Late Caretaker
NU_30 Wed Late Nurse
NU_30 Thu Late Nurse
NU_30 Fri Late Nurse
NU_31 Mon Day Caretaker
NU_31 Tue Day Nurse
NU_31 Wed Late Caretaker
NU_31 Thu Late Nurse
NU_31 Fri Late Caretaker
NU_32 Mon Early Nurse
NU_32 Tue Early Nurse
NU_32 Wed Early Nurse
NU_32 Sat Early Caretaker
NU_32 Sun Early Caretaker
NU_33 Mon Early Nurse
NU_33 Tue Early Nurse
NU_33 Wed Early Caretaker
NU_33 Thu Early Caretaker
NU_33 Fri Early Nurse
NU_34 Wed Day Nurse
NU_34 Thu Day Nurse
NU_34 Fri Day Nurse
NU_35 Wed Day Nurse
NU_35 Thu Day Caretaker
NU_35 Fri Day Nurse
NU_36 Mon Night Nurse
NU_36 Tue Night Caretaker
NU_36 Wed Night Nurse
NU_36 Thu Night Caretaker
NU_36 Fri Night Caretaker
NU_37 Sat Night Nurse
NU_37 Sun Night Caretaker
NU_38 Mon Late Nurse
NU_38 Tue Late Caretaker
NU_39 Tue Late Caretaker
NU_39 Wed Late Caretaker
NU_39 Thu Late Nurse
NU_39 Fri Late Caretaker
NU_40 Mon Day Caretaker
NU_40 Tue Day Nurse
NU_40 Wed Early Caretaker
NU_40 Thu Early Caretaker
NU_40 Fri Early Caretaker
NU_41 Tue Early Caretaker
NU_41 Wed Early Caretaker
NU_41 Thu Early Caretaker
NU_41 Fri Early Caretaker
NU_42 Mon Day Caretaker
NU_42 Tue Day Caretaker
NU_42 Wed Late Caretaker
NU_42 Thu Late Caretaker
NU_42 Fri Late Caretaker
NU_43 Mon Day Caretaker
NU_44 Mon Night Nurse
NU_45 Mon Late Caretaker
NU_45 Thu Early Caretaker
NU_45 Fri Early Caretaker
NU_45 Sat Day Caretaker
NU_45 Sun Day Caretaker
NU_46 Wed Day Nurse
NU_46 Thu Day Caretaker
NU_46 Fri Day Nurse
NU_47 Mon Late Caretaker
NU_47 Tue Late Caretaker
NU_47 Wed Late Caretaker
NU_48 Mon Early Caretaker
NU_48 Tue Early Caretaker
NU_48 Wed Day Caretaker
NU_48 Thu Day Caretaker
NU_48 Fri Day Caretaker
NU_49 Mon Day Caretaker
NU_49 Tue Day Caretaker
NU_49 Wed Late Caretaker
NU_49 Thu Late Caretaker
NU_49 Fri Late Caretaker
CT_50 Mon Night Caretaker
CT_50 Tue Night Caretaker
CT_50 Wed Night Caretaker
CT_50 Thu Night Caretaker
CT_50 Fri Night Caretaker
CT_51 Mon Late Caretaker
CT_51 Tue Late Caretaker
CT_52 Mon Late Caretaker
CT_52 Tue Late Caretaker
CT_52 Fri Late Caretaker
CT_52 Sat Late Caretaker
CT_52 Sun Late Caretaker
CT_53 Mon Night Caretaker
CT_53 Tue Night Caretaker
CT_53 Wed Night Caretaker
CT_53 Thu Night Caretaker
CT_53 Fri Night Caretaker
CT_54 Tue Early Caretaker
CT_54 Wed Early Caretaker
CT_54 Thu Early Caretaker
CT_54 Fri Early Caretaker
CT_55 Thu Early Caretaker
CT_55 Fri Early Caretaker
CT_55 Sat Day Caretaker
CT_55 Sun Day Caretaker
CT_56 Fri Early Caretaker
CT_56 Sat Early Caretaker
CT_56 Sun Late Caretaker
CT_57 Sat Early Caretaker
CT_57 Sun Early Caretaker
CT_58 Tue Day Caretaker
CT_58 Wed Day Caretaker
CT_58 Thu Day Caretaker
CT_58 Fri Day Caretaker
CT_59 Mon Night Caretaker
CT_59 Tue Night Caretaker
CT_59 Wed Night Caretaker
CT_59 Thu Night Caretaker
CT_59 Fri Night Caretaker
CT_60 Mon Late Caretaker
CT_60 Thu Early Caretaker
CT_60 Fri Early Caretaker
CT_60 Sat Early Caretaker
CT_60 Sun Day Caretaker
CT_61 Mon Late Caretaker
CT_61 Fri Night Caretaker
CT_61 Sat Night Caretaker
CT_61 Sun Night Caretaker
CT_62 Tue Night Caretaker
CT_62 Wed Night Caretaker
CT_62 Thu Night Caretaker
CT_62 Fri Night Caretaker
CT_63 Mon Night Caretaker
CT_63 Tue Night Caretaker
CT_63 Wed Night Caretaker
CT_63 Thu Night Caretaker
CT_63 Fri Night Caretaker
CT_64 Wed Early Caretaker
CT_64 Thu Early Caretaker
CT_64 Fri Early Caretaker
CT_65 Mon Night Caretaker
CT_65 Tue Night Caretaker
CT_65 Wed Night Caretaker
CT_65 Thu Night Caretaker
CT_66 Mon Late Caretaker
CT_66 Tue Late Caretaker
CT_66 Wed Late Caretaker
CT_67 Tue Early Caretaker
CT_67 Wed Early Caretaker
CT_67 Thu Day Caretaker
CT_67 Fri Day Caretaker
CT_68 Mon Night Caretaker
CT_68 Tue Night Caretaker
CT_68 Wed Night Caretaker
CT_69 Mon Early Caretaker
CT_69 Tue Early Caretaker
CT_69 Wed Day Caretaker
CT_69 Thu Day Caretaker
CT_69 Fri Day Caretaker
CT_70 Wed Night Caretaker
CT_70 Thu Night Caretaker
CT_70 Fri Night Caretaker
CT_70 Sat Night Caretaker
CT_70 Sun Night Caretaker
CT_71 Mon Night Caretaker
CT_71 Tue Night Caretaker
CT_71 Wed Night Caretaker
CT_71 Thu Night Caretaker
CT_71 Fri Night Caretaker
CT_72 Wed Day Caretaker
CT_72 Thu Day Caretaker
CT_72 Fri Day Caretaker
CT_73 Mon Day Caretaker
CT_73 Sat Day Caretaker
CT_73 Sun Day Caretaker
CT_74 Mon Late Caretaker
CT_74 Sat Late Caretaker
CT_74 Sun Late Caretaker
CT_75 Wed Late Caretaker
CT_75 Thu Late Caretaker
CT_75 Fri Late Caretaker
CT_76 Mon Early Caretaker
CT_77 Mon Early Caretaker
CT_77 Tue Early Caretaker
CT_77 Wed Day Caretaker
CT_77 Thu Day Caretaker
CT_77 Fri Day Caretaker
CT_78 Mon Late Caretaker
CT_78 Tue Late Caretaker
CT_78 Wed Late Caretaker
CT_78 Thu Late Caretaker
CT_79 Mon Night Caretaker
CT_79 Fri Day Caretaker
CT_79 Sat Day Caretaker
CT_79 Sun Late Caretaker
CT_80 Mon Day Caretaker
CT_80 Tue Day Caretaker
CT_80 Wed Day Caretaker
CT_80 Thu Day Caretaker
CT_80 Fri Day Caretaker
CT_81 Mon Early Caretaker
CT_81 Tue Early Caretaker
CT_81 Wed Late Caretaker
CT_81 Thu Late Caretaker
CT_81 Fri Late Caretaker
CT_82 Mon Day Caretaker
CT_82 Tue Day Caretaker
CT_82 Wed Early Caretaker
CT_82 Thu Early Caretaker
CT_82 Fri Early Caretaker
CT_83 Mon Early Caretaker
CT_83 Tue Early Caretaker
CT_83 Wed Early Caretaker
CT_83 Sat Late Caretaker
CT_83 Sun Late Caretaker
CT_84 Mon Early Caretaker
CT_84 Tue Early Caretaker
CT_84 Wed Early Caretaker
CT_84 Sat Early Caretaker
CT_84 Sun Early Caretaker
CT_85 Tue Day Caretaker
CT_85 Wed Day Caretaker
CT_85 Thu Late Caretaker
CT_85 Fri Late Caretaker
CT_86 Mon Day Caretaker
CT_86 Tue Day Caretaker
CT_86 Wed Day Caretaker
CT_86 Thu Late Caretaker
CT_86 Fri Late Caretaker
CT_87 Mon Day Caretaker
CT_87 Tue Day Caretaker
CT_87 Wed Day Caretaker
CT_88 Mon Late Caretaker
CT_88 Tue Late Caretaker
CT_88 Wed Late Caretaker
CT_88 Thu Late Caretaker
CT_89 Mon Night Caretaker
CT_89 Fri Day Caretaker
CT_89 Sat Day Caretaker
CT_89 Sun Early Caretaker
TR_90 Tue Early Trainee
TR_90 Wed Early Trainee
TR_90 Thu Early Trainee
TR_90 Fri Early Trainee
TR_91 Mon Night Trainee
TR_91 Tue Night Trainee
TR_91 Wed Night Trainee
TR_91 Thu Night Trainee
TR_91 Fri Night Trainee
TR_94 Mon Day Trainee
TR_94 Tue Early Trainee
TR_94 Wed Early Trainee
TR_94 Sat Early Trainee
TR_94 Sun Early Trainee
TR_95 Mon Night Trainee
TR_95 Tue Night Trainee
TR_95 Wed Night Trainee
TR_96 Wed Day Trainee
TR_96 Thu Day Trainee
TR_96 Fri Day Trainee
TR_97 Thu Night Trainee
TR_97 Fri Night Trainee
TR_97 Sat Night Trainee
TR_97 Sun Night Trainee
TR_98 Tue Late Trainee
TR_98 Wed Late Trainee
TR_98 Thu Late Trainee
TR_98 Fri Late Trainee
TR_99 Wed Late Trainee
TR_99 Thu Late Trainee
TR_99 Fri Late Trainee
TR_100 Mon Night Trainee
TR_100 Tue Night Trainee
TR_100 Fri Early Trainee
TR_100 Sat Early Trainee
TR_100 Sun Late Trainee
TR_101 Mon Night Trainee
TR_101 Tue Night Trainee
TR_101 Wed Night Trainee
TR_101 Thu Night Trainee
TR_102 Mon Night Trainee
TR_102 Tue Night Trainee
TR_102 Wed Night Trainee
TR_102 Thu Night Trainee
TR_102 Fri Night Trainee
TR_103 Mon Early Trainee
TR_103 Tue Early Trainee
TR_103 Wed Early Trainee
TR_103 Thu Early Trainee
TR_104 Mon Day Trainee
TR_104 Tue Day Trainee
TR_104 Wed Day Trainee
TR_104 Thu Day Trainee
TR_105 Mon Early Trainee
TR_105 Thu Night Trainee
TR_105 Fri Night Trainee
TR_105 Sat Night Trainee
TR_105 Sun Night Trainee
TR_106 Mon Day Trainee
TR_106 Tue Day Trainee
TR_106 Wed Day Trainee
TR_106 Thu Day Trainee
TR_106 Fri Day Trainee
TR_107 Sat Night Trainee
TR_107 Sun Night Trainee
TR_108 Mon Early Trainee
TR_108 Thu Day Trainee
TR_108 Fri Day Trainee
TR_108 Sat Day Trainee
TR_108 Sun Day Trainee
TR_109 Mon Day Trainee
TR_109 Tue Day Trainee
TR_109 Wed Day Trainee
TR_109 Thu Early Trainee
TR_109 Fri Early Trainee
TR_110 Mon Day Trainee
TR_110 Tue Day Trainee
TR_110 Wed Day Trainee
TR_110 Thu Day Trainee
TR_110 Fri Day Trainee
TR_111 Mon Early Trainee
TR_111 Tue Early Trainee
TR_111 Wed Day Trainee
TR_111 Thu Day Trainee
TR_111 Fri Day Trainee
TR_112 Tue Early Trainee
TR_112 Wed Early Trainee
TR_112 Thu Early Trainee
TR_113 Mon Late Trainee
TR_113 Tue Late Trainee
TR_113 Wed Late Trainee
TR_113 Sat Day Trainee
TR_113 Sun Day Trainee
TR_114 Wed Early Trainee
TR_114 Thu Early Trainee
TR_114 Fri Late Trainee
TR_114 Sat Late Trainee
TR_114 Sun Late Trainee
TR_115 Thu Early Trainee
TR_115 Fri Early Trainee
TR_115 Sat Day Trainee
TR_115 Sun Day Trainee
TR_116 Mon Late Trainee
TR_116 Tue Late Trainee
TR_116 Wed Late Trainee
TR_116 Thu Late Trainee
TR_116 Fri Late Trainee
TR_117 Mon Late Trainee
TR_117 Tue Late Trainee
TR_117 Wed Late Trainee
TR_118 Mon Late Trainee
TR_118 Tue Late Trainee
TR_118 Wed Late Trainee
TR_118 Sat Late Trainee
TR_118 Sun Late Trainee
TR_119 Fri Late Trainee
TR_119 Sat Late Trainee
TR_119 Sun Night Trainee
