SOLUTION
3 n110w4

ASSIGNMENTS = 367
HN_0 Tue Early HeadNurse
HN_0 Wed Early HeadNurse
HN_0 Thu Day HeadNurse
HN_0 Fri Day HeadNurse
HN_0 Sat Late HeadNurse
HN_0 Sun Late HeadNurse
HN_1 Sat Early HeadNurse
HN_1 Sun Early HeadNurse
HN_2 Thu Day HeadNurse
HN_2 Fri Day HeadNurse
HN_3 Mon Day HeadNurse
HN_3 Tue Day HeadNurse
HN_3 Wed Late HeadNurse
HN_3 Thu Late HeadNurse
HN_3 Fri Late HeadNurse
HN_4 Mon Night HeadNurse
HN_5 Wed Day HeadNurse
HN_5 Thu Day Nurse
HN_5 Fri Day Nurse
HN_6 Mon Early HeadNurse
HN_6 Tue Early HeadNurse
HN_6 Wed Late Nurse
HN_6 Thu Late Nurse
HN_6 Fri Late Nurse
HN_7 Mon Early Nurse
HN_7 Tue Day HeadNurse
HN_7 Wed Day HeadNurse
HN_8 Mon Day Nurse
HN_8 Tue Early Nurse
HN_8 Wed Early HeadNurse
HN_9 Mon Late HeadNurse
HN_9 Tue Late HeadNurse
HN_9 Wed Late Nurse
HN_10 Fri Day Nurse
HN_10 Sat Day Nurse
HN_10 Sun Early Nurse
HN_11 Mon Late HeadNurse
HN_12 Tue Day Nurse
HN_12 Wed Day Nurse
HN_12 Thu Early HeadNurse
HN_12 Fri Early Nurse
HN_13 Mon Night Nurse
HN_13 Tue Night HeadNurse
HN_13 Wed Night HeadNurse
HN_13 Thu Night HeadNurse
HN_13 Fri Night HeadNurse
HN_15 Tue Late Nurse
HN_15 Wed Late Nurse
HN_15 Thu Late Nurse
HN_15 Fri Late Nurse
HN_16 Mon Late Nurse
HN_16 Thu Early Nurse
HN_16 Fri Early Nurse
HN_16 Sat Early Nurse
HN_16 Sun Day HeadNurse
HN_17 Mon Early Nurse
HN_18 Mon Night Nurse
HN_18 Tue Night Nurse
HN_18 Wed Night HeadNurse
HN_18 Thu Night Nurse
HN_18 Fri Night HeadNurse
HN_19 Wed Night Nurse
HN_19 Thu Night Nurse
HN_19 Fri Night Nurse
HN_19 Sat Night HeadNurse
HN_19 Sun Night HeadNurse
NU_20 Mon Early Nurse
NU_20 Tue Early Nurse
NU_20 Wed Late Nurse
NU_20 Thu Late Nurse
NU_20 Fri Late Caretaker
NU_21 Mon Day Nurse
NU_21 Tue Day Nurse
NU_21 Wed Day Nurse
NU_21 Sat Day Nurse
NU_21 Sun Day Nurse
NU_22 Mon Early Nurse
NU_22 Tue Early Nurse
NU_22 Wed Early Nurse
NU_22 Sat Early Caretaker
NU_22 Sun Early Caretaker
NU_24 Fri Late Caretaker
NU_24 Sat Late Nurse
NU_24 Sun Late Nurse
NU_25 Thu Day Nurse
NU_25 Fri Day Nurse
NU_25 Sat Late Caretaker
NU_25 Sun Late Caretaker
NU_26 Mon Late Nurse
NU_26 Tue Late Nurse
NU_26 Sun Night Nurse
NU_27 Thu Early Nurse
NU_27 Fri Early Nurse
NU_28 Thu Day Nurse
NU_28 Fri Day Nurse
NU_28 Sat Late Caretaker
NU_28 Sun Late Caretaker
NU_29 Mon Night Nurse
NU_29 Tue Night Nurse
NU_29 Wed Night Nurse
NU_29 Thu Night Nurse
NU_30 Wed Early Nurse
NU_30 Thu Early Nurse
NU_30 Fri Early Caretaker
NU_31 Mon Late Caretaker
NU_32 Mon Early Caretaker
NU_32 Tue Early Caretaker
NU_32 Wed Late Caretaker
NU_32 Thu Late Caretaker
NU_32 Fri Late Caretaker
NU_33 Mon Day Caretaker
NU_33 Tue Day Nurse
NU_33 Wed Day Nurse
NU_33 Thu Day Caretaker
NU_33 Fri Day Caretaker
NU_34 Wed Early Nurse
NU_34 Thu Early Caretaker
NU_34 Fri Early Caretaker
NU_35 Tue Late Nurse
NU_35 Wed Late Caretaker
NU_35 Thu Late Caretaker
NU_35 Fri Late Caretaker
NU_36 Mon Night Caretaker
NU_37 Sat Night Nurse
NU_37 Sun Night Caretaker
NU_38 Mon Night Caretaker
NU_38 Tue Night Nurse
NU_38 Wed Night Nurse
NU_38 Thu Night Caretaker
NU_38 Fri Night Nurse
NU_39 Tue Night Caretaker
NU_39 Wed Night Caretaker
NU_39 Thu Night Caretaker
NU_39 Fri Night Caretaker
CT_40 Tue Late Caretaker
CT_40 Wed Late Caretaker
CT_41 Thu Day Caretaker
CT_41 Fri Day Caretaker
CT_42 Mon Day Caretaker
CT_42 Tue Day Caretaker
CT_42 Wed Day Caretaker
CT_42 Thu Day Caretaker
CT_42 Fri Day Caretaker
CT_43 Sat Day Caretaker
CT_43 Sun Day Caretaker
CT_44 Wed Day Caretaker
CT_44 Thu Day Caretaker
CT_44 Fri Day Caretaker
CT_45 Mon Day Caretaker
CT_45 Tue Day Caretaker
CT_45 Wed Day Caretaker
CT_45 Thu Day Caretaker
CT_46 Wed Late Caretaker
CT_46 Thu Late Caretaker
CT_46 Fri Late Caretaker
CT_47 Mon Late Caretaker
CT_47 Tue Late Caretaker
CT_47 Wed Late Caretaker
CT_47 Sat Day Caretaker
CT_47 Sun Day Caretaker
CT_48 Tue Late Caretaker
CT_48 Wed Late Caretaker
CT_48 Thu Late Caretaker
CT_48 Fri Late Caretaker
CT_49 Mon Early Caretaker
CT_49 Tue Early Caretaker
CT_49 Wed Early Caretaker
CT_49 Sat Early Caretaker
CT_49 Sun Early Caretaker
CT_50 Wed Night Caretaker
CT_50 Thu Night Caretaker
CT_50 Fri Night Caretaker
CT_50 Sat Night Caretaker
CT_50 Sun Night Caretaker
CT_51 Mon Early Caretaker
CT_52 Tue Day Caretaker
CT_52 Wed Day Caretaker
CT_52 Thu Early Caretaker
CT_52 Fri Early Caretaker
CT_53 Mon Night Caretaker
CT_53 Tue Night Caretaker
CT_53 Wed Night Caretaker
CT_53 Thu Night Caretaker
CT_54 Mon Day Caretaker
CT_54 Tue Day Caretaker
CT_54 Wed Early Caretaker
CT_54 Thu Early Caretaker
CT_54 Fri Early Caretaker
CT_55 Thu Late Caretaker
CT_55 Fri Late Caretaker
CT_56 Mon Early Caretaker
CT_56 Tue Early Caretaker
CT_57 Mon Late Caretaker
CT_58 Wed Late Caretaker
CT_58 Thu Late Caretaker
CT_59 Mon Early Caretaker
CT_59 Tue Early Caretaker
CT_59 Wed Early Caretaker
CT_60 Sat Late Caretaker
CT_60 Sun Late Caretaker
CT_61 Wed Early Caretaker
CT_61 Thu Early Caretaker
CT_62 Mon Late Caretaker
CT_62 Tue Late Caretaker
CT_62 Fri Early Caretaker
CT_62 Sat Early Caretaker
CT_62 Sun Early Caretaker
CT_63 Mon Night Caretaker
CT_63 Tue Night Caretaker
CT_63 Wed Night Caretaker
CT_65 Mon Early Caretaker
CT_65 Tue Early Caretaker
CT_65 Fri Night Caretaker
CT_65 Sat Night Caretaker
CT_65 Sun Night Caretaker
CT_66 Wed Night Caretaker
CT_66 Thu Night Caretaker
CT_66 Fri Night Caretaker
CT_66 Sat Night Caretaker
CT_66 Sun Night Caretaker
CT_67 Mon Early Caretaker
CT_67 Tue Early Caretaker
CT_68 Mon Early Caretaker
CT_68 Tue Early Caretaker
CT_68 Wed Early Caretaker
CT_69 Mon Night Caretaker
CT_69 Tue Night Caretaker
CT_69 Wed Night Caretaker
CT_69 Thu Night Caretaker
CT_69 Fri Night Caretaker
CT_70 Mon Late Caretaker
CT_70 Fri Day Caretaker
CT_70 Sat Day Caretaker
CT_70 Sun Day Caretaker
CT_71 Tue Late Caretaker
CT_71 Wed Late Caretaker
CT_72 Mon Night Caretaker
CT_73 Mon Late Caretaker
CT_73 Tue Late Caretaker
CT_73 Wed Late Caretaker
CT_74 Wed Early Caretaker
CT_74 Thu Early Caretaker
CT_74 Fri Early Caretaker
CT_75 Mon Night Caretaker
CT_75 Tue Night Caretaker
CT_75 Wed Night Caretaker
CT_76 Mon Day Caretaker
CT_76 Tue Day Caretaker
CT_76 Wed Day Caretaker
CT_76 Thu Day Caretaker
CT_76 Fri Day Caretaker
CT_77 Mon Night Caretaker
CT_77 Tue Night Caretaker
CT_77 Wed Night Caretaker
CT_77 Thu Night Caretaker
CT_77 Fri Night Caretaker
CT_78 Mon Day Caretaker
CT_78 Tue Day Caretaker
CT_78 Wed Day Caretaker
CT_78 Thu Day Caretaker
CT_78 Fri Day Caretaker
CT_79 Wed Day Caretaker
CT_79 Thu Day Caretaker
TR_80 Mon Day Trainee
TR_80 Tue Late Trainee
TR_80 Wed Late Trainee
TR_81 Mon Late Trainee
TR_81 Tue Late Trainee
TR_82 Tue Early Trainee
TR_82 Wed Early Trainee
TR_82 Thu Early Trainee
TR_83 Tue Day Trainee
TR_83 Wed Day Trainee
TR_83 Thu Late Trainee
TR_83 Fri Late Trainee
TR_84 Mon Night Trainee
TR_84 Tue Night Trainee
TR_84 Wed Night Trainee
TR_85 Mon Late Trainee
TR_85 Tue Late Trainee
TR_85 Sun Late Trainee
TR_86 Wed Early Trainee
TR_86 Thu Early Trainee
TR_86 Fri Early Trainee
TR_87 Mon Day Trainee
TR_87 Tue Day Trainee
TR_87 Wed Day Trainee
TR_87 Thu Day Trainee
TR_88 Mon Night Trainee
TR_88 Tue Night Trainee
TR_88 Sat Day Trainee
TR_88 Sun Day Trainee
TR_89 Mon Day Trainee
TR_89 Tue Day Trainee
TR_89 Wed Day Trainee
TR_89 Sat Late Trainee
TR_89 Sun Late Trainee
TR_90 Sat Night Trainee
TR_90 Sun Night Trainee
TR_91 Mon Early Trainee
TR_91 Thu Early Trainee
TR_91 Fri Early Trainee
TR_91 Sat Early Trainee
TR_91 Sun Early Trainee
TR_92 Mon Late Trainee
TR_92 Tue Late Trainee
TR_93 Wed Early Trainee
TR_93 Thu Early Trainee
TR_93 Fri Early Trainee
TR_95 Sat Early Trainee
TR_95 Sun Early Trainee
TR_96 Tue Day Trainee
TR_96 Wed Day Trainee
TR_96 Thu Late Trainee
TR_96 Fri Late Trainee
TR_97 Mon Late Trainee
TR_97 Thu Night Trainee
TR_97 Fri Night Trainee
TR_97 Sat Night Trainee
TR_97 Sun Night Trainee
TR_98 Mon Late Trainee
TR_98 Tue Late Trainee
TR_98 Wed Late Trainee
TR_98 Thu Late Trainee
TR_99 Fri Day Trainee
TR_99 Sat Day Trainee
TR_99 Sun Day Trainee
TR_100 Mon Night Trainee
TR_100 Tue Night Trainee
TR_100 Wed Night Trainee
TR_100 Thu Night Trainee
TR_100 Fri Night Trainee
TR_101 Mon Early Trainee
TR_101 Thu Night Trainee
TR_101 Fri Night Trainee
TR_101 Sat Night Trainee
TR_101 Sun Night Trainee
TR_102 Mon Early Trainee
TR_102 Tue Early Trainee
TR_103 Wed Day Trainee
TR_103 Thu Day Trainee
TR_103 Fri Day Trainee
TR_104 Mon Night Trainee
TR_104 Tue Night Trainee
TR_104 Wed Night Trainee
TR_104 Thu Night Trainee
TR_104 Fri Night Trainee
TR_105 Tue Night Trainee
TR_105 Wed Night Trainee
TR_105 Thu Night Trainee
TR_105 Fri Night Trainee
TR_106 Mon Early Trainee
TR_106 Tue Early Trainee
TR_106 Wed Late Trainee
TR_106 Thu Late Trainee
TR_106 Fri Late Trainee
TR_107 Wed Early Trainee
TR_107 Thu Early Trainee
TR_107 Fri Day Trainee
TR_107 Sat Day Trainee
TR_107 Sun Early Trainee
TR_108 Mon Day Trainee
TR_108 Tue Day Trainee
TR_109 Tue Early Trainee
TR_109 Wed Early Trainee
TR_109 Thu Day Trainee
TR_109 Fri Day Trainee
