SOLUTION
2 n060w4

ASSIGNMENTS = 218
HN_0 Fri Night HeadNurse
HN_0 Sat Night HeadNurse
HN_0 Sun Night Nurse
HN_1 Mon Late HeadNurse
HN_1 Tue Late HeadNurse
HN_1 Fri Early HeadNurse
HN_1 Sat Early Nurse
HN_1 Sun Early HeadNurse
HN_2 Thu Day Nurse
HN_2 Fri Day Nurse
HN_2 Sat Late HeadNurse
HN_2 Sun Late HeadNurse
HN_3 Thu Day Nurse
HN_3 Fri Day Nurse
HN_3 Sat Day HeadNurse
HN_3 Sun Day HeadNurse
HN_4 Mon Early HeadNurse
HN_4 Tue Early Nurse
HN_4 Wed Early Nurse
HN_4 Thu Late HeadNurse
HN_4 Fri Late HeadNurse
HN_5 Mon Night HeadNurse
HN_5 Tue Night Nurse
HN_5 Wed Night Nurse
HN_5 Thu Night Nurse
HN_6 Mon Early Nurse
HN_6 Tue Early Nurse
HN_6 Wed Day HeadNurse
HN_6 Thu Day Nurse
HN_6 Fri Day Nurse
NU_7 Mon Night Nurse
NU_7 Tue Night Nurse
NU_7 Wed Night Nurse
NU_7 Thu Night Nurse
NU_7 Fri Night Nurse
NU_8 Mon Early Nurse
NU_8 Tue Early Nurse
NU_8 Wed Early Nurse
NU_8 Thu Early Nurse
NU_8 Fri Early Nurse
NU_9 Mon Early Nurse
NU_9 Tue Early Caretaker
NU_9 Wed Early Nurse
NU_9 Thu Early Nurse
NU_9 Fri Early Nurse
NU_10 Mon Day Nurse
NU_11 Thu Late Nurse
NU_11 Fri Late Nurse
NU_11 Sat Night Nurse
NU_11 Sun Night Caretaker
NU_12 Mon Night Nurse
NU_12 Tue Night Nurse
NU_12 Wed Night Nurse
NU_13 Mon Early Caretaker
NU_13 Tue Early Caretaker
NU_13 Wed Early Caretaker
NU_13 Sat Day Nurse
NU_13 Sun Day Nurse
NU_14 Mon Night Caretaker
NU_15 Sat Day Nurse
NU_15 Sun Day Caretaker
NU_16 Tue Late Nurse
NU_16 Wed Late Nurse
NU_16 Thu Late Nurse
NU_16 Fri Late Nurse
NU_17 Mon Day Nurse
NU_17 Tue Day Nurse
NU_17 Wed Late Caretaker
NU_17 Thu Late Nurse
NU_17 Fri Late Nurse
NU_18 Mon Night Caretaker
NU_18 Tue Night Caretaker
NU_18 Wed Night Caretaker
NU_18 Thu Night Nurse
NU_18 Fri Night Nurse
NU_19 Mon Late Nurse
NU_19 Tue Late Nurse
NU_20 Mon Day Nurse
NU_20 Tue Day Nurse
NU_21 Thu Early Caretaker
NU_21 Fri Early Nurse
NU_21 Sat Early Caretaker
NU_21 Sun Early Nurse
NU_22 Mon Day Caretaker
NU_22 Tue Day Nurse
NU_23 Tue Early Caretaker
NU_23 Wed Early Caretaker
NU_23 Thu Late Nurse
NU_23 Fri Late Caretaker
NU_24 Tue Day Nurse
NU_24 Wed Day Nurse
NU_24 Thu Day Caretaker
NU_24 Fri Day Caretaker
NU_25 Thu Day Caretaker
NU_25 Fri Day Caretaker
NU_25 Sat Late Nurse
NU_25 Sun Late Nurse
NU_26 Sat Late Caretaker
NU_26 Sun Late Nurse
NU_27 Mon Late Nurse
NU_27 Tue Late Caretaker
NU_27 Wed Late Caretaker
NU_27 Thu Late Caretaker
NU_27 Fri Late Caretaker
NU_28 Mon Early Caretaker
NU_28 Tue Early Caretaker
NU_28 Wed Early Caretaker
NU_28 Thu Early Caretaker
NU_28 Fri Early Caretaker
NU_29 Mon Day Caretaker
NU_29 Tue Day Caretaker
NU_29 Wed Day Nurse
NU_29 Sat Day Caretaker
NU_29 Sun Day Caretaker
NU_30 Tue Day Caretaker
NU_30 Wed Day Caretaker
NU_30 Thu Day Caretaker
NU_31 Mon Late Caretaker
NU_31 Tue Late Caretaker
NU_31 Wed Late Caretaker
NU_31 Sat Early Caretaker
NU_31 Sun Early Nurse
NU_32 Mon Early Caretaker
NU_32 Tue Early Caretaker
NU_32 Wed Early Caretaker
NU_32 Thu Day Caretaker
NU_32 Fri Day Caretaker
NU_33 Tue Night Caretaker
NU_33 Wed Night Caretaker
NU_33 Thu Night Caretaker
NU_33 Fri Night Nurse
NU_34 Sat Day Caretaker
NU_34 Sun Day Caretaker
NU_35 Wed Early Caretaker
NU_35 Thu Early Caretaker
NU_35 Fri Early Caretaker
NU_36 Fri Early Caretaker
NU_36 Sat Early Caretaker
NU_36 Sun Early Caretaker
CT_37 Mon Night Caretaker
CT_38 Fri Early Caretaker
CT_38 Sat Early Caretaker
CT_38 Sun Early Caretaker
CT_39 Mon Day Caretaker
CT_39 Tue Day Caretaker
CT_39 Wed Day Caretaker
CT_39 Thu Day Caretaker
CT_39 Fri Day Caretaker
CT_40 Tue Night Caretaker
CT_40 Wed Night Caretaker
CT_40 Thu Night Caretaker
CT_40 Fri Night Caretaker
CT_41 Wed Early Caretaker
CT_41 Thu Early Caretaker
CT_41 Fri Early Caretaker
CT_42 Mon Day Caretaker
CT_42 Tue Day Caretaker
CT_42 Wed Late Caretaker
CT_42 Thu Late Caretaker
CT_42 Fri Late Caretaker
CT_43 Tue Late Caretaker
CT_43 Wed Late Caretaker
CT_43 Thu Late Caretaker
CT_43 Fri Late Caretaker
CT_44 Mon Night Caretaker
CT_44 Tue Night Caretaker
CT_44 Wed Night Caretaker
CT_44 Thu Night Caretaker
CT_44 Fri Night Caretaker
CT_45 Mon Day Caretaker
CT_45 Tue Day Caretaker
CT_45 Wed Day Caretaker
CT_45 Sat Late Caretaker
CT_45 Sun Late Caretaker
CT_46 Mon Late Caretaker
CT_46 Tue Late Caretaker
CT_47 Mon Early Caretaker
CT_47 Tue Early Caretaker
CT_47 Wed Early Caretaker
CT_47 Thu Late Caretaker
CT_47 Fri Late Caretaker
CT_48 Mon Day Caretaker
CT_48 Tue Day Caretaker
CT_49 Fri Night Caretaker
CT_49 Sat Night Caretaker
CT_49 Sun Night Caretaker
CT_50 Mon Late Caretaker
CT_50 Tue Late Caretaker
CT_51 Mon Night Caretaker
CT_51 Tue Night Caretaker
CT_51 Wed Night Caretaker
CT_51 Thu Night Caretaker
CT_51 Fri Night Caretaker
TR_52 Thu Night Trainee
TR_52 Fri Night Trainee
TR_52 Sat Night Trainee
TR_52 Sun Night Trainee
TR_53 Mon Early Trainee
TR_53 Tue Early Trainee
TR_53 Wed Early Trainee
TR_54 Sat Late Trainee
TR_54 Sun Late Trainee
TR_55 Mon Day Trainee
TR_55 Tue Day Trainee
TR_55 Wed Day Trainee
TR_55 Thu Late Trainee
TR_55 Fri Late Trainee
TR_57 Thu Early Trainee
TR_57 Fri Early Trainee
TR_57 Sat Early Trainee
TR_57 Sun Early Trainee
TR_58 Mon Night Trainee
TR_58 Tue Night Trainee
TR_58 Wed Night Trainee
TR_58 Thu Night Trainee
TR_59 Mon Early Trainee
TR_59 Tue Late Trainee
TR_59 Wed Late Trainee
