SOLUTION
6 n100w8

ASSIGNMENTS = 316
HN_0 Mon Late Nurse
HN_0 Tue Late Nurse
HN_0 Wed Late HeadNurse
HN_2 Wed Night HeadNurse
HN_2 Thu Night HeadNurse
HN_2 Fri Night HeadNurse
HN_2 Sat Night Nurse
HN_2 Sun Night Nurse
HN_3 Wed Day HeadNurse
HN_3 Thu Day HeadNurse
HN_3 Fri Day HeadNurse
HN_4 Mon Early HeadNurse
HN_4 Tue Early Nurse
HN_4 Wed Early HeadNurse
HN_4 Thu Late HeadNurse
HN_4 Fri Late HeadNurse
HN_5 Fri Day Nurse
HN_5 Sat Day HeadNurse
HN_5 Sun Day Nurse
HN_6 Mon Early Nurse
HN_6 Tue Late Nurse
HN_6 Wed Late HeadNurse
HN_7 Mon Early Nurse
HN_7 Tue Early Nurse
HN_7 Wed Early HeadNurse
HN_9 Tue Day HeadNurse
HN_9 Wed Day Nurse
HN_9 Thu Late Nurse
HN_9 Fri Late Nurse
HN_11 Thu Day HeadNurse
HN_11 Fri Day Nurse
HN_11 Sat Late HeadNurse
HN_11 Sun Late HeadNurse
HN_12 Mon Day Nurse
HN_12 Tue Day HeadNurse
HN_13 Fri Day Nurse
HN_13 Sat Day HeadNurse
HN_13 Sun Early HeadNurse
HN_14 Mon Night HeadNurse
HN_14 Tue Night HeadNurse
HN_14 Fri Early HeadNurse
HN_14 Sat Early HeadNurse
HN_14 Sun Early Nurse
HN_15 Mon Day Nurse
HN_15 Tue Day Nurse
HN_15 Wed Early Nurse
HN_15 Thu Early Nurse
HN_15 Fri Early Nurse
NU_16 Mon Night Nurse
NU_16 Tue Night Nurse
NU_16 Wed Night Nurse
NU_16 Thu Night Nurse
NU_17 Tue Day Nurse
NU_17 Wed Day Nurse
NU_17 Thu Late Caretaker
NU_17 Fri Late Nurse
NU_18 Mon Night Caretaker
NU_18 Thu Early Nurse
NU_18 Fri Early Nurse
NU_18 Sat Late Nurse
NU_18 Sun Late Nurse
NU_19 Sat Early Nurse
NU_19 Sun Early Caretaker
NU_20 Mon Night Caretaker
NU_20 Tue Night Nurse
NU_20 Wed Night Nurse
NU_20 Thu Night Nurse
NU_21 Mon Early Caretaker
NU_21 Tue Early Caretaker
NU_21 Wed Day Nurse
NU_21 Thu Day Nurse
NU_21 Fri Day Caretaker
NU_22 Mon Late Nurse
NU_22 Tue Late Nurse
NU_25 Tue Night Caretaker
NU_25 Wed Night Caretaker
NU_25 Thu Night Nurse
NU_25 Fri Night Nurse
NU_26 Fri Night Nurse
NU_26 Sat Night Nurse
NU_26 Sun Night Caretaker
NU_27 Mon Late Caretaker
NU_27 Tue Late Caretaker
NU_27 Wed Late Nurse
NU_28 Thu Early Nurse
NU_28 Fri Early Nurse
NU_28 Sat Day Nurse
NU_28 Sun Day Caretaker
NU_29 Thu Day Nurse
NU_29 Fri Day Caretaker
NU_30 Mon Late Caretaker
NU_30 Tue Late Caretaker
NU_30 Fri Late Nurse
NU_30 Sat Late Caretaker
NU_30 Sun Late Nurse
NU_31 Mon Night Caretaker
NU_31 Thu Night Caretaker
NU_31 Fri Night Caretaker
NU_31 Sat Night Caretaker
NU_31 Sun Night Caretaker
NU_32 Mon Late Caretaker
NU_32 Tue Late Caretaker
NU_32 Wed Late Nurse
NU_33 Tue Early Caretaker
NU_33 Wed Early Nurse
NU_33 Thu Early Caretaker
NU_33 Fri Early Caretaker
NU_34 Tue Day Nurse
NU_34 Wed Day Caretaker
NU_34 Thu Day Caretaker
CT_35 Mon Day Caretaker
CT_35 Tue Day Caretaker
CT_35 Wed Late Caretaker
CT_35 Thu Late Caretaker
CT_35 Fri Late Caretaker
CT_36 Fri Late Caretaker
CT_36 Sat Late Caretaker
CT_36 Sun Late Caretaker
CT_37 Tue Day Caretaker
CT_37 Wed Day Caretaker
CT_37 Thu Day Caretaker
CT_37 Fri Day Caretaker
CT_38 Mon Night Caretaker
CT_38 Tue Night Caretaker
CT_38 Fri Day Caretaker
CT_38 Sat Day Caretaker
CT_38 Sun Day Caretaker
CT_39 Tue Night Caretaker
CT_39 Wed Night Caretaker
CT_39 Thu Night Caretaker
CT_39 Fri Night Caretaker
CT_40 Mon Early Caretaker
CT_40 Tue Early Caretaker
CT_40 Wed Late Caretaker
CT_40 Thu Late Caretaker
CT_40 Fri Late Caretaker
CT_41 Tue Day Caretaker
CT_41 Wed Day Caretaker
CT_42 Tue Early Caretaker
CT_42 Wed Early Caretaker
CT_42 Thu Day Caretaker
CT_42 Fri Day Caretaker
CT_43 Tue Night Caretaker
CT_43 Wed Night Caretaker
CT_43 Thu Night Caretaker
CT_43 Fri Night Caretaker
CT_44 Mon Day Caretaker
CT_44 Tue Day Caretaker
CT_44 Wed Day Caretaker
CT_44 Sat Night Caretaker
CT_44 Sun Night Caretaker
CT_45 Thu Late Caretaker
CT_45 Fri Late Caretaker
CT_46 Mon Early Caretaker
CT_46 Tue Early Caretaker
CT_46 Fri Early Caretaker
CT_46 Sat Early Caretaker
CT_46 Sun Day Caretaker
CT_48 Mon Late Caretaker
CT_48 Sat Early Caretaker
CT_48 Sun Early Caretaker
CT_49 Sat Late Caretaker
CT_49 Sun Late Caretaker
CT_50 Mon Early Caretaker
CT_50 Tue Early Caretaker
CT_50 Wed Early Caretaker
CT_50 Sat Early Caretaker
CT_50 Sun Early Caretaker
CT_51 Tue Day Caretaker
CT_51 Wed Day Caretaker
CT_51 Thu Day Caretaker
CT_51 Fri Day Caretaker
CT_52 Mon Day Caretaker
CT_52 Tue Day Caretaker
CT_52 Wed Early Caretaker
CT_52 Thu Early Caretaker
CT_52 Fri Early Caretaker
CT_53 Sat Early Caretaker
CT_53 Sun Early Caretaker
CT_54 Mon Night Caretaker
CT_54 Tue Night Caretaker
CT_56 Wed Early Caretaker
CT_56 Thu Early Caretaker
CT_56 Fri Early Caretaker
CT_57 Mon Day Caretaker
CT_57 Tue Day Caretaker
CT_57 Wed Day Caretaker
CT_57 Thu Day Caretaker
CT_58 Tue Night Caretaker
CT_58 Wed Night Caretaker
CT_58 Thu Night Caretaker
CT_58 Fri Night Caretaker
CT_59 Tue Late Caretaker
CT_59 Wed Late Caretaker
CT_60 Mon Late Caretaker
CT_60 Thu Night Caretaker
CT_60 Fri Night Caretaker
CT_60 Sat Night Caretaker
CT_60 Sun Night Caretaker
CT_61 Mon Late Caretaker
CT_61 Tue Late Caretaker
CT_61 Wed Late Caretaker
CT_62 Mon Late Caretaker
CT_62 Thu Night Caretaker
CT_62 Fri Night Caretaker
CT_62 Sat Night Caretaker
CT_62 Sun Night Caretaker
CT_63 Wed Early Caretaker
CT_63 Thu Early Caretaker
CT_63 Fri Early Caretaker
CT_64 Mon Night Caretaker
CT_64 Tue Night Caretaker
CT_64 Wed Night Caretaker
CT_64 Thu Night Caretaker
CT_65 Thu Day Caretaker
CT_65 Fri Day Caretaker
CT_65 Sat Day Caretaker
CT_65 Sun Day Caretaker
CT_66 Mon Late Caretaker
CT_66 Sat Day Caretaker
CT_66 Sun Day Caretaker
CT_68 Thu Early Caretaker
CT_68 Fri Early Caretaker
CT_69 Wed Day Caretaker
CT_69 Thu Day Caretaker
CT_69 Fri Day Caretaker
CT_70 Mon Day Caretaker
CT_70 Tue Day Caretaker
CT_70 Wed Day Caretaker
CT_71 Sat Late Caretaker
CT_71 Sun Late Caretaker
CT_72 Tue Late Caretaker
CT_72 Wed Late Caretaker
CT_72 Thu Late Caretaker
CT_72 Fri Late Caretaker
CT_73 Mon Day Caretaker
CT_73 Tue Late Caretaker
CT_73 Wed Late Caretaker
CT_74 Mon Early Caretaker
CT_74 Tue Early Caretaker
CT_74 Wed Early Caretaker
CT_74 Thu Late Caretaker
CT_74 Fri Late Caretaker
TR_75 Mon Early Trainee
TR_75 Tue Early Trainee
TR_75 Wed Late Trainee
TR_75 Thu Late Trainee
TR_76 Mon Night Trainee
TR_76 Tue Night Trainee
TR_76 Wed Night Trainee
TR_76 Thu Night Trainee
TR_77 Sat Early Trainee
TR_77 Sun Early Trainee
TR_78 Mon Late Trainee
TR_78 Tue Late Trainee
TR_79 Mon Late Trainee
TR_79 Tue Late Trainee
TR_80 Sat Day Trainee
TR_80 Sun Day Trainee
TR_81 Thu Day Trainee
TR_81 Fri Day Trainee
TR_81 Sat Late Trainee
TR_81 Sun Late Trainee
TR_82 Mon Night Trainee
TR_82 Tue Night Trainee
TR_82 Wed Night Trainee
TR_83 Mon Early Trainee
TR_83 Tue Early Trainee
TR_83 Wed Early Trainee
TR_83 Thu Late Trainee
TR_83 Fri Late Trainee
TR_84 Mon Day Trainee
TR_84 Tue Day Trainee
TR_84 Wed Day Trainee
TR_85 Mon Late Trainee
TR_85 Tue Late Trainee
TR_86 Mon Day Trainee
TR_86 Tue Day Trainee
TR_87 Thu Late Trainee
TR_87 Fri Late Trainee
TR_88 Mon Late Trainee
TR_88 Tue Late Trainee
TR_88 Wed Late Trainee
TR_88 Sat Late Trainee
TR_88 Sun Late Trainee
TR_90 Tue Day Trainee
TR_90 Wed Day Trainee
TR_90 Thu Early Trainee
TR_90 Fri Early Trainee
TR_91 Wed Late Trainee
TR_91 Thu Late Trainee
TR_91 Fri Night Trainee
TR_91 Sat Night Trainee
TR_91 Sun Night Trainee
TR_92 Mon Night Trainee
TR_92 Tue Night Trainee
TR_92 Wed Night Trainee
TR_93 Tue Night Trainee
TR_93 Wed Night Trainee
TR_93 Thu Night Trainee
TR_93 Fri Night Trainee
TR_94 Thu Day Trainee
TR_94 Fri Day Trainee
TR_96 Thu Night Trainee
TR_96 Fri Night Trainee
TR_96 Sat Night Trainee
TR_96 Sun Night Trainee
TR_97 Tue Day Trainee
TR_97 Wed Day Trainee
TR_97 Thu Early Trainee
TR_97 Fri Early Trainee
TR_98 Thu Day Trainee
TR_98 Fri Day Trainee
TR_99 Fri Early Trainee
TR_99 Sat Early Trainee
TR_99 Sun Early Trainee
