SOLUTION
0 n100w8

ASSIGNMENTS = 323
HN_0 Wed Late HeadNurse
HN_0 Thu Late HeadNurse
HN_0 Fri Late HeadNurse
HN_1 Wed Day Nurse
HN_1 Thu Day HeadNurse
HN_1 Fri Day HeadNurse
HN_2 Mon Early HeadNurse
HN_2 Sat Night Nurse
HN_2 Sun Night HeadNurse
HN_3 Sat Late HeadNurse
HN_3 Sun Late HeadNurse
HN_4 Mon Early Nurse
HN_4 Tue Early Nurse
HN_4 Fri Early HeadNurse
HN_4 Sat Early HeadNurse
HN_4 Sun Day Nurse
HN_5 Tue Day HeadNurse
HN_5 Wed Day Nurse
HN_5 Thu Day HeadNurse
HN_6 Mon Night HeadNurse
HN_6 Tue Night HeadNurse
HN_6 Wed Night HeadNurse
HN_6 Thu Night HeadNurse
HN_7 Sat Early HeadNurse
HN_7 Sun Early Nurse
HN_8 Wed Early HeadNurse
HN_8 Thu Early Nurse
HN_8 Fri Early Nurse
HN_9 Mon Night Nurse
HN_9 Thu Night Nurse
HN_9 Fri Night HeadNurse
HN_9 Sat Night Nurse
HN_9 Sun Night Nurse
HN_10 Tue Day HeadNurse
HN_10 Wed Day Nurse
HN_11 Wed Day Nurse
HN_11 Thu Day Nurse
HN_11 Fri Day Nurse
HN_12 Mon Day Nurse
HN_12 Tue Day Nurse
HN_13 Tue Late HeadNurse
HN_13 Wed Late HeadNurse
HN_13 Thu Late Nurse
HN_13 Fri Late Nurse
HN_14 Mon Late Nurse
HN_14 Fri Early Nurse
HN_14 Sat Early Nurse
HN_14 Sun Early Nurse
HN_15 Mon Day Nurse
HN_15 Tue Day Nurse
HN_15 Fri Day Nurse
HN_15 Sat Day HeadNurse
HN_15 Sun Late Nurse
NU_16 Fri Day Nurse
NU_16 Sat Day Nurse
NU_16 Sun Night Nurse
NU_17 Wed Early Nurse
NU_17 Thu Early Nurse
NU_17 Fri Late Nurse
NU_17 Sat Late Nurse
NU_17 Sun Late Nurse
NU_18 Wed Late Nurse
NU_18 Thu Late Caretaker
NU_18 Fri Late Nurse
NU_19 Mon Late Nurse
NU_19 Tue Late Nurse
NU_20 Mon Night Caretaker
NU_20 Tue Night Nurse
NU_20 Sat Night Caretaker
NU_20 Sun Night Caretaker
NU_21 Mon Day Caretaker
NU_21 Thu Night Nurse
NU_21 Fri Night Nurse
NU_21 Sat Night Caretaker
NU_21 Sun Night Caretaker
NU_22 Mon Early Nurse
NU_22 Tue Early Nurse
NU_23 Mon Early Caretaker
NU_23 Tue Early Caretaker
NU_24 Mon Day Caretaker
NU_24 Tue Day Nurse
NU_25 Tue Night Nurse
NU_25 Wed Night Nurse
NU_25 Thu Night Nurse
NU_25 Fri Night Nurse
NU_26 Mon Late Caretaker
NU_26 Tue Late Nurse
NU_26 Wed Late Nurse
NU_27 Tue Night Caretaker
NU_27 Wed Night Nurse
NU_27 Thu Night Caretaker
NU_27 Fri Night Caretaker
NU_28 Wed Day Caretaker
NU_28 Thu Day Nurse
NU_28 Fri Day Caretaker
NU_29 Tue Late Nurse
NU_29 Wed Late Caretaker
NU_30 Tue Day Caretaker
NU_30 Wed Day Caretaker
NU_30 Thu Day Caretaker
NU_30 Fri Day Caretaker
NU_31 Tue Early Caretaker
NU_31 Wed Early Nurse
NU_31 Thu Late Caretaker
NU_31 Fri Late Caretaker
NU_32 Mon Late Caretaker
NU_32 Tue Late Caretaker
NU_32 Wed Late Caretaker
NU_33 Wed Early Caretaker
NU_33 Thu Early Nurse
NU_33 Fri Early Nurse
NU_33 Sat Late Caretaker
NU_33 Sun Late Caretaker
NU_34 Sat Early Caretaker
NU_34 Sun Early Caretaker
CT_35 Mon Early Caretaker
CT_35 Tue Early Caretaker
CT_35 Fri Night Caretaker
CT_35 Sat Night Caretaker
CT_35 Sun Night Caretaker
CT_36 Mon Late Caretaker
CT_36 Tue Late Caretaker
CT_36 Wed Late Caretaker
CT_37 Mon Early Caretaker
CT_37 Tue Early Caretaker
CT_37 Wed Early Caretaker
CT_37 Sat Night Caretaker
CT_37 Sun Night Caretaker
CT_38 Mon Day Caretaker
CT_38 Tue Day Caretaker
CT_38 Fri Late Caretaker
CT_38 Sat Late Caretaker
CT_38 Sun Late Caretaker
CT_39 Fri Early Caretaker
CT_39 Sat Early Caretaker
CT_39 Sun Day Caretaker
CT_40 Wed Early Caretaker
CT_40 Thu Early Caretaker
CT_40 Fri Early Caretaker
CT_41 Mon Late Caretaker
CT_41 Tue Late Caretaker
CT_42 Mon Night Caretaker
CT_42 Thu Day Caretaker
CT_42 Fri Day Caretaker
CT_42 Sat Day Caretaker
CT_42 Sun Early Caretaker
CT_43 Wed Day Caretaker
CT_43 Thu Day Caretaker
CT_43 Fri Day Caretaker
CT_43 Sat Day Caretaker
CT_43 Sun Day Caretaker
CT_44 Mon Night Caretaker
CT_44 Fri Day Caretaker
CT_44 Sat Day Caretaker
CT_44 Sun Day Caretaker
CT_45 Mon Late Caretaker
CT_45 Tue Late Caretaker
CT_46 Wed Early Caretaker
CT_46 Thu Early Caretaker
CT_46 Fri Early Caretaker
CT_47 Tue Day Caretaker
CT_47 Wed Day Caretaker
CT_47 Thu Day Caretaker
CT_48 Mon Night Caretaker
CT_48 Tue Night Caretaker
CT_48 Wed Night Caretaker
CT_48 Thu Night Caretaker
CT_49 Mon Early Caretaker
CT_49 Tue Early Caretaker
CT_50 Mon Early Caretaker
CT_50 Tue Early Caretaker
CT_50 Sat Early Caretaker
CT_50 Sun Early Caretaker
CT_51 Tue Night Caretaker
CT_51 Wed Night Caretaker
CT_51 Thu Night Caretaker
CT_51 Fri Night Caretaker
CT_52 Mon Day Caretaker
CT_52 Tue Day Caretaker
CT_52 Wed Early Caretaker
CT_52 Thu Early Caretaker
CT_52 Fri Early Caretaker
CT_53 Mon Late Caretaker
CT_53 Tue Late Caretaker
CT_54 Wed Day Caretaker
CT_54 Thu Day Caretaker
CT_54 Fri Day Caretaker
CT_55 Mon Day Caretaker
CT_55 Tue Day Caretaker
CT_56 Fri Late Caretaker
CT_56 Sat Late Caretaker
CT_56 Sun Late Caretaker
CT_57 Tue Day Caretaker
CT_57 Wed Day Caretaker
CT_57 Thu Late Caretaker
CT_57 Fri Late Caretaker
CT_58 Tue Late Caretaker
CT_58 Wed Late Caretaker
CT_58 Thu Late Caretaker
CT_58 Fri Late Caretaker
CT_59 Tue Early Caretaker
CT_59 Wed Early Caretaker
CT_60 Mon Night Caretaker
CT_60 Tue Night Caretaker
CT_60 Wed Night Caretaker
CT_60 Thu Night Caretaker
CT_61 Tue Day Caretaker
CT_61 Wed Day Caretaker
CT_61 Thu Day Caretaker
CT_61 Fri Day Caretaker
CT_62 Wed Late Caretaker
CT_62 Thu Late Caretaker
CT_62 Fri Late Caretaker
CT_63 Mon Late Caretaker
CT_63 Tue Late Caretaker
CT_64 Tue Night Caretaker
CT_64 Wed Night Caretaker
CT_64 Thu Night Caretaker
CT_64 Fri Night Caretaker
CT_65 Mon Late Caretaker
CT_66 Tue Day Caretaker
CT_66 Wed Day Caretaker
CT_66 Thu Early Caretaker
CT_66 Fri Early Caretaker
CT_67 Wed Late Caretaker
CT_67 Thu Late Caretaker
CT_68 Sat Early Caretaker
CT_68 Sun Early Caretaker
CT_69 Sat Late Caretaker
CT_69 Sun Late Caretaker
CT_70 Mon Day Caretaker
CT_71 Thu Early Caretaker
CT_71 Fri Early Caretaker
CT_72 Wed Day Caretaker
CT_72 Thu Day Caretaker
CT_72 Fri Day Caretaker
CT_72 Sat Day Caretaker
CT_72 Sun Day Caretaker
CT_73 Tue Night Caretaker
CT_73 Wed Night Caretaker
CT_73 Thu Night Caretaker
CT_73 Fri Night Caretaker
CT_74 Mon Night Caretaker
CT_74 Tue Night Caretaker
CT_74 Wed Night Caretaker
CT_74 Thu Night Caretaker
CT_74 Fri Night Caretaker
TR_75 Tue Night Trainee
TR_75 Wed Night Trainee
TR_75 Thu Night Trainee
TR_75 Fri Night Trainee
TR_76 Tue Day Trainee
TR_76 Wed Day Trainee
TR_76 Thu Day Trainee
TR_76 Fri Day Trainee
TR_77 Mon Day Trainee
TR_77 Tue Day Trainee
TR_77 Wed Day Trainee
TR_78 Mon Late Trainee
TR_78 Tue Late Trainee
TR_79 Thu Late Trainee
TR_79 Fri Late Trainee
TR_80 Wed Early Trainee
TR_80 Thu Early Trainee
TR_81 Mon Night Trainee
TR_81 Tue Night Trainee
TR_81 Wed Night Trainee
TR_82 Mon Night Trainee
TR_82 Tue Night Trainee
TR_82 Wed Night Trainee
TR_82 Thu Night Trainee
TR_83 Mon Day Trainee
TR_83 Tue Day Trainee
TR_83 Wed Late Trainee
TR_83 Thu Late Trainee
TR_84 Sat Day Trainee
TR_84 Sun Day Trainee
TR_85 Tue Late Trainee
TR_85 Wed Late Trainee
TR_85 Thu Late Trainee
TR_86 Thu Early Trainee
TR_86 Fri Early Trainee
TR_87 Sat Early Trainee
TR_87 Sun Early Trainee
TR_88 Mon Early Trainee
TR_88 Tue Early Trainee
TR_88 Fri Early Trainee
TR_88 Sat Early Trainee
TR_88 Sun Early Trainee
TR_89 Tue Night Trainee
TR_89 Wed Night Trainee
TR_89 Thu Night Trainee
TR_89 Fri Night Trainee
TR_90 Wed Day Trainee
TR_90 Thu Day Trainee
TR_90 Fri Day Trainee
TR_90 Sat Late Trainee
TR_90 Sun Late Trainee
TR_91 Mon Early Trainee
TR_91 Tue Early Trainee
TR_91 Sat Night Trainee
TR_91 Sun Night Trainee
TR_92 Tue Day Trainee
TR_92 Wed Day Trainee
TR_92 Thu Early Trainee
TR_92 Fri Early Trainee
TR_93 Fri Night Trainee
TR_93 Sat Night Trainee
TR_93 Sun Night Trainee
TR_94 Mon Late Trainee
TR_95 Mon Late Trainee
TR_95 Tue Late Trainee
TR_96 Mon Late Trainee
TR_96 Tue Late Trainee
TR_96 Wed Late Trainee
TR_96 Thu Late Trainee
TR_96 Fri Late Trainee
TR_97 Sat Late Trainee
TR_97 Sun Late Trainee
TR_98 Thu Day Trainee
TR_98 Fri Day Trainee
TR_99 Mon Night Trainee
TR_99 Tue Night Trainee
