SOLUTION
2 n080w4

ASSIGNMENTS = 295
HN_0 Mon Early HeadNurse
HN_0 Tue Early Nurse
HN_0 Wed Early HeadNurse
HN_0 Thu Early HeadNurse
HN_1 Mon Early Nurse
HN_1 Tue Early Nurse
HN_1 Wed Early HeadNurse
HN_1 Sat Day HeadNurse
HN_1 Sun Day HeadNurse
HN_2 Mon Late HeadNurse
HN_2 Tue Late HeadNurse
HN_3 Mon Late HeadNurse
HN_3 Tue Late Nurse
HN_3 Wed Late HeadNurse
HN_3 Thu Late Nurse
HN_3 Fri Late HeadNurse
HN_4 Thu Day Nurse
HN_4 Fri Day Nurse
HN_4 Sat Day Nurse
HN_4 Sun Late HeadNurse
HN_5 Mon Night HeadNurse
HN_5 Tue Night HeadNurse
HN_6 Wed Early Nurse
HN_6 Thu Early HeadNurse
HN_6 Fri Early HeadNurse
HN_7 Mon Day Nurse
HN_7 Tue Day HeadNurse
HN_7 Wed Day HeadNurse
HN_7 Sat Night HeadNurse
HN_7 Sun Night HeadNurse
HN_8 Mon Night Nurse
HN_8 Tue Night Nurse
HN_8 Wed Night HeadNurse
HN_8 Thu Night Nurse
HN_8 Fri Night HeadNurse
HN_9 Tue Day Nurse
HN_9 Wed Day Nurse
HN_9 Thu Early Nurse
HN_9 Fri Early Nurse
NU_10 Mon Late Nurse
NU_10 Tue Late Nurse
NU_10 Wed Late Nurse
NU_10 Thu Late Caretaker
NU_10 Fri Late Nurse
NU_11 Wed Day Nurse
NU_11 Thu Day Nurse
NU_11 Fri Day Caretaker
NU_11 Sat Early Nurse
NU_11 Sun Early Nurse
NU_12 Mon Early Nurse
NU_12 Tue Early Caretaker
NU_13 Fri Night Nurse
NU_13 Sat Night Nurse
NU_13 Sun Night Nurse
NU_14 Thu Late Caretaker
NU_14 Fri Late Nurse
NU_14 Sat Late Nurse
NU_14 Sun Late Nurse
NU_15 Thu Early Nurse
NU_15 Fri Early Caretaker
NU_15 Sat Day Caretaker
NU_15 Sun Day Nurse
NU_16 Mon Night Nurse
NU_17 Mon Day Caretaker
NU_17 Tue Day Nurse
NU_17 Fri Early Caretaker
NU_17 Sat Early Caretaker
NU_17 Sun Early Caretaker
NU_18 Tue Night Nurse
NU_18 Wed Night Nurse
NU_18 Thu Night Nurse
NU_18 Fri Night Nurse
NU_19 Wed Early Nurse
NU_19 Thu Early Caretaker
NU_19 Fri Early Caretaker
CT_20 Fri Late Caretaker
CT_20 Sat Late Caretaker
CT_20 Sun Late Caretaker
CT_21 Mon Night Caretaker
CT_21 Tue Night Caretaker
CT_21 Wed Night Caretaker
CT_21 Thu Night Caretaker
CT_21 Fri Night Caretaker
CT_22 Tue Early Caretaker
CT_22 Wed Early Caretaker
CT_22 Thu Early Caretaker
CT_23 Mon Early Caretaker
CT_23 Tue Early Caretaker
CT_23 Wed Day Caretaker
CT_23 Thu Day Caretaker
CT_24 Mon Late Caretaker
CT_24 Tue Late Caretaker
CT_24 Wed Late Caretaker
CT_24 Thu Late Caretaker
CT_24 Fri Late Caretaker
CT_25 Thu Day Caretaker
CT_25 Fri Day Caretaker
CT_25 Sat Day Caretaker
CT_25 Sun Day Caretaker
CT_26 Wed Day Caretaker
CT_26 Thu Day Caretaker
CT_26 Fri Day Caretaker
CT_27 Wed Day Caretaker
CT_27 Thu Day Caretaker
CT_27 Fri Day Caretaker
CT_28 Thu Early Caretaker
CT_28 Fri Early Caretaker
CT_28 Sat Late Caretaker
CT_28 Sun Late Caretaker
CT_29 Mon Day Caretaker
CT_29 Tue Day Caretaker
CT_29 Wed Day Caretaker
CT_29 Thu Day Caretaker
CT_30 Mon Day Caretaker
CT_30 Tue Day Caretaker
CT_30 Wed Early Caretaker
CT_30 Thu Early Caretaker
CT_31 Mon Night Caretaker
CT_32 Mon Night Caretaker
CT_32 Tue Night Caretaker
CT_32 Wed Night Caretaker
CT_32 Thu Night Caretaker
CT_32 Fri Night Caretaker
CT_33 Mon Day Caretaker
CT_33 Tue Day Caretaker
CT_34 Tue Late Caretaker
CT_34 Wed Late Caretaker
CT_34 Thu Late Caretaker
CT_34 Fri Late Caretaker
CT_35 Mon Night Caretaker
CT_35 Tue Night Caretaker
CT_35 Wed Night Caretaker
CT_35 Thu Night Caretaker
CT_35 Fri Night Caretaker
CT_36 Mon Day Caretaker
CT_36 Tue Day Caretaker
CT_36 Wed Early Caretaker
CT_36 Thu Early Caretaker
CT_36 Fri Early Caretaker
CT_37 Mon Night Caretaker
CT_37 Tue Night Caretaker
CT_37 Wed Night Caretaker
CT_37 Thu Night Caretaker
CT_37 Fri Night Caretaker
CT_38 Mon Night Caretaker
CT_38 Tue Night Caretaker
CT_38 Wed Night Caretaker
CT_38 Thu Night Caretaker
CT_38 Fri Night Caretaker
CT_39 Mon Night Caretaker
CT_39 Tue Night Caretaker
CT_39 Wed Night Caretaker
CT_39 Sat Night Caretaker
CT_39 Sun Night Caretaker
CT_40 Wed Day Caretaker
CT_40 Thu Day Caretaker
CT_40 Fri Day Caretaker
CT_41 Tue Late Caretaker
CT_41 Wed Late Caretaker
CT_41 Thu Late Caretaker
CT_41 Fri Late Caretaker
CT_42 Mon Day Caretaker
CT_42 Tue Day Caretaker
CT_42 Wed Early Caretaker
CT_42 Thu Early Caretaker
CT_42 Fri Early Caretaker
CT_43 Thu Day Caretaker
CT_43 Fri Day Caretaker
CT_43 Sat Day Caretaker
CT_43 Sun Day Caretaker
CT_44 Mon Early Caretaker
CT_44 Tue Early Caretaker
CT_44 Wed Late Caretaker
CT_44 Thu Late Caretaker
CT_44 Fri Late Caretaker
CT_45 Mon Early Caretaker
CT_45 Tue Early Caretaker
CT_46 Mon Late Caretaker
CT_46 Tue Late Caretaker
CT_46 Wed Late Caretaker
CT_46 Thu Late Caretaker
CT_46 Fri Late Caretaker
CT_47 Mon Early Caretaker
CT_47 Tue Early Caretaker
CT_47 Wed Early Caretaker
CT_47 Sat Late Caretaker
CT_47 Sun Late Caretaker
CT_48 Mon Early Caretaker
CT_48 Tue Early Caretaker
CT_48 Wed Early Caretaker
CT_48 Thu Day Caretaker
CT_48 Fri Day Caretaker
CT_49 Mon Day Caretaker
CT_49 Tue Day Caretaker
CT_49 Wed Day Caretaker
CT_49 Sat Early Caretaker
CT_49 Sun Early Caretaker
CT_50 Fri Night Caretaker
CT_50 Sat Night Caretaker
CT_50 Sun Night Caretaker
CT_51 Mon Night Caretaker
CT_52 Mon Late Caretaker
CT_52 Tue Late Caretaker
CT_53 Mon Late Caretaker
CT_53 Tue Late Caretaker
CT_53 Wed Late Caretaker
CT_53 Thu Late Caretaker
CT_53 Fri Late Caretaker
CT_54 Mon Late Caretaker
CT_54 Tue Late Caretaker
CT_54 Wed Late Caretaker
CT_54 Sat Night Caretaker
CT_54 Sun Night Caretaker
CT_55 Wed Early Caretaker
CT_55 Thu Early Caretaker
CT_55 Fri Early Caretaker
CT_55 Sat Early Caretaker
CT_55 Sun Day Caretaker
CT_56 Mon Day Caretaker
CT_56 Tue Day Caretaker
CT_56 Wed Day Caretaker
CT_56 Sat Early Caretaker
CT_56 Sun Early Caretaker
CT_57 Wed Early Caretaker
CT_57 Thu Early Caretaker
CT_57 Fri Early Caretaker
CT_58 Mon Night Caretaker
CT_58 Tue Night Caretaker
CT_58 Wed Night Caretaker
CT_59 Mon Late Caretaker
CT_59 Tue Late Caretaker
TR_60 Thu Day Trainee
TR_60 Fri Day Trainee
TR_60 Sat Day Trainee
TR_60 Sun Day Trainee
TR_61 Mon Late Trainee
TR_61 Tue Late Trainee
TR_62 Mon Night Trainee
TR_62 Tue Night Trainee
TR_62 Wed Night Trainee
TR_62 Thu Night Trainee
TR_62 Fri Night Trainee
TR_63 Tue Late Trainee
TR_63 Wed Late Trainee
TR_63 Thu Late Trainee
TR_63 Fri Late Trainee
TR_64 Thu Night Trainee
TR_64 Fri Night Trainee
TR_64 Sat Night Trainee
TR_64 Sun Night Trainee
TR_65 Tue Day Trainee
TR_65 Wed Day Trainee
TR_65 Thu Day Trainee
TR_67 Mon Day Trainee
TR_67 Tue Day Trainee
TR_67 Wed Day Trainee
TR_67 Thu Day Trainee
TR_68 Fri Late Trainee
TR_68 Sat Late Trainee
TR_68 Sun Late Trainee
TR_69 Mon Early Trainee
TR_69 Tue Early Trainee
TR_70 Tue Night Trainee
TR_70 Wed Night Trainee
TR_70 Thu Night Trainee
TR_70 Fri Night Trainee
TR_71 Wed Early Trainee
TR_71 Thu Early Trainee
TR_71 Fri Early Trainee
TR_72 Mon Late Trainee
TR_72 Tue Late Trainee
TR_72 Wed Late Trainee
TR_72 Thu Late Trainee
TR_72 Fri Late Trainee
TR_73 Fri Day Trainee
TR_73 Sat Day Trainee
TR_73 Sun Day Trainee
TR_74 Fri Night Trainee
TR_74 Sat Night Trainee
TR_74 Sun Night Trainee
TR_75 Mon Night Trainee
TR_76 Mon Early Trainee
TR_76 Tue Early Trainee
TR_76 Wed Late Trainee
TR_76 Thu Late Trainee
TR_76 Fri Late Trainee
TR_77 Mon Day Trainee
TR_77 Tue Day Trainee
TR_77 Wed Early Trainee
TR_77 Thu Early Trainee
TR_78 Mon Night Trainee
TR_78 Fri Early Trainee
TR_78 Sat Early Trainee
TR_78 Sun Late Trainee
TR_79 Mon Late Trainee
