SOLUTION
1 n080w4

ASSIGNMENTS = 297
HN_0 Mon Late HeadNurse
HN_0 Tue Late HeadNurse
HN_1 Mon Early HeadNurse
HN_1 Tue Early Nurse
HN_1 Wed Early HeadNurse
HN_1 Thu Early HeadNurse
HN_1 Fri Early HeadNurse
HN_2 Sat Late Nurse
HN_2 Sun Late HeadNurse
HN_3 Mon Day Nurse
HN_3 Tue Day HeadNurse
HN_4 Mon Night HeadNurse
HN_4 Tue Night HeadNurse
HN_4 Wed Night HeadNurse
HN_4 Thu Night Nurse
HN_4 Fri Night HeadNurse
HN_5 Sat Night HeadNurse
HN_5 Sun Night HeadNurse
HN_6 Wed Early HeadNurse
HN_6 Thu Early HeadNurse
HN_6 Fri Day Nurse
HN_6 Sat Day HeadNurse
HN_6 Sun Day HeadNurse
HN_7 Mon Late HeadNurse
HN_7 Tue Late Nurse
HN_7 Wed Late HeadNurse
HN_7 Thu Late Nurse
HN_7 Fri Late HeadNurse
HN_8 Mon Early Nurse
HN_8 Tue Early Nurse
HN_8 Wed Early Nurse
HN_9 Tue Day Nurse
HN_9 Wed Day HeadNurse
HN_9 Thu Day Nurse
NU_10 Wed Early Nurse
NU_10 Thu Early Nurse
NU_10 Fri Early Nurse
NU_11 Mon Early Nurse
NU_11 Tue Early Caretaker
NU_11 Wed Day Nurse
NU_11 Thu Day Nurse
NU_12 Thu Day Caretaker
NU_12 Fri Day Caretaker
NU_12 Sat Day Nurse
NU_12 Sun Early Nurse
NU_13 Tue Early Caretaker
NU_13 Wed Early Caretaker
NU_13 Thu Early Nurse
NU_13 Fri Early Caretaker
NU_14 Mon Night Nurse
NU_14 Tue Night Nurse
NU_14 Wed Night Nurse
NU_14 Thu Night Nurse
NU_14 Fri Night Nurse
NU_15 Tue Late Nurse
NU_15 Wed Late Nurse
NU_15 Thu Late Caretaker
NU_15 Fri Late Nurse
NU_16 Fri Night Nurse
NU_16 Sat Night Nurse
NU_16 Sun Night Nurse
NU_17 Mon Day Caretaker
NU_17 Tue Day Nurse
NU_17 Wed Day Nurse
NU_17 Sat Day Caretaker
NU_17 Sun Day Nurse
NU_18 Mon Night Nurse
NU_18 Tue Night Nurse
NU_18 Fri Early Caretaker
NU_18 Sat Early Nurse
NU_18 Sun Early Caretaker
NU_19 Mon Late Nurse
NU_19 Tue Late Caretaker
NU_19 Fri Late Nurse
NU_19 Sat Late Caretaker
NU_19 Sun Late Nurse
CT_20 Mon Day Caretaker
CT_20 Tue Day Caretaker
CT_20 Wed Day Caretaker
CT_20 Thu Day Caretaker
CT_20 Fri Day Caretaker
CT_21 Mon Day Caretaker
CT_21 Tue Day Caretaker
CT_21 Wed Day Caretaker
CT_21 Thu Day Caretaker
CT_22 Mon Day Caretaker
CT_22 Tue Day Caretaker
CT_22 Wed Early Caretaker
CT_22 Thu Early Caretaker
CT_23 Mon Day Caretaker
CT_23 Tue Day Caretaker
CT_24 Mon Day Caretaker
CT_24 Tue Day Caretaker
CT_24 Wed Day Caretaker
CT_24 Thu Day Caretaker
CT_25 Wed Early Caretaker
CT_25 Thu Early Caretaker
CT_25 Fri Early Caretaker
CT_26 Mon Late Caretaker
CT_26 Tue Late Caretaker
CT_26 Fri Day Caretaker
CT_26 Sat Day Caretaker
CT_26 Sun Day Caretaker
CT_27 Mon Early Caretaker
CT_27 Tue Early Caretaker
CT_27 Fri Late Caretaker
CT_27 Sat Late Caretaker
CT_27 Sun Late Caretaker
CT_28 Mon Early Caretaker
CT_28 Tue Early Caretaker
CT_28 Wed Early Caretaker
CT_28 Thu Early Caretaker
CT_28 Fri Early Caretaker
CT_29 Mon Night Caretaker
CT_30 Mon Day Caretaker
CT_30 Tue Day Caretaker
CT_31 Fri Night Caretaker
CT_31 Sat Night Caretaker
CT_31 Sun Night Caretaker
CT_32 Tue Late Caretaker
CT_32 Wed Late Caretaker
CT_32 Thu Late Caretaker
CT_33 Sat Day Caretaker
CT_33 Sun Day Caretaker
CT_34 Mon Night Caretaker
CT_34 Tue Night Caretaker
CT_34 Wed Night Caretaker
CT_35 Mon Night Caretaker
CT_35 Tue Night Caretaker
CT_35 Wed Night Caretaker
CT_35 Thu Night Caretaker
CT_35 Fri Night Caretaker
CT_36 Mon Late Caretaker
CT_36 Tue Late Caretaker
CT_36 Wed Late Caretaker
CT_36 Thu Late Caretaker
CT_36 Fri Late Caretaker
CT_37 Wed Day Caretaker
CT_37 Thu Day Caretaker
CT_37 Fri Day Caretaker
CT_38 Wed Day Caretaker
CT_38 Thu Day Caretaker
CT_38 Fri Day Caretaker
CT_39 Mon Early Caretaker
CT_39 Tue Early Caretaker
CT_39 Wed Late Caretaker
CT_39 Thu Late Caretaker
CT_39 Fri Late Caretaker
CT_40 Wed Early Caretaker
CT_40 Thu Early Caretaker
CT_40 Fri Early Caretaker
CT_40 Sat Early Caretaker
CT_40 Sun Early Caretaker
CT_41 Mon Night Caretaker
CT_41 Tue Night Caretaker
CT_41 Wed Night Caretaker
CT_41 Thu Night Caretaker
CT_42 Mon Night Caretaker
CT_42 Tue Night Caretaker
CT_42 Wed Night Caretaker
CT_42 Thu Night Caretaker
CT_42 Fri Night Caretaker
CT_43 Wed Day Caretaker
CT_43 Thu Day Caretaker
CT_43 Fri Day Caretaker
CT_44 Mon Late Caretaker
CT_44 Tue Late Caretaker
CT_44 Wed Late Caretaker
CT_44 Thu Late Caretaker
CT_44 Fri Late Caretaker
CT_45 Sat Early Caretaker
CT_45 Sun Early Caretaker
CT_46 Mon Late Caretaker
CT_46 Tue Late Caretaker
CT_46 Wed Late Caretaker
CT_46 Thu Late Caretaker
CT_46 Fri Late Caretaker
CT_47 Mon Late Caretaker
CT_47 Tue Late Caretaker
CT_47 Wed Late Caretaker
CT_47 Thu Late Caretaker
CT_47 Fri Late Caretaker
CT_48 Mon Night Caretaker
CT_48 Tue Night Caretaker
CT_48 Wed Night Caretaker
CT_48 Thu Night Caretaker
CT_48 Fri Night Caretaker
CT_49 Mon Early Caretaker
CT_49 Tue Early Caretaker
CT_49 Wed Day Caretaker
CT_49 Thu Day Caretaker
CT_49 Fri Day Caretaker
CT_50 Mon Day Caretaker
CT_50 Tue Day Caretaker
CT_50 Wed Early Caretaker
CT_50 Thu Early Caretaker
CT_51 Wed Early Caretaker
CT_51 Thu Early Caretaker
CT_51 Fri Night Caretaker
CT_51 Sat Night Caretaker
CT_51 Sun Night Caretaker
CT_52 Sat Late Caretaker
CT_52 Sun Late Caretaker
CT_53 Mon Early Caretaker
CT_53 Tue Early Caretaker
CT_53 Wed Early Caretaker
CT_53 Thu Early Caretaker
CT_53 Fri Early Caretaker
CT_54 Tue Late Caretaker
CT_54 Wed Late Caretaker
CT_54 Thu Late Caretaker
CT_54 Fri Late Caretaker
CT_55 Mon Night Caretaker
CT_55 Tue Night Caretaker
CT_55 Wed Night Caretaker
CT_56 Mon Night Caretaker
CT_56 Tue Night Caretaker
CT_56 Wed Night Caretaker
CT_56 Thu Night Caretaker
CT_56 Fri Night Caretaker
CT_57 Mon Night Caretaker
CT_57 Thu Early Caretaker
CT_57 Fri Early Caretaker
CT_57 Sat Day Caretaker
CT_57 Sun Day Caretaker
CT_58 Mon Late Caretaker
CT_58 Tue Late Caretaker
CT_58 Sat Night Caretaker
CT_58 Sun Night Caretaker
CT_59 Fri Early Caretaker
CT_59 Sat Early Caretaker
CT_59 Sun Late Caretaker
TR_60 Tue Day Trainee
TR_60 Wed Day Trainee
TR_60 Thu Day Trainee
TR_61 Fri Early Trainee
TR_61 Sat Early Trainee
TR_61 Sun Late Trainee
TR_62 Mon Day Trainee
TR_62 Tue Day Trainee
TR_63 Mon Day Trainee
TR_63 Tue Day Trainee
TR_63 Wed Day Trainee
TR_63 Thu Day Trainee
TR_64 Tue Late Trainee
TR_64 Wed Late Trainee
TR_64 Thu Late Trainee
TR_64 Fri Late Trainee
TR_65 Mon Late Trainee
TR_65 Tue Late Trainee
TR_65 Wed Late Trainee
TR_66 Thu Day Trainee
TR_66 Fri Day Trainee
TR_66 Sat Day Trainee
TR_66 Sun Day Trainee
TR_67 Mon Early Trainee
TR_68 Wed Early Trainee
TR_68 Thu Early Trainee
TR_68 Fri Early Trainee
TR_69 Mon Night Trainee
TR_69 Fri Day Trainee
TR_69 Sat Day Trainee
TR_69 Sun Early Trainee
TR_70 Mon Night Trainee
TR_70 Tue Night Trainee
TR_70 Wed Night Trainee
TR_70 Thu Night Trainee
TR_70 Fri Night Trainee
TR_71 Wed Late Trainee
TR_71 Thu Late Trainee
TR_71 Fri Late Trainee
TR_72 Mon Early Trainee
TR_72 Tue Early Trainee
TR_73 Mon Night Trainee
TR_73 Tue Night Trainee
TR_73 Wed Night Trainee
TR_73 Thu Night Trainee
TR_73 Fri Night Trainee
TR_74 Tue Early Trainee
TR_74 Wed Early Trainee
TR_74 Thu Early Trainee
TR_75 Fri Night Trainee
TR_75 Sat Night Trainee
TR_75 Sun Night Trainee
TR_76 Mon Late Trainee
TR_76 Tue Late Trainee
TR_76 Wed Late Trainee
TR_76 Thu Late Trainee
TR_76 Fri Late Trainee
TR_77 Mon Late Trainee
TR_78 Thu Night Trainee
TR_78 Fri Night Trainee
TR_78 Sat Night Trainee
TR_78 Sun Night Trainee
TR_79 Fri Late Trainee
TR_79 Sat Late Trainee
TR_79 Sun Late Trainee
