SOLUTION
3 n080w4

ASSIGNMENTS = 298
HN_0 Tue Day HeadNurse
HN_0 Wed Day HeadNurse
HN_0 Thu Day Nurse
HN_1 Mon Early HeadNurse
HN_1 Tue Early Nurse
HN_1 Fri Late HeadNurse
HN_1 Sat Late Nurse
HN_1 Sun Late HeadNurse
HN_2 Mon Day Nurse
HN_2 Tue Day Nurse
HN_2 Wed Early HeadNurse
HN_2 Thu Early HeadNurse
HN_2 Fri Early HeadNurse
HN_3 Fri Day Nurse
HN_3 Sat Day HeadNurse
HN_3 Sun Day HeadNurse
HN_4 Mon Late HeadNurse
HN_4 Tue Late HeadNurse
HN_5 Tue Day Nurse
HN_5 Wed Day Nurse
HN_5 Thu Day Nurse
HN_6 Mon Late HeadNurse
HN_6 Tue Late Nurse
HN_6 Wed Late HeadNurse
HN_6 Thu Late Nurse
HN_6 Fri Late Nurse
HN_7 Mon Night HeadNurse
HN_7 Tue Night HeadNurse
HN_7 Wed Night HeadNurse
HN_7 Sat Night HeadNurse
HN_7 Sun Night HeadNurse
HN_8 Wed Early HeadNurse
HN_8 Thu Early HeadNurse
HN_8 Fri Night HeadNurse
HN_8 Sat Night Nurse
HN_8 Sun Night Nurse
HN_9 Sat Day Nurse
HN_9 Sun Day Nurse
NU_10 Mon Day Caretaker
NU_10 Tue Day Caretaker
NU_10 Wed Day Nurse
NU_10 Sat Early Nurse
NU_10 Sun Early Nurse
NU_11 Mon Early Nurse
NU_12 Mon Late Nurse
NU_12 Tue Late Nurse
NU_12 Wed Late Nurse
NU_12 Thu Late Caretaker
NU_12 Fri Late Nurse
NU_13 Mon Night Nurse
NU_14 Thu Late Caretaker
NU_14 Fri Late Caretaker
NU_14 Sat Late Caretaker
NU_14 Sun Late Nurse
NU_15 Mon Early Nurse
NU_15 Tue Early Nurse
NU_16 Tue Early Caretaker
NU_16 Wed Early Nurse
NU_16 Thu Early Nurse
NU_17 Wed Early Nurse
NU_17 Thu Early Nurse
NU_17 Fri Early Nurse
NU_18 Mon Night Nurse
NU_18 Tue Night Nurse
NU_18 Wed Night Nurse
NU_18 Thu Night Nurse
NU_18 Fri Night Nurse
NU_19 Mon Night Caretaker
NU_19 Tue Night Nurse
NU_19 Wed Night Caretaker
NU_19 Thu Night Nurse
NU_19 Fri Night Nurse
CT_20 Mon Late Caretaker
CT_20 Tue Late Caretaker
CT_21 Wed Day Caretaker
CT_21 Thu Day Caretaker
CT_21 Fri Late Caretaker
CT_21 Sat Late Caretaker
CT_21 Sun Late Caretaker
CT_22 Wed Early Caretaker
CT_22 Thu Early Caretaker
CT_22 Fri Early Caretaker
CT_22 Sat Night Caretaker
CT_22 Sun Night Caretaker
CT_23 Wed Early Caretaker
CT_23 Thu Early Caretaker
CT_23 Fri Day Caretaker
CT_23 Sat Day Caretaker
CT_24 Wed Day Caretaker
CT_24 Thu Day Caretaker
CT_24 Fri Early Caretaker
CT_24 Sat Early Caretaker
CT_24 Sun Early Caretaker
CT_26 Mon Night Caretaker
CT_26 Tue Night Caretaker
CT_26 Wed Night Caretaker
CT_26 Thu Night Caretaker
CT_26 Fri Night Caretaker
CT_27 Mon Day Caretaker
CT_27 Tue Day Caretaker
CT_27 Wed Late Caretaker
CT_27 Thu Late Caretaker
CT_27 Fri Late Caretaker
CT_28 Mon Late Caretaker
CT_28 Tue Late Caretaker
CT_29 Wed Early Caretaker
CT_29 Thu Early Caretaker
CT_29 Fri Day Caretaker
CT_29 Sat Day Caretaker
CT_30 Tue Late Caretaker
CT_30 Wed Late Caretaker
CT_30 Thu Late Caretaker
CT_31 Tue Late Caretaker
CT_31 Wed Late Caretaker
CT_31 Thu Late Caretaker
CT_32 Mon Night Caretaker
CT_32 Tue Night Caretaker
CT_32 Wed Night Caretaker
CT_32 Thu Night Caretaker
CT_32 Fri Night Caretaker
CT_33 Mon Day Caretaker
CT_33 Tue Day Caretaker
CT_33 Wed Day Caretaker
CT_33 Thu Day Caretaker
CT_34 Thu Day Caretaker
CT_34 Fri Day Caretaker
CT_34 Sat Day Caretaker
CT_34 Sun Day Caretaker
CT_35 Mon Night Caretaker
CT_35 Tue Night Caretaker
CT_35 Wed Night Caretaker
CT_35 Thu Night Caretaker
CT_35 Fri Night Caretaker
CT_36 Wed Early Caretaker
CT_36 Thu Early Caretaker
CT_36 Fri Early Caretaker
CT_36 Sat Early Caretaker
CT_36 Sun Early Caretaker
CT_37 Mon Late Caretaker
CT_37 Tue Late Caretaker
CT_37 Wed Late Caretaker
CT_37 Sat Day Caretaker
CT_37 Sun Day Caretaker
CT_38 Mon Night Caretaker
CT_38 Tue Night Caretaker
CT_38 Wed Night Caretaker
CT_38 Thu Night Caretaker
CT_38 Fri Night Caretaker
CT_39 Mon Night Caretaker
CT_39 Tue Night Caretaker
CT_39 Wed Night Caretaker
CT_39 Sat Early Caretaker
CT_39 Sun Early Caretaker
CT_40 Mon Early Caretaker
CT_40 Tue Early Caretaker
CT_40 Wed Early Caretaker
CT_40 Thu Early Caretaker
CT_40 Fri Early Caretaker
CT_41 Thu Early Caretaker
CT_41 Fri Early Caretaker
CT_41 Sat Night Caretaker
CT_41 Sun Night Caretaker
CT_42 Mon Day Caretaker
CT_42 Tue Day Caretaker
CT_42 Wed Day Caretaker
CT_42 Thu Day Caretaker
CT_42 Fri Day Caretaker
CT_44 Mon Night Caretaker
CT_44 Tue Night Caretaker
CT_44 Wed Night Caretaker
CT_44 Thu Night Caretaker
CT_44 Fri Night Caretaker
CT_45 Tue Late Caretaker
CT_45 Wed Late Caretaker
CT_45 Thu Late Caretaker
CT_45 Fri Late Caretaker
CT_46 Mon Early Caretaker
CT_46 Tue Early Caretaker
CT_46 Wed Day Caretaker
CT_46 Thu Day Caretaker
CT_46 Fri Day Caretaker
CT_47 Mon Late Caretaker
CT_47 Tue Late Caretaker
CT_47 Fri Late Caretaker
CT_47 Sat Late Caretaker
CT_47 Sun Late Caretaker
CT_48 Mon Early Caretaker
CT_48 Tue Early Caretaker
CT_48 Wed Early Caretaker
CT_48 Thu Early Caretaker
CT_48 Fri Early Caretaker
CT_49 Mon Early Caretaker
CT_49 Tue Early Caretaker
CT_49 Fri Night Caretaker
CT_49 Sat Night Caretaker
CT_49 Sun Night Caretaker
CT_50 Mon Night Caretaker
CT_51 Mon Late Caretaker
CT_51 Tue Late Caretaker
CT_51 Wed Late Caretaker
CT_51 Thu Late Caretaker
CT_51 Fri Late Caretaker
CT_52 Tue Early Caretaker
CT_52 Wed Early Caretaker
CT_52 Thu Early Caretaker
CT_52 Fri Early Caretaker
CT_53 Mon Day Caretaker
CT_53 Tue Day Caretaker
CT_53 Wed Day Caretaker
CT_53 Thu Day Caretaker
CT_54 Mon Night Caretaker
CT_54 Tue Night Caretaker
CT_54 Fri Early Caretaker
CT_54 Sat Early Caretaker
CT_54 Sun Day Caretaker
CT_55 Mon Day Caretaker
CT_56 Mon Day Caretaker
CT_56 Tue Day Caretaker
CT_56 Fri Day Caretaker
CT_56 Sat Day Caretaker
CT_56 Sun Late Caretaker
CT_57 Mon Late Caretaker
CT_57 Tue Late Caretaker
CT_57 Wed Late Caretaker
CT_57 Thu Late Caretaker
CT_57 Fri Late Caretaker
CT_58 Mon Early Caretaker
CT_58 Tue Early Caretaker
CT_58 Wed Early Caretaker
CT_59 Mon Day Caretaker
CT_59 Tue Day Caretaker
CT_59 Wed Day Caretaker
CT_59 Thu Day Caretaker
CT_59 Fri Day Caretaker
TR_61 Mon Late Trainee
TR_61 Tue Late Trainee
TR_61 Wed Late Trainee
TR_61 Thu Late Trainee
TR_61 Fri Late Trainee
TR_62 Mon Early Trainee
TR_62 Tue Early Trainee
TR_62 Wed Early Trainee
TR_62 Thu Early Trainee
TR_62 Fri Early Trainee
TR_63 Thu Day Trainee
TR_63 Fri Day Trainee
TR_63 Sat Day Trainee
TR_63 Sun Late Trainee
TR_64 Fri Early Trainee
TR_64 Sat Early Trainee
TR_64 Sun Day Trainee
TR_65 Fri Night Trainee
TR_65 Sat Night Trainee
TR_65 Sun Night Trainee
TR_66 Mon Day Trainee
TR_66 Tue Day Trainee
TR_66 Wed Day Trainee
TR_67 Wed Late Trainee
TR_67 Thu Late Trainee
TR_67 Fri Late Trainee
TR_69 Mon Night Trainee
TR_69 Tue Night Trainee
TR_69 Wed Night Trainee
TR_69 Thu Night Trainee
TR_69 Fri Night Trainee
TR_70 Thu Night Trainee
TR_70 Fri Night Trainee
TR_70 Sat Night Trainee
TR_70 Sun Night Trainee
TR_71 Mon Night Trainee
TR_71 Tue Night Trainee
TR_71 Wed Night Trainee
TR_71 Thu Night Trainee
TR_71 Fri Night Trainee
TR_72 Thu Day Trainee
TR_72 Fri Day Trainee
TR_72 Sat Day Trainee
TR_72 Sun Night Trainee
TR_73 Mon Early Trainee
TR_73 Tue Early Trainee
TR_74 Mon Night Trainee
TR_75 Mon Day Trainee
TR_75 Tue Day Trainee
TR_75 Wed Early Trainee
TR_75 Thu Early Trainee
TR_76 Mon Late Trainee
TR_76 Tue Late Trainee
TR_76 Wed Late Trainee
TR_76 Thu Late Trainee
TR_76 Fri Late Trainee
TR_77 Wed Late Trainee
TR_77 Thu Late Trainee
TR_77 Fri Late Trainee
TR_78 Mon Late Trainee
TR_78 Tue Late Trainee
TR_79 Tue Day Trainee
TR_79 Wed Day Trainee
TR_79 Thu Day Trainee
