SOLUTION
3 n110w4

ASSIGNMENTS = 372
HN_0 Mon Early HeadNurse
HN_0 Tue Early HeadNurse
HN_0 Wed Day HeadNurse
HN_0 Thu Day HeadNurse
HN_0 Fri Day HeadNurse
HN_1 Thu Early HeadNurse
HN_1 Fri Early HeadNurse
HN_2 Wed Late HeadNurse
HN_2 Thu Late HeadNurse
HN_2 Sun Day HeadNurse
HN_3 Mon Day HeadNurse
HN_3 Tue Day HeadNurse
HN_3 Wed Day Nurse
HN_3 Thu Day Nurse
HN_3 Fri Day HeadNurse
HN_4 Wed Late Nurse
HN_4 Thu Late HeadNurse
HN_4 Fri Late HeadNurse
HN_6 Wed Early HeadNurse
HN_6 Thu Early HeadNurse
HN_6 Fri Day Nurse
HN_6 Sat Day Nurse
HN_6 Sun Early HeadNurse
HN_7 Mon Night HeadNurse
HN_7 Tue Night HeadNurse
HN_7 Wed Night HeadNurse
HN_7 Thu Night HeadNurse
HN_8 Mon Early Nurse
HN_8 Tue Early Nurse
HN_8 Wed Early Nurse
HN_9 Wed Day Nurse
HN_9 Thu Day Nurse
HN_9 Fri Day Nurse
HN_10 Fri Early Nurse
HN_10 Sat Early HeadNurse
HN_10 Sun Day HeadNurse
HN_11 Mon Late HeadNurse
HN_11 Tue Late HeadNurse
HN_13 Thu Late Nurse
HN_13 Fri Late HeadNurse
HN_13 Sat Late HeadNurse
HN_13 Sun Night HeadNurse
HN_14 Tue Day Nurse
HN_14 Wed Day Nurse
HN_14 Thu Early Nurse
HN_14 Fri Early Nurse
HN_15 Tue Late HeadNurse
HN_15 Wed Late Nurse
HN_15 Thu Late Nurse
HN_15 Fri Late Nurse
HN_16 Mon Day Nurse
HN_16 Thu Night Nurse
HN_16 Fri Night HeadNurse
HN_16 Sat Night HeadNurse
HN_16 Sun Night Nurse
HN_17 Mon Night HeadNurse
HN_18 Mon Early Nurse
HN_18 Tue Early Nurse
HN_18 Wed Early Nurse
HN_18 Sat Night HeadNurse
HN_18 Sun Night Nurse
HN_19 Mon Night Nurse
HN_19 Tue Night HeadNurse
HN_19 Wed Night Nurse
HN_19 Thu Night Nurse
NU_20 Tue Late Nurse
NU_20 Wed Late Nurse
NU_20 Thu Late Caretaker
NU_20 Fri Late Nurse
NU_21 Mon Late Nurse
NU_21 Tue Late Nurse
NU_21 Wed Late Nurse
NU_21 Thu Late Caretaker
NU_21 Fri Late Nurse
NU_22 Mon Night Nurse
NU_22 Tue Night Nurse
NU_22 Fri Late Caretaker
NU_22 Sat Late Nurse
NU_22 Sun Late Nurse
NU_23 Mon Late Nurse
NU_23 Tue Late Nurse
NU_24 Thu Day Nurse
NU_24 Fri Day Nurse
NU_24 Sat Day Caretaker
NU_24 Sun Day Nurse
NU_25 Fri Early Caretaker
NU_25 Sat Early Nurse
NU_25 Sun Late Nurse
NU_26 Mon Early Nurse
NU_26 Tue Early Nurse
NU_27 Mon Day Nurse
NU_27 Tue Day Nurse
NU_27 Sun Early Nurse
NU_28 Thu Late Caretaker
NU_28 Fri Late Caretaker
NU_28 Sat Night Nurse
NU_28 Sun Night Nurse
NU_29 Mon Day Nurse
NU_29 Tue Day Nurse
NU_29 Wed Day Caretaker
NU_29 Thu Day Caretaker
NU_30 Tue Early Caretaker
NU_30 Wed Early Nurse
NU_30 Thu Early Nurse
NU_30 Fri Early Caretaker
NU_31 Mon Early Caretaker
NU_32 Mon Night Nurse
NU_32 Tue Night Nurse
NU_32 Wed Night Nurse
NU_32 Thu Night Nurse
NU_32 Fri Night Nurse
NU_33 Mon Day Caretaker
NU_33 Tue Day Caretaker
NU_33 Wed Day Caretaker
NU_33 Thu Early Nurse
NU_33 Fri Early Caretaker
NU_34 Thu Day Caretaker
NU_34 Fri Day Caretaker
NU_35 Mon Night Nurse
NU_35 Tue Night Caretaker
NU_35 Wed Night Caretaker
NU_35 Thu Night Caretaker
NU_35 Fri Night Nurse
NU_36 Sat Late Caretaker
NU_36 Sun Late Nurse
NU_37 Fri Early Caretaker
NU_37 Sat Early Nurse
NU_37 Sun Day Nurse
NU_38 Mon Early Caretaker
NU_38 Tue Early Caretaker
NU_38 Wed Early Caretaker
NU_38 Thu Day Caretaker
NU_38 Fri Day Caretaker
NU_39 Tue Early Caretaker
NU_39 Wed Early Caretaker
NU_39 Thu Early Caretaker
NU_39 Fri Early Caretaker
CT_40 Mon Early Caretaker
CT_40 Tue Early Caretaker
CT_41 Mon Late Caretaker
CT_41 Tue Late Caretaker
CT_42 Mon Day Caretaker
CT_42 Tue Day Caretaker
CT_42 Wed Day Caretaker
CT_42 Sat Night Caretaker
CT_42 Sun Night Caretaker
CT_43 Wed Early Caretaker
CT_43 Thu Early Caretaker
CT_43 Sun Early Caretaker
CT_44 Wed Late Caretaker
CT_44 Thu Late Caretaker
CT_44 Fri Late Caretaker
CT_45 Fri Night Caretaker
CT_45 Sat Night Caretaker
CT_45 Sun Night Caretaker
CT_46 Wed Late Caretaker
CT_46 Thu Late Caretaker
CT_46 Fri Late Caretaker
CT_47 Mon Night Caretaker
CT_47 Tue Night Caretaker
CT_47 Wed Night Caretaker
CT_47 Thu Night Caretaker
CT_47 Fri Night Caretaker
CT_48 Mon Night Caretaker
CT_48 Tue Night Caretaker
CT_48 Wed Night Caretaker
CT_48 Thu Night Caretaker
CT_49 Mon Day Caretaker
CT_49 Tue Day Caretaker
CT_49 Fri Late Caretaker
CT_49 Sat Late Caretaker
CT_49 Sun Late Caretaker
CT_50 Fri Late Caretaker
CT_50 Sat Late Caretaker
CT_50 Sun Night Caretaker
CT_51 Mon Day Caretaker
CT_51 Tue Day Caretaker
CT_51 Wed Day Caretaker
CT_51 Thu Early Caretaker
CT_51 Fri Early Caretaker
CT_52 Mon Day Caretaker
CT_52 Tue Day Caretaker
CT_52 Wed Day Caretaker
CT_53 Mon Night Caretaker
CT_53 Tue Night Caretaker
CT_53 Wed Night Caretaker
CT_53 Thu Night Caretaker
CT_53 Fri Night Caretaker
CT_54 Mon Day Caretaker
CT_54 Tue Day Caretaker
CT_54 Wed Day Caretaker
CT_54 Sat Early Caretaker
CT_54 Sun Early Caretaker
CT_55 Mon Day Caretaker
CT_55 Thu Day Caretaker
CT_55 Fri Day Caretaker
CT_56 Tue Late Caretaker
CT_56 Wed Late Caretaker
CT_57 Wed Late Caretaker
CT_57 Thu Late Caretaker
CT_57 Fri Late Caretaker
CT_58 Thu Day Caretaker
CT_58 Fri Day Caretaker
CT_59 Mon Night Caretaker
CT_59 Fri Early Caretaker
CT_59 Sat Early Caretaker
CT_59 Sun Day Caretaker
CT_60 Mon Late Caretaker
CT_60 Tue Late Caretaker
CT_61 Mon Late Caretaker
CT_61 Tue Late Caretaker
CT_62 Mon Late Caretaker
CT_62 Tue Late Caretaker
CT_62 Fri Night Caretaker
CT_62 Sat Night Caretaker
CT_62 Sun Night Caretaker
CT_63 Tue Night Caretaker
CT_63 Wed Night Caretaker
CT_63 Thu Night Caretaker
CT_63 Fri Night Caretaker
CT_64 Sat Day Caretaker
CT_64 Sun Day Caretaker
CT_65 Mon Late Caretaker
CT_65 Tue Late Caretaker
CT_65 Wed Late Caretaker
CT_65 Sat Late Caretaker
CT_65 Sun Late Caretaker
CT_66 Tue Early Caretaker
CT_66 Wed Early Caretaker
CT_66 Thu Early Caretaker
CT_66 Fri Early Caretaker
CT_67 Wed Early Caretaker
CT_67 Thu Early Caretaker
CT_67 Sun Early Caretaker
CT_68 Wed Day Caretaker
CT_68 Thu Day Caretaker
CT_68 Fri Day Caretaker
CT_69 Tue Day Caretaker
CT_69 Wed Day Caretaker
CT_69 Thu Day Caretaker
CT_70 Mon Night Caretaker
CT_70 Tue Night Caretaker
CT_70 Wed Night Caretaker
CT_71 Mon Late Caretaker
CT_72 Sat Late Caretaker
CT_72 Sun Late Caretaker
CT_73 Mon Late Caretaker
CT_73 Tue Late Caretaker
CT_74 Mon Early Caretaker
CT_75 Mon Night Caretaker
CT_75 Sat Early Caretaker
CT_75 Sun Early Caretaker
CT_76 Mon Night Caretaker
CT_76 Tue Night Caretaker
CT_76 Wed Night Caretaker
CT_76 Thu Night Caretaker
CT_76 Fri Night Caretaker
CT_77 Mon Day Caretaker
CT_77 Thu Early Caretaker
CT_77 Fri Early Caretaker
CT_77 Sat Day Caretaker
CT_77 Sun Day Caretaker
CT_78 Mon Early Caretaker
CT_78 Tue Early Caretaker
CT_78 Wed Late Caretaker
CT_78 Thu Late Caretaker
CT_78 Fri Late Caretaker
CT_79 Mon Early Caretaker
TR_80 Mon Early Trainee
TR_80 Tue Early Trainee
TR_80 Wed Early Trainee
TR_80 Thu Early Trainee
TR_81 Mon Day Trainee
TR_82 Wed Early Trainee
TR_82 Thu Early Trainee
TR_82 Fri Early Trainee
TR_83 Tue Day Trainee
TR_83 Wed Day Trainee
TR_83 Thu Day Trainee
TR_83 Fri Day Trainee
TR_84 Mon Night Trainee
TR_84 Sat Early Trainee
TR_84 Sun Early Trainee
TR_85 Mon Late Trainee
TR_85 Tue Late Trainee
TR_86 Mon Night Trainee
TR_86 Tue Night Trainee
TR_87 Fri Late Trainee
TR_87 Sat Late Trainee
TR_87 Sun Late Trainee
TR_88 Mon Night Trainee
TR_88 Tue Night Trainee
TR_88 Wed Night Trainee
TR_89 Mon Day Trainee
TR_89 Tue Day Trainee
TR_89 Wed Late Trainee
TR_89 Thu Late Trainee
TR_89 Fri Late Trainee
TR_90 Sat Late Trainee
TR_90 Sun Late Trainee
TR_91 Mon Day Trainee
TR_91 Thu Night Trainee
TR_91 Fri Night Trainee
TR_91 Sat Night Trainee
TR_91 Sun Night Trainee
TR_92 Mon Day Trainee
TR_92 Tue Day Trainee
TR_93 Wed Day Trainee
TR_93 Thu Day Trainee
TR_93 Fri Day Trainee
TR_94 Mon Late Trainee
TR_94 Tue Late Trainee
TR_94 Wed Late Trainee
TR_94 Thu Late Trainee
TR_95 Thu Early Trainee
TR_95 Fri Early Trainee
TR_96 Mon Early Trainee
TR_96 Tue Early Trainee
TR_96 Wed Early Trainee
TR_97 Mon Night Trainee
TR_97 Tue Night Trainee
TR_97 Wed Night Trainee
TR_97 Thu Night Trainee
TR_97 Fri Night Trainee
TR_98 Mon Late Trainee
TR_98 Tue Late Trainee
TR_98 Wed Late Trainee
TR_98 Thu Late Trainee
TR_99 Tue Night Trainee
TR_99 Wed Night Trainee
TR_99 Thu Night Trainee
TR_99 Fri Night Trainee
TR_100 Mon Late Trainee
TR_100 Tue Late Trainee
TR_100 Fri Early Trainee
TR_100 Sat Early Trainee
TR_100 Sun Night Trainee
TR_101 Mon Early Trainee
TR_101 Tue Early Trainee
TR_101 Wed Early Trainee
TR_101 Thu Early Trainee
TR_101 Fri Early Trainee
TR_102 Sat Late Trainee
TR_102 Sun Late Trainee
TR_103 Tue Night Trainee
TR_103 Wed Night Trainee
TR_103 Thu Night Trainee
TR_103 Fri Night Trainee
TR_104 Mon Early Trainee
TR_104 Tue Early Trainee
TR_104 Wed Early Trainee
TR_104 Thu Early Trainee
TR_104 Fri Early Trainee
TR_105 Wed Day Trainee
TR_105 Thu Day Trainee
TR_105 Fri Day Trainee
TR_105 Sat Day Trainee
TR_105 Sun Early Trainee
TR_106 Mon Day Trainee
TR_106 Tue Day Trainee
TR_106 Wed Day Trainee
TR_106 Thu Day Trainee
TR_106 Fri Day Trainee
TR_107 Mon Early Trainee
TR_107 Sat Day Trainee
TR_107 Sun Day Trainee
TR_108 Fri Day Trainee
TR_108 Sat Day Trainee
TR_109 Tue Early Trainee
TR_109 Wed Early Trainee
TR_109 Thu Late Trainee
TR_109 Fri Late Trainee
