SOLUTION
2 n070w4

ASSIGNMENTS = 275
HN_0 Fri Day HeadNurse
HN_0 Sat Day HeadNurse
HN_0 Sun Day Nurse
HN_1 Mon Day Nurse
HN_1 Tue Day HeadNurse
HN_1 Wed Day Nurse
HN_2 Thu Early Nurse
HN_2 Fri Early HeadNurse
HN_2 Sat Early HeadNurse
HN_2 Sun Early Nurse
HN_3 Mon Early HeadNurse
HN_3 Tue Early Nurse
HN_4 Wed Early HeadNurse
HN_4 Thu Early Nurse
HN_4 Fri Early Nurse
HN_5 Mon Night HeadNurse
HN_5 Tue Night Nurse
HN_5 Wed Night HeadNurse
HN_6 Mon Late HeadNurse
HN_6 Tue Late HeadNurse
HN_6 Wed Late HeadNurse
HN_6 Sat Night HeadNurse
HN_6 Sun Night HeadNurse
HN_7 Thu Early Nurse
HN_7 Fri Early Nurse
HN_7 Sat Early Nurse
HN_7 Sun Late HeadNurse
NU_8 Mon Early Nurse
NU_8 Tue Early Nurse
NU_8 Wed Early Nurse
NU_8 Thu Day Nurse
NU_8 Fri Day Nurse
NU_9 Thu Late Nurse
NU_9 Fri Late Nurse
NU_9 Sat Late Nurse
NU_9 Sun Late Nurse
NU_10 Wed Night Nurse
NU_10 Thu Night Nurse
NU_10 Fri Night Nurse
NU_10 Sat Night Nurse
NU_10 Sun Night Nurse
NU_11 Mon Late Nurse
NU_11 Tue Late Nurse
NU_11 Wed Late Nurse
NU_11 Thu Late Nurse
NU_11 Fri Late Nurse
NU_12 Mon Early Nurse
NU_12 Fri Day Nurse
NU_12 Sat Day Nurse
NU_12 Sun Day Caretaker
NU_13 Fri Night Nurse
NU_13 Sat Night Nurse
NU_13 Sun Night Caretaker
NU_14 Mon Early Nurse
NU_14 Tue Early Nurse
NU_14 Wed Late Nurse
NU_14 Thu Late Nurse
NU_14 Fri Late Nurse
NU_15 Mon Late Nurse
NU_15 Tue Late Nurse
NU_15 Fri Night Nurse
NU_15 Sat Night Caretaker
NU_15 Sun Night Caretaker
NU_16 Fri Day Nurse
NU_16 Sat Day Caretaker
NU_16 Sun Day Caretaker
NU_17 Tue Night Nurse
NU_17 Wed Night Nurse
NU_17 Thu Night Nurse
NU_17 Fri Night Nurse
NU_18 Tue Day Nurse
NU_18 Wed Day Nurse
NU_18 Thu Late Caretaker
NU_18 Fri Late Caretaker
NU_19 Mon Late Nurse
NU_19 Tue Late Nurse
NU_19 Wed Late Nurse
NU_20 Mon Day Nurse
NU_20 Tue Day Nurse
NU_20 Wed Early Nurse
NU_20 Thu Early Nurse
NU_20 Fri Early Caretaker
NU_21 Wed Early Nurse
NU_21 Thu Early Nurse
NU_21 Fri Night Caretaker
NU_21 Sat Night Caretaker
NU_21 Sun Night Caretaker
NU_22 Wed Late Caretaker
NU_22 Thu Late Caretaker
NU_22 Fri Late Caretaker
NU_23 Wed Day Nurse
NU_23 Thu Day Nurse
NU_23 Fri Day Nurse
NU_24 Mon Night Nurse
NU_24 Tue Night Nurse
NU_24 Wed Night Nurse
NU_25 Mon Early Nurse
NU_25 Tue Early Caretaker
NU_25 Wed Day Caretaker
NU_25 Thu Day Caretaker
NU_25 Fri Day Caretaker
NU_26 Mon Early Caretaker
NU_26 Tue Early Caretaker
NU_26 Wed Late Caretaker
NU_26 Thu Late Caretaker
NU_26 Fri Late Caretaker
NU_27 Wed Day Caretaker
NU_27 Thu Day Caretaker
NU_27 Fri Day Caretaker
NU_28 Thu Day Caretaker
NU_28 Fri Day Caretaker
NU_28 Sat Early Nurse
NU_28 Sun Early Caretaker
NU_29 Mon Day Nurse
NU_29 Tue Day Nurse
NU_30 Thu Early Caretaker
NU_30 Fri Early Caretaker
NU_30 Sat Late Nurse
NU_30 Sun Late Caretaker
NU_31 Mon Night Nurse
NU_31 Tue Night Nurse
NU_31 Wed Night Caretaker
NU_31 Thu Night Nurse
NU_31 Fri Night Caretaker
NU_32 Mon Day Caretaker
NU_32 Tue Day Nurse
NU_32 Wed Late Caretaker
NU_32 Thu Late Caretaker
NU_32 Fri Late Caretaker
NU_33 Mon Night Nurse
NU_33 Tue Night Caretaker
NU_33 Wed Night Caretaker
NU_33 Thu Night Nurse
NU_33 Fri Night Caretaker
NU_34 Mon Late Caretaker
NU_35 Mon Late Caretaker
NU_35 Tue Late Caretaker
NU_35 Sat Night Caretaker
NU_35 Sun Night Caretaker
NU_36 Tue Night Caretaker
NU_36 Wed Night Caretaker
NU_36 Thu Night Caretaker
NU_36 Fri Night Caretaker
NU_37 Mon Day Caretaker
NU_37 Tue Day Nurse
NU_37 Wed Day Caretaker
NU_37 Sat Late Caretaker
NU_37 Sun Late Caretaker
NU_38 Mon Day Caretaker
NU_38 Tue Day Caretaker
NU_38 Wed Early Caretaker
NU_38 Thu Early Caretaker
NU_39 Thu Day Caretaker
NU_39 Fri Day Caretaker
NU_39 Sat Early Caretaker
NU_39 Sun Early Caretaker
CT_40 Mon Late Caretaker
CT_40 Fri Early Caretaker
CT_40 Sat Early Caretaker
CT_40 Sun Early Caretaker
CT_41 Mon Night Caretaker
CT_41 Tue Night Caretaker
CT_41 Wed Night Caretaker
CT_42 Wed Day Caretaker
CT_42 Thu Day Caretaker
CT_42 Fri Day Caretaker
CT_43 Mon Day Caretaker
CT_43 Tue Day Caretaker
CT_44 Mon Early Caretaker
CT_44 Tue Early Caretaker
CT_44 Wed Early Caretaker
CT_44 Thu Day Caretaker
CT_44 Fri Day Caretaker
CT_45 Mon Late Caretaker
CT_45 Tue Late Caretaker
CT_45 Wed Night Caretaker
CT_45 Thu Night Caretaker
CT_45 Fri Night Caretaker
CT_46 Mon Early Caretaker
CT_46 Tue Early Caretaker
CT_46 Wed Early Caretaker
CT_46 Thu Late Caretaker
CT_46 Fri Late Caretaker
CT_47 Tue Day Caretaker
CT_47 Wed Day Caretaker
CT_47 Thu Early Caretaker
CT_47 Fri Early Caretaker
CT_48 Mon Day Caretaker
CT_48 Tue Day Caretaker
CT_48 Wed Early Caretaker
CT_48 Thu Early Caretaker
CT_49 Mon Late Caretaker
CT_49 Tue Late Caretaker
CT_49 Wed Late Caretaker
CT_49 Sat Late Caretaker
CT_49 Sun Late Caretaker
CT_50 Mon Day Caretaker
CT_50 Tue Day Caretaker
CT_51 Mon Day Caretaker
CT_51 Tue Day Caretaker
CT_51 Wed Early Caretaker
CT_51 Thu Early Caretaker
CT_52 Thu Early Caretaker
CT_52 Fri Early Caretaker
CT_52 Sat Early Caretaker
CT_52 Sun Day Caretaker
CT_53 Mon Night Caretaker
CT_53 Tue Night Caretaker
CT_53 Wed Night Caretaker
CT_53 Thu Night Caretaker
CT_53 Fri Night Caretaker
CT_54 Mon Early Caretaker
CT_54 Tue Early Caretaker
CT_54 Wed Late Caretaker
CT_54 Thu Late Caretaker
CT_54 Fri Late Caretaker
CT_55 Mon Night Caretaker
CT_55 Tue Night Caretaker
CT_55 Wed Night Caretaker
CT_55 Thu Night Caretaker
CT_55 Fri Night Caretaker
CT_56 Tue Early Caretaker
CT_56 Wed Early Caretaker
CT_56 Thu Early Caretaker
CT_56 Fri Late Caretaker
CT_56 Sat Late Caretaker
CT_56 Sun Late Caretaker
CT_57 Tue Late Caretaker
CT_57 Wed Late Caretaker
CT_57 Thu Late Caretaker
CT_57 Fri Late Caretaker
CT_58 Fri Day Caretaker
CT_58 Sat Day Caretaker
CT_58 Sun Day Caretaker
CT_59 Mon Late Caretaker
CT_59 Tue Late Caretaker
TR_60 Mon Late Trainee
TR_60 Thu Day Trainee
TR_60 Fri Day Trainee
TR_60 Sat Day Trainee
TR_60 Sun Early Trainee
TR_61 Fri Early Trainee
TR_61 Sat Early Trainee
TR_61 Sun Early Trainee
TR_62 Mon Late Trainee
TR_62 Tue Late Trainee
TR_62 Wed Late Trainee
TR_62 Thu Late Trainee
TR_62 Sat Late Trainee
TR_62 Sun Late Trainee
TR_63 Mon Night Trainee
TR_64 Thu Night Trainee
TR_64 Fri Night Trainee
TR_64 Sat Night Trainee
TR_64 Sun Night Trainee
TR_65 Mon Early Trainee
TR_65 Tue Early Trainee
TR_65 Wed Late Trainee
TR_65 Thu Late Trainee
TR_65 Fri Late Trainee
TR_66 Mon Early Trainee
TR_67 Tue Day Trainee
TR_67 Wed Day Trainee
TR_67 Thu Day Trainee
TR_67 Fri Day Trainee
TR_68 Mon Day Trainee
TR_68 Tue Day Trainee
TR_68 Wed Early Trainee
TR_68 Thu Early Trainee
TR_68 Fri Early Trainee
TR_69 Mon Early Trainee
TR_69 Tue Early Trainee
TR_69 Wed Night Trainee
TR_69 Thu Night Trainee
TR_69 Fri Night Trainee
