SOLUTION
2 n070w4

ASSIGNMENTS = 282
HN_0 Mon Night HeadNurse
HN_1 Mon Late Nurse
HN_1 Fri Early Nurse
HN_1 Sat Early HeadNurse
HN_1 Sun Early HeadNurse
HN_2 Mon Day HeadNurse
HN_2 Tue Day HeadNurse
HN_3 Thu Night HeadNurse
HN_3 Fri Night HeadNurse
HN_3 Sat Night Nurse
HN_3 Sun Night HeadNurse
HN_4 Thu Early HeadNurse
HN_4 Fri Early Nurse
HN_4 Sat Late HeadNurse
HN_4 Sun Late Nurse
HN_5 Mon Day Nurse
HN_5 Tue Day Nurse
HN_5 Wed Day HeadNurse
HN_5 Thu Day HeadNurse
HN_5 Fri Day HeadNurse
HN_6 Wed Night HeadNurse
HN_6 Thu Night Nurse
HN_6 Fri Night Nurse
HN_6 Sat Night Nurse
HN_6 Sun Night Nurse
HN_7 Mon Early Nurse
HN_7 Tue Early HeadNurse
NU_8 Mon Day Nurse
NU_8 Tue Day Nurse
NU_8 Wed Day Nurse
NU_8 Thu Late Nurse
NU_8 Fri Late Nurse
NU_9 Mon Late Nurse
NU_9 Tue Late Nurse
NU_9 Wed Late Nurse
NU_9 Sat Day Nurse
NU_9 Sun Day Nurse
NU_10 Thu Night Nurse
NU_10 Fri Night Nurse
NU_10 Sat Night Caretaker
NU_10 Sun Night Nurse
NU_11 Mon Late Nurse
NU_11 Tue Late Nurse
NU_11 Fri Day Nurse
NU_11 Sat Day Nurse
NU_11 Sun Day Caretaker
NU_12 Mon Early Nurse
NU_12 Tue Early Nurse
NU_12 Wed Early Nurse
NU_12 Thu Late Nurse
NU_12 Fri Late Nurse
NU_13 Thu Night Nurse
NU_13 Fri Night Nurse
NU_13 Sat Night Caretaker
NU_13 Sun Night Caretaker
NU_14 Mon Night Nurse
NU_14 Tue Night Nurse
NU_14 Wed Night Nurse
NU_14 Thu Night Nurse
NU_15 Mon Late Nurse
NU_15 Thu Early Nurse
NU_15 Fri Early Nurse
NU_15 Sat Early Nurse
NU_15 Sun Early Nurse
NU_16 Mon Early Nurse
NU_16 Tue Early Nurse
NU_17 Mon Night Nurse
NU_17 Tue Night Nurse
NU_17 Wed Night Nurse
NU_18 Tue Night Nurse
NU_18 Wed Night Nurse
NU_18 Thu Night Caretaker
NU_18 Fri Night Caretaker
NU_19 Wed Late Nurse
NU_19 Thu Late Nurse
NU_19 Fri Late Nurse
NU_19 Sat Late Nurse
NU_19 Sun Late Caretaker
NU_20 Mon Day Nurse
NU_20 Tue Day Nurse
NU_20 Wed Early Nurse
NU_20 Thu Early Nurse
NU_20 Fri Early Caretaker
NU_21 Mon Night Nurse
NU_22 Mon Day Caretaker
NU_22 Tue Day Nurse
NU_22 Wed Day Nurse
NU_22 Thu Early Nurse
NU_22 Fri Early Caretaker
NU_23 Mon Early Nurse
NU_23 Tue Early Nurse
NU_23 Wed Early Nurse
NU_23 Thu Day Nurse
NU_23 Fri Day Nurse
NU_24 Thu Day Nurse
NU_24 Fri Day Nurse
NU_24 Sat Late Caretaker
NU_24 Sun Late Caretaker
NU_25 Wed Late Nurse
NU_25 Thu Late Nurse
NU_25 Fri Late Caretaker
NU_26 Mon Night Caretaker
NU_26 Tue Night Caretaker
NU_26 Wed Night Caretaker
NU_26 Thu Night Caretaker
NU_26 Fri Night Caretaker
NU_27 Mon Day Caretaker
NU_27 Tue Day Caretaker
NU_27 Wed Day Caretaker
NU_27 Sat Late Caretaker
NU_27 Sun Late Caretaker
NU_28 Mon Late Caretaker
NU_28 Fri Day Nurse
NU_28 Sat Day Caretaker
NU_28 Sun Early Caretaker
NU_29 Thu Night Caretaker
NU_29 Fri Night Caretaker
NU_29 Sat Night Caretaker
NU_29 Sun Night Caretaker
NU_30 Mon Late Caretaker
NU_30 Tue Late Nurse
NU_30 Wed Late Caretaker
NU_30 Thu Late Nurse
NU_30 Fri Late Caretaker
NU_31 Wed Day Caretaker
NU_31 Thu Day Nurse
NU_31 Fri Day Caretaker
NU_32 Mon Night Caretaker
NU_33 Mon Early Caretaker
NU_33 Tue Early Caretaker
NU_33 Wed Day Caretaker
NU_33 Thu Day Caretaker
NU_33 Fri Day Caretaker
NU_34 Mon Late Caretaker
NU_34 Tue Late Caretaker
NU_34 Wed Late Caretaker
NU_34 Thu Late Caretaker
NU_35 Mon Night Caretaker
NU_35 Tue Night Caretaker
NU_35 Wed Night Caretaker
NU_35 Thu Night Caretaker
NU_35 Fri Night Caretaker
NU_36 Mon Night Caretaker
NU_36 Tue Night Caretaker
NU_36 Wed Night Caretaker
NU_36 Thu Night Caretaker
NU_36 Fri Night Caretaker
NU_37 Mon Day Caretaker
NU_37 Tue Day Caretaker
NU_37 Wed Early Caretaker
NU_37 Thu Early Caretaker
NU_38 Mon Early Caretaker
NU_38 Tue Early Caretaker
NU_38 Wed Early Caretaker
NU_38 Thu Early Caretaker
NU_39 Tue Day Caretaker
NU_39 Wed Day Caretaker
NU_39 Thu Day Caretaker
NU_39 Fri Day Caretaker
CT_40 Thu Night Caretaker
CT_40 Fri Night Caretaker
CT_40 Sat Night Caretaker
CT_40 Sun Night Caretaker
CT_41 Mon Early Caretaker
CT_41 Tue Early Caretaker
CT_41 Wed Late Caretaker
CT_41 Thu Late Caretaker
CT_41 Fri Late Caretaker
CT_42 Mon Day Caretaker
CT_42 Tue Day Caretaker
CT_42 Wed Day Caretaker
CT_42 Thu Late Caretaker
CT_42 Fri Late Caretaker
CT_43 Mon Late Caretaker
CT_43 Tue Late Caretaker
CT_44 Wed Early Caretaker
CT_44 Thu Early Caretaker
CT_44 Fri Early Caretaker
CT_45 Wed Day Caretaker
CT_45 Thu Day Caretaker
CT_45 Fri Day Caretaker
CT_46 Mon Early Caretaker
CT_46 Tue Early Caretaker
CT_46 Wed Early Caretaker
CT_46 Thu Day Caretaker
CT_46 Fri Day Caretaker
CT_47 Tue Day Caretaker
CT_47 Wed Day Caretaker
CT_47 Thu Day Caretaker
CT_47 Fri Day Caretaker
CT_48 Mon Late Caretaker
CT_48 Tue Late Caretaker
CT_48 Wed Late Caretaker
CT_48 Thu Late Caretaker
CT_49 Mon Day Caretaker
CT_49 Tue Day Caretaker
CT_49 Wed Late Caretaker
CT_49 Thu Late Caretaker
CT_49 Fri Late Caretaker
CT_50 Mon Night Caretaker
CT_50 Tue Night Caretaker
CT_50 Wed Night Caretaker
CT_51 Mon Early Caretaker
CT_51 Tue Early Caretaker
CT_51 Wed Early Caretaker
CT_51 Thu Late Caretaker
CT_51 Fri Late Caretaker
CT_52 Thu Day Caretaker
CT_52 Fri Day Caretaker
CT_52 Sat Early Caretaker
CT_52 Sun Early Caretaker
CT_53 Mon Day Caretaker
CT_53 Tue Day Caretaker
CT_53 Wed Early Caretaker
CT_53 Thu Early Caretaker
CT_53 Fri Early Caretaker
CT_54 Mon Late Caretaker
CT_54 Tue Late Caretaker
CT_54 Wed Late Caretaker
CT_54 Sat Early Caretaker
CT_54 Sun Early Caretaker
CT_55 Mon Night Caretaker
CT_55 Tue Night Caretaker
CT_55 Wed Night Caretaker
CT_55 Thu Night Caretaker
CT_55 Fri Night Caretaker
CT_56 Mon Late Caretaker
CT_56 Tue Late Caretaker
CT_56 Wed Late Caretaker
CT_56 Sat Day Caretaker
CT_56 Sun Day Caretaker
CT_57 Mon Early Caretaker
CT_57 Tue Early Caretaker
CT_57 Wed Early Caretaker
CT_57 Thu Early Caretaker
CT_58 Thu Early Caretaker
CT_58 Fri Early Caretaker
CT_58 Sat Day Caretaker
CT_58 Sun Day Caretaker
CT_59 Mon Early Caretaker
CT_59 Tue Early Caretaker
CT_59 Wed Late Caretaker
CT_59 Thu Late Caretaker
TR_60 Wed Late Trainee
TR_60 Thu Late Trainee
TR_60 Fri Late Trainee
TR_61 Mon Late Trainee
TR_61 Tue Late Trainee
TR_62 Mon Early Trainee
TR_62 Tue Early Trainee
TR_62 Wed Early Trainee
TR_62 Sat Late Trainee
TR_62 Sun Late Trainee
TR_63 Tue Day Trainee
TR_63 Wed Day Trainee
TR_63 Thu Day Trainee
TR_63 Fri Early Trainee
TR_64 Mon Late Trainee
TR_64 Thu Day Trainee
TR_64 Fri Day Trainee
TR_64 Sat Late Trainee
TR_64 Sun Late Trainee
TR_65 Mon Day Trainee
TR_65 Tue Day Trainee
TR_65 Fri Early Trainee
TR_65 Sat Early Trainee
TR_65 Sun Early Trainee
TR_66 Sat Day Trainee
TR_66 Sun Day Trainee
TR_67 Mon Early Trainee
TR_67 Tue Early Trainee
TR_67 Wed Late Trainee
TR_67 Thu Late Trainee
TR_68 Tue Late Trainee
TR_68 Wed Late Trainee
TR_68 Thu Night Trainee
TR_68 Fri Night Trainee
TR_69 Mon Night Trainee
TR_69 Tue Night Trainee
TR_69 Wed Night Trainee
TR_69 Thu Night Trainee
TR_69 Fri Night Trainee
