SOLUTION
6 n120w8

ASSIGNMENTS = 490
HN_0 Wed Day HeadNurse
HN_0 Thu Day HeadNurse
HN_0 Fri Day HeadNurse
HN_1 Fri Early HeadNurse
HN_1 Sat Early HeadNurse
HN_1 Sun Early HeadNurse
HN_2 Tue Early Nurse
HN_2 Wed Early HeadNurse
HN_2 Thu Early HeadNurse
HN_2 Fri Early HeadNurse
HN_3 Fri Day Nurse
HN_3 Sat Day HeadNurse
HN_3 Sun Late HeadNurse
HN_4 Mon Night HeadNurse
HN_4 Tue Night HeadNurse
HN_4 Wed Night HeadNurse
HN_4 Thu Night HeadNurse
HN_4 Fri Night HeadNurse
HN_5 Mon Day HeadNurse
HN_5 Tue Day HeadNurse
HN_5 Wed Late HeadNurse
HN_5 Thu Late HeadNurse
HN_6 Fri Early Nurse
HN_6 Sat Early Nurse
HN_6 Sun Day HeadNurse
HN_7 Mon Day HeadNurse
HN_7 Tue Day HeadNurse
HN_7 Wed Day HeadNurse
HN_7 Thu Late HeadNurse
HN_7 Fri Late Nurse
HN_8 Tue Late HeadNurse
HN_8 Wed Late HeadNurse
HN_8 Thu Late HeadNurse
HN_8 Fri Late Nurse
HN_9 Mon Early HeadNurse
HN_9 Tue Early Nurse
HN_9 Wed Early HeadNurse
HN_9 Sat Early Nurse
HN_9 Sun Early Nurse
HN_10 Mon Night Nurse
HN_10 Tue Night HeadNurse
HN_10 Wed Night HeadNurse
HN_10 Thu Night HeadNurse
HN_10 Fri Night HeadNurse
HN_11 Mon Early Nurse
HN_11 Thu Day HeadNurse
HN_11 Fri Day Nurse
HN_11 Sat Day HeadNurse
HN_11 Sun Day Nurse
HN_12 Fri Late Nurse
HN_12 Sat Late Nurse
HN_12 Sun Late Nurse
HN_13 Mon Late HeadNurse
HN_13 Tue Late HeadNurse
HN_14 Mon Early Nurse
HN_14 Tue Early Nurse
HN_14 Wed Early Nurse
HN_14 Thu Early Nurse
HN_14 Fri Early Nurse
HN_15 Wed Early Nurse
HN_15 Thu Early Nurse
HN_15 Fri Early Nurse
HN_15 Sat Early Nurse
HN_15 Sun Early Nurse
HN_16 Fri Early Nurse
HN_16 Sat Early Nurse
HN_16 Sun Early Nurse
HN_17 Mon Late HeadNurse
HN_17 Tue Late Nurse
HN_17 Fri Night Nurse
HN_17 Sat Night HeadNurse
HN_17 Sun Night HeadNurse
HN_18 Mon Early Nurse
HN_19 Mon Night Nurse
HN_19 Tue Night Nurse
HN_19 Wed Night Nurse
HN_19 Thu Night HeadNurse
HN_19 Fri Night Nurse
NU_20 Mon Day Nurse
NU_20 Tue Day Nurse
NU_20 Wed Day Nurse
NU_20 Thu Early Nurse
NU_20 Fri Early Nurse
NU_21 Tue Day Nurse
NU_21 Wed Day Nurse
NU_21 Thu Late Nurse
NU_21 Fri Late Nurse
NU_22 Mon Day Nurse
NU_22 Tue Day Nurse
NU_22 Wed Late Nurse
NU_22 Thu Late Nurse
NU_23 Tue Late Nurse
NU_23 Wed Late Nurse
NU_23 Thu Late Nurse
NU_23 Fri Late Nurse
NU_24 Mon Late Nurse
NU_24 Tue Late Nurse
NU_24 Wed Late Nurse
NU_24 Thu Late Nurse
NU_24 Fri Late Caretaker
NU_25 Mon Night Nurse
NU_25 Tue Night Nurse
NU_25 Wed Night Nurse
NU_25 Thu Night Nurse
NU_25 Fri Night Nurse
NU_26 Wed Early Nurse
NU_26 Thu Early Nurse
NU_26 Fri Early Nurse
NU_26 Sat Day Nurse
NU_26 Sun Day Nurse
NU_27 Mon Early Nurse
NU_27 Tue Early Nurse
NU_27 Wed Day Nurse
NU_27 Thu Day Nurse
NU_28 Mon Late Nurse
NU_28 Tue Late Nurse
NU_28 Wed Late Caretaker
NU_28 Thu Late Nurse
NU_28 Fri Late Caretaker
NU_29 Fri Night Nurse
NU_29 Sat Night Nurse
NU_29 Sun Night Nurse
NU_30 Mon Day Nurse
NU_30 Tue Day Nurse
NU_30 Wed Late Caretaker
NU_30 Thu Late Caretaker
NU_30 Fri Late Caretaker
NU_31 Wed Night Nurse
NU_31 Thu Night Nurse
NU_31 Fri Night Nurse
NU_31 Sat Night Caretaker
NU_31 Sun Night Caretaker
NU_32 Mon Day Nurse
NU_32 Tue Day Caretaker
NU_32 Wed Day Nurse
NU_32 Thu Day Nurse
NU_32 Fri Day Nurse
NU_33 Mon Early Caretaker
NU_33 Tue Early Nurse
NU_33 Wed Late Caretaker
NU_33 Thu Late Caretaker
NU_33 Fri Late Caretaker
NU_34 Tue Day Caretaker
NU_34 Wed Day Nurse
NU_34 Thu Day Nurse
NU_34 Fri Day Caretaker
NU_35 Tue Night Nurse
NU_35 Wed Night Nurse
NU_35 Thu Night Nurse
NU_35 Fri Night Caretaker
NU_36 Mon Night Nurse
NU_36 Thu Early Nurse
NU_36 Fri Early Caretaker
NU_36 Sat Early Nurse
NU_36 Sun Day Caretaker
NU_37 Mon Early Caretaker
NU_37 Tue Early Caretaker
NU_37 Wed Early Nurse
NU_37 Thu Early Nurse
NU_38 Wed Late Caretaker
NU_38 Thu Late Caretaker
NU_38 Fri Late Caretaker
NU_39 Mon Night Nurse
NU_40 Mon Night Caretaker
NU_40 Tue Night Nurse
NU_40 Wed Night Nurse
NU_40 Thu Night Caretaker
NU_40 Fri Night Caretaker
NU_42 Mon Early Caretaker
NU_42 Tue Early Caretaker
NU_42 Wed Early Nurse
NU_42 Thu Day Nurse
NU_42 Fri Day Caretaker
NU_43 Mon Day Caretaker
NU_43 Tue Day Caretaker
NU_43 Wed Day Caretaker
NU_43 Thu Day Caretaker
NU_44 Tue Early Caretaker
NU_44 Wed Early Caretaker
NU_44 Thu Early Caretaker
NU_44 Fri Late Caretaker
NU_44 Sat Late Caretaker
NU_44 Sun Late Nurse
NU_45 Mon Late Nurse
NU_45 Tue Late Nurse
NU_45 Wed Late Caretaker
NU_45 Thu Late Caretaker
NU_45 Fri Late Caretaker
NU_46 Tue Early Caretaker
NU_46 Wed Early Caretaker
NU_46 Thu Late Caretaker
NU_46 Fri Late Caretaker
NU_47 Mon Late Nurse
NU_47 Tue Late Caretaker
NU_47 Fri Early Caretaker
NU_47 Sat Early Caretaker
NU_47 Sun Early Caretaker
NU_48 Mon Early Caretaker
NU_48 Tue Early Caretaker
NU_48 Wed Day Caretaker
NU_48 Thu Day Caretaker
NU_48 Fri Day Caretaker
NU_49 Mon Late Caretaker
NU_49 Tue Late Caretaker
NU_49 Fri Day Caretaker
NU_49 Sat Day Nurse
NU_49 Sun Day Caretaker
CT_50 Mon Day Caretaker
CT_50 Tue Day Caretaker
CT_50 Wed Day Caretaker
CT_50 Thu Day Caretaker
CT_50 Fri Day Caretaker
CT_51 Mon Night Caretaker
CT_51 Tue Night Caretaker
CT_51 Wed Night Caretaker
CT_51 Thu Night Caretaker
CT_52 Mon Early Caretaker
CT_52 Tue Early Caretaker
CT_52 Wed Early Caretaker
CT_52 Sat Night Caretaker
CT_52 Sun Night Caretaker
CT_53 Mon Night Caretaker
CT_53 Tue Night Caretaker
CT_53 Wed Night Caretaker
CT_53 Thu Night Caretaker
CT_53 Fri Night Caretaker
CT_54 Mon Late Caretaker
CT_54 Tue Late Caretaker
CT_54 Wed Late Caretaker
CT_54 Thu Late Caretaker
CT_55 Mon Late Caretaker
CT_55 Tue Late Caretaker
CT_55 Wed Late Caretaker
CT_55 Thu Late Caretaker
CT_56 Tue Day Caretaker
CT_56 Wed Day Caretaker
CT_56 Thu Late Caretaker
CT_56 Fri Late Caretaker
CT_58 Mon Day Caretaker
CT_58 Tue Day Caretaker
CT_58 Wed Day Caretaker
CT_58 Thu Day Caretaker
CT_59 Mon Late Caretaker
CT_59 Tue Late Caretaker
CT_59 Fri Late Caretaker
CT_59 Sat Late Caretaker
CT_59 Sun Late Caretaker
CT_60 Mon Night Caretaker
CT_60 Tue Night Caretaker
CT_60 Wed Night Caretaker
CT_60 Thu Night Caretaker
CT_60 Fri Night Caretaker
CT_61 Mon Night Caretaker
CT_61 Tue Night Caretaker
CT_61 Wed Night Caretaker
CT_61 Thu Night Caretaker
CT_61 Fri Night Caretaker
CT_62 Thu Early Caretaker
CT_62 Fri Early Caretaker
CT_62 Sat Early Caretaker
CT_62 Sun Day Caretaker
CT_63 Mon Early Caretaker
CT_63 Tue Early Caretaker
CT_63 Wed Early Caretaker
CT_63 Thu Early Caretaker
CT_64 Fri Day Caretaker
CT_64 Sat Day Caretaker
CT_64 Sun Late Caretaker
CT_65 Thu Late Caretaker
CT_65 Fri Late Caretaker
CT_65 Sat Late Caretaker
CT_65 Sun Late Caretaker
CT_66 Tue Night Caretaker
CT_66 Wed Night Caretaker
CT_66 Thu Night Caretaker
CT_66 Fri Night Caretaker
CT_67 Mon Early Caretaker
CT_67 Tue Early Caretaker
CT_68 Mon Night Caretaker
CT_68 Tue Night Caretaker
CT_68 Wed Night Caretaker
CT_68 Thu Night Caretaker
CT_68 Fri Night Caretaker
CT_69 Mon Late Caretaker
CT_69 Tue Late Caretaker
CT_69 Wed Late Caretaker
CT_69 Sat Night Caretaker
CT_69 Sun Night Caretaker
CT_70 Mon Day Caretaker
CT_70 Tue Early Caretaker
CT_70 Wed Early Caretaker
CT_71 Mon Late Caretaker
CT_71 Tue Late Caretaker
CT_71 Fri Day Caretaker
CT_71 Sat Day Caretaker
CT_71 Sun Day Caretaker
CT_72 Wed Early Caretaker
CT_72 Thu Early Caretaker
CT_72 Fri Early Caretaker
CT_73 Fri Early Caretaker
CT_73 Sat Early Caretaker
CT_73 Sun Early Caretaker
CT_74 Tue Night Caretaker
CT_74 Wed Night Caretaker
CT_74 Thu Night Caretaker
CT_74 Fri Night Caretaker
CT_75 Thu Day Caretaker
CT_75 Fri Day Caretaker
CT_75 Sat Late Caretaker
CT_75 Sun Late Caretaker
CT_76 Mon Night Caretaker
CT_77 Thu Day Caretaker
CT_77 Fri Day Caretaker
CT_77 Sat Late Caretaker
CT_77 Sun Late Caretaker
CT_78 Thu Early Caretaker
CT_78 Fri Early Caretaker
CT_78 Sat Day Caretaker
CT_78 Sun Day Caretaker
CT_79 Tue Early Caretaker
CT_79 Wed Early Caretaker
CT_79 Thu Early Caretaker
CT_80 Mon Day Caretaker
CT_80 Tue Day Caretaker
CT_80 Wed Early Caretaker
CT_80 Thu Early Caretaker
CT_80 Fri Early Caretaker
CT_81 Mon Early Caretaker
CT_81 Tue Early Caretaker
CT_81 Wed Day Caretaker
CT_81 Thu Day Caretaker
CT_82 Mon Day Caretaker
CT_82 Tue Day Caretaker
CT_82 Wed Early Caretaker
CT_82 Thu Early Caretaker
CT_82 Fri Early Caretaker
CT_83 Mon Night Caretaker
CT_83 Tue Night Caretaker
CT_83 Wed Night Caretaker
CT_83 Thu Night Caretaker
CT_83 Fri Night Caretaker
CT_84 Mon Late Caretaker
CT_84 Tue Late Caretaker
CT_84 Wed Late Caretaker
CT_84 Sat Night Caretaker
CT_84 Sun Night Caretaker
CT_85 Mon Day Caretaker
CT_85 Tue Day Caretaker
CT_85 Wed Day Caretaker
CT_85 Thu Day Caretaker
CT_86 Mon Night Caretaker
CT_86 Tue Night Caretaker
CT_86 Wed Night Caretaker
CT_86 Sat Night Caretaker
CT_86 Sun Night Caretaker
CT_87 Thu Day Caretaker
CT_87 Fri Day Caretaker
CT_87 Sat Early Caretaker
CT_87 Sun Early Caretaker
CT_88 Mon Night Caretaker
CT_88 Tue Night Caretaker
CT_88 Wed Night Caretaker
CT_88 Thu Night Caretaker
CT_89 Mon Late Caretaker
CT_89 Tue Late Caretaker
TR_90 Mon Early Trainee
TR_91 Mon Late Trainee
TR_91 Tue Late Trainee
TR_91 Wed Late Trainee
TR_91 Thu Late Trainee
TR_91 Fri Late Trainee
TR_92 Mon Night Trainee
TR_92 Tue Night Trainee
TR_92 Wed Night Trainee
TR_92 Thu Night Trainee
TR_93 Fri Day Trainee
TR_93 Sat Day Trainee
TR_93 Sun Day Trainee
TR_94 Mon Late Trainee
TR_94 Tue Late Trainee
TR_94 Fri Night Trainee
TR_94 Sat Night Trainee
TR_94 Sun Night Trainee
TR_96 Mon Night Trainee
TR_96 Tue Night Trainee
TR_96 Wed Night Trainee
TR_96 Thu Night Trainee
TR_96 Fri Night Trainee
TR_97 Mon Day Trainee
TR_97 Tue Day Trainee
TR_97 Wed Day Trainee
TR_97 Thu Day Trainee
TR_98 Mon Day Trainee
TR_98 Thu Early Trainee
TR_98 Fri Early Trainee
TR_98 Sat Late Trainee
TR_98 Sun Late Trainee
TR_99 Mon Day Trainee
TR_99 Tue Day Trainee
TR_99 Wed Day Trainee
TR_99 Thu Day Trainee
TR_100 Mon Early Trainee
TR_100 Tue Early Trainee
TR_100 Wed Early Trainee
TR_100 Sat Early Trainee
TR_100 Sun Early Trainee
TR_101 Thu Day Trainee
TR_101 Fri Day Trainee
TR_101 Sat Early Trainee
TR_101 Sun Early Trainee
TR_102 Mon Day Trainee
TR_102 Thu Late Trainee
TR_102 Fri Late Trainee
TR_102 Sat Late Trainee
TR_102 Sun Late Trainee
TR_103 Mon Early Trainee
TR_103 Tue Early Trainee
TR_103 Wed Early Trainee
TR_103 Thu Early Trainee
TR_104 Wed Night Trainee
TR_104 Thu Night Trainee
TR_104 Fri Night Trainee
TR_104 Sat Night Trainee
TR_104 Sun Night Trainee
TR_105 Mon Early Trainee
TR_105 Tue Early Trainee
TR_105 Wed Early Trainee
TR_105 Thu Early Trainee
TR_105 Fri Early Trainee
TR_106 Mon Night Trainee
TR_106 Tue Night Trainee
TR_106 Wed Night Trainee
TR_106 Thu Night Trainee
TR_106 Fri Night Trainee
TR_107 Sat Late Trainee
TR_107 Sun Late Trainee
TR_108 Mon Day Trainee
TR_108 Tue Day Trainee
TR_108 Wed Day Trainee
TR_108 Thu Early Trainee
TR_108 Fri Early Trainee
TR_109 Mon Late Trainee
TR_109 Tue Late Trainee
TR_109 Wed Late Trainee
TR_109 Thu Late Trainee
TR_109 Fri Late Trainee
TR_110 Mon Day Trainee
TR_110 Tue Day Trainee
TR_110 Wed Day Trainee
TR_110 Sat Day Trainee
TR_110 Sun Day Trainee
TR_111 Mon Night Trainee
TR_111 Thu Early Trainee
TR_111 Fri Early Trainee
TR_111 Sat Early Trainee
TR_111 Sun Early Trainee
TR_112 Wed Late Trainee
TR_112 Thu Late Trainee
TR_112 Fri Late Trainee
TR_113 Mon Late Trainee
TR_113 Tue Late Trainee
TR_113 Wed Late Trainee
TR_113 Sat Night Trainee
TR_113 Sun Night Trainee
TR_114 Wed Day Trainee
TR_114 Thu Day Trainee
TR_114 Fri Day Trainee
TR_115 Mon Night Trainee
TR_115 Tue Night Trainee
TR_115 Wed Night Trainee
TR_115 Thu Night Trainee
TR_115 Fri Night Trainee
TR_116 Wed Early Trainee
TR_116 Thu Early Trainee
TR_116 Fri Early Trainee
TR_116 Sat Day Trainee
TR_116 Sun Day Trainee
TR_117 Mon Late Trainee
TR_117 Tue Late Trainee
TR_117 Wed Late Trainee
TR_117 Thu Late Trainee
TR_118 Mon Night Trainee
TR_118 Thu Day Trainee
TR_118 Fri Day Trainee
TR_118 Sat Early Trainee
TR_118 Sun Early Trainee
TR_119 Mon Early Trainee
TR_119 Tue Early Trainee
TR_119 Wed Late Trainee
TR_119 Thu Late Trainee
