SOLUTION
4 n120w8

ASSIGNMENTS = 477
HN_0 Mon Early HeadNurse
HN_0 Tue Early HeadNurse
HN_0 Fri Late HeadNurse
HN_0 Sat Late Nurse
HN_0 Sun Late HeadNurse
HN_1 Mon Late HeadNurse
HN_1 Tue Late HeadNurse
HN_2 Mon Late Nurse
HN_2 Tue Late HeadNurse
HN_3 Mon Night HeadNurse
HN_3 Tue Night HeadNurse
HN_3 Wed Night HeadNurse
HN_3 Thu Night HeadNurse
HN_4 Wed Late HeadNurse
HN_4 Thu Late HeadNurse
HN_4 Fri Late HeadNurse
HN_5 Thu Night HeadNurse
HN_5 Fri Night HeadNurse
HN_5 Sat Night HeadNurse
HN_5 Sun Night HeadNurse
HN_6 Mon Early HeadNurse
HN_6 Tue Early HeadNurse
HN_7 Wed Day HeadNurse
HN_7 Thu Day HeadNurse
HN_7 Fri Day HeadNurse
HN_8 Mon Night HeadNurse
HN_8 Tue Night HeadNurse
HN_9 Mon Day HeadNurse
HN_9 Tue Day HeadNurse
HN_9 Wed Early HeadNurse
HN_9 Thu Early HeadNurse
HN_9 Fri Early HeadNurse
HN_10 Mon Day Nurse
HN_10 Tue Day HeadNurse
HN_10 Wed Late HeadNurse
HN_10 Thu Late HeadNurse
HN_10 Fri Late HeadNurse
HN_11 Mon Day Nurse
HN_11 Tue Day Nurse
HN_11 Wed Day Nurse
HN_11 Sat Day Nurse
HN_11 Sun Day HeadNurse
HN_12 Mon Night Nurse
HN_12 Tue Night Nurse
HN_13 Tue Late Nurse
HN_13 Wed Late Nurse
HN_13 Thu Late Nurse
HN_13 Fri Late Nurse
HN_14 Mon Early Nurse
HN_14 Tue Early HeadNurse
HN_14 Wed Early Nurse
HN_14 Thu Day Nurse
HN_14 Fri Day HeadNurse
HN_15 Mon Late Nurse
HN_15 Tue Late Nurse
HN_15 Wed Late Nurse
HN_15 Sat Late Nurse
HN_15 Sun Late Nurse
HN_16 Mon Night Nurse
HN_16 Tue Night Nurse
HN_16 Wed Night HeadNurse
HN_16 Thu Night Nurse
HN_16 Fri Night HeadNurse
HN_17 Mon Early Nurse
HN_17 Tue Early Nurse
HN_17 Wed Early Nurse
HN_17 Sat Early HeadNurse
HN_17 Sun Early HeadNurse
HN_18 Mon Night Nurse
HN_18 Tue Night Nurse
HN_18 Wed Night HeadNurse
HN_18 Thu Night Nurse
HN_18 Fri Night Nurse
HN_19 Mon Day Nurse
HN_19 Tue Day Nurse
HN_19 Wed Late Nurse
HN_19 Thu Late Nurse
HN_19 Fri Late Nurse
NU_20 Mon Early Nurse
NU_20 Thu Early Nurse
NU_20 Fri Early Nurse
NU_20 Sat Late Nurse
NU_20 Sun Late Nurse
NU_21 Mon Early Nurse
NU_21 Tue Early Nurse
NU_21 Wed Early Nurse
NU_22 Sat Early Nurse
NU_22 Sun Early Nurse
NU_24 Mon Early Nurse
NU_24 Tue Early Nurse
NU_24 Wed Early Nurse
NU_24 Thu Early Nurse
NU_24 Fri Early Nurse
NU_25 Wed Early Nurse
NU_25 Thu Early Nurse
NU_25 Fri Early Nurse
NU_26 Mon Night Nurse
NU_26 Tue Night Nurse
NU_27 Wed Night Nurse
NU_27 Thu Night Nurse
NU_27 Fri Night Nurse
NU_27 Sat Night Nurse
NU_27 Sun Night Nurse
NU_28 Mon Night Nurse
NU_28 Tue Night Caretaker
NU_28 Wed Night Nurse
NU_28 Thu Night Nurse
NU_28 Fri Night Nurse
NU_29 Mon Early Caretaker
NU_29 Tue Early Nurse
NU_29 Wed Early Caretaker
NU_29 Thu Late Nurse
NU_29 Fri Late Nurse
NU_30 Mon Early Caretaker
NU_30 Tue Early Caretaker
NU_30 Wed Day Nurse
NU_30 Thu Day Nurse
NU_30 Fri Day Nurse
NU_31 Mon Late Nurse
NU_31 Tue Late Nurse
NU_31 Wed Late Nurse
NU_31 Sat Day Nurse
NU_31 Sun Day Nurse
NU_32 Mon Day Nurse
NU_32 Tue Day Nurse
NU_32 Wed Late Nurse
NU_32 Thu Late Nurse
NU_32 Fri Late Nurse
NU_33 Mon Day Nurse
NU_33 Tue Day Nurse
NU_33 Wed Day Nurse
NU_33 Thu Late Caretaker
NU_33 Fri Late Caretaker
NU_34 Mon Night Caretaker
NU_34 Tue Night Caretaker
NU_34 Wed Night Nurse
NU_34 Thu Night Nurse
NU_35 Mon Late Nurse
NU_35 Tue Late Nurse
NU_35 Wed Late Caretaker
NU_36 Mon Late Caretaker
NU_36 Tue Late Caretaker
NU_36 Wed Late Caretaker
NU_36 Sat Day Nurse
NU_36 Sun Day Nurse
NU_37 Fri Day Nurse
NU_37 Sat Day Caretaker
NU_37 Sun Day Caretaker
NU_38 Mon Night Caretaker
NU_38 Thu Day Nurse
NU_38 Fri Day Nurse
NU_38 Sat Early Nurse
NU_38 Sun Early Nurse
NU_39 Tue Day Nurse
NU_39 Wed Day Nurse
NU_39 Thu Early Nurse
NU_39 Fri Early Nurse
NU_40 Mon Day Caretaker
NU_40 Tue Day Caretaker
NU_40 Wed Early Caretaker
NU_40 Thu Early Caretaker
NU_40 Fri Early Nurse
NU_41 Mon Night Caretaker
NU_41 Tue Night Caretaker
NU_41 Wed Night Caretaker
NU_41 Thu Night Caretaker
NU_42 Mon Late Caretaker
NU_42 Tue Late Caretaker
NU_42 Wed Late Caretaker
NU_42 Thu Late Caretaker
NU_42 Fri Late Caretaker
NU_43 Fri Night Nurse
NU_43 Sat Night Nurse
NU_43 Sun Night Nurse
NU_44 Mon Late Caretaker
NU_44 Tue Late Caretaker
NU_45 Mon Early Caretaker
NU_45 Tue Early Caretaker
NU_45 Wed Day Caretaker
NU_45 Thu Day Caretaker
NU_45 Fri Day Nurse
NU_46 Mon Early Caretaker
NU_46 Fri Day Nurse
NU_46 Sat Day Caretaker
NU_46 Sun Day Caretaker
NU_47 Mon Early Caretaker
NU_47 Fri Night Caretaker
NU_47 Sat Night Caretaker
NU_47 Sun Night Caretaker
NU_48 Mon Day Caretaker
NU_48 Tue Day Caretaker
NU_48 Wed Day Caretaker
NU_48 Thu Day Caretaker
NU_48 Fri Day Caretaker
NU_49 Mon Day Caretaker
NU_49 Tue Day Caretaker
NU_49 Wed Day Caretaker
NU_49 Thu Day Caretaker
NU_49 Fri Day Caretaker
CT_50 Mon Early Caretaker
CT_50 Tue Early Caretaker
CT_50 Wed Early Caretaker
CT_50 Thu Early Caretaker
CT_50 Fri Early Caretaker
CT_51 Mon Late Caretaker
CT_51 Tue Late Caretaker
CT_51 Sat Early Caretaker
CT_51 Sun Early Caretaker
CT_52 Mon Night Caretaker
CT_52 Tue Night Caretaker
CT_52 Wed Night Caretaker
CT_52 Thu Night Caretaker
CT_52 Fri Night Caretaker
CT_53 Wed Late Caretaker
CT_53 Thu Late Caretaker
CT_53 Fri Late Caretaker
CT_54 Fri Night Caretaker
CT_54 Sat Night Caretaker
CT_54 Sun Night Caretaker
CT_55 Mon Early Caretaker
CT_55 Tue Early Caretaker
CT_55 Wed Late Caretaker
CT_55 Thu Late Caretaker
CT_55 Fri Late Caretaker
CT_56 Tue Early Caretaker
CT_56 Wed Early Caretaker
CT_56 Thu Late Caretaker
CT_56 Fri Late Caretaker
CT_57 Tue Early Caretaker
CT_57 Wed Early Caretaker
CT_57 Thu Day Caretaker
CT_57 Fri Day Caretaker
CT_58 Wed Night Caretaker
CT_58 Thu Night Caretaker
CT_58 Fri Night Caretaker
CT_58 Sat Night Caretaker
CT_58 Sun Night Caretaker
CT_59 Mon Night Caretaker
CT_59 Tue Night Caretaker
CT_59 Wed Night Caretaker
CT_59 Thu Night Caretaker
CT_59 Fri Night Caretaker
CT_60 Wed Early Caretaker
CT_60 Thu Early Caretaker
CT_60 Fri Early Caretaker
CT_61 Mon Late Caretaker
CT_61 Tue Late Caretaker
CT_62 Mon Night Caretaker
CT_63 Thu Day Caretaker
CT_63 Fri Day Caretaker
CT_63 Sat Late Caretaker
CT_63 Sun Late Caretaker
CT_64 Thu Day Caretaker
CT_64 Fri Day Caretaker
CT_64 Sat Late Caretaker
CT_64 Sun Late Caretaker
CT_65 Mon Late Caretaker
CT_65 Tue Late Caretaker
CT_66 Sat Day Caretaker
CT_66 Sun Day Caretaker
CT_67 Mon Night Caretaker
CT_67 Tue Night Caretaker
CT_67 Wed Night Caretaker
CT_67 Thu Night Caretaker
CT_67 Fri Night Caretaker
CT_68 Tue Early Caretaker
CT_68 Wed Early Caretaker
CT_68 Thu Day Caretaker
CT_68 Fri Day Caretaker
CT_69 Mon Early Caretaker
CT_69 Tue Early Caretaker
CT_69 Wed Day Caretaker
CT_69 Thu Day Caretaker
CT_69 Fri Day Caretaker
CT_70 Mon Day Caretaker
CT_70 Tue Day Caretaker
CT_70 Fri Late Caretaker
CT_70 Sat Late Caretaker
CT_70 Sun Late Caretaker
CT_71 Mon Late Caretaker
CT_71 Tue Late Caretaker
CT_71 Wed Late Caretaker
CT_71 Sat Early Caretaker
CT_71 Sun Early Caretaker
CT_72 Mon Late Caretaker
CT_72 Tue Late Caretaker
CT_72 Wed Late Caretaker
CT_72 Thu Late Caretaker
CT_72 Fri Late Caretaker
CT_73 Mon Night Caretaker
CT_73 Tue Night Caretaker
CT_73 Wed Night Caretaker
CT_73 Thu Night Caretaker
CT_73 Fri Night Caretaker
CT_74 Mon Late Caretaker
CT_74 Tue Late Caretaker
CT_75 Thu Early Caretaker
CT_75 Fri Early Caretaker
CT_75 Sat Day Caretaker
CT_75 Sun Day Caretaker
CT_76 Tue Day Caretaker
CT_76 Wed Day Caretaker
CT_76 Thu Day Caretaker
CT_76 Fri Day Caretaker
CT_77 Mon Day Caretaker
CT_77 Tue Day Caretaker
CT_77 Wed Day Caretaker
CT_77 Thu Day Caretaker
CT_79 Thu Early Caretaker
CT_79 Fri Early Caretaker
CT_79 Sat Early Caretaker
CT_79 Sun Early Caretaker
CT_80 Mon Night Caretaker
CT_80 Tue Night Caretaker
CT_80 Wed Night Caretaker
CT_80 Thu Night Caretaker
CT_80 Fri Night Caretaker
CT_81 Wed Day Caretaker
CT_81 Thu Day Caretaker
CT_81 Fri Day Caretaker
CT_82 Mon Day Caretaker
CT_82 Tue Day Caretaker
CT_82 Wed Late Caretaker
CT_82 Thu Late Caretaker
CT_82 Fri Late Caretaker
CT_83 Mon Day Caretaker
CT_83 Tue Day Caretaker
CT_83 Wed Early Caretaker
CT_83 Thu Early Caretaker
CT_83 Fri Early Caretaker
CT_84 Mon Day Caretaker
CT_84 Tue Day Caretaker
CT_84 Wed Early Caretaker
CT_84 Thu Early Caretaker
CT_84 Fri Early Caretaker
CT_85 Fri Early Caretaker
CT_85 Sat Early Caretaker
CT_85 Sun Early Caretaker
CT_86 Mon Night Caretaker
CT_86 Tue Night Caretaker
CT_86 Wed Night Caretaker
CT_86 Thu Night Caretaker
CT_86 Fri Night Caretaker
CT_87 Wed Early Caretaker
CT_87 Thu Early Caretaker
CT_87 Fri Early Caretaker
CT_87 Sat Day Caretaker
CT_87 Sun Day Caretaker
CT_88 Thu Early Caretaker
CT_88 Fri Early Caretaker
CT_88 Sat Early Caretaker
CT_88 Sun Early Caretaker
CT_89 Thu Night Caretaker
CT_89 Fri Night Caretaker
CT_89 Sat Night Caretaker
CT_89 Sun Night Caretaker
TR_90 Tue Early Trainee
TR_90 Wed Early Trainee
TR_90 Thu Early Trainee
TR_90 Fri Early Trainee
TR_91 Mon Night Trainee
TR_91 Tue Night Trainee
TR_91 Wed Night Trainee
TR_91 Thu Night Trainee
TR_91 Fri Night Trainee
TR_92 Fri Night Trainee
TR_92 Sat Night Trainee
TR_92 Sun Night Trainee
TR_93 Mon Night Trainee
TR_94 Mon Night Trainee
TR_94 Tue Night Trainee
TR_94 Wed Night Trainee
TR_94 Thu Night Trainee
TR_94 Fri Night Trainee
TR_95 Mon Day Trainee
TR_95 Tue Day Trainee
TR_95 Wed Day Trainee
TR_95 Thu Day Trainee
TR_96 Tue Day Trainee
TR_96 Wed Day Trainee
TR_96 Thu Late Trainee
TR_96 Fri Late Trainee
TR_97 Tue Day Trainee
TR_97 Wed Day Trainee
TR_97 Thu Day Trainee
TR_97 Fri Day Trainee
TR_98 Thu Day Trainee
TR_98 Fri Day Trainee
TR_98 Sat Day Trainee
TR_98 Sun Day Trainee
TR_99 Mon Night Trainee
TR_99 Tue Night Trainee
TR_99 Wed Night Trainee
TR_99 Thu Night Trainee
TR_100 Mon Day Trainee
TR_100 Tue Day Trainee
TR_100 Wed Day Trainee
TR_100 Thu Late Trainee
TR_100 Fri Late Trainee
TR_101 Mon Late Trainee
TR_101 Tue Late Trainee
TR_102 Mon Late Trainee
TR_102 Tue Late Trainee
TR_102 Wed Late Trainee
TR_102 Sat Early Trainee
TR_102 Sun Early Trainee
TR_103 Thu Early Trainee
TR_103 Fri Early Trainee
TR_103 Sat Day Trainee
TR_103 Sun Day Trainee
TR_105 Mon Night Trainee
TR_105 Tue Night Trainee
TR_105 Fri Late Trainee
TR_105 Sat Late Trainee
TR_105 Sun Late Trainee
TR_106 Mon Night Trainee
TR_106 Tue Night Trainee
TR_106 Wed Night Trainee
TR_106 Thu Night Trainee
TR_106 Fri Night Trainee
TR_107 Mon Day Trainee
TR_107 Tue Day Trainee
TR_107 Wed Day Trainee
TR_107 Thu Day Trainee
TR_108 Wed Early Trainee
TR_108 Thu Early Trainee
TR_108 Fri Early Trainee
TR_109 Mon Late Trainee
TR_109 Tue Late Trainee
TR_109 Wed Late Trainee
TR_109 Thu Late Trainee
TR_109 Fri Late Trainee
TR_110 Mon Early Trainee
TR_110 Tue Early Trainee
TR_110 Wed Early Trainee
TR_110 Thu Day Trainee
TR_110 Fri Day Trainee
TR_111 Mon Early Trainee
TR_111 Tue Early Trainee
TR_111 Wed Early Trainee
TR_111 Sat Late Trainee
TR_111 Sun Late Trainee
TR_112 Mon Late Trainee
TR_112 Thu Day Trainee
TR_112 Fri Day Trainee
TR_112 Sat Day Trainee
TR_112 Sun Early Trainee
TR_113 Mon Day Trainee
TR_113 Tue Day Trainee
TR_113 Wed Early Trainee
TR_113 Thu Early Trainee
TR_113 Fri Early Trainee
TR_114 Wed Late Trainee
TR_114 Thu Late Trainee
TR_114 Fri Late Trainee
TR_115 Mon Early Trainee
TR_115 Tue Early Trainee
TR_115 Fri Night Trainee
TR_115 Sat Night Trainee
TR_115 Sun Night Trainee
TR_116 Mon Late Trainee
TR_116 Tue Late Trainee
TR_116 Wed Late Trainee
TR_116 Sat Early Trainee
TR_116 Sun Early Trainee
TR_117 Mon Late Trainee
TR_117 Tue Late Trainee
TR_117 Sat Late Trainee
TR_117 Sun Late Trainee
TR_118 Mon Early Trainee
TR_118 Tue Early Trainee
TR_118 Wed Early Trainee
TR_118 Sat Early Trainee
TR_118 Sun Early Trainee
TR_119 Wed Late Trainee
TR_119 Thu Late Trainee
TR_119 Fri Late Trainee
