SOLUTION
3 n080w8

ASSIGNMENTS = 273
HN_0 Tue Late HeadNurse
HN_0 Wed Late HeadNurse
HN_0 Thu Late HeadNurse
HN_0 Fri Late HeadNurse
HN_1 Mon Night Nurse
HN_1 Tue Night HeadNurse
HN_1 Wed Night HeadNurse
HN_1 Thu Night HeadNurse
HN_1 Fri Night HeadNurse
HN_2 Mon Day HeadNurse
HN_3 Thu Early HeadNurse
HN_3 Fri Early HeadNurse
HN_3 Sat Early HeadNurse
HN_3 Sun Day HeadNurse
HN_4 Mon Late HeadNurse
HN_4 Tue Late Nurse
HN_5 Mon Early HeadNurse
HN_6 Mon Early Nurse
HN_6 Tue Early HeadNurse
HN_6 Wed Early HeadNurse
HN_6 Thu Day HeadNurse
HN_6 Fri Day Nurse
HN_7 Mon Day Nurse
HN_7 Thu Early Nurse
HN_7 Fri Early Nurse
HN_7 Sat Early Nurse
HN_7 Sun Early Nurse
HN_8 Thu Late Nurse
HN_8 Fri Late Nurse
HN_8 Sat Late Nurse
HN_8 Sun Late HeadNurse
HN_9 Wed Day HeadNurse
HN_9 Thu Day Nurse
HN_9 Fri Day Nurse
NU_10 Mon Late Nurse
NU_10 Tue Late Caretaker
NU_10 Wed Late Nurse
NU_10 Thu Late Caretaker
NU_10 Fri Late Nurse
NU_11 Mon Early Nurse
NU_11 Tue Early Nurse
NU_12 Fri Early Nurse
NU_12 Sat Early Nurse
NU_12 Sun Day Nurse
NU_13 Fri Day Caretaker
NU_13 Sat Day Nurse
NU_13 Sun Day Caretaker
NU_14 Tue Late Caretaker
NU_14 Wed Late Nurse
NU_14 Thu Late Caretaker
NU_14 Fri Late Caretaker
NU_15 Tue Night Nurse
NU_15 Wed Night Nurse
NU_15 Thu Night Nurse
NU_15 Fri Night Nurse
NU_16 Wed Early Nurse
NU_16 Thu Early Nurse
NU_16 Fri Early Caretaker
NU_17 Sat Late Caretaker
NU_17 Sun Late Nurse
NU_18 Wed Night Nurse
NU_18 Thu Night Caretaker
NU_18 Fri Night Nurse
NU_18 Sat Night Nurse
NU_18 Sun Night Nurse
NU_19 Mon Day Nurse
NU_19 Tue Day Nurse
NU_19 Wed Day Nurse
NU_19 Thu Early Caretaker
NU_19 Fri Early Caretaker
CT_20 Tue Early Caretaker
CT_20 Wed Early Caretaker
CT_20 Thu Early Caretaker
CT_20 Fri Early Caretaker
CT_21 Sat Day Caretaker
CT_21 Sun Day Caretaker
CT_22 Mon Late Caretaker
CT_22 Fri Early Caretaker
CT_22 Sat Early Caretaker
CT_22 Sun Early Caretaker
CT_23 Mon Early Caretaker
CT_23 Tue Early Caretaker
CT_24 Wed Night Caretaker
CT_24 Thu Night Caretaker
CT_24 Fri Night Caretaker
CT_24 Sat Night Caretaker
CT_24 Sun Night Caretaker
CT_25 Wed Day Caretaker
CT_25 Thu Day Caretaker
CT_25 Fri Day Caretaker
CT_26 Mon Day Caretaker
CT_26 Tue Day Caretaker
CT_26 Wed Early Caretaker
CT_26 Thu Early Caretaker
CT_26 Fri Early Caretaker
CT_27 Mon Day Caretaker
CT_27 Tue Day Caretaker
CT_27 Wed Day Caretaker
CT_27 Thu Early Caretaker
CT_27 Fri Early Caretaker
CT_28 Mon Day Caretaker
CT_29 Tue Early Caretaker
CT_29 Wed Early Caretaker
CT_29 Thu Early Caretaker
CT_29 Fri Early Caretaker
CT_30 Sat Day Caretaker
CT_30 Sun Day Caretaker
CT_31 Sat Early Caretaker
CT_31 Sun Early Caretaker
CT_32 Mon Late Caretaker
CT_32 Tue Late Caretaker
CT_32 Wed Late Caretaker
CT_33 Mon Night Caretaker
CT_33 Tue Night Caretaker
CT_33 Wed Night Caretaker
CT_34 Mon Night Caretaker
CT_34 Tue Night Caretaker
CT_34 Wed Night Caretaker
CT_34 Thu Night Caretaker
CT_35 Tue Day Caretaker
CT_35 Wed Day Caretaker
CT_35 Thu Day Caretaker
CT_36 Mon Night Caretaker
CT_36 Tue Night Caretaker
CT_36 Wed Night Caretaker
CT_37 Mon Day Caretaker
CT_37 Tue Day Caretaker
CT_37 Wed Early Caretaker
CT_37 Thu Early Caretaker
CT_37 Fri Early Caretaker
CT_38 Mon Late Caretaker
CT_38 Tue Late Caretaker
CT_38 Fri Late Caretaker
CT_38 Sat Late Caretaker
CT_38 Sun Late Caretaker
CT_39 Mon Early Caretaker
CT_39 Tue Early Caretaker
CT_39 Wed Day Caretaker
CT_39 Thu Day Caretaker
CT_39 Fri Day Caretaker
CT_40 Mon Day Caretaker
CT_40 Tue Day Caretaker
CT_40 Wed Late Caretaker
CT_40 Thu Late Caretaker
CT_40 Fri Late Caretaker
CT_41 Sat Late Caretaker
CT_41 Sun Late Caretaker
CT_42 Mon Night Caretaker
CT_42 Tue Night Caretaker
CT_42 Wed Night Caretaker
CT_42 Thu Night Caretaker
CT_42 Fri Night Caretaker
CT_43 Mon Night Caretaker
CT_43 Tue Night Caretaker
CT_43 Wed Night Caretaker
CT_43 Thu Night Caretaker
CT_44 Wed Day Caretaker
CT_44 Thu Day Caretaker
CT_44 Fri Day Caretaker
CT_45 Sat Late Caretaker
CT_45 Sun Late Caretaker
CT_46 Mon Early Caretaker
CT_46 Tue Early Caretaker
CT_46 Fri Night Caretaker
CT_46 Sat Night Caretaker
CT_46 Sun Night Caretaker
CT_47 Mon Late Caretaker
CT_47 Tue Late Caretaker
CT_47 Wed Late Caretaker
CT_47 Thu Late Caretaker
CT_47 Fri Late Caretaker
CT_48 Wed Late Caretaker
CT_48 Thu Late Caretaker
CT_48 Fri Late Caretaker
CT_49 Mon Day Caretaker
CT_49 Tue Day Caretaker
CT_49 Wed Late Caretaker
CT_49 Thu Late Caretaker
CT_49 Fri Late Caretaker
CT_50 Tue Late Caretaker
CT_50 Wed Late Caretaker
CT_50 Thu Late Caretaker
CT_51 Mon Late Caretaker
CT_51 Tue Late Caretaker
CT_52 Tue Early Caretaker
CT_52 Wed Early Caretaker
CT_52 Thu Early Caretaker
CT_53 Thu Day Caretaker
CT_53 Fri Day Caretaker
CT_53 Sat Early Caretaker
CT_53 Sun Early Caretaker
CT_54 Mon Night Caretaker
CT_54 Tue Night Caretaker
CT_54 Wed Night Caretaker
CT_55 Fri Night Caretaker
CT_55 Sat Night Caretaker
CT_55 Sun Night Caretaker
CT_56 Mon Early Caretaker
CT_56 Tue Early Caretaker
CT_56 Wed Early Caretaker
CT_56 Thu Day Caretaker
CT_56 Fri Day Caretaker
CT_57 Mon Early Caretaker
CT_57 Tue Early Caretaker
CT_57 Wed Day Caretaker
CT_57 Thu Day Caretaker
CT_57 Fri Day Caretaker
CT_58 Tue Night Caretaker
CT_58 Wed Night Caretaker
CT_58 Thu Night Caretaker
CT_58 Fri Night Caretaker
CT_59 Mon Night Caretaker
CT_59 Tue Night Caretaker
TR_61 Mon Early Trainee
TR_61 Tue Early Trainee
TR_61 Wed Early Trainee
TR_62 Mon Night Trainee
TR_62 Tue Night Trainee
TR_62 Wed Night Trainee
TR_63 Wed Night Trainee
TR_63 Thu Night Trainee
TR_63 Fri Night Trainee
TR_63 Sat Night Trainee
TR_63 Sun Night Trainee
TR_64 Sat Early Trainee
TR_64 Sun Early Trainee
TR_65 Mon Late Trainee
TR_65 Tue Late Trainee
TR_65 Wed Late Trainee
TR_66 Mon Night Trainee
TR_67 Mon Day Trainee
TR_67 Tue Day Trainee
TR_68 Wed Early Trainee
TR_68 Thu Early Trainee
TR_68 Fri Early Trainee
TR_69 Mon Early Trainee
TR_69 Tue Early Trainee
TR_70 Wed Day Trainee
TR_70 Thu Day Trainee
TR_70 Fri Day Trainee
TR_71 Mon Late Trainee
TR_71 Tue Late Trainee
TR_71 Wed Late Trainee
TR_72 Thu Late Trainee
TR_72 Fri Late Trainee
TR_72 Sat Late Trainee
TR_72 Sun Late Trainee
TR_73 Mon Night Trainee
TR_73 Tue Night Trainee
TR_73 Wed Night Trainee
TR_73 Thu Night Trainee
TR_73 Fri Night Trainee
TR_74 Fri Day Trainee
TR_74 Sat Day Trainee
TR_74 Sun Day Trainee
TR_75 Fri Late Trainee
TR_75 Sat Late Trainee
TR_75 Sun Late Trainee
TR_76 Mon Day Trainee
TR_76 Tue Day Trainee
TR_76 Wed Late Trainee
TR_76 Thu Late Trainee
TR_76 Fri Late Trainee
TR_77 Tue Day Trainee
TR_77 Wed Day Trainee
TR_77 Thu Early Trainee
TR_77 Fri Early Trainee
TR_78 Tue Early Trainee
TR_78 Wed Early Trainee
TR_78 Thu Early Trainee
TR_79 Wed Day Trainee
TR_79 Thu Day Trainee
TR_79 Fri Day Trainee
