SOLUTION
2 n050w8

ASSIGNMENTS = 210
HN_0 Mon Night Nurse
HN_0 Tue Night Nurse
HN_0 Wed Night Nurse
HN_0 Thu Night Nurse
HN_0 Fri Night Nurse
HN_1 Mon Early Nurse
HN_1 Tue Early HeadNurse
HN_1 Wed Early HeadNurse
HN_1 Thu Day HeadNurse
HN_1 Fri Day Nurse
HN_2 Mon Late HeadNurse
HN_2 Tue Late Nurse
HN_3 Mon Late Nurse
HN_3 Tue Late Nurse
HN_3 Fri Night Nurse
HN_3 Sat Night Nurse
HN_3 Sun Night HeadNurse
HN_4 Mon Night Nurse
HN_4 Sat Day HeadNurse
HN_4 Sun Day Nurse
HN_5 Tue Day HeadNurse
HN_5 Wed Day Nurse
HN_5 Thu Early HeadNurse
HN_5 Fri Early Nurse
NU_6 Mon Day Nurse
NU_6 Tue Day Nurse
NU_6 Wed Day Nurse
NU_6 Thu Day Nurse
NU_6 Fri Day Nurse
NU_7 Mon Late Nurse
NU_7 Tue Late Nurse
NU_8 Mon Late Caretaker
NU_8 Tue Late Caretaker
NU_8 Wed Late Nurse
NU_8 Sat Day Nurse
NU_8 Sun Day Nurse
NU_9 Mon Day Nurse
NU_9 Tue Day Nurse
NU_9 Wed Early Nurse
NU_9 Thu Early Nurse
NU_10 Mon Day Caretaker
NU_10 Thu Day Nurse
NU_10 Fri Day Caretaker
NU_10 Sat Day Caretaker
NU_10 Sun Early Nurse
NU_11 Mon Late Caretaker
NU_11 Tue Late Caretaker
NU_11 Wed Late Nurse
NU_11 Thu Late Nurse
NU_11 Fri Late Nurse
NU_12 Wed Night Nurse
NU_12 Thu Night Nurse
NU_12 Fri Night Nurse
NU_12 Sat Night Nurse
NU_12 Sun Night Nurse
NU_13 Tue Early Nurse
NU_13 Wed Early Nurse
NU_13 Thu Early Nurse
NU_14 Mon Late Caretaker
NU_14 Thu Early Nurse
NU_14 Fri Early Nurse
NU_14 Sat Early Nurse
NU_14 Sun Early Caretaker
NU_15 Mon Early Nurse
NU_15 Tue Early Nurse
NU_15 Wed Early Caretaker
NU_15 Thu Early Caretaker
NU_15 Fri Early Nurse
NU_16 Mon Night Nurse
NU_16 Fri Late Nurse
NU_16 Sat Late Nurse
NU_16 Sun Late Nurse
NU_17 Tue Late Caretaker
NU_17 Wed Late Caretaker
NU_17 Thu Late Nurse
NU_17 Fri Late Nurse
NU_18 Mon Night Caretaker
NU_18 Tue Night Caretaker
NU_18 Wed Night Nurse
NU_19 Mon Late Caretaker
NU_19 Tue Late Caretaker
NU_19 Wed Late Caretaker
NU_19 Thu Late Nurse
NU_19 Fri Late Nurse
NU_20 Mon Early Caretaker
NU_20 Tue Early Caretaker
NU_20 Wed Early Caretaker
NU_20 Thu Late Caretaker
NU_20 Fri Late Caretaker
NU_21 Mon Night Caretaker
NU_21 Tue Night Caretaker
NU_21 Wed Night Caretaker
NU_21 Thu Night Caretaker
NU_21 Fri Night Caretaker
NU_22 Wed Day Nurse
NU_22 Thu Day Nurse
NU_22 Fri Day Caretaker
NU_23 Mon Early Caretaker
NU_23 Tue Early Caretaker
NU_23 Wed Late Caretaker
NU_23 Thu Late Caretaker
NU_23 Fri Late Caretaker
NU_24 Wed Night Caretaker
NU_24 Thu Night Caretaker
NU_24 Fri Night Caretaker
NU_24 Sat Night Caretaker
NU_24 Sun Night Caretaker
NU_25 Mon Day Caretaker
NU_25 Tue Day Nurse
NU_25 Wed Early Caretaker
NU_25 Thu Early Caretaker
NU_25 Fri Early Caretaker
NU_26 Mon Day Caretaker
NU_26 Tue Day Caretaker
NU_26 Wed Day Nurse
NU_26 Thu Day Nurse
NU_26 Fri Day Caretaker
NU_27 Tue Night Caretaker
NU_27 Wed Night Caretaker
NU_27 Thu Night Caretaker
NU_27 Fri Night Caretaker
CT_28 Mon Late Caretaker
CT_28 Thu Early Caretaker
CT_28 Fri Early Caretaker
CT_28 Sat Late Caretaker
CT_28 Sun Late Caretaker
CT_29 Tue Late Caretaker
CT_29 Wed Late Caretaker
CT_29 Thu Late Caretaker
CT_29 Fri Late Caretaker
CT_30 Tue Day Caretaker
CT_30 Wed Day Caretaker
CT_30 Thu Day Caretaker
CT_31 Mon Early Caretaker
CT_31 Tue Early Caretaker
CT_31 Wed Early Caretaker
CT_31 Thu Day Caretaker
CT_31 Fri Day Caretaker
CT_32 Thu Early Caretaker
CT_32 Fri Early Caretaker
CT_32 Sat Day Caretaker
CT_32 Sun Day Caretaker
CT_33 Mon Early Caretaker
CT_33 Tue Early Caretaker
CT_33 Wed Early Caretaker
CT_33 Thu Late Caretaker
CT_33 Fri Late Caretaker
CT_34 Fri Late Caretaker
CT_34 Sat Late Caretaker
CT_34 Sun Late Caretaker
CT_35 Mon Day Caretaker
CT_35 Tue Day Caretaker
CT_35 Wed Day Caretaker
CT_35 Thu Day Caretaker
CT_36 Tue Day Caretaker
CT_36 Wed Day Caretaker
CT_36 Thu Day Caretaker
CT_37 Wed Day Caretaker
CT_37 Thu Day Caretaker
CT_37 Fri Day Caretaker
CT_38 Mon Night Caretaker
CT_38 Tue Night Caretaker
CT_38 Wed Night Caretaker
CT_38 Thu Night Caretaker
CT_38 Fri Night Caretaker
CT_39 Wed Night Caretaker
CT_39 Thu Night Caretaker
CT_39 Fri Night Caretaker
CT_39 Sat Night Caretaker
CT_39 Sun Night Caretaker
TR_40 Tue Night Trainee
TR_40 Wed Night Trainee
TR_40 Thu Night Trainee
TR_40 Fri Night Trainee
TR_41 Mon Night Trainee
TR_41 Sat Early Trainee
TR_41 Sun Early Trainee
TR_42 Tue Late Trainee
TR_42 Wed Late Trainee
TR_42 Thu Late Trainee
TR_43 Mon Early Trainee
TR_43 Tue Early Trainee
TR_43 Wed Early Trainee
TR_43 Thu Day Trainee
TR_43 Fri Day Trainee
TR_44 Tue Early Trainee
TR_44 Wed Early Trainee
TR_44 Thu Late Trainee
TR_44 Fri Late Trainee
TR_45 Mon Day Trainee
TR_45 Tue Day Trainee
TR_45 Wed Day Trainee
TR_45 Thu Night Trainee
TR_45 Fri Night Trainee
TR_46 Mon Night Trainee
TR_46 Tue Night Trainee
TR_47 Mon Late Trainee
TR_47 Thu Early Trainee
TR_47 Fri Early Trainee
TR_47 Sat Early Trainee
TR_47 Sun Early Trainee
TR_48 Mon Day Trainee
TR_48 Tue Day Trainee
TR_48 Wed Day Trainee
TR_48 Sat Day Trainee
TR_48 Sun Day Trainee
TR_49 Mon Early Trainee
TR_49 Tue Early Trainee
TR_49 Wed Day Trainee
TR_49 Thu Day Trainee
