SOLUTION
5 n050w8

ASSIGNMENTS = 212
HN_0 Mon Day HeadNurse
HN_0 Tue Day HeadNurse
HN_0 Fri Late Nurse
HN_0 Sat Late HeadNurse
HN_0 Sun Night Nurse
HN_1 Mon Late Nurse
HN_1 Thu Early HeadNurse
HN_1 Fri Early Nurse
HN_1 Sat Early HeadNurse
HN_1 Sun Day HeadNurse
HN_2 Mon Late Nurse
HN_2 Tue Late Nurse
HN_2 Wed Late HeadNurse
HN_2 Thu Late Nurse
HN_3 Mon Early HeadNurse
HN_3 Tue Early Nurse
HN_3 Wed Late Nurse
HN_3 Thu Late Nurse
HN_4 Mon Night Nurse
HN_4 Tue Night HeadNurse
HN_4 Wed Night HeadNurse
HN_4 Thu Night Nurse
HN_5 Tue Day Nurse
HN_5 Wed Day HeadNurse
HN_5 Thu Day Nurse
NU_6 Mon Early Nurse
NU_6 Tue Early Nurse
NU_6 Wed Day Nurse
NU_6 Thu Day Nurse
NU_6 Fri Day Nurse
NU_7 Mon Day Nurse
NU_7 Tue Day Nurse
NU_7 Wed Early Nurse
NU_7 Thu Early Nurse
NU_8 Mon Night Nurse
NU_8 Sat Early Nurse
NU_8 Sun Early Nurse
NU_9 Thu Day Nurse
NU_9 Fri Day Nurse
NU_9 Sat Late Nurse
NU_9 Sun Late Nurse
NU_10 Mon Late Nurse
NU_10 Tue Late Nurse
NU_10 Wed Late Nurse
NU_10 Thu Late Nurse
NU_10 Fri Late Nurse
NU_11 Mon Day Nurse
NU_11 Tue Day Nurse
NU_11 Wed Day Nurse
NU_11 Thu Late Nurse
NU_11 Fri Late Caretaker
NU_12 Mon Late Caretaker
NU_12 Tue Late Nurse
NU_12 Wed Late Nurse
NU_12 Thu Late Caretaker
NU_12 Fri Late Caretaker
NU_13 Tue Day Nurse
NU_13 Wed Day Caretaker
NU_13 Thu Day Nurse
NU_14 Mon Day Nurse
NU_14 Tue Day Caretaker
NU_14 Wed Early Nurse
NU_14 Thu Early Nurse
NU_14 Fri Early Nurse
NU_15 Mon Late Caretaker
NU_15 Fri Day Nurse
NU_15 Sat Day Nurse
NU_15 Sun Day Nurse
NU_16 Mon Day Caretaker
NU_16 Tue Day Caretaker
NU_16 Wed Late Caretaker
NU_16 Thu Late Caretaker
NU_17 Mon Night Caretaker
NU_17 Tue Night Nurse
NU_17 Wed Night Nurse
NU_18 Tue Day Caretaker
NU_18 Wed Day Caretaker
NU_18 Thu Day Caretaker
NU_18 Fri Day Caretaker
NU_19 Mon Night Caretaker
NU_19 Tue Night Nurse
NU_19 Wed Night Nurse
NU_19 Thu Night Nurse
NU_19 Fri Night Nurse
NU_20 Mon Early Nurse
NU_20 Thu Day Caretaker
NU_20 Fri Day Caretaker
NU_20 Sat Late Caretaker
NU_20 Sun Late Caretaker
NU_21 Mon Late Caretaker
NU_21 Tue Late Caretaker
NU_21 Wed Night Nurse
NU_21 Thu Night Caretaker
NU_21 Fri Night Nurse
NU_22 Mon Day Caretaker
NU_22 Tue Day Caretaker
NU_22 Wed Early Caretaker
NU_22 Thu Early Caretaker
NU_22 Fri Early Caretaker
NU_23 Mon Night Caretaker
NU_23 Thu Early Caretaker
NU_23 Fri Early Caretaker
NU_23 Sat Early Caretaker
NU_23 Sun Day Caretaker
NU_24 Mon Early Nurse
NU_24 Tue Early Nurse
NU_24 Wed Day Caretaker
NU_24 Thu Day Caretaker
NU_24 Fri Day Caretaker
NU_25 Mon Early Nurse
NU_25 Tue Early Caretaker
NU_25 Fri Late Caretaker
NU_25 Sat Late Caretaker
NU_25 Sun Late Caretaker
NU_26 Mon Early Caretaker
NU_26 Tue Early Caretaker
NU_26 Wed Early Caretaker
NU_26 Thu Early Caretaker
NU_26 Fri Early Caretaker
NU_27 Wed Night Caretaker
NU_27 Thu Night Caretaker
NU_27 Fri Night Caretaker
NU_27 Sat Night Nurse
NU_27 Sun Night Nurse
CT_28 Mon Late Caretaker
CT_28 Tue Late Caretaker
CT_28 Wed Late Caretaker
CT_28 Thu Late Caretaker
CT_28 Fri Late Caretaker
CT_29 Wed Night Caretaker
CT_29 Thu Night Caretaker
CT_29 Fri Night Caretaker
CT_29 Sat Night Caretaker
CT_29 Sun Night Caretaker
CT_30 Mon Early Caretaker
CT_30 Fri Day Caretaker
CT_30 Sat Day Caretaker
CT_30 Sun Day Caretaker
CT_31 Mon Late Caretaker
CT_31 Tue Late Caretaker
CT_31 Fri Night Caretaker
CT_31 Sat Night Caretaker
CT_31 Sun Night Caretaker
CT_32 Mon Day Caretaker
CT_32 Tue Day Caretaker
CT_33 Mon Early Caretaker
CT_33 Tue Early Caretaker
CT_33 Wed Early Caretaker
CT_33 Thu Day Caretaker
CT_33 Fri Day Caretaker
CT_34 Wed Late Caretaker
CT_34 Thu Late Caretaker
CT_34 Fri Late Caretaker
CT_35 Mon Night Caretaker
CT_35 Tue Night Caretaker
CT_35 Wed Night Caretaker
CT_36 Fri Early Caretaker
CT_36 Sat Early Caretaker
CT_36 Sun Early Caretaker
CT_37 Mon Night Caretaker
CT_37 Tue Night Caretaker
CT_37 Wed Night Caretaker
CT_37 Thu Night Caretaker
CT_37 Fri Night Caretaker
CT_38 Mon Late Caretaker
CT_38 Tue Late Caretaker
CT_38 Wed Late Caretaker
CT_38 Sat Late Caretaker
CT_38 Sun Late Caretaker
CT_39 Mon Early Caretaker
CT_39 Tue Early Caretaker
CT_39 Wed Early Caretaker
CT_39 Thu Early Caretaker
TR_40 Mon Early Trainee
TR_40 Thu Late Trainee
TR_40 Fri Late Trainee
TR_40 Sat Late Trainee
TR_40 Sun Late Trainee
TR_41 Tue Night Trainee
TR_41 Wed Night Trainee
TR_41 Thu Night Trainee
TR_41 Fri Night Trainee
TR_42 Mon Late Trainee
TR_42 Sat Night Trainee
TR_42 Sun Night Trainee
TR_43 Mon Day Trainee
TR_43 Tue Day Trainee
TR_43 Wed Day Trainee
TR_43 Sat Early Trainee
TR_43 Sun Early Trainee
TR_44 Mon Day Trainee
TR_44 Sat Night Trainee
TR_44 Sun Night Trainee
TR_45 Mon Night Trainee
TR_45 Tue Night Trainee
TR_45 Fri Day Trainee
TR_45 Sat Day Trainee
TR_45 Sun Day Trainee
TR_46 Tue Early Trainee
TR_46 Wed Early Trainee
TR_46 Thu Early Trainee
TR_47 Mon Early Trainee
TR_47 Tue Early Trainee
TR_47 Wed Early Trainee
TR_47 Thu Day Trainee
TR_47 Fri Day Trainee
TR_48 Mon Late Trainee
TR_48 Tue Late Trainee
TR_49 Thu Early Trainee
TR_49 Fri Early Trainee
TR_49 Sat Early Trainee
TR_49 Sun Day Trainee
