SOLUTION
4 n050w8

ASSIGNMENTS = 216
HN_0 Mon Late Nurse
HN_0 Tue Late Nurse
HN_0 Wed Late HeadNurse
HN_0 Fri Early Nurse
HN_0 Sat Early HeadNurse
HN_0 Sun Day HeadNurse
HN_1 Mon Day HeadNurse
HN_1 Tue Day HeadNurse
HN_1 Wed Late Nurse
HN_1 Thu Late Nurse
HN_1 Sat Late HeadNurse
HN_1 Sun Late Nurse
HN_2 Mon Early HeadNurse
HN_2 Tue Early Nurse
HN_2 Wed Early Nurse
HN_2 Thu Early HeadNurse
HN_3 Mon Night Nurse
HN_3 Tue Night HeadNurse
HN_3 Wed Night HeadNurse
HN_3 Thu Night Nurse
HN_4 Mon Late Nurse
HN_4 Tue Late Nurse
HN_5 Tue Day Nurse
HN_5 Wed Day HeadNurse
HN_5 Thu Day Nurse
HN_5 Fri Day Nurse
NU_6 Mon Night Nurse
NU_6 Tue Night Nurse
NU_6 Wed Night Nurse
NU_6 Thu Night Nurse
NU_6 Fri Night Nurse
NU_7 Mon Night Nurse
NU_7 Tue Night Nurse
NU_7 Wed Night Nurse
NU_7 Thu Night Caretaker
NU_8 Mon Night Caretaker
NU_8 Fri Night Nurse
NU_8 Sat Night Nurse
NU_8 Sun Night Nurse
NU_9 Wed Night Caretaker
NU_9 Thu Night Caretaker
NU_9 Fri Night Caretaker
NU_9 Sat Night Caretaker
NU_9 Sun Night Nurse
NU_10 Tue Day Nurse
NU_10 Wed Day Nurse
NU_10 Thu Day Nurse
NU_10 Fri Day Nurse
NU_11 Mon Early Nurse
NU_11 Tue Early Nurse
NU_11 Wed Early Nurse
NU_11 Thu Late Nurse
NU_11 Fri Late Nurse
NU_12 Wed Late Nurse
NU_12 Thu Late Nurse
NU_12 Fri Late Nurse
NU_13 Tue Day Nurse
NU_13 Wed Day Nurse
NU_13 Thu Early Nurse
NU_13 Fri Early Nurse
NU_14 Mon Late Nurse
NU_14 Tue Late Nurse
NU_15 Mon Late Caretaker
NU_15 Thu Late Nurse
NU_15 Fri Late Caretaker
NU_15 Sat Late Nurse
NU_15 Sun Late Caretaker
NU_16 Mon Early Nurse
NU_16 Tue Early Nurse
NU_16 Wed Early Caretaker
NU_16 Thu Early Nurse
NU_16 Fri Early Caretaker
NU_17 Mon Early Nurse
NU_17 Sat Late Nurse
NU_17 Sun Night Caretaker
NU_18 Mon Night Caretaker
NU_18 Tue Night Caretaker
NU_18 Wed Night Caretaker
NU_19 Mon Early Nurse
NU_19 Tue Early Caretaker
NU_19 Wed Early Caretaker
NU_19 Thu Late Caretaker
NU_19 Fri Late Caretaker
NU_20 Mon Late Caretaker
NU_20 Thu Day Nurse
NU_20 Fri Day Nurse
NU_20 Sat Early Nurse
NU_20 Sun Early Nurse
NU_21 Mon Early Caretaker
NU_21 Tue Early Caretaker
NU_21 Wed Day Caretaker
NU_21 Thu Day Nurse
NU_21 Fri Day Caretaker
NU_22 Mon Day Nurse
NU_22 Tue Day Nurse
NU_22 Wed Late Nurse
NU_22 Thu Late Caretaker
NU_22 Fri Late Caretaker
NU_23 Mon Late Caretaker
NU_23 Tue Late Caretaker
NU_23 Wed Late Caretaker
NU_23 Fri Night Caretaker
NU_23 Sat Night Caretaker
NU_23 Sun Night Caretaker
NU_24 Mon Day Nurse
NU_24 Tue Day Caretaker
NU_24 Wed Day Caretaker
NU_24 Thu Early Caretaker
NU_24 Fri Early Caretaker
NU_25 Mon Early Caretaker
NU_25 Tue Early Caretaker
NU_25 Wed Day Caretaker
NU_25 Thu Day Caretaker
NU_25 Sat Day Nurse
NU_25 Sun Day Nurse
NU_26 Mon Late Caretaker
NU_26 Tue Late Caretaker
NU_26 Wed Late Caretaker
NU_26 Thu Late Caretaker
NU_26 Fri Late Caretaker
NU_27 Mon Day Nurse
NU_27 Tue Day Caretaker
NU_27 Wed Early Caretaker
NU_27 Thu Early Caretaker
CT_28 Mon Early Caretaker
CT_28 Tue Early Caretaker
CT_28 Wed Late Caretaker
CT_28 Thu Late Caretaker
CT_28 Fri Late Caretaker
CT_29 Mon Night Caretaker
CT_29 Thu Day Caretaker
CT_29 Fri Day Caretaker
CT_29 Sat Late Caretaker
CT_29 Sun Late Caretaker
CT_30 Thu Early Caretaker
CT_30 Fri Early Caretaker
CT_30 Sat Early Caretaker
CT_30 Sun Early Caretaker
CT_31 Mon Late Caretaker
CT_31 Tue Late Caretaker
CT_31 Wed Late Caretaker
CT_31 Sat Early Caretaker
CT_31 Sun Early Caretaker
CT_32 Mon Early Caretaker
CT_32 Fri Day Caretaker
CT_32 Sat Day Caretaker
CT_32 Sun Day Caretaker
CT_33 Mon Night Caretaker
CT_33 Tue Night Caretaker
CT_33 Wed Night Caretaker
CT_33 Thu Night Caretaker
CT_33 Fri Night Caretaker
CT_34 Mon Night Caretaker
CT_34 Thu Day Caretaker
CT_34 Fri Day Caretaker
CT_34 Sat Late Caretaker
CT_34 Sun Late Caretaker
CT_35 Mon Late Caretaker
CT_35 Tue Late Caretaker
CT_35 Sat Late Caretaker
CT_35 Sun Night Caretaker
CT_36 Thu Day Caretaker
CT_36 Fri Day Caretaker
CT_36 Sat Day Caretaker
CT_36 Sun Day Caretaker
CT_37 Mon Day Caretaker
CT_37 Tue Day Caretaker
CT_37 Wed Early Caretaker
CT_37 Thu Early Caretaker
CT_37 Fri Early Caretaker
CT_38 Mon Day Caretaker
CT_38 Tue Day Caretaker
CT_38 Wed Night Caretaker
CT_38 Thu Night Caretaker
CT_38 Fri Night Caretaker
CT_39 Mon Day Caretaker
CT_39 Tue Day Caretaker
TR_40 Mon Late Trainee
TR_40 Thu Early Trainee
TR_40 Fri Early Trainee
TR_40 Sat Early Trainee
TR_40 Sun Early Trainee
TR_41 Mon Early Trainee
TR_41 Tue Early Trainee
TR_41 Wed Late Trainee
TR_41 Thu Late Trainee
TR_42 Thu Day Trainee
TR_42 Fri Day Trainee
TR_42 Sat Late Trainee
TR_42 Sun Late Trainee
TR_43 Mon Day Trainee
TR_43 Tue Day Trainee
TR_43 Wed Day Trainee
TR_43 Thu Late Trainee
TR_43 Fri Late Trainee
TR_44 Mon Early Trainee
TR_44 Fri Day Trainee
TR_44 Sat Day Trainee
TR_44 Sun Day Trainee
TR_45 Mon Late Trainee
TR_45 Tue Late Trainee
TR_45 Wed Late Trainee
TR_45 Sat Night Trainee
TR_45 Sun Night Trainee
TR_46 Tue Early Trainee
TR_46 Wed Early Trainee
TR_46 Thu Early Trainee
TR_47 Mon Night Trainee
TR_47 Tue Night Trainee
TR_48 Mon Day Trainee
TR_48 Sat Late Trainee
TR_48 Sun Late Trainee
TR_49 Tue Night Trainee
TR_49 Wed Night Trainee
TR_49 Thu Night Trainee
TR_49 Fri Night Trainee
