SOLUTION
1 n050w8

ASSIGNMENTS = 216
HN_0 Mon Night Nurse
HN_0 Tue Night Nurse
HN_0 Wed Night HeadNurse
HN_0 Thu Night Nurse
HN_0 Fri Night Nurse
HN_1 Mon Day HeadNurse
HN_1 Tue Day Nurse
HN_1 Wed Early Nurse
HN_1 Thu Early HeadNurse
HN_1 Fri Early Nurse
HN_2 Mon Late HeadNurse
HN_2 Sat Early HeadNurse
HN_2 Sun Early Nurse
HN_3 Mon Night Nurse
HN_3 Tue Night Nurse
HN_3 Sat Day HeadNurse
HN_3 Sun Day HeadNurse
HN_4 Mon Early Nurse
HN_4 Tue Early HeadNurse
HN_4 Fri Night Nurse
HN_4 Sat Night HeadNurse
HN_4 Sun Night Nurse
HN_5 Wed Late Nurse
HN_5 Thu Late HeadNurse
HN_5 Fri Late Nurse
NU_6 Mon Late Nurse
NU_6 Tue Late Nurse
NU_6 Wed Late Nurse
NU_6 Thu Late Nurse
NU_6 Fri Late Nurse
NU_7 Mon Day Nurse
NU_7 Fri Day Nurse
NU_7 Sat Day Nurse
NU_7 Sun Late Nurse
NU_8 Mon Late Nurse
NU_8 Tue Late Nurse
NU_8 Wed Late Nurse
NU_8 Thu Late Nurse
NU_8 Fri Late Nurse
NU_9 Mon Day Nurse
NU_9 Tue Day Nurse
NU_9 Wed Early Nurse
NU_9 Thu Early Nurse
NU_10 Mon Day Nurse
NU_10 Thu Early Nurse
NU_10 Fri Early Nurse
NU_10 Sat Early Nurse
NU_10 Sun Day Nurse
NU_11 Mon Night Caretaker
NU_11 Tue Night Nurse
NU_11 Wed Night Nurse
NU_11 Thu Night Nurse
NU_11 Fri Night Nurse
NU_12 Wed Early Caretaker
NU_12 Thu Early Nurse
NU_12 Fri Early Nurse
NU_12 Sat Late Nurse
NU_12 Sun Late Nurse
NU_13 Mon Late Caretaker
NU_13 Tue Late Nurse
NU_13 Wed Late Caretaker
NU_13 Thu Late Nurse
NU_14 Mon Late Caretaker
NU_14 Thu Late Nurse
NU_14 Fri Late Caretaker
NU_14 Sat Late Caretaker
NU_14 Sun Late Caretaker
NU_15 Mon Night Caretaker
NU_15 Tue Night Nurse
NU_15 Wed Night Nurse
NU_15 Thu Night Nurse
NU_15 Fri Night Caretaker
NU_16 Mon Late Caretaker
NU_16 Tue Late Caretaker
NU_16 Fri Night Caretaker
NU_16 Sat Night Nurse
NU_16 Sun Night Nurse
NU_17 Tue Night Caretaker
NU_17 Wed Night Caretaker
NU_17 Thu Night Nurse
NU_17 Fri Night Caretaker
NU_18 Mon Late Caretaker
NU_18 Tue Late Caretaker
NU_18 Sat Night Caretaker
NU_18 Sun Night Caretaker
NU_19 Mon Day Caretaker
NU_19 Tue Day Nurse
NU_19 Wed Day Nurse
NU_19 Thu Day Nurse
NU_19 Fri Day Nurse
NU_20 Mon Day Caretaker
NU_20 Tue Day Caretaker
NU_20 Wed Day Nurse
NU_20 Thu Day Nurse
NU_20 Fri Day Caretaker
NU_21 Wed Late Caretaker
NU_21 Thu Late Caretaker
NU_21 Fri Late Caretaker
NU_22 Mon Night Caretaker
NU_22 Thu Day Nurse
NU_22 Fri Day Caretaker
NU_22 Sat Day Caretaker
NU_22 Sun Day Nurse
NU_23 Mon Early Nurse
NU_23 Tue Early Nurse
NU_23 Wed Day Nurse
NU_23 Thu Day Caretaker
NU_23 Fri Day Caretaker
NU_24 Mon Day Caretaker
NU_24 Thu Late Caretaker
NU_24 Fri Late Caretaker
NU_24 Sat Late Caretaker
NU_24 Sun Late Caretaker
NU_25 Mon Night Caretaker
NU_25 Tue Night Caretaker
NU_25 Wed Night Caretaker
NU_25 Thu Night Caretaker
NU_25 Fri Night Caretaker
NU_26 Mon Early Nurse
NU_26 Tue Early Nurse
NU_26 Wed Day Caretaker
NU_26 Thu Day Caretaker
NU_26 Fri Day Caretaker
NU_27 Mon Late Caretaker
NU_27 Tue Late Caretaker
NU_27 Wed Late Caretaker
CT_28 Mon Day Caretaker
CT_28 Thu Early Caretaker
CT_28 Fri Early Caretaker
CT_28 Sat Early Caretaker
CT_28 Sun Late Caretaker
CT_29 Mon Early Caretaker
CT_29 Tue Early Caretaker
CT_29 Wed Day Caretaker
CT_29 Thu Day Caretaker
CT_30 Mon Night Caretaker
CT_30 Tue Night Caretaker
CT_30 Wed Night Caretaker
CT_30 Thu Night Caretaker
CT_30 Fri Night Caretaker
CT_31 Mon Day Caretaker
CT_31 Tue Day Caretaker
CT_31 Wed Day Caretaker
CT_31 Thu Early Caretaker
CT_31 Fri Early Caretaker
CT_32 Thu Early Caretaker
CT_32 Fri Early Caretaker
CT_32 Sat Early Caretaker
CT_32 Sun Early Caretaker
CT_33 Mon Early Caretaker
CT_33 Tue Early Caretaker
CT_33 Wed Early Caretaker
CT_33 Thu Early Caretaker
CT_33 Fri Early Caretaker
CT_34 Wed Night Caretaker
CT_34 Thu Night Caretaker
CT_34 Fri Night Caretaker
CT_34 Sat Night Caretaker
CT_34 Sun Night Caretaker
CT_35 Mon Day Caretaker
CT_35 Tue Day Caretaker
CT_35 Wed Day Caretaker
CT_35 Thu Late Caretaker
CT_35 Fri Late Caretaker
CT_36 Mon Late Caretaker
CT_36 Tue Late Caretaker
CT_36 Wed Late Caretaker
CT_37 Mon Night Caretaker
CT_37 Thu Day Caretaker
CT_37 Fri Day Caretaker
CT_37 Sat Day Caretaker
CT_37 Sun Day Caretaker
CT_38 Mon Early Caretaker
CT_38 Tue Early Caretaker
CT_38 Wed Day Caretaker
CT_38 Thu Day Caretaker
CT_38 Fri Day Caretaker
CT_39 Tue Early Caretaker
CT_39 Wed Early Caretaker
CT_39 Thu Day Caretaker
CT_39 Fri Day Caretaker
TR_40 Mon Late Trainee
TR_40 Tue Late Trainee
TR_40 Wed Late Trainee
TR_41 Thu Night Trainee
TR_41 Fri Night Trainee
TR_41 Sat Night Trainee
TR_41 Sun Night Trainee
TR_42 Wed Late Trainee
TR_42 Thu Late Trainee
TR_42 Fri Late Trainee
TR_43 Wed Early Trainee
TR_43 Thu Early Trainee
TR_43 Fri Early Trainee
TR_44 Mon Night Trainee
TR_44 Tue Night Trainee
TR_44 Wed Night Trainee
TR_45 Mon Early Trainee
TR_45 Tue Early Trainee
TR_45 Wed Day Trainee
TR_45 Thu Day Trainee
TR_45 Fri Late Trainee
TR_46 Mon Late Trainee
TR_46 Sat Night Trainee
TR_46 Sun Night Trainee
TR_47 Mon Early Trainee
TR_47 Thu Day Trainee
TR_47 Fri Day Trainee
TR_47 Sat Day Trainee
TR_47 Sun Late Trainee
TR_48 Mon Day Trainee
TR_48 Tue Day Trainee
TR_49 Mon Day Trainee
TR_49 Tue Day Trainee
TR_49 Wed Early Trainee
TR_49 Thu Early Trainee
