SOLUTION
7 n060w8

ASSIGNMENTS = 235
HN_0 Sat Night HeadNurse
HN_0 Sun Night HeadNurse
HN_1 Mon Day Nurse
HN_1 Tue Day HeadNurse
HN_1 Wed Early HeadNurse
HN_1 Thu Early HeadNurse
HN_1 Fri Early Nurse
HN_2 Mon Late Nurse
HN_2 Tue Late HeadNurse
HN_2 Wed Late Nurse
HN_3 Mon Early HeadNurse
HN_3 Thu Day HeadNurse
HN_3 Fri Day HeadNurse
HN_3 Sat Day HeadNurse
HN_3 Sun Early HeadNurse
HN_4 Mon Day Nurse
HN_4 Tue Day Nurse
HN_4 Fri Early Nurse
HN_4 Sat Early HeadNurse
HN_4 Sun Late HeadNurse
HN_5 Wed Day Nurse
HN_5 Thu Day Nurse
HN_5 Fri Day Nurse
HN_6 Mon Night Nurse
HN_6 Tue Night HeadNurse
HN_6 Wed Night HeadNurse
HN_6 Thu Night HeadNurse
NU_7 Mon Day Caretaker
NU_7 Tue Day Nurse
NU_7 Wed Day Nurse
NU_7 Thu Early Nurse
NU_7 Fri Early Nurse
NU_8 Tue Night Nurse
NU_8 Wed Night Nurse
NU_8 Thu Night Nurse
NU_8 Fri Night Nurse
NU_9 Mon Late Nurse
NU_9 Tue Late Nurse
NU_9 Wed Late Nurse
NU_9 Sat Early Nurse
NU_9 Sun Early Nurse
NU_10 Wed Early Nurse
NU_10 Thu Early Nurse
NU_10 Fri Early Caretaker
NU_11 Tue Day Nurse
NU_11 Wed Day Nurse
NU_11 Thu Day Nurse
NU_12 Tue Night Nurse
NU_12 Wed Night Nurse
NU_12 Thu Night Nurse
NU_12 Fri Night Nurse
NU_13 Mon Night Nurse
NU_13 Tue Night Nurse
NU_14 Mon Day Caretaker
NU_14 Tue Day Caretaker
NU_14 Wed Day Caretaker
NU_14 Thu Early Caretaker
NU_14 Fri Early Caretaker
NU_15 Mon Night Nurse
NU_15 Tue Night Caretaker
NU_15 Wed Night Caretaker
NU_15 Thu Night Nurse
NU_15 Fri Night Nurse
NU_16 Wed Late Caretaker
NU_16 Thu Late Nurse
NU_16 Fri Late Nurse
NU_17 Mon Day Caretaker
NU_17 Tue Day Caretaker
NU_18 Mon Early Nurse
NU_18 Tue Early Nurse
NU_18 Fri Day Nurse
NU_18 Sat Day Nurse
NU_18 Sun Day Nurse
NU_19 Mon Early Nurse
NU_19 Tue Early Nurse
NU_19 Wed Early Nurse
NU_20 Mon Late Nurse
NU_20 Thu Night Caretaker
NU_20 Fri Night Caretaker
NU_20 Sat Night Nurse
NU_20 Sun Night Nurse
NU_21 Mon Night Caretaker
NU_21 Thu Day Caretaker
NU_21 Fri Day Caretaker
NU_21 Sat Day Nurse
NU_21 Sun Early Nurse
NU_22 Mon Early Caretaker
NU_22 Tue Early Caretaker
NU_22 Wed Early Caretaker
NU_23 Mon Night Caretaker
NU_23 Tue Night Caretaker
NU_23 Fri Late Nurse
NU_23 Sat Late Nurse
NU_23 Sun Late Nurse
NU_24 Mon Day Caretaker
NU_24 Tue Day Caretaker
NU_24 Wed Day Caretaker
NU_24 Thu Late Nurse
NU_24 Fri Late Nurse
NU_25 Mon Night Caretaker
NU_25 Tue Night Caretaker
NU_25 Wed Night Caretaker
NU_25 Thu Night Caretaker
NU_25 Fri Night Caretaker
NU_26 Mon Late Caretaker
NU_26 Tue Late Nurse
NU_26 Wed Late Caretaker
NU_27 Thu Night Caretaker
NU_27 Fri Night Caretaker
NU_27 Sat Night Caretaker
NU_27 Sun Night Caretaker
NU_28 Mon Night Caretaker
NU_28 Tue Night Caretaker
NU_28 Wed Night Caretaker
NU_28 Thu Night Caretaker
NU_29 Mon Late Caretaker
NU_29 Tue Late Caretaker
CT_30 Mon Late Caretaker
CT_30 Tue Late Caretaker
CT_31 Tue Day Caretaker
CT_31 Wed Day Caretaker
CT_31 Thu Day Caretaker
CT_32 Wed Night Caretaker
CT_32 Thu Night Caretaker
CT_32 Fri Night Caretaker
CT_32 Sat Night Caretaker
CT_32 Sun Night Caretaker
CT_33 Mon Early Caretaker
CT_33 Tue Early Caretaker
CT_33 Wed Early Caretaker
CT_33 Thu Late Caretaker
CT_33 Fri Late Caretaker
CT_34 Mon Early Caretaker
CT_34 Tue Early Caretaker
CT_34 Fri Late Caretaker
CT_34 Sat Late Caretaker
CT_34 Sun Late Caretaker
CT_35 Mon Early Caretaker
CT_35 Thu Day Caretaker
CT_35 Fri Day Caretaker
CT_35 Sat Early Caretaker
CT_35 Sun Early Caretaker
CT_36 Mon Night Caretaker
CT_36 Tue Night Caretaker
CT_37 Mon Late Caretaker
CT_37 Tue Late Caretaker
CT_37 Wed Late Caretaker
CT_37 Thu Late Caretaker
CT_37 Fri Late Caretaker
CT_38 Mon Late Caretaker
CT_38 Tue Late Caretaker
CT_38 Wed Late Caretaker
CT_38 Thu Late Caretaker
CT_38 Fri Late Caretaker
CT_39 Mon Day Caretaker
CT_39 Tue Day Caretaker
CT_39 Wed Day Caretaker
CT_39 Thu Late Caretaker
CT_39 Fri Late Caretaker
CT_40 Sat Day Caretaker
CT_40 Sun Day Caretaker
CT_41 Fri Day Caretaker
CT_41 Sat Day Caretaker
CT_41 Sun Late Caretaker
CT_42 Mon Late Caretaker
CT_42 Tue Late Caretaker
CT_42 Fri Early Caretaker
CT_42 Sat Early Caretaker
CT_42 Sun Day Caretaker
CT_43 Thu Day Caretaker
CT_43 Fri Day Caretaker
CT_43 Sat Early Caretaker
CT_43 Sun Early Caretaker
CT_44 Wed Early Caretaker
CT_44 Thu Early Caretaker
CT_44 Fri Early Caretaker
CT_45 Tue Day Caretaker
CT_45 Wed Day Caretaker
CT_45 Thu Early Caretaker
CT_45 Fri Early Caretaker
CT_46 Thu Early Caretaker
CT_46 Fri Early Caretaker
CT_46 Sat Late Caretaker
CT_46 Sun Late Caretaker
CT_47 Mon Early Caretaker
CT_47 Tue Early Caretaker
CT_47 Wed Day Caretaker
CT_47 Thu Day Caretaker
CT_47 Fri Day Caretaker
CT_48 Wed Early Caretaker
CT_48 Thu Early Caretaker
CT_48 Fri Early Caretaker
CT_49 Mon Early Caretaker
CT_49 Tue Early Caretaker
CT_49 Wed Early Caretaker
TR_50 Mon Day Trainee
TR_50 Tue Day Trainee
TR_50 Wed Day Trainee
TR_51 Mon Night Trainee
TR_51 Tue Night Trainee
TR_52 Wed Early Trainee
TR_52 Thu Early Trainee
TR_52 Fri Early Trainee
TR_53 Wed Night Trainee
TR_53 Thu Night Trainee
TR_53 Fri Night Trainee
TR_54 Wed Early Trainee
TR_54 Thu Early Trainee
TR_54 Fri Early Trainee
TR_54 Sat Day Trainee
TR_54 Sun Day Trainee
TR_55 Mon Early Trainee
TR_55 Thu Late Trainee
TR_55 Fri Late Trainee
TR_55 Sat Late Trainee
TR_55 Sun Late Trainee
TR_56 Mon Day Trainee
TR_56 Tue Day Trainee
TR_56 Wed Late Trainee
TR_56 Thu Late Trainee
TR_57 Mon Night Trainee
TR_57 Tue Night Trainee
TR_57 Wed Night Trainee
TR_57 Thu Night Trainee
TR_57 Fri Night Trainee
TR_58 Wed Late Trainee
TR_58 Thu Late Trainee
TR_58 Fri Night Trainee
TR_58 Sat Night Trainee
TR_58 Sun Night Trainee
TR_59 Wed Day Trainee
TR_59 Thu Day Trainee
TR_59 Fri Day Trainee
TR_59 Sat Early Trainee
TR_59 Sun Early Trainee
