SOLUTION
1 n060w8

ASSIGNMENTS = 236
HN_0 Mon Late HeadNurse
HN_0 Tue Late Nurse
HN_0 Wed Late HeadNurse
HN_0 Thu Late HeadNurse
HN_1 Mon Late Nurse
HN_1 Thu Day Nurse
HN_1 Fri Day HeadNurse
HN_1 Sat Day HeadNurse
HN_1 Sun Early HeadNurse
HN_2 Mon Early HeadNurse
HN_2 Tue Early Nurse
HN_2 Wed Early HeadNurse
HN_3 Mon Early Nurse
HN_3 Tue Early Nurse
HN_3 Wed Early Nurse
HN_3 Sat Night HeadNurse
HN_3 Sun Night HeadNurse
HN_4 Mon Day Nurse
HN_4 Tue Day HeadNurse
HN_4 Wed Day Nurse
HN_4 Thu Day Nurse
HN_4 Fri Day Nurse
HN_5 Fri Late Nurse
HN_5 Sat Late Nurse
HN_5 Sun Late HeadNurse
HN_6 Mon Night Nurse
HN_6 Tue Night HeadNurse
HN_6 Sat Day Nurse
HN_6 Sun Day HeadNurse
NU_7 Mon Early Nurse
NU_7 Thu Early Nurse
NU_7 Fri Early Nurse
NU_7 Sat Early Nurse
NU_7 Sun Day Nurse
NU_8 Mon Late Nurse
NU_8 Tue Late Nurse
NU_8 Sat Night Nurse
NU_8 Sun Night Nurse
NU_9 Mon Early Caretaker
NU_9 Thu Early Nurse
NU_9 Fri Early Nurse
NU_9 Sat Late Caretaker
NU_9 Sun Late Nurse
NU_10 Sat Night Caretaker
NU_10 Sun Night Caretaker
NU_11 Wed Early Nurse
NU_11 Thu Early Caretaker
NU_11 Fri Early Nurse
NU_12 Wed Early Caretaker
NU_12 Thu Early Caretaker
NU_12 Fri Early Caretaker
NU_13 Mon Late Caretaker
NU_13 Tue Late Caretaker
NU_13 Wed Late Nurse
NU_14 Thu Night Nurse
NU_14 Fri Night Nurse
NU_14 Sat Night Caretaker
NU_14 Sun Night Caretaker
NU_15 Mon Day Nurse
NU_15 Thu Day Nurse
NU_15 Fri Day Nurse
NU_15 Sat Early Caretaker
NU_15 Sun Early Nurse
NU_16 Tue Late Caretaker
NU_16 Wed Late Nurse
NU_16 Thu Late Nurse
NU_16 Fri Late Nurse
NU_17 Tue Night Nurse
NU_17 Wed Night Nurse
NU_17 Thu Night Nurse
NU_17 Fri Night Nurse
NU_18 Mon Day Nurse
NU_18 Tue Day Nurse
NU_18 Wed Day Nurse
NU_18 Thu Late Nurse
NU_18 Fri Late Caretaker
NU_19 Mon Day Caretaker
NU_19 Tue Day Caretaker
NU_19 Wed Day Caretaker
NU_20 Wed Late Caretaker
NU_20 Thu Late Nurse
NU_20 Fri Late Caretaker
NU_21 Mon Early Caretaker
NU_21 Tue Early Caretaker
NU_21 Wed Early Caretaker
NU_21 Thu Late Caretaker
NU_21 Fri Late Caretaker
NU_22 Mon Late Caretaker
NU_22 Tue Late Caretaker
NU_22 Wed Late Caretaker
NU_23 Mon Night Nurse
NU_23 Tue Night Nurse
NU_23 Wed Night Caretaker
NU_23 Thu Night Nurse
NU_23 Fri Night Nurse
NU_24 Mon Day Caretaker
NU_24 Tue Day Caretaker
NU_24 Wed Day Caretaker
NU_24 Thu Day Caretaker
NU_24 Fri Day Caretaker
NU_25 Mon Early Caretaker
NU_25 Thu Early Caretaker
NU_25 Fri Early Caretaker
NU_25 Sat Day Caretaker
NU_25 Sun Day Caretaker
NU_26 Wed Late Caretaker
NU_26 Thu Late Caretaker
NU_26 Fri Late Caretaker
NU_27 Mon Night Nurse
NU_27 Tue Night Nurse
NU_28 Mon Early Caretaker
NU_28 Tue Early Caretaker
NU_28 Wed Early Caretaker
NU_29 Mon Night Caretaker
NU_29 Tue Night Caretaker
NU_29 Wed Night Caretaker
NU_29 Thu Night Caretaker
CT_30 Mon Late Caretaker
CT_30 Tue Late Caretaker
CT_30 Wed Late Caretaker
CT_31 Wed Early Caretaker
CT_31 Thu Early Caretaker
CT_31 Fri Early Caretaker
CT_32 Mon Night Caretaker
CT_32 Tue Night Caretaker
CT_32 Wed Night Caretaker
CT_32 Thu Night Caretaker
CT_32 Fri Night Caretaker
CT_33 Mon Early Caretaker
CT_33 Tue Early Caretaker
CT_33 Wed Early Caretaker
CT_33 Thu Day Caretaker
CT_33 Fri Day Caretaker
CT_34 Mon Day Caretaker
CT_34 Tue Day Caretaker
CT_34 Wed Early Caretaker
CT_34 Thu Early Caretaker
CT_34 Fri Early Caretaker
CT_35 Wed Early Caretaker
CT_35 Thu Early Caretaker
CT_35 Fri Early Caretaker
CT_36 Mon Day Caretaker
CT_36 Tue Day Caretaker
CT_36 Wed Day Caretaker
CT_37 Mon Day Caretaker
CT_37 Tue Day Caretaker
CT_37 Wed Day Caretaker
CT_37 Thu Day Caretaker
CT_37 Fri Day Caretaker
CT_38 Mon Late Caretaker
CT_38 Tue Late Caretaker
CT_38 Fri Late Caretaker
CT_38 Sat Late Caretaker
CT_38 Sun Late Caretaker
CT_39 Mon Night Caretaker
CT_39 Thu Night Caretaker
CT_39 Fri Night Caretaker
CT_39 Sat Night Caretaker
CT_39 Sun Night Caretaker
CT_40 Tue Late Caretaker
CT_40 Wed Late Caretaker
CT_40 Thu Late Caretaker
CT_41 Tue Night Caretaker
CT_41 Wed Night Caretaker
CT_41 Thu Night Caretaker
CT_41 Fri Night Caretaker
CT_42 Mon Night Caretaker
CT_42 Tue Night Caretaker
CT_42 Wed Night Caretaker
CT_42 Thu Night Caretaker
CT_42 Fri Night Caretaker
CT_43 Fri Day Caretaker
CT_43 Sat Day Caretaker
CT_43 Sun Late Caretaker
CT_44 Thu Early Caretaker
CT_44 Fri Early Caretaker
CT_44 Sat Early Caretaker
CT_44 Sun Early Caretaker
CT_45 Mon Night Caretaker
CT_45 Tue Night Caretaker
CT_45 Wed Night Caretaker
CT_45 Thu Night Caretaker
CT_45 Fri Night Caretaker
CT_46 Mon Day Caretaker
CT_46 Tue Day Caretaker
CT_46 Wed Day Caretaker
CT_46 Thu Late Caretaker
CT_46 Fri Late Caretaker
CT_47 Wed Day Caretaker
CT_47 Thu Day Caretaker
CT_47 Fri Day Caretaker
CT_48 Sat Early Caretaker
CT_48 Sun Early Caretaker
CT_49 Mon Early Caretaker
CT_49 Tue Early Caretaker
CT_49 Wed Early Caretaker
TR_50 Mon Early Trainee
TR_50 Tue Early Trainee
TR_50 Wed Early Trainee
TR_51 Wed Day Trainee
TR_51 Thu Day Trainee
TR_51 Fri Day Trainee
TR_52 Mon Late Trainee
TR_52 Tue Late Trainee
TR_52 Fri Day Trainee
TR_52 Sat Day Trainee
TR_52 Sun Day Trainee
TR_53 Mon Late Trainee
TR_53 Tue Late Trainee
TR_53 Wed Late Trainee
TR_53 Thu Late Trainee
TR_53 Fri Late Trainee
TR_54 Fri Early Trainee
TR_54 Sat Early Trainee
TR_54 Sun Early Trainee
TR_55 Wed Early Trainee
TR_55 Thu Early Trainee
TR_55 Fri Late Trainee
TR_55 Sat Late Trainee
TR_55 Sun Late Trainee
TR_56 Mon Day Trainee
TR_56 Tue Day Trainee
TR_56 Wed Day Trainee
TR_57 Mon Night Trainee
TR_57 Tue Night Trainee
TR_57 Fri Night Trainee
TR_57 Sat Night Trainee
TR_57 Sun Night Trainee
TR_58 Wed Early Trainee
TR_58 Thu Early Trainee
TR_58 Fri Early Trainee
TR_59 Mon Night Trainee
TR_59 Tue Night Trainee
TR_59 Wed Night Trainee
TR_59 Thu Night Trainee
TR_59 Fri Night Trainee
