SOLUTION
6 n060w8

ASSIGNMENTS = 238
HN_0 Mon Early Nurse
HN_0 Thu Late HeadNurse
HN_0 Fri Late Nurse
HN_0 Sat Late HeadNurse
HN_0 Sun Late Nurse
HN_1 Mon Day Nurse
HN_1 Tue Day HeadNurse
HN_1 Wed Late HeadNurse
HN_1 Thu Late Nurse
HN_1 Fri Late Nurse
HN_2 Mon Early Nurse
HN_2 Tue Early HeadNurse
HN_3 Mon Late Nurse
HN_3 Thu Day Nurse
HN_3 Fri Day HeadNurse
HN_3 Sat Day HeadNurse
HN_3 Sun Early HeadNurse
HN_4 Mon Night Nurse
HN_4 Tue Night HeadNurse
HN_4 Fri Early HeadNurse
HN_4 Sat Early HeadNurse
HN_4 Sun Day Nurse
HN_5 Tue Day Nurse
HN_5 Wed Day HeadNurse
HN_5 Thu Day Nurse
HN_6 Tue Night Nurse
HN_6 Wed Night Nurse
HN_6 Thu Night Nurse
HN_6 Fri Night HeadNurse
NU_7 Mon Early Nurse
NU_7 Tue Early Nurse
NU_7 Wed Early Nurse
NU_7 Thu Late Nurse
NU_7 Fri Late Nurse
NU_8 Wed Late Nurse
NU_8 Thu Late Nurse
NU_8 Fri Late Caretaker
NU_9 Mon Early Caretaker
NU_9 Tue Early Caretaker
NU_9 Wed Early Nurse
NU_9 Thu Late Caretaker
NU_9 Fri Late Caretaker
NU_10 Wed Early Nurse
NU_10 Thu Early Nurse
NU_10 Fri Early Nurse
NU_11 Tue Night Nurse
NU_11 Wed Night Nurse
NU_11 Thu Night Nurse
NU_11 Fri Night Nurse
NU_12 Mon Early Caretaker
NU_12 Tue Early Caretaker
NU_12 Wed Early Caretaker
NU_13 Sat Night Nurse
NU_13 Sun Night Nurse
NU_14 Mon Early Caretaker
NU_14 Tue Early Caretaker
NU_14 Wed Late Caretaker
NU_14 Thu Late Caretaker
NU_15 Mon Day Nurse
NU_15 Tue Day Nurse
NU_15 Wed Day Nurse
NU_15 Thu Day Nurse
NU_15 Fri Day Nurse
NU_16 Mon Night Nurse
NU_16 Fri Early Nurse
NU_16 Sat Early Nurse
NU_16 Sun Early Nurse
NU_17 Sat Day Nurse
NU_17 Sun Day Caretaker
NU_18 Mon Day Caretaker
NU_18 Tue Day Caretaker
NU_18 Fri Day Nurse
NU_18 Sat Day Nurse
NU_18 Sun Day Caretaker
NU_19 Tue Day Caretaker
NU_19 Wed Day Nurse
NU_19 Thu Day Nurse
NU_20 Mon Early Caretaker
NU_20 Tue Early Caretaker
NU_20 Wed Early Caretaker
NU_20 Sat Late Nurse
NU_20 Sun Late Nurse
NU_21 Mon Late Nurse
NU_21 Tue Late Nurse
NU_21 Fri Night Nurse
NU_21 Sat Night Caretaker
NU_21 Sun Night Caretaker
NU_22 Mon Late Caretaker
NU_22 Tue Late Nurse
NU_22 Wed Late Caretaker
NU_23 Mon Late Caretaker
NU_23 Tue Late Caretaker
NU_23 Fri Night Nurse
NU_23 Sat Night Caretaker
NU_23 Sun Night Caretaker
NU_24 Wed Early Caretaker
NU_24 Thu Early Nurse
NU_24 Fri Early Caretaker
NU_25 Mon Day Caretaker
NU_25 Tue Day Caretaker
NU_25 Wed Day Caretaker
NU_25 Thu Day Caretaker
NU_25 Fri Day Nurse
NU_26 Tue Day Caretaker
NU_26 Wed Day Caretaker
NU_26 Thu Day Caretaker
NU_27 Tue Night Caretaker
NU_27 Wed Night Caretaker
NU_27 Thu Night Nurse
NU_27 Fri Night Caretaker
NU_28 Tue Day Caretaker
NU_28 Wed Day Caretaker
NU_28 Thu Day Caretaker
NU_28 Fri Day Caretaker
NU_29 Sat Late Caretaker
NU_29 Sun Late Caretaker
CT_30 Sat Early Caretaker
CT_30 Sun Early Caretaker
CT_31 Wed Early Caretaker
CT_31 Thu Early Caretaker
CT_31 Fri Early Caretaker
CT_32 Mon Late Caretaker
CT_32 Thu Day Caretaker
CT_32 Fri Day Caretaker
CT_32 Sat Day Caretaker
CT_32 Sun Day Caretaker
CT_33 Mon Night Caretaker
CT_33 Tue Night Caretaker
CT_33 Wed Night Caretaker
CT_33 Thu Night Caretaker
CT_33 Fri Night Caretaker
CT_34 Mon Night Caretaker
CT_34 Tue Night Caretaker
CT_34 Fri Day Caretaker
CT_34 Sat Day Caretaker
CT_34 Sun Early Caretaker
CT_35 Mon Late Caretaker
CT_35 Tue Late Caretaker
CT_35 Fri Early Caretaker
CT_35 Sat Early Caretaker
CT_35 Sun Early Caretaker
CT_36 Mon Early Caretaker
CT_36 Sat Night Caretaker
CT_36 Sun Night Caretaker
CT_37 Mon Day Caretaker
CT_37 Tue Day Caretaker
CT_37 Wed Early Caretaker
CT_37 Thu Early Caretaker
CT_37 Fri Early Caretaker
CT_38 Mon Night Caretaker
CT_38 Tue Night Caretaker
CT_38 Wed Night Caretaker
CT_38 Thu Night Caretaker
CT_38 Fri Night Caretaker
CT_39 Mon Day Caretaker
CT_39 Tue Day Caretaker
CT_39 Wed Day Caretaker
CT_39 Thu Late Caretaker
CT_39 Fri Late Caretaker
CT_40 Thu Day Caretaker
CT_40 Fri Day Caretaker
CT_40 Sat Day Caretaker
CT_40 Sun Day Caretaker
CT_41 Thu Early Caretaker
CT_41 Fri Early Caretaker
CT_41 Sat Late Caretaker
CT_41 Sun Late Caretaker
CT_42 Mon Late Caretaker
CT_42 Tue Late Caretaker
CT_42 Wed Late Caretaker
CT_42 Sat Late Caretaker
CT_42 Sun Late Caretaker
CT_43 Wed Early Caretaker
CT_43 Thu Early Caretaker
CT_43 Fri Early Caretaker
CT_44 Wed Late Caretaker
CT_44 Thu Late Caretaker
CT_44 Fri Late Caretaker
CT_45 Mon Night Caretaker
CT_45 Tue Night Caretaker
CT_45 Wed Night Caretaker
CT_45 Thu Night Caretaker
CT_46 Wed Day Caretaker
CT_46 Thu Day Caretaker
CT_46 Fri Day Caretaker
CT_47 Mon Night Caretaker
CT_47 Tue Night Caretaker
CT_47 Wed Night Caretaker
CT_47 Thu Night Caretaker
CT_47 Fri Night Caretaker
CT_48 Wed Late Caretaker
CT_48 Thu Late Caretaker
CT_48 Fri Late Caretaker
CT_49 Mon Late Caretaker
CT_49 Tue Late Caretaker
TR_50 Tue Early Trainee
TR_50 Wed Early Trainee
TR_50 Thu Early Trainee
TR_51 Mon Late Trainee
TR_51 Sat Night Trainee
TR_51 Sun Night Trainee
TR_52 Tue Night Trainee
TR_52 Wed Night Trainee
TR_52 Thu Night Trainee
TR_52 Fri Night Trainee
TR_53 Wed Day Trainee
TR_53 Thu Day Trainee
TR_53 Fri Day Trainee
TR_53 Sat Late Trainee
TR_53 Sun Late Trainee
TR_54 Mon Night Trainee
TR_54 Tue Night Trainee
TR_54 Wed Night Trainee
TR_54 Thu Night Trainee
TR_55 Mon Late Trainee
TR_55 Tue Late Trainee
TR_55 Wed Late Trainee
TR_55 Sat Early Trainee
TR_55 Sun Early Trainee
TR_56 Mon Day Trainee
TR_56 Tue Day Trainee
TR_56 Wed Early Trainee
TR_56 Thu Early Trainee
TR_57 Mon Day Trainee
TR_57 Tue Day Trainee
TR_57 Wed Late Trainee
TR_57 Thu Late Trainee
TR_57 Fri Late Trainee
TR_58 Mon Early Trainee
TR_58 Thu Early Trainee
TR_58 Fri Early Trainee
TR_58 Sat Late Trainee
TR_58 Sun Late Trainee
TR_59 Wed Day Trainee
TR_59 Thu Day Trainee
TR_59 Fri Day Trainee
TR_59 Sat Day Trainee
TR_59 Sun Day Trainee
