SOLUTION
4 n060w8

ASSIGNMENTS = 236
HN_0 Thu Early Nurse
HN_0 Fri Early Nurse
HN_0 Sat Early HeadNurse
HN_0 Sun Day HeadNurse
HN_1 Wed Day Nurse
HN_1 Thu Day Nurse
HN_1 Fri Day HeadNurse
HN_2 Thu Night Nurse
HN_2 Fri Night Nurse
HN_2 Sat Night HeadNurse
HN_2 Sun Night HeadNurse
HN_3 Mon Night Nurse
HN_3 Tue Night HeadNurse
HN_3 Fri Day Nurse
HN_3 Sat Day Nurse
HN_3 Sun Late HeadNurse
HN_4 Mon Early HeadNurse
HN_4 Tue Early Nurse
HN_4 Wed Early HeadNurse
HN_4 Sat Early Nurse
HN_4 Sun Early HeadNurse
HN_5 Mon Late HeadNurse
HN_5 Tue Late Nurse
HN_5 Wed Late HeadNurse
HN_5 Thu Late HeadNurse
HN_6 Mon Day Nurse
HN_6 Tue Day HeadNurse
NU_7 Wed Late Nurse
NU_7 Thu Late Nurse
NU_7 Fri Late Nurse
NU_8 Tue Night Nurse
NU_8 Wed Night Nurse
NU_8 Thu Night Nurse
NU_8 Fri Night Nurse
NU_9 Mon Night Nurse
NU_9 Tue Night Nurse
NU_9 Wed Night Caretaker
NU_9 Thu Night Nurse
NU_9 Fri Night Nurse
NU_10 Tue Late Nurse
NU_10 Wed Late Nurse
NU_10 Thu Late Nurse
NU_11 Mon Day Nurse
NU_11 Tue Day Nurse
NU_12 Mon Late Nurse
NU_12 Tue Late Caretaker
NU_13 Wed Late Caretaker
NU_13 Thu Late Nurse
NU_13 Fri Late Nurse
NU_14 Mon Night Nurse
NU_14 Tue Night Nurse
NU_14 Fri Early Nurse
NU_14 Sat Early Nurse
NU_14 Sun Early Nurse
NU_15 Wed Early Nurse
NU_15 Thu Early Nurse
NU_15 Fri Early Nurse
NU_16 Mon Early Nurse
NU_16 Thu Early Caretaker
NU_16 Fri Early Caretaker
NU_16 Sat Late Nurse
NU_16 Sun Late Nurse
NU_17 Mon Early Nurse
NU_17 Thu Night Caretaker
NU_17 Fri Night Caretaker
NU_17 Sat Night Nurse
NU_17 Sun Night Nurse
NU_18 Mon Night Caretaker
NU_18 Tue Night Caretaker
NU_18 Wed Night Caretaker
NU_18 Thu Night Caretaker
NU_18 Fri Night Caretaker
NU_19 Mon Day Nurse
NU_19 Tue Day Caretaker
NU_19 Wed Day Nurse
NU_20 Mon Day Caretaker
NU_20 Tue Day Caretaker
NU_20 Wed Day Caretaker
NU_20 Thu Day Nurse
NU_20 Fri Day Nurse
NU_21 Mon Early Caretaker
NU_21 Tue Early Nurse
NU_21 Wed Early Nurse
NU_21 Sat Night Caretaker
NU_21 Sun Night Caretaker
NU_22 Sat Night Caretaker
NU_22 Sun Night Caretaker
NU_23 Mon Day Caretaker
NU_23 Tue Day Caretaker
NU_23 Wed Early Caretaker
NU_23 Thu Early Caretaker
NU_23 Fri Early Caretaker
NU_24 Mon Day Caretaker
NU_24 Thu Day Nurse
NU_24 Fri Day Caretaker
NU_24 Sat Early Caretaker
NU_24 Sun Early Caretaker
NU_25 Wed Early Caretaker
NU_25 Thu Early Caretaker
NU_25 Fri Early Caretaker
NU_26 Mon Late Nurse
NU_26 Tue Late Caretaker
NU_27 Mon Late Caretaker
NU_27 Tue Late Caretaker
NU_28 Thu Day Caretaker
NU_28 Fri Day Caretaker
NU_28 Sat Day Caretaker
NU_28 Sun Day Nurse
NU_29 Wed Day Caretaker
NU_29 Thu Day Caretaker
NU_29 Fri Day Caretaker
CT_30 Wed Day Caretaker
CT_30 Thu Day Caretaker
CT_30 Fri Day Caretaker
CT_31 Mon Late Caretaker
CT_31 Tue Late Caretaker
CT_32 Mon Early Caretaker
CT_32 Tue Early Caretaker
CT_32 Wed Early Caretaker
CT_32 Sat Day Caretaker
CT_32 Sun Day Caretaker
CT_33 Mon Day Caretaker
CT_33 Tue Day Caretaker
CT_33 Wed Day Caretaker
CT_33 Thu Late Caretaker
CT_33 Fri Late Caretaker
CT_34 Mon Late Caretaker
CT_34 Tue Late Caretaker
CT_34 Wed Late Caretaker
CT_34 Sat Early Caretaker
CT_34 Sun Early Caretaker
CT_35 Mon Night Caretaker
CT_35 Tue Night Caretaker
CT_35 Wed Night Caretaker
CT_35 Thu Night Caretaker
CT_35 Fri Night Caretaker
CT_36 Wed Late Caretaker
CT_36 Thu Late Caretaker
CT_36 Fri Late Caretaker
CT_37 Mon Day Caretaker
CT_37 Tue Day Caretaker
CT_37 Wed Early Caretaker
CT_37 Thu Early Caretaker
CT_37 Fri Early Caretaker
CT_38 Wed Late Caretaker
CT_38 Thu Late Caretaker
CT_38 Fri Late Caretaker
CT_39 Mon Early Caretaker
CT_39 Tue Early Caretaker
CT_39 Wed Early Caretaker
CT_39 Thu Late Caretaker
CT_39 Fri Late Caretaker
CT_40 Wed Early Caretaker
CT_40 Thu Early Caretaker
CT_40 Fri Early Caretaker
CT_41 Mon Night Caretaker
CT_41 Tue Night Caretaker
CT_41 Fri Late Caretaker
CT_41 Sat Late Caretaker
CT_41 Sun Late Caretaker
CT_42 Mon Early Caretaker
CT_42 Tue Early Caretaker
CT_42 Wed Day Caretaker
CT_42 Thu Day Caretaker
CT_42 Fri Day Caretaker
CT_43 Mon Day Caretaker
CT_43 Tue Day Caretaker
CT_43 Wed Day Caretaker
CT_43 Thu Early Caretaker
CT_43 Fri Early Caretaker
CT_44 Mon Early Caretaker
CT_44 Tue Early Caretaker
CT_44 Wed Early Caretaker
CT_44 Thu Early Caretaker
CT_45 Mon Early Caretaker
CT_45 Fri Late Caretaker
CT_45 Sat Late Caretaker
CT_45 Sun Late Caretaker
CT_46 Mon Night Caretaker
CT_46 Tue Night Caretaker
CT_46 Wed Night Caretaker
CT_46 Thu Night Caretaker
CT_47 Mon Night Caretaker
CT_47 Tue Night Caretaker
CT_47 Wed Night Caretaker
CT_47 Thu Night Caretaker
CT_47 Fri Night Caretaker
CT_48 Mon Late Caretaker
CT_48 Tue Late Caretaker
CT_48 Wed Late Caretaker
CT_49 Thu Night Caretaker
CT_49 Fri Night Caretaker
CT_49 Sat Night Caretaker
CT_49 Sun Night Caretaker
TR_50 Wed Day Trainee
TR_50 Thu Day Trainee
TR_50 Fri Day Trainee
TR_51 Mon Night Trainee
TR_51 Tue Night Trainee
TR_51 Fri Day Trainee
TR_51 Sat Day Trainee
TR_51 Sun Day Trainee
TR_52 Mon Late Trainee
TR_52 Tue Late Trainee
TR_53 Mon Late Trainee
TR_53 Tue Late Trainee
TR_53 Fri Late Trainee
TR_53 Sat Late Trainee
TR_53 Sun Late Trainee
TR_54 Tue Late Trainee
TR_54 Wed Late Trainee
TR_54 Thu Late Trainee
TR_54 Fri Late Trainee
TR_55 Mon Early Trainee
TR_55 Tue Early Trainee
TR_55 Wed Early Trainee
TR_55 Thu Early Trainee
TR_55 Fri Early Trainee
TR_56 Mon Night Trainee
TR_56 Fri Night Trainee
TR_56 Sat Night Trainee
TR_56 Sun Night Trainee
TR_57 Wed Early Trainee
TR_57 Thu Early Trainee
TR_57 Fri Early Trainee
TR_58 Mon Night Trainee
TR_58 Tue Night Trainee
TR_58 Wed Night Trainee
TR_58 Thu Night Trainee
TR_58 Fri Night Trainee
TR_59 Mon Day Trainee
TR_59 Tue Day Trainee
TR_59 Wed Day Trainee
TR_59 Fri Early Trainee
TR_59 Sat Early Trainee
TR_59 Sun Early Trainee
