SOLUTION
0 n110w4

ASSIGNMENTS = 368
HN_0 Tue Day HeadNurse
HN_0 Wed Day HeadNurse
HN_0 Thu Late HeadNurse
HN_0 Fri Late HeadNurse
HN_1 Wed Early HeadNurse
HN_1 Thu Early HeadNurse
HN_1 Fri Early Nurse
HN_2 Sat Late HeadNurse
HN_2 Sun Late HeadNurse
HN_3 Mon Night HeadNurse
HN_3 Wed Day HeadNurse
HN_3 Thu Day HeadNurse
HN_3 Fri Day HeadNurse
HN_5 Mon Night Nurse
HN_5 Tue Night HeadNurse
HN_5 Wed Night HeadNurse
HN_5 Thu Night HeadNurse
HN_5 Fri Night HeadNurse
HN_6 Mon Late HeadNurse
HN_6 Tue Late HeadNurse
HN_6 Sat Early HeadNurse
HN_6 Sun Early HeadNurse
HN_7 Tue Night Nurse
HN_7 Wed Night HeadNurse
HN_7 Thu Night Nurse
HN_7 Fri Night HeadNurse
HN_8 Mon Night Nurse
HN_8 Tue Night Nurse
HN_8 Wed Night Nurse
HN_8 Thu Night Nurse
HN_9 Mon Day HeadNurse
HN_9 Tue Day HeadNurse
HN_9 Wed Day Nurse
HN_10 Wed Night Nurse
HN_10 Thu Night Nurse
HN_10 Fri Night Nurse
HN_10 Sat Night HeadNurse
HN_10 Sun Night HeadNurse
HN_11 Mon Early HeadNurse
HN_11 Tue Early HeadNurse
HN_12 Wed Early HeadNurse
HN_12 Thu Early Nurse
HN_12 Fri Early Nurse
HN_13 Tue Day Nurse
HN_13 Wed Day Nurse
HN_13 Thu Day HeadNurse
HN_13 Fri Day HeadNurse
HN_14 Fri Day Nurse
HN_14 Sat Day Nurse
HN_14 Sun Day HeadNurse
HN_15 Mon Day Nurse
HN_15 Tue Early HeadNurse
HN_15 Wed Early Nurse
HN_16 Mon Late HeadNurse
HN_16 Tue Late Nurse
HN_16 Wed Late HeadNurse
HN_16 Thu Late Nurse
HN_16 Fri Late Nurse
HN_17 Mon Early Nurse
HN_17 Tue Early Nurse
HN_17 Wed Day Nurse
HN_17 Thu Day Nurse
HN_18 Wed Late Nurse
HN_18 Thu Late Nurse
HN_18 Fri Late Nurse
HN_19 Mon Night Nurse
HN_19 Tue Night Nurse
HN_19 Wed Night Nurse
NU_20 Wed Early Nurse
NU_20 Thu Early Nurse
NU_20 Fri Early Nurse
NU_21 Mon Early Nurse
NU_21 Thu Day Nurse
NU_21 Fri Day Nurse
NU_21 Sat Day Nurse
NU_21 Sun Day Nurse
NU_22 Mon Day Nurse
NU_22 Tue Day Nurse
NU_22 Wed Day Caretaker
NU_22 Thu Early Nurse
NU_22 Fri Early Caretaker
NU_23 Mon Late Nurse
NU_23 Tue Late Nurse
NU_23 Wed Late Nurse
NU_25 Thu Day Nurse
NU_25 Fri Day Nurse
NU_25 Sat Day Caretaker
NU_25 Sun Day Caretaker
NU_26 Mon Late Nurse
NU_26 Tue Late Nurse
NU_27 Wed Late Nurse
NU_27 Thu Late Nurse
NU_28 Mon Early Nurse
NU_29 Mon Late Caretaker
NU_29 Sat Day Caretaker
NU_29 Sun Day Caretaker
NU_30 Wed Day Caretaker
NU_30 Thu Day Caretaker
NU_30 Fri Day Nurse
NU_31 Mon Night Caretaker
NU_31 Tue Night Caretaker
NU_31 Wed Night Caretaker
NU_31 Thu Night Caretaker
NU_32 Mon Night Caretaker
NU_32 Tue Night Caretaker
NU_32 Wed Night Caretaker
NU_32 Sat Late Nurse
NU_32 Sun Late Nurse
NU_33 Wed Late Nurse
NU_33 Thu Late Caretaker
NU_33 Fri Late Caretaker
NU_34 Wed Early Nurse
NU_34 Thu Early Caretaker
NU_35 Tue Day Nurse
NU_35 Wed Day Caretaker
NU_35 Thu Day Caretaker
NU_35 Fri Day Caretaker
NU_36 Mon Early Nurse
NU_36 Tue Early Nurse
NU_36 Wed Early Caretaker
NU_37 Mon Early Caretaker
NU_37 Tue Early Nurse
NU_38 Mon Late Caretaker
NU_38 Thu Day Caretaker
NU_38 Fri Day Caretaker
NU_38 Sat Early Nurse
NU_38 Sun Early Nurse
NU_39 Mon Day Caretaker
NU_39 Fri Night Nurse
NU_39 Sat Night Nurse
NU_39 Sun Night Nurse
CT_40 Mon Early Caretaker
CT_40 Tue Early Caretaker
CT_41 Wed Late Caretaker
CT_41 Thu Late Caretaker
CT_42 Mon Day Caretaker
CT_42 Tue Day Caretaker
CT_42 Fri Day Caretaker
CT_42 Sat Day Caretaker
CT_42 Sun Day Caretaker
CT_43 Mon Day Caretaker
CT_43 Tue Day Caretaker
CT_43 Sun Early Caretaker
CT_44 Wed Early Caretaker
CT_44 Thu Early Caretaker
CT_44 Fri Early Caretaker
CT_45 Mon Night Caretaker
CT_45 Tue Night Caretaker
CT_45 Wed Night Caretaker
CT_45 Thu Night Caretaker
CT_46 Wed Late Caretaker
CT_46 Thu Late Caretaker
CT_46 Fri Late Caretaker
CT_47 Mon Early Caretaker
CT_47 Tue Early Caretaker
CT_47 Fri Night Caretaker
CT_47 Sat Night Caretaker
CT_47 Sun Night Caretaker
CT_48 Wed Early Caretaker
CT_48 Thu Early Caretaker
CT_48 Fri Early Caretaker
CT_49 Mon Night Caretaker
CT_49 Tue Night Caretaker
CT_49 Wed Night Caretaker
CT_49 Thu Night Caretaker
CT_49 Fri Night Caretaker
CT_50 Mon Day Caretaker
CT_50 Tue Day Caretaker
CT_50 Wed Day Caretaker
CT_51 Mon Early Caretaker
CT_51 Tue Early Caretaker
CT_51 Wed Early Caretaker
CT_52 Tue Late Caretaker
CT_52 Wed Late Caretaker
CT_52 Thu Late Caretaker
CT_52 Fri Late Caretaker
CT_53 Wed Early Caretaker
CT_53 Thu Early Caretaker
CT_53 Fri Early Caretaker
CT_54 Mon Night Caretaker
CT_54 Tue Night Caretaker
CT_54 Fri Late Caretaker
CT_54 Sat Late Caretaker
CT_54 Sun Late Caretaker
CT_55 Thu Day Caretaker
CT_55 Fri Day Caretaker
CT_57 Fri Late Caretaker
CT_57 Sat Late Caretaker
CT_57 Sun Late Caretaker
CT_58 Tue Late Caretaker
CT_58 Wed Late Caretaker
CT_59 Tue Day Caretaker
CT_59 Wed Day Caretaker
CT_59 Thu Early Caretaker
CT_59 Fri Early Caretaker
CT_60 Mon Late Caretaker
CT_61 Mon Late Caretaker
CT_61 Tue Late Caretaker
CT_61 Wed Late Caretaker
CT_62 Mon Early Caretaker
CT_62 Tue Early Caretaker
CT_62 Wed Early Caretaker
CT_62 Thu Day Caretaker
CT_62 Fri Day Caretaker
CT_63 Mon Early Caretaker
CT_63 Tue Early Caretaker
CT_63 Wed Day Caretaker
CT_63 Thu Day Caretaker
CT_64 Mon Night Caretaker
CT_64 Tue Night Caretaker
CT_64 Wed Night Caretaker
CT_65 Mon Day Caretaker
CT_65 Tue Day Caretaker
CT_65 Wed Night Caretaker
CT_65 Thu Night Caretaker
CT_65 Fri Night Caretaker
CT_66 Mon Night Caretaker
CT_66 Fri Late Caretaker
CT_66 Sat Late Caretaker
CT_66 Sun Night Caretaker
CT_67 Tue Late Caretaker
CT_67 Wed Late Caretaker
CT_68 Fri Early Caretaker
CT_68 Sat Early Caretaker
CT_68 Sun Late Caretaker
CT_69 Sat Early Caretaker
CT_69 Sun Early Caretaker
CT_70 Mon Early Caretaker
CT_70 Tue Early Caretaker
CT_70 Wed Day Caretaker
CT_70 Thu Day Caretaker
CT_70 Fri Day Caretaker
CT_71 Wed Night Caretaker
CT_71 Thu Night Caretaker
CT_71 Fri Night Caretaker
CT_72 Tue Late Caretaker
CT_72 Wed Late Caretaker
CT_73 Mon Late Caretaker
CT_73 Tue Late Caretaker
CT_74 Mon Early Caretaker
CT_74 Tue Early Caretaker
CT_75 Wed Night Caretaker
CT_75 Thu Night Caretaker
CT_75 Fri Night Caretaker
CT_75 Sat Night Caretaker
CT_75 Sun Night Caretaker
CT_76 Mon Night Caretaker
CT_76 Thu Day Caretaker
CT_76 Fri Day Caretaker
CT_76 Sat Early Caretaker
CT_76 Sun Early Caretaker
CT_77 Mon Day Caretaker
CT_77 Tue Day Caretaker
CT_77 Wed Late Caretaker
CT_77 Thu Late Caretaker
CT_77 Fri Late Caretaker
CT_78 Mon Late Caretaker
CT_78 Thu Night Caretaker
CT_78 Fri Night Caretaker
CT_78 Sat Night Caretaker
CT_78 Sun Night Caretaker
CT_79 Wed Late Caretaker
CT_79 Thu Late Caretaker
TR_80 Tue Night Trainee
TR_80 Wed Night Trainee
TR_80 Thu Night Trainee
TR_80 Fri Night Trainee
TR_81 Mon Day Trainee
TR_81 Tue Day Trainee
TR_81 Wed Day Trainee
TR_82 Tue Early Trainee
TR_82 Wed Early Trainee
TR_82 Thu Early Trainee
TR_83 Mon Day Trainee
TR_83 Sat Night Trainee
TR_83 Sun Night Trainee
TR_84 Mon Early Trainee
TR_84 Tue Early Trainee
TR_84 Wed Early Trainee
TR_84 Thu Early Trainee
TR_85 Mon Late Trainee
TR_85 Tue Late Trainee
TR_86 Fri Early Trainee
TR_86 Sat Early Trainee
TR_86 Sun Early Trainee
TR_87 Tue Day Trainee
TR_87 Wed Day Trainee
TR_87 Thu Late Trainee
TR_87 Fri Late Trainee
TR_88 Tue Early Trainee
TR_88 Wed Early Trainee
TR_88 Thu Early Trainee
TR_88 Fri Night Trainee
TR_88 Sat Night Trainee
TR_88 Sun Night Trainee
TR_89 Mon Early Trainee
TR_89 Thu Night Trainee
TR_89 Fri Night Trainee
TR_89 Sat Night Trainee
TR_89 Sun Night Trainee
TR_90 Mon Night Trainee
TR_91 Wed Late Trainee
TR_91 Thu Late Trainee
TR_91 Fri Late Trainee
TR_92 Sun Late Trainee
TR_93 Tue Night Trainee
TR_93 Wed Night Trainee
TR_93 Thu Night Trainee
TR_93 Fri Night Trainee
TR_94 Mon Day Trainee
TR_94 Tue Day Trainee
TR_94 Wed Day Trainee
TR_95 Mon Late Trainee
TR_95 Tue Late Trainee
TR_96 Tue Day Trainee
TR_96 Wed Day Trainee
TR_96 Thu Day Trainee
TR_96 Fri Day Trainee
TR_97 Mon Late Trainee
TR_97 Tue Late Trainee
TR_97 Fri Day Trainee
TR_97 Sat Day Trainee
TR_97 Sun Early Trainee
TR_98 Wed Early Trainee
TR_98 Thu Early Trainee
TR_98 Fri Early Trainee
TR_98 Sat Day Trainee
TR_98 Sun Day Trainee
TR_99 Mon Late Trainee
TR_99 Tue Late Trainee
TR_99 Wed Late Trainee
TR_99 Thu Late Trainee
TR_100 Mon Night Trainee
TR_100 Tue Night Trainee
TR_100 Wed Night Trainee
TR_100 Thu Night Trainee
TR_100 Fri Night Trainee
TR_101 Mon Day Trainee
TR_101 Tue Day Trainee
TR_101 Wed Day Trainee
TR_101 Thu Early Trainee
TR_101 Fri Early Trainee
TR_102 Thu Day Trainee
TR_102 Fri Day Trainee
TR_103 Sat Early Trainee
TR_103 Sun Early Trainee
TR_104 Mon Early Trainee
TR_104 Thu Late Trainee
TR_104 Fri Late Trainee
TR_104 Sat Late Trainee
TR_104 Sun Late Trainee
TR_105 Mon Night Trainee
TR_105 Tue Night Trainee
TR_105 Wed Night Trainee
TR_106 Mon Early Trainee
TR_106 Thu Day Trainee
TR_106 Fri Day Trainee
TR_106 Sat Day Trainee
TR_106 Sun Day Trainee
TR_107 Mon Night Trainee
TR_107 Tue Night Trainee
TR_107 Wed Night Trainee
TR_107 Thu Night Trainee
TR_108 Tue Early Trainee
TR_108 Wed Early Trainee
TR_109 Mon Late Trainee
TR_109 Tue Late Trainee
TR_109 Wed Late Trainee
