SOLUTION
0 n120w4

ASSIGNMENTS = 468
HN_0 Sat Day HeadNurse
HN_0 Sun Day HeadNurse
HN_1 Tue Night HeadNurse
HN_1 Wed Night HeadNurse
HN_1 Thu Night HeadNurse
HN_1 Fri Night HeadNurse
HN_2 Thu Early HeadNurse
HN_2 Fri Early HeadNurse
HN_2 Sat Late HeadNurse
HN_2 Sun Late HeadNurse
HN_3 Mon Day HeadNurse
HN_3 Tue Day HeadNurse
HN_3 Wed Day HeadNurse
HN_3 Thu Day HeadNurse
HN_4 Mon Early HeadNurse
HN_4 Tue Early HeadNurse
HN_4 Fri Night Nurse
HN_4 Sat Night HeadNurse
HN_4 Sun Night Nurse
HN_5 Mon Day HeadNurse
HN_5 Tue Day Nurse
HN_5 Wed Day HeadNurse
HN_5 Thu Day HeadNurse
HN_6 Mon Late HeadNurse
HN_6 Tue Late HeadNurse
HN_7 Mon Early HeadNurse
HN_7 Tue Early HeadNurse
HN_7 Wed Late HeadNurse
HN_7 Thu Late HeadNurse
HN_7 Fri Late HeadNurse
HN_8 Tue Late HeadNurse
HN_8 Wed Late HeadNurse
HN_8 Thu Late Nurse
HN_9 Wed Early HeadNurse
HN_9 Thu Early Nurse
HN_9 Fri Early Nurse
HN_10 Wed Early HeadNurse
HN_10 Thu Early Nurse
HN_10 Fri Early Nurse
HN_11 Mon Early Nurse
HN_11 Tue Early Nurse
HN_11 Wed Early Nurse
HN_11 Thu Day HeadNurse
HN_11 Fri Day HeadNurse
HN_12 Mon Late HeadNurse
HN_12 Tue Late HeadNurse
HN_13 Sat Early HeadNurse
HN_13 Sun Early HeadNurse
HN_14 Mon Night HeadNurse
HN_14 Tue Night HeadNurse
HN_14 Wed Night Nurse
HN_14 Thu Night HeadNurse
HN_14 Fri Night Nurse
HN_15 Mon Early Nurse
HN_15 Tue Early Nurse
HN_15 Wed Late Nurse
HN_15 Thu Late Nurse
HN_15 Fri Late HeadNurse
HN_16 Mon Night Nurse
HN_16 Tue Night Nurse
HN_16 Wed Night Nurse
HN_16 Thu Night Nurse
HN_17 Mon Night Nurse
HN_17 Tue Night Nurse
HN_17 Wed Night Nurse
HN_17 Thu Night Nurse
HN_17 Fri Night Nurse
HN_18 Sat Day Nurse
HN_18 Sun Day HeadNurse
HN_19 Mon Late Nurse
HN_19 Tue Late Nurse
HN_19 Wed Late Nurse
HN_19 Thu Late Nurse
HN_19 Fri Late Nurse
NU_20 Mon Day Nurse
NU_20 Tue Day Nurse
NU_20 Wed Late Nurse
NU_20 Thu Late Nurse
NU_20 Fri Late Nurse
NU_21 Tue Early Nurse
NU_21 Wed Early Nurse
NU_21 Thu Early Nurse
NU_22 Mon Night Nurse
NU_22 Tue Night Nurse
NU_22 Wed Night Nurse
NU_22 Thu Night Nurse
NU_23 Fri Day Nurse
NU_23 Sat Day Nurse
NU_23 Sun Day Nurse
NU_24 Mon Night Caretaker
NU_24 Thu Day Nurse
NU_24 Fri Day Nurse
NU_24 Sat Early Nurse
NU_24 Sun Early Nurse
NU_25 Mon Night Caretaker
NU_25 Tue Night Nurse
NU_25 Fri Late Nurse
NU_25 Sat Late Nurse
NU_25 Sun Late Nurse
NU_26 Sat Early Nurse
NU_26 Sun Early Nurse
NU_27 Tue Night Nurse
NU_27 Wed Night Nurse
NU_27 Thu Night Nurse
NU_27 Fri Night Nurse
NU_28 Mon Day Nurse
NU_28 Tue Day Nurse
NU_28 Wed Day Nurse
NU_28 Thu Late Nurse
NU_28 Fri Late Nurse
NU_29 Mon Late Nurse
NU_29 Tue Late Nurse
NU_29 Wed Late Nurse
NU_30 Mon Late Nurse
NU_30 Thu Early Nurse
NU_30 Fri Early Nurse
NU_30 Sat Late Nurse
NU_30 Sun Late Nurse
NU_31 Mon Day Nurse
NU_31 Thu Day Nurse
NU_31 Fri Day Nurse
NU_31 Sat Day Caretaker
NU_31 Sun Day Caretaker
NU_32 Mon Late Nurse
NU_32 Tue Late Nurse
NU_32 Wed Late Caretaker
NU_32 Thu Late Caretaker
NU_32 Fri Late Caretaker
NU_33 Mon Early Nurse
NU_33 Tue Early Nurse
NU_33 Wed Early Nurse
NU_33 Thu Day Nurse
NU_33 Fri Day Nurse
NU_34 Tue Late Nurse
NU_34 Wed Late Caretaker
NU_34 Thu Late Caretaker
NU_34 Fri Late Caretaker
NU_35 Mon Night Caretaker
NU_35 Tue Night Caretaker
NU_35 Wed Night Caretaker
NU_35 Thu Night Caretaker
NU_36 Mon Night Caretaker
NU_36 Thu Early Nurse
NU_36 Fri Early Nurse
NU_36 Sat Early Nurse
NU_36 Sun Early Caretaker
NU_37 Mon Night Caretaker
NU_37 Tue Night Caretaker
NU_38 Wed Day Nurse
NU_38 Thu Day Nurse
NU_38 Fri Day Caretaker
NU_39 Tue Late Caretaker
NU_39 Wed Late Caretaker
NU_39 Thu Late Caretaker
NU_39 Fri Late Caretaker
NU_40 Mon Early Caretaker
NU_40 Tue Early Caretaker
NU_40 Wed Early Nurse
NU_40 Thu Day Caretaker
NU_40 Fri Day Caretaker
NU_41 Wed Day Nurse
NU_41 Thu Day Caretaker
NU_41 Fri Late Caretaker
NU_41 Sat Late Caretaker
NU_41 Sun Late Caretaker
NU_42 Mon Late Nurse
NU_42 Tue Late Caretaker
NU_42 Fri Night Caretaker
NU_42 Sat Night Nurse
NU_42 Sun Night Nurse
NU_43 Mon Day Nurse
NU_43 Tue Day Nurse
NU_43 Wed Early Nurse
NU_43 Thu Early Caretaker
NU_44 Mon Night Caretaker
NU_44 Tue Night Caretaker
NU_45 Mon Late Caretaker
NU_45 Tue Late Caretaker
NU_45 Fri Night Caretaker
NU_45 Sat Night Caretaker
NU_45 Sun Night Nurse
NU_46 Mon Early Caretaker
NU_46 Tue Early Caretaker
NU_46 Wed Early Caretaker
NU_47 Mon Day Caretaker
NU_47 Tue Day Nurse
NU_47 Wed Day Nurse
NU_48 Mon Night Caretaker
NU_48 Tue Night Caretaker
NU_48 Wed Night Caretaker
NU_48 Thu Night Caretaker
NU_48 Fri Night Caretaker
NU_49 Mon Night Caretaker
NU_49 Thu Day Caretaker
NU_49 Fri Day Caretaker
NU_49 Sat Day Caretaker
NU_49 Sun Day Caretaker
CT_50 Mon Day Caretaker
CT_50 Tue Day Caretaker
CT_50 Wed Day Caretaker
CT_50 Thu Day Caretaker
CT_50 Fri Day Caretaker
CT_51 Wed Late Caretaker
CT_51 Thu Late Caretaker
CT_51 Fri Late Caretaker
CT_52 Mon Night Caretaker
CT_52 Tue Night Caretaker
CT_52 Wed Night Caretaker
CT_52 Thu Night Caretaker
CT_52 Fri Night Caretaker
CT_53 Mon Day Caretaker
CT_53 Thu Early Caretaker
CT_53 Fri Early Caretaker
CT_53 Sat Day Caretaker
CT_53 Sun Day Caretaker
CT_54 Sat Day Caretaker
CT_54 Sun Day Caretaker
CT_55 Tue Night Caretaker
CT_55 Wed Night Caretaker
CT_55 Thu Night Caretaker
CT_55 Fri Night Caretaker
CT_56 Sat Night Caretaker
CT_56 Sun Night Caretaker
CT_57 Mon Early Caretaker
CT_57 Tue Late Caretaker
CT_57 Wed Late Caretaker
CT_58 Thu Day Caretaker
CT_58 Fri Day Caretaker
CT_58 Sat Day Caretaker
CT_58 Sun Day Caretaker
CT_59 Wed Early Caretaker
CT_59 Thu Early Caretaker
CT_59 Fri Early Caretaker
CT_60 Mon Early Caretaker
CT_60 Tue Early Caretaker
CT_60 Wed Early Caretaker
CT_60 Thu Late Caretaker
CT_60 Fri Late Caretaker
CT_61 Tue Early Caretaker
CT_61 Wed Early Caretaker
CT_61 Thu Early Caretaker
CT_61 Fri Early Caretaker
CT_62 Fri Early Caretaker
CT_62 Sat Early Caretaker
CT_62 Sun Early Caretaker
CT_63 Tue Night Caretaker
CT_63 Wed Night Caretaker
CT_63 Thu Night Caretaker
CT_63 Fri Night Caretaker
CT_64 Mon Late Caretaker
CT_64 Tue Late Caretaker
CT_64 Wed Late Caretaker
CT_64 Sat Late Caretaker
CT_64 Sun Late Caretaker
CT_65 Mon Early Caretaker
CT_65 Tue Early Caretaker
CT_65 Wed Day Caretaker
CT_65 Thu Day Caretaker
CT_66 Mon Day Caretaker
CT_66 Sat Late Caretaker
CT_66 Sun Late Caretaker
CT_67 Tue Day Caretaker
CT_67 Wed Day Caretaker
CT_67 Thu Early Caretaker
CT_67 Fri Early Caretaker
CT_68 Mon Early Caretaker
CT_68 Tue Early Caretaker
CT_68 Wed Early Caretaker
CT_69 Mon Late Caretaker
CT_69 Tue Late Caretaker
CT_69 Wed Late Caretaker
CT_69 Sat Early Caretaker
CT_69 Sun Early Caretaker
CT_70 Mon Day Caretaker
CT_70 Tue Day Caretaker
CT_70 Wed Day Caretaker
CT_70 Thu Late Caretaker
CT_70 Fri Late Caretaker
CT_71 Mon Day Caretaker
CT_71 Tue Day Caretaker
CT_71 Fri Night Caretaker
CT_71 Sat Night Caretaker
CT_71 Sun Night Caretaker
CT_72 Mon Early Caretaker
CT_72 Tue Early Caretaker
CT_72 Wed Early Caretaker
CT_73 Wed Day Caretaker
CT_73 Thu Day Caretaker
CT_73 Fri Day Caretaker
CT_74 Mon Day Caretaker
CT_74 Tue Day Caretaker
CT_74 Wed Day Caretaker
CT_75 Wed Early Caretaker
CT_75 Thu Early Caretaker
CT_75 Fri Early Caretaker
CT_76 Mon Late Caretaker
CT_76 Tue Late Caretaker
CT_77 Tue Night Caretaker
CT_77 Wed Night Caretaker
CT_77 Thu Night Caretaker
CT_77 Fri Night Caretaker
CT_78 Tue Late Caretaker
CT_78 Wed Late Caretaker
CT_78 Thu Late Caretaker
CT_78 Fri Late Caretaker
CT_79 Wed Day Caretaker
CT_79 Thu Day Caretaker
CT_79 Fri Day Caretaker
CT_80 Mon Day Caretaker
CT_80 Tue Day Caretaker
CT_80 Wed Day Caretaker
CT_80 Thu Day Caretaker
CT_80 Fri Day Caretaker
CT_81 Thu Night Caretaker
CT_81 Fri Night Caretaker
CT_81 Sat Night Caretaker
CT_81 Sun Night Caretaker
CT_82 Mon Late Caretaker
CT_82 Tue Late Caretaker
CT_82 Wed Late Caretaker
CT_82 Thu Late Caretaker
CT_82 Fri Late Caretaker
CT_83 Mon Late Caretaker
CT_83 Thu Early Caretaker
CT_83 Fri Early Caretaker
CT_83 Sat Early Caretaker
CT_83 Sun Early Caretaker
CT_84 Mon Day Caretaker
CT_84 Tue Day Caretaker
CT_84 Wed Day Caretaker
CT_84 Thu Early Caretaker
CT_84 Fri Early Caretaker
CT_85 Fri Early Caretaker
CT_85 Sat Early Caretaker
CT_85 Sun Late Caretaker
CT_86 Mon Night Caretaker
CT_86 Tue Night Caretaker
CT_86 Wed Night Caretaker
CT_86 Thu Night Caretaker
CT_86 Fri Night Caretaker
CT_87 Mon Late Caretaker
CT_87 Tue Late Caretaker
CT_87 Wed Late Caretaker
CT_88 Tue Early Caretaker
CT_88 Wed Early Caretaker
CT_88 Thu Day Caretaker
CT_88 Fri Day Caretaker
CT_89 Mon Early Caretaker
CT_89 Tue Early Caretaker
CT_89 Wed Early Caretaker
TR_90 Sat Early Trainee
TR_90 Sun Early Trainee
TR_91 Mon Day Trainee
TR_91 Tue Day Trainee
TR_91 Fri Early Trainee
TR_91 Sat Early Trainee
TR_91 Sun Early Trainee
TR_92 Tue Day Trainee
TR_92 Wed Day Trainee
TR_92 Thu Late Trainee
TR_92 Fri Late Trainee
TR_93 Thu Early Trainee
TR_93 Fri Early Trainee
TR_93 Sat Late Trainee
TR_93 Sun Late Trainee
TR_94 Mon Late Trainee
TR_94 Tue Late Trainee
TR_94 Wed Late Trainee
TR_94 Thu Late Trainee
TR_94 Fri Late Trainee
TR_95 Sat Night Trainee
TR_95 Sun Night Trainee
TR_96 Mon Early Trainee
TR_96 Tue Early Trainee
TR_96 Wed Early Trainee
TR_96 Thu Early Trainee
TR_96 Fri Early Trainee
TR_97 Mon Late Trainee
TR_97 Tue Late Trainee
TR_97 Wed Late Trainee
TR_98 Mon Late Trainee
TR_98 Fri Early Trainee
TR_98 Sat Early Trainee
TR_98 Sun Day Trainee
TR_99 Mon Early Trainee
TR_99 Tue Early Trainee
TR_99 Wed Early Trainee
TR_100 Mon Night Trainee
TR_100 Tue Night Trainee
TR_100 Wed Night Trainee
TR_100 Thu Night Trainee
TR_100 Fri Night Trainee
TR_101 Tue Day Trainee
TR_101 Wed Day Trainee
TR_101 Thu Late Trainee
TR_101 Fri Late Trainee
TR_102 Mon Early Trainee
TR_102 Thu Day Trainee
TR_102 Fri Day Trainee
TR_102 Sat Day Trainee
TR_102 Sun Early Trainee
TR_103 Mon Early Trainee
TR_103 Tue Early Trainee
TR_104 Tue Late Trainee
TR_104 Wed Late Trainee
TR_104 Thu Late Trainee
TR_104 Fri Late Trainee
TR_105 Mon Night Trainee
TR_105 Tue Night Trainee
TR_105 Wed Night Trainee
TR_105 Thu Night Trainee
TR_105 Fri Night Trainee
TR_106 Mon Early Trainee
TR_106 Tue Early Trainee
TR_106 Wed Early Trainee
TR_106 Thu Late Trainee
TR_106 Fri Late Trainee
TR_107 Mon Night Trainee
TR_108 Mon Day Trainee
TR_108 Thu Early Trainee
TR_108 Fri Early Trainee
TR_108 Sat Early Trainee
TR_108 Sun Late Trainee
TR_109 Mon Night Trainee
TR_109 Tue Night Trainee
TR_109 Wed Night Trainee
TR_109 Thu Night Trainee
TR_109 Fri Night Trainee
TR_110 Wed Day Trainee
TR_110 Thu Day Trainee
TR_110 Fri Day Trainee
TR_111 Mon Night Trainee
TR_111 Tue Night Trainee
TR_111 Wed Night Trainee
TR_111 Thu Night Trainee
TR_111 Fri Night Trainee
TR_112 Tue Early Trainee
TR_112 Wed Early Trainee
TR_112 Thu Early Trainee
TR_113 Mon Day Trainee
TR_113 Tue Day Trainee
TR_113 Wed Day Trainee
TR_113 Thu Early Trainee
TR_113 Fri Early Trainee
TR_114 Mon Late Trainee
TR_114 Tue Late Trainee
TR_114 Wed Late Trainee
TR_115 Wed Day Trainee
TR_115 Thu Day Trainee
TR_115 Fri Day Trainee
TR_116 Mon Day Trainee
TR_116 Thu Day Trainee
TR_116 Fri Day Trainee
TR_116 Sat Day Trainee
TR_116 Sun Day Trainee
TR_117 Mon Early Trainee
TR_117 Tue Early Trainee
TR_117 Wed Early Trainee
TR_118 Wed Night Trainee
TR_118 Thu Night Trainee
TR_118 Fri Night Trainee
TR_118 Sat Night Trainee
TR_118 Sun Night Trainee
TR_119 Mon Late Trainee
TR_119 Tue Late Trainee
TR_119 Wed Late Trainee
TR_119 Thu Late Trainee
TR_119 Fri Late Trainee
