SOLUTION
0 n110w4

ASSIGNMENTS = 375
HN_0 Tue Day HeadNurse
HN_0 Wed Day HeadNurse
HN_0 Thu Late HeadNurse
HN_0 Fri Late HeadNurse
HN_1 Thu Early HeadNurse
HN_1 Fri Early HeadNurse
HN_2 Thu Early HeadNurse
HN_2 Fri Early Nurse
HN_3 Mon Night HeadNurse
HN_3 Thu Early Nurse
HN_3 Fri Early Nurse
HN_3 Sat Early HeadNurse
HN_3 Sun Day HeadNurse
HN_4 Mon Early HeadNurse
HN_4 Tue Early HeadNurse
HN_5 Tue Late HeadNurse
HN_5 Wed Late HeadNurse
HN_5 Thu Late HeadNurse
HN_5 Fri Late HeadNurse
HN_6 Mon Late HeadNurse
HN_6 Tue Late HeadNurse
HN_6 Sat Early Nurse
HN_6 Sun Early HeadNurse
HN_7 Tue Late Nurse
HN_7 Wed Late Nurse
HN_7 Thu Late Nurse
HN_7 Fri Late Nurse
HN_8 Mon Day HeadNurse
HN_8 Tue Day Nurse
HN_8 Wed Late Nurse
HN_8 Thu Late Nurse
HN_8 Fri Late Nurse
HN_9 Mon Night HeadNurse
HN_9 Tue Night HeadNurse
HN_9 Wed Night HeadNurse
HN_9 Thu Night HeadNurse
HN_10 Tue Early Nurse
HN_10 Wed Early HeadNurse
HN_10 Thu Day HeadNurse
HN_10 Fri Day HeadNurse
HN_11 Thu Day Nurse
HN_11 Fri Day HeadNurse
HN_12 Sat Day Nurse
HN_12 Sun Day HeadNurse
HN_13 Wed Early Nurse
HN_13 Thu Early Nurse
HN_13 Fri Night HeadNurse
HN_13 Sat Night HeadNurse
HN_13 Sun Night HeadNurse
HN_14 Wed Day Nurse
HN_14 Thu Day Nurse
HN_14 Fri Day Nurse
HN_15 Mon Day Nurse
HN_15 Fri Late Nurse
HN_15 Sat Late HeadNurse
HN_15 Sun Night Nurse
HN_16 Mon Early Nurse
HN_16 Tue Early Nurse
HN_16 Wed Early Nurse
HN_16 Thu Day Nurse
HN_16 Fri Day Nurse
HN_17 Mon Day Nurse
HN_17 Tue Day Nurse
HN_17 Wed Day Nurse
HN_18 Mon Night Nurse
HN_18 Thu Night Nurse
HN_18 Fri Night Nurse
HN_18 Sat Night HeadNurse
HN_18 Sun Night Nurse
HN_19 Mon Night Nurse
HN_19 Tue Night HeadNurse
HN_19 Wed Night Nurse
NU_20 Fri Early Caretaker
NU_20 Sat Early Nurse
NU_20 Sun Early Nurse
NU_21 Mon Early Nurse
NU_21 Thu Early Nurse
NU_21 Fri Early Caretaker
NU_21 Sat Day Caretaker
NU_21 Sun Day Nurse
NU_22 Mon Night Nurse
NU_22 Tue Night Nurse
NU_22 Wed Night Nurse
NU_22 Thu Night Nurse
NU_22 Fri Night Nurse
NU_23 Mon Day Nurse
NU_23 Tue Day Nurse
NU_23 Wed Early Nurse
NU_23 Thu Early Caretaker
NU_26 Tue Late Nurse
NU_26 Wed Late Nurse
NU_27 Tue Early Nurse
NU_27 Wed Early Caretaker
NU_28 Mon Early Nurse
NU_29 Mon Late Nurse
NU_29 Fri Early Caretaker
NU_29 Sat Early Caretaker
NU_29 Sun Day Nurse
NU_30 Wed Day Nurse
NU_30 Thu Day Caretaker
NU_30 Fri Day Nurse
NU_31 Mon Early Caretaker
NU_31 Tue Early Caretaker
NU_31 Wed Early Caretaker
NU_32 Mon Night Nurse
NU_32 Tue Night Nurse
NU_32 Wed Night Caretaker
NU_32 Sat Late Nurse
NU_32 Sun Late Nurse
NU_33 Mon Early Caretaker
NU_33 Thu Day Caretaker
NU_33 Fri Day Caretaker
NU_33 Sat Late Caretaker
NU_33 Sun Late Nurse
NU_34 Mon Late Nurse
NU_34 Tue Late Nurse
NU_34 Wed Late Nurse
NU_34 Sun Early Caretaker
NU_35 Wed Day Caretaker
NU_35 Thu Day Caretaker
NU_35 Fri Day Caretaker
NU_35 Sat Early Caretaker
NU_35 Sun Early Caretaker
NU_36 Mon Day Caretaker
NU_36 Tue Day Caretaker
NU_36 Wed Day Caretaker
NU_37 Mon Day Caretaker
NU_38 Mon Late Caretaker
NU_38 Thu Night Nurse
NU_38 Fri Night Caretaker
NU_38 Sat Night Nurse
NU_38 Sun Night Nurse
NU_39 Mon Day Caretaker
NU_39 Sat Late Caretaker
NU_39 Sun Late Nurse
CT_40 Thu Day Caretaker
CT_40 Fri Day Caretaker
CT_41 Mon Late Caretaker
CT_41 Tue Late Caretaker
CT_42 Mon Day Caretaker
CT_42 Tue Day Caretaker
CT_42 Fri Night Caretaker
CT_42 Sat Night Caretaker
CT_42 Sun Night Caretaker
CT_43 Thu Day Caretaker
CT_43 Fri Day Caretaker
CT_44 Tue Early Caretaker
CT_44 Wed Early Caretaker
CT_44 Thu Early Caretaker
CT_44 Fri Early Caretaker
CT_45 Mon Night Caretaker
CT_45 Tue Night Caretaker
CT_45 Wed Night Caretaker
CT_45 Thu Night Caretaker
CT_46 Sat Night Caretaker
CT_46 Sun Night Caretaker
CT_47 Mon Early Caretaker
CT_47 Thu Day Caretaker
CT_47 Fri Day Caretaker
CT_47 Sat Day Caretaker
CT_47 Sun Day Caretaker
CT_48 Sat Late Caretaker
CT_48 Sun Late Caretaker
CT_49 Mon Night Caretaker
CT_49 Tue Night Caretaker
CT_49 Wed Night Caretaker
CT_49 Thu Night Caretaker
CT_49 Fri Night Caretaker
CT_50 Mon Early Caretaker
CT_50 Tue Early Caretaker
CT_50 Wed Early Caretaker
CT_51 Mon Day Caretaker
CT_51 Tue Day Caretaker
CT_51 Wed Day Caretaker
CT_52 Tue Late Caretaker
CT_52 Wed Late Caretaker
CT_52 Thu Late Caretaker
CT_52 Fri Late Caretaker
CT_53 Wed Late Caretaker
CT_53 Thu Late Caretaker
CT_53 Fri Late Caretaker
CT_54 Mon Night Caretaker
CT_54 Tue Night Caretaker
CT_54 Fri Early Caretaker
CT_54 Sat Early Caretaker
CT_54 Sun Early Caretaker
CT_55 Mon Early Caretaker
CT_55 Tue Early Caretaker
CT_57 Tue Night Caretaker
CT_57 Wed Night Caretaker
CT_57 Thu Night Caretaker
CT_57 Fri Night Caretaker
CT_58 Tue Early Caretaker
CT_58 Wed Early Caretaker
CT_58 Sun Day Caretaker
CT_59 Tue Late Caretaker
CT_59 Wed Late Caretaker
CT_59 Thu Late Caretaker
CT_59 Fri Late Caretaker
CT_60 Mon Late Caretaker
CT_61 Tue Late Caretaker
CT_61 Wed Late Caretaker
CT_62 Mon Day Caretaker
CT_62 Tue Day Caretaker
CT_62 Wed Day Caretaker
CT_62 Thu Early Caretaker
CT_62 Fri Early Caretaker
CT_63 Mon Day Caretaker
CT_63 Tue Day Caretaker
CT_63 Wed Day Caretaker
CT_63 Thu Early Caretaker
CT_63 Fri Early Caretaker
CT_64 Mon Night Caretaker
CT_64 Tue Night Caretaker
CT_64 Wed Night Caretaker
CT_65 Mon Day Caretaker
CT_65 Tue Day Caretaker
CT_65 Wed Day Caretaker
CT_65 Thu Late Caretaker
CT_65 Fri Late Caretaker
CT_66 Mon Night Caretaker
CT_66 Fri Late Caretaker
CT_66 Sat Late Caretaker
CT_66 Sun Night Caretaker
CT_67 Mon Early Caretaker
CT_67 Tue Early Caretaker
CT_67 Sun Early Caretaker
CT_68 Tue Day Caretaker
CT_68 Wed Day Caretaker
CT_68 Thu Early Caretaker
CT_68 Fri Early Caretaker
CT_69 Wed Late Caretaker
CT_69 Thu Late Caretaker
CT_69 Fri Late Caretaker
CT_70 Mon Night Caretaker
CT_70 Tue Night Caretaker
CT_70 Wed Night Caretaker
CT_70 Thu Night Caretaker
CT_71 Wed Day Caretaker
CT_71 Thu Day Caretaker
CT_72 Thu Late Caretaker
CT_72 Fri Late Caretaker
CT_73 Mon Late Caretaker
CT_73 Tue Late Caretaker
CT_73 Sun Late Caretaker
CT_74 Sat Late Caretaker
CT_74 Sun Late Caretaker
CT_75 Tue Night Caretaker
CT_75 Wed Night Caretaker
CT_75 Thu Night Caretaker
CT_75 Fri Night Caretaker
CT_76 Mon Night Caretaker
CT_76 Thu Early Caretaker
CT_76 Fri Early Caretaker
CT_76 Sat Day Caretaker
CT_76 Sun Day Caretaker
CT_77 Mon Late Caretaker
CT_77 Tue Late Caretaker
CT_77 Wed Late Caretaker
CT_77 Thu Late Caretaker
CT_77 Fri Late Caretaker
CT_78 Mon Late Caretaker
CT_78 Thu Night Caretaker
CT_78 Fri Night Caretaker
CT_78 Sat Night Caretaker
CT_78 Sun Night Caretaker
CT_79 Mon Late Caretaker
CT_79 Tue Late Caretaker
TR_80 Tue Early Trainee
TR_80 Wed Early Trainee
TR_80 Thu Early Trainee
TR_80 Fri Early Trainee
TR_81 Mon Early Trainee
TR_81 Tue Early Trainee
TR_81 Wed Early Trainee
TR_82 Tue Night Trainee
TR_82 Wed Night Trainee
TR_82 Thu Night Trainee
TR_82 Fri Night Trainee
TR_83 Mon Day Trainee
TR_83 Fri Early Trainee
TR_83 Sat Early Trainee
TR_83 Sun Night Trainee
TR_84 Tue Night Trainee
TR_84 Wed Night Trainee
TR_84 Thu Night Trainee
TR_84 Fri Night Trainee
TR_85 Mon Day Trainee
TR_85 Tue Day Trainee
TR_86 Fri Day Trainee
TR_86 Sat Day Trainee
TR_86 Sun Late Trainee
TR_87 Wed Day Trainee
TR_87 Thu Day Trainee
TR_87 Fri Day Trainee
TR_87 Sat Day Trainee
TR_87 Sun Day Trainee
TR_88 Mon Day Trainee
TR_88 Tue Day Trainee
TR_88 Wed Early Trainee
TR_88 Thu Early Trainee
TR_89 Wed Day Trainee
TR_89 Thu Day Trainee
TR_89 Fri Day Trainee
TR_90 Mon Night Trainee
TR_91 Wed Late Trainee
TR_91 Thu Late Trainee
TR_91 Fri Late Trainee
TR_92 Sun Day Trainee
TR_93 Wed Late Trainee
TR_93 Thu Late Trainee
TR_93 Fri Late Trainee
TR_94 Mon Night Trainee
TR_94 Tue Night Trainee
TR_94 Wed Night Trainee
TR_94 Thu Night Trainee
TR_95 Mon Early Trainee
TR_95 Tue Early Trainee
TR_96 Mon Early Trainee
TR_96 Tue Early Trainee
TR_96 Wed Early Trainee
TR_96 Thu Early Trainee
TR_97 Mon Late Trainee
TR_97 Tue Late Trainee
TR_97 Fri Night Trainee
TR_97 Sat Night Trainee
TR_97 Sun Night Trainee
TR_98 Wed Day Trainee
TR_98 Thu Day Trainee
TR_98 Fri Day Trainee
TR_98 Sat Late Trainee
TR_98 Sun Late Trainee
TR_99 Mon Late Trainee
TR_99 Tue Late Trainee
TR_99 Wed Late Trainee
TR_99 Thu Late Trainee
TR_100 Mon Night Trainee
TR_100 Tue Night Trainee
TR_100 Wed Night Trainee
TR_100 Thu Night Trainee
TR_100 Fri Night Trainee
TR_101 Mon Early Trainee
TR_101 Tue Early Trainee
TR_101 Wed Early Trainee
TR_101 Thu Early Trainee
TR_101 Fri Early Trainee
TR_102 Fri Early Trainee
TR_102 Sat Early Trainee
TR_102 Sun Early Trainee
TR_103 Wed Early Trainee
TR_103 Thu Early Trainee
TR_103 Fri Early Trainee
TR_104 Mon Day Trainee
TR_104 Tue Day Trainee
TR_104 Fri Day Trainee
TR_104 Sat Day Trainee
TR_104 Sun Early Trainee
TR_105 Mon Night Trainee
TR_105 Tue Night Trainee
TR_105 Wed Night Trainee
TR_106 Mon Early Trainee
TR_106 Thu Late Trainee
TR_106 Fri Late Trainee
TR_106 Sat Late Trainee
TR_106 Sun Late Trainee
TR_107 Mon Day Trainee
TR_107 Tue Day Trainee
TR_107 Wed Day Trainee
TR_107 Thu Day Trainee
TR_108 Mon Late Trainee
TR_108 Tue Late Trainee
TR_109 Mon Late Trainee
TR_109 Tue Late Trainee
TR_109 Sat Late Trainee
TR_109 Sun Late Trainee
