SOLUTION
1 n120w8

ASSIGNMENTS = 471
HN_0 Wed Late HeadNurse
HN_0 Thu Late HeadNurse
HN_0 Fri Late HeadNurse
HN_1 Mon Day HeadNurse
HN_1 Tue Day HeadNurse
HN_1 Wed Early HeadNurse
HN_1 Thu Early HeadNurse
HN_2 Mon Night HeadNurse
HN_2 Tue Night HeadNurse
HN_2 Fri Day HeadNurse
HN_2 Sat Day HeadNurse
HN_2 Sun Early HeadNurse
HN_3 Tue Late HeadNurse
HN_3 Wed Late Nurse
HN_3 Thu Late HeadNurse
HN_3 Fri Late Nurse
HN_4 Mon Early HeadNurse
HN_4 Tue Early HeadNurse
HN_4 Fri Early HeadNurse
HN_4 Sat Early Nurse
HN_4 Sun Early Nurse
HN_5 Sat Late HeadNurse
HN_5 Sun Late HeadNurse
HN_7 Wed Early HeadNurse
HN_7 Thu Early HeadNurse
HN_7 Fri Day HeadNurse
HN_7 Sat Day Nurse
HN_7 Sun Day HeadNurse
HN_8 Thu Night HeadNurse
HN_8 Fri Night HeadNurse
HN_8 Sat Night Nurse
HN_8 Sun Night HeadNurse
HN_9 Mon Day HeadNurse
HN_9 Tue Day HeadNurse
HN_9 Wed Day HeadNurse
HN_9 Thu Day HeadNurse
HN_9 Fri Day HeadNurse
HN_10 Wed Night HeadNurse
HN_10 Thu Night HeadNurse
HN_10 Fri Night Nurse
HN_10 Sat Night Nurse
HN_10 Sun Night HeadNurse
HN_11 Mon Day Nurse
HN_11 Tue Day Nurse
HN_11 Wed Day HeadNurse
HN_11 Thu Day HeadNurse
HN_11 Fri Day Nurse
HN_12 Mon Night Nurse
HN_12 Tue Night HeadNurse
HN_12 Wed Night Nurse
HN_12 Thu Night Nurse
HN_13 Sat Late HeadNurse
HN_13 Sun Late HeadNurse
HN_14 Wed Early Nurse
HN_14 Thu Early Nurse
HN_14 Fri Early HeadNurse
HN_15 Mon Night Nurse
HN_15 Tue Night HeadNurse
HN_15 Wed Night Nurse
HN_15 Thu Night Nurse
HN_15 Fri Night Nurse
HN_16 Mon Late HeadNurse
HN_16 Tue Late Nurse
HN_17 Mon Night Nurse
HN_17 Tue Night Nurse
HN_17 Wed Night Nurse
HN_17 Thu Night Nurse
HN_17 Fri Night Nurse
HN_18 Mon Late Nurse
HN_18 Tue Late Nurse
HN_18 Wed Late Nurse
HN_18 Thu Late Nurse
HN_19 Mon Early HeadNurse
HN_19 Tue Early Nurse
HN_19 Wed Early Nurse
HN_19 Thu Early Nurse
HN_19 Fri Early Nurse
NU_20 Mon Early Nurse
NU_20 Tue Early Nurse
NU_20 Wed Early Nurse
NU_20 Sat Day Nurse
NU_20 Sun Day Nurse
NU_21 Mon Night Nurse
NU_21 Tue Night Nurse
NU_21 Fri Day Nurse
NU_21 Sat Day Nurse
NU_21 Sun Early Nurse
NU_22 Sat Day Caretaker
NU_22 Sun Day Caretaker
NU_24 Mon Night Caretaker
NU_24 Tue Night Nurse
NU_24 Wed Night Nurse
NU_24 Thu Night Nurse
NU_24 Fri Night Nurse
NU_25 Mon Late Nurse
NU_25 Tue Late Nurse
NU_25 Fri Late Nurse
NU_25 Sat Late Nurse
NU_25 Sun Late Nurse
NU_26 Mon Early Nurse
NU_26 Tue Early Nurse
NU_26 Wed Day Nurse
NU_26 Thu Day Nurse
NU_28 Mon Early Nurse
NU_28 Thu Early Nurse
NU_28 Fri Early Nurse
NU_28 Sat Late Nurse
NU_28 Sun Late Caretaker
NU_29 Mon Early Nurse
NU_29 Tue Early Nurse
NU_29 Wed Day Nurse
NU_29 Thu Day Nurse
NU_30 Mon Early Caretaker
NU_30 Tue Early Caretaker
NU_30 Wed Early Nurse
NU_30 Thu Day Nurse
NU_30 Fri Day Nurse
NU_31 Mon Day Nurse
NU_31 Tue Day Nurse
NU_31 Wed Early Caretaker
NU_31 Thu Early Nurse
NU_31 Fri Early Nurse
NU_32 Wed Early Caretaker
NU_32 Thu Early Caretaker
NU_32 Fri Early Nurse
NU_33 Mon Late Nurse
NU_33 Tue Late Caretaker
NU_33 Wed Late Nurse
NU_33 Thu Late Nurse
NU_33 Fri Late Nurse
NU_34 Mon Day Nurse
NU_34 Tue Day Nurse
NU_34 Wed Late Nurse
NU_34 Thu Late Nurse
NU_35 Mon Late Caretaker
NU_35 Tue Late Caretaker
NU_35 Wed Late Nurse
NU_35 Sat Late Nurse
NU_35 Sun Late Caretaker
NU_36 Mon Day Nurse
NU_36 Tue Day Nurse
NU_36 Wed Day Nurse
NU_36 Thu Late Nurse
NU_36 Fri Late Nurse
NU_37 Fri Night Caretaker
NU_37 Sat Night Nurse
NU_37 Sun Night Nurse
NU_38 Mon Early Caretaker
NU_38 Tue Early Caretaker
NU_38 Wed Day Caretaker
NU_38 Thu Day Caretaker
NU_39 Tue Day Nurse
NU_39 Wed Day Caretaker
NU_39 Thu Late Nurse
NU_39 Fri Late Caretaker
NU_40 Mon Night Caretaker
NU_40 Tue Night Nurse
NU_40 Wed Night Caretaker
NU_40 Thu Night Nurse
NU_40 Fri Night Caretaker
NU_41 Tue Early Caretaker
NU_41 Wed Early Caretaker
NU_41 Thu Early Caretaker
NU_41 Fri Early Caretaker
NU_42 Mon Early Caretaker
NU_42 Tue Early Caretaker
NU_42 Wed Early Caretaker
NU_42 Thu Late Caretaker
NU_42 Fri Late Caretaker
NU_43 Fri Late Caretaker
NU_43 Sat Late Caretaker
NU_43 Sun Night Nurse
NU_44 Mon Night Caretaker
NU_44 Tue Night Caretaker
NU_44 Wed Night Caretaker
NU_44 Thu Night Caretaker
NU_45 Mon Day Caretaker
NU_45 Tue Day Caretaker
NU_45 Fri Night Caretaker
NU_45 Sat Night Caretaker
NU_45 Sun Night Caretaker
NU_46 Mon Early Caretaker
NU_46 Tue Early Caretaker
NU_46 Wed Day Caretaker
NU_46 Thu Day Caretaker
NU_46 Fri Day Nurse
NU_47 Mon Night Caretaker
NU_47 Tue Night Caretaker
NU_47 Wed Night Caretaker
NU_47 Thu Night Caretaker
NU_48 Mon Early Caretaker
NU_48 Tue Early Caretaker
NU_48 Wed Day Caretaker
NU_48 Thu Day Caretaker
NU_48 Fri Day Caretaker
NU_49 Mon Late Caretaker
NU_49 Tue Late Caretaker
NU_49 Wed Late Caretaker
NU_49 Thu Late Caretaker
NU_49 Fri Late Caretaker
CT_50 Wed Day Caretaker
CT_50 Thu Day Caretaker
CT_50 Fri Day Caretaker
CT_50 Sat Early Caretaker
CT_50 Sun Early Caretaker
CT_51 Mon Late Caretaker
CT_51 Tue Late Caretaker
CT_51 Wed Late Caretaker
CT_51 Sat Night Caretaker
CT_51 Sun Night Caretaker
CT_52 Mon Early Caretaker
CT_52 Tue Early Caretaker
CT_52 Wed Early Caretaker
CT_52 Thu Day Caretaker
CT_52 Fri Day Caretaker
CT_53 Mon Night Caretaker
CT_53 Tue Night Caretaker
CT_53 Fri Early Caretaker
CT_53 Sat Early Caretaker
CT_53 Sun Early Caretaker
CT_55 Mon Late Caretaker
CT_55 Tue Late Caretaker
CT_56 Thu Early Caretaker
CT_56 Fri Early Caretaker
CT_56 Sat Day Caretaker
CT_56 Sun Day Caretaker
CT_57 Sat Night Caretaker
CT_57 Sun Night Caretaker
CT_58 Wed Late Caretaker
CT_58 Thu Late Caretaker
CT_58 Fri Late Caretaker
CT_58 Sat Late Caretaker
CT_58 Sun Late Caretaker
CT_59 Wed Early Caretaker
CT_59 Thu Early Caretaker
CT_59 Fri Early Caretaker
CT_60 Mon Early Caretaker
CT_60 Thu Early Caretaker
CT_60 Fri Early Caretaker
CT_60 Sat Early Caretaker
CT_60 Sun Early Caretaker
CT_61 Mon Day Caretaker
CT_61 Tue Day Caretaker
CT_61 Wed Day Caretaker
CT_61 Thu Day Caretaker
CT_61 Fri Day Caretaker
CT_62 Mon Night Caretaker
CT_62 Tue Night Caretaker
CT_62 Wed Night Caretaker
CT_62 Thu Night Caretaker
CT_63 Mon Late Caretaker
CT_63 Tue Late Caretaker
CT_63 Wed Late Caretaker
CT_63 Thu Late Caretaker
CT_64 Tue Late Caretaker
CT_64 Wed Late Caretaker
CT_64 Thu Late Caretaker
CT_64 Fri Late Caretaker
CT_65 Mon Late Caretaker
CT_66 Mon Night Caretaker
CT_66 Tue Night Caretaker
CT_66 Wed Night Caretaker
CT_66 Thu Night Caretaker
CT_67 Mon Early Caretaker
CT_67 Tue Early Caretaker
CT_67 Wed Late Caretaker
CT_67 Thu Late Caretaker
CT_68 Mon Day Caretaker
CT_68 Tue Day Caretaker
CT_68 Wed Day Caretaker
CT_68 Sat Night Caretaker
CT_68 Sun Night Caretaker
CT_69 Mon Day Caretaker
CT_69 Tue Day Caretaker
CT_69 Wed Day Caretaker
CT_69 Thu Early Caretaker
CT_69 Fri Early Caretaker
CT_70 Mon Late Caretaker
CT_70 Tue Late Caretaker
CT_70 Wed Late Caretaker
CT_71 Mon Day Caretaker
CT_71 Tue Day Caretaker
CT_71 Wed Day Caretaker
CT_71 Thu Day Caretaker
CT_72 Mon Day Caretaker
CT_72 Tue Day Caretaker
CT_73 Mon Late Caretaker
CT_73 Fri Day Caretaker
CT_73 Sat Day Caretaker
CT_73 Sun Day Caretaker
CT_74 Thu Early Caretaker
CT_74 Fri Early Caretaker
CT_74 Sat Early Caretaker
CT_74 Sun Early Caretaker
CT_75 Tue Early Caretaker
CT_75 Wed Early Caretaker
CT_75 Thu Day Caretaker
CT_75 Fri Day Caretaker
CT_76 Fri Day Caretaker
CT_76 Sat Day Caretaker
CT_76 Sun Day Caretaker
CT_77 Tue Night Caretaker
CT_77 Wed Night Caretaker
CT_77 Thu Night Caretaker
CT_77 Fri Night Caretaker
CT_78 Mon Night Caretaker
CT_78 Tue Night Caretaker
CT_79 Tue Late Caretaker
CT_79 Wed Late Caretaker
CT_79 Thu Late Caretaker
CT_80 Mon Day Caretaker
CT_80 Tue Day Caretaker
CT_80 Wed Early Caretaker
CT_80 Thu Early Caretaker
CT_80 Fri Early Caretaker
CT_81 Mon Early Caretaker
CT_81 Tue Early Caretaker
CT_81 Wed Early Caretaker
CT_81 Sat Late Caretaker
CT_81 Sun Late Caretaker
CT_82 Mon Night Caretaker
CT_82 Tue Night Caretaker
CT_82 Wed Night Caretaker
CT_82 Thu Night Caretaker
CT_82 Fri Night Caretaker
CT_83 Mon Day Caretaker
CT_83 Tue Day Caretaker
CT_83 Wed Late Caretaker
CT_83 Thu Late Caretaker
CT_83 Fri Late Caretaker
CT_84 Mon Day Caretaker
CT_84 Tue Day Caretaker
CT_84 Wed Day Caretaker
CT_84 Thu Late Caretaker
CT_84 Fri Late Caretaker
CT_85 Thu Day Caretaker
CT_85 Fri Day Caretaker
CT_85 Sat Late Caretaker
CT_85 Sun Late Caretaker
CT_86 Mon Night Caretaker
CT_86 Tue Night Caretaker
CT_86 Wed Night Caretaker
CT_86 Thu Night Caretaker
CT_86 Fri Night Caretaker
CT_87 Tue Night Caretaker
CT_87 Wed Night Caretaker
CT_87 Thu Night Caretaker
CT_87 Fri Night Caretaker
CT_88 Fri Late Caretaker
CT_88 Sat Late Caretaker
CT_88 Sun Night Caretaker
CT_89 Mon Late Caretaker
CT_89 Tue Late Caretaker
TR_90 Tue Early Trainee
TR_90 Wed Early Trainee
TR_90 Thu Early Trainee
TR_90 Fri Early Trainee
TR_91 Mon Night Trainee
TR_91 Tue Night Trainee
TR_91 Wed Night Trainee
TR_91 Thu Night Trainee
TR_91 Fri Night Trainee
TR_92 Fri Day Trainee
TR_92 Sat Day Trainee
TR_92 Sun Day Trainee
TR_93 Mon Late Trainee
TR_93 Tue Late Trainee
TR_94 Wed Day Trainee
TR_94 Thu Day Trainee
TR_94 Fri Day Trainee
TR_95 Mon Night Trainee
TR_96 Mon Day Trainee
TR_96 Tue Day Trainee
TR_96 Wed Day Trainee
TR_97 Fri Early Trainee
TR_97 Sat Early Trainee
TR_97 Sun Late Trainee
TR_98 Tue Late Trainee
TR_98 Wed Late Trainee
TR_98 Thu Late Trainee
TR_98 Fri Late Trainee
TR_99 Mon Night Trainee
TR_99 Tue Night Trainee
TR_99 Wed Night Trainee
TR_99 Sat Late Trainee
TR_99 Sun Late Trainee
TR_100 Wed Early Trainee
TR_100 Thu Early Trainee
TR_100 Fri Early Trainee
TR_102 Mon Late Trainee
TR_102 Tue Late Trainee
TR_102 Wed Late Trainee
TR_102 Thu Late Trainee
TR_102 Fri Late Trainee
TR_103 Mon Night Trainee
TR_103 Tue Night Trainee
TR_103 Wed Night Trainee
TR_103 Thu Night Trainee
TR_104 Mon Day Trainee
TR_104 Tue Day Trainee
TR_105 Mon Late Trainee
TR_105 Tue Late Trainee
TR_105 Wed Late Trainee
TR_105 Sat Late Trainee
TR_105 Sun Late Trainee
TR_106 Mon Early Trainee
TR_106 Tue Early Trainee
TR_106 Fri Early Trainee
TR_106 Sat Early Trainee
TR_106 Sun Early Trainee
TR_107 Tue Day Trainee
TR_107 Wed Day Trainee
TR_107 Thu Early Trainee
TR_107 Fri Early Trainee
TR_108 Mon Day Trainee
TR_108 Thu Night Trainee
TR_108 Fri Night Trainee
TR_108 Sat Night Trainee
TR_108 Sun Night Trainee
TR_109 Mon Late Trainee
TR_109 Tue Late Trainee
TR_109 Wed Late Trainee
TR_109 Thu Late Trainee
TR_109 Fri Late Trainee
TR_110 Mon Day Trainee
TR_110 Tue Day Trainee
TR_110 Wed Day Trainee
TR_110 Thu Day Trainee
TR_110 Fri Day Trainee
TR_111 Mon Night Trainee
TR_111 Tue Night Trainee
TR_111 Wed Night Trainee
TR_111 Thu Night Trainee
TR_111 Fri Night Trainee
TR_112 Mon Early Trainee
TR_112 Tue Early Trainee
TR_112 Wed Early Trainee
TR_112 Thu Early Trainee
TR_112 Fri Early Trainee
TR_113 Mon Late Trainee
TR_113 Tue Late Trainee
TR_113 Wed Late Trainee
TR_113 Thu Late Trainee
TR_113 Fri Late Trainee
TR_114 Mon Day Trainee
TR_114 Fri Night Trainee
TR_114 Sat Night Trainee
TR_114 Sun Night Trainee
TR_115 Wed Night Trainee
TR_115 Thu Night Trainee
TR_115 Fri Night Trainee
TR_115 Sat Night Trainee
TR_115 Sun Night Trainee
TR_116 Mon Early Trainee
TR_116 Tue Early Trainee
TR_116 Wed Early Trainee
TR_116 Thu Early Trainee
TR_116 Fri Early Trainee
TR_117 Mon Late Trainee
TR_117 Tue Late Trainee
TR_117 Fri Day Trainee
TR_117 Sat Day Trainee
TR_117 Sun Day Trainee
TR_118 Mon Early Trainee
TR_118 Tue Early Trainee
TR_118 Wed Early Trainee
TR_118 Thu Day Trainee
TR_118 Fri Day Trainee
TR_119 Wed Day Trainee
TR_119 Thu Day Trainee
TR_119 Fri Day Trainee
