SOLUTION
5 n120w8

ASSIGNMENTS = 476
HN_0 Fri Late HeadNurse
HN_0 Sat Late Nurse
HN_0 Sun Late HeadNurse
HN_1 Mon Late HeadNurse
HN_1 Tue Late HeadNurse
HN_1 Wed Late HeadNurse
HN_1 Thu Late HeadNurse
HN_1 Fri Late Nurse
HN_2 Mon Late Nurse
HN_2 Tue Late HeadNurse
HN_2 Wed Late HeadNurse
HN_2 Thu Late HeadNurse
HN_2 Fri Late Nurse
HN_3 Tue Early HeadNurse
HN_3 Wed Early HeadNurse
HN_3 Thu Day HeadNurse
HN_3 Fri Day HeadNurse
HN_4 Mon Night HeadNurse
HN_4 Tue Night HeadNurse
HN_4 Wed Night HeadNurse
HN_4 Thu Night HeadNurse
HN_4 Fri Night HeadNurse
HN_6 Tue Late Nurse
HN_6 Wed Late HeadNurse
HN_6 Thu Late Nurse
HN_6 Fri Late Nurse
HN_7 Mon Early HeadNurse
HN_7 Tue Early HeadNurse
HN_7 Wed Early HeadNurse
HN_7 Thu Day Nurse
HN_7 Fri Day HeadNurse
HN_8 Mon Early HeadNurse
HN_8 Tue Early Nurse
HN_8 Wed Day HeadNurse
HN_8 Thu Day Nurse
HN_9 Mon Night Nurse
HN_9 Tue Night Nurse
HN_9 Wed Night HeadNurse
HN_9 Thu Night HeadNurse
HN_9 Fri Night HeadNurse
HN_10 Mon Early Nurse
HN_10 Tue Early Nurse
HN_10 Wed Late Nurse
HN_10 Thu Late Nurse
HN_10 Fri Late Nurse
HN_11 Mon Day Nurse
HN_11 Thu Early HeadNurse
HN_11 Fri Early HeadNurse
HN_11 Sat Early Nurse
HN_11 Sun Early HeadNurse
HN_12 Tue Day HeadNurse
HN_12 Wed Day Nurse
HN_12 Thu Day Nurse
HN_12 Fri Day Nurse
HN_13 Fri Day Nurse
HN_13 Sat Day HeadNurse
HN_13 Sun Day HeadNurse
HN_14 Mon Night Nurse
HN_14 Tue Night Nurse
HN_14 Wed Night Nurse
HN_14 Thu Night HeadNurse
HN_14 Fri Night HeadNurse
HN_15 Mon Late Nurse
HN_15 Thu Early HeadNurse
HN_15 Fri Early Nurse
HN_15 Sat Day HeadNurse
HN_15 Sun Day HeadNurse
HN_16 Wed Night Nurse
HN_16 Thu Night Nurse
HN_16 Fri Night Nurse
HN_16 Sat Night Nurse
HN_16 Sun Night HeadNurse
HN_17 Mon Day Nurse
HN_17 Tue Day Nurse
HN_17 Fri Day Nurse
HN_17 Sat Day Nurse
HN_17 Sun Late HeadNurse
HN_18 Fri Day Nurse
HN_18 Sat Day Nurse
HN_18 Sun Early Nurse
HN_19 Mon Early Nurse
HN_19 Tue Early Nurse
HN_19 Wed Late Nurse
HN_19 Thu Late Nurse
HN_19 Fri Late Nurse
NU_20 Wed Early Nurse
NU_20 Thu Early Nurse
NU_20 Fri Early Nurse
NU_21 Tue Day Nurse
NU_21 Wed Day Nurse
NU_21 Thu Early Nurse
NU_21 Fri Early Nurse
NU_22 Mon Early Nurse
NU_22 Tue Early Nurse
NU_23 Mon Early Nurse
NU_23 Tue Early Caretaker
NU_23 Wed Early Nurse
NU_23 Thu Early Nurse
NU_24 Mon Day Nurse
NU_24 Tue Day Nurse
NU_24 Wed Day Nurse
NU_24 Thu Late Nurse
NU_24 Fri Late Caretaker
NU_25 Mon Night Nurse
NU_25 Tue Night Nurse
NU_25 Wed Night Nurse
NU_25 Thu Night Nurse
NU_25 Fri Night Nurse
NU_26 Mon Early Caretaker
NU_26 Tue Early Caretaker
NU_26 Wed Early Nurse
NU_26 Thu Early Nurse
NU_28 Mon Day Nurse
NU_28 Tue Day Nurse
NU_28 Wed Day Nurse
NU_28 Thu Day Nurse
NU_28 Fri Day Nurse
NU_29 Wed Early Nurse
NU_29 Thu Early Nurse
NU_29 Fri Early Nurse
NU_29 Sat Late Nurse
NU_29 Sun Late Nurse
NU_30 Mon Late Nurse
NU_30 Tue Late Nurse
NU_30 Wed Late Nurse
NU_30 Thu Late Caretaker
NU_30 Fri Late Caretaker
NU_31 Mon Day Caretaker
NU_31 Thu Day Caretaker
NU_31 Fri Day Caretaker
NU_31 Sat Late Caretaker
NU_31 Sun Late Nurse
NU_32 Mon Night Nurse
NU_32 Tue Night Nurse
NU_32 Wed Night Nurse
NU_32 Thu Night Nurse
NU_32 Fri Night Nurse
NU_33 Mon Late Nurse
NU_33 Tue Late Nurse
NU_33 Wed Late Caretaker
NU_33 Thu Late Caretaker
NU_33 Fri Late Caretaker
NU_34 Mon Late Nurse
NU_34 Tue Late Nurse
NU_34 Wed Late Caretaker
NU_34 Thu Late Caretaker
NU_34 Fri Late Caretaker
NU_35 Mon Day Caretaker
NU_35 Tue Day Caretaker
NU_35 Wed Day Caretaker
NU_36 Mon Late Nurse
NU_36 Tue Late Caretaker
NU_36 Fri Night Nurse
NU_36 Sat Night Nurse
NU_36 Sun Night Nurse
NU_37 Mon Day Caretaker
NU_38 Fri Early Caretaker
NU_38 Sat Early Nurse
NU_38 Sun Early Nurse
NU_39 Fri Night Nurse
NU_39 Sat Night Caretaker
NU_39 Sun Night Nurse
NU_40 Mon Night Caretaker
NU_40 Tue Night Caretaker
NU_40 Wed Night Caretaker
NU_40 Thu Night Nurse
NU_40 Fri Night Caretaker
NU_41 Wed Day Caretaker
NU_41 Thu Day Caretaker
NU_41 Fri Late Caretaker
NU_41 Sat Late Caretaker
NU_41 Sun Late Caretaker
NU_42 Mon Night Caretaker
NU_42 Tue Night Caretaker
NU_42 Wed Night Caretaker
NU_42 Thu Night Nurse
NU_42 Fri Night Caretaker
NU_43 Mon Night Caretaker
NU_44 Mon Day Caretaker
NU_44 Tue Day Caretaker
NU_44 Wed Day Caretaker
NU_44 Thu Day Caretaker
NU_45 Mon Early Caretaker
NU_45 Tue Early Caretaker
NU_45 Wed Early Nurse
NU_45 Thu Day Caretaker
NU_45 Fri Day Caretaker
NU_46 Wed Early Caretaker
NU_46 Thu Early Caretaker
NU_46 Fri Early Caretaker
NU_47 Mon Night Caretaker
NU_47 Fri Day Caretaker
NU_47 Sat Day Nurse
NU_47 Sun Day Nurse
NU_48 Mon Night Caretaker
NU_48 Tue Night Caretaker
NU_48 Wed Night Caretaker
NU_48 Thu Night Caretaker
NU_48 Fri Night Caretaker
NU_49 Mon Early Caretaker
NU_49 Tue Early Caretaker
NU_49 Wed Early Caretaker
NU_49 Sat Early Caretaker
NU_49 Sun Early Caretaker
CT_50 Mon Night Caretaker
CT_50 Tue Night Caretaker
CT_50 Wed Night Caretaker
CT_50 Thu Night Caretaker
CT_50 Fri Night Caretaker
CT_51 Mon Late Caretaker
CT_51 Tue Late Caretaker
CT_52 Mon Day Caretaker
CT_52 Tue Day Caretaker
CT_52 Wed Day Caretaker
CT_52 Thu Late Caretaker
CT_52 Fri Late Caretaker
CT_53 Mon Night Caretaker
CT_53 Tue Night Caretaker
CT_53 Wed Night Caretaker
CT_53 Thu Night Caretaker
CT_53 Fri Night Caretaker
CT_54 Mon Night Caretaker
CT_55 Mon Day Caretaker
CT_55 Tue Day Caretaker
CT_55 Wed Day Caretaker
CT_55 Thu Day Caretaker
CT_55 Fri Day Caretaker
CT_56 Mon Early Caretaker
CT_56 Tue Early Caretaker
CT_56 Wed Early Caretaker
CT_57 Wed Day Caretaker
CT_57 Thu Day Caretaker
CT_57 Fri Day Caretaker
CT_57 Sat Day Caretaker
CT_57 Sun Day Caretaker
CT_59 Mon Late Caretaker
CT_59 Tue Late Caretaker
CT_59 Wed Late Caretaker
CT_59 Sat Early Caretaker
CT_59 Sun Early Caretaker
CT_60 Mon Night Caretaker
CT_60 Tue Night Caretaker
CT_60 Wed Night Caretaker
CT_60 Thu Night Caretaker
CT_60 Fri Night Caretaker
CT_61 Mon Early Caretaker
CT_61 Tue Early Caretaker
CT_61 Wed Early Caretaker
CT_61 Thu Early Caretaker
CT_62 Tue Day Caretaker
CT_62 Wed Day Caretaker
CT_62 Thu Day Caretaker
CT_62 Fri Day Caretaker
CT_64 Mon Late Caretaker
CT_64 Fri Day Caretaker
CT_64 Sat Day Caretaker
CT_64 Sun Day Caretaker
CT_65 Mon Day Caretaker
CT_65 Tue Day Caretaker
CT_65 Wed Early Caretaker
CT_65 Thu Early Caretaker
CT_65 Fri Early Caretaker
CT_66 Mon Late Caretaker
CT_66 Tue Late Caretaker
CT_66 Wed Late Caretaker
CT_67 Sat Early Caretaker
CT_67 Sun Early Caretaker
CT_68 Tue Night Caretaker
CT_68 Wed Night Caretaker
CT_68 Thu Night Caretaker
CT_68 Fri Night Caretaker
CT_69 Mon Early Caretaker
CT_69 Tue Early Caretaker
CT_69 Wed Late Caretaker
CT_69 Thu Late Caretaker
CT_69 Fri Late Caretaker
CT_70 Mon Late Caretaker
CT_70 Tue Late Caretaker
CT_70 Sat Day Caretaker
CT_70 Sun Day Caretaker
CT_71 Mon Late Caretaker
CT_71 Tue Late Caretaker
CT_71 Fri Day Caretaker
CT_71 Sat Day Caretaker
CT_71 Sun Day Caretaker
CT_72 Mon Day Caretaker
CT_72 Tue Day Caretaker
CT_72 Wed Late Caretaker
CT_72 Thu Late Caretaker
CT_73 Wed Night Caretaker
CT_73 Thu Night Caretaker
CT_73 Fri Night Caretaker
CT_73 Sat Night Caretaker
CT_73 Sun Night Caretaker
CT_74 Mon Early Caretaker
CT_74 Tue Early Caretaker
CT_74 Wed Early Caretaker
CT_74 Thu Late Caretaker
CT_74 Fri Late Caretaker
CT_75 Thu Early Caretaker
CT_75 Fri Early Caretaker
CT_75 Sat Late Caretaker
CT_75 Sun Late Caretaker
CT_76 Fri Night Caretaker
CT_76 Sat Night Caretaker
CT_76 Sun Night Caretaker
CT_77 Tue Early Caretaker
CT_77 Wed Early Caretaker
CT_77 Thu Early Caretaker
CT_77 Fri Early Caretaker
CT_78 Mon Late Caretaker
CT_78 Tue Late Caretaker
CT_78 Wed Night Caretaker
CT_78 Thu Night Caretaker
CT_78 Fri Night Caretaker
CT_79 Wed Early Caretaker
CT_79 Thu Early Caretaker
CT_79 Fri Early Caretaker
CT_80 Mon Night Caretaker
CT_80 Tue Night Caretaker
CT_80 Wed Night Caretaker
CT_80 Thu Night Caretaker
CT_80 Fri Night Caretaker
CT_81 Tue Day Caretaker
CT_81 Wed Day Caretaker
CT_81 Thu Late Caretaker
CT_81 Fri Late Caretaker
CT_82 Mon Late Caretaker
CT_82 Tue Late Caretaker
CT_82 Wed Late Caretaker
CT_82 Thu Late Caretaker
CT_82 Fri Late Caretaker
CT_83 Mon Early Caretaker
CT_83 Tue Early Caretaker
CT_83 Wed Early Caretaker
CT_83 Thu Late Caretaker
CT_83 Fri Late Caretaker
CT_84 Mon Day Caretaker
CT_84 Tue Day Caretaker
CT_84 Wed Day Caretaker
CT_84 Thu Early Caretaker
CT_84 Fri Early Caretaker
CT_85 Mon Early Caretaker
CT_86 Mon Late Caretaker
CT_86 Tue Late Caretaker
CT_86 Wed Late Caretaker
CT_86 Sat Night Caretaker
CT_86 Sun Night Caretaker
CT_87 Thu Day Caretaker
CT_87 Fri Day Caretaker
CT_87 Sat Early Caretaker
CT_87 Sun Early Caretaker
CT_89 Mon Night Caretaker
CT_89 Fri Early Caretaker
CT_89 Sat Early Caretaker
CT_89 Sun Late Caretaker
TR_90 Thu Day Trainee
TR_90 Fri Day Trainee
TR_90 Sat Day Trainee
TR_90 Sun Early Trainee
TR_91 Mon Day Trainee
TR_91 Tue Day Trainee
TR_91 Wed Day Trainee
TR_91 Thu Early Trainee
TR_91 Fri Early Trainee
TR_92 Mon Night Trainee
TR_93 Mon Early Trainee
TR_93 Tue Early Trainee
TR_93 Wed Early Trainee
TR_93 Thu Early Trainee
TR_94 Mon Day Trainee
TR_94 Tue Day Trainee
TR_94 Wed Day Trainee
TR_94 Sat Late Trainee
TR_94 Sun Late Trainee
TR_95 Thu Day Trainee
TR_95 Fri Day Trainee
TR_95 Sat Early Trainee
TR_95 Sun Early Trainee
TR_96 Tue Late Trainee
TR_96 Wed Late Trainee
TR_96 Thu Late Trainee
TR_97 Mon Day Trainee
TR_97 Tue Day Trainee
TR_97 Wed Late Trainee
TR_97 Thu Late Trainee
TR_98 Thu Early Trainee
TR_98 Fri Early Trainee
TR_98 Sat Day Trainee
TR_98 Sun Day Trainee
TR_99 Mon Early Trainee
TR_99 Tue Early Trainee
TR_99 Wed Early Trainee
TR_99 Thu Early Trainee
TR_100 Mon Night Trainee
TR_100 Tue Night Trainee
TR_100 Wed Night Trainee
TR_100 Thu Night Trainee
TR_100 Fri Night Trainee
TR_101 Tue Early Trainee
TR_101 Wed Early Trainee
TR_101 Thu Late Trainee
TR_101 Fri Late Trainee
TR_102 Mon Late Trainee
TR_102 Tue Late Trainee
TR_102 Fri Early Trainee
TR_102 Sat Early Trainee
TR_102 Sun Day Trainee
TR_104 Mon Late Trainee
TR_104 Tue Late Trainee
TR_104 Wed Late Trainee
TR_104 Thu Late Trainee
TR_104 Fri Late Trainee
TR_105 Wed Day Trainee
TR_105 Thu Day Trainee
TR_105 Fri Day Trainee
TR_106 Mon Night Trainee
TR_106 Tue Night Trainee
TR_106 Wed Night Trainee
TR_106 Thu Night Trainee
TR_106 Fri Night Trainee
TR_107 Tue Early Trainee
TR_107 Wed Early Trainee
TR_107 Thu Day Trainee
TR_107 Fri Day Trainee
TR_108 Mon Day Trainee
TR_108 Tue Day Trainee
TR_108 Wed Day Trainee
TR_108 Thu Day Trainee
TR_108 Fri Day Trainee
TR_109 Mon Day Trainee
TR_109 Tue Day Trainee
TR_109 Wed Late Trainee
TR_109 Thu Late Trainee
TR_109 Fri Late Trainee
TR_110 Mon Night Trainee
TR_110 Tue Night Trainee
TR_110 Wed Night Trainee
TR_110 Thu Night Trainee
TR_110 Fri Night Trainee
TR_111 Mon Late Trainee
TR_111 Tue Late Trainee
TR_111 Fri Night Trainee
TR_111 Sat Night Trainee
TR_111 Sun Night Trainee
TR_112 Mon Early Trainee
TR_112 Thu Early Trainee
TR_112 Fri Early Trainee
TR_112 Sat Day Trainee
TR_112 Sun Day Trainee
TR_113 Mon Night Trainee
TR_113 Tue Night Trainee
TR_113 Wed Night Trainee
TR_113 Thu Night Trainee
TR_113 Fri Night Trainee
TR_114 Tue Late Trainee
TR_114 Wed Late Trainee
TR_114 Thu Late Trainee
TR_115 Mon Night Trainee
TR_115 Tue Night Trainee
TR_116 Mon Early Trainee
TR_116 Thu Early Trainee
TR_116 Fri Early Trainee
TR_116 Sat Late Trainee
TR_116 Sun Late Trainee
TR_117 Mon Late Trainee
TR_117 Tue Late Trainee
TR_118 Mon Early Trainee
TR_118 Thu Night Trainee
TR_118 Fri Night Trainee
TR_118 Sat Night Trainee
TR_118 Sun Night Trainee
TR_119 Tue Early Trainee
TR_119 Wed Early Trainee
TR_119 Thu Late Trainee
TR_119 Fri Late Trainee
