SOLUTION
0 n120w8

ASSIGNMENTS = 481
HN_0 Mon Late HeadNurse
HN_0 Tue Late HeadNurse
HN_0 Wed Late HeadNurse
HN_0 Thu Late HeadNurse
HN_1 Mon Late HeadNurse
HN_1 Tue Late HeadNurse
HN_2 Mon Early HeadNurse
HN_2 Tue Early Nurse
HN_2 Fri Night HeadNurse
HN_2 Sat Night HeadNurse
HN_2 Sun Night HeadNurse
HN_3 Mon Day HeadNurse
HN_3 Tue Day HeadNurse
HN_3 Wed Early HeadNurse
HN_3 Thu Early HeadNurse
HN_4 Mon Late Nurse
HN_4 Tue Late Nurse
HN_4 Wed Late HeadNurse
HN_4 Sat Day HeadNurse
HN_4 Sun Day HeadNurse
HN_5 Tue Night HeadNurse
HN_5 Wed Night HeadNurse
HN_5 Thu Night HeadNurse
HN_5 Fri Night HeadNurse
HN_6 Wed Early HeadNurse
HN_6 Thu Early Nurse
HN_6 Fri Early HeadNurse
HN_6 Sat Early HeadNurse
HN_6 Sun Early Nurse
HN_7 Wed Night HeadNurse
HN_7 Thu Night HeadNurse
HN_7 Fri Night Nurse
HN_7 Sat Night Nurse
HN_7 Sun Night Nurse
HN_8 Wed Early Nurse
HN_8 Thu Early Nurse
HN_8 Fri Late Nurse
HN_8 Sat Late HeadNurse
HN_8 Sun Late HeadNurse
HN_9 Mon Late Nurse
HN_9 Tue Late Nurse
HN_9 Wed Late Nurse
HN_9 Thu Late HeadNurse
HN_9 Fri Late Nurse
HN_10 Wed Day HeadNurse
HN_10 Thu Day HeadNurse
HN_10 Fri Early HeadNurse
HN_10 Sat Early Nurse
HN_10 Sun Early Nurse
HN_11 Mon Early Nurse
HN_11 Tue Early Nurse
HN_11 Wed Early Nurse
HN_11 Thu Early Nurse
HN_11 Fri Early Nurse
HN_12 Mon Night HeadNurse
HN_12 Tue Night HeadNurse
HN_13 Tue Early Nurse
HN_13 Wed Early Nurse
HN_13 Thu Late HeadNurse
HN_13 Fri Late Nurse
HN_14 Mon Day HeadNurse
HN_14 Thu Late Nurse
HN_14 Fri Late Nurse
HN_14 Sat Late Nurse
HN_14 Sun Late Nurse
HN_15 Mon Day Nurse
HN_15 Tue Day HeadNurse
HN_15 Wed Day HeadNurse
HN_15 Thu Day HeadNurse
HN_15 Fri Day HeadNurse
HN_16 Mon Day Nurse
HN_16 Sat Day Nurse
HN_16 Sun Day Nurse
HN_17 Mon Night Nurse
HN_17 Tue Night Nurse
HN_17 Wed Night Nurse
HN_17 Thu Night HeadNurse
HN_17 Fri Night Nurse
HN_18 Mon Night Nurse
HN_19 Mon Night Nurse
HN_19 Tue Night Nurse
HN_19 Wed Night Nurse
HN_19 Thu Night Nurse
HN_19 Fri Night Nurse
NU_20 Mon Day Nurse
NU_20 Tue Day Nurse
NU_20 Wed Day Nurse
NU_20 Thu Day Nurse
NU_20 Fri Day Nurse
NU_21 Mon Early Nurse
NU_21 Tue Early Nurse
NU_21 Wed Early Nurse
NU_21 Sat Night Caretaker
NU_21 Sun Night Caretaker
NU_22 Tue Early Nurse
NU_22 Wed Early Nurse
NU_22 Thu Day Nurse
NU_22 Fri Day Nurse
NU_23 Thu Early Nurse
NU_23 Fri Early Nurse
NU_23 Sat Early Nurse
NU_23 Sun Early Nurse
NU_24 Wed Day Nurse
NU_24 Thu Day Nurse
NU_24 Fri Day Nurse
NU_25 Mon Night Nurse
NU_25 Tue Night Nurse
NU_25 Wed Night Nurse
NU_25 Sat Late Caretaker
NU_25 Sun Late Nurse
NU_27 Thu Night Nurse
NU_27 Fri Night Nurse
NU_27 Sat Night Caretaker
NU_27 Sun Night Caretaker
NU_28 Mon Night Nurse
NU_28 Thu Day Nurse
NU_28 Fri Day Caretaker
NU_28 Sat Day Nurse
NU_28 Sun Early Caretaker
NU_29 Mon Early Nurse
NU_29 Tue Early Caretaker
NU_30 Mon Day Nurse
NU_30 Tue Day Nurse
NU_30 Wed Late Nurse
NU_30 Thu Late Nurse
NU_30 Fri Late Nurse
NU_31 Wed Day Nurse
NU_31 Thu Day Caretaker
NU_31 Fri Day Caretaker
NU_32 Wed Night Nurse
NU_32 Thu Night Nurse
NU_32 Fri Night Nurse
NU_32 Sat Night Caretaker
NU_32 Sun Night Caretaker
NU_33 Mon Day Caretaker
NU_33 Tue Day Nurse
NU_33 Wed Day Nurse
NU_33 Thu Early Nurse
NU_33 Fri Early Nurse
NU_34 Tue Day Nurse
NU_34 Wed Day Nurse
NU_34 Thu Day Caretaker
NU_35 Tue Late Nurse
NU_35 Wed Late Nurse
NU_35 Thu Late Nurse
NU_35 Fri Late Caretaker
NU_36 Mon Day Caretaker
NU_36 Tue Day Caretaker
NU_36 Wed Day Caretaker
NU_36 Thu Early Nurse
NU_36 Fri Early Nurse
NU_37 Mon Late Nurse
NU_37 Tue Late Nurse
NU_37 Wed Late Caretaker
NU_37 Thu Late Nurse
NU_38 Tue Day Caretaker
NU_38 Wed Day Caretaker
NU_38 Thu Early Caretaker
NU_38 Fri Early Nurse
NU_39 Mon Early Nurse
NU_40 Mon Early Caretaker
NU_40 Tue Early Caretaker
NU_40 Wed Day Caretaker
NU_40 Thu Day Caretaker
NU_40 Fri Day Caretaker
NU_41 Mon Day Caretaker
NU_41 Tue Day Caretaker
NU_41 Wed Early Caretaker
NU_41 Thu Early Caretaker
NU_42 Mon Night Caretaker
NU_42 Tue Night Nurse
NU_42 Wed Night Nurse
NU_42 Thu Night Caretaker
NU_42 Fri Night Caretaker
NU_43 Tue Night Caretaker
NU_43 Wed Night Caretaker
NU_43 Thu Night Caretaker
NU_43 Fri Night Caretaker
NU_45 Mon Late Nurse
NU_45 Tue Late Nurse
NU_45 Fri Early Nurse
NU_45 Sat Early Caretaker
NU_45 Sun Day Caretaker
NU_46 Wed Early Caretaker
NU_46 Thu Early Caretaker
NU_46 Fri Early Caretaker
NU_47 Mon Late Caretaker
NU_47 Tue Late Caretaker
NU_47 Wed Late Caretaker
NU_48 Mon Early Caretaker
NU_48 Tue Early Caretaker
NU_48 Wed Early Caretaker
NU_48 Thu Day Caretaker
NU_48 Fri Day Caretaker
NU_49 Mon Late Caretaker
NU_49 Tue Late Caretaker
NU_49 Wed Late Caretaker
NU_49 Thu Late Nurse
NU_49 Fri Late Caretaker
CT_50 Wed Early Caretaker
CT_50 Thu Early Caretaker
CT_50 Fri Early Caretaker
CT_50 Sat Early Caretaker
CT_50 Sun Early Caretaker
CT_51 Mon Late Caretaker
CT_51 Tue Late Caretaker
CT_52 Mon Night Caretaker
CT_52 Tue Night Caretaker
CT_52 Wed Night Caretaker
CT_52 Thu Night Caretaker
CT_52 Fri Night Caretaker
CT_53 Mon Day Caretaker
CT_53 Tue Day Caretaker
CT_53 Wed Day Caretaker
CT_53 Sat Night Caretaker
CT_53 Sun Night Caretaker
CT_54 Thu Late Caretaker
CT_54 Fri Late Caretaker
CT_54 Sat Late Caretaker
CT_54 Sun Late Caretaker
CT_55 Mon Night Caretaker
CT_55 Sat Day Caretaker
CT_55 Sun Day Caretaker
CT_56 Tue Late Caretaker
CT_56 Wed Late Caretaker
CT_56 Thu Late Caretaker
CT_56 Fri Late Caretaker
CT_57 Tue Night Caretaker
CT_57 Wed Night Caretaker
CT_57 Thu Night Caretaker
CT_57 Fri Night Caretaker
CT_58 Mon Night Caretaker
CT_58 Tue Night Caretaker
CT_58 Wed Night Caretaker
CT_59 Mon Early Caretaker
CT_59 Thu Day Caretaker
CT_59 Fri Day Caretaker
CT_59 Sat Late Caretaker
CT_59 Sun Late Caretaker
CT_60 Mon Late Caretaker
CT_60 Thu Early Caretaker
CT_60 Fri Early Caretaker
CT_60 Sat Early Caretaker
CT_60 Sun Early Caretaker
CT_61 Tue Early Caretaker
CT_61 Wed Early Caretaker
CT_61 Thu Late Caretaker
CT_61 Fri Late Caretaker
CT_62 Mon Late Caretaker
CT_62 Tue Late Caretaker
CT_64 Tue Day Caretaker
CT_64 Wed Day Caretaker
CT_64 Thu Day Caretaker
CT_64 Fri Day Caretaker
CT_65 Thu Day Caretaker
CT_65 Fri Day Caretaker
CT_65 Sat Day Caretaker
CT_65 Sun Late Caretaker
CT_66 Tue Day Caretaker
CT_66 Wed Day Caretaker
CT_66 Thu Early Caretaker
CT_66 Fri Early Caretaker
CT_67 Mon Early Caretaker
CT_67 Tue Early Caretaker
CT_68 Wed Early Caretaker
CT_68 Thu Early Caretaker
CT_68 Fri Early Caretaker
CT_69 Mon Early Caretaker
CT_69 Tue Early Caretaker
CT_69 Wed Day Caretaker
CT_69 Thu Day Caretaker
CT_69 Fri Day Caretaker
CT_70 Mon Night Caretaker
CT_70 Tue Night Caretaker
CT_70 Wed Night Caretaker
CT_70 Thu Night Caretaker
CT_71 Mon Day Caretaker
CT_71 Tue Day Caretaker
CT_72 Mon Night Caretaker
CT_72 Fri Early Caretaker
CT_72 Sat Early Caretaker
CT_72 Sun Day Caretaker
CT_73 Mon Late Caretaker
CT_73 Tue Late Caretaker
CT_73 Fri Early Caretaker
CT_73 Sat Early Caretaker
CT_73 Sun Late Caretaker
CT_74 Mon Night Caretaker
CT_74 Tue Night Caretaker
CT_74 Wed Night Caretaker
CT_74 Thu Night Caretaker
CT_74 Fri Night Caretaker
CT_75 Tue Night Caretaker
CT_75 Wed Night Caretaker
CT_75 Thu Night Caretaker
CT_75 Fri Night Caretaker
CT_76 Mon Day Caretaker
CT_76 Tue Day Caretaker
CT_76 Wed Late Caretaker
CT_76 Thu Late Caretaker
CT_76 Fri Late Caretaker
CT_77 Mon Night Caretaker
CT_77 Tue Night Caretaker
CT_77 Wed Night Caretaker
CT_77 Thu Night Caretaker
CT_78 Fri Night Caretaker
CT_78 Sat Night Caretaker
CT_78 Sun Night Caretaker
CT_79 Mon Night Caretaker
CT_79 Tue Night Caretaker
CT_79 Wed Night Caretaker
CT_79 Thu Night Caretaker
CT_79 Fri Night Caretaker
CT_80 Mon Early Caretaker
CT_80 Tue Early Caretaker
CT_80 Wed Late Caretaker
CT_80 Thu Late Caretaker
CT_80 Fri Late Caretaker
CT_81 Mon Early Caretaker
CT_81 Tue Early Caretaker
CT_82 Mon Early Caretaker
CT_82 Tue Early Caretaker
CT_82 Wed Early Caretaker
CT_82 Thu Late Caretaker
CT_82 Fri Late Caretaker
CT_83 Mon Late Caretaker
CT_83 Tue Late Caretaker
CT_83 Wed Late Caretaker
CT_83 Thu Late Caretaker
CT_83 Fri Late Caretaker
CT_84 Mon Day Caretaker
CT_84 Tue Day Caretaker
CT_84 Wed Late Caretaker
CT_84 Thu Late Caretaker
CT_84 Fri Late Caretaker
CT_85 Tue Early Caretaker
CT_85 Wed Early Caretaker
CT_85 Thu Day Caretaker
CT_85 Fri Day Caretaker
CT_86 Mon Night Caretaker
CT_86 Tue Night Caretaker
CT_86 Wed Night Caretaker
CT_86 Thu Night Caretaker
CT_86 Fri Night Caretaker
CT_87 Tue Early Caretaker
CT_87 Wed Early Caretaker
CT_87 Thu Early Caretaker
CT_87 Fri Early Caretaker
CT_88 Tue Late Caretaker
CT_88 Wed Late Caretaker
CT_88 Thu Late Caretaker
CT_88 Fri Late Caretaker
CT_89 Mon Late Caretaker
CT_89 Tue Late Caretaker
CT_89 Fri Day Caretaker
CT_89 Sat Day Caretaker
CT_89 Sun Day Caretaker
TR_90 Mon Early Trainee
TR_91 Mon Day Trainee
TR_91 Tue Day Trainee
TR_91 Wed Day Trainee
TR_91 Thu Early Trainee
TR_91 Fri Early Trainee
TR_92 Tue Late Trainee
TR_92 Wed Late Trainee
TR_92 Thu Late Trainee
TR_92 Fri Late Trainee
TR_93 Thu Early Trainee
TR_93 Fri Early Trainee
TR_93 Sat Late Trainee
TR_93 Sun Late Trainee
TR_94 Mon Day Trainee
TR_94 Thu Early Trainee
TR_94 Fri Early Trainee
TR_94 Sat Early Trainee
TR_94 Sun Early Trainee
TR_95 Fri Night Trainee
TR_95 Sat Night Trainee
TR_95 Sun Night Trainee
TR_96 Mon Late Trainee
TR_96 Tue Late Trainee
TR_96 Wed Late Trainee
TR_96 Thu Late Trainee
TR_97 Thu Day Trainee
TR_97 Fri Day Trainee
TR_97 Sat Day Trainee
TR_97 Sun Day Trainee
TR_98 Mon Day Trainee
TR_98 Tue Day Trainee
TR_98 Wed Day Trainee
TR_98 Thu Day Trainee
TR_99 Mon Night Trainee
TR_99 Sat Late Trainee
TR_99 Sun Night Trainee
TR_100 Mon Late Trainee
TR_100 Thu Night Trainee
TR_100 Fri Night Trainee
TR_100 Sat Night Trainee
TR_100 Sun Night Trainee
TR_101 Wed Day Trainee
TR_101 Thu Day Trainee
TR_101 Fri Day Trainee
TR_101 Sat Late Trainee
TR_101 Sun Late Trainee
TR_102 Mon Late Trainee
TR_102 Tue Late Trainee
TR_102 Wed Late Trainee
TR_102 Thu Late Trainee
TR_102 Fri Late Trainee
TR_104 Sat Early Trainee
TR_104 Sun Early Trainee
TR_105 Mon Night Trainee
TR_105 Tue Night Trainee
TR_105 Wed Night Trainee
TR_105 Thu Night Trainee
TR_105 Fri Night Trainee
TR_106 Mon Night Trainee
TR_106 Tue Night Trainee
TR_106 Wed Night Trainee
TR_106 Sat Early Trainee
TR_106 Sun Early Trainee
TR_107 Mon Late Trainee
TR_107 Tue Late Trainee
TR_107 Wed Late Trainee
TR_107 Thu Late Trainee
TR_108 Mon Day Trainee
TR_108 Thu Early Trainee
TR_108 Fri Early Trainee
TR_108 Sat Day Trainee
TR_108 Sun Day Trainee
TR_109 Mon Late Trainee
TR_109 Tue Late Trainee
TR_109 Wed Late Trainee
TR_109 Thu Late Trainee
TR_109 Fri Late Trainee
TR_110 Mon Early Trainee
TR_110 Tue Early Trainee
TR_110 Wed Early Trainee
TR_110 Thu Day Trainee
TR_110 Fri Day Trainee
TR_111 Mon Day Trainee
TR_111 Tue Day Trainee
TR_111 Wed Day Trainee
TR_111 Thu Early Trainee
TR_111 Fri Early Trainee
TR_112 Wed Late Trainee
TR_112 Thu Late Trainee
TR_112 Fri Late Trainee
TR_113 Mon Day Trainee
TR_113 Tue Day Trainee
TR_113 Wed Day Trainee
TR_113 Thu Day Trainee
TR_113 Fri Day Trainee
TR_114 Mon Early Trainee
TR_114 Tue Early Trainee
TR_114 Wed Early Trainee
TR_114 Sat Day Trainee
TR_114 Sun Day Trainee
TR_115 Mon Early Trainee
TR_115 Tue Early Trainee
TR_115 Wed Early Trainee
TR_115 Thu Early Trainee
TR_116 Mon Night Trainee
TR_116 Tue Night Trainee
TR_116 Wed Night Trainee
TR_116 Thu Night Trainee
TR_116 Fri Night Trainee
TR_117 Mon Early Trainee
TR_117 Tue Early Trainee
TR_117 Wed Early Trainee
TR_117 Sat Early Trainee
TR_117 Sun Early Trainee
TR_118 Mon Night Trainee
TR_118 Tue Night Trainee
TR_118 Wed Night Trainee
TR_118 Thu Night Trainee
TR_118 Fri Night Trainee
TR_119 Mon Night Trainee
TR_119 Tue Night Trainee
TR_119 Wed Night Trainee
TR_119 Thu Night Trainee
