SOLUTION
0 n070w4

ASSIGNMENTS = 283
HN_0 Mon Late Nurse
HN_0 Tue Late Nurse
HN_1 Mon Early Nurse
HN_1 Tue Early HeadNurse
HN_1 Wed Early Nurse
HN_1 Sat Early HeadNurse
HN_1 Sun Early HeadNurse
HN_2 Mon Night HeadNurse
HN_2 Tue Night Nurse
HN_2 Wed Night HeadNurse
HN_2 Thu Night HeadNurse
HN_2 Fri Night HeadNurse
HN_3 Wed Night Nurse
HN_3 Thu Night Nurse
HN_3 Fri Night Nurse
HN_3 Sat Night Nurse
HN_3 Sun Night HeadNurse
HN_4 Mon Day HeadNurse
HN_4 Tue Day HeadNurse
HN_4 Fri Late Nurse
HN_4 Sat Late HeadNurse
HN_4 Sun Late HeadNurse
HN_5 Tue Day Nurse
HN_5 Wed Day HeadNurse
HN_5 Thu Day HeadNurse
HN_5 Fri Day HeadNurse
HN_6 Mon Night Nurse
HN_6 Tue Night Nurse
HN_6 Wed Night Nurse
HN_6 Thu Night Nurse
HN_7 Mon Early Nurse
HN_7 Tue Early Nurse
HN_7 Wed Early Nurse
HN_7 Thu Early HeadNurse
NU_8 Mon Day Nurse
NU_8 Tue Day Nurse
NU_8 Wed Day Nurse
NU_9 Mon Day Nurse
NU_9 Tue Day Nurse
NU_9 Wed Day Nurse
NU_9 Thu Early Nurse
NU_9 Fri Early Nurse
NU_10 Wed Late Nurse
NU_10 Thu Late Nurse
NU_10 Fri Late Nurse
NU_11 Mon Night Nurse
NU_11 Tue Night Nurse
NU_11 Fri Day Nurse
NU_11 Sat Day Nurse
NU_11 Sun Day Nurse
NU_12 Mon Day Nurse
NU_12 Tue Day Nurse
NU_12 Wed Early Nurse
NU_12 Thu Early Nurse
NU_12 Fri Early Nurse
NU_13 Mon Night Nurse
NU_14 Mon Early Nurse
NU_14 Tue Early Nurse
NU_14 Wed Early Caretaker
NU_14 Thu Early Nurse
NU_15 Mon Day Caretaker
NU_15 Tue Day Caretaker
NU_15 Wed Day Caretaker
NU_16 Mon Night Caretaker
NU_16 Tue Night Caretaker
NU_16 Wed Night Nurse
NU_16 Thu Night Nurse
NU_16 Fri Night Nurse
NU_17 Fri Late Nurse
NU_17 Sat Late Nurse
NU_17 Sun Late Nurse
NU_18 Mon Late Nurse
NU_18 Tue Late Nurse
NU_18 Wed Late Nurse
NU_18 Thu Late Nurse
NU_19 Mon Late Nurse
NU_19 Tue Late Nurse
NU_20 Mon Early Nurse
NU_20 Tue Early Nurse
NU_20 Wed Early Caretaker
NU_20 Thu Day Nurse
NU_20 Fri Day Nurse
NU_21 Thu Night Nurse
NU_21 Fri Night Nurse
NU_21 Sat Night Nurse
NU_21 Sun Night Nurse
NU_22 Mon Late Nurse
NU_22 Thu Night Caretaker
NU_22 Fri Night Caretaker
NU_22 Sat Night Nurse
NU_22 Sun Night Nurse
NU_23 Mon Day Caretaker
NU_23 Tue Day Caretaker
NU_23 Wed Early Caretaker
NU_23 Thu Early Caretaker
NU_23 Fri Early Nurse
NU_24 Tue Day Caretaker
NU_24 Wed Day Caretaker
NU_24 Thu Early Caretaker
NU_24 Fri Early Caretaker
NU_25 Mon Night Caretaker
NU_25 Tue Night Caretaker
NU_25 Wed Night Caretaker
NU_25 Thu Night Caretaker
NU_25 Fri Night Caretaker
NU_26 Mon Early Caretaker
NU_26 Thu Day Nurse
NU_26 Fri Day Nurse
NU_26 Sat Late Caretaker
NU_26 Sun Late Caretaker
NU_27 Wed Day Caretaker
NU_27 Thu Day Nurse
NU_27 Fri Day Nurse
NU_28 Mon Day Caretaker
NU_28 Tue Day Caretaker
NU_28 Wed Late Nurse
NU_28 Thu Late Nurse
NU_29 Mon Late Caretaker
NU_29 Tue Late Caretaker
NU_29 Wed Late Caretaker
NU_29 Thu Late Nurse
NU_30 Tue Day Caretaker
NU_30 Wed Day Caretaker
NU_30 Thu Day Caretaker
NU_31 Wed Late Caretaker
NU_31 Thu Late Nurse
NU_31 Fri Late Caretaker
NU_32 Fri Early Caretaker
NU_32 Sat Early Nurse
NU_32 Sun Early Nurse
NU_33 Mon Late Caretaker
NU_33 Thu Day Caretaker
NU_33 Fri Day Caretaker
NU_33 Sat Day Nurse
NU_33 Sun Day Caretaker
NU_34 Mon Early Caretaker
NU_34 Tue Early Caretaker
NU_34 Wed Early Caretaker
NU_34 Thu Early Caretaker
NU_35 Wed Night Caretaker
NU_35 Thu Night Caretaker
NU_35 Fri Night Caretaker
NU_36 Fri Day Caretaker
NU_36 Sat Day Caretaker
NU_36 Sun Late Caretaker
NU_37 Mon Night Caretaker
NU_37 Fri Day Caretaker
NU_37 Sat Day Caretaker
NU_37 Sun Day Caretaker
NU_38 Thu Night Caretaker
NU_38 Fri Night Caretaker
NU_38 Sat Night Caretaker
NU_38 Sun Night Caretaker
NU_39 Mon Late Caretaker
NU_39 Tue Late Caretaker
CT_40 Mon Night Caretaker
CT_40 Tue Night Caretaker
CT_40 Wed Night Caretaker
CT_40 Thu Night Caretaker
CT_40 Fri Night Caretaker
CT_41 Tue Early Caretaker
CT_41 Wed Early Caretaker
CT_41 Thu Day Caretaker
CT_41 Fri Day Caretaker
CT_42 Mon Late Caretaker
CT_42 Thu Early Caretaker
CT_42 Fri Early Caretaker
CT_42 Sat Early Caretaker
CT_42 Sun Early Caretaker
CT_43 Thu Early Caretaker
CT_43 Fri Early Caretaker
CT_43 Sat Early Caretaker
CT_43 Sun Early Caretaker
CT_44 Mon Night Caretaker
CT_44 Tue Night Caretaker
CT_44 Wed Night Caretaker
CT_44 Thu Night Caretaker
CT_44 Fri Night Caretaker
CT_45 Mon Late Caretaker
CT_45 Tue Late Caretaker
CT_45 Wed Late Caretaker
CT_45 Thu Late Caretaker
CT_45 Fri Late Caretaker
CT_46 Mon Day Caretaker
CT_46 Tue Day Caretaker
CT_46 Wed Day Caretaker
CT_46 Thu Day Caretaker
CT_46 Fri Day Caretaker
CT_47 Mon Early Caretaker
CT_47 Tue Early Caretaker
CT_47 Wed Late Caretaker
CT_47 Thu Late Caretaker
CT_48 Mon Night Caretaker
CT_48 Tue Night Caretaker
CT_48 Wed Night Caretaker
CT_49 Wed Late Caretaker
CT_49 Thu Late Caretaker
CT_49 Fri Late Caretaker
CT_50 Mon Early Caretaker
CT_50 Tue Early Caretaker
CT_50 Wed Early Caretaker
CT_50 Thu Late Caretaker
CT_50 Fri Late Caretaker
CT_51 Thu Day Caretaker
CT_51 Fri Day Caretaker
CT_51 Sat Late Caretaker
CT_51 Sun Late Caretaker
CT_52 Mon Late Caretaker
CT_52 Tue Late Caretaker
CT_52 Wed Late Caretaker
CT_53 Mon Late Caretaker
CT_53 Tue Late Caretaker
CT_53 Fri Day Caretaker
CT_53 Sat Day Caretaker
CT_53 Sun Day Caretaker
CT_54 Wed Late Caretaker
CT_54 Thu Late Caretaker
CT_54 Fri Late Caretaker
CT_55 Mon Early Caretaker
CT_55 Tue Early Caretaker
CT_55 Wed Early Caretaker
CT_55 Thu Early Caretaker
CT_55 Fri Early Caretaker
CT_56 Mon Day Caretaker
CT_56 Tue Day Caretaker
CT_56 Wed Day Caretaker
CT_56 Thu Late Caretaker
CT_56 Fri Late Caretaker
CT_57 Mon Early Caretaker
CT_57 Tue Early Caretaker
CT_57 Wed Late Caretaker
CT_57 Thu Late Caretaker
CT_58 Mon Early Caretaker
CT_58 Tue Early Caretaker
CT_58 Wed Day Caretaker
CT_58 Thu Day Caretaker
CT_59 Mon Day Caretaker
CT_59 Thu Night Caretaker
CT_59 Fri Night Caretaker
CT_59 Sat Night Caretaker
CT_59 Sun Night Caretaker
TR_60 Mon Early Trainee
TR_60 Tue Early Trainee
TR_60 Wed Late Trainee
TR_60 Thu Late Trainee
TR_60 Fri Late Trainee
TR_61 Mon Day Trainee
TR_61 Tue Day Trainee
TR_62 Mon Late Trainee
TR_62 Tue Late Trainee
TR_62 Wed Late Trainee
TR_62 Thu Night Trainee
TR_62 Fri Night Trainee
TR_63 Tue Day Trainee
TR_63 Wed Day Trainee
TR_63 Thu Day Trainee
TR_63 Fri Day Trainee
TR_64 Wed Early Trainee
TR_64 Thu Early Trainee
TR_64 Fri Early Trainee
TR_64 Sat Day Trainee
TR_64 Sun Day Trainee
TR_65 Mon Night Trainee
TR_65 Tue Night Trainee
TR_65 Wed Night Trainee
TR_65 Thu Night Trainee
TR_65 Fri Night Trainee
TR_66 Thu Day Trainee
TR_66 Fri Day Trainee
TR_66 Sat Late Trainee
TR_66 Sun Late Trainee
TR_67 Fri Early Trainee
TR_67 Sat Early Trainee
TR_67 Sun Early Trainee
TR_68 Mon Late Trainee
TR_68 Tue Late Trainee
TR_68 Sat Late Trainee
TR_68 Sun Late Trainee
TR_69 Mon Early Trainee
TR_69 Tue Early Trainee
TR_69 Wed Late Trainee
TR_69 Thu Late Trainee
TR_69 Fri Late Trainee
