SOLUTION
1 n070w4

ASSIGNMENTS = 279
HN_0 Tue Day HeadNurse
HN_0 Wed Day HeadNurse
HN_0 Thu Day Nurse
HN_0 Fri Day Nurse
HN_1 Mon Late HeadNurse
HN_1 Tue Late HeadNurse
HN_1 Fri Early Nurse
HN_1 Sat Early HeadNurse
HN_1 Sun Night HeadNurse
HN_2 Mon Day Nurse
HN_2 Tue Day Nurse
HN_2 Wed Day HeadNurse
HN_2 Thu Late HeadNurse
HN_2 Fri Late HeadNurse
HN_3 Sat Early Nurse
HN_3 Sun Early HeadNurse
HN_4 Wed Night Nurse
HN_4 Thu Night HeadNurse
HN_4 Fri Night Nurse
HN_5 Fri Late Nurse
HN_5 Sat Late HeadNurse
HN_5 Sun Late Nurse
HN_6 Mon Early Nurse
HN_6 Tue Early Nurse
HN_6 Wed Early HeadNurse
HN_6 Thu Early Nurse
HN_6 Fri Early Nurse
HN_7 Mon Early Nurse
HN_7 Tue Early Nurse
HN_7 Wed Late HeadNurse
HN_7 Thu Late HeadNurse
HN_7 Fri Late Nurse
NU_8 Mon Night Nurse
NU_8 Tue Night Nurse
NU_8 Wed Night Nurse
NU_8 Thu Night Nurse
NU_8 Fri Night Nurse
NU_9 Wed Day Nurse
NU_9 Thu Day Nurse
NU_9 Fri Day Nurse
NU_10 Mon Day Nurse
NU_10 Tue Day Nurse
NU_10 Wed Day Nurse
NU_10 Thu Day Nurse
NU_10 Fri Day Nurse
NU_11 Wed Early Nurse
NU_11 Thu Early Nurse
NU_11 Fri Early Nurse
NU_12 Mon Early Nurse
NU_12 Tue Early Nurse
NU_12 Wed Early Nurse
NU_12 Sat Day Nurse
NU_12 Sun Day Nurse
NU_13 Mon Day Nurse
NU_13 Tue Day Nurse
NU_13 Wed Day Nurse
NU_13 Thu Day Nurse
NU_14 Mon Late Nurse
NU_14 Tue Late Nurse
NU_14 Wed Late Nurse
NU_14 Sat Late Nurse
NU_14 Sun Late Nurse
NU_15 Mon Day Caretaker
NU_15 Tue Day Nurse
NU_15 Wed Day Caretaker
NU_15 Sat Day Nurse
NU_15 Sun Day Nurse
NU_16 Wed Late Nurse
NU_16 Thu Late Nurse
NU_16 Fri Late Nurse
NU_17 Mon Late Nurse
NU_17 Tue Late Nurse
NU_18 Tue Night Nurse
NU_18 Wed Night Nurse
NU_18 Thu Night Nurse
NU_18 Fri Night Nurse
NU_19 Mon Night Nurse
NU_19 Tue Night Nurse
NU_19 Wed Night Caretaker
NU_19 Thu Night Caretaker
NU_19 Fri Night Caretaker
NU_20 Mon Night Nurse
NU_20 Tue Night Caretaker
NU_20 Wed Night Caretaker
NU_20 Thu Night Caretaker
NU_20 Fri Night Caretaker
NU_21 Sat Early Nurse
NU_21 Sun Early Nurse
NU_22 Mon Night Caretaker
NU_22 Thu Early Nurse
NU_22 Fri Early Nurse
NU_22 Sat Day Caretaker
NU_22 Sun Day Caretaker
NU_23 Thu Day Nurse
NU_23 Fri Day Nurse
NU_23 Sat Early Nurse
NU_23 Sun Early Caretaker
NU_24 Fri Late Nurse
NU_24 Sat Late Caretaker
NU_24 Sun Night Nurse
NU_25 Mon Early Nurse
NU_25 Tue Early Caretaker
NU_25 Wed Early Caretaker
NU_25 Thu Day Caretaker
NU_25 Fri Day Caretaker
NU_26 Wed Night Caretaker
NU_26 Thu Night Caretaker
NU_26 Fri Night Caretaker
NU_26 Sat Night Nurse
NU_26 Sun Night Nurse
NU_27 Mon Late Nurse
NU_27 Tue Late Nurse
NU_27 Wed Late Nurse
NU_27 Thu Late Nurse
NU_27 Fri Late Caretaker
NU_28 Mon Late Caretaker
NU_28 Tue Late Caretaker
NU_28 Wed Late Caretaker
NU_28 Thu Late Caretaker
NU_28 Fri Late Caretaker
NU_29 Mon Night Caretaker
NU_29 Tue Night Caretaker
NU_29 Wed Night Caretaker
NU_29 Thu Night Caretaker
NU_29 Fri Night Caretaker
NU_30 Mon Day Caretaker
NU_30 Tue Day Caretaker
NU_30 Wed Day Caretaker
NU_30 Thu Day Caretaker
NU_30 Fri Day Caretaker
NU_31 Mon Early Caretaker
NU_31 Tue Early Caretaker
NU_31 Wed Day Caretaker
NU_31 Thu Day Caretaker
NU_31 Fri Day Caretaker
NU_32 Mon Day Caretaker
NU_32 Tue Day Caretaker
NU_33 Wed Day Caretaker
NU_33 Thu Day Caretaker
NU_33 Fri Day Caretaker
NU_34 Wed Day Caretaker
NU_34 Thu Day Caretaker
NU_34 Fri Night Caretaker
NU_34 Sat Night Caretaker
NU_34 Sun Night Caretaker
NU_35 Mon Early Caretaker
NU_35 Tue Early Caretaker
NU_35 Wed Early Caretaker
NU_35 Thu Early Caretaker
NU_35 Fri Early Caretaker
NU_36 Mon Late Caretaker
NU_36 Tue Late Caretaker
NU_36 Wed Late Caretaker
NU_37 Mon Day Caretaker
NU_37 Tue Day Caretaker
NU_37 Fri Early Caretaker
NU_37 Sat Early Caretaker
NU_37 Sun Late Caretaker
NU_38 Sat Day Caretaker
NU_38 Sun Day Caretaker
NU_39 Mon Day Caretaker
NU_39 Tue Day Caretaker
NU_39 Wed Day Caretaker
NU_39 Thu Day Caretaker
CT_40 Thu Early Caretaker
CT_40 Fri Early Caretaker
CT_40 Sat Late Caretaker
CT_40 Sun Late Caretaker
CT_41 Thu Early Caretaker
CT_41 Fri Early Caretaker
CT_41 Sat Early Caretaker
CT_41 Sun Early Caretaker
CT_42 Wed Early Caretaker
CT_42 Thu Early Caretaker
CT_42 Fri Early Caretaker
CT_43 Mon Day Caretaker
CT_43 Tue Day Caretaker
CT_44 Mon Early Caretaker
CT_44 Tue Early Caretaker
CT_44 Wed Late Caretaker
CT_44 Thu Late Caretaker
CT_44 Fri Late Caretaker
CT_45 Mon Night Caretaker
CT_45 Tue Night Caretaker
CT_45 Wed Night Caretaker
CT_45 Thu Night Caretaker
CT_45 Fri Night Caretaker
CT_46 Mon Night Caretaker
CT_46 Tue Night Caretaker
CT_46 Wed Night Caretaker
CT_46 Thu Night Caretaker
CT_46 Fri Night Caretaker
CT_47 Tue Day Caretaker
CT_47 Wed Day Caretaker
CT_47 Thu Early Caretaker
CT_47 Fri Early Caretaker
CT_48 Mon Late Caretaker
CT_48 Tue Late Caretaker
CT_48 Wed Late Caretaker
CT_49 Mon Night Caretaker
CT_49 Tue Night Caretaker
CT_49 Wed Night Caretaker
CT_49 Thu Night Caretaker
CT_49 Fri Night Caretaker
CT_50 Fri Early Caretaker
CT_50 Sat Early Caretaker
CT_50 Sun Night Caretaker
CT_51 Sun Night Caretaker
CT_52 Mon Early Caretaker
CT_52 Tue Early Caretaker
CT_52 Wed Early Caretaker
CT_52 Sat Day Caretaker
CT_52 Sun Day Caretaker
CT_53 Wed Late Caretaker
CT_53 Thu Late Caretaker
CT_53 Fri Late Caretaker
CT_54 Mon Early Caretaker
CT_54 Tue Early Caretaker
CT_54 Wed Late Caretaker
CT_54 Thu Late Caretaker
CT_54 Fri Late Caretaker
CT_55 Mon Late Caretaker
CT_55 Tue Late Caretaker
CT_55 Wed Late Caretaker
CT_55 Thu Late Caretaker
CT_55 Fri Late Caretaker
CT_56 Mon Late Caretaker
CT_56 Tue Late Caretaker
CT_56 Wed Late Caretaker
CT_56 Thu Late Caretaker
CT_56 Fri Late Caretaker
CT_57 Tue Early Caretaker
CT_57 Wed Early Caretaker
CT_57 Thu Early Caretaker
CT_58 Tue Day Caretaker
CT_58 Wed Day Caretaker
CT_58 Thu Day Caretaker
CT_58 Fri Day Caretaker
CT_59 Mon Night Caretaker
CT_59 Fri Day Caretaker
CT_59 Sat Day Caretaker
CT_59 Sun Late Caretaker
TR_60 Mon Night Trainee
TR_60 Tue Night Trainee
TR_60 Wed Night Trainee
TR_60 Thu Night Trainee
TR_60 Fri Night Trainee
TR_61 Tue Night Trainee
TR_61 Wed Night Trainee
TR_61 Thu Night Trainee
TR_61 Fri Night Trainee
TR_62 Mon Early Trainee
TR_62 Tue Early Trainee
TR_62 Wed Early Trainee
TR_62 Thu Late Trainee
TR_62 Fri Late Trainee
TR_63 Fri Early Trainee
TR_63 Sat Late Trainee
TR_63 Sun Late Trainee
TR_64 Wed Early Trainee
TR_64 Thu Early Trainee
TR_64 Fri Early Trainee
TR_65 Mon Day Trainee
TR_65 Tue Day Trainee
TR_65 Wed Day Trainee
TR_65 Thu Late Trainee
TR_65 Fri Late Trainee
TR_66 Sun Night Trainee
TR_67 Mon Early Trainee
TR_67 Tue Late Trainee
TR_68 Mon Late Trainee
TR_68 Tue Late Trainee
TR_68 Fri Day Trainee
TR_68 Sat Day Trainee
TR_68 Sun Day Trainee
TR_69 Tue Day Trainee
TR_69 Wed Day Trainee
TR_69 Thu Day Trainee
TR_69 Fri Day Trainee
