SOLUTION
2 n070w4

ASSIGNMENTS = 277
HN_0 Thu Early HeadNurse
HN_0 Fri Early HeadNurse
HN_0 Sat Late HeadNurse
HN_0 Sun Late HeadNurse
HN_1 Mon Night HeadNurse
HN_1 Tue Night Nurse
HN_2 Mon Early Nurse
HN_2 Tue Early HeadNurse
HN_2 Wed Early HeadNurse
HN_2 Sat Early Nurse
HN_2 Sun Early HeadNurse
HN_3 Mon Day HeadNurse
HN_3 Tue Day Nurse
HN_4 Mon Day Nurse
HN_4 Tue Day Nurse
HN_4 Wed Late HeadNurse
HN_4 Thu Late HeadNurse
HN_4 Fri Late HeadNurse
HN_5 Mon Late Nurse
HN_5 Tue Late Nurse
HN_6 Thu Night Nurse
HN_6 Fri Night Nurse
HN_6 Sat Night HeadNurse
HN_6 Sun Night Nurse
HN_7 Thu Day Nurse
HN_7 Fri Day HeadNurse
HN_7 Sat Day HeadNurse
HN_7 Sun Day HeadNurse
NU_8 Thu Night Nurse
NU_8 Fri Night Nurse
NU_8 Sat Night Nurse
NU_8 Sun Night Nurse
NU_9 Mon Early Nurse
NU_9 Tue Early Nurse
NU_9 Wed Early Nurse
NU_10 Thu Early Nurse
NU_10 Fri Early Nurse
NU_10 Sat Early Caretaker
NU_10 Sun Early Nurse
NU_11 Mon Day Nurse
NU_11 Tue Day Nurse
NU_11 Wed Day Nurse
NU_11 Thu Day Nurse
NU_11 Fri Day Nurse
NU_12 Mon Day Nurse
NU_12 Fri Day Nurse
NU_12 Sat Day Nurse
NU_12 Sun Day Nurse
NU_13 Wed Day Nurse
NU_13 Thu Day Nurse
NU_13 Fri Night Nurse
NU_13 Sat Night Caretaker
NU_13 Sun Night Caretaker
NU_14 Mon Late Nurse
NU_14 Tue Late Nurse
NU_14 Fri Day Nurse
NU_14 Sat Day Nurse
NU_14 Sun Day Nurse
NU_15 Mon Late Nurse
NU_15 Tue Late Nurse
NU_16 Tue Late Nurse
NU_16 Wed Late Nurse
NU_16 Thu Late Nurse
NU_16 Fri Late Nurse
NU_17 Mon Early Nurse
NU_17 Tue Early Nurse
NU_17 Wed Day Nurse
NU_17 Thu Day Caretaker
NU_17 Fri Day Caretaker
NU_18 Tue Late Caretaker
NU_18 Wed Late Nurse
NU_18 Thu Late Nurse
NU_18 Fri Late Nurse
NU_19 Thu Night Nurse
NU_19 Fri Night Nurse
NU_19 Sat Night Caretaker
NU_19 Sun Night Caretaker
NU_20 Mon Early Caretaker
NU_20 Tue Early Nurse
NU_20 Wed Early Nurse
NU_20 Sat Late Nurse
NU_20 Sun Late Nurse
NU_21 Mon Early Caretaker
NU_21 Tue Early Nurse
NU_22 Wed Day Caretaker
NU_22 Thu Day Caretaker
NU_22 Fri Day Caretaker
NU_23 Thu Early Nurse
NU_23 Fri Early Nurse
NU_23 Sat Late Caretaker
NU_23 Sun Late Caretaker
NU_24 Mon Night Nurse
NU_24 Tue Night Nurse
NU_24 Wed Night Nurse
NU_25 Mon Day Nurse
NU_25 Tue Day Caretaker
NU_25 Wed Day Caretaker
NU_25 Thu Late Nurse
NU_25 Fri Late Nurse
NU_26 Wed Late Nurse
NU_26 Thu Late Caretaker
NU_26 Fri Late Nurse
NU_27 Mon Night Nurse
NU_27 Tue Night Nurse
NU_27 Wed Night Nurse
NU_27 Thu Night Nurse
NU_27 Fri Night Caretaker
NU_28 Thu Day Caretaker
NU_28 Fri Day Caretaker
NU_28 Sat Day Caretaker
NU_28 Sun Day Caretaker
NU_29 Mon Late Caretaker
NU_29 Tue Late Caretaker
NU_29 Wed Late Caretaker
NU_30 Thu Early Nurse
NU_30 Fri Early Caretaker
NU_30 Sat Day Caretaker
NU_30 Sun Day Caretaker
NU_31 Mon Day Caretaker
NU_31 Tue Day Caretaker
NU_31 Wed Day Caretaker
NU_31 Thu Early Caretaker
NU_31 Fri Early Caretaker
NU_32 Mon Day Caretaker
NU_32 Tue Day Caretaker
NU_32 Wed Day Caretaker
NU_32 Thu Day Caretaker
NU_33 Mon Night Nurse
NU_33 Tue Night Nurse
NU_33 Wed Night Nurse
NU_33 Thu Night Caretaker
NU_33 Fri Night Caretaker
NU_34 Mon Night Nurse
NU_35 Thu Night Caretaker
NU_35 Fri Night Caretaker
NU_35 Sat Night Caretaker
NU_35 Sun Night Caretaker
NU_36 Wed Early Nurse
NU_36 Thu Early Caretaker
NU_36 Fri Late Caretaker
NU_36 Sat Late Caretaker
NU_36 Sun Late Caretaker
NU_37 Mon Late Caretaker
NU_37 Tue Late Caretaker
NU_38 Mon Day Caretaker
NU_38 Tue Day Caretaker
NU_39 Mon Late Caretaker
NU_39 Tue Late Caretaker
NU_39 Wed Late Caretaker
NU_39 Thu Late Caretaker
NU_39 Fri Late Caretaker
CT_40 Fri Early Caretaker
CT_40 Sat Early Caretaker
CT_40 Sun Early Caretaker
CT_41 Mon Day Caretaker
CT_41 Tue Day Caretaker
CT_42 Mon Day Caretaker
CT_42 Tue Day Caretaker
CT_42 Wed Day Caretaker
CT_42 Thu Early Caretaker
CT_42 Fri Early Caretaker
CT_43 Mon Night Caretaker
CT_43 Tue Night Caretaker
CT_43 Wed Night Caretaker
CT_43 Thu Night Caretaker
CT_44 Mon Night Caretaker
CT_44 Tue Night Caretaker
CT_44 Wed Night Caretaker
CT_44 Thu Night Caretaker
CT_44 Fri Night Caretaker
CT_45 Mon Early Caretaker
CT_45 Tue Early Caretaker
CT_45 Wed Early Caretaker
CT_45 Thu Early Caretaker
CT_45 Fri Early Caretaker
CT_46 Mon Late Caretaker
CT_46 Tue Late Caretaker
CT_46 Wed Late Caretaker
CT_46 Thu Late Caretaker
CT_46 Fri Late Caretaker
CT_47 Wed Early Caretaker
CT_47 Thu Early Caretaker
CT_47 Fri Late Caretaker
CT_47 Sat Late Caretaker
CT_47 Sun Late Caretaker
CT_48 Tue Late Caretaker
CT_48 Wed Late Caretaker
CT_48 Thu Late Caretaker
CT_48 Fri Late Caretaker
CT_49 Mon Night Caretaker
CT_49 Tue Night Caretaker
CT_49 Wed Night Caretaker
CT_49 Thu Night Caretaker
CT_49 Fri Night Caretaker
CT_50 Mon Night Caretaker
CT_50 Tue Night Caretaker
CT_50 Wed Night Caretaker
CT_51 Mon Night Caretaker
CT_51 Tue Night Caretaker
CT_51 Wed Night Caretaker
CT_52 Mon Late Caretaker
CT_52 Tue Late Caretaker
CT_52 Fri Late Caretaker
CT_52 Sat Late Caretaker
CT_52 Sun Late Caretaker
CT_53 Mon Early Caretaker
CT_53 Tue Early Caretaker
CT_53 Wed Early Caretaker
CT_53 Thu Late Caretaker
CT_53 Fri Late Caretaker
CT_54 Mon Night Caretaker
CT_54 Tue Night Caretaker
CT_54 Wed Night Caretaker
CT_54 Thu Night Caretaker
CT_54 Fri Night Caretaker
CT_55 Mon Early Caretaker
CT_55 Tue Early Caretaker
CT_55 Wed Early Caretaker
CT_55 Thu Day Caretaker
CT_55 Fri Day Caretaker
CT_56 Mon Day Caretaker
CT_56 Tue Day Caretaker
CT_56 Wed Day Caretaker
CT_56 Sat Day Caretaker
CT_56 Sun Day Caretaker
CT_57 Tue Early Caretaker
CT_57 Wed Early Caretaker
CT_57 Thu Day Caretaker
CT_57 Fri Day Caretaker
CT_58 Mon Early Caretaker
CT_58 Tue Early Caretaker
CT_58 Wed Early Caretaker
CT_58 Thu Early Caretaker
CT_58 Fri Early Caretaker
CT_59 Mon Late Caretaker
CT_59 Tue Late Caretaker
TR_60 Mon Day Trainee
TR_60 Tue Day Trainee
TR_60 Wed Day Trainee
TR_60 Thu Day Trainee
TR_60 Sat Early Trainee
TR_60 Sun Early Trainee
TR_61 Thu Night Trainee
TR_61 Fri Night Trainee
TR_61 Sat Night Trainee
TR_61 Sun Night Trainee
TR_62 Mon Early Trainee
TR_62 Tue Early Trainee
TR_62 Wed Early Trainee
TR_62 Sat Day Trainee
TR_62 Sun Day Trainee
TR_63 Mon Late Trainee
TR_64 Thu Early Trainee
TR_64 Fri Early Trainee
TR_64 Sat Late Trainee
TR_64 Sun Late Trainee
TR_65 Mon Day Trainee
TR_65 Tue Day Trainee
TR_65 Wed Early Trainee
TR_65 Thu Early Trainee
TR_65 Fri Early Trainee
TR_66 Mon Night Trainee
TR_66 Tue Night Trainee
TR_66 Wed Night Trainee
TR_67 Mon Late Trainee
TR_67 Tue Late Trainee
TR_67 Wed Late Trainee
TR_67 Thu Late Trainee
TR_67 Fri Late Trainee
TR_68 Wed Late Trainee
TR_68 Thu Late Trainee
TR_68 Fri Late Trainee
TR_69 Mon Early Trainee
TR_69 Tue Night Trainee
TR_69 Wed Night Trainee
TR_69 Thu Night Trainee
TR_69 Fri Night Trainee
