SOLUTION
0 n110w4

ASSIGNMENTS = 376
HN_0 Wed Day HeadNurse
HN_0 Thu Day HeadNurse
HN_0 Fri Night HeadNurse
HN_0 Sat Night HeadNurse
HN_0 Sun Night HeadNurse
HN_1 Wed Early HeadNurse
HN_1 Thu Early HeadNurse
HN_2 Mon Day HeadNurse
HN_2 Tue Day Nurse
HN_2 Fri Early HeadNurse
HN_2 Sat Early Nurse
HN_3 Mon Night HeadNurse
HN_3 Thu Night HeadNurse
HN_3 Fri Night HeadNurse
HN_3 Sat Night Nurse
HN_3 Sun Night HeadNurse
HN_4 Mon Early HeadNurse
HN_5 Tue Late HeadNurse
HN_5 Wed Late HeadNurse
HN_5 Thu Late HeadNurse
HN_5 Fri Late HeadNurse
HN_6 Mon Day Nurse
HN_6 Tue Late HeadNurse
HN_6 Wed Late HeadNurse
HN_7 Mon Late HeadNurse
HN_7 Tue Late Nurse
HN_7 Wed Late Nurse
HN_7 Thu Late HeadNurse
HN_8 Mon Night HeadNurse
HN_8 Tue Night HeadNurse
HN_8 Wed Night HeadNurse
HN_8 Thu Night Nurse
HN_8 Fri Night Nurse
HN_9 Mon Late HeadNurse
HN_9 Tue Late Nurse
HN_9 Wed Late Nurse
HN_10 Wed Day Nurse
HN_10 Thu Day HeadNurse
HN_10 Fri Day HeadNurse
HN_10 Sat Day HeadNurse
HN_10 Sun Day HeadNurse
HN_11 Thu Late Nurse
HN_11 Fri Late HeadNurse
HN_12 Fri Late Nurse
HN_12 Sat Late Nurse
HN_12 Sun Late Nurse
HN_13 Wed Day Nurse
HN_13 Thu Day Nurse
HN_13 Fri Day HeadNurse
HN_13 Sat Day Nurse
HN_13 Sun Day Nurse
HN_14 Mon Early HeadNurse
HN_14 Tue Early HeadNurse
HN_14 Wed Early Nurse
HN_15 Mon Day Nurse
HN_15 Fri Day Nurse
HN_15 Sat Day Nurse
HN_15 Sun Day Nurse
HN_16 Mon Day Nurse
HN_16 Tue Day Nurse
HN_16 Wed Late Nurse
HN_16 Thu Late Nurse
HN_16 Fri Late Nurse
HN_17 Tue Night HeadNurse
HN_17 Wed Night Nurse
HN_17 Thu Night Nurse
HN_17 Fri Night Nurse
HN_18 Wed Early Nurse
HN_18 Thu Early Nurse
HN_18 Fri Early Nurse
HN_19 Mon Night Nurse
HN_19 Tue Night Nurse
HN_19 Wed Night Nurse
NU_20 Tue Early Nurse
NU_20 Wed Early Caretaker
NU_20 Thu Early Nurse
NU_21 Mon Early Nurse
NU_21 Wed Day Nurse
NU_21 Thu Day Nurse
NU_21 Fri Day Nurse
NU_22 Mon Early Nurse
NU_22 Tue Early Nurse
NU_22 Wed Early Caretaker
NU_22 Thu Day Nurse
NU_22 Fri Day Nurse
NU_23 Mon Night Nurse
NU_23 Tue Night Nurse
NU_23 Wed Night Caretaker
NU_23 Thu Night Caretaker
NU_23 Fri Night Nurse
NU_24 Mon Late Nurse
NU_25 Mon Late Nurse
NU_25 Tue Late Nurse
NU_26 Mon Day Nurse
NU_26 Tue Day Caretaker
NU_27 Mon Early Nurse
NU_27 Tue Early Nurse
NU_28 Mon Early Caretaker
NU_29 Mon Late Nurse
NU_29 Fri Night Nurse
NU_29 Sat Night Caretaker
NU_29 Sun Night Nurse
NU_30 Wed Early Caretaker
NU_30 Thu Early Nurse
NU_30 Fri Early Nurse
NU_31 Wed Late Caretaker
NU_31 Thu Late Nurse
NU_31 Fri Late Nurse
NU_32 Mon Night Nurse
NU_32 Tue Night Caretaker
NU_32 Fri Late Nurse
NU_32 Sat Late Nurse
NU_32 Sun Late Nurse
NU_33 Wed Late Caretaker
NU_33 Thu Late Nurse
NU_33 Fri Late Caretaker
NU_34 Mon Late Caretaker
NU_34 Tue Late Caretaker
NU_35 Tue Early Caretaker
NU_35 Wed Early Caretaker
NU_35 Thu Day Caretaker
NU_35 Fri Day Nurse
NU_36 Thu Night Caretaker
NU_36 Fri Night Caretaker
NU_36 Sat Night Caretaker
NU_36 Sun Night Caretaker
NU_37 Mon Day Caretaker
NU_37 Tue Late Caretaker
NU_37 Wed Late Caretaker
NU_38 Mon Late Caretaker
NU_38 Tue Late Caretaker
NU_38 Fri Early Caretaker
NU_38 Sat Early Caretaker
NU_38 Sun Early Nurse
NU_39 Mon Day Caretaker
NU_39 Tue Day Caretaker
NU_39 Wed Day Caretaker
CT_40 Thu Early Caretaker
CT_40 Fri Early Caretaker
CT_41 Thu Late Caretaker
CT_41 Fri Late Caretaker
CT_42 Mon Day Caretaker
CT_42 Thu Day Caretaker
CT_42 Fri Day Caretaker
CT_42 Sat Early Caretaker
CT_42 Sun Early Caretaker
CT_43 Thu Early Caretaker
CT_43 Fri Early Caretaker
CT_44 Fri Day Caretaker
CT_44 Sat Day Caretaker
CT_44 Sun Day Caretaker
CT_45 Mon Night Caretaker
CT_45 Tue Night Caretaker
CT_45 Wed Night Caretaker
CT_45 Thu Night Caretaker
CT_46 Fri Night Caretaker
CT_46 Sat Night Caretaker
CT_46 Sun Night Caretaker
CT_47 Mon Early Caretaker
CT_47 Thu Day Caretaker
CT_47 Fri Day Caretaker
CT_47 Sat Day Caretaker
CT_47 Sun Early Caretaker
CT_48 Fri Day Caretaker
CT_48 Sat Day Caretaker
CT_48 Sun Day Caretaker
CT_49 Mon Day Caretaker
CT_49 Tue Day Caretaker
CT_49 Wed Early Caretaker
CT_49 Thu Early Caretaker
CT_49 Fri Early Caretaker
CT_50 Mon Early Caretaker
CT_50 Tue Early Caretaker
CT_50 Wed Early Caretaker
CT_51 Mon Night Caretaker
CT_51 Tue Night Caretaker
CT_51 Wed Night Caretaker
CT_51 Thu Night Caretaker
CT_51 Fri Night Caretaker
CT_52 Tue Night Caretaker
CT_52 Wed Night Caretaker
CT_52 Thu Night Caretaker
CT_52 Fri Night Caretaker
CT_53 Fri Night Caretaker
CT_53 Sat Night Caretaker
CT_53 Sun Night Caretaker
CT_54 Mon Night Caretaker
CT_54 Tue Night Caretaker
CT_54 Fri Late Caretaker
CT_54 Sat Late Caretaker
CT_54 Sun Late Caretaker
CT_55 Mon Day Caretaker
CT_55 Tue Day Caretaker
CT_57 Fri Late Caretaker
CT_57 Sat Late Caretaker
CT_57 Sun Late Caretaker
CT_58 Mon Late Caretaker
CT_58 Tue Late Caretaker
CT_59 Wed Day Caretaker
CT_59 Thu Day Caretaker
CT_59 Fri Early Caretaker
CT_59 Sat Early Caretaker
CT_59 Sun Day Caretaker
CT_60 Mon Late Caretaker
CT_61 Tue Late Caretaker
CT_61 Wed Late Caretaker
CT_62 Mon Day Caretaker
CT_62 Tue Day Caretaker
CT_62 Wed Early Caretaker
CT_62 Thu Early Caretaker
CT_62 Fri Early Caretaker
CT_63 Mon Day Caretaker
CT_63 Tue Day Caretaker
CT_63 Wed Day Caretaker
CT_63 Thu Day Caretaker
CT_64 Mon Night Caretaker
CT_64 Tue Night Caretaker
CT_65 Mon Day Caretaker
CT_65 Tue Day Caretaker
CT_65 Wed Day Caretaker
CT_65 Thu Early Caretaker
CT_65 Fri Early Caretaker
CT_66 Mon Night Caretaker
CT_66 Fri Late Caretaker
CT_66 Sat Late Caretaker
CT_66 Sun Late Caretaker
CT_67 Mon Early Caretaker
CT_67 Tue Early Caretaker
CT_68 Mon Early Caretaker
CT_68 Tue Early Caretaker
CT_68 Wed Early Caretaker
CT_68 Thu Day Caretaker
CT_68 Fri Day Caretaker
CT_69 Wed Day Caretaker
CT_69 Thu Day Caretaker
CT_69 Fri Day Caretaker
CT_70 Mon Early Caretaker
CT_70 Tue Early Caretaker
CT_70 Wed Late Caretaker
CT_70 Thu Late Caretaker
CT_70 Fri Late Caretaker
CT_71 Mon Late Caretaker
CT_71 Tue Late Caretaker
CT_72 Wed Late Caretaker
CT_72 Thu Late Caretaker
CT_73 Mon Late Caretaker
CT_73 Tue Late Caretaker
CT_74 Thu Late Caretaker
CT_74 Fri Late Caretaker
CT_75 Tue Late Caretaker
CT_75 Wed Late Caretaker
CT_75 Thu Late Caretaker
CT_75 Fri Late Caretaker
CT_76 Mon Night Caretaker
CT_76 Thu Night Caretaker
CT_76 Fri Night Caretaker
CT_76 Sat Night Caretaker
CT_76 Sun Night Caretaker
CT_77 Mon Night Caretaker
CT_77 Tue Night Caretaker
CT_77 Wed Night Caretaker
CT_77 Thu Night Caretaker
CT_77 Fri Night Caretaker
CT_78 Mon Late Caretaker
CT_78 Thu Day Caretaker
CT_78 Fri Day Caretaker
CT_78 Sat Early Caretaker
CT_78 Sun Early Caretaker
CT_79 Thu Early Caretaker
CT_79 Fri Early Caretaker
TR_80 Wed Night Trainee
TR_80 Thu Night Trainee
TR_80 Fri Night Trainee
TR_80 Sat Night Trainee
TR_80 Sun Night Trainee
TR_81 Mon Day Trainee
TR_81 Tue Day Trainee
TR_81 Wed Day Trainee
TR_82 Wed Day Trainee
TR_82 Thu Day Trainee
TR_82 Fri Day Trainee
TR_83 Mon Day Trainee
TR_83 Fri Late Trainee
TR_83 Sat Late Trainee
TR_83 Sun Night Trainee
TR_84 Mon Night Trainee
TR_84 Tue Night Trainee
TR_84 Wed Night Trainee
TR_84 Thu Night Trainee
TR_84 Fri Night Trainee
TR_85 Mon Early Trainee
TR_85 Tue Early Trainee
TR_86 Fri Early Trainee
TR_86 Sat Early Trainee
TR_86 Sun Early Trainee
TR_87 Tue Day Trainee
TR_87 Wed Day Trainee
TR_87 Thu Day Trainee
TR_87 Fri Day Trainee
TR_88 Mon Night Trainee
TR_88 Tue Night Trainee
TR_88 Wed Night Trainee
TR_88 Thu Night Trainee
TR_88 Fri Night Trainee
TR_89 Wed Early Trainee
TR_89 Thu Early Trainee
TR_89 Fri Early Trainee
TR_90 Mon Night Trainee
TR_91 Wed Early Trainee
TR_91 Thu Early Trainee
TR_91 Fri Early Trainee
TR_92 Thu Late Trainee
TR_92 Fri Late Trainee
TR_93 Wed Early Trainee
TR_93 Thu Early Trainee
TR_93 Fri Early Trainee
TR_94 Mon Early Trainee
TR_94 Tue Early Trainee
TR_94 Wed Early Trainee
TR_95 Mon Late Trainee
TR_95 Tue Late Trainee
TR_96 Mon Day Trainee
TR_96 Tue Day Trainee
TR_96 Wed Late Trainee
TR_96 Thu Late Trainee
TR_97 Mon Late Trainee
TR_97 Tue Late Trainee
TR_97 Fri Day Trainee
TR_97 Sat Day Trainee
TR_97 Sun Day Trainee
TR_98 Wed Day Trainee
TR_98 Thu Day Trainee
TR_98 Fri Day Trainee
TR_98 Sat Early Trainee
TR_98 Sun Early Trainee
TR_99 Mon Day Trainee
TR_99 Tue Day Trainee
TR_99 Wed Late Trainee
TR_99 Thu Late Trainee
TR_100 Mon Night Trainee
TR_100 Tue Night Trainee
TR_100 Wed Night Trainee
TR_100 Thu Night Trainee
TR_100 Fri Night Trainee
TR_101 Mon Early Trainee
TR_101 Tue Early Trainee
TR_101 Wed Early Trainee
TR_101 Thu Late Trainee
TR_101 Fri Late Trainee
TR_102 Mon Late Trainee
TR_102 Tue Late Trainee
TR_103 Fri Night Trainee
TR_103 Sat Night Trainee
TR_103 Sun Night Trainee
TR_104 Mon Late Trainee
TR_104 Tue Late Trainee
TR_104 Fri Day Trainee
TR_104 Sat Day Trainee
TR_104 Sun Day Trainee
TR_105 Mon Night Trainee
TR_105 Tue Night Trainee
TR_105 Wed Night Trainee
TR_106 Mon Early Trainee
TR_106 Thu Late Trainee
TR_106 Fri Late Trainee
TR_106 Sat Late Trainee
TR_106 Sun Late Trainee
TR_107 Mon Early Trainee
TR_107 Tue Early Trainee
TR_107 Wed Day Trainee
TR_107 Thu Day Trainee
TR_108 Mon Day Trainee
TR_108 Tue Day Trainee
TR_109 Mon Late Trainee
TR_109 Tue Late Trainee
TR_109 Wed Late Trainee
