SOLUTION
2 n060w8

ASSIGNMENTS = 243
HN_0 Mon Late Nurse
HN_0 Tue Late Nurse
HN_0 Wed Late Nurse
HN_0 Thu Late HeadNurse
HN_1 Mon Early Nurse
HN_1 Thu Day HeadNurse
HN_1 Fri Day HeadNurse
HN_1 Sat Late HeadNurse
HN_1 Sun Late HeadNurse
HN_2 Tue Night HeadNurse
HN_2 Wed Night HeadNurse
HN_2 Thu Night HeadNurse
HN_2 Fri Night HeadNurse
HN_3 Mon Night Nurse
HN_3 Tue Night Nurse
HN_3 Wed Night Nurse
HN_3 Sat Early HeadNurse
HN_3 Sun Early HeadNurse
HN_4 Mon Day HeadNurse
HN_4 Tue Day Nurse
HN_4 Wed Early HeadNurse
HN_4 Thu Early Nurse
HN_4 Fri Early HeadNurse
HN_5 Sat Day Nurse
HN_5 Sun Day HeadNurse
HN_6 Mon Day Nurse
HN_6 Sat Night HeadNurse
HN_6 Sun Night HeadNurse
NU_7 Mon Day Nurse
NU_7 Thu Day Nurse
NU_7 Fri Day Nurse
NU_7 Sat Day Nurse
NU_7 Sun Early Nurse
NU_8 Mon Night Nurse
NU_8 Tue Night Nurse
NU_8 Wed Night Nurse
NU_9 Wed Day Nurse
NU_9 Thu Day Nurse
NU_9 Fri Day Caretaker
NU_10 Mon Night Nurse
NU_10 Tue Night Nurse
NU_11 Thu Early Nurse
NU_11 Fri Early Nurse
NU_11 Sat Day Nurse
NU_11 Sun Day Nurse
NU_12 Thu Early Nurse
NU_12 Fri Early Nurse
NU_12 Sat Day Caretaker
NU_12 Sun Day Caretaker
NU_13 Mon Late Nurse
NU_13 Tue Late Nurse
NU_13 Wed Late Nurse
NU_13 Thu Late Nurse
NU_14 Sat Day Caretaker
NU_14 Sun Day Caretaker
NU_15 Mon Early Nurse
NU_15 Thu Early Caretaker
NU_15 Fri Early Caretaker
NU_15 Sat Early Nurse
NU_15 Sun Early Nurse
NU_16 Wed Early Nurse
NU_16 Thu Early Caretaker
NU_16 Fri Early Caretaker
NU_17 Mon Early Nurse
NU_17 Tue Early Nurse
NU_17 Wed Day Nurse
NU_17 Thu Day Caretaker
NU_18 Mon Day Caretaker
NU_18 Tue Day Nurse
NU_18 Wed Day Nurse
NU_18 Thu Late Nurse
NU_18 Fri Late Nurse
NU_19 Mon Early Caretaker
NU_19 Tue Early Nurse
NU_19 Wed Early Nurse
NU_20 Mon Night Caretaker
NU_20 Tue Night Caretaker
NU_20 Wed Night Nurse
NU_20 Thu Night Nurse
NU_20 Fri Night Nurse
NU_21 Mon Day Caretaker
NU_21 Tue Day Caretaker
NU_21 Wed Day Caretaker
NU_21 Thu Day Caretaker
NU_21 Fri Day Caretaker
NU_22 Tue Night Caretaker
NU_22 Wed Night Caretaker
NU_22 Thu Night Nurse
NU_22 Fri Night Nurse
NU_23 Mon Night Caretaker
NU_23 Tue Night Caretaker
NU_23 Wed Night Caretaker
NU_23 Thu Night Caretaker
NU_23 Fri Night Caretaker
NU_24 Mon Late Caretaker
NU_24 Tue Late Caretaker
NU_24 Wed Late Nurse
NU_24 Sat Day Caretaker
NU_24 Sun Day Caretaker
NU_25 Mon Day Caretaker
NU_25 Thu Late Nurse
NU_25 Fri Late Caretaker
NU_25 Sat Late Nurse
NU_25 Sun Late Nurse
NU_26 Thu Day Caretaker
NU_26 Fri Day Caretaker
NU_26 Sat Late Caretaker
NU_26 Sun Late Caretaker
NU_27 Mon Early Caretaker
NU_27 Tue Early Nurse
NU_27 Wed Early Caretaker
NU_27 Sat Night Nurse
NU_27 Sun Night Nurse
NU_28 Mon Night Caretaker
NU_28 Tue Night Caretaker
NU_28 Wed Night Caretaker
NU_28 Thu Night Caretaker
NU_29 Wed Early Caretaker
NU_29 Thu Early Caretaker
NU_29 Fri Early Caretaker
CT_30 Tue Day Caretaker
CT_30 Wed Day Caretaker
CT_30 Thu Day Caretaker
CT_31 Thu Early Caretaker
CT_31 Fri Early Caretaker
CT_31 Sat Early Caretaker
CT_31 Sun Early Caretaker
CT_32 Mon Late Caretaker
CT_32 Tue Late Caretaker
CT_32 Wed Late Caretaker
CT_32 Thu Late Caretaker
CT_32 Fri Late Caretaker
CT_33 Mon Early Caretaker
CT_33 Tue Early Caretaker
CT_33 Wed Early Caretaker
CT_33 Thu Early Caretaker
CT_33 Fri Early Caretaker
CT_34 Mon Early Caretaker
CT_34 Tue Early Caretaker
CT_34 Wed Early Caretaker
CT_34 Thu Late Caretaker
CT_34 Fri Late Caretaker
CT_35 Mon Night Caretaker
CT_35 Tue Night Caretaker
CT_35 Wed Night Caretaker
CT_35 Thu Night Caretaker
CT_35 Fri Night Caretaker
CT_36 Tue Day Caretaker
CT_36 Wed Day Caretaker
CT_36 Thu Day Caretaker
CT_37 Mon Night Caretaker
CT_37 Tue Night Caretaker
CT_37 Wed Night Caretaker
CT_37 Thu Night Caretaker
CT_37 Fri Night Caretaker
CT_38 Mon Late Caretaker
CT_38 Tue Late Caretaker
CT_38 Fri Night Caretaker
CT_38 Sat Night Caretaker
CT_38 Sun Night Caretaker
CT_39 Wed Early Caretaker
CT_39 Thu Early Caretaker
CT_39 Fri Early Caretaker
CT_39 Sat Late Caretaker
CT_39 Sun Late Caretaker
CT_40 Wed Day Caretaker
CT_40 Thu Day Caretaker
CT_40 Fri Day Caretaker
CT_41 Tue Early Caretaker
CT_41 Wed Early Caretaker
CT_41 Thu Early Caretaker
CT_42 Mon Early Caretaker
CT_42 Tue Early Caretaker
CT_42 Wed Late Caretaker
CT_42 Thu Late Caretaker
CT_42 Fri Late Caretaker
CT_43 Mon Late Caretaker
CT_43 Tue Late Caretaker
CT_43 Sat Night Caretaker
CT_43 Sun Night Caretaker
CT_44 Sat Early Caretaker
CT_44 Sun Early Caretaker
CT_45 Tue Night Caretaker
CT_45 Wed Night Caretaker
CT_45 Thu Night Caretaker
CT_45 Fri Night Caretaker
CT_46 Mon Late Caretaker
CT_46 Tue Late Caretaker
CT_46 Wed Late Caretaker
CT_46 Thu Late Caretaker
CT_47 Mon Late Caretaker
CT_47 Tue Late Caretaker
CT_47 Wed Late Caretaker
CT_47 Thu Late Caretaker
CT_47 Fri Late Caretaker
CT_48 Mon Day Caretaker
CT_48 Tue Day Caretaker
CT_49 Mon Day Caretaker
CT_49 Tue Day Caretaker
CT_49 Wed Day Caretaker
TR_50 Tue Day Trainee
TR_50 Wed Day Trainee
TR_50 Thu Day Trainee
TR_51 Tue Night Trainee
TR_51 Wed Night Trainee
TR_51 Thu Night Trainee
TR_51 Fri Night Trainee
TR_52 Mon Late Trainee
TR_52 Tue Late Trainee
TR_52 Fri Night Trainee
TR_52 Sat Night Trainee
TR_52 Sun Night Trainee
TR_53 Mon Early Trainee
TR_53 Tue Early Trainee
TR_53 Wed Early Trainee
TR_53 Thu Early Trainee
TR_53 Fri Early Trainee
TR_54 Sat Early Trainee
TR_54 Sun Early Trainee
TR_55 Tue Night Trainee
TR_55 Wed Night Trainee
TR_55 Thu Night Trainee
TR_55 Fri Night Trainee
TR_56 Mon Late Trainee
TR_56 Tue Late Trainee
TR_56 Wed Late Trainee
TR_56 Sat Late Trainee
TR_56 Sun Late Trainee
TR_57 Mon Night Trainee
TR_57 Thu Day Trainee
TR_57 Fri Day Trainee
TR_57 Sat Day Trainee
TR_57 Sun Late Trainee
TR_58 Mon Early Trainee
TR_58 Tue Early Trainee
TR_58 Wed Late Trainee
TR_58 Thu Late Trainee
TR_58 Fri Late Trainee
TR_59 Mon Day Trainee
TR_59 Tue Day Trainee
TR_59 Wed Late Trainee
TR_59 Thu Late Trainee
TR_59 Fri Late Trainee
