SOLUTION
3 n060w4

ASSIGNMENTS = 226
HN_0 Mon Night HeadNurse
HN_1 Mon Day HeadNurse
HN_1 Tue Day HeadNurse
HN_1 Fri Late HeadNurse
HN_1 Sat Late HeadNurse
HN_1 Sun Late HeadNurse
HN_3 Thu Day HeadNurse
HN_3 Fri Day HeadNurse
HN_3 Sat Night HeadNurse
HN_3 Sun Night HeadNurse
HN_4 Thu Early HeadNurse
HN_4 Fri Early HeadNurse
HN_4 Sat Early Nurse
HN_4 Sun Early HeadNurse
HN_5 Tue Day Nurse
HN_5 Wed Day Nurse
HN_5 Thu Day Nurse
HN_5 Fri Day Nurse
HN_6 Tue Night Nurse
HN_6 Wed Night HeadNurse
HN_6 Thu Night HeadNurse
HN_6 Fri Night HeadNurse
NU_7 Thu Day Nurse
NU_7 Fri Day Nurse
NU_7 Sat Night Nurse
NU_7 Sun Night Nurse
NU_8 Thu Day Nurse
NU_8 Fri Day Nurse
NU_8 Sat Day Nurse
NU_8 Sun Day Nurse
NU_9 Thu Early Nurse
NU_9 Fri Early Nurse
NU_9 Sat Early Nurse
NU_9 Sun Early Nurse
NU_10 Mon Early Nurse
NU_10 Tue Early Nurse
NU_10 Wed Early Nurse
NU_10 Thu Early Nurse
NU_11 Mon Night Nurse
NU_11 Tue Night Nurse
NU_11 Wed Night Nurse
NU_12 Mon Night Nurse
NU_12 Tue Night Nurse
NU_12 Wed Night Nurse
NU_12 Thu Night Nurse
NU_13 Mon Late Nurse
NU_13 Tue Late Nurse
NU_13 Fri Night Nurse
NU_13 Sat Night Nurse
NU_13 Sun Night Nurse
NU_14 Mon Late Nurse
NU_14 Tue Late Nurse
NU_14 Wed Late Nurse
NU_15 Mon Day Nurse
NU_15 Tue Night Nurse
NU_15 Wed Night Nurse
NU_15 Thu Night Nurse
NU_15 Fri Night Nurse
NU_16 Wed Day Nurse
NU_16 Thu Day Nurse
NU_16 Fri Day Caretaker
NU_17 Fri Night Nurse
NU_17 Sat Night Caretaker
NU_17 Sun Night Caretaker
NU_18 Mon Early Nurse
NU_18 Tue Early Nurse
NU_18 Wed Early Nurse
NU_18 Thu Day Caretaker
NU_18 Fri Day Caretaker
NU_19 Mon Day Nurse
NU_19 Tue Day Nurse
NU_19 Wed Day Nurse
NU_19 Thu Late Nurse
NU_19 Fri Late Nurse
NU_20 Mon Late Caretaker
NU_20 Tue Late Nurse
NU_20 Wed Late Nurse
NU_22 Mon Day Caretaker
NU_22 Tue Day Caretaker
NU_22 Wed Day Caretaker
NU_22 Thu Day Caretaker
NU_22 Fri Day Caretaker
NU_23 Sat Late Nurse
NU_23 Sun Late Nurse
NU_24 Fri Day Caretaker
NU_24 Sat Day Caretaker
NU_24 Sun Day Caretaker
NU_25 Mon Late Caretaker
NU_25 Tue Late Nurse
NU_25 Wed Late Caretaker
NU_26 Mon Night Caretaker
NU_26 Tue Night Caretaker
NU_26 Wed Night Caretaker
NU_26 Thu Night Nurse
NU_26 Fri Night Caretaker
NU_27 Mon Late Caretaker
NU_27 Tue Late Caretaker
NU_27 Wed Late Caretaker
NU_27 Sat Early Caretaker
NU_27 Sun Early Caretaker
NU_28 Mon Night Caretaker
NU_28 Tue Night Caretaker
NU_28 Wed Night Caretaker
NU_28 Thu Night Caretaker
NU_28 Fri Night Caretaker
NU_29 Mon Day Caretaker
NU_29 Tue Day Caretaker
NU_29 Fri Night Caretaker
NU_29 Sat Night Caretaker
NU_29 Sun Night Caretaker
NU_30 Tue Early Nurse
NU_30 Wed Early Nurse
NU_30 Thu Early Nurse
NU_30 Fri Early Nurse
NU_31 Mon Early Nurse
NU_31 Tue Early Caretaker
NU_31 Fri Late Nurse
NU_31 Sat Late Nurse
NU_31 Sun Late Caretaker
NU_32 Thu Early Caretaker
NU_32 Fri Early Nurse
NU_32 Sat Late Caretaker
NU_32 Sun Late Caretaker
NU_33 Tue Day Caretaker
NU_33 Wed Day Caretaker
NU_33 Thu Late Nurse
NU_33 Fri Late Nurse
NU_34 Mon Day Caretaker
NU_34 Tue Night Caretaker
NU_34 Wed Night Caretaker
NU_34 Thu Night Caretaker
NU_34 Fri Night Caretaker
NU_35 Mon Early Caretaker
NU_35 Tue Early Caretaker
NU_35 Wed Early Caretaker
NU_35 Thu Early Caretaker
NU_35 Fri Early Caretaker
NU_36 Mon Early Caretaker
CT_37 Mon Day Caretaker
CT_37 Tue Day Caretaker
CT_37 Wed Day Caretaker
CT_37 Thu Late Caretaker
CT_37 Fri Late Caretaker
CT_38 Mon Early Caretaker
CT_38 Tue Early Caretaker
CT_38 Wed Early Caretaker
CT_38 Thu Early Caretaker
CT_39 Mon Night Caretaker
CT_39 Tue Night Caretaker
CT_39 Wed Night Caretaker
CT_39 Thu Night Caretaker
CT_39 Fri Night Caretaker
CT_40 Tue Late Caretaker
CT_40 Wed Late Caretaker
CT_40 Thu Late Caretaker
CT_40 Fri Late Caretaker
CT_41 Mon Night Caretaker
CT_41 Tue Night Caretaker
CT_41 Wed Night Caretaker
CT_41 Thu Night Caretaker
CT_41 Fri Night Caretaker
CT_42 Fri Early Caretaker
CT_42 Sat Early Caretaker
CT_42 Sun Early Caretaker
CT_43 Tue Late Caretaker
CT_43 Wed Late Caretaker
CT_43 Thu Late Caretaker
CT_44 Mon Day Caretaker
CT_44 Tue Day Caretaker
CT_44 Wed Day Caretaker
CT_44 Thu Late Caretaker
CT_44 Fri Late Caretaker
CT_45 Mon Late Caretaker
CT_45 Tue Late Caretaker
CT_45 Fri Early Caretaker
CT_45 Sat Early Caretaker
CT_45 Sun Early Caretaker
CT_46 Mon Late Caretaker
CT_46 Tue Late Caretaker
CT_46 Wed Late Caretaker
CT_46 Thu Late Caretaker
CT_46 Fri Late Caretaker
CT_47 Fri Day Caretaker
CT_47 Sat Day Caretaker
CT_47 Sun Day Caretaker
CT_48 Mon Early Caretaker
CT_48 Tue Early Caretaker
CT_48 Wed Early Caretaker
CT_48 Thu Day Caretaker
CT_48 Fri Day Caretaker
CT_49 Mon Night Caretaker
CT_50 Mon Early Caretaker
CT_50 Tue Early Caretaker
CT_50 Wed Early Caretaker
CT_50 Thu Early Caretaker
CT_50 Fri Early Caretaker
CT_51 Thu Early Caretaker
CT_51 Fri Early Caretaker
CT_51 Sat Late Caretaker
CT_51 Sun Late Caretaker
TR_52 Mon Night Trainee
TR_52 Thu Day Trainee
TR_52 Fri Day Trainee
TR_52 Sat Late Trainee
TR_52 Sun Late Trainee
TR_53 Tue Late Trainee
TR_53 Wed Late Trainee
TR_53 Thu Late Trainee
TR_53 Fri Late Trainee
TR_54 Mon Late Trainee
TR_55 Fri Early Trainee
TR_55 Sat Early Trainee
TR_55 Sun Early Trainee
TR_56 Mon Day Trainee
TR_56 Tue Day Trainee
TR_56 Wed Day Trainee
TR_57 Sat Day Trainee
TR_57 Sun Day Trainee
TR_58 Wed Day Trainee
TR_58 Thu Day Trainee
TR_58 Fri Day Trainee
TR_59 Wed Night Trainee
TR_59 Thu Night Trainee
TR_59 Fri Night Trainee
TR_59 Sat Night Trainee
TR_59 Sun Night Trainee
