SOLUTION
2 n080w4

ASSIGNMENTS = 300
HN_0 Tue Late HeadNurse
HN_0 Wed Late HeadNurse
HN_0 Thu Late HeadNurse
HN_0 Fri Late HeadNurse
HN_1 Mon Early HeadNurse
HN_1 Tue Early HeadNurse
HN_1 Wed Early Nurse
HN_1 Sat Early HeadNurse
HN_1 Sun Early HeadNurse
HN_2 Mon Day HeadNurse
HN_2 Tue Day HeadNurse
HN_3 Mon Night HeadNurse
HN_3 Tue Night Nurse
HN_3 Wed Night HeadNurse
HN_3 Thu Night HeadNurse
HN_3 Fri Night HeadNurse
HN_4 Thu Day HeadNurse
HN_4 Fri Day Nurse
HN_4 Sat Late Nurse
HN_4 Sun Late HeadNurse
HN_5 Mon Day HeadNurse
HN_6 Wed Night Nurse
HN_6 Thu Night Nurse
HN_6 Fri Night Nurse
HN_6 Sat Night HeadNurse
HN_6 Sun Night HeadNurse
HN_7 Mon Day Nurse
HN_7 Tue Day Nurse
HN_7 Wed Late Nurse
HN_7 Thu Late Nurse
HN_7 Fri Late Nurse
HN_8 Mon Late Nurse
HN_8 Thu Early HeadNurse
HN_8 Fri Early HeadNurse
HN_8 Sat Day HeadNurse
HN_8 Sun Day HeadNurse
HN_9 Wed Late Nurse
HN_9 Thu Late Nurse
HN_9 Fri Late Nurse
NU_10 Mon Day Nurse
NU_10 Tue Day Nurse
NU_10 Wed Day Nurse
NU_10 Thu Early Nurse
NU_10 Fri Early Nurse
NU_11 Thu Early Nurse
NU_11 Fri Early Nurse
NU_11 Sat Early Nurse
NU_11 Sun Day Nurse
NU_12 Mon Day Caretaker
NU_12 Tue Day Caretaker
NU_13 Mon Night Nurse
NU_14 Mon Night Caretaker
NU_14 Tue Night Caretaker
NU_14 Wed Night Nurse
NU_14 Thu Night Nurse
NU_14 Fri Night Nurse
NU_15 Thu Day Nurse
NU_15 Fri Day Nurse
NU_15 Sat Day Nurse
NU_15 Sun Early Nurse
NU_16 Tue Late Nurse
NU_16 Wed Late Caretaker
NU_16 Thu Late Caretaker
NU_16 Fri Late Caretaker
NU_17 Mon Late Caretaker
NU_17 Tue Late Nurse
NU_17 Fri Early Caretaker
NU_17 Sat Early Caretaker
NU_17 Sun Late Nurse
NU_18 Wed Early Nurse
NU_18 Thu Early Caretaker
NU_18 Fri Early Caretaker
NU_19 Mon Early Nurse
NU_19 Tue Early Nurse
NU_19 Wed Early Caretaker
NU_19 Sat Night Nurse
NU_19 Sun Night Nurse
CT_20 Thu Early Caretaker
CT_20 Fri Early Caretaker
CT_20 Sat Early Caretaker
CT_20 Sun Early Caretaker
CT_21 Mon Day Caretaker
CT_21 Tue Day Caretaker
CT_21 Wed Day Caretaker
CT_21 Thu Day Caretaker
CT_21 Fri Day Caretaker
CT_22 Wed Early Caretaker
CT_22 Thu Early Caretaker
CT_22 Fri Day Caretaker
CT_22 Sat Day Caretaker
CT_22 Sun Day Caretaker
CT_23 Mon Day Caretaker
CT_23 Tue Early Caretaker
CT_23 Wed Early Caretaker
CT_24 Wed Night Caretaker
CT_24 Thu Night Caretaker
CT_24 Fri Night Caretaker
CT_24 Sat Night Caretaker
CT_24 Sun Night Caretaker
CT_25 Mon Late Caretaker
CT_26 Wed Day Caretaker
CT_26 Thu Day Caretaker
CT_26 Fri Day Caretaker
CT_27 Mon Early Caretaker
CT_27 Tue Early Caretaker
CT_27 Wed Early Caretaker
CT_27 Thu Early Caretaker
CT_27 Sat Day Caretaker
CT_27 Sun Day Caretaker
CT_28 Fri Early Caretaker
CT_28 Sat Early Caretaker
CT_28 Sun Night Caretaker
CT_29 Wed Early Caretaker
CT_29 Thu Early Caretaker
CT_29 Fri Late Caretaker
CT_29 Sat Late Caretaker
CT_29 Sun Late Caretaker
CT_30 Mon Night Caretaker
CT_30 Tue Night Caretaker
CT_30 Wed Night Caretaker
CT_30 Thu Night Caretaker
CT_31 Thu Late Caretaker
CT_31 Fri Late Caretaker
CT_31 Sat Late Caretaker
CT_31 Sun Late Caretaker
CT_32 Mon Day Caretaker
CT_32 Tue Day Caretaker
CT_32 Wed Day Caretaker
CT_32 Thu Day Caretaker
CT_32 Fri Day Caretaker
CT_33 Tue Night Caretaker
CT_33 Wed Night Caretaker
CT_33 Thu Night Caretaker
CT_33 Fri Night Caretaker
CT_34 Mon Night Caretaker
CT_34 Tue Night Caretaker
CT_34 Wed Night Caretaker
CT_34 Thu Night Caretaker
CT_34 Fri Night Caretaker
CT_35 Mon Early Caretaker
CT_35 Tue Early Caretaker
CT_35 Wed Day Caretaker
CT_35 Thu Day Caretaker
CT_35 Fri Day Caretaker
CT_36 Mon Late Caretaker
CT_36 Tue Late Caretaker
CT_36 Wed Late Caretaker
CT_36 Thu Late Caretaker
CT_36 Fri Late Caretaker
CT_37 Mon Day Caretaker
CT_37 Tue Day Caretaker
CT_37 Wed Early Caretaker
CT_37 Thu Early Caretaker
CT_37 Fri Early Caretaker
CT_38 Wed Early Caretaker
CT_38 Thu Early Caretaker
CT_38 Fri Early Caretaker
CT_39 Mon Day Caretaker
CT_39 Tue Day Caretaker
CT_39 Wed Day Caretaker
CT_39 Thu Day Caretaker
CT_39 Fri Day Caretaker
CT_40 Mon Night Caretaker
CT_40 Tue Night Caretaker
CT_40 Wed Night Caretaker
CT_40 Thu Night Caretaker
CT_40 Fri Night Caretaker
CT_41 Tue Day Caretaker
CT_41 Wed Day Caretaker
CT_41 Thu Day Caretaker
CT_42 Mon Early Caretaker
CT_42 Tue Early Caretaker
CT_42 Wed Late Caretaker
CT_42 Thu Late Caretaker
CT_42 Fri Late Caretaker
CT_43 Mon Day Caretaker
CT_44 Mon Late Caretaker
CT_44 Tue Late Caretaker
CT_44 Wed Late Caretaker
CT_44 Sat Night Caretaker
CT_44 Sun Night Caretaker
CT_45 Mon Night Caretaker
CT_46 Mon Early Caretaker
CT_46 Tue Early Caretaker
CT_46 Wed Early Caretaker
CT_46 Sat Day Caretaker
CT_46 Sun Day Caretaker
CT_47 Mon Late Caretaker
CT_47 Tue Late Caretaker
CT_47 Wed Late Caretaker
CT_47 Sat Late Caretaker
CT_47 Sun Late Caretaker
CT_48 Mon Early Caretaker
CT_48 Tue Early Caretaker
CT_48 Wed Day Caretaker
CT_48 Thu Day Caretaker
CT_48 Fri Day Caretaker
CT_49 Mon Night Caretaker
CT_49 Tue Night Caretaker
CT_49 Wed Night Caretaker
CT_49 Thu Night Caretaker
CT_49 Fri Night Caretaker
CT_50 Mon Early Caretaker
CT_51 Mon Day Caretaker
CT_52 Wed Early Caretaker
CT_52 Thu Early Caretaker
CT_52 Fri Early Caretaker
CT_53 Mon Late Caretaker
CT_53 Tue Late Caretaker
CT_54 Wed Night Caretaker
CT_54 Thu Night Caretaker
CT_54 Fri Night Caretaker
CT_54 Sat Night Caretaker
CT_54 Sun Night Caretaker
CT_55 Mon Night Caretaker
CT_55 Tue Night Caretaker
CT_55 Wed Night Caretaker
CT_55 Thu Night Caretaker
CT_55 Fri Night Caretaker
CT_56 Mon Late Caretaker
CT_56 Tue Late Caretaker
CT_56 Wed Late Caretaker
CT_56 Sat Early Caretaker
CT_56 Sun Early Caretaker
CT_57 Wed Late Caretaker
CT_57 Thu Late Caretaker
CT_57 Fri Late Caretaker
CT_58 Mon Early Caretaker
CT_58 Tue Early Caretaker
CT_58 Wed Late Caretaker
CT_58 Thu Late Caretaker
CT_58 Fri Late Caretaker
CT_59 Mon Late Caretaker
CT_59 Tue Late Caretaker
TR_61 Thu Night Trainee
TR_61 Fri Night Trainee
TR_61 Sat Night Trainee
TR_61 Sun Night Trainee
TR_62 Mon Late Trainee
TR_62 Tue Late Trainee
TR_62 Wed Late Trainee
TR_62 Thu Late Trainee
TR_62 Fri Late Trainee
TR_63 Wed Day Trainee
TR_63 Thu Day Trainee
TR_63 Fri Day Trainee
TR_64 Mon Early Trainee
TR_64 Tue Early Trainee
TR_64 Wed Early Trainee
TR_64 Sat Early Trainee
TR_64 Sun Early Trainee
TR_65 Fri Day Trainee
TR_65 Sat Day Trainee
TR_65 Sun Day Trainee
TR_66 Fri Early Trainee
TR_66 Sat Early Trainee
TR_66 Sun Early Trainee
TR_67 Mon Day Trainee
TR_67 Tue Day Trainee
TR_67 Wed Day Trainee
TR_67 Thu Day Trainee
TR_68 Mon Day Trainee
TR_68 Tue Day Trainee
TR_68 Wed Day Trainee
TR_69 Tue Early Trainee
TR_69 Wed Early Trainee
TR_69 Thu Early Trainee
TR_70 Mon Late Trainee
TR_70 Tue Late Trainee
TR_70 Wed Late Trainee
TR_70 Thu Late Trainee
TR_70 Fri Late Trainee
TR_71 Wed Night Trainee
TR_71 Thu Night Trainee
TR_71 Fri Night Trainee
TR_71 Sat Night Trainee
TR_71 Sun Night Trainee
TR_72 Mon Early Trainee
TR_72 Tue Early Trainee
TR_72 Wed Late Trainee
TR_72 Thu Late Trainee
TR_72 Fri Late Trainee
TR_73 Thu Early Trainee
TR_73 Fri Early Trainee
TR_73 Sat Late Trainee
TR_73 Sun Late Trainee
TR_75 Mon Night Trainee
TR_76 Mon Night Trainee
TR_76 Tue Night Trainee
TR_76 Wed Night Trainee
TR_76 Thu Night Trainee
TR_76 Fri Night Trainee
TR_77 Mon Night Trainee
TR_77 Tue Night Trainee
TR_77 Wed Night Trainee
TR_77 Thu Night Trainee
TR_78 Mon Day Trainee
TR_78 Tue Day Trainee
TR_78 Wed Day Trainee
TR_79 Mon Late Trainee
