SOLUTION
3 n110w4

ASSIGNMENTS = 371
HN_0 Mon Early HeadNurse
HN_0 Tue Early HeadNurse
HN_0 Wed Day HeadNurse
HN_0 Thu Day HeadNurse
HN_1 Thu Early HeadNurse
HN_1 Fri Early HeadNurse
HN_2 Mon Late HeadNurse
HN_2 Tue Late HeadNurse
HN_2 Wed Late HeadNurse
HN_3 Mon Late Nurse
HN_3 Tue Late Nurse
HN_3 Fri Late HeadNurse
HN_3 Sat Late Nurse
HN_3 Sun Late HeadNurse
HN_4 Thu Day HeadNurse
HN_4 Fri Day HeadNurse
HN_4 Sat Day Nurse
HN_4 Sun Day HeadNurse
HN_5 Tue Night HeadNurse
HN_5 Wed Night HeadNurse
HN_5 Thu Night HeadNurse
HN_5 Fri Night HeadNurse
HN_6 Wed Night HeadNurse
HN_6 Thu Night Nurse
HN_6 Fri Night Nurse
HN_6 Sat Night HeadNurse
HN_6 Sun Night HeadNurse
HN_7 Mon Day HeadNurse
HN_7 Tue Day Nurse
HN_7 Wed Day HeadNurse
HN_8 Mon Night HeadNurse
HN_8 Fri Early HeadNurse
HN_8 Sat Early Nurse
HN_8 Sun Early HeadNurse
HN_9 Mon Night HeadNurse
HN_10 Mon Day HeadNurse
HN_10 Tue Day Nurse
HN_10 Wed Day Nurse
HN_10 Thu Day Nurse
HN_10 Fri Day Nurse
HN_11 Tue Early Nurse
HN_11 Wed Early HeadNurse
HN_11 Sun Day HeadNurse
HN_12 Tue Early Nurse
HN_12 Wed Early HeadNurse
HN_12 Thu Early Nurse
HN_12 Fri Early Nurse
HN_13 Mon Day Nurse
HN_13 Tue Day Nurse
HN_13 Wed Day Nurse
HN_14 Wed Early Nurse
HN_14 Thu Early Nurse
HN_14 Fri Early Nurse
HN_15 Mon Night Nurse
HN_15 Tue Night Nurse
HN_15 Wed Night Nurse
HN_15 Thu Night Nurse
HN_16 Mon Day Nurse
HN_16 Thu Late HeadNurse
HN_16 Fri Late Nurse
HN_16 Sat Late Nurse
HN_16 Sun Late HeadNurse
HN_18 Mon Late Nurse
HN_18 Tue Late Nurse
HN_18 Wed Late HeadNurse
HN_18 Sat Early Nurse
HN_18 Sun Early HeadNurse
HN_19 Wed Night Nurse
HN_19 Thu Night Nurse
HN_19 Fri Night Nurse
HN_19 Sat Night Nurse
HN_19 Sun Night Nurse
NU_20 Sat Early Caretaker
NU_20 Sun Early Nurse
NU_21 Mon Night Nurse
NU_21 Tue Night Nurse
NU_21 Wed Night Nurse
NU_21 Thu Night Caretaker
NU_21 Fri Night Caretaker
NU_22 Mon Early Nurse
NU_22 Tue Early Nurse
NU_22 Wed Early Nurse
NU_22 Thu Early Caretaker
NU_22 Fri Early Nurse
NU_23 Sat Day Caretaker
NU_23 Sun Day Nurse
NU_24 Thu Night Caretaker
NU_24 Fri Night Caretaker
NU_24 Sat Night Nurse
NU_24 Sun Night Caretaker
NU_25 Wed Late Nurse
NU_25 Thu Late Nurse
NU_25 Fri Late Nurse
NU_26 Wed Late Nurse
NU_26 Thu Late Nurse
NU_26 Sun Day Nurse
NU_27 Thu Early Caretaker
NU_27 Fri Early Caretaker
NU_28 Sat Early Caretaker
NU_28 Sun Early Nurse
NU_29 Tue Night Nurse
NU_29 Wed Night Caretaker
NU_29 Thu Night Caretaker
NU_29 Fri Night Caretaker
NU_30 Wed Day Nurse
NU_30 Thu Day Nurse
NU_30 Fri Day Nurse
NU_31 Mon Early Nurse
NU_32 Mon Late Caretaker
NU_32 Tue Late Nurse
NU_32 Wed Late Nurse
NU_32 Thu Late Nurse
NU_32 Fri Late Nurse
NU_33 Mon Day Nurse
NU_33 Tue Day Caretaker
NU_33 Wed Day Caretaker
NU_33 Thu Day Nurse
NU_33 Fri Day Nurse
NU_34 Thu Late Caretaker
NU_34 Fri Late Caretaker
NU_35 Fri Early Caretaker
NU_35 Sat Early Caretaker
NU_35 Sun Late Nurse
NU_36 Mon Day Caretaker
NU_37 Thu Late Caretaker
NU_37 Fri Late Caretaker
NU_37 Sat Late Caretaker
NU_37 Sun Late Nurse
NU_38 Mon Day Caretaker
NU_38 Tue Day Caretaker
NU_38 Wed Day Caretaker
NU_38 Thu Late Caretaker
NU_38 Fri Late Caretaker
NU_39 Mon Night Caretaker
NU_39 Tue Night Nurse
NU_39 Wed Night Caretaker
NU_39 Thu Night Caretaker
CT_40 Sat Night Caretaker
CT_40 Sun Night Caretaker
CT_41 Mon Day Caretaker
CT_41 Tue Day Caretaker
CT_41 Sun Day Caretaker
CT_42 Mon Early Caretaker
CT_42 Tue Early Caretaker
CT_42 Wed Early Caretaker
CT_42 Sat Day Caretaker
CT_42 Sun Day Caretaker
CT_43 Tue Late Caretaker
CT_43 Wed Late Caretaker
CT_44 Tue Early Caretaker
CT_44 Wed Early Caretaker
CT_44 Thu Day Caretaker
CT_44 Fri Day Caretaker
CT_45 Fri Day Caretaker
CT_45 Sat Day Caretaker
CT_45 Sun Early Caretaker
CT_46 Wed Early Caretaker
CT_46 Thu Early Caretaker
CT_46 Fri Early Caretaker
CT_47 Mon Night Caretaker
CT_47 Tue Night Caretaker
CT_47 Wed Night Caretaker
CT_47 Thu Night Caretaker
CT_47 Fri Night Caretaker
CT_48 Wed Day Caretaker
CT_48 Thu Day Caretaker
CT_48 Fri Day Caretaker
CT_49 Mon Day Caretaker
CT_49 Tue Day Caretaker
CT_49 Wed Day Caretaker
CT_49 Thu Day Caretaker
CT_49 Fri Day Caretaker
CT_50 Tue Early Caretaker
CT_50 Wed Early Caretaker
CT_50 Thu Day Caretaker
CT_50 Fri Day Caretaker
CT_51 Mon Late Caretaker
CT_52 Mon Night Caretaker
CT_52 Tue Night Caretaker
CT_52 Wed Night Caretaker
CT_53 Mon Late Caretaker
CT_53 Tue Late Caretaker
CT_54 Mon Day Caretaker
CT_54 Tue Day Caretaker
CT_54 Wed Late Caretaker
CT_54 Thu Late Caretaker
CT_54 Fri Late Caretaker
CT_55 Wed Night Caretaker
CT_55 Thu Night Caretaker
CT_55 Fri Night Caretaker
CT_55 Sat Night Caretaker
CT_56 Tue Late Caretaker
CT_56 Wed Late Caretaker
CT_56 Sun Day Caretaker
CT_57 Wed Day Caretaker
CT_57 Thu Day Caretaker
CT_57 Fri Day Caretaker
CT_58 Wed Late Caretaker
CT_58 Thu Late Caretaker
CT_58 Sun Early Caretaker
CT_59 Mon Night Caretaker
CT_59 Tue Night Caretaker
CT_59 Wed Night Caretaker
CT_60 Thu Early Caretaker
CT_60 Fri Early Caretaker
CT_60 Sat Early Caretaker
CT_60 Sun Late Caretaker
CT_61 Mon Day Caretaker
CT_62 Mon Night Caretaker
CT_62 Tue Night Caretaker
CT_62 Fri Night Caretaker
CT_62 Sat Night Caretaker
CT_62 Sun Night Caretaker
CT_63 Thu Day Caretaker
CT_63 Fri Day Caretaker
CT_63 Sat Late Caretaker
CT_63 Sun Late Caretaker
CT_64 Mon Late Caretaker
CT_64 Tue Late Caretaker
CT_65 Mon Late Caretaker
CT_65 Tue Late Caretaker
CT_65 Wed Late Caretaker
CT_65 Sat Day Caretaker
CT_65 Sun Day Caretaker
CT_66 Tue Early Caretaker
CT_66 Wed Early Caretaker
CT_66 Thu Late Caretaker
CT_66 Fri Late Caretaker
CT_67 Mon Early Caretaker
CT_68 Wed Day Caretaker
CT_68 Thu Day Caretaker
CT_68 Fri Day Caretaker
CT_69 Tue Day Caretaker
CT_69 Wed Day Caretaker
CT_69 Thu Early Caretaker
CT_69 Fri Early Caretaker
CT_70 Mon Day Caretaker
CT_70 Tue Late Caretaker
CT_70 Wed Late Caretaker
CT_70 Thu Late Caretaker
CT_70 Fri Late Caretaker
CT_71 Thu Late Caretaker
CT_71 Fri Late Caretaker
CT_73 Mon Early Caretaker
CT_73 Tue Early Caretaker
CT_74 Mon Early Caretaker
CT_75 Mon Early Caretaker
CT_75 Tue Early Caretaker
CT_75 Wed Early Caretaker
CT_75 Thu Early Caretaker
CT_76 Mon Early Caretaker
CT_76 Tue Early Caretaker
CT_76 Wed Early Caretaker
CT_76 Sat Late Caretaker
CT_76 Sun Late Caretaker
CT_77 Mon Night Caretaker
CT_77 Tue Night Caretaker
CT_77 Wed Night Caretaker
CT_77 Thu Night Caretaker
CT_77 Fri Night Caretaker
CT_78 Mon Night Caretaker
CT_78 Tue Night Caretaker
CT_78 Wed Night Caretaker
CT_78 Thu Night Caretaker
CT_78 Fri Night Caretaker
CT_79 Thu Early Caretaker
CT_79 Fri Early Caretaker
TR_80 Mon Night Trainee
TR_80 Tue Night Trainee
TR_80 Wed Night Trainee
TR_81 Mon Night Trainee
TR_82 Mon Day Trainee
TR_83 Wed Early Trainee
TR_83 Thu Early Trainee
TR_83 Fri Early Trainee
TR_83 Sat Early Trainee
TR_83 Sun Day Trainee
TR_84 Tue Early Trainee
TR_84 Wed Early Trainee
TR_84 Thu Early Trainee
TR_84 Fri Early Trainee
TR_85 Mon Late Trainee
TR_85 Tue Late Trainee
TR_86 Tue Day Trainee
TR_86 Wed Day Trainee
TR_86 Thu Late Trainee
TR_86 Fri Late Trainee
TR_87 Mon Late Trainee
TR_87 Tue Late Trainee
TR_87 Wed Late Trainee
TR_88 Mon Late Trainee
TR_88 Tue Late Trainee
TR_88 Wed Late Trainee
TR_88 Thu Late Trainee
TR_89 Mon Night Trainee
TR_89 Tue Night Trainee
TR_89 Wed Night Trainee
TR_89 Thu Night Trainee
TR_89 Fri Night Trainee
TR_90 Fri Day Trainee
TR_90 Sat Day Trainee
TR_90 Sun Day Trainee
TR_91 Mon Late Trainee
TR_91 Tue Late Trainee
TR_91 Wed Late Trainee
TR_91 Sat Late Trainee
TR_91 Sun Late Trainee
TR_92 Mon Early Trainee
TR_92 Tue Early Trainee
TR_93 Tue Day Trainee
TR_93 Wed Day Trainee
TR_93 Thu Day Trainee
TR_94 Mon Night Trainee
TR_95 Thu Day Trainee
TR_95 Fri Day Trainee
TR_96 Mon Day Trainee
TR_96 Tue Late Trainee
TR_96 Wed Late Trainee
TR_97 Mon Night Trainee
TR_97 Tue Night Trainee
TR_97 Wed Night Trainee
TR_97 Thu Night Trainee
TR_97 Fri Night Trainee
TR_98 Mon Day Trainee
TR_98 Tue Day Trainee
TR_98 Wed Day Trainee
TR_98 Thu Day Trainee
TR_99 Thu Night Trainee
TR_99 Fri Night Trainee
TR_99 Sat Night Trainee
TR_99 Sun Night Trainee
TR_100 Mon Early Trainee
TR_100 Tue Early Trainee
TR_100 Wed Early Trainee
TR_100 Sat Early Trainee
TR_100 Sun Early Trainee
TR_101 Mon Late Trainee
TR_101 Thu Night Trainee
TR_101 Fri Night Trainee
TR_101 Sat Night Trainee
TR_101 Sun Night Trainee
TR_102 Fri Late Trainee
TR_102 Sat Late Trainee
TR_103 Wed Day Trainee
TR_103 Thu Day Trainee
TR_103 Fri Day Trainee
TR_104 Mon Early Trainee
TR_104 Tue Early Trainee
TR_104 Wed Early Trainee
TR_104 Sat Early Trainee
TR_104 Sun Early Trainee
TR_105 Tue Late Trainee
TR_105 Wed Late Trainee
TR_105 Thu Late Trainee
TR_105 Fri Late Trainee
TR_106 Mon Day Trainee
TR_106 Tue Day Trainee
TR_106 Wed Day Trainee
TR_106 Thu Early Trainee
TR_106 Fri Early Trainee
TR_107 Wed Early Trainee
TR_107 Thu Early Trainee
TR_107 Fri Day Trainee
TR_107 Sat Day Trainee
TR_107 Sun Late Trainee
TR_108 Thu Early Trainee
TR_108 Fri Early Trainee
TR_109 Tue Night Trainee
TR_109 Wed Night Trainee
TR_109 Thu Night Trainee
TR_109 Fri Night Trainee
