SOLUTION
1 n110w4

ASSIGNMENTS = 370
HN_0 Wed Day HeadNurse
HN_0 Thu Day HeadNurse
HN_0 Fri Early HeadNurse
HN_0 Sat Early HeadNurse
HN_0 Sun Late HeadNurse
HN_1 Fri Early Nurse
HN_1 Sat Early HeadNurse
HN_3 Mon Night HeadNurse
HN_3 Tue Night Nurse
HN_3 Wed Night HeadNurse
HN_3 Thu Night HeadNurse
HN_3 Fri Night HeadNurse
HN_4 Mon Day HeadNurse
HN_4 Tue Day HeadNurse
HN_4 Wed Late HeadNurse
HN_4 Thu Late HeadNurse
HN_5 Sat Early Nurse
HN_5 Sun Early Nurse
HN_6 Mon Late HeadNurse
HN_6 Tue Late HeadNurse
HN_6 Wed Late HeadNurse
HN_7 Wed Early HeadNurse
HN_7 Thu Early HeadNurse
HN_7 Fri Late HeadNurse
HN_7 Sat Late HeadNurse
HN_7 Sun Late HeadNurse
HN_8 Tue Day HeadNurse
HN_8 Wed Day Nurse
HN_8 Thu Day Nurse
HN_8 Fri Day HeadNurse
HN_9 Mon Day Nurse
HN_9 Tue Day Nurse
HN_9 Wed Early HeadNurse
HN_9 Thu Early Nurse
HN_10 Fri Day Nurse
HN_10 Sat Day HeadNurse
HN_10 Sun Night HeadNurse
HN_11 Mon Late Nurse
HN_11 Tue Late Nurse
HN_12 Sat Day HeadNurse
HN_12 Sun Day Nurse
HN_13 Wed Early Nurse
HN_13 Thu Early Nurse
HN_13 Fri Early Nurse
HN_13 Sat Late Nurse
HN_13 Sun Late Nurse
HN_14 Mon Late Nurse
HN_14 Tue Late Nurse
HN_15 Mon Late Nurse
HN_15 Tue Late Nurse
HN_15 Wed Late Nurse
HN_15 Thu Late Nurse
HN_16 Mon Night Nurse
HN_16 Tue Night Nurse
HN_16 Wed Night Nurse
HN_16 Thu Night Nurse
HN_16 Fri Night HeadNurse
HN_17 Wed Day Nurse
HN_17 Thu Day Nurse
HN_17 Fri Day Nurse
HN_18 Mon Early HeadNurse
HN_18 Tue Early HeadNurse
HN_18 Wed Early Nurse
HN_18 Thu Early Nurse
HN_18 Fri Early Nurse
HN_19 Mon Early Nurse
HN_19 Tue Early Nurse
HN_19 Wed Late Nurse
HN_19 Thu Late Nurse
NU_20 Tue Day Nurse
NU_20 Wed Day Nurse
NU_20 Thu Day Nurse
NU_21 Wed Day Caretaker
NU_21 Thu Day Nurse
NU_21 Fri Day Nurse
NU_22 Mon Late Nurse
NU_22 Tue Late Caretaker
NU_22 Wed Late Nurse
NU_22 Thu Late Nurse
NU_22 Fri Late Nurse
NU_23 Mon Early Nurse
NU_23 Tue Early Nurse
NU_23 Wed Late Caretaker
NU_23 Thu Late Caretaker
NU_24 Mon Early Nurse
NU_24 Tue Early Caretaker
NU_24 Wed Early Caretaker
NU_24 Thu Late Caretaker
NU_24 Fri Late Nurse
NU_25 Mon Day Nurse
NU_26 Mon Day Caretaker
NU_26 Tue Day Nurse
NU_27 Thu Day Caretaker
NU_27 Fri Day Caretaker
NU_28 Mon Late Caretaker
NU_28 Tue Late Caretaker
NU_28 Wed Late Caretaker
NU_29 Mon Early Nurse
NU_29 Tue Early Caretaker
NU_29 Sat Early Nurse
NU_29 Sun Early Caretaker
NU_30 Fri Night Nurse
NU_30 Sat Night Nurse
NU_30 Sun Night Nurse
NU_31 Wed Early Caretaker
NU_31 Thu Early Nurse
NU_31 Fri Early Caretaker
NU_32 Mon Late Caretaker
NU_32 Thu Day Caretaker
NU_32 Fri Day Caretaker
NU_32 Sat Early Caretaker
NU_32 Sun Early Caretaker
NU_33 Mon Night Nurse
NU_33 Tue Night Nurse
NU_33 Wed Night Nurse
NU_33 Thu Night Nurse
NU_33 Fri Night Nurse
NU_34 Thu Late Caretaker
NU_34 Fri Late Nurse
NU_35 Tue Day Caretaker
NU_35 Wed Day Caretaker
NU_35 Thu Early Caretaker
NU_35 Fri Early Caretaker
NU_36 Tue Night Caretaker
NU_36 Wed Night Nurse
NU_36 Thu Night Nurse
NU_36 Fri Night Nurse
NU_37 Mon Late Caretaker
NU_37 Tue Late Caretaker
NU_37 Wed Late Caretaker
NU_38 Mon Early Caretaker
NU_38 Thu Night Caretaker
NU_38 Fri Night Nurse
NU_38 Sat Night Caretaker
NU_38 Sun Night Caretaker
NU_39 Mon Night Nurse
NU_39 Fri Day Caretaker
NU_39 Sat Day Nurse
NU_39 Sun Day Caretaker
CT_40 Mon Early Caretaker
CT_40 Tue Early Caretaker
CT_40 Wed Early Caretaker
CT_41 Mon Early Caretaker
CT_41 Tue Early Caretaker
CT_42 Wed Day Caretaker
CT_42 Thu Day Caretaker
CT_42 Fri Day Caretaker
CT_43 Mon Early Caretaker
CT_44 Sat Day Caretaker
CT_44 Sun Day Caretaker
CT_45 Tue Late Caretaker
CT_45 Wed Late Caretaker
CT_45 Thu Late Caretaker
CT_45 Fri Late Caretaker
CT_46 Fri Night Caretaker
CT_46 Sat Night Caretaker
CT_46 Sun Night Caretaker
CT_47 Mon Night Caretaker
CT_47 Thu Early Caretaker
CT_47 Fri Early Caretaker
CT_47 Sat Late Caretaker
CT_47 Sun Late Caretaker
CT_48 Fri Night Caretaker
CT_48 Sat Night Caretaker
CT_48 Sun Night Caretaker
CT_49 Mon Night Caretaker
CT_49 Tue Night Caretaker
CT_49 Wed Night Caretaker
CT_49 Thu Night Caretaker
CT_49 Fri Night Caretaker
CT_50 Mon Day Caretaker
CT_50 Tue Day Caretaker
CT_50 Wed Early Caretaker
CT_50 Thu Early Caretaker
CT_51 Mon Night Caretaker
CT_51 Tue Night Caretaker
CT_51 Wed Night Caretaker
CT_51 Thu Night Caretaker
CT_52 Wed Day Caretaker
CT_52 Thu Day Caretaker
CT_52 Fri Day Caretaker
CT_52 Sat Day Caretaker
CT_52 Sun Late Caretaker
CT_53 Wed Day Caretaker
CT_53 Thu Day Caretaker
CT_53 Fri Day Caretaker
CT_54 Mon Late Caretaker
CT_54 Thu Late Caretaker
CT_54 Fri Late Caretaker
CT_54 Sat Late Caretaker
CT_54 Sun Late Caretaker
CT_55 Mon Early Caretaker
CT_55 Tue Early Caretaker
CT_56 Mon Early Caretaker
CT_56 Tue Early Caretaker
CT_57 Mon Late Caretaker
CT_58 Mon Day Caretaker
CT_58 Tue Day Caretaker
CT_59 Wed Early Caretaker
CT_59 Thu Early Caretaker
CT_59 Fri Early Caretaker
CT_59 Sat Early Caretaker
CT_59 Sun Late Caretaker
CT_60 Mon Late Caretaker
CT_60 Tue Late Caretaker
CT_60 Wed Late Caretaker
CT_61 Mon Day Caretaker
CT_61 Tue Day Caretaker
CT_62 Mon Night Caretaker
CT_62 Tue Night Caretaker
CT_62 Wed Night Caretaker
CT_62 Thu Night Caretaker
CT_62 Fri Night Caretaker
CT_63 Tue Night Caretaker
CT_63 Wed Night Caretaker
CT_63 Thu Night Caretaker
CT_63 Fri Night Caretaker
CT_64 Tue Day Caretaker
CT_64 Wed Day Caretaker
CT_64 Thu Day Caretaker
CT_65 Mon Day Caretaker
CT_65 Tue Day Caretaker
CT_65 Wed Day Caretaker
CT_65 Thu Late Caretaker
CT_65 Fri Late Caretaker
CT_66 Mon Night Caretaker
CT_66 Tue Night Caretaker
CT_66 Wed Night Caretaker
CT_66 Thu Night Caretaker
CT_67 Thu Early Caretaker
CT_67 Fri Early Caretaker
CT_68 Mon Late Caretaker
CT_69 Mon Early Caretaker
CT_69 Tue Early Caretaker
CT_70 Wed Early Caretaker
CT_70 Thu Early Caretaker
CT_70 Fri Early Caretaker
CT_70 Sat Early Caretaker
CT_70 Sun Day Caretaker
CT_71 Fri Day Caretaker
CT_71 Sat Day Caretaker
CT_72 Thu Late Caretaker
CT_72 Fri Late Caretaker
CT_73 Tue Late Caretaker
CT_73 Wed Late Caretaker
CT_74 Mon Day Caretaker
CT_74 Tue Day Caretaker
CT_75 Fri Early Caretaker
CT_75 Sat Early Caretaker
CT_75 Sun Early Caretaker
CT_76 Wed Late Caretaker
CT_76 Thu Late Caretaker
CT_76 Fri Late Caretaker
CT_77 Mon Night Caretaker
CT_77 Tue Night Caretaker
CT_77 Wed Night Caretaker
CT_77 Thu Night Caretaker
CT_77 Fri Night Caretaker
CT_78 Mon Night Caretaker
CT_78 Thu Night Caretaker
CT_78 Fri Night Caretaker
CT_78 Sat Night Caretaker
CT_78 Sun Night Caretaker
CT_79 Fri Late Caretaker
CT_79 Sat Late Caretaker
TR_80 Wed Night Trainee
TR_80 Thu Night Trainee
TR_80 Fri Night Trainee
TR_80 Sat Night Trainee
TR_80 Sun Night Trainee
TR_81 Mon Early Trainee
TR_81 Tue Early Trainee
TR_81 Wed Day Trainee
TR_81 Thu Day Trainee
TR_82 Tue Late Trainee
TR_82 Wed Late Trainee
TR_82 Thu Late Trainee
TR_82 Fri Late Trainee
TR_83 Mon Night Trainee
TR_83 Tue Night Trainee
TR_83 Wed Night Trainee
TR_84 Mon Day Trainee
TR_84 Tue Day Trainee
TR_84 Wed Early Trainee
TR_84 Thu Early Trainee
TR_85 Mon Day Trainee
TR_85 Tue Day Trainee
TR_87 Wed Day Trainee
TR_87 Thu Day Trainee
TR_87 Fri Night Trainee
TR_87 Sat Night Trainee
TR_87 Sun Night Trainee
TR_88 Mon Night Trainee
TR_88 Sat Day Trainee
TR_88 Sun Day Trainee
TR_89 Mon Night Trainee
TR_89 Thu Early Trainee
TR_89 Fri Early Trainee
TR_89 Sat Late Trainee
TR_89 Sun Late Trainee
TR_90 Mon Late Trainee
TR_90 Tue Late Trainee
TR_90 Wed Late Trainee
TR_90 Thu Late Trainee
TR_91 Mon Night Trainee
TR_91 Tue Night Trainee
TR_91 Wed Night Trainee
TR_91 Thu Night Trainee
TR_91 Fri Night Trainee
TR_92 Mon Late Trainee
TR_92 Tue Late Trainee
TR_93 Sat Early Trainee
TR_93 Sun Early Trainee
TR_94 Mon Night Trainee
TR_94 Tue Night Trainee
TR_94 Wed Night Trainee
TR_94 Thu Night Trainee
TR_95 Mon Day Trainee
TR_95 Tue Day Trainee
TR_96 Wed Early Trainee
TR_96 Thu Early Trainee
TR_96 Fri Day Trainee
TR_96 Sat Day Trainee
TR_96 Sun Early Trainee
TR_97 Mon Early Trainee
TR_97 Thu Early Trainee
TR_97 Fri Early Trainee
TR_97 Sat Early Trainee
TR_97 Sun Early Trainee
TR_98 Fri Day Trainee
TR_98 Sat Day Trainee
TR_98 Sun Late Trainee
TR_99 Tue Late Trainee
TR_99 Wed Late Trainee
TR_99 Thu Late Trainee
TR_99 Fri Late Trainee
TR_100 Mon Day Trainee
TR_100 Tue Day Trainee
TR_100 Wed Early Trainee
TR_100 Thu Early Trainee
TR_100 Fri Early Trainee
TR_101 Mon Early Trainee
TR_101 Tue Early Trainee
TR_101 Wed Early Trainee
TR_101 Thu Late Trainee
TR_101 Fri Late Trainee
TR_102 Thu Day Trainee
TR_102 Fri Day Trainee
TR_103 Mon Early Trainee
TR_103 Tue Early Trainee
TR_104 Wed Early Trainee
TR_104 Thu Early Trainee
TR_104 Fri Early Trainee
TR_105 Mon Late Trainee
TR_105 Tue Late Trainee
TR_105 Wed Late Trainee
TR_105 Thu Late Trainee
TR_106 Wed Late Trainee
TR_106 Thu Late Trainee
TR_106 Fri Late Trainee
TR_107 Tue Night Trainee
TR_107 Wed Night Trainee
TR_107 Thu Night Trainee
TR_107 Fri Night Trainee
TR_108 Thu Day Trainee
TR_108 Fri Day Trainee
TR_109 Mon Early Trainee
TR_109 Tue Early Trainee
TR_109 Wed Day Trainee
TR_109 Thu Day Trainee
