SOLUTION
1 n110w4

ASSIGNMENTS = 376
HN_0 Fri Early HeadNurse
HN_0 Sat Early HeadNurse
HN_0 Sun Night HeadNurse
HN_1 Mon Late HeadNurse
HN_1 Tue Late HeadNurse
HN_3 Mon Day HeadNurse
HN_3 Thu Day HeadNurse
HN_3 Fri Day HeadNurse
HN_3 Sat Day Nurse
HN_3 Sun Day HeadNurse
HN_4 Mon Night HeadNurse
HN_4 Tue Night HeadNurse
HN_4 Wed Night HeadNurse
HN_4 Thu Night HeadNurse
HN_5 Tue Late HeadNurse
HN_5 Wed Late HeadNurse
HN_5 Thu Late HeadNurse
HN_6 Mon Early Nurse
HN_6 Tue Early HeadNurse
HN_6 Wed Late Nurse
HN_6 Thu Late HeadNurse
HN_6 Fri Late HeadNurse
HN_7 Tue Early HeadNurse
HN_7 Wed Early HeadNurse
HN_7 Thu Night Nurse
HN_7 Fri Night HeadNurse
HN_7 Sat Night HeadNurse
HN_7 Sun Night Nurse
HN_8 Tue Early HeadNurse
HN_8 Wed Early Nurse
HN_8 Thu Day Nurse
HN_8 Fri Day HeadNurse
HN_9 Fri Night HeadNurse
HN_9 Sat Night Nurse
HN_9 Sun Night Nurse
HN_10 Wed Early Nurse
HN_10 Thu Early Nurse
HN_10 Fri Early Nurse
HN_10 Sat Late HeadNurse
HN_10 Sun Late Nurse
HN_12 Mon Late Nurse
HN_13 Tue Night HeadNurse
HN_13 Wed Night HeadNurse
HN_13 Thu Night Nurse
HN_13 Fri Night Nurse
HN_14 Sat Day Nurse
HN_14 Sun Day Nurse
HN_15 Mon Night Nurse
HN_15 Tue Night Nurse
HN_15 Sat Early HeadNurse
HN_15 Sun Early Nurse
HN_16 Mon Early Nurse
HN_16 Tue Early Nurse
HN_16 Wed Day HeadNurse
HN_16 Thu Day Nurse
HN_16 Fri Day Nurse
HN_17 Mon Day HeadNurse
HN_17 Tue Day HeadNurse
HN_17 Wed Day Nurse
HN_17 Thu Day Nurse
HN_17 Fri Day Nurse
HN_18 Mon Day Nurse
HN_18 Tue Day HeadNurse
HN_18 Wed Day Nurse
HN_18 Thu Late HeadNurse
HN_18 Fri Late HeadNurse
HN_19 Mon Day Nurse
HN_19 Tue Day Nurse
HN_19 Wed Day Nurse
HN_19 Thu Day Nurse
NU_20 Mon Early Caretaker
NU_21 Mon Late Nurse
NU_21 Thu Day Caretaker
NU_21 Fri Day Nurse
NU_21 Sat Day Caretaker
NU_21 Sun Day Nurse
NU_22 Mon Early Caretaker
NU_22 Tue Early Nurse
NU_22 Wed Late Nurse
NU_22 Thu Late Nurse
NU_22 Fri Late Nurse
NU_23 Tue Night Nurse
NU_23 Wed Night Nurse
NU_23 Thu Night Nurse
NU_23 Fri Night Nurse
NU_24 Mon Day Nurse
NU_24 Tue Day Nurse
NU_24 Wed Day Caretaker
NU_25 Mon Late Caretaker
NU_25 Tue Late Nurse
NU_25 Wed Late Nurse
NU_26 Wed Late Nurse
NU_26 Thu Late Nurse
NU_27 Mon Late Caretaker
NU_27 Tue Late Nurse
NU_28 Mon Early Caretaker
NU_28 Tue Early Nurse
NU_28 Wed Early Caretaker
NU_29 Mon Late Caretaker
NU_29 Fri Early Nurse
NU_29 Sat Early Nurse
NU_29 Sun Early Nurse
NU_30 Fri Night Nurse
NU_30 Sat Night Nurse
NU_30 Sun Night Caretaker
NU_31 Tue Night Nurse
NU_31 Wed Night Nurse
NU_31 Thu Night Caretaker
NU_31 Fri Night Caretaker
NU_32 Wed Day Caretaker
NU_32 Thu Day Caretaker
NU_32 Fri Early Nurse
NU_32 Sat Early Caretaker
NU_32 Sun Early Caretaker
NU_33 Mon Day Nurse
NU_33 Tue Day Nurse
NU_33 Wed Day Caretaker
NU_33 Thu Day Caretaker
NU_33 Fri Day Caretaker
NU_34 Mon Early Caretaker
NU_34 Tue Early Nurse
NU_35 Tue Night Caretaker
NU_35 Wed Night Nurse
NU_35 Thu Night Caretaker
NU_35 Fri Night Caretaker
NU_36 Tue Night Caretaker
NU_36 Wed Night Caretaker
NU_36 Thu Night Caretaker
NU_36 Fri Night Caretaker
NU_37 Wed Early Caretaker
NU_37 Thu Early Nurse
NU_37 Fri Early Caretaker
NU_38 Mon Late Caretaker
NU_38 Tue Late Nurse
NU_38 Fri Late Nurse
NU_38 Sat Late Nurse
NU_38 Sun Late Caretaker
NU_39 Mon Night Nurse
NU_39 Tue Night Caretaker
NU_39 Wed Night Caretaker
CT_40 Mon Day Caretaker
CT_40 Tue Day Caretaker
CT_41 Mon Late Caretaker
CT_41 Tue Late Caretaker
CT_41 Fri Night Caretaker
CT_41 Sat Night Caretaker
CT_41 Sun Night Caretaker
CT_42 Mon Night Caretaker
CT_42 Thu Late Caretaker
CT_42 Fri Late Caretaker
CT_42 Sat Late Caretaker
CT_42 Sun Late Caretaker
CT_43 Thu Day Caretaker
CT_43 Fri Day Caretaker
CT_44 Sat Day Caretaker
CT_44 Sun Day Caretaker
CT_45 Mon Night Caretaker
CT_45 Tue Night Caretaker
CT_45 Wed Night Caretaker
CT_45 Thu Night Caretaker
CT_46 Fri Night Caretaker
CT_46 Sat Night Caretaker
CT_46 Sun Night Caretaker
CT_47 Mon Early Caretaker
CT_47 Thu Late Caretaker
CT_47 Fri Late Caretaker
CT_47 Sat Late Caretaker
CT_47 Sun Late Caretaker
CT_48 Thu Early Caretaker
CT_48 Fri Early Caretaker
CT_48 Sat Day Caretaker
CT_48 Sun Day Caretaker
CT_49 Mon Late Caretaker
CT_49 Tue Late Caretaker
CT_49 Wed Late Caretaker
CT_49 Thu Late Caretaker
CT_49 Fri Late Caretaker
CT_50 Mon Night Caretaker
CT_50 Tue Night Caretaker
CT_50 Sat Night Caretaker
CT_50 Sun Night Caretaker
CT_51 Wed Day Caretaker
CT_51 Thu Day Caretaker
CT_51 Fri Day Caretaker
CT_52 Tue Night Caretaker
CT_52 Wed Night Caretaker
CT_52 Thu Night Caretaker
CT_52 Fri Night Caretaker
CT_53 Fri Day Caretaker
CT_53 Sat Day Caretaker
CT_53 Sun Early Caretaker
CT_54 Wed Early Caretaker
CT_54 Thu Early Caretaker
CT_54 Fri Early Caretaker
CT_55 Mon Late Caretaker
CT_55 Tue Late Caretaker
CT_56 Tue Late Caretaker
CT_56 Wed Late Caretaker
CT_57 Wed Early Caretaker
CT_57 Thu Early Caretaker
CT_57 Fri Early Caretaker
CT_58 Tue Day Caretaker
CT_58 Wed Day Caretaker
CT_59 Wed Early Caretaker
CT_59 Thu Early Caretaker
CT_59 Fri Late Caretaker
CT_59 Sat Late Caretaker
CT_59 Sun Late Caretaker
CT_60 Tue Early Caretaker
CT_60 Wed Early Caretaker
CT_60 Thu Late Caretaker
CT_60 Fri Late Caretaker
CT_61 Wed Day Caretaker
CT_61 Thu Day Caretaker
CT_62 Mon Day Caretaker
CT_62 Tue Day Caretaker
CT_62 Wed Late Caretaker
CT_62 Thu Late Caretaker
CT_62 Fri Late Caretaker
CT_63 Mon Night Caretaker
CT_63 Tue Night Caretaker
CT_63 Wed Night Caretaker
CT_63 Thu Night Caretaker
CT_64 Mon Day Caretaker
CT_64 Tue Day Caretaker
CT_64 Wed Day Caretaker
CT_64 Thu Day Caretaker
CT_64 Fri Day Caretaker
CT_65 Mon Early Caretaker
CT_65 Tue Early Caretaker
CT_65 Wed Early Caretaker
CT_65 Thu Late Caretaker
CT_65 Fri Late Caretaker
CT_66 Mon Day Caretaker
CT_66 Tue Late Caretaker
CT_66 Wed Late Caretaker
CT_67 Mon Late Caretaker
CT_67 Tue Late Caretaker
CT_69 Mon Early Caretaker
CT_70 Tue Day Caretaker
CT_70 Wed Day Caretaker
CT_70 Thu Early Caretaker
CT_70 Fri Early Caretaker
CT_71 Mon Day Caretaker
CT_73 Mon Day Caretaker
CT_73 Tue Day Caretaker
CT_74 Tue Late Caretaker
CT_74 Wed Late Caretaker
CT_75 Thu Early Caretaker
CT_75 Fri Early Caretaker
CT_75 Sat Early Caretaker
CT_75 Sun Day Caretaker
CT_76 Mon Night Caretaker
CT_76 Tue Night Caretaker
CT_76 Wed Night Caretaker
CT_76 Thu Night Caretaker
CT_76 Fri Night Caretaker
CT_77 Mon Early Caretaker
CT_77 Tue Early Caretaker
CT_77 Wed Early Caretaker
CT_77 Thu Day Caretaker
CT_77 Fri Day Caretaker
CT_78 Mon Night Caretaker
CT_78 Thu Day Caretaker
CT_78 Fri Day Caretaker
CT_78 Sat Early Caretaker
CT_78 Sun Early Caretaker
CT_79 Mon Day Caretaker
CT_79 Tue Day Caretaker
TR_80 Mon Night Trainee
TR_80 Fri Day Trainee
TR_80 Sat Day Trainee
TR_80 Sun Day Trainee
TR_81 Mon Day Trainee
TR_81 Tue Day Trainee
TR_81 Wed Day Trainee
TR_82 Wed Early Trainee
TR_82 Thu Early Trainee
TR_82 Fri Early Trainee
TR_83 Mon Night Trainee
TR_83 Tue Night Trainee
TR_83 Wed Night Trainee
TR_83 Thu Night Trainee
TR_84 Wed Early Trainee
TR_84 Thu Early Trainee
TR_84 Fri Night Trainee
TR_84 Sat Night Trainee
TR_84 Sun Night Trainee
TR_85 Mon Late Trainee
TR_85 Tue Late Trainee
TR_86 Fri Night Trainee
TR_86 Sat Night Trainee
TR_86 Sun Night Trainee
TR_87 Tue Night Trainee
TR_87 Wed Night Trainee
TR_87 Thu Night Trainee
TR_87 Fri Night Trainee
TR_88 Mon Night Trainee
TR_88 Tue Night Trainee
TR_88 Wed Night Trainee
TR_88 Thu Night Trainee
TR_89 Mon Early Trainee
TR_89 Thu Night Trainee
TR_89 Fri Night Trainee
TR_89 Sat Night Trainee
TR_89 Sun Night Trainee
TR_90 Mon Early Trainee
TR_90 Tue Early Trainee
TR_90 Wed Early Trainee
TR_91 Mon Day Trainee
TR_91 Tue Day Trainee
TR_91 Wed Late Trainee
TR_91 Thu Late Trainee
TR_91 Fri Late Trainee
TR_92 Mon Late Trainee
TR_93 Mon Day Trainee
TR_94 Fri Early Trainee
TR_94 Sat Early Trainee
TR_94 Sun Late Trainee
TR_95 Mon Early Trainee
TR_95 Tue Early Trainee
TR_96 Mon Day Trainee
TR_96 Tue Day Trainee
TR_96 Wed Late Trainee
TR_96 Thu Late Trainee
TR_96 Fri Late Trainee
TR_97 Mon Late Trainee
TR_97 Tue Late Trainee
TR_97 Fri Day Trainee
TR_97 Sat Day Trainee
TR_97 Sun Day Trainee
TR_98 Mon Late Trainee
TR_98 Sat Early Trainee
TR_98 Sun Early Trainee
TR_99 Wed Early Trainee
TR_99 Thu Early Trainee
TR_99 Fri Early Trainee
TR_99 Sat Early Trainee
TR_99 Sun Early Trainee
TR_100 Mon Early Trainee
TR_100 Tue Early Trainee
TR_100 Wed Day Trainee
TR_100 Thu Day Trainee
TR_100 Fri Day Trainee
TR_101 Mon Early Trainee
TR_101 Tue Early Trainee
TR_101 Wed Day Trainee
TR_101 Thu Day Trainee
TR_101 Fri Day Trainee
TR_102 Wed Early Trainee
TR_102 Thu Early Trainee
TR_102 Fri Early Trainee
TR_103 Fri Late Trainee
TR_103 Sat Late Trainee
TR_103 Sun Late Trainee
TR_104 Wed Early Trainee
TR_104 Thu Early Trainee
TR_104 Fri Early Trainee
TR_105 Mon Day Trainee
TR_105 Tue Day Trainee
TR_105 Wed Day Trainee
TR_105 Thu Late Trainee
TR_105 Fri Late Trainee
TR_106 Wed Day Trainee
TR_106 Thu Day Trainee
TR_106 Fri Day Trainee
TR_107 Mon Night Trainee
TR_107 Tue Night Trainee
TR_107 Wed Night Trainee
TR_107 Thu Night Trainee
TR_108 Mon Late Trainee
TR_108 Tue Late Trainee
TR_108 Sun Early Trainee
TR_109 Mon Night Trainee
TR_109 Tue Night Trainee
TR_109 Wed Night Trainee
