SOLUTION
1 n120w4

ASSIGNMENTS = 473
HN_0 Thu Early HeadNurse
HN_0 Fri Early HeadNurse
HN_0 Sat Day Nurse
HN_0 Sun Day HeadNurse
HN_1 Sat Early Nurse
HN_1 Sun Early HeadNurse
HN_2 Thu Night HeadNurse
HN_2 Fri Night HeadNurse
HN_2 Sat Night HeadNurse
HN_2 Sun Night Nurse
HN_3 Tue Late HeadNurse
HN_3 Wed Late HeadNurse
HN_3 Thu Late HeadNurse
HN_3 Fri Late HeadNurse
HN_4 Mon Late HeadNurse
HN_4 Tue Late HeadNurse
HN_4 Fri Late HeadNurse
HN_4 Sat Late Nurse
HN_4 Sun Late Nurse
HN_5 Mon Early HeadNurse
HN_5 Tue Early HeadNurse
HN_5 Wed Day HeadNurse
HN_5 Thu Day HeadNurse
HN_6 Mon Day HeadNurse
HN_6 Tue Day HeadNurse
HN_6 Wed Late HeadNurse
HN_6 Thu Late HeadNurse
HN_7 Mon Late HeadNurse
HN_7 Tue Late Nurse
HN_7 Wed Late HeadNurse
HN_7 Thu Late Nurse
HN_7 Fri Late Nurse
HN_8 Mon Night HeadNurse
HN_8 Tue Night HeadNurse
HN_8 Wed Night HeadNurse
HN_8 Thu Night HeadNurse
HN_9 Wed Early HeadNurse
HN_9 Thu Early Nurse
HN_9 Fri Early HeadNurse
HN_10 Mon Day HeadNurse
HN_10 Tue Day HeadNurse
HN_10 Wed Day HeadNurse
HN_10 Thu Day Nurse
HN_10 Fri Day HeadNurse
HN_11 Mon Late HeadNurse
HN_11 Tue Late Nurse
HN_11 Wed Late Nurse
HN_11 Thu Late Nurse
HN_11 Fri Late Nurse
HN_12 Mon Night Nurse
HN_12 Tue Night HeadNurse
HN_12 Wed Night HeadNurse
HN_12 Thu Night HeadNurse
HN_13 Mon Late Nurse
HN_14 Mon Night Nurse
HN_14 Tue Night Nurse
HN_14 Wed Night Nurse
HN_14 Thu Night Nurse
HN_14 Fri Night Nurse
HN_15 Mon Day Nurse
HN_15 Tue Day Nurse
HN_15 Wed Day HeadNurse
HN_15 Thu Early Nurse
HN_15 Fri Early Nurse
HN_16 Mon Early HeadNurse
HN_16 Tue Early HeadNurse
HN_16 Wed Early Nurse
HN_17 Mon Night Nurse
HN_17 Tue Night Nurse
HN_17 Wed Night Nurse
HN_17 Thu Night Nurse
HN_17 Fri Night Nurse
HN_18 Mon Night Nurse
HN_18 Tue Night Nurse
HN_18 Wed Night Nurse
HN_19 Mon Day Nurse
HN_19 Tue Day Nurse
HN_19 Wed Day Nurse
HN_19 Thu Early Nurse
HN_19 Fri Early Nurse
NU_20 Mon Day Nurse
NU_20 Tue Day Nurse
NU_20 Wed Day Nurse
NU_20 Thu Early Nurse
NU_20 Fri Early Nurse
NU_21 Mon Night Nurse
NU_21 Tue Night Nurse
NU_21 Wed Night Nurse
NU_21 Thu Night Nurse
NU_22 Fri Night Nurse
NU_22 Sat Night Nurse
NU_22 Sun Night Nurse
NU_23 Mon Night Caretaker
NU_24 Mon Day Nurse
NU_24 Thu Night Nurse
NU_24 Fri Night Nurse
NU_24 Sat Night Nurse
NU_24 Sun Night Caretaker
NU_25 Wed Early Nurse
NU_25 Thu Early Caretaker
NU_25 Fri Early Nurse
NU_26 Mon Night Caretaker
NU_27 Sat Early Nurse
NU_27 Sun Early Nurse
NU_28 Mon Day Nurse
NU_28 Tue Day Nurse
NU_28 Wed Day Nurse
NU_28 Thu Late Nurse
NU_28 Fri Late Nurse
NU_29 Mon Early Nurse
NU_29 Tue Early Nurse
NU_29 Wed Day Nurse
NU_29 Thu Day Nurse
NU_30 Mon Day Nurse
NU_30 Thu Night Caretaker
NU_30 Fri Night Caretaker
NU_30 Sat Night Nurse
NU_30 Sun Night Caretaker
NU_31 Wed Night Nurse
NU_31 Thu Night Caretaker
NU_31 Fri Night Caretaker
NU_31 Sat Night Caretaker
NU_31 Sun Night Caretaker
NU_32 Mon Early Nurse
NU_32 Tue Early Nurse
NU_32 Wed Day Caretaker
NU_32 Thu Day Nurse
NU_32 Fri Day Nurse
NU_33 Mon Day Caretaker
NU_33 Tue Day Caretaker
NU_33 Wed Day Caretaker
NU_33 Thu Day Caretaker
NU_33 Fri Day Nurse
NU_34 Mon Day Caretaker
NU_34 Tue Day Caretaker
NU_34 Wed Day Caretaker
NU_34 Sat Day Nurse
NU_34 Sun Day Nurse
NU_35 Tue Early Nurse
NU_35 Wed Early Nurse
NU_35 Thu Early Caretaker
NU_35 Fri Early Caretaker
NU_36 Wed Early Nurse
NU_36 Thu Early Caretaker
NU_36 Fri Early Caretaker
NU_37 Mon Day Caretaker
NU_37 Tue Day Caretaker
NU_37 Wed Day Caretaker
NU_37 Thu Day Caretaker
NU_38 Mon Late Nurse
NU_38 Tue Late Nurse
NU_38 Wed Late Nurse
NU_38 Sat Early Nurse
NU_38 Sun Early Nurse
NU_39 Mon Night Caretaker
NU_39 Tue Night Caretaker
NU_39 Wed Night Nurse
NU_40 Mon Early Nurse
NU_40 Tue Early Nurse
NU_40 Wed Day Caretaker
NU_40 Thu Day Caretaker
NU_40 Fri Day Nurse
NU_41 Sat Late Caretaker
NU_41 Sun Late Nurse
NU_42 Mon Late Caretaker
NU_42 Tue Late Nurse
NU_42 Fri Late Nurse
NU_42 Sat Late Caretaker
NU_42 Sun Late Caretaker
NU_43 Tue Late Nurse
NU_43 Wed Late Nurse
NU_43 Thu Late Nurse
NU_43 Fri Late Nurse
NU_44 Mon Day Caretaker
NU_44 Tue Day Caretaker
NU_44 Wed Early Caretaker
NU_44 Thu Early Caretaker
NU_45 Mon Early Caretaker
NU_45 Tue Early Caretaker
NU_45 Fri Day Nurse
NU_45 Sat Day Nurse
NU_45 Sun Day Nurse
NU_46 Wed Day Caretaker
NU_46 Thu Day Caretaker
NU_46 Fri Early Caretaker
NU_46 Sat Early Caretaker
NU_46 Sun Early Nurse
NU_47 Mon Late Caretaker
NU_47 Tue Late Nurse
NU_47 Wed Late Nurse
NU_48 Mon Early Caretaker
NU_48 Tue Early Caretaker
NU_48 Wed Late Nurse
NU_48 Thu Late Caretaker
NU_48 Fri Late Caretaker
NU_49 Wed Night Caretaker
NU_49 Thu Night Caretaker
NU_49 Fri Night Caretaker
NU_49 Sat Night Caretaker
NU_49 Sun Night Caretaker
CT_50 Mon Day Caretaker
CT_50 Tue Day Caretaker
CT_50 Wed Early Caretaker
CT_50 Thu Early Caretaker
CT_50 Fri Early Caretaker
CT_51 Mon Late Caretaker
CT_51 Tue Late Caretaker
CT_51 Wed Late Caretaker
CT_51 Sat Day Caretaker
CT_51 Sun Day Caretaker
CT_52 Mon Early Caretaker
CT_52 Tue Early Caretaker
CT_52 Wed Early Caretaker
CT_52 Thu Late Caretaker
CT_52 Fri Late Caretaker
CT_53 Wed Day Caretaker
CT_53 Thu Day Caretaker
CT_53 Fri Day Caretaker
CT_54 Mon Night Caretaker
CT_54 Tue Night Caretaker
CT_55 Mon Early Caretaker
CT_55 Tue Early Caretaker
CT_55 Wed Early Caretaker
CT_56 Mon Early Caretaker
CT_56 Tue Early Caretaker
CT_56 Wed Early Caretaker
CT_56 Thu Late Caretaker
CT_56 Fri Late Caretaker
CT_57 Mon Night Caretaker
CT_57 Tue Night Caretaker
CT_57 Wed Night Caretaker
CT_57 Thu Night Caretaker
CT_58 Mon Late Caretaker
CT_58 Tue Late Caretaker
CT_59 Mon Night Caretaker
CT_59 Tue Night Caretaker
CT_59 Wed Night Caretaker
CT_59 Thu Night Caretaker
CT_59 Fri Night Caretaker
CT_60 Mon Late Caretaker
CT_60 Tue Late Caretaker
CT_60 Wed Late Caretaker
CT_60 Thu Late Caretaker
CT_60 Fri Late Caretaker
CT_61 Tue Night Caretaker
CT_61 Wed Night Caretaker
CT_61 Thu Night Caretaker
CT_61 Fri Night Caretaker
CT_62 Mon Night Caretaker
CT_63 Sat Early Caretaker
CT_63 Sun Early Caretaker
CT_64 Mon Early Caretaker
CT_64 Tue Early Caretaker
CT_64 Wed Day Caretaker
CT_64 Thu Day Caretaker
CT_65 Sat Late Caretaker
CT_65 Sun Late Caretaker
CT_66 Mon Early Caretaker
CT_66 Tue Early Caretaker
CT_66 Fri Early Caretaker
CT_66 Sat Early Caretaker
CT_66 Sun Early Caretaker
CT_67 Thu Day Caretaker
CT_67 Fri Day Caretaker
CT_67 Sat Day Caretaker
CT_67 Sun Day Caretaker
CT_68 Mon Late Caretaker
CT_68 Tue Late Caretaker
CT_68 Wed Late Caretaker
CT_68 Sat Night Caretaker
CT_68 Sun Night Caretaker
CT_69 Wed Day Caretaker
CT_69 Thu Day Caretaker
CT_69 Fri Day Caretaker
CT_69 Sat Day Caretaker
CT_69 Sun Day Caretaker
CT_70 Tue Late Caretaker
CT_70 Wed Late Caretaker
CT_70 Thu Late Caretaker
CT_71 Mon Day Caretaker
CT_71 Sat Late Caretaker
CT_71 Sun Late Caretaker
CT_72 Tue Night Caretaker
CT_72 Wed Night Caretaker
CT_72 Thu Night Caretaker
CT_72 Fri Night Caretaker
CT_73 Mon Late Caretaker
CT_73 Tue Late Caretaker
CT_73 Wed Late Caretaker
CT_73 Thu Late Caretaker
CT_73 Fri Late Caretaker
CT_74 Mon Day Caretaker
CT_74 Tue Day Caretaker
CT_74 Wed Early Caretaker
CT_74 Thu Early Caretaker
CT_74 Fri Early Caretaker
CT_75 Mon Late Caretaker
CT_75 Tue Late Caretaker
CT_75 Wed Late Caretaker
CT_75 Thu Late Caretaker
CT_76 Tue Early Caretaker
CT_76 Wed Early Caretaker
CT_76 Thu Early Caretaker
CT_76 Fri Early Caretaker
CT_77 Fri Late Caretaker
CT_77 Sat Late Caretaker
CT_77 Sun Late Caretaker
CT_78 Fri Day Caretaker
CT_78 Sat Day Caretaker
CT_78 Sun Early Caretaker
CT_79 Tue Night Caretaker
CT_79 Wed Night Caretaker
CT_79 Thu Night Caretaker
CT_79 Fri Night Caretaker
CT_80 Mon Early Caretaker
CT_80 Tue Early Caretaker
CT_80 Wed Early Caretaker
CT_80 Thu Early Caretaker
CT_80 Fri Early Caretaker
CT_81 Tue Night Caretaker
CT_81 Wed Night Caretaker
CT_81 Thu Night Caretaker
CT_81 Fri Night Caretaker
CT_82 Mon Early Caretaker
CT_82 Tue Early Caretaker
CT_82 Wed Late Caretaker
CT_82 Thu Late Caretaker
CT_82 Fri Late Caretaker
CT_83 Wed Early Caretaker
CT_83 Thu Early Caretaker
CT_83 Fri Early Caretaker
CT_84 Mon Day Caretaker
CT_84 Tue Day Caretaker
CT_84 Wed Day Caretaker
CT_84 Thu Day Caretaker
CT_84 Fri Day Caretaker
CT_85 Mon Night Caretaker
CT_86 Mon Late Caretaker
CT_86 Tue Late Caretaker
CT_86 Wed Late Caretaker
CT_86 Thu Late Caretaker
CT_86 Fri Late Caretaker
CT_87 Mon Day Caretaker
CT_87 Tue Late Caretaker
CT_87 Wed Late Caretaker
CT_87 Sat Early Caretaker
CT_87 Sun Early Caretaker
CT_88 Fri Day Caretaker
CT_88 Sat Day Caretaker
CT_88 Sun Day Caretaker
CT_89 Mon Night Caretaker
CT_89 Tue Night Caretaker
CT_89 Wed Night Caretaker
CT_89 Thu Night Caretaker
CT_89 Fri Night Caretaker
TR_90 Mon Late Trainee
TR_90 Tue Late Trainee
TR_91 Wed Day Trainee
TR_91 Thu Day Trainee
TR_91 Fri Day Trainee
TR_91 Sat Early Trainee
TR_91 Sun Early Trainee
TR_92 Tue Night Trainee
TR_92 Wed Night Trainee
TR_92 Thu Night Trainee
TR_92 Fri Night Trainee
TR_94 Mon Day Trainee
TR_94 Tue Day Trainee
TR_94 Wed Early Trainee
TR_94 Thu Early Trainee
TR_94 Fri Early Trainee
TR_95 Mon Night Trainee
TR_95 Tue Night Trainee
TR_95 Wed Night Trainee
TR_95 Thu Night Trainee
TR_96 Thu Night Trainee
TR_96 Fri Night Trainee
TR_96 Sat Night Trainee
TR_96 Sun Night Trainee
TR_97 Mon Early Trainee
TR_97 Tue Early Trainee
TR_97 Wed Late Trainee
TR_97 Thu Late Trainee
TR_98 Mon Night Trainee
TR_98 Tue Night Trainee
TR_99 Thu Night Trainee
TR_99 Fri Night Trainee
TR_99 Sat Night Trainee
TR_99 Sun Night Trainee
TR_100 Mon Late Trainee
TR_100 Tue Late Trainee
TR_100 Wed Late Trainee
TR_100 Thu Late Trainee
TR_100 Fri Late Trainee
TR_101 Sat Early Trainee
TR_101 Sun Early Trainee
TR_102 Mon Late Trainee
TR_102 Tue Late Trainee
TR_102 Fri Late Trainee
TR_102 Sat Late Trainee
TR_102 Sun Late Trainee
TR_103 Thu Early Trainee
TR_103 Fri Early Trainee
TR_103 Sat Day Trainee
TR_103 Sun Day Trainee
TR_104 Sat Late Trainee
TR_104 Sun Late Trainee
TR_105 Mon Night Trainee
TR_105 Tue Night Trainee
TR_105 Wed Night Trainee
TR_105 Thu Night Trainee
TR_105 Fri Night Trainee
TR_106 Mon Early Trainee
TR_106 Tue Early Trainee
TR_106 Wed Late Trainee
TR_106 Thu Late Trainee
TR_106 Fri Late Trainee
TR_107 Mon Night Trainee
TR_107 Tue Night Trainee
TR_107 Wed Night Trainee
TR_107 Thu Night Trainee
TR_108 Mon Late Trainee
TR_108 Tue Late Trainee
TR_108 Wed Late Trainee
TR_108 Thu Late Trainee
TR_108 Fri Late Trainee
TR_109 Mon Early Trainee
TR_109 Tue Early Trainee
TR_109 Wed Early Trainee
TR_109 Thu Early Trainee
TR_109 Fri Early Trainee
TR_110 Wed Late Trainee
TR_110 Thu Late Trainee
TR_110 Fri Late Trainee
TR_111 Mon Day Trainee
TR_111 Tue Day Trainee
TR_111 Wed Early Trainee
TR_111 Thu Early Trainee
TR_111 Fri Early Trainee
TR_112 Mon Late Trainee
TR_112 Tue Late Trainee
TR_112 Sat Night Trainee
TR_112 Sun Night Trainee
TR_113 Mon Early Trainee
TR_113 Tue Early Trainee
TR_113 Wed Day Trainee
TR_113 Thu Day Trainee
TR_113 Fri Day Trainee
TR_114 Tue Day Trainee
TR_114 Wed Day Trainee
TR_114 Thu Day Trainee
TR_115 Mon Early Trainee
TR_115 Tue Early Trainee
TR_115 Wed Early Trainee
TR_115 Thu Early Trainee
TR_116 Mon Day Trainee
TR_116 Tue Day Trainee
TR_116 Fri Day Trainee
TR_116 Sat Day Trainee
TR_116 Sun Day Trainee
TR_117 Tue Day Trainee
TR_117 Wed Day Trainee
TR_117 Thu Day Trainee
TR_117 Fri Day Trainee
TR_118 Mon Early Trainee
TR_118 Tue Early Trainee
TR_118 Wed Early Trainee
TR_118 Thu Early Trainee
TR_118 Fri Early Trainee
TR_119 Mon Day Trainee
TR_119 Tue Day Trainee
TR_119 Wed Day Trainee
TR_119 Thu Day Trainee
