SOLUTION
2 n120w4

ASSIGNMENTS = 477
HN_0 Mon Day HeadNurse
HN_0 Thu Late HeadNurse
HN_0 Fri Late HeadNurse
HN_0 Sat Late HeadNurse
HN_0 Sun Late HeadNurse
HN_1 Mon Late HeadNurse
HN_1 Tue Late HeadNurse
HN_2 Mon Night HeadNurse
HN_2 Thu Early HeadNurse
HN_2 Fri Early HeadNurse
HN_2 Sat Day HeadNurse
HN_2 Sun Day HeadNurse
HN_3 Thu Early Nurse
HN_3 Fri Early HeadNurse
HN_3 Sat Early HeadNurse
HN_3 Sun Early HeadNurse
HN_4 Wed Day HeadNurse
HN_4 Thu Day HeadNurse
HN_4 Fri Day HeadNurse
HN_5 Fri Night HeadNurse
HN_5 Sat Night HeadNurse
HN_5 Sun Night HeadNurse
HN_6 Fri Night HeadNurse
HN_6 Sat Night Nurse
HN_6 Sun Night Nurse
HN_7 Mon Night HeadNurse
HN_7 Tue Night HeadNurse
HN_7 Wed Night HeadNurse
HN_7 Thu Night HeadNurse
HN_7 Fri Night Nurse
HN_8 Tue Late Nurse
HN_8 Wed Late HeadNurse
HN_8 Thu Late Nurse
HN_8 Fri Late HeadNurse
HN_9 Mon Early HeadNurse
HN_9 Tue Early HeadNurse
HN_9 Wed Day HeadNurse
HN_9 Thu Day HeadNurse
HN_9 Fri Day HeadNurse
HN_10 Mon Day HeadNurse
HN_10 Tue Day HeadNurse
HN_10 Wed Day Nurse
HN_10 Sat Early Nurse
HN_10 Sun Early Nurse
HN_11 Mon Night Nurse
HN_11 Tue Night Nurse
HN_11 Wed Night HeadNurse
HN_11 Thu Night HeadNurse
HN_11 Fri Night Nurse
HN_12 Tue Early HeadNurse
HN_12 Wed Early HeadNurse
HN_12 Thu Early Nurse
HN_12 Fri Early Nurse
HN_13 Mon Night Nurse
HN_13 Tue Night Nurse
HN_13 Wed Night Nurse
HN_13 Thu Night Nurse
HN_14 Mon Late HeadNurse
HN_14 Tue Late Nurse
HN_14 Wed Late Nurse
HN_14 Thu Late Nurse
HN_14 Fri Late Nurse
HN_15 Mon Night Nurse
HN_15 Tue Night Nurse
HN_15 Wed Night Nurse
HN_15 Thu Night Nurse
HN_15 Fri Night Nurse
HN_16 Mon Early HeadNurse
HN_16 Tue Early Nurse
HN_16 Wed Early HeadNurse
HN_16 Sat Day Nurse
HN_16 Sun Day Nurse
HN_17 Mon Late Nurse
HN_17 Tue Late Nurse
HN_17 Wed Late Nurse
HN_17 Sat Early Nurse
HN_17 Sun Early Nurse
HN_18 Thu Early Nurse
HN_18 Fri Early Nurse
HN_18 Sat Day Nurse
HN_18 Sun Day Nurse
HN_19 Mon Day Nurse
HN_19 Tue Day Nurse
HN_19 Wed Day Nurse
HN_19 Sat Late Nurse
HN_19 Sun Late Nurse
NU_20 Mon Night Nurse
NU_20 Tue Night Nurse
NU_20 Wed Night Nurse
NU_20 Thu Night Nurse
NU_20 Fri Night Nurse
NU_21 Tue Early Nurse
NU_21 Wed Early Nurse
NU_21 Thu Day Nurse
NU_21 Fri Day Nurse
NU_22 Mon Night Caretaker
NU_23 Mon Early Nurse
NU_23 Tue Early Nurse
NU_23 Wed Day Nurse
NU_23 Thu Day Nurse
NU_24 Wed Day Nurse
NU_24 Thu Day Nurse
NU_24 Fri Day Nurse
NU_25 Mon Day Nurse
NU_25 Tue Day Nurse
NU_25 Wed Early Nurse
NU_25 Thu Early Nurse
NU_25 Fri Early Nurse
NU_26 Mon Early Nurse
NU_26 Tue Early Nurse
NU_26 Wed Early Nurse
NU_26 Thu Early Nurse
NU_27 Mon Late Nurse
NU_27 Tue Late Nurse
NU_28 Mon Late Nurse
NU_28 Tue Late Caretaker
NU_28 Wed Late Nurse
NU_28 Sat Night Nurse
NU_28 Sun Night Nurse
NU_29 Mon Early Nurse
NU_29 Tue Early Nurse
NU_29 Wed Early Nurse
NU_29 Thu Early Caretaker
NU_30 Wed Day Nurse
NU_30 Thu Day Caretaker
NU_30 Fri Day Nurse
NU_31 Wed Late Caretaker
NU_31 Thu Late Nurse
NU_31 Fri Late Nurse
NU_32 Mon Early Nurse
NU_32 Tue Early Caretaker
NU_32 Wed Late Caretaker
NU_32 Thu Late Nurse
NU_32 Fri Late Nurse
NU_33 Mon Night Caretaker
NU_33 Tue Night Nurse
NU_33 Wed Night Nurse
NU_33 Thu Night Nurse
NU_33 Fri Night Caretaker
NU_34 Mon Day Nurse
NU_34 Fri Early Nurse
NU_34 Sat Early Caretaker
NU_34 Sun Early Caretaker
NU_35 Mon Early Caretaker
NU_35 Tue Early Caretaker
NU_35 Wed Late Caretaker
NU_35 Thu Late Caretaker
NU_36 Mon Day Nurse
NU_36 Tue Day Caretaker
NU_36 Wed Day Caretaker
NU_36 Thu Early Caretaker
NU_36 Fri Early Nurse
NU_37 Tue Day Caretaker
NU_37 Wed Day Caretaker
NU_37 Thu Late Caretaker
NU_37 Fri Late Nurse
NU_38 Mon Day Nurse
NU_38 Tue Day Caretaker
NU_38 Fri Late Caretaker
NU_38 Sat Late Nurse
NU_38 Sun Late Nurse
NU_39 Mon Night Caretaker
NU_39 Tue Night Caretaker
NU_39 Wed Night Caretaker
NU_39 Thu Night Nurse
NU_40 Mon Night Caretaker
NU_40 Tue Night Caretaker
NU_40 Wed Night Caretaker
NU_40 Thu Night Caretaker
NU_40 Fri Night Caretaker
NU_41 Mon Late Nurse
NU_41 Tue Late Caretaker
NU_42 Wed Day Caretaker
NU_42 Thu Day Caretaker
NU_42 Fri Day Caretaker
NU_43 Fri Day Caretaker
NU_43 Sat Day Nurse
NU_43 Sun Day Caretaker
NU_44 Wed Day Caretaker
NU_44 Thu Day Caretaker
NU_44 Fri Night Caretaker
NU_44 Sat Night Nurse
NU_44 Sun Night Caretaker
NU_45 Mon Day Nurse
NU_45 Thu Late Caretaker
NU_45 Fri Late Caretaker
NU_45 Sat Late Caretaker
NU_45 Sun Late Caretaker
NU_46 Thu Late Caretaker
NU_46 Fri Late Caretaker
NU_46 Sat Late Caretaker
NU_46 Sun Late Caretaker
NU_47 Mon Early Caretaker
NU_47 Tue Early Caretaker
NU_47 Wed Early Caretaker
NU_47 Thu Early Caretaker
NU_48 Mon Day Caretaker
NU_48 Tue Day Caretaker
NU_48 Wed Early Caretaker
NU_48 Thu Early Caretaker
NU_48 Fri Early Caretaker
NU_49 Wed Late Caretaker
NU_49 Thu Late Caretaker
NU_49 Fri Late Caretaker
CT_50 Mon Early Caretaker
CT_50 Tue Early Caretaker
CT_50 Wed Early Caretaker
CT_50 Thu Late Caretaker
CT_50 Fri Late Caretaker
CT_51 Mon Late Caretaker
CT_51 Tue Late Caretaker
CT_51 Fri Day Caretaker
CT_51 Sat Day Caretaker
CT_51 Sun Day Caretaker
CT_52 Mon Late Caretaker
CT_52 Tue Late Caretaker
CT_52 Wed Late Caretaker
CT_52 Sat Early Caretaker
CT_52 Sun Early Caretaker
CT_53 Mon Late Caretaker
CT_53 Tue Late Caretaker
CT_53 Wed Late Caretaker
CT_53 Thu Late Caretaker
CT_53 Fri Late Caretaker
CT_54 Mon Early Caretaker
CT_54 Tue Early Caretaker
CT_54 Wed Day Caretaker
CT_54 Thu Day Caretaker
CT_55 Mon Early Caretaker
CT_55 Tue Early Caretaker
CT_55 Wed Day Caretaker
CT_55 Thu Day Caretaker
CT_55 Fri Day Caretaker
CT_56 Thu Day Caretaker
CT_56 Fri Day Caretaker
CT_56 Sat Early Caretaker
CT_56 Sun Early Caretaker
CT_57 Tue Early Caretaker
CT_57 Wed Early Caretaker
CT_57 Thu Early Caretaker
CT_57 Fri Early Caretaker
CT_58 Mon Late Caretaker
CT_58 Tue Late Caretaker
CT_58 Wed Late Caretaker
CT_58 Thu Late Caretaker
CT_59 Mon Day Caretaker
CT_59 Tue Day Caretaker
CT_59 Wed Day Caretaker
CT_59 Thu Day Caretaker
CT_59 Fri Day Caretaker
CT_60 Mon Early Caretaker
CT_60 Tue Early Caretaker
CT_60 Wed Early Caretaker
CT_60 Sat Late Caretaker
CT_60 Sun Late Caretaker
CT_61 Thu Early Caretaker
CT_61 Fri Early Caretaker
CT_61 Sat Early Caretaker
CT_61 Sun Late Caretaker
CT_62 Mon Night Caretaker
CT_62 Tue Night Caretaker
CT_62 Wed Night Caretaker
CT_62 Thu Night Caretaker
CT_63 Mon Day Caretaker
CT_63 Tue Day Caretaker
CT_64 Mon Early Caretaker
CT_64 Tue Early Caretaker
CT_64 Wed Early Caretaker
CT_64 Thu Late Caretaker
CT_64 Fri Late Caretaker
CT_65 Mon Late Caretaker
CT_65 Tue Late Caretaker
CT_66 Wed Day Caretaker
CT_66 Thu Day Caretaker
CT_66 Fri Day Caretaker
CT_67 Mon Day Caretaker
CT_68 Mon Night Caretaker
CT_68 Tue Night Caretaker
CT_68 Wed Night Caretaker
CT_68 Sat Night Caretaker
CT_68 Sun Night Caretaker
CT_69 Wed Day Caretaker
CT_69 Thu Day Caretaker
CT_69 Fri Day Caretaker
CT_70 Mon Night Caretaker
CT_70 Tue Night Caretaker
CT_70 Wed Night Caretaker
CT_70 Thu Night Caretaker
CT_71 Mon Late Caretaker
CT_71 Tue Late Caretaker
CT_72 Mon Day Caretaker
CT_72 Tue Day Caretaker
CT_72 Wed Late Caretaker
CT_72 Thu Late Caretaker
CT_73 Thu Early Caretaker
CT_73 Fri Early Caretaker
CT_73 Sat Day Caretaker
CT_73 Sun Day Caretaker
CT_74 Thu Early Caretaker
CT_74 Fri Early Caretaker
CT_74 Sat Late Caretaker
CT_74 Sun Late Caretaker
CT_75 Wed Early Caretaker
CT_75 Thu Early Caretaker
CT_75 Fri Early Caretaker
CT_76 Fri Day Caretaker
CT_76 Sat Day Caretaker
CT_76 Sun Early Caretaker
CT_77 Mon Late Caretaker
CT_78 Mon Early Caretaker
CT_79 Thu Night Caretaker
CT_79 Fri Night Caretaker
CT_79 Sat Night Caretaker
CT_79 Sun Night Caretaker
CT_80 Mon Night Caretaker
CT_80 Tue Night Caretaker
CT_80 Wed Night Caretaker
CT_80 Thu Night Caretaker
CT_80 Fri Night Caretaker
CT_81 Tue Early Caretaker
CT_81 Wed Early Caretaker
CT_81 Thu Early Caretaker
CT_81 Fri Early Caretaker
CT_82 Mon Night Caretaker
CT_82 Tue Night Caretaker
CT_82 Wed Night Caretaker
CT_82 Thu Night Caretaker
CT_82 Fri Night Caretaker
CT_83 Mon Late Caretaker
CT_83 Tue Late Caretaker
CT_83 Wed Late Caretaker
CT_83 Thu Late Caretaker
CT_83 Fri Late Caretaker
CT_84 Mon Day Caretaker
CT_84 Tue Day Caretaker
CT_84 Wed Day Caretaker
CT_84 Thu Early Caretaker
CT_84 Fri Early Caretaker
CT_85 Mon Night Caretaker
CT_85 Tue Night Caretaker
CT_85 Wed Night Caretaker
CT_85 Thu Night Caretaker
CT_86 Mon Night Caretaker
CT_86 Tue Night Caretaker
CT_86 Wed Night Caretaker
CT_86 Thu Night Caretaker
CT_86 Fri Night Caretaker
CT_87 Mon Day Caretaker
CT_87 Tue Day Caretaker
CT_88 Mon Day Caretaker
CT_89 Thu Night Caretaker
CT_89 Fri Night Caretaker
CT_89 Sat Night Caretaker
CT_89 Sun Night Caretaker
TR_90 Mon Night Trainee
TR_90 Tue Night Trainee
TR_90 Wed Night Trainee
TR_90 Thu Night Trainee
TR_91 Wed Day Trainee
TR_91 Thu Day Trainee
TR_91 Fri Day Trainee
TR_92 Thu Late Trainee
TR_92 Fri Late Trainee
TR_92 Sat Late Trainee
TR_92 Sun Late Trainee
TR_93 Mon Day Trainee
TR_93 Tue Day Trainee
TR_93 Wed Night Trainee
TR_93 Thu Night Trainee
TR_93 Fri Night Trainee
TR_93 Sat Night Trainee
TR_93 Sun Night Trainee
TR_94 Mon Early Trainee
TR_94 Tue Early Trainee
TR_94 Wed Early Trainee
TR_94 Sat Day Trainee
TR_94 Sun Day Trainee
TR_95 Fri Late Trainee
TR_95 Sat Late Trainee
TR_95 Sun Night Trainee
TR_96 Mon Night Trainee
TR_96 Fri Day Trainee
TR_96 Sat Day Trainee
TR_96 Sun Day Trainee
TR_97 Tue Day Trainee
TR_97 Wed Day Trainee
TR_97 Thu Early Trainee
TR_97 Fri Early Trainee
TR_98 Mon Early Trainee
TR_98 Tue Early Trainee
TR_98 Wed Day Trainee
TR_98 Thu Day Trainee
TR_98 Fri Day Trainee
TR_99 Mon Night Trainee
TR_99 Fri Day Trainee
TR_99 Sat Day Trainee
TR_99 Sun Day Trainee
TR_100 Mon Early Trainee
TR_100 Tue Early Trainee
TR_100 Wed Early Trainee
TR_100 Sat Night Trainee
TR_100 Sun Night Trainee
TR_101 Mon Early Trainee
TR_101 Tue Early Trainee
TR_102 Wed Early Trainee
TR_102 Thu Early Trainee
TR_102 Fri Early Trainee
TR_104 Mon Late Trainee
TR_104 Tue Late Trainee
TR_104 Wed Late Trainee
TR_105 Mon Late Trainee
TR_105 Tue Late Trainee
TR_105 Wed Late Trainee
TR_105 Sat Early Trainee
TR_105 Sun Early Trainee
TR_106 Mon Day Trainee
TR_106 Tue Day Trainee
TR_106 Wed Day Trainee
TR_106 Thu Day Trainee
TR_106 Fri Day Trainee
TR_107 Tue Late Trainee
TR_107 Wed Late Trainee
TR_107 Thu Late Trainee
TR_107 Fri Late Trainee
TR_108 Mon Late Trainee
TR_108 Tue Late Trainee
TR_108 Wed Late Trainee
TR_108 Sat Early Trainee
TR_108 Sun Early Trainee
TR_109 Mon Early Trainee
TR_109 Tue Early Trainee
TR_109 Wed Night Trainee
TR_109 Thu Night Trainee
TR_109 Fri Night Trainee
TR_110 Mon Night Trainee
TR_110 Tue Night Trainee
TR_110 Wed Night Trainee
TR_110 Thu Night Trainee
TR_110 Fri Night Trainee
TR_111 Mon Day Trainee
TR_111 Tue Day Trainee
TR_111 Wed Day Trainee
TR_111 Thu Early Trainee
TR_111 Fri Early Trainee
TR_112 Mon Night Trainee
TR_112 Tue Night Trainee
TR_112 Wed Night Trainee
TR_113 Mon Night Trainee
TR_113 Tue Night Trainee
TR_113 Wed Night Trainee
TR_113 Thu Night Trainee
TR_113 Fri Night Trainee
TR_114 Wed Early Trainee
TR_114 Thu Early Trainee
TR_114 Fri Early Trainee
TR_115 Mon Day Trainee
TR_115 Tue Day Trainee
TR_115 Wed Day Trainee
TR_115 Thu Day Trainee
TR_115 Fri Day Trainee
TR_116 Wed Early Trainee
TR_116 Thu Early Trainee
TR_116 Fri Early Trainee
TR_117 Tue Late Trainee
TR_117 Wed Late Trainee
TR_117 Thu Late Trainee
TR_117 Fri Late Trainee
TR_118 Mon Day Trainee
TR_118 Tue Day Trainee
TR_118 Wed Night Trainee
TR_118 Thu Night Trainee
TR_118 Fri Night Trainee
TR_119 Wed Late Trainee
TR_119 Thu Late Trainee
TR_119 Fri Late Trainee
TR_119 Sat Late Trainee
TR_119 Sun Late Trainee
