SOLUTION
3 n070w8

ASSIGNMENTS = 249
HN_0 Mon Late Nurse
HN_0 Tue Late HeadNurse
HN_0 Sat Early HeadNurse
HN_0 Sun Early Nurse
HN_1 Mon Early Nurse
HN_1 Tue Early HeadNurse
HN_1 Fri Day HeadNurse
HN_1 Sat Day HeadNurse
HN_1 Sun Day HeadNurse
HN_2 Mon Night HeadNurse
HN_2 Tue Night HeadNurse
HN_3 Wed Late Nurse
HN_3 Thu Late Nurse
HN_3 Fri Late HeadNurse
HN_4 Tue Night Nurse
HN_4 Wed Night HeadNurse
HN_4 Thu Night HeadNurse
HN_4 Fri Night Nurse
HN_5 Fri Night Nurse
HN_5 Sat Night HeadNurse
HN_5 Sun Night Nurse
HN_6 Tue Early Nurse
HN_6 Wed Early HeadNurse
HN_6 Thu Early HeadNurse
HN_6 Fri Early HeadNurse
HN_7 Thu Late Nurse
HN_7 Fri Late Nurse
HN_7 Sat Late HeadNurse
HN_7 Sun Late Nurse
NU_8 Mon Early Nurse
NU_8 Tue Early Nurse
NU_8 Wed Late Nurse
NU_8 Thu Late Caretaker
NU_8 Fri Late Nurse
NU_9 Tue Late Nurse
NU_9 Wed Late Nurse
NU_9 Thu Late Caretaker
NU_9 Fri Late Nurse
NU_10 Wed Early Nurse
NU_10 Thu Early Nurse
NU_10 Fri Early Nurse
NU_11 Mon Late Nurse
NU_11 Tue Late Nurse
NU_12 Mon Early Nurse
NU_12 Tue Early Nurse
NU_12 Wed Early Nurse
NU_13 Tue Night Nurse
NU_13 Wed Night Nurse
NU_13 Thu Night Nurse
NU_13 Fri Night Nurse
NU_14 Wed Day Nurse
NU_14 Thu Day Nurse
NU_14 Fri Day Nurse
NU_15 Mon Late Nurse
NU_15 Tue Late Nurse
NU_16 Mon Late Nurse
NU_16 Sat Night Nurse
NU_16 Sun Night Nurse
NU_17 Mon Early Caretaker
NU_17 Tue Early Caretaker
NU_18 Mon Day Nurse
NU_18 Tue Day Nurse
NU_18 Wed Day Nurse
NU_18 Thu Early Nurse
NU_18 Fri Early Nurse
NU_19 Mon Late Caretaker
NU_19 Tue Late Caretaker
NU_19 Wed Late Caretaker
NU_19 Thu Late Caretaker
NU_19 Fri Late Nurse
NU_20 Mon Early Caretaker
NU_20 Tue Early Caretaker
NU_21 Mon Day Nurse
NU_21 Sat Late Nurse
NU_21 Sun Late Nurse
NU_22 Wed Early Caretaker
NU_22 Thu Early Nurse
NU_22 Fri Early Caretaker
NU_23 Fri Day Nurse
NU_23 Sat Day Nurse
NU_23 Sun Day Nurse
NU_24 Fri Late Caretaker
NU_24 Sat Late Nurse
NU_24 Sun Late Caretaker
NU_25 Mon Late Caretaker
NU_25 Tue Late Caretaker
NU_25 Wed Late Caretaker
NU_25 Thu Late Caretaker
NU_25 Fri Late Caretaker
NU_26 Mon Day Nurse
NU_26 Tue Day Nurse
NU_27 Tue Night Nurse
NU_27 Wed Night Nurse
NU_27 Thu Night Nurse
NU_27 Fri Night Caretaker
NU_28 Mon Night Nurse
NU_28 Tue Night Caretaker
NU_29 Wed Day Nurse
NU_29 Thu Day Nurse
NU_29 Fri Day Caretaker
NU_30 Fri Night Caretaker
NU_30 Sat Night Nurse
NU_30 Sun Night Caretaker
NU_31 Mon Night Nurse
NU_31 Tue Night Caretaker
NU_31 Wed Night Nurse
NU_32 Wed Day Caretaker
NU_32 Thu Day Nurse
NU_32 Fri Day Caretaker
NU_33 Wed Night Nurse
NU_33 Thu Night Caretaker
NU_33 Fri Night Caretaker
NU_33 Sat Night Caretaker
NU_33 Sun Night Caretaker
NU_34 Mon Night Caretaker
NU_34 Tue Night Caretaker
NU_34 Wed Night Caretaker
NU_34 Thu Night Caretaker
NU_34 Fri Night Caretaker
NU_35 Sat Early Nurse
NU_35 Sun Early Caretaker
NU_36 Wed Day Caretaker
NU_36 Thu Day Caretaker
NU_36 Fri Day Caretaker
NU_37 Mon Early Caretaker
NU_37 Tue Early Caretaker
NU_37 Wed Day Caretaker
NU_37 Thu Day Caretaker
NU_37 Fri Day Caretaker
NU_38 Sat Late Caretaker
NU_38 Sun Late Caretaker
NU_39 Mon Late Caretaker
NU_39 Tue Late Caretaker
NU_39 Wed Late Caretaker
NU_39 Thu Late Caretaker
NU_39 Fri Late Caretaker
CT_40 Mon Early Caretaker
CT_40 Tue Early Caretaker
CT_40 Wed Early Caretaker
CT_40 Thu Early Caretaker
CT_40 Fri Early Caretaker
CT_41 Mon Late Caretaker
CT_41 Tue Late Caretaker
CT_42 Mon Day Caretaker
CT_42 Tue Day Caretaker
CT_42 Wed Day Caretaker
CT_42 Thu Day Caretaker
CT_42 Fri Day Caretaker
CT_43 Mon Early Caretaker
CT_43 Tue Early Caretaker
CT_43 Wed Early Caretaker
CT_43 Thu Day Caretaker
CT_43 Fri Day Caretaker
CT_44 Mon Night Caretaker
CT_44 Tue Night Caretaker
CT_44 Wed Night Caretaker
CT_44 Sat Early Caretaker
CT_44 Sun Early Caretaker
CT_45 Mon Day Caretaker
CT_45 Tue Day Caretaker
CT_45 Wed Day Caretaker
CT_46 Wed Early Caretaker
CT_46 Thu Early Caretaker
CT_46 Fri Day Caretaker
CT_46 Sat Day Caretaker
CT_46 Sun Day Caretaker
CT_47 Thu Early Caretaker
CT_47 Fri Early Caretaker
CT_47 Sat Early Caretaker
CT_47 Sun Early Caretaker
CT_48 Mon Day Caretaker
CT_48 Tue Day Caretaker
CT_49 Mon Early Caretaker
CT_50 Fri Late Caretaker
CT_50 Sat Late Caretaker
CT_50 Sun Late Caretaker
CT_51 Mon Night Caretaker
CT_51 Tue Night Caretaker
CT_51 Wed Night Caretaker
CT_51 Thu Night Caretaker
CT_52 Mon Day Caretaker
CT_52 Tue Day Caretaker
CT_52 Wed Early Caretaker
CT_52 Thu Early Caretaker
CT_52 Fri Early Caretaker
CT_53 Mon Late Caretaker
CT_53 Tue Late Caretaker
CT_53 Wed Late Caretaker
CT_54 Mon Night Caretaker
CT_54 Tue Night Caretaker
CT_54 Wed Night Caretaker
CT_54 Thu Night Caretaker
CT_54 Fri Night Caretaker
CT_55 Tue Day Caretaker
CT_55 Wed Day Caretaker
CT_55 Thu Day Caretaker
CT_56 Mon Late Caretaker
CT_56 Tue Late Caretaker
CT_56 Wed Late Caretaker
CT_56 Thu Late Caretaker
CT_56 Fri Late Caretaker
CT_57 Wed Late Caretaker
CT_57 Thu Late Caretaker
CT_57 Fri Late Caretaker
CT_58 Thu Early Caretaker
CT_58 Fri Early Caretaker
CT_58 Sat Day Caretaker
CT_58 Sun Day Caretaker
CT_59 Mon Night Caretaker
CT_59 Tue Night Caretaker
CT_59 Wed Night Caretaker
CT_59 Thu Night Caretaker
CT_59 Fri Night Caretaker
TR_60 Mon Night Trainee
TR_60 Tue Night Trainee
TR_60 Wed Night Trainee
TR_60 Thu Night Trainee
TR_61 Tue Late Trainee
TR_61 Wed Late Trainee
TR_61 Thu Late Trainee
TR_62 Mon Early Trainee
TR_62 Tue Early Trainee
TR_62 Wed Day Trainee
TR_62 Thu Day Trainee
TR_62 Fri Day Trainee
TR_63 Mon Day Trainee
TR_63 Tue Day Trainee
TR_63 Wed Late Trainee
TR_63 Thu Late Trainee
TR_63 Fri Late Trainee
TR_64 Tue Early Trainee
TR_64 Wed Early Trainee
TR_64 Thu Day Trainee
TR_64 Fri Day Trainee
TR_65 Mon Late Trainee
TR_65 Tue Late Trainee
TR_65 Wed Late Trainee
TR_66 Mon Late Trainee
TR_66 Thu Night Trainee
TR_66 Fri Night Trainee
TR_66 Sat Night Trainee
TR_66 Sun Night Trainee
TR_67 Mon Day Trainee
TR_68 Thu Early Trainee
TR_68 Fri Early Trainee
TR_68 Sat Late Trainee
TR_68 Sun Late Trainee
TR_69 Sat Day Trainee
TR_69 Sun Day Trainee
