SOLUTION
4 n070w8

ASSIGNMENTS = 248
HN_0 Mon Day HeadNurse
HN_0 Tue Day HeadNurse
HN_1 Wed Early HeadNurse
HN_1 Thu Early Nurse
HN_1 Fri Early Nurse
HN_2 Mon Early HeadNurse
HN_2 Tue Early Nurse
HN_2 Wed Early Nurse
HN_2 Thu Early Nurse
HN_3 Wed Day HeadNurse
HN_3 Thu Day Nurse
HN_3 Fri Day Nurse
HN_4 Fri Late Nurse
HN_4 Sat Late Nurse
HN_4 Sun Late HeadNurse
HN_5 Mon Night Nurse
HN_6 Thu Night HeadNurse
HN_6 Fri Night HeadNurse
HN_6 Sat Night HeadNurse
HN_6 Sun Night HeadNurse
HN_7 Thu Early Nurse
HN_7 Fri Early Nurse
HN_7 Sat Early HeadNurse
HN_7 Sun Early HeadNurse
NU_8 Mon Early Nurse
NU_8 Tue Early Nurse
NU_8 Wed Early Nurse
NU_8 Thu Early Caretaker
NU_8 Fri Early Nurse
NU_9 Wed Day Nurse
NU_9 Thu Day Nurse
NU_9 Fri Day Nurse
NU_10 Wed Day Nurse
NU_10 Thu Day Nurse
NU_10 Fri Day Nurse
NU_11 Mon Day Nurse
NU_11 Tue Day Nurse
NU_11 Wed Day Nurse
NU_12 Tue Late Nurse
NU_12 Wed Late Nurse
NU_12 Thu Late Nurse
NU_12 Fri Late Nurse
NU_13 Thu Late Nurse
NU_13 Fri Late Nurse
NU_13 Sat Late Nurse
NU_13 Sun Night Nurse
NU_14 Wed Late Nurse
NU_14 Thu Late Caretaker
NU_14 Fri Late Caretaker
NU_15 Mon Late Nurse
NU_15 Tue Late Nurse
NU_15 Wed Late Nurse
NU_15 Thu Late Caretaker
NU_15 Fri Late Caretaker
NU_16 Mon Night Nurse
NU_16 Tue Night Nurse
NU_17 Mon Day Nurse
NU_17 Tue Day Nurse
NU_17 Wed Day Caretaker
NU_17 Thu Day Caretaker
NU_17 Fri Day Caretaker
NU_18 Mon Night Nurse
NU_18 Tue Night Nurse
NU_18 Wed Night Nurse
NU_18 Thu Night Nurse
NU_18 Fri Night Nurse
NU_19 Mon Early Nurse
NU_19 Tue Early Nurse
NU_19 Wed Early Nurse
NU_19 Sat Late Caretaker
NU_19 Sun Late Nurse
NU_20 Mon Late Nurse
NU_20 Tue Late Caretaker
NU_20 Wed Late Nurse
NU_20 Thu Late Caretaker
NU_21 Mon Late Nurse
NU_21 Fri Day Caretaker
NU_21 Sat Day Nurse
NU_21 Sun Day Nurse
NU_22 Fri Night Nurse
NU_22 Sat Night Nurse
NU_22 Sun Night Caretaker
NU_23 Mon Day Nurse
NU_23 Tue Day Nurse
NU_24 Mon Late Caretaker
NU_25 Mon Early Caretaker
NU_25 Tue Early Caretaker
NU_25 Wed Early Caretaker
NU_25 Sat Late Caretaker
NU_25 Sun Late Caretaker
NU_26 Tue Night Nurse
NU_26 Wed Night Nurse
NU_26 Thu Night Nurse
NU_26 Fri Night Nurse
NU_27 Fri Day Caretaker
NU_27 Sat Day Caretaker
NU_27 Sun Day Caretaker
NU_28 Tue Early Caretaker
NU_28 Wed Early Caretaker
NU_28 Thu Early Caretaker
NU_28 Fri Early Caretaker
NU_29 Mon Late Caretaker
NU_29 Tue Late Caretaker
NU_29 Wed Late Caretaker
NU_30 Mon Night Caretaker
NU_31 Tue Early Caretaker
NU_31 Wed Early Caretaker
NU_31 Thu Early Caretaker
NU_32 Mon Night Caretaker
NU_32 Tue Night Caretaker
NU_32 Wed Night Caretaker
NU_32 Thu Night Caretaker
NU_32 Fri Night Nurse
NU_33 Sat Early Nurse
NU_33 Sun Early Nurse
NU_34 Thu Night Caretaker
NU_34 Fri Night Caretaker
NU_34 Sat Night Caretaker
NU_34 Sun Night Caretaker
NU_35 Mon Early Caretaker
NU_35 Sat Day Caretaker
NU_35 Sun Day Caretaker
NU_36 Wed Late Caretaker
NU_36 Thu Late Caretaker
NU_36 Fri Late Caretaker
NU_37 Mon Early Caretaker
NU_37 Tue Early Caretaker
NU_37 Wed Early Caretaker
NU_37 Sat Early Caretaker
NU_37 Sun Early Caretaker
NU_38 Mon Late Caretaker
NU_38 Tue Late Caretaker
NU_39 Mon Day Caretaker
NU_39 Tue Day Caretaker
NU_39 Wed Day Caretaker
NU_39 Thu Day Caretaker
NU_39 Fri Day Caretaker
CT_40 Mon Night Caretaker
CT_40 Tue Night Caretaker
CT_40 Wed Night Caretaker
CT_40 Thu Night Caretaker
CT_40 Fri Night Caretaker
CT_41 Mon Night Caretaker
CT_41 Tue Night Caretaker
CT_41 Wed Night Caretaker
CT_41 Thu Night Caretaker
CT_41 Fri Night Caretaker
CT_42 Fri Late Caretaker
CT_42 Sat Late Caretaker
CT_42 Sun Late Caretaker
CT_43 Mon Night Caretaker
CT_43 Tue Night Caretaker
CT_43 Wed Night Caretaker
CT_43 Thu Night Caretaker
CT_43 Fri Night Caretaker
CT_44 Mon Early Caretaker
CT_44 Thu Day Caretaker
CT_44 Fri Day Caretaker
CT_44 Sat Early Caretaker
CT_44 Sun Early Caretaker
CT_45 Tue Late Caretaker
CT_45 Wed Late Caretaker
CT_45 Thu Late Caretaker
CT_46 Wed Late Caretaker
CT_46 Thu Late Caretaker
CT_46 Fri Late Caretaker
CT_47 Mon Day Caretaker
CT_47 Tue Day Caretaker
CT_48 Tue Night Caretaker
CT_48 Wed Night Caretaker
CT_48 Thu Night Caretaker
CT_48 Fri Night Caretaker
CT_49 Mon Early Caretaker
CT_49 Tue Early Caretaker
CT_49 Wed Early Caretaker
CT_49 Thu Early Caretaker
CT_49 Fri Early Caretaker
CT_50 Mon Late Caretaker
CT_51 Mon Day Caretaker
CT_51 Tue Day Caretaker
CT_51 Wed Day Caretaker
CT_52 Fri Late Caretaker
CT_52 Sat Late Caretaker
CT_52 Sun Late Caretaker
CT_53 Mon Day Caretaker
CT_53 Tue Day Caretaker
CT_53 Wed Day Caretaker
CT_54 Mon Day Caretaker
CT_54 Tue Day Caretaker
CT_54 Wed Day Caretaker
CT_54 Thu Early Caretaker
CT_54 Fri Early Caretaker
CT_55 Wed Early Caretaker
CT_55 Thu Early Caretaker
CT_55 Fri Early Caretaker
CT_56 Mon Late Caretaker
CT_56 Tue Late Caretaker
CT_56 Wed Late Caretaker
CT_56 Sat Night Caretaker
CT_56 Sun Night Caretaker
CT_57 Wed Day Caretaker
CT_57 Thu Day Caretaker
CT_57 Fri Day Caretaker
CT_58 Mon Day Caretaker
CT_58 Tue Day Caretaker
CT_59 Thu Day Caretaker
CT_59 Fri Day Caretaker
CT_59 Sat Early Caretaker
CT_59 Sun Early Caretaker
TR_60 Thu Early Trainee
TR_60 Fri Early Trainee
TR_60 Sat Day Trainee
TR_60 Sun Day Trainee
TR_61 Tue Day Trainee
TR_61 Wed Day Trainee
TR_61 Thu Day Trainee
TR_62 Mon Early Trainee
TR_62 Tue Early Trainee
TR_62 Wed Early Trainee
TR_62 Fri Late Trainee
TR_62 Sat Late Trainee
TR_62 Sun Late Trainee
TR_63 Mon Night Trainee
TR_63 Tue Night Trainee
TR_63 Wed Night Trainee
TR_63 Thu Night Trainee
TR_63 Fri Night Trainee
TR_64 Mon Early Trainee
TR_64 Tue Early Trainee
TR_64 Wed Early Trainee
TR_64 Thu Early Trainee
TR_64 Sat Night Trainee
TR_64 Sun Night Trainee
TR_65 Tue Day Trainee
TR_65 Wed Day Trainee
TR_65 Thu Day Trainee
TR_65 Fri Day Trainee
TR_66 Wed Late Trainee
TR_66 Thu Late Trainee
TR_66 Fri Late Trainee
TR_67 Mon Early Trainee
TR_67 Tue Early Trainee
TR_67 Wed Day Trainee
TR_67 Thu Day Trainee
TR_68 Mon Late Trainee
TR_69 Mon Late Trainee
TR_69 Tue Late Trainee
TR_69 Wed Late Trainee
