SOLUTION
2 n070w4

ASSIGNMENTS = 279
HN_0 Mon Night HeadNurse
HN_1 Mon Night Nurse
HN_1 Tue Night Nurse
HN_1 Wed Night HeadNurse
HN_1 Thu Night HeadNurse
HN_1 Fri Night HeadNurse
HN_2 Mon Day HeadNurse
HN_2 Tue Day HeadNurse
HN_3 Thu Night Nurse
HN_3 Fri Night Nurse
HN_3 Sat Night Nurse
HN_3 Sun Night HeadNurse
HN_4 Thu Day HeadNurse
HN_4 Fri Day HeadNurse
HN_4 Sat Early HeadNurse
HN_4 Sun Early HeadNurse
HN_5 Mon Early Nurse
HN_5 Tue Early HeadNurse
HN_5 Wed Late Nurse
HN_5 Thu Late Nurse
HN_6 Mon Early Nurse
HN_6 Tue Early Nurse
HN_6 Sat Late HeadNurse
HN_6 Sun Late Nurse
HN_7 Mon Day Nurse
HN_7 Tue Day Nurse
HN_7 Wed Day HeadNurse
HN_7 Thu Early HeadNurse
HN_7 Fri Early Nurse
NU_8 Mon Late Nurse
NU_8 Fri Day Nurse
NU_8 Sat Day Nurse
NU_8 Sun Day Nurse
NU_9 Mon Early Nurse
NU_9 Tue Early Nurse
NU_9 Wed Late Nurse
NU_9 Thu Late Nurse
NU_9 Fri Late Nurse
NU_10 Mon Day Nurse
NU_10 Thu Day Nurse
NU_10 Fri Day Nurse
NU_10 Sat Late Nurse
NU_10 Sun Late Caretaker
NU_11 Mon Day Nurse
NU_11 Tue Day Nurse
NU_11 Wed Day Nurse
NU_11 Sat Night Nurse
NU_11 Sun Night Nurse
NU_12 Mon Late Nurse
NU_12 Fri Day Nurse
NU_12 Sat Day Nurse
NU_12 Sun Day Caretaker
NU_13 Mon Early Nurse
NU_13 Tue Early Nurse
NU_13 Wed Early Nurse
NU_13 Thu Early Nurse
NU_13 Fri Early Nurse
NU_14 Mon Early Caretaker
NU_14 Tue Early Caretaker
NU_14 Wed Early Nurse
NU_14 Thu Early Nurse
NU_15 Mon Day Caretaker
NU_15 Tue Day Nurse
NU_15 Wed Early Nurse
NU_15 Thu Early Nurse
NU_15 Fri Early Nurse
NU_16 Tue Night Nurse
NU_16 Wed Night Nurse
NU_16 Thu Night Nurse
NU_16 Fri Night Nurse
NU_17 Mon Late Nurse
NU_17 Tue Late Nurse
NU_18 Tue Day Nurse
NU_18 Wed Day Nurse
NU_18 Thu Day Nurse
NU_19 Mon Late Nurse
NU_19 Tue Late Nurse
NU_19 Fri Early Caretaker
NU_19 Sat Early Nurse
NU_19 Sun Early Nurse
NU_20 Mon Late Caretaker
NU_20 Tue Late Nurse
NU_20 Wed Late Nurse
NU_20 Sat Night Nurse
NU_20 Sun Night Nurse
NU_21 Mon Day Caretaker
NU_21 Tue Day Caretaker
NU_22 Mon Early Caretaker
NU_22 Tue Early Caretaker
NU_22 Wed Early Caretaker
NU_22 Thu Early Caretaker
NU_22 Fri Early Caretaker
NU_23 Thu Night Nurse
NU_23 Fri Night Nurse
NU_23 Sat Night Caretaker
NU_23 Sun Night Caretaker
NU_24 Thu Day Nurse
NU_24 Fri Day Nurse
NU_24 Sat Day Caretaker
NU_24 Sun Day Caretaker
NU_25 Wed Day Caretaker
NU_25 Thu Day Caretaker
NU_25 Fri Day Caretaker
NU_26 Mon Early Caretaker
NU_26 Tue Early Caretaker
NU_26 Wed Day Caretaker
NU_26 Thu Day Caretaker
NU_26 Fri Day Caretaker
NU_27 Mon Early Caretaker
NU_27 Tue Early Caretaker
NU_27 Wed Early Caretaker
NU_27 Thu Late Nurse
NU_27 Fri Late Nurse
NU_28 Thu Night Nurse
NU_28 Fri Night Caretaker
NU_28 Sat Night Caretaker
NU_28 Sun Night Caretaker
NU_29 Mon Late Caretaker
NU_29 Tue Late Caretaker
NU_29 Wed Night Nurse
NU_29 Thu Night Caretaker
NU_29 Fri Night Caretaker
NU_30 Mon Early Caretaker
NU_30 Tue Early Caretaker
NU_30 Wed Early Caretaker
NU_30 Thu Early Caretaker
NU_31 Mon Night Nurse
NU_31 Tue Night Nurse
NU_31 Wed Night Nurse
NU_31 Thu Night Caretaker
NU_31 Fri Night Caretaker
NU_32 Mon Night Nurse
NU_33 Wed Late Caretaker
NU_33 Thu Late Nurse
NU_33 Fri Late Nurse
NU_34 Mon Early Caretaker
NU_34 Tue Early Caretaker
NU_34 Wed Day Caretaker
NU_34 Thu Day Caretaker
NU_35 Mon Day Caretaker
NU_35 Tue Day Caretaker
NU_35 Wed Day Caretaker
NU_35 Thu Late Nurse
NU_35 Fri Late Caretaker
NU_36 Mon Late Caretaker
NU_36 Tue Late Caretaker
NU_37 Mon Day Caretaker
NU_37 Tue Day Caretaker
NU_37 Wed Late Caretaker
NU_37 Thu Late Caretaker
NU_37 Fri Late Caretaker
NU_38 Wed Early Caretaker
NU_38 Thu Early Caretaker
NU_38 Fri Day Caretaker
NU_38 Sat Day Caretaker
NU_38 Sun Early Caretaker
NU_39 Tue Day Caretaker
NU_39 Wed Day Caretaker
NU_39 Thu Early Caretaker
NU_39 Fri Early Caretaker
CT_40 Mon Late Caretaker
CT_40 Fri Early Caretaker
CT_40 Sat Early Caretaker
CT_40 Sun Early Caretaker
CT_41 Wed Early Caretaker
CT_41 Thu Early Caretaker
CT_41 Fri Day Caretaker
CT_41 Sat Day Caretaker
CT_41 Sun Day Caretaker
CT_42 Mon Night Caretaker
CT_42 Tue Night Caretaker
CT_42 Wed Night Caretaker
CT_42 Thu Night Caretaker
CT_42 Fri Night Caretaker
CT_43 Mon Night Caretaker
CT_44 Tue Day Caretaker
CT_44 Wed Day Caretaker
CT_44 Thu Day Caretaker
CT_44 Fri Day Caretaker
CT_45 Wed Late Caretaker
CT_45 Thu Late Caretaker
CT_45 Fri Late Caretaker
CT_46 Wed Late Caretaker
CT_46 Thu Late Caretaker
CT_46 Fri Late Caretaker
CT_47 Thu Day Caretaker
CT_47 Fri Day Caretaker
CT_47 Sat Late Caretaker
CT_47 Sun Late Caretaker
CT_48 Tue Night Caretaker
CT_48 Wed Night Caretaker
CT_48 Thu Night Caretaker
CT_48 Fri Night Caretaker
CT_49 Mon Late Caretaker
CT_49 Tue Late Caretaker
CT_49 Wed Late Caretaker
CT_49 Thu Late Caretaker
CT_49 Fri Late Caretaker
CT_50 Mon Night Caretaker
CT_51 Mon Late Caretaker
CT_51 Tue Late Caretaker
CT_51 Wed Late Caretaker
CT_51 Thu Late Caretaker
CT_52 Mon Night Caretaker
CT_52 Tue Night Caretaker
CT_52 Wed Night Caretaker
CT_52 Thu Night Caretaker
CT_52 Fri Night Caretaker
CT_53 Mon Late Caretaker
CT_53 Tue Late Caretaker
CT_53 Wed Late Caretaker
CT_53 Thu Late Caretaker
CT_53 Fri Late Caretaker
CT_54 Mon Night Caretaker
CT_54 Tue Night Caretaker
CT_54 Wed Night Caretaker
CT_54 Thu Night Caretaker
CT_54 Fri Night Caretaker
CT_55 Mon Day Caretaker
CT_55 Tue Day Caretaker
CT_55 Wed Early Caretaker
CT_55 Thu Early Caretaker
CT_55 Fri Early Caretaker
CT_56 Mon Early Caretaker
CT_56 Tue Early Caretaker
CT_56 Wed Early Caretaker
CT_56 Sat Late Caretaker
CT_56 Sun Late Caretaker
CT_57 Mon Night Caretaker
CT_57 Tue Night Caretaker
CT_57 Wed Night Caretaker
CT_57 Thu Night Caretaker
CT_58 Wed Day Caretaker
CT_58 Thu Day Caretaker
CT_58 Fri Day Caretaker
CT_58 Sat Early Caretaker
CT_58 Sun Early Caretaker
CT_59 Mon Day Caretaker
CT_59 Tue Day Caretaker
CT_59 Wed Late Caretaker
CT_59 Thu Late Caretaker
TR_60 Wed Night Trainee
TR_60 Thu Night Trainee
TR_60 Fri Night Trainee
TR_61 Mon Day Trainee
TR_61 Tue Day Trainee
TR_62 Mon Early Trainee
TR_62 Tue Early Trainee
TR_62 Wed Early Trainee
TR_62 Sat Late Trainee
TR_62 Sun Late Trainee
TR_63 Tue Day Trainee
TR_63 Wed Day Trainee
TR_63 Thu Day Trainee
TR_63 Fri Early Trainee
TR_64 Wed Late Trainee
TR_64 Thu Late Trainee
TR_64 Fri Late Trainee
TR_65 Mon Late Trainee
TR_65 Tue Late Trainee
TR_65 Wed Late Trainee
TR_65 Fri Early Trainee
TR_65 Sat Early Trainee
TR_65 Sun Late Trainee
TR_66 Mon Early Trainee
TR_66 Tue Early Trainee
TR_67 Thu Day Trainee
TR_67 Fri Day Trainee
TR_67 Sat Day Trainee
TR_67 Sun Early Trainee
TR_68 Mon Late Trainee
TR_68 Tue Late Trainee
TR_68 Wed Late Trainee
TR_68 Thu Late Trainee
TR_69 Mon Night Trainee
TR_69 Tue Night Trainee
TR_69 Wed Night Trainee
TR_69 Thu Night Trainee
TR_69 Fri Night Trainee
