SOLUTION
1 n070w4

ASSIGNMENTS = 275
HN_0 Tue Night Nurse
HN_0 Wed Night HeadNurse
HN_0 Thu Night Nurse
HN_0 Fri Night HeadNurse
HN_1 Mon Early Nurse
HN_1 Tue Early HeadNurse
HN_1 Wed Early HeadNurse
HN_1 Thu Early HeadNurse
HN_1 Fri Early HeadNurse
HN_2 Mon Day HeadNurse
HN_2 Tue Day Nurse
HN_2 Wed Day HeadNurse
HN_2 Sat Late HeadNurse
HN_2 Sun Late Nurse
HN_3 Sun Early HeadNurse
HN_4 Mon Day Nurse
HN_4 Tue Day Nurse
HN_4 Wed Late HeadNurse
HN_4 Thu Late Nurse
HN_4 Fri Late HeadNurse
HN_5 Thu Day Nurse
HN_5 Fri Day Nurse
HN_5 Sat Day Nurse
HN_5 Sun Day Nurse
HN_6 Mon Night Nurse
HN_6 Tue Night Nurse
HN_6 Wed Night Nurse
HN_7 Mon Late HeadNurse
HN_7 Tue Late Nurse
HN_7 Sat Night HeadNurse
HN_7 Sun Night Nurse
NU_8 Thu Day Nurse
NU_8 Fri Day Nurse
NU_8 Sat Early Nurse
NU_8 Sun Early Nurse
NU_9 Mon Late Nurse
NU_9 Tue Late Nurse
NU_9 Wed Late Nurse
NU_9 Thu Late Nurse
NU_9 Fri Late Nurse
NU_10 Mon Day Nurse
NU_10 Tue Day Nurse
NU_10 Wed Early Nurse
NU_10 Thu Early Nurse
NU_10 Fri Early Nurse
NU_11 Mon Early Nurse
NU_11 Tue Early Nurse
NU_11 Wed Early Nurse
NU_11 Thu Day Nurse
NU_11 Fri Day Nurse
NU_12 Mon Late Nurse
NU_12 Tue Late Nurse
NU_12 Wed Late Nurse
NU_12 Sat Day Caretaker
NU_12 Sun Day Caretaker
NU_13 Mon Night Nurse
NU_13 Tue Night Nurse
NU_13 Wed Night Nurse
NU_13 Thu Night Nurse
NU_13 Fri Night Nurse
NU_14 Tue Night Caretaker
NU_14 Wed Night Nurse
NU_14 Thu Night Caretaker
NU_14 Fri Night Nurse
NU_15 Mon Day Nurse
NU_15 Tue Day Nurse
NU_15 Wed Day Nurse
NU_15 Thu Day Nurse
NU_16 Tue Night Caretaker
NU_16 Wed Night Nurse
NU_16 Thu Night Caretaker
NU_16 Fri Night Nurse
NU_17 Mon Night Nurse
NU_18 Mon Late Nurse
NU_18 Tue Late Nurse
NU_18 Wed Late Nurse
NU_18 Sat Day Caretaker
NU_18 Sun Day Caretaker
NU_19 Mon Night Caretaker
NU_19 Tue Night Caretaker
NU_19 Wed Night Nurse
NU_19 Sat Night Nurse
NU_19 Sun Night Nurse
NU_20 Mon Night Caretaker
NU_20 Tue Night Caretaker
NU_20 Wed Night Caretaker
NU_20 Thu Night Caretaker
NU_20 Fri Night Nurse
NU_21 Mon Day Caretaker
NU_21 Tue Day Caretaker
NU_22 Wed Day Nurse
NU_22 Thu Day Caretaker
NU_22 Fri Day Caretaker
NU_23 Mon Early Nurse
NU_23 Tue Early Nurse
NU_23 Wed Late Nurse
NU_23 Thu Late Nurse
NU_23 Fri Late Nurse
NU_24 Sat Early Caretaker
NU_24 Sun Early Caretaker
NU_25 Mon Early Caretaker
NU_25 Tue Early Nurse
NU_25 Wed Day Nurse
NU_25 Thu Day Caretaker
NU_25 Fri Day Caretaker
NU_26 Mon Day Caretaker
NU_26 Tue Day Caretaker
NU_26 Wed Late Caretaker
NU_26 Thu Late Caretaker
NU_26 Fri Late Nurse
NU_27 Mon Day Caretaker
NU_27 Thu Late Caretaker
NU_27 Fri Late Nurse
NU_27 Sat Late Nurse
NU_27 Sun Late Nurse
NU_28 Wed Late Caretaker
NU_28 Thu Late Caretaker
NU_28 Fri Late Caretaker
NU_29 Thu Early Nurse
NU_29 Fri Early Nurse
NU_29 Sat Day Caretaker
NU_29 Sun Day Caretaker
NU_30 Mon Day Caretaker
NU_30 Tue Day Caretaker
NU_30 Wed Day Caretaker
NU_30 Thu Day Caretaker
NU_31 Mon Late Caretaker
NU_31 Tue Late Caretaker
NU_31 Wed Late Caretaker
NU_31 Thu Late Caretaker
NU_31 Fri Late Caretaker
NU_32 Mon Late Caretaker
NU_32 Tue Late Caretaker
NU_32 Wed Late Caretaker
NU_33 Wed Early Nurse
NU_33 Thu Early Nurse
NU_33 Fri Early Nurse
NU_34 Fri Night Caretaker
NU_34 Sat Night Nurse
NU_34 Sun Night Caretaker
NU_35 Mon Early Caretaker
NU_35 Tue Early Caretaker
NU_35 Wed Early Caretaker
NU_35 Thu Day Caretaker
NU_35 Fri Day Caretaker
NU_36 Mon Late Caretaker
NU_36 Tue Late Caretaker
NU_37 Wed Early Caretaker
NU_37 Thu Early Nurse
NU_37 Fri Early Caretaker
NU_38 Mon Night Caretaker
NU_39 Mon Late Caretaker
NU_39 Tue Late Caretaker
NU_39 Wed Late Caretaker
CT_40 Tue Night Caretaker
CT_40 Wed Night Caretaker
CT_40 Thu Night Caretaker
CT_40 Fri Night Caretaker
CT_41 Fri Night Caretaker
CT_41 Sat Night Caretaker
CT_41 Sun Night Caretaker
CT_42 Mon Late Caretaker
CT_42 Tue Late Caretaker
CT_42 Wed Late Caretaker
CT_42 Thu Late Caretaker
CT_42 Fri Late Caretaker
CT_43 Mon Night Caretaker
CT_43 Sun Day Caretaker
CT_44 Mon Day Caretaker
CT_44 Tue Day Caretaker
CT_44 Wed Early Caretaker
CT_44 Thu Early Caretaker
CT_44 Fri Early Caretaker
CT_45 Mon Early Caretaker
CT_45 Tue Early Caretaker
CT_45 Wed Late Caretaker
CT_45 Thu Late Caretaker
CT_45 Fri Late Caretaker
CT_46 Mon Night Caretaker
CT_46 Tue Night Caretaker
CT_46 Wed Night Caretaker
CT_46 Thu Night Caretaker
CT_46 Fri Night Caretaker
CT_47 Mon Early Caretaker
CT_47 Tue Early Caretaker
CT_47 Wed Day Caretaker
CT_47 Thu Day Caretaker
CT_48 Mon Early Caretaker
CT_48 Tue Early Caretaker
CT_48 Wed Early Caretaker
CT_48 Thu Early Caretaker
CT_49 Mon Day Caretaker
CT_49 Tue Day Caretaker
CT_49 Wed Day Caretaker
CT_49 Thu Early Caretaker
CT_49 Fri Early Caretaker
CT_50 Thu Day Caretaker
CT_50 Fri Day Caretaker
CT_50 Sat Day Caretaker
CT_50 Sun Early Caretaker
CT_51 Mon Late Caretaker
CT_51 Tue Late Caretaker
CT_52 Wed Early Caretaker
CT_52 Thu Early Caretaker
CT_52 Fri Early Caretaker
CT_53 Mon Early Caretaker
CT_53 Tue Early Caretaker
CT_53 Fri Late Caretaker
CT_53 Sat Late Caretaker
CT_53 Sun Late Caretaker
CT_54 Wed Early Caretaker
CT_54 Thu Early Caretaker
CT_54 Fri Early Caretaker
CT_55 Mon Night Caretaker
CT_55 Tue Night Caretaker
CT_55 Wed Night Caretaker
CT_55 Thu Night Caretaker
CT_55 Fri Night Caretaker
CT_56 Mon Day Caretaker
CT_56 Tue Day Caretaker
CT_56 Wed Day Caretaker
CT_56 Thu Early Caretaker
CT_56 Fri Early Caretaker
CT_57 Tue Night Caretaker
CT_57 Wed Night Caretaker
CT_57 Thu Night Caretaker
CT_57 Fri Night Caretaker
CT_58 Mon Early Caretaker
CT_58 Tue Early Caretaker
CT_58 Wed Day Caretaker
CT_58 Thu Day Caretaker
CT_59 Mon Day Caretaker
CT_59 Fri Late Caretaker
CT_59 Sat Late Caretaker
CT_59 Sun Late Caretaker
TR_60 Tue Early Trainee
TR_60 Wed Early Trainee
TR_60 Thu Day Trainee
TR_60 Fri Day Trainee
TR_61 Tue Late Trainee
TR_61 Wed Late Trainee
TR_61 Thu Late Trainee
TR_61 Fri Late Trainee
TR_62 Mon Day Trainee
TR_62 Tue Day Trainee
TR_62 Wed Day Trainee
TR_62 Thu Late Trainee
TR_62 Fri Late Trainee
TR_63 Thu Day Trainee
TR_63 Fri Day Trainee
TR_63 Sat Day Trainee
TR_63 Sun Late Trainee
TR_64 Tue Night Trainee
TR_64 Wed Night Trainee
TR_64 Thu Night Trainee
TR_64 Fri Night Trainee
TR_65 Mon Early Trainee
TR_65 Tue Early Trainee
TR_65 Wed Early Trainee
TR_65 Thu Early Trainee
TR_65 Fri Early Trainee
TR_66 Sat Early Trainee
TR_66 Sun Early Trainee
TR_67 Mon Late Trainee
TR_67 Tue Late Trainee
TR_68 Mon Night Trainee
TR_68 Tue Night Trainee
TR_68 Fri Night Trainee
TR_68 Sat Night Trainee
TR_68 Sun Night Trainee
TR_69 Mon Day Trainee
TR_69 Tue Day Trainee
TR_69 Wed Day Trainee
TR_69 Thu Early Trainee
TR_69 Fri Early Trainee
