SOLUTION
3 n070w4

ASSIGNMENTS = 278
HN_0 Mon Late HeadNurse
HN_0 Tue Late Nurse
HN_1 Mon Night Nurse
HN_1 Tue Night HeadNurse
HN_1 Wed Night HeadNurse
HN_1 Thu Night Nurse
HN_1 Fri Night Nurse
HN_2 Mon Early HeadNurse
HN_2 Fri Day HeadNurse
HN_2 Sat Day Nurse
HN_2 Sun Early HeadNurse
HN_3 Mon Early Nurse
HN_3 Tue Early Nurse
HN_3 Wed Late Nurse
HN_3 Thu Late HeadNurse
HN_4 Mon Day HeadNurse
HN_4 Tue Day HeadNurse
HN_4 Wed Day HeadNurse
HN_5 Tue Night Nurse
HN_5 Wed Night Nurse
HN_5 Thu Night Nurse
HN_5 Fri Night Nurse
HN_6 Mon Night Nurse
HN_6 Tue Night Nurse
HN_6 Wed Night Nurse
HN_7 Mon Late Nurse
HN_7 Thu Early Nurse
HN_7 Fri Early HeadNurse
HN_7 Sat Early HeadNurse
HN_7 Sun Late HeadNurse
NU_8 Wed Early Nurse
NU_8 Thu Early Nurse
NU_8 Fri Early Nurse
NU_9 Thu Late Nurse
NU_9 Fri Late Nurse
NU_9 Sat Late Nurse
NU_9 Sun Late Nurse
NU_10 Sat Early Nurse
NU_10 Sun Early Nurse
NU_11 Mon Day Nurse
NU_11 Tue Day Nurse
NU_11 Wed Day Nurse
NU_11 Thu Late Nurse
NU_11 Fri Late Nurse
NU_12 Mon Late Nurse
NU_12 Tue Late Nurse
NU_13 Mon Night Nurse
NU_14 Mon Night Caretaker
NU_14 Tue Night Nurse
NU_14 Wed Night Nurse
NU_14 Thu Night Nurse
NU_14 Fri Night Nurse
NU_15 Mon Night Caretaker
NU_15 Tue Night Caretaker
NU_16 Mon Day Nurse
NU_16 Tue Day Nurse
NU_17 Fri Day Nurse
NU_17 Sat Day Nurse
NU_17 Sun Day Nurse
NU_18 Tue Early Nurse
NU_18 Wed Early Nurse
NU_18 Thu Early Nurse
NU_18 Fri Early Nurse
NU_19 Mon Early Nurse
NU_19 Tue Early Nurse
NU_19 Wed Early Nurse
NU_19 Thu Early Nurse
NU_19 Fri Early Nurse
NU_20 Mon Day Nurse
NU_20 Tue Day Nurse
NU_20 Wed Late Nurse
NU_20 Thu Late Nurse
NU_20 Fri Late Nurse
NU_21 Mon Night Caretaker
NU_22 Mon Day Nurse
NU_22 Tue Day Nurse
NU_22 Wed Late Nurse
NU_22 Thu Late Nurse
NU_22 Fri Late Caretaker
NU_23 Mon Night Caretaker
NU_23 Tue Night Caretaker
NU_23 Wed Night Caretaker
NU_23 Thu Night Caretaker
NU_24 Tue Early Caretaker
NU_24 Wed Early Caretaker
NU_24 Thu Day Nurse
NU_24 Fri Day Nurse
NU_25 Mon Day Caretaker
NU_25 Tue Day Caretaker
NU_25 Wed Early Caretaker
NU_25 Thu Early Nurse
NU_25 Fri Early Caretaker
NU_26 Mon Day Caretaker
NU_26 Tue Day Caretaker
NU_26 Wed Late Nurse
NU_26 Thu Late Caretaker
NU_26 Fri Late Caretaker
NU_27 Mon Late Nurse
NU_27 Tue Late Nurse
NU_27 Wed Late Caretaker
NU_27 Thu Late Caretaker
NU_27 Fri Late Caretaker
NU_28 Mon Early Nurse
NU_28 Thu Early Caretaker
NU_28 Fri Early Caretaker
NU_28 Sat Early Nurse
NU_28 Sun Early Caretaker
NU_29 Mon Late Nurse
NU_29 Tue Late Caretaker
NU_29 Wed Late Caretaker
NU_30 Fri Day Nurse
NU_30 Sat Day Caretaker
NU_30 Sun Early Caretaker
NU_31 Mon Early Caretaker
NU_31 Tue Early Caretaker
NU_31 Wed Day Nurse
NU_31 Thu Day Nurse
NU_31 Fri Day Nurse
NU_32 Fri Night Caretaker
NU_32 Sat Night Nurse
NU_32 Sun Night Nurse
NU_33 Mon Night Caretaker
NU_33 Tue Night Caretaker
NU_33 Wed Night Caretaker
NU_33 Thu Night Caretaker
NU_33 Fri Night Caretaker
NU_34 Mon Early Caretaker
NU_34 Tue Early Caretaker
NU_34 Wed Day Nurse
NU_34 Thu Day Nurse
NU_34 Fri Day Caretaker
NU_35 Mon Night Caretaker
NU_35 Tue Night Caretaker
NU_35 Wed Night Caretaker
NU_36 Fri Late Caretaker
NU_36 Sat Late Caretaker
NU_36 Sun Late Caretaker
NU_37 Mon Late Caretaker
NU_37 Tue Late Caretaker
NU_37 Fri Day Caretaker
NU_37 Sat Day Caretaker
NU_37 Sun Day Caretaker
NU_38 Wed Day Caretaker
NU_38 Thu Day Caretaker
NU_38 Fri Day Caretaker
NU_39 Wed Night Caretaker
NU_39 Thu Night Caretaker
NU_39 Fri Night Caretaker
NU_39 Sat Night Nurse
NU_39 Sun Night Caretaker
CT_40 Mon Late Caretaker
CT_40 Tue Late Caretaker
CT_41 Tue Day Caretaker
CT_41 Wed Day Caretaker
CT_41 Thu Early Caretaker
CT_41 Fri Early Caretaker
CT_42 Mon Early Caretaker
CT_42 Tue Early Caretaker
CT_42 Wed Early Caretaker
CT_42 Thu Day Caretaker
CT_42 Fri Day Caretaker
CT_43 Mon Day Caretaker
CT_43 Tue Day Caretaker
CT_43 Wed Early Caretaker
CT_43 Thu Early Caretaker
CT_44 Mon Late Caretaker
CT_44 Tue Late Caretaker
CT_44 Wed Late Caretaker
CT_44 Sat Early Caretaker
CT_44 Sun Early Caretaker
CT_45 Mon Early Caretaker
CT_45 Tue Early Caretaker
CT_45 Wed Early Caretaker
CT_45 Thu Late Caretaker
CT_45 Fri Late Caretaker
CT_46 Mon Early Caretaker
CT_46 Tue Early Caretaker
CT_46 Wed Early Caretaker
CT_46 Thu Early Caretaker
CT_46 Fri Early Caretaker
CT_47 Mon Day Caretaker
CT_47 Tue Day Caretaker
CT_47 Wed Day Caretaker
CT_47 Thu Day Caretaker
CT_47 Fri Day Caretaker
CT_48 Mon Day Caretaker
CT_48 Tue Day Caretaker
CT_48 Wed Day Caretaker
CT_48 Thu Day Caretaker
CT_48 Fri Day Caretaker
CT_49 Mon Late Caretaker
CT_49 Thu Early Caretaker
CT_49 Fri Early Caretaker
CT_49 Sat Early Caretaker
CT_49 Sun Day Caretaker
CT_50 Mon Day Caretaker
CT_50 Tue Day Caretaker
CT_50 Wed Day Caretaker
CT_50 Thu Day Caretaker
CT_50 Fri Day Caretaker
CT_51 Wed Night Caretaker
CT_51 Thu Night Caretaker
CT_51 Fri Night Caretaker
CT_51 Sat Night Caretaker
CT_52 Mon Day Caretaker
CT_52 Fri Early Caretaker
CT_52 Sat Early Caretaker
CT_52 Sun Late Caretaker
CT_53 Mon Night Caretaker
CT_53 Tue Night Caretaker
CT_53 Wed Night Caretaker
CT_53 Thu Night Caretaker
CT_53 Fri Night Caretaker
CT_54 Mon Early Caretaker
CT_54 Tue Early Caretaker
CT_54 Wed Late Caretaker
CT_54 Thu Late Caretaker
CT_54 Fri Late Caretaker
CT_55 Mon Late Caretaker
CT_55 Tue Late Caretaker
CT_55 Wed Late Caretaker
CT_55 Thu Late Caretaker
CT_55 Fri Late Caretaker
CT_56 Wed Night Caretaker
CT_56 Thu Night Caretaker
CT_56 Fri Night Caretaker
CT_56 Sat Night Caretaker
CT_56 Sun Night Caretaker
CT_57 Wed Late Caretaker
CT_57 Thu Late Caretaker
CT_57 Fri Late Caretaker
CT_58 Mon Late Caretaker
CT_58 Tue Late Caretaker
CT_59 Mon Day Caretaker
CT_59 Tue Day Caretaker
CT_59 Wed Early Caretaker
CT_59 Thu Early Caretaker
TR_60 Mon Early Trainee
TR_60 Thu Early Trainee
TR_60 Fri Early Trainee
TR_60 Sat Early Trainee
TR_60 Sun Early Trainee
TR_61 Mon Early Trainee
TR_61 Tue Early Trainee
TR_62 Mon Late Trainee
TR_62 Tue Late Trainee
TR_62 Fri Day Trainee
TR_62 Sat Day Trainee
TR_62 Sun Night Trainee
TR_63 Mon Day Trainee
TR_63 Tue Late Trainee
TR_63 Wed Late Trainee
TR_63 Thu Late Trainee
TR_64 Wed Day Trainee
TR_64 Thu Day Trainee
TR_64 Fri Day Trainee
TR_65 Mon Early Trainee
TR_65 Tue Early Trainee
TR_65 Wed Night Trainee
TR_65 Thu Night Trainee
TR_65 Fri Night Trainee
TR_66 Mon Night Trainee
TR_66 Tue Night Trainee
TR_66 Wed Night Trainee
TR_66 Thu Night Trainee
TR_67 Thu Early Trainee
TR_67 Fri Early Trainee
TR_67 Sat Late Trainee
TR_67 Sun Late Trainee
TR_68 Tue Early Trainee
TR_68 Wed Early Trainee
TR_68 Thu Late Trainee
TR_68 Fri Late Trainee
TR_69 Mon Day Trainee
TR_69 Tue Day Trainee
TR_69 Wed Day Trainee
TR_69 Thu Day Trainee
TR_69 Fri Day Trainee
