SOLUTION
0 n070w4

ASSIGNMENTS = 286
HN_0 Mon Late HeadNurse
HN_0 Tue Late Nurse
HN_1 Mon Day Nurse
HN_1 Tue Day HeadNurse
HN_1 Fri Early HeadNurse
HN_1 Sat Early HeadNurse
HN_1 Sun Day HeadNurse
HN_2 Tue Day Nurse
HN_2 Wed Day Nurse
HN_2 Thu Day Nurse
HN_3 Thu Day Nurse
HN_3 Fri Day HeadNurse
HN_3 Sat Late HeadNurse
HN_3 Sun Late HeadNurse
HN_4 Mon Late Nurse
HN_4 Tue Late Nurse
HN_4 Fri Night HeadNurse
HN_4 Sat Night Nurse
HN_4 Sun Night HeadNurse
HN_5 Tue Late Nurse
HN_5 Wed Late HeadNurse
HN_5 Thu Late Nurse
HN_5 Fri Late HeadNurse
HN_6 Mon Early HeadNurse
HN_6 Tue Early HeadNurse
HN_6 Wed Early HeadNurse
HN_6 Thu Early Nurse
HN_6 Fri Early Nurse
HN_7 Mon Night Nurse
HN_7 Tue Night HeadNurse
HN_7 Wed Night Nurse
HN_7 Thu Night Nurse
NU_8 Mon Late Nurse
NU_8 Tue Late Caretaker
NU_8 Wed Late Nurse
NU_8 Thu Late Nurse
NU_8 Fri Late Nurse
NU_9 Mon Day Nurse
NU_9 Tue Day Nurse
NU_9 Wed Day Nurse
NU_9 Thu Day Nurse
NU_10 Mon Early Nurse
NU_10 Tue Early Nurse
NU_10 Wed Late Nurse
NU_10 Thu Late Nurse
NU_11 Mon Night Nurse
NU_11 Tue Night Nurse
NU_11 Fri Early Nurse
NU_11 Sat Early Nurse
NU_11 Sun Early Nurse
NU_12 Mon Early Nurse
NU_12 Tue Early Nurse
NU_12 Wed Late Nurse
NU_12 Thu Late Nurse
NU_13 Mon Night Nurse
NU_13 Tue Night Nurse
NU_14 Mon Night Nurse
NU_14 Tue Night Nurse
NU_14 Wed Night Nurse
NU_14 Thu Night Nurse
NU_15 Mon Day Nurse
NU_15 Tue Day Caretaker
NU_15 Wed Early Nurse
NU_15 Thu Early Nurse
NU_16 Mon Night Caretaker
NU_16 Tue Night Nurse
NU_16 Wed Night Nurse
NU_16 Thu Night Nurse
NU_16 Fri Night Nurse
NU_17 Fri Day Nurse
NU_17 Sat Day Nurse
NU_17 Sun Night Nurse
NU_18 Mon Day Caretaker
NU_18 Tue Day Caretaker
NU_18 Wed Early Nurse
NU_18 Thu Early Nurse
NU_19 Mon Early Nurse
NU_19 Tue Early Nurse
NU_20 Mon Early Nurse
NU_20 Tue Early Nurse
NU_20 Wed Late Caretaker
NU_20 Thu Late Caretaker
NU_20 Fri Late Nurse
NU_21 Fri Late Nurse
NU_21 Sat Late Nurse
NU_21 Sun Night Caretaker
NU_22 Mon Late Nurse
NU_22 Thu Day Caretaker
NU_22 Fri Day Nurse
NU_22 Sat Late Caretaker
NU_22 Sun Late Nurse
NU_23 Mon Night Caretaker
NU_23 Tue Night Caretaker
NU_23 Wed Night Caretaker
NU_23 Thu Night Nurse
NU_23 Fri Night Nurse
NU_24 Tue Day Caretaker
NU_24 Wed Day Nurse
NU_24 Thu Early Nurse
NU_24 Fri Early Nurse
NU_25 Mon Early Caretaker
NU_25 Tue Early Nurse
NU_25 Wed Late Caretaker
NU_25 Thu Late Caretaker
NU_25 Fri Late Caretaker
NU_26 Mon Early Caretaker
NU_26 Wed Late Caretaker
NU_26 Thu Late Caretaker
NU_26 Fri Late Caretaker
NU_27 Mon Late Nurse
NU_27 Tue Late Caretaker
NU_27 Fri Day Nurse
NU_27 Sat Day Nurse
NU_27 Sun Day Nurse
NU_28 Mon Day Caretaker
NU_28 Tue Day Caretaker
NU_28 Wed Early Nurse
NU_28 Thu Early Nurse
NU_29 Mon Night Caretaker
NU_29 Tue Night Caretaker
NU_29 Wed Night Caretaker
NU_29 Thu Night Caretaker
NU_29 Fri Night Caretaker
NU_30 Mon Early Caretaker
NU_30 Tue Early Caretaker
NU_30 Wed Day Caretaker
NU_30 Thu Day Caretaker
NU_31 Mon Early Caretaker
NU_31 Tue Early Caretaker
NU_31 Fri Day Nurse
NU_31 Sat Day Caretaker
NU_31 Sun Day Caretaker
NU_32 Fri Early Nurse
NU_32 Sat Early Caretaker
NU_32 Sun Early Caretaker
NU_33 Mon Late Caretaker
NU_33 Thu Early Caretaker
NU_33 Fri Early Caretaker
NU_33 Sat Day Caretaker
NU_33 Sun Day Caretaker
NU_34 Mon Early Caretaker
NU_34 Tue Early Caretaker
NU_34 Wed Early Caretaker
NU_34 Thu Early Caretaker
NU_35 Wed Day Caretaker
NU_35 Thu Day Caretaker
NU_35 Fri Day Caretaker
NU_36 Fri Early Caretaker
NU_36 Sat Early Caretaker
NU_36 Sun Late Caretaker
NU_37 Mon Night Caretaker
NU_37 Tue Night Caretaker
NU_38 Fri Night Caretaker
NU_38 Sat Night Caretaker
NU_38 Sun Night Caretaker
NU_39 Mon Late Caretaker
NU_39 Tue Late Caretaker
CT_40 Mon Day Caretaker
CT_40 Tue Day Caretaker
CT_40 Wed Day Caretaker
CT_40 Thu Day Caretaker
CT_40 Fri Day Caretaker
CT_41 Tue Day Caretaker
CT_41 Wed Day Caretaker
CT_41 Thu Early Caretaker
CT_41 Fri Early Caretaker
CT_42 Mon Late Caretaker
CT_42 Thu Day Caretaker
CT_42 Fri Day Caretaker
CT_42 Sat Day Caretaker
CT_42 Sun Day Caretaker
CT_43 Thu Early Caretaker
CT_43 Fri Early Caretaker
CT_43 Sat Late Caretaker
CT_43 Sun Late Caretaker
CT_44 Mon Late Caretaker
CT_44 Tue Late Caretaker
CT_44 Wed Late Caretaker
CT_44 Thu Late Caretaker
CT_44 Fri Late Caretaker
CT_45 Mon Late Caretaker
CT_45 Tue Late Caretaker
CT_45 Wed Late Caretaker
CT_45 Thu Late Caretaker
CT_45 Fri Late Caretaker
CT_46 Mon Night Caretaker
CT_46 Tue Night Caretaker
CT_46 Wed Night Caretaker
CT_46 Thu Night Caretaker
CT_46 Fri Night Caretaker
CT_47 Mon Night Caretaker
CT_47 Tue Night Caretaker
CT_47 Wed Night Caretaker
CT_47 Thu Night Caretaker
CT_47 Fri Night Caretaker
CT_48 Mon Night Caretaker
CT_48 Tue Night Caretaker
CT_48 Wed Night Caretaker
CT_49 Wed Early Caretaker
CT_49 Thu Early Caretaker
CT_49 Fri Early Caretaker
CT_50 Mon Day Caretaker
CT_50 Tue Day Caretaker
CT_50 Wed Early Caretaker
CT_50 Thu Early Caretaker
CT_51 Fri Night Caretaker
CT_51 Sat Night Caretaker
CT_51 Sun Night Caretaker
CT_52 Tue Early Caretaker
CT_52 Wed Early Caretaker
CT_52 Thu Early Caretaker
CT_52 Fri Early Caretaker
CT_53 Mon Early Caretaker
CT_53 Tue Early Caretaker
CT_53 Wed Day Caretaker
CT_53 Thu Day Caretaker
CT_54 Tue Night Caretaker
CT_54 Wed Night Caretaker
CT_54 Thu Night Caretaker
CT_54 Fri Night Caretaker
CT_55 Mon Day Caretaker
CT_55 Tue Day Caretaker
CT_55 Wed Day Caretaker
CT_55 Thu Day Caretaker
CT_55 Fri Day Caretaker
CT_56 Mon Late Caretaker
CT_56 Tue Late Caretaker
CT_56 Wed Late Caretaker
CT_56 Thu Late Caretaker
CT_56 Fri Late Caretaker
CT_57 Mon Late Caretaker
CT_57 Tue Late Caretaker
CT_57 Wed Late Caretaker
CT_57 Thu Late Caretaker
CT_57 Fri Late Caretaker
CT_58 Mon Early Caretaker
CT_58 Tue Early Caretaker
CT_58 Wed Early Caretaker
CT_58 Thu Day Caretaker
CT_58 Fri Day Caretaker
CT_59 Mon Day Caretaker
CT_59 Fri Day Caretaker
CT_59 Sat Day Caretaker
CT_59 Sun Early Caretaker
TR_60 Mon Late Trainee
TR_60 Tue Late Trainee
TR_60 Wed Late Trainee
TR_60 Sat Night Trainee
TR_60 Sun Night Trainee
TR_61 Mon Day Trainee
TR_61 Tue Day Trainee
TR_62 Mon Night Trainee
TR_62 Tue Night Trainee
TR_62 Wed Night Trainee
TR_62 Thu Night Trainee
TR_62 Fri Night Trainee
TR_63 Tue Late Trainee
TR_63 Wed Late Trainee
TR_63 Thu Late Trainee
TR_63 Fri Late Trainee
TR_64 Wed Early Trainee
TR_64 Thu Early Trainee
TR_64 Fri Day Trainee
TR_64 Sat Day Trainee
TR_64 Sun Day Trainee
TR_65 Mon Early Trainee
TR_65 Tue Early Trainee
TR_65 Wed Night Trainee
TR_65 Thu Night Trainee
TR_65 Fri Night Trainee
TR_66 Wed Day Trainee
TR_66 Thu Day Trainee
TR_66 Fri Day Trainee
TR_66 Sat Day Trainee
TR_67 Fri Early Trainee
TR_67 Sat Early Trainee
TR_67 Sun Late Trainee
TR_68 Mon Late Trainee
TR_68 Tue Late Trainee
TR_68 Sat Late Trainee
TR_68 Sun Late Trainee
TR_69 Mon Early Trainee
TR_69 Tue Early Trainee
TR_69 Wed Early Trainee
TR_69 Thu Late Trainee
TR_69 Fri Late Trainee
