SOLUTION
1 n060w8

ASSIGNMENTS = 238
HN_0 Fri Early HeadNurse
HN_0 Sat Early HeadNurse
HN_0 Sun Late HeadNurse
HN_1 Mon Late Nurse
HN_1 Tue Late HeadNurse
HN_1 Wed Late HeadNurse
HN_1 Thu Late HeadNurse
HN_1 Fri Late Nurse
HN_2 Sat Early Nurse
HN_2 Sun Early HeadNurse
HN_3 Mon Day Nurse
HN_3 Tue Day HeadNurse
HN_3 Wed Day HeadNurse
HN_3 Thu Day Nurse
HN_3 Fri Day HeadNurse
HN_4 Mon Night HeadNurse
HN_4 Tue Night Nurse
HN_4 Wed Night HeadNurse
HN_4 Thu Night HeadNurse
HN_4 Fri Night Nurse
HN_5 Mon Early HeadNurse
HN_5 Tue Early Nurse
HN_5 Wed Early HeadNurse
HN_6 Mon Night Nurse
HN_6 Tue Night Nurse
HN_6 Sat Night HeadNurse
HN_6 Sun Night Nurse
NU_7 Mon Day Nurse
NU_7 Tue Day Nurse
NU_7 Fri Day Nurse
NU_7 Sat Day Nurse
NU_7 Sun Day Nurse
NU_8 Tue Day Nurse
NU_8 Wed Day Nurse
NU_8 Thu Late Nurse
NU_8 Fri Late Nurse
NU_9 Wed Night Nurse
NU_9 Thu Night Nurse
NU_9 Fri Night Nurse
NU_9 Sat Night Nurse
NU_9 Sun Night Caretaker
NU_10 Wed Early Nurse
NU_10 Thu Early Nurse
NU_10 Fri Early Nurse
NU_11 Sat Night Caretaker
NU_11 Sun Night Caretaker
NU_12 Mon Night Nurse
NU_12 Tue Night Nurse
NU_13 Thu Night Nurse
NU_13 Fri Night Caretaker
NU_13 Sat Night Caretaker
NU_13 Sun Night Caretaker
NU_14 Mon Early Nurse
NU_14 Tue Early Caretaker
NU_14 Wed Early Nurse
NU_14 Sat Late Nurse
NU_14 Sun Late Nurse
NU_15 Mon Night Caretaker
NU_15 Tue Night Caretaker
NU_15 Wed Night Nurse
NU_15 Thu Night Nurse
NU_15 Fri Night Caretaker
NU_16 Mon Day Caretaker
NU_16 Tue Late Nurse
NU_16 Wed Late Nurse
NU_17 Mon Early Nurse
NU_17 Tue Early Caretaker
NU_17 Wed Early Caretaker
NU_18 Mon Early Nurse
NU_18 Tue Early Caretaker
NU_18 Wed Early Caretaker
NU_18 Thu Early Nurse
NU_18 Fri Early Nurse
NU_19 Wed Day Nurse
NU_19 Thu Day Nurse
NU_19 Fri Day Nurse
NU_20 Mon Late Nurse
NU_20 Tue Late Caretaker
NU_20 Wed Late Nurse
NU_20 Sat Day Nurse
NU_20 Sun Day Nurse
NU_21 Mon Night Caretaker
NU_21 Tue Night Caretaker
NU_21 Wed Night Caretaker
NU_21 Thu Night Caretaker
NU_21 Fri Night Caretaker
NU_22 Thu Day Caretaker
NU_22 Fri Day Nurse
NU_22 Sat Day Caretaker
NU_22 Sun Day Caretaker
NU_23 Mon Late Nurse
NU_23 Thu Day Caretaker
NU_23 Fri Day Caretaker
NU_23 Sat Late Nurse
NU_23 Sun Late Nurse
NU_24 Mon Early Caretaker
NU_24 Tue Early Caretaker
NU_24 Wed Night Caretaker
NU_24 Thu Night Caretaker
NU_24 Fri Night Caretaker
NU_25 Mon Late Caretaker
NU_25 Tue Late Caretaker
NU_25 Fri Late Caretaker
NU_25 Sat Late Caretaker
NU_25 Sun Late Caretaker
NU_26 Wed Day Caretaker
NU_26 Thu Day Caretaker
NU_26 Fri Day Caretaker
NU_27 Wed Late Caretaker
NU_27 Thu Late Nurse
NU_27 Fri Late Caretaker
NU_28 Tue Day Caretaker
NU_28 Wed Day Caretaker
NU_28 Thu Late Caretaker
NU_28 Fri Late Caretaker
NU_29 Sat Early Nurse
NU_29 Sun Early Nurse
CT_30 Mon Early Caretaker
CT_30 Tue Early Caretaker
CT_30 Wed Early Caretaker
CT_31 Tue Late Caretaker
CT_31 Wed Late Caretaker
CT_31 Thu Late Caretaker
CT_32 Mon Day Caretaker
CT_32 Tue Day Caretaker
CT_32 Wed Day Caretaker
CT_32 Thu Day Caretaker
CT_32 Fri Day Caretaker
CT_33 Mon Late Caretaker
CT_33 Tue Late Caretaker
CT_33 Wed Late Caretaker
CT_33 Thu Late Caretaker
CT_33 Fri Late Caretaker
CT_34 Mon Night Caretaker
CT_34 Tue Night Caretaker
CT_34 Wed Night Caretaker
CT_34 Thu Night Caretaker
CT_34 Fri Night Caretaker
CT_35 Mon Night Caretaker
CT_35 Thu Day Caretaker
CT_35 Fri Day Caretaker
CT_35 Sat Early Caretaker
CT_35 Sun Early Caretaker
CT_36 Wed Early Caretaker
CT_36 Thu Early Caretaker
CT_36 Fri Early Caretaker
CT_37 Mon Late Caretaker
CT_37 Tue Late Caretaker
CT_37 Wed Late Caretaker
CT_37 Thu Late Caretaker
CT_37 Fri Late Caretaker
CT_38 Mon Late Caretaker
CT_38 Thu Early Caretaker
CT_38 Fri Early Caretaker
CT_38 Sat Late Caretaker
CT_38 Sun Late Caretaker
CT_39 Mon Day Caretaker
CT_39 Tue Day Caretaker
CT_39 Wed Early Caretaker
CT_39 Thu Early Caretaker
CT_39 Fri Early Caretaker
CT_40 Wed Day Caretaker
CT_40 Thu Day Caretaker
CT_40 Fri Day Caretaker
CT_41 Mon Early Caretaker
CT_41 Tue Early Caretaker
CT_41 Wed Late Caretaker
CT_41 Thu Late Caretaker
CT_42 Mon Night Caretaker
CT_42 Tue Night Caretaker
CT_42 Wed Night Caretaker
CT_42 Thu Night Caretaker
CT_42 Fri Night Caretaker
CT_43 Mon Night Caretaker
CT_43 Tue Night Caretaker
CT_44 Wed Early Caretaker
CT_44 Thu Early Caretaker
CT_44 Fri Early Caretaker
CT_45 Tue Night Caretaker
CT_45 Wed Night Caretaker
CT_45 Thu Night Caretaker
CT_45 Fri Night Caretaker
CT_46 Fri Early Caretaker
CT_46 Sat Early Caretaker
CT_46 Sun Late Caretaker
CT_47 Mon Early Caretaker
CT_47 Tue Early Caretaker
CT_47 Fri Day Caretaker
CT_47 Sat Day Caretaker
CT_47 Sun Day Caretaker
CT_48 Mon Day Caretaker
CT_48 Tue Day Caretaker
CT_48 Wed Day Caretaker
CT_49 Mon Day Caretaker
CT_49 Tue Day Caretaker
CT_49 Wed Day Caretaker
TR_50 Wed Early Trainee
TR_50 Thu Early Trainee
TR_50 Fri Early Trainee
TR_51 Wed Day Trainee
TR_51 Thu Day Trainee
TR_51 Fri Day Trainee
TR_52 Mon Night Trainee
TR_52 Tue Night Trainee
TR_52 Wed Night Trainee
TR_52 Sat Night Trainee
TR_52 Sun Night Trainee
TR_53 Wed Day Trainee
TR_53 Thu Day Trainee
TR_53 Fri Day Trainee
TR_53 Sat Day Trainee
TR_53 Sun Day Trainee
TR_54 Mon Late Trainee
TR_54 Tue Late Trainee
TR_54 Wed Late Trainee
TR_55 Mon Day Trainee
TR_55 Thu Late Trainee
TR_55 Fri Late Trainee
TR_55 Sat Late Trainee
TR_55 Sun Late Trainee
TR_56 Mon Early Trainee
TR_56 Tue Early Trainee
TR_56 Wed Early Trainee
TR_57 Mon Day Trainee
TR_57 Tue Day Trainee
TR_57 Wed Late Trainee
TR_57 Thu Late Trainee
TR_57 Fri Late Trainee
TR_58 Mon Night Trainee
TR_58 Tue Night Trainee
TR_58 Wed Night Trainee
TR_58 Thu Night Trainee
TR_58 Fri Night Trainee
TR_59 Mon Early Trainee
TR_59 Thu Early Trainee
TR_59 Fri Early Trainee
TR_59 Sat Early Trainee
TR_59 Sun Early Trainee
