SOLUTION
4 n060w8

ASSIGNMENTS = 239
HN_0 Mon Late HeadNurse
HN_0 Tue Late Nurse
HN_1 Mon Day Nurse
HN_1 Tue Day HeadNurse
HN_1 Wed Day Nurse
HN_1 Sat Early Nurse
HN_1 Sun Early HeadNurse
HN_2 Mon Night Nurse
HN_2 Tue Night HeadNurse
HN_2 Wed Night HeadNurse
HN_2 Thu Night Nurse
HN_3 Mon Late Nurse
HN_3 Tue Late Nurse
HN_3 Fri Day HeadNurse
HN_3 Sat Day Nurse
HN_3 Sun Day HeadNurse
HN_4 Mon Early HeadNurse
HN_4 Tue Early Nurse
HN_4 Wed Early HeadNurse
HN_4 Sat Night HeadNurse
HN_4 Sun Night HeadNurse
HN_5 Wed Late HeadNurse
HN_5 Thu Late HeadNurse
HN_5 Fri Late Nurse
HN_6 Mon Early Nurse
HN_6 Fri Late Nurse
HN_6 Sat Late HeadNurse
HN_6 Sun Late HeadNurse
NU_7 Mon Day Nurse
NU_7 Tue Day Nurse
NU_7 Wed Day Nurse
NU_7 Thu Late Nurse
NU_7 Fri Late Caretaker
NU_8 Mon Night Nurse
NU_8 Thu Day Nurse
NU_8 Fri Day Nurse
NU_8 Sat Day Caretaker
NU_8 Sun Day Nurse
NU_9 Mon Night Nurse
NU_9 Tue Night Nurse
NU_9 Wed Night Nurse
NU_9 Thu Night Nurse
NU_9 Fri Night Nurse
NU_10 Sat Late Nurse
NU_10 Sun Late Nurse
NU_11 Tue Night Nurse
NU_11 Wed Night Nurse
NU_11 Thu Night Nurse
NU_11 Fri Night Nurse
NU_12 Wed Early Nurse
NU_12 Thu Early Nurse
NU_12 Fri Early Nurse
NU_13 Mon Late Nurse
NU_13 Tue Late Caretaker
NU_13 Wed Late Nurse
NU_14 Mon Late Caretaker
NU_14 Tue Late Caretaker
NU_15 Mon Late Caretaker
NU_15 Tue Late Caretaker
NU_15 Wed Late Nurse
NU_15 Thu Late Nurse
NU_15 Fri Late Caretaker
NU_16 Mon Day Nurse
NU_16 Tue Day Caretaker
NU_16 Wed Day Caretaker
NU_16 Thu Late Nurse
NU_16 Fri Late Caretaker
NU_17 Mon Day Caretaker
NU_17 Thu Night Caretaker
NU_17 Fri Night Nurse
NU_17 Sat Night Nurse
NU_17 Sun Night Nurse
NU_18 Mon Day Caretaker
NU_18 Tue Day Caretaker
NU_18 Wed Day Caretaker
NU_18 Sat Early Nurse
NU_18 Sun Early Nurse
NU_19 Thu Early Nurse
NU_19 Fri Early Nurse
NU_19 Sat Late Caretaker
NU_19 Sun Late Caretaker
NU_20 Wed Day Caretaker
NU_20 Thu Day Nurse
NU_20 Fri Day Nurse
NU_21 Mon Night Caretaker
NU_21 Tue Night Nurse
NU_21 Fri Night Caretaker
NU_21 Sat Night Caretaker
NU_21 Sun Night Caretaker
NU_22 Mon Early Nurse
NU_22 Tue Early Nurse
NU_22 Wed Early Nurse
NU_23 Wed Late Caretaker
NU_23 Thu Late Caretaker
NU_23 Fri Late Caretaker
NU_24 Mon Night Caretaker
NU_24 Tue Night Caretaker
NU_24 Wed Night Caretaker
NU_24 Thu Night Caretaker
NU_24 Fri Night Caretaker
NU_25 Wed Early Caretaker
NU_25 Thu Early Caretaker
NU_25 Fri Early Nurse
NU_26 Mon Day Caretaker
NU_26 Tue Day Caretaker
NU_27 Mon Night Caretaker
NU_27 Tue Night Caretaker
NU_27 Wed Night Caretaker
NU_27 Thu Night Caretaker
NU_28 Mon Early Caretaker
NU_28 Thu Day Nurse
NU_28 Fri Day Caretaker
NU_28 Sat Day Caretaker
NU_28 Sun Day Caretaker
NU_29 Tue Late Caretaker
NU_29 Wed Late Caretaker
NU_29 Thu Late Caretaker
CT_30 Sat Night Caretaker
CT_30 Sun Night Caretaker
CT_31 Wed Day Caretaker
CT_31 Thu Day Caretaker
CT_31 Fri Day Caretaker
CT_32 Mon Late Caretaker
CT_32 Tue Late Caretaker
CT_32 Wed Late Caretaker
CT_32 Sat Early Caretaker
CT_32 Sun Early Caretaker
CT_33 Mon Day Caretaker
CT_33 Tue Day Caretaker
CT_33 Wed Late Caretaker
CT_33 Thu Late Caretaker
CT_33 Fri Late Caretaker
CT_34 Mon Early Caretaker
CT_34 Tue Early Caretaker
CT_34 Wed Early Caretaker
CT_34 Sat Late Caretaker
CT_34 Sun Late Caretaker
CT_35 Wed Early Caretaker
CT_35 Thu Early Caretaker
CT_35 Fri Early Caretaker
CT_36 Wed Early Caretaker
CT_36 Thu Early Caretaker
CT_36 Fri Early Caretaker
CT_37 Mon Day Caretaker
CT_37 Tue Day Caretaker
CT_37 Wed Day Caretaker
CT_37 Thu Early Caretaker
CT_37 Fri Early Caretaker
CT_38 Mon Early Caretaker
CT_38 Tue Early Caretaker
CT_38 Wed Early Caretaker
CT_38 Thu Day Caretaker
CT_38 Fri Day Caretaker
CT_39 Mon Early Caretaker
CT_39 Tue Early Caretaker
CT_39 Wed Early Caretaker
CT_39 Thu Day Caretaker
CT_39 Fri Day Caretaker
CT_40 Mon Late Caretaker
CT_40 Tue Late Caretaker
CT_41 Tue Night Caretaker
CT_41 Wed Night Caretaker
CT_41 Thu Night Caretaker
CT_41 Fri Night Caretaker
CT_42 Mon Early Caretaker
CT_42 Thu Night Caretaker
CT_42 Fri Night Caretaker
CT_42 Sat Night Caretaker
CT_42 Sun Night Caretaker
CT_43 Mon Early Caretaker
CT_43 Tue Early Caretaker
CT_43 Wed Late Caretaker
CT_43 Thu Late Caretaker
CT_43 Fri Late Caretaker
CT_44 Mon Night Caretaker
CT_44 Tue Night Caretaker
CT_45 Mon Day Caretaker
CT_45 Tue Day Caretaker
CT_45 Wed Day Caretaker
CT_45 Thu Early Caretaker
CT_45 Fri Early Caretaker
CT_46 Wed Early Caretaker
CT_46 Thu Early Caretaker
CT_46 Fri Early Caretaker
CT_47 Mon Night Caretaker
CT_47 Tue Night Caretaker
CT_47 Wed Night Caretaker
CT_47 Thu Night Caretaker
CT_47 Fri Night Caretaker
CT_48 Wed Day Caretaker
CT_48 Thu Day Caretaker
CT_48 Fri Day Caretaker
CT_49 Thu Early Caretaker
CT_49 Fri Early Caretaker
CT_49 Sat Early Caretaker
CT_49 Sun Early Caretaker
TR_50 Wed Day Trainee
TR_50 Thu Day Trainee
TR_50 Fri Day Trainee
TR_51 Mon Late Trainee
TR_51 Tue Late Trainee
TR_51 Fri Night Trainee
TR_51 Sat Night Trainee
TR_51 Sun Night Trainee
TR_52 Tue Late Trainee
TR_52 Wed Late Trainee
TR_52 Thu Late Trainee
TR_52 Fri Late Trainee
TR_53 Wed Early Trainee
TR_53 Thu Early Trainee
TR_53 Fri Early Trainee
TR_54 Mon Night Trainee
TR_54 Tue Night Trainee
TR_54 Fri Day Trainee
TR_54 Sat Day Trainee
TR_54 Sun Day Trainee
TR_55 Wed Early Trainee
TR_55 Thu Early Trainee
TR_55 Fri Early Trainee
TR_56 Mon Late Trainee
TR_56 Tue Late Trainee
TR_56 Fri Late Trainee
TR_56 Sat Late Trainee
TR_56 Sun Late Trainee
TR_57 Mon Early Trainee
TR_57 Tue Early Trainee
TR_57 Wed Early Trainee
TR_57 Sat Early Trainee
TR_57 Sun Early Trainee
TR_58 Mon Day Trainee
TR_58 Tue Day Trainee
TR_58 Wed Day Trainee
TR_58 Thu Early Trainee
TR_58 Fri Early Trainee
TR_59 Mon Night Trainee
TR_59 Tue Night Trainee
TR_59 Wed Night Trainee
TR_59 Thu Night Trainee
TR_59 Fri Night Trainee
