SOLUTION
5 n060w8

ASSIGNMENTS = 241
HN_0 Mon Night HeadNurse
HN_0 Tue Night Nurse
HN_0 Wed Night HeadNurse
HN_0 Thu Night HeadNurse
HN_0 Fri Night HeadNurse
HN_1 Mon Early Nurse
HN_1 Tue Early HeadNurse
HN_1 Fri Night Nurse
HN_1 Sat Night HeadNurse
HN_1 Sun Night HeadNurse
HN_2 Tue Early Nurse
HN_2 Wed Early Nurse
HN_2 Thu Early Nurse
HN_3 Mon Day HeadNurse
HN_3 Thu Early Nurse
HN_3 Fri Early Nurse
HN_3 Sat Early HeadNurse
HN_3 Sun Early HeadNurse
HN_4 Mon Night Nurse
HN_4 Tue Night Nurse
HN_4 Fri Day Nurse
HN_4 Sat Day HeadNurse
HN_4 Sun Day HeadNurse
HN_5 Wed Late HeadNurse
HN_5 Thu Late Nurse
HN_5 Fri Late HeadNurse
HN_6 Mon Late HeadNurse
HN_6 Tue Late HeadNurse
NU_7 Mon Early Nurse
NU_7 Tue Early Nurse
NU_7 Wed Early Nurse
NU_7 Thu Day Nurse
NU_7 Fri Day Nurse
NU_8 Mon Day Nurse
NU_8 Fri Day Caretaker
NU_8 Sat Day Nurse
NU_8 Sun Day Nurse
NU_9 Mon Late Nurse
NU_9 Tue Late Nurse
NU_9 Wed Late Nurse
NU_9 Thu Late Nurse
NU_9 Fri Late Nurse
NU_10 Mon Late Nurse
NU_10 Tue Late Nurse
NU_11 Wed Early Caretaker
NU_11 Thu Early Caretaker
NU_11 Fri Early Nurse
NU_12 Tue Day Nurse
NU_12 Wed Day Nurse
NU_12 Thu Day Nurse
NU_13 Tue Day Nurse
NU_13 Wed Day Nurse
NU_13 Thu Day Nurse
NU_14 Mon Night Nurse
NU_14 Tue Night Caretaker
NU_14 Wed Night Nurse
NU_14 Thu Night Nurse
NU_15 Mon Day Nurse
NU_15 Tue Day Nurse
NU_15 Wed Day Nurse
NU_15 Sat Early Nurse
NU_15 Sun Early Nurse
NU_16 Tue Late Caretaker
NU_16 Wed Late Nurse
NU_16 Thu Late Caretaker
NU_16 Fri Late Nurse
NU_17 Fri Late Caretaker
NU_17 Sat Late Nurse
NU_17 Sun Late Nurse
NU_18 Mon Early Nurse
NU_18 Tue Early Caretaker
NU_18 Fri Late Caretaker
NU_18 Sat Late Nurse
NU_18 Sun Late Caretaker
NU_19 Sat Day Nurse
NU_19 Sun Day Caretaker
NU_20 Mon Day Caretaker
NU_20 Tue Day Caretaker
NU_20 Wed Day Caretaker
NU_20 Thu Early Caretaker
NU_20 Fri Early Caretaker
NU_21 Mon Night Nurse
NU_21 Thu Day Caretaker
NU_21 Fri Day Caretaker
NU_21 Sat Early Nurse
NU_21 Sun Early Caretaker
NU_22 Tue Late Caretaker
NU_22 Wed Late Caretaker
NU_22 Thu Late Caretaker
NU_23 Mon Night Caretaker
NU_23 Tue Night Caretaker
NU_23 Wed Night Nurse
NU_23 Thu Night Nurse
NU_23 Fri Night Nurse
NU_24 Mon Early Caretaker
NU_24 Tue Early Caretaker
NU_24 Wed Late Caretaker
NU_24 Thu Late Caretaker
NU_24 Fri Late Caretaker
NU_25 Mon Day Caretaker
NU_25 Tue Day Caretaker
NU_25 Wed Day Caretaker
NU_25 Thu Late Caretaker
NU_25 Fri Late Caretaker
NU_26 Mon Early Caretaker
NU_26 Tue Early Caretaker
NU_26 Wed Early Caretaker
NU_27 Wed Night Caretaker
NU_27 Thu Night Caretaker
NU_27 Fri Night Nurse
NU_27 Sat Night Nurse
NU_27 Sun Night Nurse
NU_28 Thu Night Caretaker
NU_28 Fri Night Caretaker
NU_28 Sat Night Nurse
NU_28 Sun Night Nurse
NU_29 Wed Day Caretaker
NU_29 Thu Day Caretaker
NU_29 Fri Day Caretaker
CT_30 Mon Night Caretaker
CT_30 Tue Night Caretaker
CT_31 Thu Day Caretaker
CT_31 Fri Day Caretaker
CT_31 Sat Early Caretaker
CT_31 Sun Early Caretaker
CT_32 Mon Day Caretaker
CT_32 Tue Day Caretaker
CT_32 Fri Day Caretaker
CT_32 Sat Day Caretaker
CT_32 Sun Day Caretaker
CT_33 Mon Late Caretaker
CT_33 Tue Late Caretaker
CT_33 Wed Late Caretaker
CT_33 Sat Night Caretaker
CT_33 Sun Night Caretaker
CT_34 Mon Late Caretaker
CT_34 Tue Late Caretaker
CT_34 Fri Late Caretaker
CT_34 Sat Late Caretaker
CT_34 Sun Late Caretaker
CT_35 Mon Day Caretaker
CT_35 Tue Day Caretaker
CT_35 Wed Day Caretaker
CT_35 Thu Day Caretaker
CT_35 Fri Day Caretaker
CT_36 Thu Day Caretaker
CT_36 Fri Day Caretaker
CT_36 Sat Early Caretaker
CT_36 Sun Early Caretaker
CT_37 Mon Night Caretaker
CT_37 Tue Night Caretaker
CT_37 Wed Night Caretaker
CT_37 Thu Night Caretaker
CT_37 Fri Night Caretaker
CT_38 Mon Early Caretaker
CT_38 Tue Early Caretaker
CT_38 Wed Early Caretaker
CT_38 Thu Early Caretaker
CT_38 Fri Early Caretaker
CT_39 Mon Night Caretaker
CT_39 Tue Night Caretaker
CT_39 Wed Night Caretaker
CT_39 Thu Night Caretaker
CT_39 Fri Night Caretaker
CT_40 Mon Early Caretaker
CT_40 Tue Early Caretaker
CT_40 Wed Early Caretaker
CT_41 Tue Day Caretaker
CT_41 Wed Day Caretaker
CT_41 Thu Late Caretaker
CT_41 Fri Late Caretaker
CT_42 Mon Night Caretaker
CT_42 Thu Early Caretaker
CT_42 Fri Early Caretaker
CT_42 Sat Early Caretaker
CT_42 Sun Early Caretaker
CT_43 Thu Late Caretaker
CT_43 Fri Late Caretaker
CT_43 Sat Late Caretaker
CT_43 Sun Late Caretaker
CT_44 Mon Late Caretaker
CT_44 Tue Late Caretaker
CT_44 Wed Late Caretaker
CT_45 Thu Night Caretaker
CT_45 Fri Night Caretaker
CT_45 Sat Night Caretaker
CT_45 Sun Night Caretaker
CT_46 Tue Night Caretaker
CT_46 Wed Night Caretaker
CT_46 Thu Night Caretaker
CT_46 Fri Night Caretaker
CT_47 Mon Day Caretaker
CT_47 Tue Day Caretaker
CT_47 Wed Early Caretaker
CT_47 Thu Early Caretaker
CT_47 Fri Early Caretaker
CT_48 Thu Early Caretaker
CT_48 Fri Early Caretaker
CT_48 Sat Day Caretaker
CT_48 Sun Day Caretaker
CT_49 Sat Night Caretaker
CT_49 Sun Night Caretaker
TR_50 Tue Late Trainee
TR_50 Wed Late Trainee
TR_50 Thu Late Trainee
TR_51 Mon Night Trainee
TR_51 Tue Night Trainee
TR_52 Tue Late Trainee
TR_52 Wed Late Trainee
TR_52 Thu Late Trainee
TR_53 Tue Night Trainee
TR_53 Wed Night Trainee
TR_53 Thu Night Trainee
TR_53 Fri Night Trainee
TR_54 Thu Night Trainee
TR_54 Fri Night Trainee
TR_54 Sat Night Trainee
TR_54 Sun Night Trainee
TR_55 Mon Day Trainee
TR_55 Tue Day Trainee
TR_55 Wed Early Trainee
TR_55 Thu Early Trainee
TR_56 Mon Late Trainee
TR_56 Tue Late Trainee
TR_56 Sat Late Trainee
TR_56 Sun Late Trainee
TR_57 Mon Early Trainee
TR_57 Tue Early Trainee
TR_57 Fri Early Trainee
TR_57 Sat Early Trainee
TR_57 Sun Early Trainee
TR_58 Mon Day Trainee
TR_58 Tue Day Trainee
TR_58 Wed Day Trainee
TR_58 Sat Day Trainee
TR_58 Sun Day Trainee
TR_59 Mon Early Trainee
TR_59 Tue Early Trainee
TR_59 Wed Day Trainee
TR_59 Thu Day Trainee
TR_59 Fri Day Trainee
