SOLUTION
6 n050w8

ASSIGNMENTS = 212
HN_0 Mon Late HeadNurse
HN_0 Thu Night Nurse
HN_0 Fri Night HeadNurse
HN_0 Sat Night HeadNurse
HN_0 Sun Night HeadNurse
HN_1 Wed Early HeadNurse
HN_1 Thu Early Nurse
HN_1 Fri Early Nurse
HN_1 Sat Early Nurse
HN_1 Sun Early HeadNurse
HN_2 Wed Day Nurse
HN_2 Thu Day Nurse
HN_2 Fri Day Nurse
HN_3 Wed Early Nurse
HN_3 Thu Early Nurse
HN_3 Fri Early Nurse
HN_4 Mon Early HeadNurse
HN_4 Tue Early HeadNurse
HN_4 Wed Early Nurse
HN_4 Sat Day Nurse
HN_4 Sun Day HeadNurse
HN_5 Mon Night HeadNurse
HN_5 Tue Night HeadNurse
HN_5 Wed Night Nurse
HN_5 Thu Night Nurse
NU_6 Mon Day Nurse
NU_6 Tue Day Nurse
NU_6 Fri Night Nurse
NU_6 Sat Night Nurse
NU_6 Sun Night Nurse
NU_7 Mon Late Nurse
NU_7 Tue Late Nurse
NU_7 Wed Late Nurse
NU_8 Tue Day Nurse
NU_8 Wed Day Nurse
NU_8 Thu Day Nurse
NU_8 Fri Day Nurse
NU_9 Wed Early Nurse
NU_9 Thu Early Caretaker
NU_9 Fri Early Nurse
NU_10 Mon Day Nurse
NU_10 Tue Day Nurse
NU_10 Wed Day Nurse
NU_10 Thu Early Caretaker
NU_10 Fri Early Nurse
NU_11 Mon Night Nurse
NU_11 Tue Night Nurse
NU_11 Wed Night Nurse
NU_11 Thu Night Nurse
NU_11 Fri Night Nurse
NU_12 Mon Late Nurse
NU_12 Tue Late Nurse
NU_12 Fri Late Nurse
NU_12 Sat Late Nurse
NU_12 Sun Late Nurse
NU_13 Mon Early Nurse
NU_13 Tue Early Nurse
NU_13 Wed Early Caretaker
NU_14 Mon Early Nurse
NU_14 Tue Early Nurse
NU_14 Wed Late Nurse
NU_14 Thu Late Nurse
NU_14 Fri Late Nurse
NU_15 Wed Late Caretaker
NU_15 Thu Late Nurse
NU_15 Fri Late Nurse
NU_16 Mon Late Nurse
NU_16 Tue Late Caretaker
NU_16 Fri Late Caretaker
NU_16 Sat Late Caretaker
NU_16 Sun Late Caretaker
NU_17 Tue Day Caretaker
NU_17 Wed Day Nurse
NU_17 Thu Day Caretaker
NU_17 Fri Day Nurse
NU_18 Mon Early Nurse
NU_18 Tue Early Nurse
NU_18 Wed Early Caretaker
NU_19 Mon Night Nurse
NU_19 Tue Night Nurse
NU_19 Wed Night Nurse
NU_19 Thu Night Caretaker
NU_19 Fri Night Caretaker
NU_20 Mon Day Nurse
NU_20 Tue Day Caretaker
NU_20 Wed Day Caretaker
NU_20 Sat Early Nurse
NU_20 Sun Early Nurse
NU_21 Mon Late Nurse
NU_21 Tue Late Caretaker
NU_21 Wed Late Caretaker
NU_21 Thu Late Caretaker
NU_21 Fri Late Caretaker
NU_22 Mon Early Nurse
NU_22 Tue Early Caretaker
NU_22 Wed Late Caretaker
NU_22 Thu Late Caretaker
NU_22 Fri Late Caretaker
NU_23 Mon Late Caretaker
NU_23 Thu Day Caretaker
NU_23 Fri Day Caretaker
NU_23 Sat Day Caretaker
NU_23 Sun Day Nurse
NU_24 Mon Night Nurse
NU_24 Tue Night Nurse
NU_24 Wed Night Caretaker
NU_24 Thu Night Caretaker
NU_24 Fri Night Caretaker
NU_25 Mon Early Caretaker
NU_25 Tue Early Caretaker
NU_25 Fri Night Caretaker
NU_25 Sat Night Caretaker
NU_25 Sun Night Caretaker
NU_26 Mon Night Nurse
NU_26 Tue Night Caretaker
NU_26 Fri Early Caretaker
NU_26 Sat Early Caretaker
NU_26 Sun Early Caretaker
NU_27 Mon Early Caretaker
NU_27 Tue Early Caretaker
NU_27 Wed Early Caretaker
NU_27 Thu Early Caretaker
NU_27 Fri Early Caretaker
CT_28 Mon Early Caretaker
CT_28 Tue Early Caretaker
CT_28 Wed Early Caretaker
CT_28 Thu Day Caretaker
CT_28 Fri Day Caretaker
CT_29 Mon Late Caretaker
CT_29 Fri Early Caretaker
CT_29 Sat Early Caretaker
CT_29 Sun Day Caretaker
CT_30 Mon Night Caretaker
CT_30 Tue Night Caretaker
CT_30 Wed Night Caretaker
CT_30 Thu Night Caretaker
CT_31 Mon Late Caretaker
CT_31 Thu Early Caretaker
CT_31 Fri Early Caretaker
CT_31 Sat Late Caretaker
CT_31 Sun Late Caretaker
CT_32 Mon Late Caretaker
CT_32 Tue Late Caretaker
CT_32 Wed Late Caretaker
CT_33 Mon Day Caretaker
CT_33 Tue Day Caretaker
CT_33 Wed Day Caretaker
CT_33 Sat Early Caretaker
CT_33 Sun Early Caretaker
CT_34 Mon Night Caretaker
CT_34 Tue Night Caretaker
CT_34 Fri Day Caretaker
CT_34 Sat Day Caretaker
CT_34 Sun Day Caretaker
CT_35 Mon Day Caretaker
CT_35 Tue Day Caretaker
CT_35 Wed Day Caretaker
CT_35 Sat Night Caretaker
CT_35 Sun Night Caretaker
CT_36 Mon Day Caretaker
CT_36 Tue Day Caretaker
CT_36 Wed Day Caretaker
CT_36 Thu Day Caretaker
CT_36 Fri Day Caretaker
CT_37 Mon Late Caretaker
CT_37 Tue Late Caretaker
CT_37 Wed Late Caretaker
CT_37 Thu Late Caretaker
CT_37 Fri Late Caretaker
CT_38 Mon Night Caretaker
CT_38 Tue Night Caretaker
CT_38 Wed Night Caretaker
CT_38 Thu Night Caretaker
CT_38 Fri Night Caretaker
CT_39 Mon Night Caretaker
CT_39 Tue Night Caretaker
CT_39 Wed Night Caretaker
TR_40 Fri Late Trainee
TR_40 Sat Late Trainee
TR_40 Sun Late Trainee
TR_41 Mon Late Trainee
TR_41 Tue Late Trainee
TR_42 Sat Day Trainee
TR_42 Sun Day Trainee
TR_43 Mon Day Trainee
TR_43 Tue Day Trainee
TR_43 Wed Day Trainee
TR_43 Sat Early Trainee
TR_43 Sun Early Trainee
TR_44 Wed Day Trainee
TR_44 Thu Day Trainee
TR_44 Fri Day Trainee
TR_45 Mon Night Trainee
TR_45 Thu Early Trainee
TR_45 Fri Early Trainee
TR_45 Sat Day Trainee
TR_45 Sun Day Trainee
TR_46 Tue Late Trainee
TR_46 Wed Late Trainee
TR_46 Thu Late Trainee
TR_47 Mon Early Trainee
TR_47 Fri Night Trainee
TR_47 Sat Night Trainee
TR_47 Sun Night Trainee
TR_48 Mon Night Trainee
TR_48 Tue Night Trainee
TR_48 Wed Night Trainee
TR_48 Thu Night Trainee
TR_48 Fri Night Trainee
TR_49 Mon Early Trainee
TR_49 Tue Early Trainee
TR_49 Wed Early Trainee
