SOLUTION
1 n050w8

ASSIGNMENTS = 217
HN_0 Mon Night Nurse
HN_0 Tue Night Nurse
HN_0 Wed Night HeadNurse
HN_0 Thu Night Nurse
HN_0 Fri Night Nurse
HN_1 Mon Early Nurse
HN_1 Tue Early HeadNurse
HN_1 Wed Late Nurse
HN_1 Thu Late HeadNurse
HN_1 Fri Late Nurse
HN_2 Mon Night Nurse
HN_2 Fri Day Nurse
HN_2 Sat Day HeadNurse
HN_2 Sun Day HeadNurse
HN_3 Mon Day HeadNurse
HN_3 Thu Early HeadNurse
HN_3 Fri Early Nurse
HN_3 Sat Early HeadNurse
HN_3 Sun Late Nurse
HN_4 Mon Late HeadNurse
HN_4 Tue Late Nurse
HN_4 Fri Night Nurse
HN_4 Sat Night HeadNurse
HN_4 Sun Night Nurse
HN_5 Wed Day Nurse
HN_5 Thu Day Nurse
HN_5 Fri Day Nurse
NU_6 Mon Night Caretaker
NU_6 Tue Night Nurse
NU_6 Wed Night Nurse
NU_6 Thu Night Nurse
NU_6 Fri Night Nurse
NU_7 Tue Early Nurse
NU_7 Wed Early Nurse
NU_7 Thu Early Nurse
NU_8 Thu Early Nurse
NU_8 Fri Early Nurse
NU_8 Sat Early Nurse
NU_8 Sun Late Nurse
NU_9 Mon Late Nurse
NU_9 Tue Late Nurse
NU_9 Wed Late Nurse
NU_9 Thu Late Nurse
NU_9 Fri Late Nurse
NU_10 Mon Late Nurse
NU_10 Tue Late Nurse
NU_10 Fri Night Caretaker
NU_10 Sat Night Nurse
NU_10 Sun Night Nurse
NU_11 Mon Night Caretaker
NU_11 Tue Night Nurse
NU_11 Wed Night Nurse
NU_11 Thu Night Nurse
NU_11 Fri Night Caretaker
NU_12 Mon Day Nurse
NU_12 Tue Day Nurse
NU_12 Wed Day Nurse
NU_12 Thu Early Nurse
NU_12 Fri Early Nurse
NU_13 Mon Late Caretaker
NU_13 Tue Late Caretaker
NU_13 Wed Late Nurse
NU_13 Thu Late Nurse
NU_13 Fri Late Nurse
NU_14 Mon Late Caretaker
NU_14 Sat Night Caretaker
NU_14 Sun Night Caretaker
NU_15 Wed Day Nurse
NU_15 Thu Day Nurse
NU_15 Fri Day Caretaker
NU_16 Mon Late Caretaker
NU_16 Tue Late Caretaker
NU_16 Wed Late Caretaker
NU_16 Thu Late Nurse
NU_17 Mon Early Nurse
NU_17 Tue Early Nurse
NU_17 Wed Day Caretaker
NU_17 Thu Day Nurse
NU_18 Mon Night Caretaker
NU_18 Sat Day Nurse
NU_18 Sun Day Nurse
NU_19 Mon Late Caretaker
NU_19 Thu Day Caretaker
NU_19 Fri Day Caretaker
NU_19 Sat Day Caretaker
NU_19 Sun Early Nurse
NU_20 Mon Day Nurse
NU_20 Tue Day Nurse
NU_20 Wed Late Caretaker
NU_20 Thu Late Nurse
NU_20 Fri Late Caretaker
NU_21 Wed Day Caretaker
NU_21 Thu Day Caretaker
NU_21 Fri Day Caretaker
NU_21 Sat Day Caretaker
NU_21 Sun Day Caretaker
NU_22 Mon Day Nurse
NU_22 Thu Early Caretaker
NU_22 Fri Early Caretaker
NU_22 Sat Early Caretaker
NU_22 Sun Early Nurse
NU_23 Mon Early Nurse
NU_23 Tue Early Caretaker
NU_23 Wed Early Nurse
NU_23 Thu Early Caretaker
NU_23 Fri Early Caretaker
NU_24 Mon Day Caretaker
NU_24 Thu Early Caretaker
NU_24 Fri Early Caretaker
NU_24 Sat Late Nurse
NU_24 Sun Late Caretaker
NU_25 Mon Night Caretaker
NU_25 Tue Night Nurse
NU_25 Wed Night Caretaker
NU_25 Thu Night Nurse
NU_25 Fri Night Caretaker
NU_26 Mon Day Caretaker
NU_26 Tue Day Nurse
NU_26 Wed Late Caretaker
NU_26 Thu Late Caretaker
NU_26 Fri Late Caretaker
NU_27 Mon Late Caretaker
NU_27 Tue Late Caretaker
NU_27 Wed Late Caretaker
NU_27 Thu Late Caretaker
NU_27 Fri Late Caretaker
CT_28 Mon Night Caretaker
CT_28 Tue Night Caretaker
CT_28 Wed Night Caretaker
CT_28 Sat Early Caretaker
CT_28 Sun Early Caretaker
CT_29 Mon Night Caretaker
CT_29 Tue Night Caretaker
CT_30 Thu Night Caretaker
CT_30 Fri Night Caretaker
CT_30 Sat Night Caretaker
CT_30 Sun Night Caretaker
CT_31 Mon Early Caretaker
CT_31 Tue Early Caretaker
CT_31 Wed Early Caretaker
CT_31 Thu Day Caretaker
CT_31 Fri Day Caretaker
CT_32 Mon Day Caretaker
CT_32 Tue Day Caretaker
CT_32 Wed Day Caretaker
CT_32 Sat Late Caretaker
CT_32 Sun Late Caretaker
CT_33 Mon Late Caretaker
CT_33 Tue Late Caretaker
CT_33 Wed Night Caretaker
CT_33 Thu Night Caretaker
CT_33 Fri Night Caretaker
CT_34 Mon Early Caretaker
CT_34 Tue Early Caretaker
CT_34 Wed Early Caretaker
CT_34 Thu Day Caretaker
CT_34 Fri Day Caretaker
CT_35 Mon Early Caretaker
CT_35 Tue Early Caretaker
CT_35 Wed Early Caretaker
CT_35 Thu Late Caretaker
CT_35 Fri Late Caretaker
CT_36 Mon Day Caretaker
CT_36 Tue Day Caretaker
CT_36 Wed Day Caretaker
CT_36 Thu Early Caretaker
CT_36 Fri Early Caretaker
CT_37 Mon Day Caretaker
CT_37 Thu Day Caretaker
CT_37 Fri Day Caretaker
CT_37 Sat Late Caretaker
CT_37 Sun Late Caretaker
CT_38 Mon Day Caretaker
CT_38 Tue Day Caretaker
CT_38 Wed Day Caretaker
CT_38 Thu Day Caretaker
CT_38 Fri Day Caretaker
CT_39 Tue Night Caretaker
CT_39 Wed Night Caretaker
CT_39 Thu Night Caretaker
CT_39 Fri Night Caretaker
TR_40 Mon Late Trainee
TR_40 Tue Late Trainee
TR_40 Wed Late Trainee
TR_41 Wed Early Trainee
TR_41 Thu Early Trainee
TR_41 Fri Early Trainee
TR_42 Mon Day Trainee
TR_42 Tue Day Trainee
TR_42 Wed Early Trainee
TR_42 Thu Early Trainee
TR_43 Wed Late Trainee
TR_43 Thu Late Trainee
TR_43 Fri Late Trainee
TR_44 Mon Early Trainee
TR_44 Sat Late Trainee
TR_44 Sun Late Trainee
TR_45 Mon Day Trainee
TR_45 Tue Day Trainee
TR_45 Wed Day Trainee
TR_45 Thu Day Trainee
TR_45 Fri Late Trainee
TR_46 Mon Late Trainee
TR_46 Sat Night Trainee
TR_46 Sun Night Trainee
TR_47 Mon Night Trainee
TR_47 Tue Night Trainee
TR_48 Mon Early Trainee
TR_48 Tue Early Trainee
TR_48 Wed Day Trainee
TR_48 Thu Day Trainee
TR_48 Fri Day Trainee
TR_49 Wed Night Trainee
TR_49 Thu Night Trainee
TR_49 Fri Night Trainee
TR_49 Sat Night Trainee
TR_49 Sun Night Trainee
