SOLUTION
0 n050w8

ASSIGNMENTS = 210
HN_0 Mon Night Nurse
HN_0 Tue Night Nurse
HN_0 Wed Night HeadNurse
HN_0 Thu Night HeadNurse
HN_0 Fri Night Nurse
HN_1 Wed Day Nurse
HN_1 Thu Day Nurse
HN_1 Fri Day HeadNurse
HN_2 Mon Night Nurse
HN_2 Fri Late HeadNurse
HN_2 Sat Late HeadNurse
HN_2 Sun Late HeadNurse
HN_3 Mon Day HeadNurse
HN_3 Tue Day Nurse
HN_3 Wed Day Nurse
HN_3 Sat Night HeadNurse
HN_3 Sun Night HeadNurse
HN_4 Mon Early Nurse
HN_4 Fri Day Nurse
HN_4 Sat Day HeadNurse
HN_4 Sun Early HeadNurse
HN_5 Mon Early Nurse
HN_5 Tue Early Nurse
HN_5 Wed Early Nurse
HN_5 Thu Day Nurse
HN_5 Fri Day Nurse
NU_6 Mon Night Nurse
NU_6 Tue Night Nurse
NU_6 Wed Night Nurse
NU_6 Thu Night Nurse
NU_6 Fri Night Nurse
NU_7 Thu Early Nurse
NU_7 Fri Early Nurse
NU_7 Sat Day Nurse
NU_7 Sun Day Nurse
NU_8 Mon Day Nurse
NU_8 Tue Day Nurse
NU_8 Wed Day Nurse
NU_8 Thu Early Nurse
NU_8 Fri Early Nurse
NU_9 Mon Night Nurse
NU_9 Tue Night Caretaker
NU_9 Wed Night Nurse
NU_9 Thu Night Nurse
NU_9 Fri Night Nurse
NU_10 Mon Night Caretaker
NU_10 Thu Early Caretaker
NU_10 Fri Early Nurse
NU_10 Sat Day Nurse
NU_10 Sun Day Caretaker
NU_11 Mon Late Nurse
NU_11 Tue Late Nurse
NU_11 Wed Late Nurse
NU_11 Thu Late Nurse
NU_11 Fri Late Nurse
NU_12 Wed Early Nurse
NU_12 Thu Early Caretaker
NU_12 Fri Early Caretaker
NU_12 Sat Late Nurse
NU_12 Sun Late Nurse
NU_13 Tue Late Nurse
NU_13 Wed Late Nurse
NU_13 Thu Late Nurse
NU_14 Thu Early Caretaker
NU_14 Fri Early Caretaker
NU_14 Sat Late Caretaker
NU_14 Sun Late Caretaker
NU_15 Mon Late Nurse
NU_15 Tue Late Nurse
NU_16 Mon Day Caretaker
NU_16 Tue Day Caretaker
NU_16 Wed Day Nurse
NU_16 Sat Early Nurse
NU_16 Sun Early Nurse
NU_17 Mon Late Nurse
NU_17 Tue Late Caretaker
NU_17 Wed Late Nurse
NU_17 Thu Late Caretaker
NU_17 Fri Late Nurse
NU_18 Sat Early Caretaker
NU_18 Sun Early Caretaker
NU_19 Tue Late Caretaker
NU_19 Wed Late Caretaker
NU_19 Thu Late Caretaker
NU_19 Fri Late Caretaker
NU_20 Mon Night Caretaker
NU_20 Tue Night Caretaker
NU_20 Wed Night Nurse
NU_20 Thu Night Nurse
NU_21 Mon Early Caretaker
NU_21 Thu Night Caretaker
NU_21 Fri Night Nurse
NU_21 Sat Night Nurse
NU_21 Sun Night Nurse
NU_22 Mon Late Caretaker
NU_22 Tue Late Caretaker
NU_22 Fri Night Caretaker
NU_22 Sat Night Nurse
NU_22 Sun Night Caretaker
NU_23 Wed Day Caretaker
NU_23 Thu Day Nurse
NU_23 Fri Day Caretaker
NU_24 Mon Day Caretaker
NU_24 Thu Early Caretaker
NU_24 Fri Early Caretaker
NU_24 Sat Early Caretaker
NU_24 Sun Day Caretaker
NU_25 Mon Early Caretaker
NU_25 Tue Early Nurse
NU_25 Wed Early Caretaker
NU_25 Thu Early Caretaker
NU_25 Fri Early Caretaker
NU_26 Mon Night Caretaker
NU_26 Tue Night Caretaker
NU_26 Wed Night Caretaker
NU_26 Thu Night Caretaker
NU_26 Fri Night Caretaker
NU_27 Mon Day Caretaker
NU_27 Tue Day Caretaker
NU_27 Wed Day Caretaker
NU_27 Thu Day Caretaker
NU_27 Fri Day Caretaker
CT_28 Mon Early Caretaker
CT_28 Tue Early Caretaker
CT_28 Fri Day Caretaker
CT_28 Sat Day Caretaker
CT_28 Sun Day Caretaker
CT_29 Tue Late Caretaker
CT_29 Wed Late Caretaker
CT_29 Thu Late Caretaker
CT_29 Fri Late Caretaker
CT_30 Tue Late Caretaker
CT_30 Wed Late Caretaker
CT_30 Thu Late Caretaker
CT_31 Mon Late Caretaker
CT_31 Tue Late Caretaker
CT_31 Wed Late Caretaker
CT_31 Thu Late Caretaker
CT_31 Fri Late Caretaker
CT_32 Mon Early Caretaker
CT_32 Tue Early Caretaker
CT_32 Wed Day Caretaker
CT_32 Thu Day Caretaker
CT_32 Fri Day Caretaker
CT_33 Wed Day Caretaker
CT_33 Thu Day Caretaker
CT_33 Fri Day Caretaker
CT_34 Tue Night Caretaker
CT_34 Wed Night Caretaker
CT_34 Thu Night Caretaker
CT_34 Fri Night Caretaker
CT_35 Mon Day Caretaker
CT_35 Tue Day Caretaker
CT_35 Wed Day Caretaker
CT_35 Thu Day Caretaker
CT_36 Mon Early Caretaker
CT_36 Tue Early Caretaker
CT_36 Wed Early Caretaker
CT_37 Mon Late Caretaker
CT_37 Thu Night Caretaker
CT_37 Fri Night Caretaker
CT_37 Sat Night Caretaker
CT_37 Sun Night Caretaker
CT_38 Mon Night Caretaker
CT_38 Tue Night Caretaker
CT_38 Wed Night Caretaker
CT_38 Thu Night Caretaker
CT_38 Fri Night Caretaker
CT_39 Mon Day Caretaker
CT_39 Tue Day Caretaker
CT_39 Wed Early Caretaker
CT_39 Thu Early Caretaker
TR_40 Mon Night Trainee
TR_40 Tue Night Trainee
TR_40 Wed Night Trainee
TR_40 Thu Night Trainee
TR_41 Wed Early Trainee
TR_41 Thu Early Trainee
TR_41 Fri Late Trainee
TR_41 Sat Late Trainee
TR_41 Sun Late Trainee
TR_42 Mon Early Trainee
TR_42 Tue Early Trainee
TR_42 Wed Late Trainee
TR_42 Thu Late Trainee
TR_43 Wed Early Trainee
TR_43 Thu Early Trainee
TR_43 Fri Early Trainee
TR_43 Sat Day Trainee
TR_43 Sun Day Trainee
TR_44 Mon Day Trainee
TR_44 Sat Night Trainee
TR_44 Sun Night Trainee
TR_45 Wed Day Trainee
TR_45 Thu Day Trainee
TR_45 Fri Day Trainee
TR_46 Sat Late Trainee
TR_46 Sun Late Trainee
TR_47 Thu Day Trainee
TR_47 Fri Day Trainee
TR_47 Sat Day Trainee
TR_47 Sun Early Trainee
TR_48 Mon Day Trainee
TR_48 Tue Day Trainee
TR_48 Fri Early Trainee
TR_48 Sat Early Trainee
TR_48 Sun Day Trainee
TR_49 Mon Late Trainee
TR_49 Tue Late Trainee
TR_49 Wed Late Trainee
