SOLUTION
7 n070w8

ASSIGNMENTS = 251
HN_0 Thu Late HeadNurse
HN_0 Fri Late HeadNurse
HN_0 Sat Late HeadNurse
HN_0 Sun Late HeadNurse
HN_1 Mon Day HeadNurse
HN_1 Tue Day Nurse
HN_1 Wed Early HeadNurse
HN_1 Thu Early HeadNurse
HN_1 Fri Early HeadNurse
HN_2 Mon Late Nurse
HN_2 Tue Late Nurse
HN_2 Wed Late HeadNurse
HN_2 Thu Late Nurse
HN_3 Thu Day Nurse
HN_3 Fri Day HeadNurse
HN_3 Sat Night HeadNurse
HN_3 Sun Night Nurse
HN_4 Fri Day Nurse
HN_4 Sat Day HeadNurse
HN_4 Sun Early HeadNurse
HN_5 Mon Night HeadNurse
HN_5 Tue Night Nurse
HN_6 Sat Day Nurse
HN_6 Sun Day HeadNurse
HN_7 Mon Early Nurse
HN_7 Tue Early HeadNurse
NU_8 Mon Night Nurse
NU_8 Tue Night Nurse
NU_8 Wed Night Nurse
NU_8 Thu Night Nurse
NU_8 Fri Night Nurse
NU_9 Mon Day Nurse
NU_9 Tue Day Nurse
NU_9 Wed Day Nurse
NU_10 Thu Early Nurse
NU_10 Fri Early Nurse
NU_10 Sat Late Nurse
NU_10 Sun Late Nurse
NU_11 Mon Early Nurse
NU_11 Tue Early Nurse
NU_12 Tue Night Nurse
NU_12 Wed Night Nurse
NU_12 Thu Night Nurse
NU_12 Fri Night Nurse
NU_13 Fri Day Nurse
NU_13 Sat Day Nurse
NU_13 Sun Early Nurse
NU_14 Mon Early Nurse
NU_14 Tue Early Nurse
NU_14 Wed Early Nurse
NU_15 Thu Early Nurse
NU_15 Fri Early Nurse
NU_15 Sat Early Nurse
NU_15 Sun Day Nurse
NU_16 Tue Early Nurse
NU_16 Wed Early Nurse
NU_16 Thu Early Nurse
NU_17 Mon Early Caretaker
NU_17 Tue Early Caretaker
NU_17 Wed Day Nurse
NU_17 Thu Day Nurse
NU_18 Mon Day Nurse
NU_18 Tue Day Caretaker
NU_18 Fri Night Nurse
NU_18 Sat Night Nurse
NU_18 Sun Night Caretaker
NU_19 Mon Early Caretaker
NU_19 Tue Early Caretaker
NU_19 Fri Late Nurse
NU_19 Sat Late Nurse
NU_19 Sun Late Caretaker
NU_20 Tue Night Nurse
NU_20 Wed Night Caretaker
NU_20 Thu Night Caretaker
NU_20 Fri Night Nurse
NU_21 Wed Day Nurse
NU_21 Thu Day Caretaker
NU_21 Fri Day Caretaker
NU_22 Fri Night Caretaker
NU_22 Sat Night Caretaker
NU_22 Sun Night Caretaker
NU_23 Mon Late Nurse
NU_23 Tue Late Nurse
NU_24 Mon Late Caretaker
NU_25 Wed Day Caretaker
NU_25 Thu Day Caretaker
NU_25 Fri Early Caretaker
NU_25 Sat Early Caretaker
NU_25 Sun Early Caretaker
NU_26 Mon Day Nurse
NU_26 Tue Day Caretaker
NU_26 Wed Day Caretaker
NU_26 Thu Day Caretaker
NU_27 Fri Day Caretaker
NU_27 Sat Day Caretaker
NU_27 Sun Early Caretaker
NU_28 Mon Night Nurse
NU_28 Tue Night Caretaker
NU_28 Wed Night Caretaker
NU_28 Thu Night Caretaker
NU_29 Mon Early Caretaker
NU_29 Tue Early Caretaker
NU_29 Wed Early Caretaker
NU_30 Mon Late Caretaker
NU_31 Wed Late Nurse
NU_31 Thu Late Nurse
NU_31 Fri Late Nurse
NU_32 Mon Day Nurse
NU_32 Tue Day Caretaker
NU_32 Wed Day Caretaker
NU_32 Sat Early Caretaker
NU_32 Sun Early Caretaker
NU_33 Mon Day Caretaker
NU_33 Tue Day Caretaker
NU_33 Wed Day Caretaker
NU_34 Thu Early Caretaker
NU_34 Fri Early Caretaker
NU_34 Sat Day Caretaker
NU_34 Sun Day Caretaker
NU_35 Tue Early Caretaker
NU_35 Wed Early Caretaker
NU_35 Thu Day Caretaker
NU_35 Fri Day Caretaker
NU_36 Tue Late Nurse
NU_36 Wed Late Nurse
NU_36 Thu Late Nurse
NU_36 Fri Late Nurse
NU_37 Mon Night Caretaker
NU_37 Thu Late Caretaker
NU_37 Fri Late Nurse
NU_37 Sat Late Caretaker
NU_37 Sun Late Caretaker
NU_38 Wed Day Caretaker
NU_38 Thu Day Caretaker
NU_38 Fri Day Caretaker
NU_39 Mon Late Caretaker
NU_39 Tue Late Caretaker
NU_39 Fri Night Caretaker
NU_39 Sat Night Caretaker
NU_39 Sun Night Caretaker
CT_40 Mon Early Caretaker
CT_40 Tue Early Caretaker
CT_40 Wed Early Caretaker
CT_40 Sat Day Caretaker
CT_40 Sun Day Caretaker
CT_41 Mon Day Caretaker
CT_41 Tue Day Caretaker
CT_42 Thu Night Caretaker
CT_42 Fri Night Caretaker
CT_42 Sat Night Caretaker
CT_42 Sun Night Caretaker
CT_43 Mon Night Caretaker
CT_43 Tue Night Caretaker
CT_43 Wed Night Caretaker
CT_43 Thu Night Caretaker
CT_43 Fri Night Caretaker
CT_44 Mon Late Caretaker
CT_44 Tue Late Caretaker
CT_44 Wed Late Caretaker
CT_44 Sat Late Caretaker
CT_44 Sun Late Caretaker
CT_45 Mon Day Caretaker
CT_45 Tue Day Caretaker
CT_45 Wed Day Caretaker
CT_46 Mon Early Caretaker
CT_46 Tue Early Caretaker
CT_46 Wed Early Caretaker
CT_46 Thu Early Caretaker
CT_46 Fri Early Caretaker
CT_47 Mon Night Caretaker
CT_47 Tue Night Caretaker
CT_48 Tue Late Caretaker
CT_48 Wed Late Caretaker
CT_48 Thu Late Caretaker
CT_48 Fri Late Caretaker
CT_49 Mon Night Caretaker
CT_49 Tue Night Caretaker
CT_49 Wed Night Caretaker
CT_49 Thu Night Caretaker
CT_50 Mon Day Caretaker
CT_51 Mon Day Caretaker
CT_51 Tue Day Caretaker
CT_51 Wed Late Caretaker
CT_51 Thu Late Caretaker
CT_51 Fri Late Caretaker
CT_52 Fri Late Caretaker
CT_52 Sat Late Caretaker
CT_52 Sun Late Caretaker
CT_53 Tue Late Caretaker
CT_53 Wed Late Caretaker
CT_53 Thu Late Caretaker
CT_54 Mon Night Caretaker
CT_54 Tue Night Caretaker
CT_54 Wed Night Caretaker
CT_54 Thu Night Caretaker
CT_54 Fri Night Caretaker
CT_55 Wed Late Caretaker
CT_55 Thu Late Caretaker
CT_55 Fri Late Caretaker
CT_56 Mon Day Caretaker
CT_56 Thu Early Caretaker
CT_56 Fri Early Caretaker
CT_56 Sat Day Caretaker
CT_56 Sun Day Caretaker
CT_57 Tue Early Caretaker
CT_57 Wed Early Caretaker
CT_57 Thu Early Caretaker
CT_57 Fri Early Caretaker
CT_58 Mon Late Caretaker
CT_59 Mon Night Caretaker
CT_59 Tue Night Caretaker
TR_60 Mon Day Trainee
TR_60 Tue Day Trainee
TR_60 Wed Day Trainee
TR_60 Thu Day Trainee
TR_61 Tue Early Trainee
TR_61 Wed Early Trainee
TR_61 Thu Early Trainee
TR_62 Mon Day Trainee
TR_62 Thu Day Trainee
TR_62 Fri Day Trainee
TR_62 Sat Day Trainee
TR_62 Sun Day Trainee
TR_63 Mon Night Trainee
TR_63 Tue Night Trainee
TR_63 Thu Day Trainee
TR_63 Fri Day Trainee
TR_63 Sat Late Trainee
TR_63 Sun Late Trainee
TR_64 Mon Late Trainee
TR_64 Tue Late Trainee
TR_64 Fri Early Trainee
TR_64 Sat Early Trainee
TR_64 Sun Night Trainee
TR_65 Mon Early Trainee
TR_65 Tue Early Trainee
TR_66 Mon Late Trainee
TR_66 Tue Late Trainee
TR_66 Wed Late Trainee
TR_66 Thu Late Trainee
TR_66 Fri Late Trainee
TR_67 Tue Night Trainee
TR_67 Wed Night Trainee
TR_67 Thu Night Trainee
TR_67 Fri Night Trainee
TR_68 Mon Night Trainee
TR_68 Tue Night Trainee
TR_69 Tue Early Trainee
TR_69 Wed Early Trainee
TR_69 Thu Early Trainee
TR_69 Fri Early Trainee
