SOLUTION
7 n080w8

ASSIGNMENTS = 271
HN_0 Tue Day HeadNurse
HN_0 Wed Day HeadNurse
HN_0 Thu Day HeadNurse
HN_1 Wed Early Nurse
HN_1 Thu Early Nurse
HN_1 Fri Early HeadNurse
HN_1 Sat Early HeadNurse
HN_1 Sun Day HeadNurse
HN_2 Mon Night HeadNurse
HN_3 Mon Night Nurse
HN_3 Tue Night HeadNurse
HN_4 Tue Night Nurse
HN_4 Wed Night HeadNurse
HN_4 Thu Night HeadNurse
HN_4 Fri Night HeadNurse
HN_5 Sat Night Nurse
HN_5 Sun Night HeadNurse
HN_6 Mon Late HeadNurse
HN_6 Tue Late HeadNurse
HN_6 Fri Early Nurse
HN_6 Sat Early Nurse
HN_6 Sun Day Nurse
HN_7 Mon Late Nurse
HN_7 Tue Late Nurse
HN_7 Wed Late HeadNurse
HN_7 Thu Late HeadNurse
HN_7 Fri Late HeadNurse
HN_8 Mon Early Nurse
HN_8 Tue Early HeadNurse
HN_9 Fri Day HeadNurse
HN_9 Sat Day HeadNurse
HN_9 Sun Late Nurse
NU_10 Mon Day Nurse
NU_10 Tue Day Nurse
NU_10 Fri Day Nurse
NU_10 Sat Day Nurse
NU_10 Sun Day Nurse
NU_11 Mon Night Nurse
NU_11 Tue Night Nurse
NU_11 Wed Night Nurse
NU_11 Thu Night Nurse
NU_12 Mon Late Caretaker
NU_13 Wed Day Nurse
NU_13 Thu Day Nurse
NU_13 Fri Day Caretaker
NU_14 Sat Early Nurse
NU_14 Sun Early Nurse
NU_15 Fri Night Nurse
NU_15 Sat Night Nurse
NU_15 Sun Night Nurse
NU_16 Tue Day Caretaker
NU_16 Wed Day Caretaker
NU_16 Thu Early Caretaker
NU_16 Fri Early Caretaker
NU_17 Tue Late Caretaker
NU_17 Wed Late Nurse
NU_17 Thu Late Nurse
NU_17 Fri Late Nurse
NU_18 Mon Night Caretaker
NU_18 Tue Night Caretaker
NU_18 Wed Night Nurse
NU_18 Thu Night Caretaker
NU_18 Fri Night Caretaker
NU_19 Mon Early Caretaker
NU_19 Tue Early Nurse
NU_19 Fri Late Caretaker
NU_19 Sat Late Nurse
NU_19 Sun Late Nurse
CT_20 Wed Early Caretaker
CT_20 Thu Early Caretaker
CT_20 Fri Early Caretaker
CT_20 Sat Early Caretaker
CT_21 Thu Night Caretaker
CT_21 Fri Night Caretaker
CT_21 Sat Night Caretaker
CT_21 Sun Night Caretaker
CT_22 Tue Night Caretaker
CT_22 Wed Night Caretaker
CT_22 Thu Night Caretaker
CT_22 Fri Night Caretaker
CT_23 Mon Late Caretaker
CT_23 Tue Late Caretaker
CT_23 Wed Late Caretaker
CT_23 Thu Late Caretaker
CT_24 Mon Early Caretaker
CT_24 Tue Early Caretaker
CT_25 Wed Early Caretaker
CT_25 Thu Early Caretaker
CT_25 Fri Early Caretaker
CT_26 Mon Night Caretaker
CT_26 Tue Night Caretaker
CT_26 Fri Late Caretaker
CT_26 Sat Late Caretaker
CT_26 Sun Late Caretaker
CT_27 Mon Early Caretaker
CT_27 Tue Early Caretaker
CT_27 Wed Day Caretaker
CT_27 Thu Day Caretaker
CT_27 Fri Day Caretaker
CT_28 Mon Night Caretaker
CT_28 Tue Night Caretaker
CT_28 Wed Night Caretaker
CT_28 Thu Night Caretaker
CT_28 Fri Night Caretaker
CT_29 Fri Early Caretaker
CT_29 Sat Early Caretaker
CT_29 Sun Night Caretaker
CT_30 Sat Night Caretaker
CT_30 Sun Night Caretaker
CT_32 Sat Day Caretaker
CT_32 Sun Day Caretaker
CT_33 Tue Late Caretaker
CT_33 Wed Late Caretaker
CT_33 Thu Late Caretaker
CT_33 Fri Late Caretaker
CT_34 Mon Day Caretaker
CT_34 Tue Day Caretaker
CT_34 Wed Early Caretaker
CT_34 Thu Early Caretaker
CT_35 Sat Early Caretaker
CT_35 Sun Early Caretaker
CT_36 Tue Early Caretaker
CT_36 Wed Early Caretaker
CT_36 Thu Day Caretaker
CT_36 Fri Day Caretaker
CT_37 Mon Day Caretaker
CT_37 Thu Late Caretaker
CT_37 Fri Late Caretaker
CT_37 Sat Late Caretaker
CT_37 Sun Late Caretaker
CT_38 Mon Early Caretaker
CT_38 Tue Early Caretaker
CT_38 Wed Day Caretaker
CT_38 Thu Day Caretaker
CT_38 Fri Day Caretaker
CT_39 Mon Night Caretaker
CT_39 Tue Night Caretaker
CT_39 Fri Day Caretaker
CT_39 Sat Day Caretaker
CT_39 Sun Day Caretaker
CT_40 Mon Late Caretaker
CT_40 Tue Late Caretaker
CT_40 Wed Late Caretaker
CT_40 Sat Early Caretaker
CT_40 Sun Early Caretaker
CT_42 Mon Late Caretaker
CT_42 Tue Late Caretaker
CT_42 Fri Late Caretaker
CT_42 Sat Late Caretaker
CT_42 Sun Late Caretaker
CT_43 Wed Early Caretaker
CT_43 Thu Early Caretaker
CT_43 Fri Early Caretaker
CT_44 Mon Early Caretaker
CT_44 Tue Early Caretaker
CT_44 Wed Day Caretaker
CT_44 Thu Day Caretaker
CT_44 Fri Day Caretaker
CT_46 Mon Late Caretaker
CT_46 Tue Late Caretaker
CT_46 Wed Late Caretaker
CT_46 Thu Late Caretaker
CT_46 Fri Late Caretaker
CT_47 Mon Day Caretaker
CT_47 Tue Day Caretaker
CT_47 Wed Day Caretaker
CT_47 Sat Day Caretaker
CT_47 Sun Day Caretaker
CT_48 Mon Day Caretaker
CT_48 Tue Day Caretaker
CT_48 Wed Early Caretaker
CT_48 Thu Early Caretaker
CT_48 Fri Early Caretaker
CT_49 Wed Day Caretaker
CT_49 Thu Day Caretaker
CT_49 Fri Night Caretaker
CT_49 Sat Night Caretaker
CT_49 Sun Night Caretaker
CT_51 Mon Night Caretaker
CT_51 Tue Night Caretaker
CT_51 Wed Night Caretaker
CT_51 Thu Night Caretaker
CT_52 Tue Night Caretaker
CT_52 Wed Night Caretaker
CT_52 Thu Night Caretaker
CT_52 Fri Night Caretaker
CT_53 Tue Late Caretaker
CT_53 Wed Late Caretaker
CT_53 Thu Late Caretaker
CT_54 Mon Day Caretaker
CT_54 Tue Day Caretaker
CT_54 Wed Day Caretaker
CT_55 Mon Late Caretaker
CT_55 Tue Late Caretaker
CT_56 Mon Night Caretaker
CT_56 Tue Night Caretaker
CT_56 Wed Night Caretaker
CT_56 Thu Night Caretaker
CT_56 Fri Night Caretaker
CT_57 Mon Early Caretaker
CT_57 Tue Early Caretaker
CT_57 Wed Late Caretaker
CT_57 Thu Late Caretaker
CT_57 Fri Late Caretaker
CT_58 Mon Early Caretaker
CT_58 Tue Early Caretaker
CT_59 Mon Day Caretaker
CT_59 Tue Day Caretaker
CT_59 Wed Early Caretaker
CT_59 Thu Early Caretaker
CT_59 Fri Early Caretaker
TR_61 Mon Day Trainee
TR_61 Tue Day Trainee
TR_61 Wed Day Trainee
TR_62 Thu Day Trainee
TR_62 Fri Day Trainee
TR_62 Sat Day Trainee
TR_62 Sun Night Trainee
TR_63 Tue Day Trainee
TR_63 Wed Day Trainee
TR_63 Thu Day Trainee
TR_64 Wed Late Trainee
TR_64 Thu Late Trainee
TR_64 Fri Late Trainee
TR_65 Mon Late Trainee
TR_66 Mon Early Trainee
TR_66 Tue Early Trainee
TR_66 Wed Early Trainee
TR_67 Mon Night Trainee
TR_67 Tue Night Trainee
TR_67 Wed Night Trainee
TR_67 Thu Night Trainee
TR_67 Fri Night Trainee
TR_68 Wed Early Trainee
TR_68 Thu Day Trainee
TR_68 Fri Day Trainee
TR_69 Mon Late Trainee
TR_69 Tue Late Trainee
TR_69 Wed Late Trainee
TR_70 Mon Late Trainee
TR_70 Fri Early Trainee
TR_70 Sat Early Trainee
TR_70 Sun Early Trainee
TR_71 Wed Early Trainee
TR_71 Thu Early Trainee
TR_71 Fri Early Trainee
TR_72 Mon Day Trainee
TR_72 Tue Day Trainee
TR_72 Wed Day Trainee
TR_73 Tue Night Trainee
TR_73 Wed Night Trainee
TR_73 Thu Night Trainee
TR_73 Fri Night Trainee
TR_74 Sat Day Trainee
TR_74 Sun Day Trainee
TR_75 Mon Early Trainee
TR_76 Mon Night Trainee
TR_76 Tue Night Trainee
TR_76 Wed Night Trainee
TR_76 Thu Night Trainee
TR_76 Fri Night Trainee
TR_77 Wed Late Trainee
TR_77 Thu Late Trainee
TR_77 Fri Late Trainee
TR_78 Mon Early Trainee
TR_78 Fri Early Trainee
TR_78 Sat Early Trainee
TR_78 Sun Night Trainee
TR_79 Wed Late Trainee
TR_79 Thu Late Trainee
TR_79 Fri Late Trainee
