SOLUTION
0 n080w8

ASSIGNMENTS = 273
HN_0 Tue Early HeadNurse
HN_0 Wed Early HeadNurse
HN_0 Thu Day HeadNurse
HN_0 Fri Day HeadNurse
HN_1 Mon Day HeadNurse
HN_1 Wed Early Nurse
HN_1 Thu Early Nurse
HN_1 Fri Early HeadNurse
HN_2 Mon Night HeadNurse
HN_3 Fri Late HeadNurse
HN_3 Sat Late HeadNurse
HN_3 Sun Late Nurse
HN_4 Mon Early HeadNurse
HN_4 Tue Early Nurse
HN_4 Wed Late HeadNurse
HN_4 Thu Late Nurse
HN_4 Fri Late Nurse
HN_5 Tue Night HeadNurse
HN_5 Wed Night Nurse
HN_5 Thu Night HeadNurse
HN_5 Fri Night HeadNurse
HN_6 Mon Early Nurse
HN_6 Thu Night Nurse
HN_6 Fri Night Nurse
HN_6 Sat Night HeadNurse
HN_6 Sun Night HeadNurse
HN_7 Mon Late Nurse
HN_7 Tue Late HeadNurse
HN_7 Sat Day HeadNurse
HN_7 Sun Day HeadNurse
HN_8 Mon Day Nurse
HN_8 Tue Day HeadNurse
HN_8 Wed Day HeadNurse
NU_10 Wed Day Nurse
NU_10 Thu Day Nurse
NU_10 Fri Day Nurse
NU_11 Mon Night Nurse
NU_11 Tue Night Nurse
NU_11 Wed Night Caretaker
NU_11 Thu Night Nurse
NU_12 Fri Early Nurse
NU_12 Sat Early Nurse
NU_12 Sun Early Nurse
NU_13 Sat Night Nurse
NU_13 Sun Night Nurse
NU_14 Mon Early Nurse
NU_14 Tue Early Nurse
NU_14 Wed Early Nurse
NU_15 Mon Day Nurse
NU_15 Tue Day Nurse
NU_15 Wed Day Nurse
NU_15 Thu Day Caretaker
NU_16 Fri Late Nurse
NU_16 Sat Late Nurse
NU_16 Sun Late Caretaker
NU_17 Mon Late Caretaker
NU_17 Tue Late Nurse
NU_17 Wed Late Nurse
NU_17 Sat Day Nurse
NU_17 Sun Day Nurse
NU_18 Mon Night Nurse
NU_18 Thu Night Caretaker
NU_18 Fri Night Nurse
NU_18 Sat Night Nurse
NU_18 Sun Night Caretaker
NU_19 Wed Late Nurse
NU_19 Thu Late Caretaker
NU_19 Fri Late Caretaker
CT_20 Tue Night Caretaker
CT_20 Wed Night Caretaker
CT_20 Thu Night Caretaker
CT_20 Fri Night Caretaker
CT_21 Tue Early Caretaker
CT_21 Wed Early Caretaker
CT_21 Thu Early Caretaker
CT_21 Fri Early Caretaker
CT_22 Thu Night Caretaker
CT_22 Fri Night Caretaker
CT_22 Sat Night Caretaker
CT_22 Sun Night Caretaker
CT_23 Mon Early Caretaker
CT_23 Tue Early Caretaker
CT_24 Mon Late Caretaker
CT_24 Tue Late Caretaker
CT_24 Wed Late Caretaker
CT_25 Fri Early Caretaker
CT_25 Sat Early Caretaker
CT_25 Sun Early Caretaker
CT_26 Mon Early Caretaker
CT_26 Tue Early Caretaker
CT_26 Wed Day Caretaker
CT_26 Thu Day Caretaker
CT_26 Fri Day Caretaker
CT_27 Wed Night Caretaker
CT_27 Thu Night Caretaker
CT_27 Fri Night Caretaker
CT_27 Sat Night Caretaker
CT_27 Sun Night Caretaker
CT_28 Mon Late Caretaker
CT_29 Tue Day Caretaker
CT_29 Wed Day Caretaker
CT_29 Thu Day Caretaker
CT_29 Fri Day Caretaker
CT_30 Mon Day Caretaker
CT_30 Tue Day Caretaker
CT_30 Wed Day Caretaker
CT_31 Mon Night Caretaker
CT_31 Tue Night Caretaker
CT_32 Mon Early Caretaker
CT_32 Tue Early Caretaker
CT_32 Wed Early Caretaker
CT_33 Tue Early Caretaker
CT_33 Wed Early Caretaker
CT_33 Thu Early Caretaker
CT_34 Tue Night Caretaker
CT_34 Wed Night Caretaker
CT_34 Thu Night Caretaker
CT_34 Fri Night Caretaker
CT_35 Tue Early Caretaker
CT_35 Wed Early Caretaker
CT_35 Thu Early Caretaker
CT_36 Wed Night Caretaker
CT_36 Thu Night Caretaker
CT_36 Fri Night Caretaker
CT_36 Sat Night Caretaker
CT_36 Sun Night Caretaker
CT_37 Mon Late Caretaker
CT_37 Tue Late Caretaker
CT_37 Wed Late Caretaker
CT_37 Thu Late Caretaker
CT_37 Fri Late Caretaker
CT_38 Mon Day Caretaker
CT_38 Tue Day Caretaker
CT_38 Fri Late Caretaker
CT_38 Sat Late Caretaker
CT_38 Sun Late Caretaker
CT_39 Mon Late Caretaker
CT_39 Thu Early Caretaker
CT_39 Fri Early Caretaker
CT_39 Sat Day Caretaker
CT_39 Sun Day Caretaker
CT_40 Mon Night Caretaker
CT_40 Tue Night Caretaker
CT_40 Wed Night Caretaker
CT_40 Thu Night Caretaker
CT_40 Fri Night Caretaker
CT_41 Wed Day Caretaker
CT_41 Thu Day Caretaker
CT_41 Fri Day Caretaker
CT_42 Mon Late Caretaker
CT_42 Tue Late Caretaker
CT_42 Fri Early Caretaker
CT_42 Sat Early Caretaker
CT_42 Sun Early Caretaker
CT_43 Wed Early Caretaker
CT_43 Thu Early Caretaker
CT_43 Fri Early Caretaker
CT_44 Mon Night Caretaker
CT_44 Thu Late Caretaker
CT_44 Fri Late Caretaker
CT_44 Sat Late Caretaker
CT_44 Sun Late Caretaker
CT_45 Mon Late Caretaker
CT_45 Tue Late Caretaker
CT_45 Wed Late Caretaker
CT_46 Mon Day Caretaker
CT_46 Tue Day Caretaker
CT_46 Wed Late Caretaker
CT_46 Thu Late Caretaker
CT_46 Fri Late Caretaker
CT_47 Mon Day Caretaker
CT_47 Tue Day Caretaker
CT_47 Wed Late Caretaker
CT_47 Thu Late Caretaker
CT_47 Fri Late Caretaker
CT_48 Mon Day Caretaker
CT_48 Tue Day Caretaker
CT_48 Wed Day Caretaker
CT_48 Sat Day Caretaker
CT_48 Sun Day Caretaker
CT_49 Mon Early Caretaker
CT_49 Tue Early Caretaker
CT_49 Wed Day Caretaker
CT_49 Thu Day Caretaker
CT_49 Fri Day Caretaker
CT_50 Fri Early Caretaker
CT_50 Sat Early Caretaker
CT_50 Sun Early Caretaker
CT_51 Mon Night Caretaker
CT_51 Tue Night Caretaker
CT_52 Sat Late Caretaker
CT_52 Sun Late Caretaker
CT_53 Mon Early Caretaker
CT_53 Tue Early Caretaker
CT_53 Wed Early Caretaker
CT_54 Mon Late Caretaker
CT_54 Tue Late Caretaker
CT_54 Wed Late Caretaker
CT_55 Fri Day Caretaker
CT_55 Sat Day Caretaker
CT_55 Sun Day Caretaker
CT_56 Wed Day Caretaker
CT_56 Thu Day Caretaker
CT_56 Fri Day Caretaker
CT_57 Wed Day Caretaker
CT_57 Thu Day Caretaker
CT_57 Fri Day Caretaker
CT_58 Wed Early Caretaker
CT_58 Thu Early Caretaker
CT_58 Fri Early Caretaker
CT_59 Mon Early Caretaker
TR_60 Mon Day Trainee
TR_60 Tue Day Trainee
TR_60 Wed Day Trainee
TR_61 Thu Day Trainee
TR_61 Fri Day Trainee
TR_61 Sat Day Trainee
TR_61 Sun Day Trainee
TR_62 Wed Early Trainee
TR_62 Thu Early Trainee
TR_62 Fri Early Trainee
TR_63 Tue Day Trainee
TR_63 Wed Day Trainee
TR_63 Thu Day Trainee
TR_64 Mon Early Trainee
TR_64 Tue Early Trainee
TR_65 Wed Day Trainee
TR_65 Thu Day Trainee
TR_65 Fri Day Trainee
TR_66 Tue Early Trainee
TR_66 Wed Early Trainee
TR_66 Thu Early Trainee
TR_67 Mon Night Trainee
TR_67 Tue Night Trainee
TR_68 Sat Late Trainee
TR_68 Sun Late Trainee
TR_69 Wed Night Trainee
TR_69 Thu Night Trainee
TR_69 Fri Night Trainee
TR_69 Sat Night Trainee
TR_69 Sun Night Trainee
TR_70 Wed Night Trainee
TR_70 Thu Night Trainee
TR_70 Fri Night Trainee
TR_71 Tue Day Trainee
TR_71 Wed Day Trainee
TR_71 Thu Day Trainee
TR_72 Tue Late Trainee
TR_72 Wed Late Trainee
TR_72 Thu Late Trainee
TR_73 Tue Night Trainee
TR_73 Wed Night Trainee
TR_73 Thu Night Trainee
TR_73 Fri Night Trainee
TR_75 Thu Late Trainee
TR_75 Fri Late Trainee
TR_75 Sat Late Trainee
TR_75 Sun Late Trainee
TR_76 Mon Night Trainee
TR_76 Tue Night Trainee
TR_76 Fri Night Trainee
TR_76 Sat Night Trainee
TR_76 Sun Night Trainee
TR_77 Mon Late Trainee
TR_77 Tue Late Trainee
TR_77 Wed Late Trainee
TR_77 Thu Late Trainee
TR_77 Fri Late Trainee
TR_78 Sat Day Trainee
TR_78 Sun Day Trainee
TR_79 Fri Early Trainee
TR_79 Sat Early Trainee
TR_79 Sun Early Trainee
