SOLUTION
5 n070w8

ASSIGNMENTS = 255
HN_0 Mon Early Nurse
HN_0 Tue Early HeadNurse
HN_0 Wed Early HeadNurse
HN_1 Mon Night HeadNurse
HN_1 Tue Night HeadNurse
HN_1 Wed Night HeadNurse
HN_1 Thu Night HeadNurse
HN_1 Fri Night Nurse
HN_2 Fri Day HeadNurse
HN_2 Sat Day HeadNurse
HN_2 Sun Day HeadNurse
HN_3 Tue Late HeadNurse
HN_3 Wed Late Nurse
HN_3 Thu Late Nurse
HN_3 Fri Late HeadNurse
HN_4 Mon Day Nurse
HN_4 Tue Day Nurse
HN_5 Thu Early HeadNurse
HN_5 Fri Early HeadNurse
HN_5 Sat Early HeadNurse
HN_5 Sun Day Nurse
HN_6 Sat Night HeadNurse
HN_6 Sun Night HeadNurse
HN_7 Wed Day Nurse
HN_7 Thu Day Nurse
HN_7 Fri Late Nurse
HN_7 Sat Late HeadNurse
HN_7 Sun Late HeadNurse
NU_8 Mon Late Nurse
NU_8 Tue Late Nurse
NU_8 Fri Night Nurse
NU_8 Sat Night Nurse
NU_8 Sun Night Nurse
NU_9 Mon Late Nurse
NU_9 Tue Late Nurse
NU_9 Wed Late Nurse
NU_9 Thu Late Nurse
NU_10 Mon Day Nurse
NU_10 Tue Day Nurse
NU_10 Wed Day Nurse
NU_11 Thu Early Nurse
NU_11 Fri Early Nurse
NU_11 Sat Late Nurse
NU_11 Sun Late Nurse
NU_12 Mon Early Nurse
NU_13 Mon Early Nurse
NU_13 Tue Early Nurse
NU_14 Wed Late Nurse
NU_14 Thu Late Caretaker
NU_14 Fri Late Nurse
NU_15 Mon Late Nurse
NU_15 Thu Late Caretaker
NU_15 Fri Late Nurse
NU_15 Sat Late Nurse
NU_15 Sun Late Caretaker
NU_16 Mon Day Nurse
NU_16 Tue Day Caretaker
NU_16 Wed Day Nurse
NU_17 Mon Late Nurse
NU_17 Tue Late Nurse
NU_18 Mon Day Caretaker
NU_18 Tue Day Caretaker
NU_18 Wed Late Caretaker
NU_18 Thu Late Caretaker
NU_18 Fri Late Nurse
NU_19 Mon Night Nurse
NU_19 Tue Night Nurse
NU_19 Wed Night Nurse
NU_19 Thu Night Nurse
NU_19 Fri Night Nurse
NU_20 Fri Night Caretaker
NU_20 Sat Night Nurse
NU_20 Sun Night Nurse
NU_21 Sat Day Nurse
NU_21 Sun Day Caretaker
NU_22 Tue Early Nurse
NU_22 Wed Early Nurse
NU_22 Thu Early Nurse
NU_22 Fri Early Nurse
NU_23 Mon Late Caretaker
NU_23 Tue Late Caretaker
NU_23 Wed Late Caretaker
NU_23 Thu Late Caretaker
NU_23 Fri Late Caretaker
NU_24 Tue Night Nurse
NU_24 Wed Night Nurse
NU_24 Thu Night Nurse
NU_24 Fri Night Caretaker
NU_25 Mon Day Caretaker
NU_25 Tue Day Caretaker
NU_25 Wed Day Caretaker
NU_25 Thu Early Nurse
NU_25 Fri Early Caretaker
NU_26 Fri Night Caretaker
NU_26 Sat Night Caretaker
NU_26 Sun Night Caretaker
NU_27 Mon Late Caretaker
NU_27 Tue Late Caretaker
NU_28 Fri Late Caretaker
NU_28 Sat Late Caretaker
NU_28 Sun Late Caretaker
NU_29 Wed Day Caretaker
NU_29 Thu Day Nurse
NU_29 Fri Day Nurse
NU_30 Mon Day Caretaker
NU_30 Tue Day Caretaker
NU_30 Wed Early Nurse
NU_30 Thu Early Caretaker
NU_31 Wed Day Caretaker
NU_31 Thu Day Nurse
NU_31 Fri Day Nurse
NU_32 Mon Early Caretaker
NU_32 Tue Early Nurse
NU_32 Wed Early Caretaker
NU_32 Thu Early Caretaker
NU_32 Fri Early Caretaker
NU_33 Sat Early Nurse
NU_33 Sun Early Nurse
NU_34 Tue Night Nurse
NU_34 Wed Night Nurse
NU_34 Thu Night Caretaker
NU_34 Fri Night Caretaker
NU_35 Tue Early Caretaker
NU_35 Wed Early Caretaker
NU_35 Thu Day Caretaker
NU_35 Fri Day Caretaker
NU_36 Fri Day Caretaker
NU_36 Sat Day Caretaker
NU_36 Sun Day Caretaker
NU_37 Mon Night Nurse
NU_37 Tue Night Caretaker
NU_37 Wed Night Nurse
NU_37 Sat Early Caretaker
NU_37 Sun Early Caretaker
NU_38 Wed Day Caretaker
NU_38 Thu Day Caretaker
NU_38 Fri Day Caretaker
NU_39 Mon Late Caretaker
NU_39 Tue Late Caretaker
NU_39 Wed Late Caretaker
NU_39 Thu Late Caretaker
NU_39 Fri Late Caretaker
CT_40 Mon Late Caretaker
CT_40 Tue Late Caretaker
CT_40 Wed Late Caretaker
CT_40 Thu Late Caretaker
CT_40 Fri Late Caretaker
CT_41 Thu Early Caretaker
CT_41 Fri Early Caretaker
CT_41 Sat Early Caretaker
CT_41 Sun Early Caretaker
CT_42 Mon Early Caretaker
CT_42 Tue Early Caretaker
CT_43 Mon Early Caretaker
CT_43 Tue Early Caretaker
CT_43 Wed Day Caretaker
CT_43 Thu Day Caretaker
CT_43 Fri Day Caretaker
CT_44 Mon Early Caretaker
CT_44 Tue Early Caretaker
CT_44 Wed Day Caretaker
CT_44 Thu Day Caretaker
CT_44 Fri Day Caretaker
CT_45 Mon Late Caretaker
CT_45 Tue Late Caretaker
CT_45 Wed Late Caretaker
CT_46 Mon Day Caretaker
CT_46 Tue Day Caretaker
CT_46 Wed Early Caretaker
CT_46 Thu Early Caretaker
CT_46 Fri Early Caretaker
CT_47 Mon Night Caretaker
CT_47 Tue Night Caretaker
CT_47 Wed Night Caretaker
CT_47 Thu Night Caretaker
CT_48 Mon Late Caretaker
CT_48 Tue Late Caretaker
CT_49 Fri Day Caretaker
CT_49 Sat Day Caretaker
CT_49 Sun Early Caretaker
CT_50 Mon Night Caretaker
CT_50 Tue Night Caretaker
CT_50 Wed Night Caretaker
CT_50 Thu Night Caretaker
CT_51 Mon Early Caretaker
CT_51 Tue Early Caretaker
CT_51 Wed Early Caretaker
CT_51 Thu Day Caretaker
CT_51 Fri Day Caretaker
CT_52 Wed Late Caretaker
CT_52 Thu Late Caretaker
CT_52 Fri Late Caretaker
CT_53 Mon Night Caretaker
CT_53 Tue Night Caretaker
CT_53 Wed Night Caretaker
CT_53 Thu Night Caretaker
CT_54 Mon Night Caretaker
CT_54 Tue Night Caretaker
CT_54 Fri Night Caretaker
CT_54 Sat Night Caretaker
CT_54 Sun Night Caretaker
CT_55 Wed Early Caretaker
CT_55 Thu Early Caretaker
CT_55 Fri Early Caretaker
CT_56 Mon Night Caretaker
CT_56 Tue Night Caretaker
CT_56 Wed Night Caretaker
CT_56 Sat Night Caretaker
CT_56 Sun Night Caretaker
CT_57 Sat Late Caretaker
CT_57 Sun Late Caretaker
CT_58 Tue Night Caretaker
CT_58 Wed Night Caretaker
CT_58 Thu Night Caretaker
CT_58 Fri Night Caretaker
CT_59 Mon Early Caretaker
CT_59 Fri Late Caretaker
CT_59 Sat Late Caretaker
CT_59 Sun Late Caretaker
TR_60 Mon Night Trainee
TR_61 Mon Day Trainee
TR_61 Sat Day Trainee
TR_61 Sun Day Trainee
TR_62 Wed Late Trainee
TR_62 Thu Late Trainee
TR_62 Fri Late Trainee
TR_63 Mon Night Trainee
TR_63 Tue Night Trainee
TR_63 Wed Night Trainee
TR_63 Thu Night Trainee
TR_63 Fri Night Trainee
TR_64 Mon Early Trainee
TR_64 Tue Early Trainee
TR_64 Fri Early Trainee
TR_64 Sat Early Trainee
TR_64 Sun Early Trainee
TR_65 Tue Late Trainee
TR_65 Wed Late Trainee
TR_65 Thu Late Trainee
TR_66 Mon Day Trainee
TR_66 Tue Day Trainee
TR_66 Wed Day Trainee
TR_66 Sat Night Trainee
TR_66 Sun Night Trainee
TR_67 Thu Day Trainee
TR_67 Fri Day Trainee
TR_67 Sat Late Trainee
TR_67 Sun Late Trainee
TR_68 Tue Early Trainee
TR_68 Wed Early Trainee
TR_68 Thu Day Trainee
TR_68 Fri Day Trainee
TR_69 Mon Late Trainee
TR_69 Tue Late Trainee
TR_69 Wed Late Trainee
