SOLUTION
3 n070w8

ASSIGNMENTS = 248
HN_0 Sat Early HeadNurse
HN_0 Sun Early HeadNurse
HN_1 Mon Night Nurse
HN_1 Thu Night HeadNurse
HN_1 Fri Night HeadNurse
HN_1 Sat Night HeadNurse
HN_1 Sun Night HeadNurse
HN_2 Mon Day HeadNurse
HN_3 Mon Day Nurse
HN_3 Tue Day HeadNurse
HN_3 Wed Day HeadNurse
HN_4 Mon Early HeadNurse
HN_4 Tue Early Nurse
HN_4 Wed Early HeadNurse
HN_4 Thu Early Nurse
HN_5 Mon Late Nurse
HN_6 Wed Day Nurse
HN_6 Thu Day Nurse
HN_6 Fri Day Nurse
HN_7 Mon Early Nurse
HN_7 Tue Early Nurse
HN_7 Wed Early Nurse
HN_7 Sat Late Nurse
HN_7 Sun Late HeadNurse
NU_8 Mon Day Nurse
NU_8 Tue Day Nurse
NU_8 Wed Day Nurse
NU_8 Thu Day Nurse
NU_8 Fri Day Nurse
NU_9 Mon Late Nurse
NU_9 Tue Late Nurse
NU_9 Wed Late Nurse
NU_10 Sat Day Nurse
NU_10 Sun Day Nurse
NU_11 Wed Late Nurse
NU_11 Thu Late Nurse
NU_11 Fri Late Nurse
NU_12 Mon Early Nurse
NU_12 Tue Early Nurse
NU_12 Wed Early Nurse
NU_12 Thu Early Nurse
NU_13 Mon Late Nurse
NU_13 Tue Late Nurse
NU_13 Wed Late Nurse
NU_13 Thu Late Nurse
NU_14 Mon Day Nurse
NU_14 Tue Day Nurse
NU_15 Tue Late Caretaker
NU_15 Wed Late Nurse
NU_15 Thu Late Caretaker
NU_15 Fri Late Nurse
NU_16 Mon Day Caretaker
NU_16 Tue Day Nurse
NU_16 Sat Late Nurse
NU_16 Sun Late Nurse
NU_17 Tue Early Caretaker
NU_17 Wed Early Nurse
NU_17 Thu Early Nurse
NU_17 Fri Early Nurse
NU_18 Mon Day Caretaker
NU_18 Tue Day Caretaker
NU_18 Wed Late Caretaker
NU_18 Thu Late Caretaker
NU_18 Fri Late Nurse
NU_19 Mon Night Nurse
NU_19 Tue Night Nurse
NU_19 Wed Night Nurse
NU_19 Thu Night Nurse
NU_19 Fri Night Nurse
NU_20 Mon Early Caretaker
NU_21 Wed Day Nurse
NU_21 Thu Day Nurse
NU_21 Fri Day Nurse
NU_22 Fri Late Caretaker
NU_22 Sat Late Caretaker
NU_22 Sun Night Nurse
NU_23 Fri Night Nurse
NU_23 Sat Night Nurse
NU_23 Sun Night Caretaker
NU_24 Thu Early Caretaker
NU_24 Fri Early Nurse
NU_24 Sat Late Caretaker
NU_24 Sun Late Caretaker
NU_25 Mon Day Caretaker
NU_25 Tue Day Caretaker
NU_25 Wed Early Caretaker
NU_25 Thu Early Caretaker
NU_25 Fri Early Nurse
NU_26 Mon Late Caretaker
NU_27 Mon Late Caretaker
NU_27 Tue Late Caretaker
NU_27 Wed Late Caretaker
NU_27 Thu Late Caretaker
NU_27 Fri Late Caretaker
NU_28 Mon Day Caretaker
NU_28 Tue Day Caretaker
NU_29 Mon Early Caretaker
NU_29 Tue Early Caretaker
NU_29 Wed Early Caretaker
NU_30 Fri Early Caretaker
NU_30 Sat Early Nurse
NU_30 Sun Early Nurse
NU_31 Wed Late Caretaker
NU_31 Thu Late Caretaker
NU_31 Fri Late Caretaker
NU_32 Wed Early Caretaker
NU_32 Thu Early Caretaker
NU_32 Fri Day Caretaker
NU_32 Sat Day Caretaker
NU_32 Sun Day Caretaker
NU_33 Wed Early Caretaker
NU_33 Thu Early Caretaker
NU_33 Fri Early Caretaker
NU_34 Mon Late Caretaker
NU_34 Tue Late Caretaker
NU_35 Tue Night Nurse
NU_35 Wed Night Nurse
NU_35 Thu Night Nurse
NU_35 Fri Night Nurse
NU_36 Tue Day Caretaker
NU_36 Wed Day Caretaker
NU_36 Thu Early Caretaker
NU_36 Fri Early Caretaker
NU_37 Mon Night Nurse
NU_37 Tue Night Nurse
NU_37 Wed Night Caretaker
NU_37 Thu Night Caretaker
NU_37 Fri Night Nurse
NU_38 Mon Early Caretaker
NU_38 Tue Early Caretaker
NU_38 Wed Early Caretaker
NU_39 Wed Day Caretaker
NU_39 Thu Day Caretaker
NU_39 Fri Day Caretaker
CT_40 Mon Night Caretaker
CT_40 Tue Night Caretaker
CT_40 Wed Night Caretaker
CT_40 Thu Night Caretaker
CT_40 Fri Night Caretaker
CT_41 Wed Day Caretaker
CT_41 Thu Day Caretaker
CT_41 Fri Day Caretaker
CT_42 Mon Night Caretaker
CT_42 Tue Night Caretaker
CT_42 Wed Night Caretaker
CT_42 Thu Night Caretaker
CT_43 Mon Early Caretaker
CT_43 Tue Early Caretaker
CT_43 Wed Early Caretaker
CT_43 Thu Day Caretaker
CT_43 Fri Day Caretaker
CT_44 Mon Night Caretaker
CT_44 Tue Night Caretaker
CT_44 Wed Night Caretaker
CT_44 Thu Night Caretaker
CT_44 Fri Night Caretaker
CT_45 Mon Day Caretaker
CT_45 Tue Day Caretaker
CT_45 Wed Day Caretaker
CT_45 Sat Early Caretaker
CT_45 Sun Early Caretaker
CT_46 Wed Day Caretaker
CT_46 Thu Day Caretaker
CT_46 Fri Day Caretaker
CT_46 Sat Early Caretaker
CT_46 Sun Early Caretaker
CT_47 Fri Night Caretaker
CT_47 Sat Night Caretaker
CT_47 Sun Night Caretaker
CT_48 Mon Day Caretaker
CT_48 Tue Day Caretaker
CT_48 Wed Late Caretaker
CT_48 Thu Late Caretaker
CT_48 Fri Late Caretaker
CT_49 Mon Late Caretaker
CT_49 Tue Late Caretaker
CT_50 Fri Day Caretaker
CT_50 Sat Day Caretaker
CT_50 Sun Day Caretaker
CT_51 Sat Late Caretaker
CT_51 Sun Late Caretaker
CT_52 Mon Early Caretaker
CT_52 Tue Early Caretaker
CT_53 Thu Early Caretaker
CT_53 Fri Early Caretaker
CT_53 Sat Early Caretaker
CT_53 Sun Early Caretaker
CT_54 Mon Late Caretaker
CT_54 Tue Late Caretaker
CT_54 Wed Late Caretaker
CT_54 Thu Late Caretaker
CT_54 Fri Late Caretaker
CT_55 Mon Night Caretaker
CT_55 Tue Night Caretaker
CT_56 Mon Night Caretaker
CT_56 Tue Night Caretaker
CT_56 Wed Night Caretaker
CT_56 Thu Night Caretaker
CT_56 Fri Night Caretaker
CT_57 Wed Day Caretaker
CT_57 Thu Day Caretaker
CT_57 Fri Day Caretaker
CT_58 Fri Late Caretaker
CT_58 Sat Late Caretaker
CT_58 Sun Late Caretaker
CT_59 Thu Night Caretaker
CT_59 Fri Night Caretaker
CT_59 Sat Night Caretaker
CT_59 Sun Night Caretaker
TR_60 Tue Day Trainee
TR_60 Wed Day Trainee
TR_60 Thu Day Trainee
TR_60 Fri Day Trainee
TR_61 Wed Early Trainee
TR_61 Thu Early Trainee
TR_61 Fri Early Trainee
TR_62 Wed Day Trainee
TR_62 Thu Day Trainee
TR_62 Fri Late Trainee
TR_62 Sat Late Trainee
TR_62 Sun Late Trainee
TR_63 Mon Early Trainee
TR_63 Tue Early Trainee
TR_63 Wed Late Trainee
TR_63 Thu Late Trainee
TR_63 Fri Late Trainee
TR_64 Mon Early Trainee
TR_64 Tue Early Trainee
TR_64 Wed Early Trainee
TR_64 Thu Early Trainee
TR_65 Mon Early Trainee
TR_65 Tue Day Trainee
TR_65 Wed Day Trainee
TR_66 Mon Night Trainee
TR_66 Tue Night Trainee
TR_66 Wed Night Trainee
TR_66 Thu Night Trainee
TR_66 Fri Night Trainee
TR_67 Mon Late Trainee
TR_68 Thu Early Trainee
TR_68 Fri Early Trainee
TR_68 Sat Day Trainee
TR_68 Sun Day Trainee
TR_69 Mon Late Trainee
TR_69 Tue Late Trainee
TR_69 Wed Late Trainee
TR_69 Sat Night Trainee
TR_69 Sun Night Trainee
