SOLUTION
6 n070w8

ASSIGNMENTS = 255
HN_0 Tue Early Nurse
HN_0 Wed Early Nurse
HN_0 Thu Early HeadNurse
HN_0 Fri Early HeadNurse
HN_1 Mon Early HeadNurse
HN_1 Tue Early Nurse
HN_1 Wed Day HeadNurse
HN_1 Thu Day Nurse
HN_1 Fri Day Nurse
HN_2 Mon Day Nurse
HN_2 Tue Day HeadNurse
HN_3 Thu Night HeadNurse
HN_3 Fri Night Nurse
HN_3 Sat Night HeadNurse
HN_3 Sun Night Nurse
HN_4 Mon Late HeadNurse
HN_4 Tue Late HeadNurse
HN_4 Wed Late Nurse
HN_4 Thu Late Nurse
HN_4 Fri Late HeadNurse
HN_5 Mon Day Nurse
HN_5 Tue Day Nurse
HN_6 Mon Night HeadNurse
HN_6 Tue Night Nurse
HN_6 Wed Night HeadNurse
HN_7 Sat Early HeadNurse
HN_7 Sun Early Nurse
NU_8 Mon Night Nurse
NU_8 Thu Night Nurse
NU_8 Fri Night Nurse
NU_8 Sat Night Nurse
NU_8 Sun Night Caretaker
NU_9 Tue Day Nurse
NU_9 Wed Day Nurse
NU_9 Thu Day Nurse
NU_10 Mon Late Nurse
NU_10 Tue Late Nurse
NU_10 Wed Late Caretaker
NU_10 Thu Late Nurse
NU_11 Mon Late Nurse
NU_11 Sat Early Nurse
NU_11 Sun Early Nurse
NU_12 Mon Late Caretaker
NU_12 Tue Late Nurse
NU_12 Wed Late Caretaker
NU_12 Thu Late Caretaker
NU_13 Tue Night Nurse
NU_13 Wed Night Nurse
NU_13 Thu Night Nurse
NU_13 Fri Night Nurse
NU_14 Tue Day Nurse
NU_14 Wed Day Nurse
NU_14 Thu Early Nurse
NU_14 Fri Early Nurse
NU_15 Mon Late Caretaker
NU_15 Sat Late Nurse
NU_15 Sun Late Nurse
NU_16 Mon Early Nurse
NU_16 Tue Early Nurse
NU_16 Wed Early Nurse
NU_16 Thu Early Nurse
NU_17 Mon Day Caretaker
NU_17 Tue Day Nurse
NU_17 Wed Day Caretaker
NU_18 Mon Early Nurse
NU_18 Tue Early Caretaker
NU_18 Wed Early Nurse
NU_18 Thu Early Caretaker
NU_18 Fri Early Nurse
NU_19 Mon Early Nurse
NU_19 Tue Early Caretaker
NU_19 Wed Early Nurse
NU_19 Thu Day Nurse
NU_19 Fri Day Nurse
NU_20 Mon Night Nurse
NU_21 Mon Early Nurse
NU_21 Tue Early Caretaker
NU_21 Wed Early Caretaker
NU_22 Fri Day Nurse
NU_22 Sat Day Nurse
NU_22 Sun Day Nurse
NU_23 Fri Late Nurse
NU_23 Sat Late Caretaker
NU_23 Sun Late Nurse
NU_24 Fri Night Caretaker
NU_24 Sat Night Nurse
NU_24 Sun Night Caretaker
NU_25 Mon Night Caretaker
NU_25 Tue Night Nurse
NU_25 Wed Night Nurse
NU_25 Thu Night Nurse
NU_25 Fri Night Caretaker
NU_26 Mon Night Caretaker
NU_27 Tue Late Caretaker
NU_27 Wed Late Caretaker
NU_27 Thu Late Caretaker
NU_27 Fri Late Nurse
NU_28 Mon Late Caretaker
NU_29 Mon Day Caretaker
NU_29 Tue Day Caretaker
NU_29 Wed Day Caretaker
NU_29 Thu Day Nurse
NU_30 Thu Day Caretaker
NU_30 Fri Day Caretaker
NU_30 Sat Day Nurse
NU_30 Sun Day Nurse
NU_31 Thu Late Caretaker
NU_31 Fri Late Caretaker
NU_31 Sat Late Caretaker
NU_31 Sun Late Caretaker
NU_32 Mon Day Caretaker
NU_32 Tue Day Caretaker
NU_32 Wed Early Caretaker
NU_32 Thu Early Caretaker
NU_32 Fri Early Caretaker
NU_33 Mon Day Caretaker
NU_33 Tue Day Caretaker
NU_34 Tue Night Caretaker
NU_34 Wed Night Nurse
NU_34 Thu Night Caretaker
NU_34 Fri Night Caretaker
NU_35 Tue Day Caretaker
NU_35 Wed Day Caretaker
NU_35 Thu Day Caretaker
NU_36 Wed Late Caretaker
NU_36 Thu Late Caretaker
NU_36 Fri Late Caretaker
NU_37 Mon Early Caretaker
NU_37 Tue Day Caretaker
NU_37 Wed Day Caretaker
NU_37 Sat Day Caretaker
NU_37 Sun Day Caretaker
NU_38 Thu Day Caretaker
NU_38 Fri Day Caretaker
NU_38 Sat Early Nurse
NU_38 Sun Early Caretaker
NU_39 Mon Night Caretaker
NU_39 Tue Night Caretaker
NU_39 Wed Night Caretaker
NU_39 Thu Night Caretaker
NU_39 Fri Night Caretaker
CT_40 Mon Night Caretaker
CT_40 Tue Night Caretaker
CT_40 Wed Night Caretaker
CT_40 Thu Night Caretaker
CT_40 Fri Night Caretaker
CT_41 Fri Early Caretaker
CT_41 Sat Early Caretaker
CT_41 Sun Early Caretaker
CT_42 Tue Late Caretaker
CT_42 Wed Late Caretaker
CT_42 Thu Late Caretaker
CT_42 Fri Late Caretaker
CT_43 Mon Early Caretaker
CT_43 Tue Early Caretaker
CT_43 Wed Early Caretaker
CT_43 Thu Day Caretaker
CT_43 Fri Day Caretaker
CT_44 Mon Night Caretaker
CT_44 Tue Night Caretaker
CT_44 Wed Night Caretaker
CT_44 Thu Night Caretaker
CT_44 Fri Night Caretaker
CT_45 Tue Late Caretaker
CT_45 Wed Late Caretaker
CT_45 Thu Late Caretaker
CT_46 Mon Early Caretaker
CT_46 Tue Early Caretaker
CT_46 Wed Day Caretaker
CT_46 Thu Day Caretaker
CT_46 Fri Day Caretaker
CT_47 Thu Day Caretaker
CT_47 Fri Day Caretaker
CT_47 Sat Day Caretaker
CT_47 Sun Early Caretaker
CT_48 Tue Day Caretaker
CT_48 Wed Day Caretaker
CT_48 Thu Early Caretaker
CT_48 Fri Early Caretaker
CT_49 Mon Early Caretaker
CT_50 Thu Late Caretaker
CT_50 Fri Late Caretaker
CT_50 Sat Late Caretaker
CT_50 Sun Late Caretaker
CT_51 Tue Night Caretaker
CT_51 Wed Night Caretaker
CT_51 Thu Night Caretaker
CT_51 Fri Night Caretaker
CT_52 Fri Early Caretaker
CT_52 Sat Early Caretaker
CT_52 Sun Day Caretaker
CT_53 Mon Early Caretaker
CT_53 Tue Early Caretaker
CT_53 Wed Early Caretaker
CT_54 Mon Night Caretaker
CT_54 Thu Early Caretaker
CT_54 Fri Early Caretaker
CT_54 Sat Early Caretaker
CT_54 Sun Early Caretaker
CT_55 Thu Night Caretaker
CT_55 Fri Night Caretaker
CT_55 Sat Night Caretaker
CT_55 Sun Night Caretaker
CT_56 Mon Night Caretaker
CT_56 Tue Night Caretaker
CT_56 Wed Night Caretaker
CT_56 Sat Night Caretaker
CT_56 Sun Night Caretaker
CT_57 Mon Late Caretaker
CT_57 Tue Late Caretaker
CT_58 Fri Late Caretaker
CT_58 Sat Late Caretaker
CT_58 Sun Late Caretaker
CT_59 Mon Late Caretaker
CT_59 Sat Night Caretaker
CT_59 Sun Night Caretaker
TR_60 Mon Late Trainee
TR_60 Tue Late Trainee
TR_60 Wed Late Trainee
TR_60 Thu Late Trainee
TR_61 Mon Early Trainee
TR_61 Tue Early Trainee
TR_61 Wed Early Trainee
TR_62 Mon Day Trainee
TR_62 Tue Day Trainee
TR_62 Wed Late Trainee
TR_62 Thu Late Trainee
TR_62 Fri Late Trainee
TR_63 Mon Day Trainee
TR_63 Tue Day Trainee
TR_63 Wed Day Trainee
TR_63 Sat Early Trainee
TR_63 Sun Early Trainee
TR_64 Mon Early Trainee
TR_64 Thu Night Trainee
TR_64 Fri Night Trainee
TR_64 Sat Night Trainee
TR_64 Sun Night Trainee
TR_65 Wed Day Trainee
TR_65 Thu Day Trainee
TR_65 Fri Day Trainee
TR_66 Mon Night Trainee
TR_66 Tue Night Trainee
TR_66 Fri Day Trainee
TR_66 Sat Day Trainee
TR_66 Sun Day Trainee
TR_67 Mon Late Trainee
TR_68 Thu Early Trainee
TR_68 Fri Early Trainee
TR_68 Sat Late Trainee
TR_68 Sun Late Trainee
TR_69 Mon Night Trainee
TR_69 Tue Night Trainee
TR_69 Wed Night Trainee
TR_69 Thu Night Trainee
